[07/09/12 16:39:24.168] send: [2b: 31 47]
[07/09/12 16:39:24.172] 	recv: [2b: 31 47]
[07/09/12 16:39:24.180] send: [5b: 31 71 13 05 14]
[07/09/12 16:39:24.185] send: [5b: 31 71 12 05 14]
[07/09/12 16:39:24.186] 	recv: [3b: 31 71 13]
[07/09/12 16:39:24.191] 	recv: [3b: 31 71 12]
[07/09/12 16:39:24.198] send: [4b: 31 71 15 32]
[07/09/12 16:39:24.204] 	recv: [3b: 31 71 15]
[07/09/12 16:39:24.211] send: [3b: 31 72 02]
[07/09/12 16:39:24.216] send: [3b: 31 72 02]
[07/09/12 16:39:24.216] 	recv: [4b: 31 72 02 03]
[07/09/12 16:39:24.221] 	recv: [4b: 31 72 02 03]
[07/09/12 16:39:24.257] send: [3b: 31 44 00]
[07/09/12 16:39:24.262] 	recv: [2b: 31 44]
[07/09/12 16:39:24.270] send: [3b: 31 72 01]
[07/09/12 16:39:24.275] send: [3b: 31 72 02]
[07/09/12 16:39:24.275] 	recv: [4b: 31 72 01 09]
[07/09/12 16:39:24.280] 	recv: [4b: 31 72 02 03]
[07/09/12 16:39:24.287] send: [3b: 31 72 02]
[07/09/12 16:39:24.292] send: [3b: 31 72 02]
[07/09/12 16:39:24.292] 	recv: [4b: 31 72 02 03]
[07/09/12 16:39:24.297] 	recv: [4b: 31 72 02 03]
[07/09/12 16:39:24.305] send: [3b: 31 72 02]
[07/09/12 16:39:24.310] send: [3b: 31 72 02]
[07/09/12 16:39:24.310] 	recv: [4b: 31 72 02 03]
[07/09/12 16:39:24.315] 	recv: [4b: 31 72 02 03]
[07/09/12 16:39:24.322] send: [3b: 31 72 02]
[07/09/12 16:39:24.328] send: [3b: 31 72 02]
[07/09/12 16:39:24.328] 	recv: [4b: 31 72 02 03]
[07/09/12 16:39:24.333] 	recv: [4b: 31 72 02 03]
[07/09/12 16:39:24.340] send: [3b: 31 72 02]
[07/09/12 16:39:24.345] send: [3b: 31 72 02]
[07/09/12 16:39:24.345] 	recv: [4b: 31 72 02 03]
[07/09/12 16:39:24.351] 	recv: [4b: 31 72 02 03]
[07/09/12 16:39:24.358] send: [3b: 31 72 02]
[07/09/12 16:39:24.364] send: [3b: 31 72 02]
[07/09/12 16:39:24.364] 	recv: [4b: 31 72 02 03]
[07/09/12 16:39:24.368] 	recv: [4b: 31 72 02 03]
[07/09/12 16:39:24.376] send: [3b: 31 72 02]
[07/09/12 16:39:24.381] send: [3b: 31 72 02]
[07/09/12 16:39:24.381] 	recv: [4b: 31 72 02 03]
[07/09/12 16:39:24.386] 	recv: [4b: 31 72 02 03]
[07/09/12 16:39:24.394] send: [3b: 31 72 02]
[07/09/12 16:39:24.399] send: [3b: 31 72 02]
[07/09/12 16:39:24.399] 	recv: [4b: 31 72 02 03]
[07/09/12 16:39:24.404] 	recv: [4b: 31 72 02 03]
[07/09/12 16:39:24.412] send: [3b: 31 72 02]
[07/09/12 16:39:24.416] send: [3b: 31 72 02]
[07/09/12 16:39:24.417] 	recv: [4b: 31 72 02 03]
[07/09/12 16:39:24.421] 	recv: [4b: 31 72 02 03]
[07/09/12 16:39:24.429] send: [3b: 31 72 02]
[07/09/12 16:39:24.433] send: [3b: 31 72 02]
[07/09/12 16:39:24.434] 	recv: [4b: 31 72 02 03]
[07/09/12 16:39:24.438] 	recv: [4b: 31 72 02 03]
[07/09/12 16:39:24.446] send: [3b: 31 72 02]
[07/09/12 16:39:24.450] send: [3b: 31 72 02]
[07/09/12 16:39:24.451] 	recv: [4b: 31 72 02 03]
[07/09/12 16:39:24.455] 	recv: [4b: 31 72 02 03]
[07/09/12 16:39:24.463] send: [3b: 31 72 02]
[07/09/12 16:39:24.467] send: [3b: 31 72 02]
[07/09/12 16:39:24.468] 	recv: [4b: 31 72 02 03]
[07/09/12 16:39:24.472] 	recv: [4b: 31 72 02 03]
[07/09/12 16:39:24.480] send: [3b: 31 72 02]
[07/09/12 16:39:24.485] send: [3b: 31 72 02]
[07/09/12 16:39:24.485] 	recv: [4b: 31 72 02 03]
[07/09/12 16:39:24.490] 	recv: [4b: 31 72 02 03]
[07/09/12 16:39:24.498] send: [3b: 31 72 02]
[07/09/12 16:39:24.503] send: [3b: 31 72 02]
[07/09/12 16:39:24.503] 	recv: [4b: 31 72 02 03]
[07/09/12 16:39:24.508] 	recv: [4b: 31 72 02 03]
[07/09/12 16:39:24.515] send: [3b: 31 72 02]
[07/09/12 16:39:24.521] send: [3b: 31 72 02]
[07/09/12 16:39:24.521] 	recv: [4b: 31 72 02 03]
[07/09/12 16:39:24.526] 	recv: [4b: 31 72 02 03]
[07/09/12 16:39:24.533] send: [3b: 31 72 02]
[07/09/12 16:39:24.539] send: [3b: 31 72 02]
[07/09/12 16:39:24.539] 	recv: [4b: 31 72 02 03]
[07/09/12 16:39:24.544] 	recv: [4b: 31 72 02 03]
[07/09/12 16:39:24.551] send: [3b: 31 72 02]
[07/09/12 16:39:24.557] send: [3b: 31 72 02]
[07/09/12 16:39:24.557] 	recv: [4b: 31 72 02 03]
[07/09/12 16:39:24.562] 	recv: [4b: 31 72 02 03]
[07/09/12 16:39:24.569] send: [3b: 31 72 02]
[07/09/12 16:39:24.574] send: [3b: 31 72 02]
[07/09/12 16:39:24.575] 	recv: [4b: 31 72 02 03]
[07/09/12 16:39:24.579] 	recv: [4b: 31 72 02 03]
[07/09/12 16:39:24.587] send: [3b: 31 72 02]
[07/09/12 16:39:24.592] send: [3b: 31 72 02]
[07/09/12 16:39:24.592] 	recv: [4b: 31 72 02 03]
[07/09/12 16:39:24.597] 	recv: [4b: 31 72 02 03]
[07/09/12 16:39:24.604] send: [3b: 31 72 02]
[07/09/12 16:39:24.609] 	recv: [4b: 31 72 02 03]
[07/09/12 16:39:24.617] send: [3b: 31 72 02]
[07/09/12 16:39:24.622] send: [3b: 31 72 02]
[07/09/12 16:39:24.622] 	recv: [4b: 31 72 02 03]
[07/09/12 16:39:24.627] 	recv: [4b: 31 72 02 03]
[07/09/12 16:39:24.634] send: [3b: 31 72 02]
[07/09/12 16:39:24.639] send: [3b: 31 72 02]
[07/09/12 16:39:24.640] 	recv: [4b: 31 72 02 03]
[07/09/12 16:39:24.644] 	recv: [4b: 31 72 02 03]
[07/09/12 16:39:24.652] send: [3b: 31 72 02]
[07/09/12 16:39:24.657] send: [3b: 31 72 02]
[07/09/12 16:39:24.657] 	recv: [4b: 31 72 02 03]
[07/09/12 16:39:24.662] 	recv: [4b: 31 72 02 03]
[07/09/12 16:39:24.670] send: [3b: 31 72 02]
[07/09/12 16:39:24.675] send: [3b: 31 72 02]
[07/09/12 16:39:24.675] 	recv: [4b: 31 72 02 03]
[07/09/12 16:39:24.680] 	recv: [4b: 31 72 02 03]
[07/09/12 16:39:24.688] send: [3b: 31 72 02]
[07/09/12 16:39:24.693] send: [3b: 31 72 02]
[07/09/12 16:39:24.693] 	recv: [4b: 31 72 02 03]
[07/09/12 16:39:24.698] 	recv: [4b: 31 72 02 03]
[07/09/12 16:39:24.705] send: [3b: 31 72 02]
[07/09/12 16:39:24.711] send: [3b: 31 72 02]
[07/09/12 16:39:24.711] 	recv: [4b: 31 72 02 03]
[07/09/12 16:39:24.716] 	recv: [4b: 31 72 02 03]
[07/09/12 16:39:24.723] send: [3b: 31 72 02]
[07/09/12 16:39:24.729] send: [3b: 31 72 02]
[07/09/12 16:39:24.729] 	recv: [4b: 31 72 02 03]
[07/09/12 16:39:24.734] 	recv: [4b: 31 72 02 03]
[07/09/12 16:39:24.741] send: [3b: 31 72 02]
[07/09/12 16:39:24.746] send: [3b: 31 72 02]
[07/09/12 16:39:24.746] 	recv: [4b: 31 72 02 03]
[07/09/12 16:39:24.751] 	recv: [4b: 31 72 02 03]
[07/09/12 16:39:24.759] send: [3b: 31 72 02]
[07/09/12 16:39:24.764] send: [3b: 31 72 02]
[07/09/12 16:39:24.764] 	recv: [4b: 31 72 02 03]
[07/09/12 16:39:24.769] 	recv: [4b: 31 72 02 03]
[07/09/12 16:39:24.776] send: [3b: 31 72 02]
[07/09/12 16:39:24.782] send: [3b: 31 72 02]
[07/09/12 16:39:24.782] 	recv: [4b: 31 72 02 03]
[07/09/12 16:39:24.787] 	recv: [4b: 31 72 02 03]
[07/09/12 16:39:24.794] send: [3b: 31 72 02]
[07/09/12 16:39:24.799] send: [3b: 31 72 02]
[07/09/12 16:39:24.799] 	recv: [4b: 31 72 02 03]
[07/09/12 16:39:24.804] 	recv: [4b: 31 72 02 03]
[07/09/12 16:39:24.812] send: [3b: 31 72 02]
[07/09/12 16:39:24.817] send: [3b: 31 72 02]
[07/09/12 16:39:24.817] 	recv: [4b: 31 72 02 03]
[07/09/12 16:39:24.822] 	recv: [4b: 31 72 02 03]
[07/09/12 16:39:24.829] send: [3b: 31 72 02]
[07/09/12 16:39:24.835] send: [3b: 31 72 02]
[07/09/12 16:39:24.835] 	recv: [4b: 31 72 02 03]
[07/09/12 16:39:24.839] 	recv: [4b: 31 72 02 03]
[07/09/12 16:39:24.847] send: [3b: 31 72 02]
[07/09/12 16:39:24.852] send: [3b: 31 72 02]
[07/09/12 16:39:24.852] 	recv: [4b: 31 72 02 03]
[07/09/12 16:39:24.857] 	recv: [4b: 31 72 02 03]
[07/09/12 16:39:24.865] send: [3b: 31 72 02]
[07/09/12 16:39:24.870] send: [3b: 31 72 02]
[07/09/12 16:39:24.870] 	recv: [4b: 31 72 02 03]
[07/09/12 16:39:24.875] 	recv: [4b: 31 72 02 03]
[07/09/12 16:39:24.883] send: [3b: 31 72 02]
[07/09/12 16:39:24.888] send: [3b: 31 72 02]
[07/09/12 16:39:24.888] 	recv: [4b: 31 72 02 03]
[07/09/12 16:39:24.893] 	recv: [4b: 31 72 02 03]
[07/09/12 16:39:24.900] send: [3b: 31 72 02]
[07/09/12 16:39:24.906] send: [3b: 31 72 02]
[07/09/12 16:39:24.906] 	recv: [4b: 31 72 02 03]
[07/09/12 16:39:24.911] 	recv: [4b: 31 72 02 03]
[07/09/12 16:39:24.918] send: [3b: 31 72 02]
[07/09/12 16:39:24.924] send: [3b: 31 72 02]
[07/09/12 16:39:24.924] 	recv: [4b: 31 72 02 03]
[07/09/12 16:39:24.929] 	recv: [4b: 31 72 02 03]
[07/09/12 16:39:24.936] send: [3b: 31 72 02]
[07/09/12 16:39:24.941] send: [3b: 31 72 02]
[07/09/12 16:39:24.942] 	recv: [4b: 31 72 02 03]
[07/09/12 16:39:24.946] 	recv: [4b: 31 72 02 03]
[07/09/12 16:39:24.954] send: [3b: 31 72 02]
[07/09/12 16:39:24.959] send: [3b: 31 72 02]
[07/09/12 16:39:24.959] 	recv: [4b: 31 72 02 03]
[07/09/12 16:39:24.964] 	recv: [4b: 31 72 02 03]
[07/09/12 16:39:24.972] send: [3b: 31 72 02]
[07/09/12 16:39:24.977] send: [3b: 31 72 02]
[07/09/12 16:39:24.977] 	recv: [4b: 31 72 02 03]
[07/09/12 16:39:24.982] 	recv: [4b: 31 72 02 03]
[07/09/12 16:39:24.990] send: [3b: 31 72 02]
[07/09/12 16:39:24.995] send: [3b: 31 72 02]
[07/09/12 16:39:24.995] 	recv: [4b: 31 72 02 03]
[07/09/12 16:39:25.000] 	recv: [4b: 31 72 02 03]
[07/09/12 16:39:25.007] send: [3b: 31 72 02]
[07/09/12 16:39:25.013] send: [3b: 31 72 02]
[07/09/12 16:39:25.013] 	recv: [4b: 31 72 02 03]
[07/09/12 16:39:25.017] 	recv: [4b: 31 72 02 03]
[07/09/12 16:39:25.025] send: [3b: 31 72 02]
[07/09/12 16:39:25.030] send: [3b: 31 72 02]
[07/09/12 16:39:25.030] 	recv: [4b: 31 72 02 03]
[07/09/12 16:39:25.035] 	recv: [4b: 31 72 02 03]
[07/09/12 16:39:25.043] send: [3b: 31 72 02]
[07/09/12 16:39:25.048] send: [3b: 31 72 02]
[07/09/12 16:39:25.048] 	recv: [4b: 31 72 02 03]
[07/09/12 16:39:25.053] 	recv: [4b: 31 72 02 03]
[07/09/12 16:39:25.062] send: [3b: 31 72 02]
[07/09/12 16:39:25.065] send: [3b: 31 72 02]
[07/09/12 16:39:25.067] 	recv: [3b: 31 72 E2]
[07/09/12 16:39:25.074] send: [3b: 31 72 02]
[07/09/12 16:39:25.077] send: [3b: 31 72 02]
[07/09/12 16:39:25.081] 	recv: [4b: 31 72 02 E3]
[07/09/12 16:39:25.088] send: [3b: 31 72 02]
[07/09/12 16:39:25.093] 	recv: [4b: 31 72 02 03]
[07/09/12 16:39:25.100] send: [3b: 31 72 02]
[07/09/12 16:39:25.106] send: [3b: 31 72 02]
[07/09/12 16:39:25.106] 	recv: [4b: 31 72 02 03]
[07/09/12 16:39:25.110] 	recv: [4b: 31 72 02 03]
[07/09/12 16:39:25.118] send: [3b: 31 72 02]
[07/09/12 16:39:25.123] send: [3b: 31 72 02]
[07/09/12 16:39:25.123] 	recv: [4b: 31 72 02 03]
[07/09/12 16:39:25.128] 	recv: [4b: 31 72 02 03]
[07/09/12 16:39:25.136] send: [3b: 31 72 02]
[07/09/12 16:39:25.141] send: [3b: 31 72 02]
[07/09/12 16:39:25.141] 	recv: [4b: 31 72 02 03]
[07/09/12 16:39:25.146] 	recv: [4b: 31 72 02 03]
[07/09/12 16:39:25.153] send: [3b: 31 72 02]
[07/09/12 16:39:25.158] 	recv: [4b: 31 72 02 03]
[07/09/12 16:39:25.165] send: [3b: 31 72 02]
[07/09/12 16:39:25.171] send: [3b: 31 72 02]
[07/09/12 16:39:25.171] 	recv: [4b: 31 72 02 03]
[07/09/12 16:39:25.176] 	recv: [4b: 31 72 02 03]
[07/09/12 16:39:25.183] send: [3b: 31 72 02]
[07/09/12 16:39:25.189] send: [3b: 31 72 02]
[07/09/12 16:39:25.189] 	recv: [4b: 31 72 02 03]
[07/09/12 16:39:25.193] 	recv: [4b: 31 72 02 03]
[07/09/12 16:39:25.201] send: [3b: 31 72 02]
[07/09/12 16:39:25.206] send: [3b: 31 72 02]
[07/09/12 16:39:25.206] 	recv: [4b: 31 72 02 03]
[07/09/12 16:39:25.212] 	recv: [4b: 31 72 02 03]
[07/09/12 16:39:25.219] send: [3b: 31 72 02]
[07/09/12 16:39:25.225] send: [3b: 31 72 02]
[07/09/12 16:39:25.225] 	recv: [4b: 31 72 02 03]
[07/09/12 16:39:25.229] 	recv: [4b: 31 72 02 03]
[07/09/12 16:39:25.237] send: [3b: 31 72 02]
[07/09/12 16:39:25.242] send: [3b: 31 72 02]
[07/09/12 16:39:25.242] 	recv: [4b: 31 72 02 03]
[07/09/12 16:39:25.247] 	recv: [4b: 31 72 02 03]
[07/09/12 16:39:25.255] send: [3b: 31 72 02]
[07/09/12 16:39:25.260] send: [3b: 31 72 02]
[07/09/12 16:39:25.260] 	recv: [4b: 31 72 02 03]
[07/09/12 16:39:25.265] 	recv: [4b: 31 72 02 03]
[07/09/12 16:39:25.273] send: [3b: 31 72 02]
[07/09/12 16:39:25.278] send: [3b: 31 72 02]
[07/09/12 16:39:25.278] 	recv: [4b: 31 72 02 03]
[07/09/12 16:39:25.283] 	recv: [4b: 31 72 02 03]
[07/09/12 16:39:25.291] send: [3b: 31 72 02]
[07/09/12 16:39:25.296] send: [3b: 31 72 02]
[07/09/12 16:39:25.296] 	recv: [4b: 31 72 02 03]
[07/09/12 16:39:25.301] 	recv: [4b: 31 72 02 03]
[07/09/12 16:39:25.308] send: [3b: 31 72 02]
[07/09/12 16:39:25.314] send: [3b: 31 72 02]
[07/09/12 16:39:25.314] 	recv: [4b: 31 72 02 03]
[07/09/12 16:39:25.318] 	recv: [4b: 31 72 02 03]
[07/09/12 16:39:25.326] send: [3b: 31 72 02]
[07/09/12 16:39:25.331] send: [3b: 31 72 02]
[07/09/12 16:39:25.331] 	recv: [4b: 31 72 02 03]
[07/09/12 16:39:25.336] 	recv: [4b: 31 72 02 03]
[07/09/12 16:39:25.344] send: [3b: 31 72 02]
[07/09/12 16:39:25.349] send: [3b: 31 72 02]
[07/09/12 16:39:25.349] 	recv: [4b: 31 72 02 03]
[07/09/12 16:39:25.354] 	recv: [4b: 31 72 02 03]
[07/09/12 16:39:25.362] send: [3b: 31 72 02]
[07/09/12 16:39:25.367] send: [3b: 31 72 02]
[07/09/12 16:39:25.367] 	recv: [4b: 31 72 02 03]
[07/09/12 16:39:25.372] 	recv: [4b: 31 72 02 03]
[07/09/12 16:39:25.380] send: [3b: 31 72 02]
[07/09/12 16:39:25.385] send: [3b: 31 72 02]
[07/09/12 16:39:25.385] 	recv: [4b: 31 72 02 03]
[07/09/12 16:39:25.390] 	recv: [4b: 31 72 02 03]
[07/09/12 16:39:25.398] send: [3b: 31 72 02]
[07/09/12 16:39:25.403] send: [3b: 31 72 02]
[07/09/12 16:39:25.403] 	recv: [4b: 31 72 02 03]
[07/09/12 16:39:25.408] 	recv: [4b: 31 72 02 03]
[07/09/12 16:39:25.415] send: [3b: 31 72 02]
[07/09/12 16:39:25.421] send: [3b: 31 72 02]
[07/09/12 16:39:25.421] 	recv: [4b: 31 72 02 03]
[07/09/12 16:39:25.426] 	recv: [4b: 31 72 02 03]
[07/09/12 16:39:25.433] send: [3b: 31 72 02]
[07/09/12 16:39:25.439] send: [3b: 31 72 02]
[07/09/12 16:39:25.439] 	recv: [4b: 31 72 02 03]
[07/09/12 16:39:25.444] 	recv: [4b: 31 72 02 03]
[07/09/12 16:39:25.451] send: [3b: 31 72 02]
[07/09/12 16:39:25.456] send: [3b: 31 72 02]
[07/09/12 16:39:25.456] 	recv: [4b: 31 72 02 03]
[07/09/12 16:39:25.461] 	recv: [4b: 31 72 02 03]
[07/09/12 16:39:25.469] send: [3b: 31 72 02]
[07/09/12 16:39:25.474] send: [3b: 31 72 02]
[07/09/12 16:39:25.474] 	recv: [4b: 31 72 02 03]
[07/09/12 16:39:25.479] 	recv: [4b: 31 72 02 03]
[07/09/12 16:39:25.487] send: [3b: 31 72 02]
[07/09/12 16:39:25.492] send: [3b: 31 72 02]
[07/09/12 16:39:25.492] 	recv: [4b: 31 72 02 03]
[07/09/12 16:39:25.497] 	recv: [4b: 31 72 02 03]
[07/09/12 16:39:25.504] send: [3b: 31 72 02]
[07/09/12 16:39:25.510] send: [3b: 31 72 02]
[07/09/12 16:39:25.510] 	recv: [4b: 31 72 02 03]
[07/09/12 16:39:25.514] 	recv: [4b: 31 72 02 03]
[07/09/12 16:39:25.522] send: [3b: 31 72 02]
[07/09/12 16:39:25.528] send: [3b: 31 72 02]
[07/09/12 16:39:25.528] 	recv: [4b: 31 72 02 03]
[07/09/12 16:39:25.532] 	recv: [4b: 31 72 02 03]
[07/09/12 16:39:25.540] send: [3b: 31 72 02]
[07/09/12 16:39:25.545] send: [3b: 31 72 02]
[07/09/12 16:39:25.545] 	recv: [4b: 31 72 02 03]
[07/09/12 16:39:25.550] 	recv: [4b: 31 72 02 03]
[07/09/12 16:39:25.558] send: [3b: 31 72 02]
[07/09/12 16:39:25.563] send: [3b: 31 72 02]
[07/09/12 16:39:25.563] 	recv: [4b: 31 72 02 03]
[07/09/12 16:39:25.568] 	recv: [4b: 31 72 02 03]
[07/09/12 16:39:25.576] send: [3b: 31 72 02]
[07/09/12 16:39:25.581] send: [3b: 31 72 02]
[07/09/12 16:39:25.581] 	recv: [4b: 31 72 02 03]
[07/09/12 16:39:25.586] 	recv: [4b: 31 72 02 03]
[07/09/12 16:39:25.593] send: [3b: 31 72 02]
[07/09/12 16:39:25.599] send: [3b: 31 72 02]
[07/09/12 16:39:25.599] 	recv: [4b: 31 72 02 03]
[07/09/12 16:39:25.604] 	recv: [4b: 31 72 02 03]
[07/09/12 16:39:25.611] send: [3b: 31 72 02]
[07/09/12 16:39:25.616] send: [3b: 31 72 02]
[07/09/12 16:39:25.617] 	recv: [4b: 31 72 02 03]
[07/09/12 16:39:25.621] 	recv: [4b: 31 72 02 03]
[07/09/12 16:39:25.629] send: [3b: 31 72 02]
[07/09/12 16:39:25.634] send: [3b: 31 72 02]
[07/09/12 16:39:25.634] 	recv: [4b: 31 72 02 03]
[07/09/12 16:39:25.639] 	recv: [4b: 31 72 02 03]
[07/09/12 16:39:25.647] send: [3b: 31 72 02]
[07/09/12 16:39:25.652] send: [3b: 31 72 02]
[07/09/12 16:39:25.652] 	recv: [4b: 31 72 02 03]
[07/09/12 16:39:25.657] 	recv: [4b: 31 72 02 03]
[07/09/12 16:39:25.665] send: [3b: 31 72 02]
[07/09/12 16:39:25.670] send: [3b: 31 72 02]
[07/09/12 16:39:25.670] 	recv: [4b: 31 72 02 13]
[07/09/12 16:39:25.675] 	recv: [4b: 31 72 02 13]
[07/09/12 16:39:25.711] send: [6b: 31 42 FF FF F8 E4]
[07/09/12 16:39:25.717] 	recv: [2b: 31 42]
[07/09/12 16:39:25.724] send: [3b: 31 72 01]
[07/09/12 16:39:25.729] send: [3b: 31 72 01]
[07/09/12 16:39:25.729] 	recv: [4b: 31 72 01 85]
[07/09/12 16:39:25.734] 	recv: [4b: 31 72 01 85]
[07/09/12 16:39:25.742] send: [3b: 31 72 01]
[07/09/12 16:39:25.747] send: [3b: 31 72 01]
[07/09/12 16:39:25.747] 	recv: [4b: 31 72 01 85]
[07/09/12 16:39:25.752] 	recv: [4b: 31 72 01 85]
[07/09/12 16:39:25.760] send: [3b: 31 72 01]
[07/09/12 16:39:25.765] send: [3b: 31 72 01]
[07/09/12 16:39:25.765] 	recv: [4b: 31 72 01 85]
[07/09/12 16:39:25.770] 	recv: [4b: 31 72 01 85]
[07/09/12 16:39:25.778] send: [3b: 31 72 01]
[07/09/12 16:39:25.783] send: [3b: 31 72 01]
[07/09/12 16:39:25.783] 	recv: [4b: 31 72 01 85]
[07/09/12 16:39:25.788] 	recv: [4b: 31 72 01 85]
[07/09/12 16:39:25.795] send: [3b: 31 72 01]
[07/09/12 16:39:25.801] send: [3b: 31 72 01]
[07/09/12 16:39:25.801] 	recv: [4b: 31 72 01 85]
[07/09/12 16:39:25.806] 	recv: [4b: 31 72 01 85]
[07/09/12 16:39:25.813] send: [3b: 31 72 01]
[07/09/12 16:39:25.819] send: [3b: 31 72 01]
[07/09/12 16:39:25.819] 	recv: [4b: 31 72 01 85]
[07/09/12 16:39:25.824] 	recv: [4b: 31 72 01 85]
[07/09/12 16:39:25.831] send: [3b: 31 72 01]
[07/09/12 16:39:25.836] send: [3b: 31 72 01]
[07/09/12 16:39:25.836] 	recv: [4b: 31 72 01 85]
[07/09/12 16:39:25.841] 	recv: [4b: 31 72 01 85]
[07/09/12 16:39:25.849] send: [3b: 31 72 01]
[07/09/12 16:39:25.854] send: [3b: 31 72 01]
[07/09/12 16:39:25.854] 	recv: [4b: 31 72 01 85]
[07/09/12 16:39:25.859] 	recv: [4b: 31 72 01 85]
[07/09/12 16:39:25.867] send: [3b: 31 72 01]
[07/09/12 16:39:25.872] send: [3b: 31 72 01]
[07/09/12 16:39:25.872] 	recv: [4b: 31 72 01 85]
[07/09/12 16:39:25.877] 	recv: [4b: 31 72 01 85]
[07/09/12 16:39:25.885] send: [3b: 31 72 01]
[07/09/12 16:39:25.890] send: [3b: 31 72 01]
[07/09/12 16:39:25.890] 	recv: [4b: 31 72 01 85]
[07/09/12 16:39:25.895] 	recv: [4b: 31 72 01 85]
[07/09/12 16:39:25.903] send: [3b: 31 72 01]
[07/09/12 16:39:25.908] send: [3b: 31 72 01]
[07/09/12 16:39:25.908] 	recv: [4b: 31 72 01 85]
[07/09/12 16:39:25.913] 	recv: [4b: 31 72 01 85]
[07/09/12 16:39:25.920] send: [3b: 31 72 01]
[07/09/12 16:39:25.926] send: [3b: 31 72 01]
[07/09/12 16:39:25.926] 	recv: [4b: 31 72 01 85]
[07/09/12 16:39:25.931] 	recv: [4b: 31 72 01 85]
[07/09/12 16:39:25.939] send: [3b: 31 72 01]
[07/09/12 16:39:25.944] send: [3b: 31 72 01]
[07/09/12 16:39:25.944] 	recv: [4b: 31 72 01 85]
[07/09/12 16:39:25.949] 	recv: [4b: 31 72 01 85]
[07/09/12 16:39:25.956] send: [3b: 31 72 01]
[07/09/12 16:39:25.961] send: [3b: 31 72 01]
[07/09/12 16:39:25.961] 	recv: [4b: 31 72 01 85]
[07/09/12 16:39:25.966] 	recv: [4b: 31 72 01 85]
[07/09/12 16:39:25.974] send: [3b: 31 72 01]
[07/09/12 16:39:25.979] send: [3b: 31 72 01]
[07/09/12 16:39:25.980] 	recv: [4b: 31 72 01 85]
[07/09/12 16:39:25.984] 	recv: [4b: 31 72 01 85]
[07/09/12 16:39:25.992] send: [3b: 31 72 01]
[07/09/12 16:39:25.997] send: [3b: 31 72 01]
[07/09/12 16:39:25.997] 	recv: [4b: 31 72 01 85]
[07/09/12 16:39:26.002] 	recv: [4b: 31 72 01 85]
[07/09/12 16:39:26.010] send: [3b: 31 72 01]
[07/09/12 16:39:26.015] send: [3b: 31 72 01]
[07/09/12 16:39:26.015] 	recv: [4b: 31 72 01 85]
[07/09/12 16:39:26.020] 	recv: [4b: 31 72 01 85]
[07/09/12 16:39:26.027] send: [3b: 31 72 01]
[07/09/12 16:39:26.033] send: [3b: 31 72 01]
[07/09/12 16:39:26.033] 	recv: [4b: 31 72 01 85]
[07/09/12 16:39:26.037] 	recv: [4b: 31 72 01 85]
[07/09/12 16:39:26.045] send: [3b: 31 72 01]
[07/09/12 16:39:26.050] send: [3b: 31 72 01]
[07/09/12 16:39:26.050] 	recv: [4b: 31 72 01 85]
[07/09/12 16:39:26.055] 	recv: [4b: 31 72 01 85]
[07/09/12 16:39:26.063] send: [3b: 31 72 01]
[07/09/12 16:39:26.068] send: [3b: 31 72 01]
[07/09/12 16:39:26.068] 	recv: [4b: 31 72 01 85]
[07/09/12 16:39:26.073] 	recv: [4b: 31 72 01 85]
[07/09/12 16:39:26.080] send: [3b: 31 72 01]
[07/09/12 16:39:26.085] send: [3b: 31 72 01]
[07/09/12 16:39:26.085] 	recv: [4b: 31 72 01 85]
[07/09/12 16:39:26.091] 	recv: [4b: 31 72 01 85]
[07/09/12 16:39:26.098] send: [3b: 31 72 01]
[07/09/12 16:39:26.104] send: [3b: 31 72 01]
[07/09/12 16:39:26.104] 	recv: [4b: 31 72 01 85]
[07/09/12 16:39:26.109] 	recv: [4b: 31 72 01 85]
[07/09/12 16:39:26.116] send: [3b: 31 72 01]
[07/09/12 16:39:26.121] send: [3b: 31 72 01]
[07/09/12 16:39:26.121] 	recv: [4b: 31 72 01 85]
[07/09/12 16:39:26.127] 	recv: [4b: 31 72 01 85]
[07/09/12 16:39:26.134] send: [3b: 31 72 01]
[07/09/12 16:39:26.139] send: [3b: 31 72 01]
[07/09/12 16:39:26.140] 	recv: [4b: 31 72 01 85]
[07/09/12 16:39:26.144] 	recv: [4b: 31 72 01 85]
[07/09/12 16:39:26.152] send: [3b: 31 72 01]
[07/09/12 16:39:26.157] send: [3b: 31 72 01]
[07/09/12 16:39:26.157] 	recv: [4b: 31 72 01 85]
[07/09/12 16:39:26.162] 	recv: [4b: 31 72 01 85]
[07/09/12 16:39:26.170] send: [3b: 31 72 01]
[07/09/12 16:39:26.175] send: [3b: 31 72 01]
[07/09/12 16:39:26.175] 	recv: [4b: 31 72 01 85]
[07/09/12 16:39:26.180] 	recv: [4b: 31 72 01 85]
[07/09/12 16:39:26.188] send: [3b: 31 72 01]
[07/09/12 16:39:26.193] send: [3b: 31 72 01]
[07/09/12 16:39:26.193] 	recv: [4b: 31 72 01 85]
[07/09/12 16:39:26.198] 	recv: [4b: 31 72 01 85]
[07/09/12 16:39:26.206] send: [3b: 31 72 01]
[07/09/12 16:39:26.211] send: [3b: 31 72 01]
[07/09/12 16:39:26.211] 	recv: [4b: 31 72 01 85]
[07/09/12 16:39:26.216] 	recv: [4b: 31 72 01 85]
[07/09/12 16:39:26.224] send: [3b: 31 72 01]
[07/09/12 16:39:26.229] send: [3b: 31 72 01]
[07/09/12 16:39:26.229] 	recv: [4b: 31 72 01 85]
[07/09/12 16:39:26.234] 	recv: [4b: 31 72 01 85]
[07/09/12 16:39:26.242] send: [3b: 31 72 01]
[07/09/12 16:39:26.247] send: [3b: 31 72 01]
[07/09/12 16:39:26.247] 	recv: [4b: 31 72 01 85]
[07/09/12 16:39:26.252] 	recv: [4b: 31 72 01 85]
[07/09/12 16:39:26.259] send: [3b: 31 72 01]
[07/09/12 16:39:26.265] send: [3b: 31 72 01]
[07/09/12 16:39:26.265] 	recv: [4b: 31 72 01 85]
[07/09/12 16:39:26.270] 	recv: [4b: 31 72 01 85]
[07/09/12 16:39:26.277] send: [3b: 31 72 01]
[07/09/12 16:39:26.283] send: [3b: 31 72 01]
[07/09/12 16:39:26.283] 	recv: [4b: 31 72 01 85]
[07/09/12 16:39:26.287] 	recv: [4b: 31 72 01 85]
[07/09/12 16:39:26.295] send: [3b: 31 72 01]
[07/09/12 16:39:26.300] send: [3b: 31 72 01]
[07/09/12 16:39:26.300] 	recv: [4b: 31 72 01 85]
[07/09/12 16:39:26.305] 	recv: [4b: 31 72 01 85]
[07/09/12 16:39:26.313] send: [3b: 31 72 01]
[07/09/12 16:39:26.318] send: [3b: 31 72 01]
[07/09/12 16:39:26.318] 	recv: [4b: 31 72 01 85]
[07/09/12 16:39:26.323] 	recv: [4b: 31 72 01 85]
[07/09/12 16:39:26.331] send: [3b: 31 72 01]
[07/09/12 16:39:26.336] send: [3b: 31 72 01]
[07/09/12 16:39:26.336] 	recv: [4b: 31 72 01 85]
[07/09/12 16:39:26.341] 	recv: [4b: 31 72 01 85]
[07/09/12 16:39:26.348] send: [3b: 31 72 01]
[07/09/12 16:39:26.354] send: [3b: 31 72 01]
[07/09/12 16:39:26.354] 	recv: [4b: 31 72 01 85]
[07/09/12 16:39:26.359] 	recv: [4b: 31 72 01 85]
[07/09/12 16:39:26.366] send: [3b: 31 72 01]
[07/09/12 16:39:26.371] send: [3b: 31 72 01]
[07/09/12 16:39:26.372] 	recv: [4b: 31 72 01 85]
[07/09/12 16:39:26.376] 	recv: [4b: 31 72 01 85]
[07/09/12 16:39:26.384] send: [3b: 31 72 01]
[07/09/12 16:39:26.389] send: [3b: 31 72 01]
[07/09/12 16:39:26.389] 	recv: [4b: 31 72 01 85]
[07/09/12 16:39:26.394] 	recv: [4b: 31 72 01 85]
[07/09/12 16:39:26.402] send: [3b: 31 72 01]
[07/09/12 16:39:26.407] send: [3b: 31 72 01]
[07/09/12 16:39:26.407] 	recv: [4b: 31 72 01 85]
[07/09/12 16:39:26.412] 	recv: [4b: 31 72 01 85]
[07/09/12 16:39:26.419] send: [3b: 31 72 01]
[07/09/12 16:39:26.425] send: [3b: 31 72 01]
[07/09/12 16:39:26.425] 	recv: [4b: 31 72 01 85]
[07/09/12 16:39:26.430] 	recv: [4b: 31 72 01 85]
[07/09/12 16:39:26.437] send: [3b: 31 72 01]
[07/09/12 16:39:26.443] send: [3b: 31 72 01]
[07/09/12 16:39:26.443] 	recv: [4b: 31 72 01 85]
[07/09/12 16:39:26.447] 	recv: [4b: 31 72 01 85]
[07/09/12 16:39:26.455] send: [3b: 31 72 01]
[07/09/12 16:39:26.460] send: [3b: 31 72 01]
[07/09/12 16:39:26.460] 	recv: [4b: 31 72 01 85]
[07/09/12 16:39:26.465] 	recv: [4b: 31 72 01 85]
[07/09/12 16:39:26.473] send: [3b: 31 72 01]
[07/09/12 16:39:26.478] send: [3b: 31 72 01]
[07/09/12 16:39:26.478] 	recv: [4b: 31 72 01 85]
[07/09/12 16:39:26.483] 	recv: [4b: 31 72 01 85]
[07/09/12 16:39:26.490] send: [3b: 31 72 01]
[07/09/12 16:39:26.496] send: [3b: 31 72 01]
[07/09/12 16:39:26.496] 	recv: [4b: 31 72 01 85]
[07/09/12 16:39:26.501] 	recv: [4b: 31 72 01 85]
[07/09/12 16:39:26.508] send: [3b: 31 72 01]
[07/09/12 16:39:26.514] send: [3b: 31 72 01]
[07/09/12 16:39:26.514] 	recv: [4b: 31 72 01 85]
[07/09/12 16:39:26.519] 	recv: [4b: 31 72 01 85]
[07/09/12 16:39:26.526] send: [3b: 31 72 01]
[07/09/12 16:39:26.531] send: [3b: 31 72 01]
[07/09/12 16:39:26.531] 	recv: [4b: 31 72 01 85]
[07/09/12 16:39:26.536] 	recv: [4b: 31 72 01 85]
[07/09/12 16:39:26.544] send: [3b: 31 72 01]
[07/09/12 16:39:26.549] send: [3b: 31 72 01]
[07/09/12 16:39:26.549] 	recv: [4b: 31 72 01 85]
[07/09/12 16:39:26.554] 	recv: [4b: 31 72 01 85]
[07/09/12 16:39:26.562] send: [3b: 31 72 01]
[07/09/12 16:39:26.567] send: [3b: 31 72 01]
[07/09/12 16:39:26.567] 	recv: [4b: 31 72 01 85]
[07/09/12 16:39:26.572] 	recv: [4b: 31 72 01 85]
[07/09/12 16:39:26.579] send: [3b: 31 72 01]
[07/09/12 16:39:26.585] send: [3b: 31 72 01]
[07/09/12 16:39:26.585] 	recv: [4b: 31 72 01 85]
[07/09/12 16:39:26.590] 	recv: [4b: 31 72 01 85]
[07/09/12 16:39:26.597] send: [3b: 31 72 01]
[07/09/12 16:39:26.602] send: [3b: 31 72 01]
[07/09/12 16:39:26.602] 	recv: [4b: 31 72 01 85]
[07/09/12 16:39:26.607] 	recv: [4b: 31 72 01 85]
[07/09/12 16:39:26.615] send: [3b: 31 72 01]
[07/09/12 16:39:26.620] send: [3b: 31 72 01]
[07/09/12 16:39:26.620] 	recv: [4b: 31 72 01 85]
[07/09/12 16:39:26.625] 	recv: [4b: 31 72 01 85]
[07/09/12 16:39:26.633] send: [3b: 31 72 01]
[07/09/12 16:39:26.638] send: [3b: 31 72 01]
[07/09/12 16:39:26.638] 	recv: [4b: 31 72 01 85]
[07/09/12 16:39:26.643] 	recv: [4b: 31 72 01 85]
[07/09/12 16:39:26.650] send: [3b: 31 72 01]
[07/09/12 16:39:26.656] send: [3b: 31 72 01]
[07/09/12 16:39:26.656] 	recv: [4b: 31 72 01 85]
[07/09/12 16:39:26.661] 	recv: [4b: 31 72 01 85]
[07/09/12 16:39:26.668] send: [3b: 31 72 01]
[07/09/12 16:39:26.673] send: [3b: 31 72 01]
[07/09/12 16:39:26.674] 	recv: [4b: 31 72 01 85]
[07/09/12 16:39:26.678] 	recv: [4b: 31 72 01 85]
[07/09/12 16:39:26.686] send: [3b: 31 72 01]
[07/09/12 16:39:26.691] send: [3b: 31 72 01]
[07/09/12 16:39:26.691] 	recv: [4b: 31 72 01 85]
[07/09/12 16:39:26.696] 	recv: [4b: 31 72 01 85]
[07/09/12 16:39:26.703] send: [3b: 31 72 01]
[07/09/12 16:39:26.709] send: [3b: 31 72 01]
[07/09/12 16:39:26.709] 	recv: [4b: 31 72 01 85]
[07/09/12 16:39:26.713] 	recv: [4b: 31 72 01 85]
[07/09/12 16:39:26.721] send: [3b: 31 72 01]
[07/09/12 16:39:26.726] send: [3b: 31 72 01]
[07/09/12 16:39:26.726] 	recv: [4b: 31 72 01 85]
[07/09/12 16:39:26.731] 	recv: [4b: 31 72 01 85]
[07/09/12 16:39:26.739] send: [3b: 31 72 01]
[07/09/12 16:39:26.744] send: [3b: 31 72 01]
[07/09/12 16:39:26.744] 	recv: [4b: 31 72 01 85]
[07/09/12 16:39:26.749] 	recv: [4b: 31 72 01 85]
[07/09/12 16:39:26.756] send: [3b: 31 72 01]
[07/09/12 16:39:26.761] send: [3b: 31 72 01]
[07/09/12 16:39:26.762] 	recv: [4b: 31 72 01 85]
[07/09/12 16:39:26.767] 	recv: [4b: 31 72 01 85]
[07/09/12 16:39:26.774] send: [3b: 31 72 01]
[07/09/12 16:39:26.779] send: [3b: 31 72 01]
[07/09/12 16:39:26.779] 	recv: [4b: 31 72 01 85]
[07/09/12 16:39:26.784] 	recv: [4b: 31 72 01 85]
[07/09/12 16:39:26.791] send: [3b: 31 72 01]
[07/09/12 16:39:26.797] send: [3b: 31 72 01]
[07/09/12 16:39:26.797] 	recv: [4b: 31 72 01 85]
[07/09/12 16:39:26.802] 	recv: [4b: 31 72 01 85]
[07/09/12 16:39:26.809] send: [3b: 31 72 01]
[07/09/12 16:39:26.814] send: [3b: 31 72 01]
[07/09/12 16:39:26.814] 	recv: [4b: 31 72 01 85]
[07/09/12 16:39:26.819] 	recv: [4b: 31 72 01 85]
[07/09/12 16:39:26.827] send: [3b: 31 72 01]
[07/09/12 16:39:26.832] send: [3b: 31 72 01]
[07/09/12 16:39:26.832] 	recv: [4b: 31 72 01 85]
[07/09/12 16:39:26.837] 	recv: [4b: 31 72 01 85]
[07/09/12 16:39:26.844] send: [3b: 31 72 01]
[07/09/12 16:39:26.850] 	recv: [4b: 31 72 01 85]
[07/09/12 16:39:26.857] send: [3b: 31 72 01]
[07/09/12 16:39:26.862] send: [3b: 31 72 01]
[07/09/12 16:39:26.863] 	recv: [4b: 31 72 01 85]
[07/09/12 16:39:26.867] 	recv: [4b: 31 72 01 85]
[07/09/12 16:39:26.875] send: [3b: 31 72 01]
[07/09/12 16:39:26.880] send: [3b: 31 72 01]
[07/09/12 16:39:26.880] 	recv: [4b: 31 72 01 85]
[07/09/12 16:39:26.885] 	recv: [4b: 31 72 01 85]
[07/09/12 16:39:26.893] send: [3b: 31 72 01]
[07/09/12 16:39:26.898] send: [3b: 31 72 01]
[07/09/12 16:39:26.898] 	recv: [4b: 31 72 01 85]
[07/09/12 16:39:26.903] 	recv: [4b: 31 72 01 85]
[07/09/12 16:39:26.910] send: [3b: 31 72 01]
[07/09/12 16:39:26.915] send: [3b: 31 72 01]
[07/09/12 16:39:26.916] 	recv: [4b: 31 72 01 85]
[07/09/12 16:39:26.920] 	recv: [4b: 31 72 01 85]
[07/09/12 16:39:26.928] send: [3b: 31 72 01]
[07/09/12 16:39:26.933] send: [3b: 31 72 01]
[07/09/12 16:39:26.933] 	recv: [4b: 31 72 01 85]
[07/09/12 16:39:26.938] 	recv: [4b: 31 72 01 85]
[07/09/12 16:39:26.946] send: [3b: 31 72 01]
[07/09/12 16:39:26.951] send: [3b: 31 72 01]
[07/09/12 16:39:26.951] 	recv: [4b: 31 72 01 85]
[07/09/12 16:39:26.956] 	recv: [4b: 31 72 01 85]
[07/09/12 16:39:26.963] send: [3b: 31 72 01]
[07/09/12 16:39:26.968] send: [3b: 31 72 01]
[07/09/12 16:39:26.968] 	recv: [4b: 31 72 01 85]
[07/09/12 16:39:26.973] 	recv: [4b: 31 72 01 85]
[07/09/12 16:39:26.981] send: [3b: 31 72 01]
[07/09/12 16:39:26.986] send: [3b: 31 72 01]
[07/09/12 16:39:26.986] 	recv: [4b: 31 72 01 85]
[07/09/12 16:39:26.992] 	recv: [4b: 31 72 01 85]
[07/09/12 16:39:26.999] send: [3b: 31 72 01]
[07/09/12 16:39:27.004] send: [3b: 31 72 01]
[07/09/12 16:39:27.004] 	recv: [4b: 31 72 01 85]
[07/09/12 16:39:27.009] 	recv: [4b: 31 72 01 85]
[07/09/12 16:39:27.017] send: [3b: 31 72 01]
[07/09/12 16:39:27.022] send: [3b: 31 72 01]
[07/09/12 16:39:27.022] 	recv: [4b: 31 72 01 85]
[07/09/12 16:39:27.027] 	recv: [4b: 31 72 01 85]
[07/09/12 16:39:27.035] send: [3b: 31 72 01]
[07/09/12 16:39:27.040] send: [3b: 31 72 01]
[07/09/12 16:39:27.040] 	recv: [4b: 31 72 01 85]
[07/09/12 16:39:27.045] 	recv: [4b: 31 72 01 85]
[07/09/12 16:39:27.052] send: [3b: 31 72 01]
[07/09/12 16:39:27.057] send: [3b: 31 72 01]
[07/09/12 16:39:27.057] 	recv: [4b: 31 72 01 85]
[07/09/12 16:39:27.062] 	recv: [4b: 31 72 01 85]
[07/09/12 16:39:27.070] send: [3b: 31 72 01]
[07/09/12 16:39:27.075] send: [3b: 31 72 01]
[07/09/12 16:39:27.075] 	recv: [4b: 31 72 01 85]
[07/09/12 16:39:27.080] 	recv: [4b: 31 72 01 85]
[07/09/12 16:39:27.088] send: [3b: 31 72 01]
[07/09/12 16:39:27.093] send: [3b: 31 72 01]
[07/09/12 16:39:27.093] 	recv: [4b: 31 72 01 85]
[07/09/12 16:39:27.098] 	recv: [4b: 31 72 01 85]
[07/09/12 16:39:27.106] send: [3b: 31 72 01]
[07/09/12 16:39:27.111] send: [3b: 31 72 01]
[07/09/12 16:39:27.111] 	recv: [4b: 31 72 01 85]
[07/09/12 16:39:27.116] 	recv: [4b: 31 72 01 85]
[07/09/12 16:39:27.124] send: [3b: 31 72 01]
[07/09/12 16:39:27.129] send: [3b: 31 72 01]
[07/09/12 16:39:27.129] 	recv: [4b: 31 72 01 00]
[07/09/12 16:39:27.134] 	recv: [4b: 31 72 01 00]
[07/09/12 16:39:27.170] send: [5b: 31 71 13 05 14]
[07/09/12 16:39:27.176] 	recv: [3b: 31 71 13]
[07/09/12 16:39:27.183] send: [7b: 31 71 21 00 00 00 00]
[07/09/12 16:39:27.189] send: [3b: 31 72 21]
[07/09/12 16:39:27.189] 	recv: [3b: 31 71 21]
[07/09/12 16:39:27.195] send: [5b: 31 71 13 03 84]
[07/09/12 16:39:27.195] 	recv: [7b: 31 72 21 00 00 00 00]
[07/09/12 16:39:27.200] 	recv: [3b: 31 71 13]
[07/09/12 16:39:27.201] send: [5b: 31 71 13 03 84]
[07/09/12 16:39:27.206] 	recv: [3b: 31 71 13]
[07/09/12 16:39:27.214] send: [3b: 31 72 21]
[07/09/12 16:39:27.220] 	recv: [7b: 31 72 21 00 00 00 00]
[07/09/12 16:39:27.226] send: [5b: 31 71 13 03 84]
[07/09/12 16:39:27.232] send: [3b: 31 72 21]
[07/09/12 16:39:27.232] 	recv: [3b: 31 71 13]
[07/09/12 16:39:27.237] 	recv: [7b: 31 72 21 00 00 00 00]
[07/09/12 16:39:27.245] send: [5b: 31 71 13 03 84]
[07/09/12 16:39:27.250] send: [3b: 31 72 21]
[07/09/12 16:39:27.250] 	recv: [3b: 31 71 13]
[07/09/12 16:39:27.256] 	recv: [7b: 31 72 21 00 00 00 00]
[07/09/12 16:39:27.264] send: [5b: 31 71 13 03 84]
[07/09/12 16:39:27.269] send: [3b: 31 72 21]
[07/09/12 16:39:27.269] 	recv: [3b: 31 71 13]
[07/09/12 16:39:27.274] send: [5b: 31 71 13 03 84]
[07/09/12 16:39:27.274] 	recv: [7b: 31 72 21 00 00 00 00]
[07/09/12 16:39:27.279] 	recv: [3b: 31 71 13]
[07/09/12 16:39:27.280] send: [5b: 31 71 13 03 84]
[07/09/12 16:39:27.286] 	recv: [3b: 31 71 13]
[07/09/12 16:39:27.293] send: [3b: 31 72 21]
[07/09/12 16:39:27.299] 	recv: [7b: 31 72 21 00 00 00 00]
[07/09/12 16:39:27.307] send: [5b: 31 71 13 03 84]
[07/09/12 16:39:27.310] send: [3b: 31 72 21]
[07/09/12 16:39:27.312] 	recv: [2b: 31 71]
[07/09/12 16:39:27.317] send: [5b: 31 71 13 03 84]
[07/09/12 16:39:27.322] 	recv: [3b: 31 71 13]
[07/09/12 16:39:27.330] send: [3b: 31 72 21]
[07/09/12 16:39:27.335] 	recv: [7b: 31 72 21 00 00 00 00]
[07/09/12 16:39:27.343] send: [5b: 31 71 13 03 84]
[07/09/12 16:39:27.348] send: [3b: 31 72 21]
[07/09/12 16:39:27.348] 	recv: [3b: 31 71 13]
[07/09/12 16:39:27.354] send: [5b: 31 71 13 03 84]
[07/09/12 16:39:27.354] 	recv: [7b: 31 72 21 00 00 00 00]
[07/09/12 16:39:27.359] 	recv: [3b: 31 71 13]
[07/09/12 16:39:27.360] send: [5b: 31 71 13 03 84]
[07/09/12 16:39:27.365] 	recv: [3b: 31 71 13]
[07/09/12 16:39:27.373] send: [3b: 31 72 21]
[07/09/12 16:39:27.378] 	recv: [7b: 31 72 21 00 00 00 00]
[07/09/12 16:39:27.386] send: [5b: 31 71 13 03 84]
[07/09/12 16:39:27.389] send: [3b: 31 72 21]
[07/09/12 16:39:27.391] 	recv: [2b: 31 FD]
[07/09/12 16:39:27.399] send: [3b: 31 72 21]
[07/09/12 16:39:27.401] send: [3b: 31 72 21]
[07/09/12 16:39:27.406] 	recv: [3b: 31 F2 01]
[07/09/12 16:39:27.413] send: [3b: 31 72 21]
[07/09/12 16:39:27.419] send: [3b: 31 72 21]
[07/09/12 16:39:27.419] 	recv: [7b: 31 72 21 00 00 00 00]
[07/09/12 16:39:27.424] send: [5b: 31 71 13 03 84]
[07/09/12 16:39:27.424] 	recv: [7b: 31 72 21 00 00 00 00]
[07/09/12 16:39:27.429] 	recv: [3b: 31 71 13]
[07/09/12 16:39:27.430] send: [5b: 31 71 13 03 84]
[07/09/12 16:39:27.436] 	recv: [3b: 31 71 13]
[07/09/12 16:39:27.444] send: [3b: 31 72 21]
[07/09/12 16:39:27.449] 	recv: [7b: 31 72 21 00 00 00 00]
[07/09/12 16:39:27.457] send: [5b: 31 71 13 03 84]
[07/09/12 16:39:27.462] send: [3b: 31 72 21]
[07/09/12 16:39:27.462] 	recv: [3b: 31 71 13]
[07/09/12 16:39:27.468] 	recv: [7b: 31 72 21 00 00 00 00]
[07/09/12 16:39:27.475] send: [5b: 31 71 13 03 84]
[07/09/12 16:39:27.481] send: [3b: 31 72 21]
[07/09/12 16:39:27.481] 	recv: [3b: 31 71 13]
[07/09/12 16:39:27.486] send: [5b: 31 71 13 03 84]
[07/09/12 16:39:27.486] 	recv: [7b: 31 72 21 00 00 00 00]
[07/09/12 16:39:27.491] 	recv: [3b: 31 71 13]
[07/09/12 16:39:27.498] send: [5b: 31 71 13 03 84]
[07/09/12 16:39:27.503] 	recv: [3b: 31 71 13]
[07/09/12 16:39:27.511] send: [3b: 31 72 21]
[07/09/12 16:39:27.516] 	recv: [7b: 31 72 21 00 00 00 00]
[07/09/12 16:39:27.524] send: [5b: 31 71 13 03 84]
[07/09/12 16:39:27.528] send: [3b: 31 72 21]
[07/09/12 16:39:27.529] 	recv: [3b: 31 71 13]
[07/09/12 16:39:27.534] send: [5b: 31 71 13 03 84]
[07/09/12 16:39:27.534] 	recv: [7b: 31 72 21 00 00 00 00]
[07/09/12 16:39:27.539] 	recv: [3b: 31 71 13]
[07/09/12 16:39:27.545] send: [5b: 31 71 13 03 84]
[07/09/12 16:39:27.550] 	recv: [3b: 31 71 13]
[07/09/12 16:39:27.558] send: [3b: 31 72 21]
[07/09/12 16:39:27.564] 	recv: [7b: 31 72 21 00 00 00 00]
[07/09/12 16:39:27.571] send: [5b: 31 71 13 03 84]
[07/09/12 16:39:27.575] send: [3b: 31 72 21]
[07/09/12 16:39:27.577] 	recv: [2b: 31 71]
[07/09/12 16:39:27.580] send: [5b: 31 71 13 03 84]
[07/09/12 16:39:27.585] 	recv: [3b: 31 71 13]
[07/09/12 16:39:27.593] send: [3b: 31 72 21]
[07/09/12 16:39:27.599] 	recv: [7b: 31 72 21 00 00 00 00]
[07/09/12 16:39:27.607] send: [5b: 31 71 13 03 84]
[07/09/12 16:39:27.610] send: [3b: 31 72 21]
[07/09/12 16:39:27.612] 	recv: [3b: 31 71 F3]
[07/09/12 16:39:27.616] send: [5b: 31 71 13 03 84]
[07/09/12 16:39:27.621] 	recv: [3b: 31 71 13]
[07/09/12 16:39:27.629] send: [3b: 31 72 21]
[07/09/12 16:39:27.634] 	recv: [7b: 31 72 21 00 00 00 00]
[07/09/12 16:39:27.642] send: [5b: 31 71 13 03 84]
[07/09/12 16:39:27.645] send: [3b: 31 72 21]
[07/09/12 16:39:27.647] 	recv: [2b: 31 F1]
[07/09/12 16:39:27.655] send: [3b: 31 72 21]
[07/09/12 16:39:27.657] send: [3b: 31 72 21]
[07/09/12 16:39:27.661] 	recv: [3b: 31 F2 01]
[07/09/12 16:39:27.669] send: [3b: 31 72 21]
[07/09/12 16:39:27.675] send: [3b: 31 72 21]
[07/09/12 16:39:27.675] 	recv: [7b: 31 72 21 00 00 00 00]
[07/09/12 16:39:27.680] send: [5b: 31 71 13 03 84]
[07/09/12 16:39:27.680] 	recv: [7b: 31 72 21 00 00 00 00]
[07/09/12 16:39:27.685] 	recv: [3b: 31 71 13]
[07/09/12 16:39:27.686] send: [5b: 31 71 13 03 84]
[07/09/12 16:39:27.691] 	recv: [3b: 31 71 13]
[07/09/12 16:39:27.699] send: [3b: 31 72 21]
[07/09/12 16:39:27.705] 	recv: [7b: 31 72 21 00 00 00 00]
[07/09/12 16:39:27.713] send: [5b: 31 71 13 03 84]
[07/09/12 16:39:27.716] send: [3b: 31 72 21]
[07/09/12 16:39:27.718] 	recv: [3b: 31 71 FF]
[07/09/12 16:39:27.721] send: [5b: 31 71 13 03 84]
[07/09/12 16:39:27.727] 	recv: [3b: 31 71 13]
[07/09/12 16:39:27.734] send: [3b: 31 72 21]
[07/09/12 16:39:27.740] 	recv: [7b: 31 72 21 00 00 00 00]
[07/09/12 16:39:27.747] send: [5b: 31 71 13 03 84]
[07/09/12 16:39:27.753] send: [3b: 31 72 21]
[07/09/12 16:39:27.753] 	recv: [3b: 31 71 13]
[07/09/12 16:39:27.759] send: [5b: 31 71 13 03 84]
[07/09/12 16:39:27.759] 	recv: [7b: 31 72 21 00 00 00 00]
[07/09/12 16:39:27.764] 	recv: [3b: 31 71 13]
[07/09/12 16:39:27.765] send: [5b: 31 71 13 03 84]
[07/09/12 16:39:27.770] 	recv: [3b: 31 71 13]
[07/09/12 16:39:27.778] send: [3b: 31 72 21]
[07/09/12 16:39:27.783] 	recv: [7b: 31 72 21 00 00 00 00]
[07/09/12 16:39:27.791] send: [5b: 31 71 13 03 84]
[07/09/12 16:39:27.795] send: [3b: 31 72 21]
[07/09/12 16:39:27.796] 	recv: [3b: 31 71 13]
[07/09/12 16:39:27.801] send: [5b: 31 71 13 03 84]
[07/09/12 16:39:27.801] 	recv: [7b: 31 72 21 00 00 00 00]
[07/09/12 16:39:27.806] 	recv: [3b: 31 71 13]
[07/09/12 16:39:27.807] send: [5b: 31 71 13 03 84]
[07/09/12 16:39:27.812] 	recv: [3b: 31 71 13]
[07/09/12 16:39:27.820] send: [3b: 31 72 21]
[07/09/12 16:39:27.825] 	recv: [7b: 31 72 21 00 00 00 00]
[07/09/12 16:39:27.833] send: [5b: 31 71 13 03 84]
[07/09/12 16:39:27.836] send: [3b: 31 72 21]
[07/09/12 16:39:27.838] 	recv: [2b: 31 71]
[07/09/12 16:39:27.841] send: [5b: 31 71 13 03 84]
[07/09/12 16:39:27.847] 	recv: [3b: 31 71 13]
[07/09/12 16:39:27.855] send: [3b: 31 72 21]
[07/09/12 16:39:27.860] 	recv: [7b: 31 72 21 00 00 00 00]
[07/09/12 16:39:27.868] send: [5b: 31 71 13 03 84]
[07/09/12 16:39:27.873] send: [3b: 31 72 21]
[07/09/12 16:39:27.873] 	recv: [3b: 31 71 13]
[07/09/12 16:39:27.879] send: [5b: 31 71 13 03 84]
[07/09/12 16:39:27.879] 	recv: [7b: 31 72 21 00 00 00 00]
[07/09/12 16:39:27.884] 	recv: [3b: 31 71 13]
[07/09/12 16:39:27.885] send: [5b: 31 71 13 03 84]
[07/09/12 16:39:27.890] 	recv: [3b: 31 71 13]
[07/09/12 16:39:27.898] send: [3b: 31 72 21]
[07/09/12 16:39:27.903] 	recv: [7b: 31 72 21 00 00 00 00]
[07/09/12 16:39:27.911] send: [5b: 31 71 13 03 84]
[07/09/12 16:39:27.915] send: [3b: 31 72 21]
[07/09/12 16:39:27.916] 	recv: [3b: 31 71 13]
[07/09/12 16:39:27.921] send: [5b: 31 71 13 03 84]
[07/09/12 16:39:27.921] 	recv: [7b: 31 72 21 00 00 00 00]
[07/09/12 16:39:27.926] 	recv: [3b: 31 71 13]
[07/09/12 16:39:27.927] send: [5b: 31 71 13 03 84]
[07/09/12 16:39:27.932] 	recv: [3b: 31 71 13]
[07/09/12 16:39:27.940] send: [3b: 31 72 21]
[07/09/12 16:39:27.945] 	recv: [7b: 31 72 21 00 00 00 00]
[07/09/12 16:39:27.953] send: [5b: 31 71 13 03 84]
[07/09/12 16:39:27.957] send: [3b: 31 72 21]
[07/09/12 16:39:27.958] 	recv: [3b: 31 71 13]
[07/09/12 16:39:27.963] send: [5b: 31 71 13 03 84]
[07/09/12 16:39:27.963] 	recv: [7b: 31 72 21 00 00 00 00]
[07/09/12 16:39:27.968] 	recv: [3b: 31 71 13]
[07/09/12 16:39:27.969] send: [5b: 31 71 13 03 84]
[07/09/12 16:39:27.974] 	recv: [3b: 31 71 13]
[07/09/12 16:39:27.982] send: [3b: 31 72 21]
[07/09/12 16:39:27.988] 	recv: [7b: 31 72 21 00 00 00 00]
[07/09/12 16:39:27.995] send: [5b: 31 71 13 03 84]
[07/09/12 16:39:27.999] send: [3b: 31 72 21]
[07/09/12 16:39:28.001] 	recv: [3b: 31 71 13]
[07/09/12 16:39:28.005] send: [5b: 31 71 13 03 84]
[07/09/12 16:39:28.005] 	recv: [7b: 31 72 21 00 00 00 00]
[07/09/12 16:39:28.010] 	recv: [3b: 31 71 13]
[07/09/12 16:39:28.011] send: [5b: 31 71 13 03 84]
[07/09/12 16:39:28.016] 	recv: [3b: 31 71 13]
[07/09/12 16:39:28.024] send: [3b: 31 72 21]
[07/09/12 16:39:28.030] 	recv: [7b: 31 72 21 00 00 00 00]
[07/09/12 16:39:28.037] send: [5b: 31 71 13 03 84]
[07/09/12 16:39:28.041] send: [3b: 31 72 21]
[07/09/12 16:39:28.042] 	recv: [3b: 31 71 13]
[07/09/12 16:39:28.047] send: [5b: 31 71 13 03 84]
[07/09/12 16:39:28.047] 	recv: [7b: 31 72 21 00 00 00 00]
[07/09/12 16:39:28.052] 	recv: [3b: 31 71 13]
[07/09/12 16:39:28.053] send: [5b: 31 71 13 03 84]
[07/09/12 16:39:28.058] 	recv: [3b: 31 71 13]
[07/09/12 16:39:28.066] send: [3b: 31 72 21]
[07/09/12 16:39:28.072] 	recv: [7b: 31 72 21 00 00 00 00]
[07/09/12 16:39:28.079] send: [5b: 31 71 13 03 84]
[07/09/12 16:39:28.084] send: [3b: 31 72 21]
[07/09/12 16:39:28.085] 	recv: [3b: 31 71 13]
[07/09/12 16:39:28.089] send: [5b: 31 71 13 03 84]
[07/09/12 16:39:28.089] 	recv: [7b: 31 72 21 00 00 00 00]
[07/09/12 16:39:28.094] 	recv: [3b: 31 71 13]
[07/09/12 16:39:28.095] send: [5b: 31 71 13 03 84]
[07/09/12 16:39:28.101] 	recv: [3b: 31 71 13]
[07/09/12 16:39:28.108] send: [3b: 31 72 21]
[07/09/12 16:39:28.114] 	recv: [7b: 31 72 21 00 00 00 00]
[07/09/12 16:39:28.121] send: [5b: 31 71 13 03 84]
[07/09/12 16:39:28.124] send: [3b: 31 72 21]
[07/09/12 16:39:28.127] 	recv: [2b: 31 71]
[07/09/12 16:39:28.130] send: [5b: 31 71 13 03 84]
[07/09/12 16:39:28.135] 	recv: [3b: 31 71 13]
[07/09/12 16:39:28.143] send: [3b: 31 72 21]
[07/09/12 16:39:28.149] 	recv: [7b: 31 72 21 00 00 00 00]
[07/09/12 16:39:28.156] send: [5b: 31 71 13 03 84]
[07/09/12 16:39:28.161] send: [3b: 31 72 21]
[07/09/12 16:39:28.161] 	recv: [3b: 31 71 13]
[07/09/12 16:39:28.167] 	recv: [7b: 31 72 21 00 00 00 00]
[07/09/12 16:39:28.175] send: [5b: 31 71 13 03 84]
[07/09/12 16:39:28.180] send: [3b: 31 72 21]
[07/09/12 16:39:28.180] 	recv: [3b: 31 71 13]
[07/09/12 16:39:28.186] 	recv: [7b: 31 72 21 00 00 00 00]
[07/09/12 16:39:28.194] send: [5b: 31 71 13 03 84]
[07/09/12 16:39:28.199] send: [3b: 31 72 21]
[07/09/12 16:39:28.199] 	recv: [3b: 31 71 13]
[07/09/12 16:39:28.204] 	recv: [7b: 31 72 21 00 00 00 00]
[07/09/12 16:39:28.212] send: [5b: 31 71 13 03 84]
[07/09/12 16:39:28.217] send: [3b: 31 72 21]
[07/09/12 16:39:28.217] 	recv: [3b: 31 71 13]
[07/09/12 16:39:28.223] 	recv: [7b: 31 72 21 00 00 00 00]
[07/09/12 16:39:28.230] send: [5b: 31 71 13 03 84]
[07/09/12 16:39:28.236] send: [3b: 31 72 21]
[07/09/12 16:39:28.236] 	recv: [3b: 31 71 13]
[07/09/12 16:39:28.241] 	recv: [7b: 31 72 21 00 00 00 00]
[07/09/12 16:39:28.249] send: [5b: 31 71 13 03 84]
[07/09/12 16:39:28.254] send: [3b: 31 72 21]
[07/09/12 16:39:28.254] 	recv: [3b: 31 71 13]
[07/09/12 16:39:28.260] 	recv: [7b: 31 72 21 00 00 00 00]
[07/09/12 16:39:28.268] send: [5b: 31 71 13 03 84]
[07/09/12 16:39:28.273] send: [3b: 31 72 21]
[07/09/12 16:39:28.273] 	recv: [3b: 31 71 13]
[07/09/12 16:39:28.279] 	recv: [7b: 31 72 21 00 00 00 00]
[07/09/12 16:39:28.286] send: [5b: 31 71 13 03 84]
[07/09/12 16:39:28.292] send: [3b: 31 72 21]
[07/09/12 16:39:28.292] 	recv: [3b: 31 71 13]
[07/09/12 16:39:28.297] 	recv: [7b: 31 72 21 00 00 00 00]
[07/09/12 16:39:28.305] send: [5b: 31 71 13 03 84]
[07/09/12 16:39:28.310] send: [3b: 31 72 21]
[07/09/12 16:39:28.310] 	recv: [3b: 31 71 13]
[07/09/12 16:39:28.316] 	recv: [7b: 31 72 21 00 00 00 00]
[07/09/12 16:39:28.324] send: [5b: 31 71 13 03 84]
[07/09/12 16:39:28.329] send: [3b: 31 72 21]
[07/09/12 16:39:28.329] 	recv: [3b: 31 71 13]
[07/09/12 16:39:28.335] 	recv: [7b: 31 72 21 00 00 00 00]
[07/09/12 16:39:28.342] send: [5b: 31 71 13 03 84]
[07/09/12 16:39:28.347] send: [3b: 31 72 21]
[07/09/12 16:39:28.347] 	recv: [3b: 31 71 13]
[07/09/12 16:39:28.353] 	recv: [7b: 31 72 21 00 00 00 00]
[07/09/12 16:39:28.361] send: [5b: 31 71 13 03 84]
[07/09/12 16:39:28.366] send: [3b: 31 72 21]
[07/09/12 16:39:28.366] 	recv: [3b: 31 71 13]
[07/09/12 16:39:28.372] 	recv: [7b: 31 72 21 00 00 00 00]
[07/09/12 16:39:28.379] send: [5b: 31 71 13 03 84]
[07/09/12 16:39:28.385] send: [3b: 31 72 21]
[07/09/12 16:39:28.385] 	recv: [3b: 31 71 13]
[07/09/12 16:39:28.390] 	recv: [7b: 31 72 21 00 00 00 00]
[07/09/12 16:39:28.398] send: [5b: 31 71 13 03 84]
[07/09/12 16:39:28.403] send: [3b: 31 72 21]
[07/09/12 16:39:28.403] 	recv: [3b: 31 71 13]
[07/09/12 16:39:28.409] 	recv: [7b: 31 72 21 00 00 00 00]
[07/09/12 16:39:28.417] send: [5b: 31 71 13 03 84]
[07/09/12 16:39:28.422] send: [3b: 31 72 21]
[07/09/12 16:39:28.422] 	recv: [3b: 31 71 13]
[07/09/12 16:39:28.428] 	recv: [7b: 31 72 21 00 00 00 00]
[07/09/12 16:39:28.436] send: [5b: 31 71 13 03 84]
[07/09/12 16:39:28.441] send: [3b: 31 72 21]
[07/09/12 16:39:28.441] 	recv: [3b: 31 71 13]
[07/09/12 16:39:28.447] 	recv: [7b: 31 72 21 00 00 00 00]
[07/09/12 16:39:28.454] send: [5b: 31 71 13 03 84]
[07/09/12 16:39:28.460] send: [3b: 31 72 21]
[07/09/12 16:39:28.460] 	recv: [3b: 31 71 13]
[07/09/12 16:39:28.465] send: [5b: 31 71 13 03 84]
[07/09/12 16:39:28.465] 	recv: [7b: 31 72 21 00 00 00 00]
[07/09/12 16:39:28.471] 	recv: [3b: 31 71 13]
[07/09/12 16:39:28.472] send: [5b: 31 71 13 03 84]
[07/09/12 16:39:28.477] 	recv: [3b: 31 71 13]
[07/09/12 16:39:28.485] send: [3b: 31 72 21]
[07/09/12 16:39:28.490] 	recv: [7b: 31 72 21 00 00 00 00]
[07/09/12 16:39:28.498] send: [5b: 31 71 13 03 84]
[07/09/12 16:39:28.502] send: [3b: 31 72 21]
[07/09/12 16:39:28.503] 	recv: [3b: 31 71 13]
[07/09/12 16:39:28.507] send: [5b: 31 71 13 03 84]
[07/09/12 16:39:28.508] 	recv: [7b: 31 72 21 00 00 00 00]
[07/09/12 16:39:28.512] 	recv: [3b: 31 71 13]
[07/09/12 16:39:28.513] send: [5b: 31 71 13 03 84]
[07/09/12 16:39:28.519] 	recv: [3b: 31 71 13]
[07/09/12 16:39:28.526] send: [3b: 31 72 21]
[07/09/12 16:39:28.532] 	recv: [7b: 31 72 21 00 00 00 00]
[07/09/12 16:39:28.539] send: [5b: 31 71 13 03 84]
[07/09/12 16:39:28.545] send: [3b: 31 72 21]
[07/09/12 16:39:28.545] 	recv: [3b: 31 71 13]
[07/09/12 16:39:28.550] 	recv: [7b: 31 72 21 00 00 00 00]
[07/09/12 16:39:28.558] send: [5b: 31 71 13 03 84]
[07/09/12 16:39:28.563] send: [3b: 31 72 21]
[07/09/12 16:39:28.563] 	recv: [3b: 31 71 13]
[07/09/12 16:39:28.569] 	recv: [7b: 31 72 21 00 00 00 00]
[07/09/12 16:39:28.577] send: [5b: 31 71 13 03 84]
[07/09/12 16:39:28.582] send: [3b: 31 72 21]
[07/09/12 16:39:28.582] 	recv: [3b: 31 71 13]
[07/09/12 16:39:28.588] 	recv: [7b: 31 72 21 00 00 00 00]
[07/09/12 16:39:28.595] send: [5b: 31 71 13 03 84]
[07/09/12 16:39:28.601] send: [3b: 31 72 21]
[07/09/12 16:39:28.601] 	recv: [3b: 31 71 13]
[07/09/12 16:39:28.606] 	recv: [7b: 31 72 21 00 00 00 00]
[07/09/12 16:39:28.614] send: [5b: 31 71 13 03 84]
[07/09/12 16:39:28.619] send: [3b: 31 72 21]
[07/09/12 16:39:28.619] 	recv: [3b: 31 71 13]
[07/09/12 16:39:28.625] 	recv: [7b: 31 72 21 00 00 00 00]
[07/09/12 16:39:28.633] send: [5b: 31 71 13 03 84]
[07/09/12 16:39:28.638] send: [3b: 31 72 21]
[07/09/12 16:39:28.638] 	recv: [3b: 31 71 13]
[07/09/12 16:39:28.643] send: [5b: 31 71 13 03 84]
[07/09/12 16:39:28.644] 	recv: [7b: 31 72 21 00 00 00 00]
[07/09/12 16:39:28.648] 	recv: [3b: 31 71 13]
[07/09/12 16:39:28.649] send: [5b: 31 71 13 03 84]
[07/09/12 16:39:28.655] 	recv: [3b: 31 71 13]
[07/09/12 16:39:28.662] send: [3b: 31 72 21]
[07/09/12 16:39:28.668] 	recv: [7b: 31 72 21 00 00 00 00]
[07/09/12 16:39:28.675] send: [5b: 31 71 13 03 84]
[07/09/12 16:39:28.680] send: [3b: 31 72 21]
[07/09/12 16:39:28.680] 	recv: [3b: 31 71 13]
[07/09/12 16:39:28.686] 	recv: [7b: 31 72 21 00 00 00 00]
[07/09/12 16:39:28.694] send: [5b: 31 71 13 03 84]
[07/09/12 16:39:28.699] send: [3b: 31 72 21]
[07/09/12 16:39:28.699] 	recv: [3b: 31 71 13]
[07/09/12 16:39:28.705] 	recv: [7b: 31 72 21 00 00 00 00]
[07/09/12 16:39:28.712] send: [5b: 31 71 13 03 84]
[07/09/12 16:39:28.718] send: [3b: 31 72 21]
[07/09/12 16:39:28.718] 	recv: [3b: 31 71 13]
[07/09/12 16:39:28.723] send: [5b: 31 71 13 03 84]
[07/09/12 16:39:28.723] 	recv: [7b: 31 72 21 00 00 00 00]
[07/09/12 16:39:28.728] 	recv: [3b: 31 71 13]
[07/09/12 16:39:28.729] send: [5b: 31 71 13 03 84]
[07/09/12 16:39:28.735] 	recv: [3b: 31 71 13]
[07/09/12 16:39:28.742] send: [3b: 31 72 21]
[07/09/12 16:39:28.748] 	recv: [7b: 31 72 21 00 00 00 00]
[07/09/12 16:39:28.756] send: [5b: 31 71 13 03 84]
[07/09/12 16:39:28.759] send: [3b: 31 72 21]
[07/09/12 16:39:28.761] 	recv: [3b: 31 71 F3]
[07/09/12 16:39:28.764] send: [5b: 31 71 13 03 84]
[07/09/12 16:39:28.770] 	recv: [3b: 31 71 13]
[07/09/12 16:39:28.777] send: [3b: 31 72 21]
[07/09/12 16:39:28.783] 	recv: [7b: 31 72 21 00 00 00 00]
[07/09/12 16:39:28.790] send: [5b: 31 71 13 03 84]
[07/09/12 16:39:28.796] send: [3b: 31 72 21]
[07/09/12 16:39:28.796] 	recv: [3b: 31 71 13]
[07/09/12 16:39:28.801] 	recv: [7b: 31 72 21 00 00 00 00]
[07/09/12 16:39:28.809] send: [5b: 31 71 13 03 84]
[07/09/12 16:39:28.815] send: [3b: 31 72 21]
[07/09/12 16:39:28.815] 	recv: [3b: 31 71 13]
[07/09/12 16:39:28.820] send: [5b: 31 71 13 03 84]
[07/09/12 16:39:28.820] 	recv: [7b: 31 72 21 00 00 00 00]
[07/09/12 16:39:28.825] 	recv: [3b: 31 71 13]
[07/09/12 16:39:28.826] send: [5b: 31 71 13 03 84]
[07/09/12 16:39:28.832] 	recv: [3b: 31 71 13]
[07/09/12 16:39:28.840] send: [3b: 31 72 21]
[07/09/12 16:39:28.845] 	recv: [7b: 31 72 21 00 00 00 00]
[07/09/12 16:39:28.853] send: [5b: 31 71 13 03 84]
[07/09/12 16:39:28.856] send: [3b: 31 72 21]
[07/09/12 16:39:28.858] 	recv: [2b: 31 71]
[07/09/12 16:39:28.862] send: [5b: 31 71 13 03 84]
[07/09/12 16:39:28.867] 	recv: [3b: 31 71 13]
[07/09/12 16:39:28.875] send: [3b: 31 72 21]
[07/09/12 16:39:28.880] 	recv: [7b: 31 72 21 00 00 00 00]
[07/09/12 16:39:28.888] send: [5b: 31 71 13 03 84]
[07/09/12 16:39:28.893] send: [3b: 31 72 21]
[07/09/12 16:39:28.893] 	recv: [3b: 31 71 13]
[07/09/12 16:39:28.899] send: [5b: 31 71 13 03 84]
[07/09/12 16:39:28.899] 	recv: [7b: 31 72 21 00 00 00 00]
[07/09/12 16:39:28.904] 	recv: [3b: 31 71 13]
[07/09/12 16:39:28.905] send: [5b: 31 71 13 03 84]
[07/09/12 16:39:28.910] 	recv: [3b: 31 71 13]
[07/09/12 16:39:28.918] send: [3b: 31 72 21]
[07/09/12 16:39:28.924] 	recv: [7b: 31 72 21 00 00 00 00]
[07/09/12 16:39:28.931] send: [5b: 31 71 13 03 84]
[07/09/12 16:39:28.935] send: [3b: 31 72 21]
[07/09/12 16:39:28.937] 	recv: [3b: 31 71 13]
[07/09/12 16:39:28.941] send: [5b: 31 71 13 03 84]
[07/09/12 16:39:28.941] 	recv: [7b: 31 72 21 00 00 00 00]
[07/09/12 16:39:28.946] 	recv: [3b: 31 71 13]
[07/09/12 16:39:28.947] send: [5b: 31 71 13 03 84]
[07/09/12 16:39:28.952] 	recv: [3b: 31 71 13]
[07/09/12 16:39:28.960] send: [3b: 31 72 21]
[07/09/12 16:39:28.966] 	recv: [7b: 31 72 21 00 00 00 00]
[07/09/12 16:39:28.973] send: [5b: 31 71 13 03 84]
[07/09/12 16:39:28.976] send: [3b: 31 72 21]
[07/09/12 16:39:28.978] 	recv: [2b: 31 F1]
[07/09/12 16:39:28.986] send: [3b: 31 72 21]
[07/09/12 16:39:28.989] send: [3b: 31 72 21]
[07/09/12 16:39:28.991] 	recv: [4b: 31 72 21 0C]
[07/09/12 16:39:28.999] send: [3b: 31 72 21]
[07/09/12 16:39:29.001] send: [3b: 31 72 21]
[07/09/12 16:39:29.006] 	recv: [3b: 31 F2 01]
[07/09/12 16:39:29.013] send: [3b: 31 72 21]
[07/09/12 16:39:29.019] send: [3b: 31 72 21]
[07/09/12 16:39:29.019] 	recv: [7b: 31 72 21 00 00 00 00]
[07/09/12 16:39:29.024] send: [5b: 31 71 13 03 84]
[07/09/12 16:39:29.024] 	recv: [7b: 31 72 21 00 00 00 00]
[07/09/12 16:39:29.029] 	recv: [3b: 31 71 13]
[07/09/12 16:39:29.030] send: [5b: 31 71 13 03 84]
[07/09/12 16:39:29.036] 	recv: [3b: 31 71 13]
[07/09/12 16:39:29.043] send: [3b: 31 72 21]
[07/09/12 16:39:29.049] 	recv: [7b: 31 72 21 00 00 00 00]
[07/09/12 16:39:29.056] send: [5b: 31 71 13 03 84]
[07/09/12 16:39:29.062] send: [3b: 31 72 21]
[07/09/12 16:39:29.062] 	recv: [3b: 31 71 13]
[07/09/12 16:39:29.067] 	recv: [7b: 31 72 21 00 00 00 00]
[07/09/12 16:39:29.075] send: [5b: 31 71 13 03 84]
[07/09/12 16:39:29.080] send: [3b: 31 72 21]
[07/09/12 16:39:29.080] 	recv: [3b: 31 71 13]
[07/09/12 16:39:29.086] 	recv: [7b: 31 72 21 00 00 00 00]
[07/09/12 16:39:29.093] send: [5b: 31 71 13 03 84]
[07/09/12 16:39:29.099] send: [3b: 31 72 21]
[07/09/12 16:39:29.099] 	recv: [3b: 31 71 13]
[07/09/12 16:39:29.104] 	recv: [7b: 31 72 21 00 00 00 00]
[07/09/12 16:39:29.112] send: [5b: 31 71 13 03 84]
[07/09/12 16:39:29.117] send: [3b: 31 72 21]
[07/09/12 16:39:29.117] 	recv: [3b: 31 71 13]
[07/09/12 16:39:29.123] 	recv: [7b: 31 72 21 00 00 00 00]
[07/09/12 16:39:29.130] send: [5b: 31 71 13 03 84]
[07/09/12 16:39:29.136] send: [3b: 31 72 21]
[07/09/12 16:39:29.136] 	recv: [3b: 31 71 13]
[07/09/12 16:39:29.141] 	recv: [7b: 31 72 21 00 00 00 00]
[07/09/12 16:39:29.149] send: [5b: 31 71 13 03 84]
[07/09/12 16:39:29.155] send: [3b: 31 72 21]
[07/09/12 16:39:29.155] 	recv: [3b: 31 71 13]
[07/09/12 16:39:29.160] send: [5b: 31 71 13 03 84]
[07/09/12 16:39:29.160] 	recv: [7b: 31 72 21 00 00 00 00]
[07/09/12 16:39:29.166] 	recv: [3b: 31 71 13]
[07/09/12 16:39:29.167] send: [5b: 31 71 13 03 84]
[07/09/12 16:39:29.172] 	recv: [3b: 31 71 13]
[07/09/12 16:39:29.179] send: [3b: 31 72 21]
[07/09/12 16:39:29.185] 	recv: [7b: 31 72 21 00 00 00 00]
[07/09/12 16:39:29.192] send: [5b: 31 71 13 03 84]
[07/09/12 16:39:29.198] send: [3b: 31 72 21]
[07/09/12 16:39:29.198] 	recv: [3b: 31 71 13]
[07/09/12 16:39:29.203] send: [5b: 31 71 13 03 84]
[07/09/12 16:39:29.203] 	recv: [7b: 31 72 21 00 00 00 00]
[07/09/12 16:39:29.208] 	recv: [3b: 31 71 13]
[07/09/12 16:39:29.209] send: [5b: 31 71 13 03 84]
[07/09/12 16:39:29.215] 	recv: [3b: 31 71 13]
[07/09/12 16:39:29.222] send: [3b: 31 72 21]
[07/09/12 16:39:29.228] 	recv: [7b: 31 72 21 00 00 00 00]
[07/09/12 16:39:29.236] send: [5b: 31 71 13 03 84]
[07/09/12 16:39:29.239] send: [3b: 31 72 21]
[07/09/12 16:39:29.241] 	recv: [3b: 31 71 FF]
[07/09/12 16:39:29.245] send: [5b: 31 71 13 03 84]
[07/09/12 16:39:29.250] 	recv: [3b: 31 71 13]
[07/09/12 16:39:29.258] send: [3b: 31 72 21]
[07/09/12 16:39:29.263] 	recv: [7b: 31 72 21 00 00 00 00]
[07/09/12 16:39:29.270] send: [5b: 31 71 13 03 84]
[07/09/12 16:39:29.275] send: [3b: 31 72 21]
[07/09/12 16:39:29.275] 	recv: [3b: 31 71 13]
[07/09/12 16:39:29.281] send: [5b: 31 71 13 03 84]
[07/09/12 16:39:29.281] 	recv: [7b: 31 72 21 00 00 00 00]
[07/09/12 16:39:29.286] 	recv: [3b: 31 71 13]
[07/09/12 16:39:29.287] send: [5b: 31 71 13 03 84]
[07/09/12 16:39:29.292] 	recv: [3b: 31 71 13]
[07/09/12 16:39:29.300] send: [3b: 31 72 21]
[07/09/12 16:39:29.305] 	recv: [7b: 31 72 21 00 00 00 00]
[07/09/12 16:39:29.311] error: bus thread interrupted
[07/09/12 16:39:29.312] resources: ut=0.06 st=0.00
[07/09/12 16:39:29.312] log finished
