[31/08/12 11:55:19.564] send: [2b: 31 47]
[31/08/12 11:55:19.569]     recv: [2b: 31 47]
[31/08/12 11:55:19.577] send: [5b: 31 71 13 01 2C]
[31/08/12 11:55:19.582]     recv: [3b: 31 71 13]
[31/08/12 11:55:19.590] send: [5b: 31 71 12 00 32]
[31/08/12 11:55:19.595]     recv: [3b: 31 71 12]
[31/08/12 11:55:19.603] send: [4b: 31 71 14 15]
[31/08/12 11:55:19.608]     recv: [3b: 31 71 14]
[31/08/12 11:55:19.615] send: [4b: 31 71 15 45]
[31/08/12 11:55:19.620]     recv: [3b: 31 71 15]
[31/08/12 11:55:19.631] send: [5b: 31 71 13 01 2C]
[31/08/12 11:55:19.637]     recv: [3b: 31 71 13]
[31/08/12 11:55:19.644] send: [7b: 31 71 21 00 00 00 00]
[31/08/12 11:55:19.650]     recv: [3b: 31 71 21]
[31/08/12 11:55:19.658] send: [3b: 31 72 21]
[31/08/12 11:55:19.664]     recv: [7b: 31 72 21 00 00 00 00]
[31/08/12 11:55:19.671] send: [5b: 31 71 13 00 14]
[31/08/12 11:55:19.676]     recv: [3b: 31 71 13]
[31/08/12 11:55:19.675] send: [3b: 31 72 21]
[31/08/12 11:55:19.681]     recv: [7b: 31 72 21 00 00 00 00]
[31/08/12 11:55:19.689] send: [5b: 31 71 13 00 14]
[31/08/12 11:55:19.694]     recv: [3b: 31 71 13]
[31/08/12 11:55:19.701] send: [3b: 31 72 21]
[31/08/12 11:55:19.706]     recv: [7b: 31 72 21 00 00 00 00]
[31/08/12 11:55:19.709] send: [5b: 31 71 13 00 14]
[31/08/12 11:55:19.714]     recv: [3b: 31 71 13]
[31/08/12 11:55:19.721] send: [3b: 31 72 21]
[31/08/12 11:55:19.727]     recv: [7b: 31 72 21 00 00 00 00]
[31/08/12 11:55:19.729] send: [5b: 31 71 13 00 14]
[31/08/12 11:55:19.735]     recv: [3b: 31 71 13]
[31/08/12 11:55:19.742] send: [3b: 31 72 21]
[31/08/12 11:55:19.748]     recv: [7b: 31 72 21 00 00 00 00]
[31/08/12 11:55:19.750] send: [5b: 31 71 13 00 14]
[31/08/12 11:55:19.755]     recv: [3b: 31 71 13]
[31/08/12 11:55:19.763] send: [3b: 31 72 21]
[31/08/12 11:55:19.769]     recv: [7b: 31 72 21 00 00 00 00]
[31/08/12 11:55:19.771] send: [5b: 31 71 13 00 14]
[31/08/12 11:55:19.777]     recv: [3b: 31 71 13]
[31/08/12 11:55:19.785] send: [3b: 31 72 21]
[31/08/12 11:55:19.790]     recv: [7b: 31 72 21 00 00 00 00]
[31/08/12 11:55:19.793] send: [5b: 31 71 13 00 14]
[31/08/12 11:55:19.798]     recv: [3b: 31 71 13]
[31/08/12 11:55:19.806] send: [3b: 31 72 21]
[31/08/12 11:55:19.811]     recv: [7b: 31 72 21 00 00 00 00]
[31/08/12 11:55:19.814] send: [5b: 31 71 13 00 14]
[31/08/12 11:55:19.819]     recv: [3b: 31 71 13]
[31/08/12 11:55:19.827] send: [3b: 31 72 21]
[31/08/12 11:55:19.833]     recv: [7b: 31 72 21 00 00 00 00]
[31/08/12 11:55:19.836] send: [5b: 31 71 13 00 14]
[31/08/12 11:55:19.841]     recv: [3b: 31 71 13]
[31/08/12 11:55:19.849] send: [3b: 31 72 21]
[31/08/12 11:55:19.854]     recv: [7b: 31 72 21 00 00 00 00]
[31/08/12 11:55:19.857] send: [5b: 31 71 13 00 14]
[31/08/12 11:55:19.862]     recv: [3b: 31 71 13]
[31/08/12 11:55:19.870] send: [3b: 31 72 21]
[31/08/12 11:55:19.875]     recv: [7b: 31 72 21 00 00 00 00]
[31/08/12 11:55:19.878] send: [5b: 31 71 13 00 14]
[31/08/12 11:55:19.883]     recv: [3b: 31 71 13]
[31/08/12 11:55:19.891] send: [3b: 31 72 21]
[31/08/12 11:55:19.897]     recv: [7b: 31 72 21 00 00 00 00]
[31/08/12 11:55:19.899] send: [5b: 31 71 13 00 14]
[31/08/12 11:55:19.905]     recv: [3b: 31 71 13]
[31/08/12 11:55:19.912] send: [3b: 31 72 21]
[31/08/12 11:55:19.918]     recv: [7b: 31 72 21 00 00 00 00]
[31/08/12 11:55:19.921] send: [5b: 31 71 13 00 14]
[31/08/12 11:55:19.926]     recv: [3b: 31 71 13]
[31/08/12 11:55:19.934] send: [3b: 31 72 21]
[31/08/12 11:55:19.939]     recv: [7b: 31 72 21 00 00 00 00]
[31/08/12 11:55:19.942] send: [5b: 31 71 13 00 14]
[31/08/12 11:55:19.947]     recv: [3b: 31 71 13]
[31/08/12 11:55:19.955] send: [3b: 31 72 21]
[31/08/12 11:55:19.960]     recv: [7b: 31 72 21 00 00 00 00]
[31/08/12 11:55:19.963] send: [5b: 31 71 13 00 14]
[31/08/12 11:55:19.968]     recv: [3b: 31 71 13]
[31/08/12 11:55:19.975] send: [3b: 31 72 21]
[31/08/12 11:55:19.980]     recv: [7b: 31 72 21 00 00 00 00]
[31/08/12 11:55:19.984] send: [5b: 31 71 13 00 14]
[31/08/12 11:55:19.989]     recv: [3b: 31 71 13]
[31/08/12 11:55:19.997] send: [3b: 31 72 21]
[31/08/12 11:55:20.003]     recv: [7b: 31 72 21 00 00 00 00]
[31/08/12 11:55:20.005] send: [5b: 31 71 13 00 14]
[31/08/12 11:55:20.011]     recv: [3b: 31 71 13]
[31/08/12 11:55:20.019] send: [3b: 31 72 21]
[31/08/12 11:55:20.024]     recv: [7b: 31 72 21 00 00 00 00]
[31/08/12 11:55:20.027] send: [5b: 31 71 13 00 14]
[31/08/12 11:55:20.032]     recv: [3b: 31 71 13]
[31/08/12 11:55:20.040] send: [3b: 31 72 21]
[31/08/12 11:55:20.046]     recv: [7b: 31 72 21 00 00 00 00]
[31/08/12 11:55:20.048] send: [5b: 31 71 13 00 14]
[31/08/12 11:55:20.053]     recv: [3b: 31 71 13]
[31/08/12 11:55:20.061] send: [3b: 31 72 21]
[31/08/12 11:55:20.067]     recv: [7b: 31 72 21 00 00 00 00]
[31/08/12 11:55:20.069] send: [5b: 31 71 13 00 14]
[31/08/12 11:55:20.075]     recv: [3b: 31 71 13]
[31/08/12 11:55:20.082] send: [3b: 31 72 21]
[31/08/12 11:55:20.088]     recv: [7b: 31 72 21 00 00 00 00]
[31/08/12 11:55:20.091] send: [5b: 31 71 13 00 14]
[31/08/12 11:55:20.096]     recv: [3b: 31 71 13]
[31/08/12 11:55:20.104] send: [3b: 31 72 21]
[31/08/12 11:55:20.109]     recv: [7b: 31 72 21 00 00 00 00]
[31/08/12 11:55:20.112] send: [5b: 31 71 13 00 14]
[31/08/12 11:55:20.117]     recv: [3b: 31 71 13]
[31/08/12 11:55:20.124] send: [3b: 31 72 21]
[31/08/12 11:55:20.130]     recv: [7b: 31 72 21 00 00 00 00]
[31/08/12 11:55:20.133] send: [5b: 31 71 13 00 14]
[31/08/12 11:55:20.139]     recv: [3b: 31 71 13]
[31/08/12 11:55:20.147] send: [3b: 31 72 21]
[31/08/12 11:55:20.152]     recv: [7b: 31 72 21 00 00 00 00]
[31/08/12 11:55:20.155] send: [5b: 31 71 13 00 14]
[31/08/12 11:55:20.160]     recv: [3b: 31 71 13]
[31/08/12 11:55:20.168] send: [3b: 31 72 21]
[31/08/12 11:55:20.173]     recv: [7b: 31 72 21 00 00 00 00]
[31/08/12 11:55:20.176] send: [5b: 31 71 13 00 14]
[31/08/12 11:55:20.181]     recv: [3b: 31 71 13]
[31/08/12 11:55:20.189] send: [3b: 31 72 21]
[31/08/12 11:55:20.195]     recv: [7b: 31 72 21 00 00 00 00]
[31/08/12 11:55:20.197] send: [5b: 31 71 13 00 14]
[31/08/12 11:55:20.202]     recv: [3b: 31 71 13]
[31/08/12 11:55:20.210] send: [3b: 31 72 21]
[31/08/12 11:55:20.216]     recv: [7b: 31 72 21 00 00 00 00]
[31/08/12 11:55:20.218] send: [5b: 31 71 13 00 14]
[31/08/12 11:55:20.223]     recv: [3b: 31 71 13]
[31/08/12 11:55:20.231] send: [3b: 31 72 21]
[31/08/12 11:55:20.237]     recv: [7b: 31 72 21 00 00 00 00]
[31/08/12 11:55:20.239] send: [5b: 31 71 13 00 14]
[31/08/12 11:55:20.244]     recv: [3b: 31 71 13]
[31/08/12 11:55:20.252] send: [3b: 31 72 21]
[31/08/12 11:55:20.258]     recv: [7b: 31 72 21 00 00 00 00]
[31/08/12 11:55:20.260] send: [5b: 31 71 13 00 14]
[31/08/12 11:55:20.265]     recv: [3b: 31 71 13]
[31/08/12 11:55:20.273] send: [3b: 31 72 21]
[31/08/12 11:55:20.279]     recv: [7b: 31 72 21 00 00 00 00]
[31/08/12 11:55:20.281] send: [5b: 31 71 13 00 14]
[31/08/12 11:55:20.287]     recv: [3b: 31 71 13]
[31/08/12 11:55:20.294] send: [3b: 31 72 21]
[31/08/12 11:55:20.300]     recv: [7b: 31 72 21 00 00 00 00]
[31/08/12 11:55:20.302] send: [5b: 31 71 13 00 14]
[31/08/12 11:55:20.308]     recv: [3b: 31 71 13]
[31/08/12 11:55:20.315] send: [3b: 31 72 21]
[31/08/12 11:55:20.321]     recv: [7b: 31 72 21 00 00 00 00]
[31/08/12 11:55:20.324] send: [5b: 31 71 13 00 14]
[31/08/12 11:55:20.329]     recv: [3b: 31 71 13]
[31/08/12 11:55:20.337] send: [3b: 31 72 21]
[31/08/12 11:55:20.342]     recv: [7b: 31 72 21 00 00 00 00]
[31/08/12 11:55:20.345] send: [5b: 31 71 13 00 14]
[31/08/12 11:55:20.350]     recv: [3b: 31 71 13]
[31/08/12 11:55:20.358] send: [3b: 31 72 21]
[31/08/12 11:55:20.364]     recv: [7b: 31 72 21 00 00 00 00]
[31/08/12 11:55:20.366] send: [5b: 31 71 13 00 14]
[31/08/12 11:55:20.372]     recv: [3b: 31 71 13]
[31/08/12 11:55:20.379] send: [3b: 31 72 21]
[31/08/12 11:55:20.385]     recv: [7b: 31 72 21 00 00 00 00]
[31/08/12 11:55:20.387] send: [5b: 31 71 13 00 14]
[31/08/12 11:55:20.393]     recv: [3b: 31 71 13]
[31/08/12 11:55:20.400] send: [3b: 31 72 21]
[31/08/12 11:55:20.406]     recv: [7b: 31 72 21 00 00 00 00]
[31/08/12 11:55:20.408] send: [5b: 31 71 13 00 14]
[31/08/12 11:55:20.414]     recv: [3b: 31 71 13]
[31/08/12 11:55:20.421] send: [3b: 31 72 21]
[31/08/12 11:55:20.427]     recv: [7b: 31 72 21 00 00 00 00]
[31/08/12 11:55:20.429] send: [5b: 31 71 13 00 14]
[31/08/12 11:55:20.435]     recv: [3b: 31 71 13]
[31/08/12 11:55:20.442] send: [3b: 31 72 21]
[31/08/12 11:55:20.448]     recv: [7b: 31 72 21 00 00 00 00]
[31/08/12 11:55:20.450] send: [5b: 31 71 13 00 14]
[31/08/12 11:55:20.456]     recv: [3b: 31 71 13]
[31/08/12 11:55:20.463] send: [3b: 31 72 21]
[31/08/12 11:55:20.469]     recv: [7b: 31 72 21 00 00 00 00]
[31/08/12 11:55:20.471] send: [5b: 31 71 13 00 14]
[31/08/12 11:55:20.477]     recv: [3b: 31 71 13]
[31/08/12 11:55:20.484] send: [3b: 31 72 21]
[31/08/12 11:55:20.490]     recv: [7b: 31 72 21 00 00 00 00]
[31/08/12 11:55:20.492] send: [5b: 31 71 13 00 14]
[31/08/12 11:55:20.497]     recv: [3b: 31 71 13]
[31/08/12 11:55:20.505] send: [3b: 31 72 21]
[31/08/12 11:55:20.511]     recv: [7b: 31 72 21 00 00 00 00]
[31/08/12 11:55:20.513] send: [5b: 31 71 13 00 14]
[31/08/12 11:55:20.519]     recv: [3b: 31 71 13]
[31/08/12 11:55:20.526] send: [3b: 31 72 21]
[31/08/12 11:55:20.532]     recv: [7b: 31 72 21 00 00 00 00]
[31/08/12 11:55:20.534] send: [5b: 31 71 13 00 14]
[31/08/12 11:55:20.540]     recv: [3b: 31 71 13]
[31/08/12 11:55:20.547] send: [3b: 31 72 21]
[31/08/12 11:55:20.553]     recv: [7b: 31 72 21 00 00 00 00]
[31/08/12 11:55:20.556] send: [5b: 31 71 13 00 14]
[31/08/12 11:55:20.561]     recv: [3b: 31 71 13]
[31/08/12 11:55:20.568] send: [3b: 31 72 21]
[31/08/12 11:55:20.574]     recv: [7b: 31 72 21 00 00 00 00]
[31/08/12 11:55:20.576] send: [5b: 31 71 13 00 14]
[31/08/12 11:55:20.582]     recv: [3b: 31 71 13]
[31/08/12 11:55:20.589] send: [3b: 31 72 21]
[31/08/12 11:55:20.595]     recv: [7b: 31 72 21 00 00 00 00]
[31/08/12 11:55:20.597] send: [5b: 31 71 13 00 14]
[31/08/12 11:55:20.603]     recv: [3b: 31 71 13]
[31/08/12 11:55:20.610] send: [3b: 31 72 21]
[31/08/12 11:55:20.616]     recv: [7b: 31 72 21 00 00 00 00]
[31/08/12 11:55:20.618] send: [5b: 31 71 13 00 14]
[31/08/12 11:55:20.624]     recv: [3b: 31 71 13]
[31/08/12 11:55:20.631] send: [3b: 31 72 21]
[31/08/12 11:55:20.637]     recv: [7b: 31 72 21 00 00 00 00]
[31/08/12 11:55:20.639] send: [5b: 31 71 13 00 14]
[31/08/12 11:55:20.645]     recv: [3b: 31 71 13]
[31/08/12 11:55:20.652] send: [3b: 31 72 21]
[31/08/12 11:55:20.658]     recv: [7b: 31 72 21 00 00 00 00]
[31/08/12 11:55:20.661] send: [5b: 31 71 13 00 14]
[31/08/12 11:55:20.666]     recv: [3b: 31 71 13]
[31/08/12 11:55:20.674] send: [3b: 31 72 21]
[31/08/12 11:55:20.679]     recv: [7b: 31 72 21 00 00 00 00]
[31/08/12 11:55:20.682] send: [5b: 31 71 13 00 14]
[31/08/12 11:55:20.687]     recv: [3b: 31 71 13]
[31/08/12 11:55:20.695] send: [3b: 31 72 21]
[31/08/12 11:55:20.700]     recv: [7b: 31 72 21 00 00 00 00]
[31/08/12 11:55:20.703] send: [5b: 31 71 13 00 14]
[31/08/12 11:55:20.708]     recv: [3b: 31 71 13]
[31/08/12 11:55:20.716] send: [3b: 31 72 21]
[31/08/12 11:55:20.721]     recv: [7b: 31 72 21 00 00 00 00]
[31/08/12 11:55:20.724] send: [5b: 31 71 13 00 14]
[31/08/12 11:55:20.729]     recv: [3b: 31 71 13]
[31/08/12 11:55:20.737] send: [3b: 31 72 21]
[31/08/12 11:55:20.743]     recv: [7b: 31 72 21 00 00 00 00]
[31/08/12 11:55:20.745] send: [5b: 31 71 13 00 14]
[31/08/12 11:55:20.750]     recv: [3b: 31 71 13]
[31/08/12 11:55:20.758] send: [3b: 31 72 21]
[31/08/12 11:55:20.764]     recv: [7b: 31 72 21 00 00 00 00]
[31/08/12 11:55:20.766] send: [5b: 31 71 13 00 14]
[31/08/12 11:55:20.771]     recv: [3b: 31 71 13]
[31/08/12 11:55:20.779] send: [3b: 31 72 21]
[31/08/12 11:55:20.785]     recv: [7b: 31 72 21 00 00 00 00]
[31/08/12 11:55:20.787] send: [5b: 31 71 13 00 14]
[31/08/12 11:55:20.793]     recv: [3b: 31 71 13]
[31/08/12 11:55:20.800] send: [3b: 31 72 21]
[31/08/12 11:55:20.806]     recv: [7b: 31 72 21 00 00 00 00]
[31/08/12 11:55:20.808] send: [5b: 31 71 13 00 14]
[31/08/12 11:55:20.813]     recv: [3b: 31 71 13]
[31/08/12 11:55:20.821] send: [3b: 31 72 21]
[31/08/12 11:55:20.827]     recv: [7b: 31 72 21 00 00 00 00]
[31/08/12 11:55:20.829] send: [5b: 31 71 13 00 14]
[31/08/12 11:55:20.834]     recv: [3b: 31 71 13]
[31/08/12 11:55:20.842] send: [3b: 31 72 21]
[31/08/12 11:55:20.848]     recv: [7b: 31 72 21 00 00 00 00]
[31/08/12 11:55:20.850] send: [5b: 31 71 13 00 14]
[31/08/12 11:55:20.856]     recv: [3b: 31 71 13]
[31/08/12 11:55:20.863] send: [3b: 31 72 21]
[31/08/12 11:55:20.869]     recv: [7b: 31 72 21 00 00 00 00]
[31/08/12 11:55:20.871] send: [5b: 31 71 13 00 14]
[31/08/12 11:55:20.877]     recv: [3b: 31 71 13]
[31/08/12 11:55:20.884] send: [3b: 31 72 21]
[31/08/12 11:55:20.890]     recv: [7b: 31 72 21 00 00 00 00]
[31/08/12 11:55:20.892] send: [5b: 31 71 13 00 14]
[31/08/12 11:55:20.898]     recv: [3b: 31 71 13]
[31/08/12 11:55:20.905] send: [3b: 31 72 21]
[31/08/12 11:55:20.911]     recv: [7b: 31 72 21 00 00 00 00]
[31/08/12 11:55:20.913] send: [5b: 31 71 13 00 14]
[31/08/12 11:55:20.919]     recv: [3b: 31 71 13]
[31/08/12 11:55:20.926] send: [3b: 31 72 21]
[31/08/12 11:55:20.932]     recv: [7b: 31 72 21 00 00 00 00]
[31/08/12 11:55:20.934] send: [5b: 31 71 13 00 14]
[31/08/12 11:55:20.940]     recv: [3b: 31 71 13]
[31/08/12 11:55:20.947] send: [3b: 31 72 21]
[31/08/12 11:55:20.953]     recv: [7b: 31 72 21 00 00 00 00]