[01/01/09 01:30:23.974] log started
[01/01/09 01:30:23.974] 	[ BusInterface ]
[01/01/09 01:30:23.974] 	cycle = 100
[01/01/09 01:30:23.974] 	href = cout_8888
[01/01/09 01:30:23.974] 	interface = ethernet
[01/01/09 01:30:23.974] 	localAddr = 0.0.0.0
[01/01/09 01:30:23.974] 	localPort = 8888
[01/01/09 01:30:23.974] 	log:path = 
[01/01/09 01:30:23.974] 	log:size = 
[01/01/09 01:30:23.974] 	log:type = 
[01/01/09 01:30:23.974] 	name = TCP/UDP/UnixSocket Network Bus
[01/01/09 01:30:23.974] 	protocol = tcp
[01/01/09 01:30:23.974] 	stopDelay = 500
[01/01/09 01:30:23.974] 	sym = bus_8888
[01/01/09 01:30:23.974] 	type = ethernet
[01/01/09 01:30:23.974] 	vendor = Spetstekhnika
[01/01/09 01:30:23.975] tid = 4222
[01/01/09 01:30:23.980] tcpServer(0.0.0.0:8888) 
[01/01/09 01:30:23.983] tcp_connection started (receive size=10240)
[01/01/09 01:30:23.985] tcp_connection started (receive size=10240)
[01/01/09 01:32:26.725] error: bus thread interrupted
[01/01/09 01:32:26.768] resources: ut=0.16 st=0.03
[01/01/09 01:32:26.768] log finished
