[01/01/09 01:30:23.584] log started
[01/01/09 01:30:23.584] 	[  ]
[01/01/09 01:30:23.585] 	interface = plugins_threads
[01/01/09 01:30:23.585] 	log:path = 
[01/01/09 01:30:23.585] 	log:size = 
[01/01/09 01:30:23.585] 	log:type = 
[01/01/09 01:30:23.585] 	name = PluginsThreads
[01/01/09 01:30:23.585] 	sym = plugins_threads
[01/01/09 01:30:23.585] 	vendor = Spectechnika
[01/01/09 01:30:23.924] start in thread sym = bus_5556
[01/01/09 01:30:23.924] start in thread sym = bus_5515
[01/01/09 01:30:23.924] start in thread sym = bus_4001
[01/01/09 01:30:23.924] start in thread sym = bus_4002
[01/01/09 01:30:23.925] start in thread sym = bus_4003
[01/01/09 01:30:23.925] start in thread sym = bus_4004
[01/01/09 01:30:23.925] start in thread sym = bus_4005
[01/01/09 01:30:23.925] start in thread sym = bus_4006
[01/01/09 01:30:23.925] start in thread sym = bus_4013
[01/01/09 01:30:23.925] start in thread sym = bus_4007
[01/01/09 01:30:23.925] start in thread sym = bus_4008
[01/01/09 01:30:23.925] start in thread sym = bus_4009
[01/01/09 01:30:23.926] start in thread sym = bus_4011
[01/01/09 01:30:23.926] start in thread sym = bus_4012
[01/01/09 01:30:23.926] start in thread sym = bus_4014
[01/01/09 01:30:23.926] start in thread sym = bus_4015
[01/01/09 01:30:23.926] start in thread sym = bus_4010
[01/01/09 01:30:23.926] start in thread sym = bus_4016
[01/01/09 01:30:23.926] start in thread sym = bus_daq_1
[01/01/09 01:30:23.926] start in thread sym = bus_8888
[01/01/09 01:30:23.926] start in thread sym = bus_8887
[01/01/09 01:30:28.927] init(): query thread id's
[01/01/09 01:30:28.927] 	4203 => bus_5556
[01/01/09 01:30:28.927] 	4204 => bus_5515
[01/01/09 01:30:28.927] 	4205 => bus_4001
[01/01/09 01:30:28.927] 	4206 => bus_4002
[01/01/09 01:30:28.927] 	4207 => bus_4003
[01/01/09 01:30:28.927] 	4208 => bus_4004
[01/01/09 01:30:28.927] 	4209 => bus_4005
[01/01/09 01:30:28.927] 	4210 => bus_4006
[01/01/09 01:30:28.927] 	4211 => bus_4013
[01/01/09 01:30:28.927] 	4212 => bus_4007
[01/01/09 01:30:28.927] 	4213 => bus_4008
[01/01/09 01:30:28.928] 	4214 => bus_4009
[01/01/09 01:30:28.928] 	4215 => bus_4011
[01/01/09 01:30:28.928] 	4216 => bus_4012
[01/01/09 01:30:28.928] 	4217 => bus_4014
[01/01/09 01:30:28.928] 	4218 => bus_4015
[01/01/09 01:30:28.928] 	4219 => bus_4010
[01/01/09 01:30:28.929] 	4220 => bus_4016
[01/01/09 01:30:28.929] 	4221 => bus_daq_1
[01/01/09 01:30:28.929] 	4222 => bus_8888
[01/01/09 01:30:28.929] 	4223 => bus_8887
[01/01/09 01:30:28.929] init(): created threads 21 normal, 0 protected
[01/01/09 01:32:26.734] resources: ut=0.16 st=0.03
[01/01/09 01:32:26.735] log finished
