[01/01/09 01:28:34.022] log started
[01/01/09 01:28:34.022] 	[ BusInterface ]
[01/01/09 01:28:34.022] 	cycle = 100
[01/01/09 01:28:34.022] 	href = cin_8887
[01/01/09 01:28:34.022] 	interface = ethernet
[01/01/09 01:28:34.022] 	localAddr = 0.0.0.0
[01/01/09 01:28:34.022] 	localPort = 8887
[01/01/09 01:28:34.022] 	log:path = 
[01/01/09 01:28:34.022] 	log:size = 
[01/01/09 01:28:34.023] 	log:type = 
[01/01/09 01:28:34.023] 	name = TCP/UDP/UnixSocket Network Bus
[01/01/09 01:28:34.023] 	protocol = tcp
[01/01/09 01:28:34.023] 	stopDelay = 500
[01/01/09 01:28:34.023] 	sym = bus_8887
[01/01/09 01:28:34.023] 	type = ethernet
[01/01/09 01:28:34.023] 	vendor = Spetstekhnika
[01/01/09 01:28:34.023] tid = 2833
[01/01/09 01:28:34.024] tcpServer(0.0.0.0:8887) 
[01/01/09 01:28:34.030] tcp_connection started (receive size=10240)
[01/01/09 01:28:34.032] tcp_connection started (receive size=10240)
[01/01/09 01:29:10.882] error: bus thread interrupted
[01/01/09 01:29:10.917] resources: ut=0.18 st=0.02
[01/01/09 01:29:10.917] log finished
