[01/01/09 01:28:34.012] log started
[01/01/09 01:28:34.012] 	[ BusInterface ]
[01/01/09 01:28:34.012] 	cycle = 50
[01/01/09 01:28:34.012] 	delayWriteTime = 6
[01/01/09 01:28:34.012] 	href = cout_4010
[01/01/09 01:28:34.012] 	interface = ethernet
[01/01/09 01:28:34.012] 	localAddr = 10.0.0.1
[01/01/09 01:28:34.012] 	localPort = 4010
[01/01/09 01:28:34.012] 	log:path = 
[01/01/09 01:28:34.012] 	log:size = 
[01/01/09 01:28:34.012] 	log:type = info
[01/01/09 01:28:34.012] 	name = TCP/UDP/UnixSocket Network Bus
[01/01/09 01:28:34.012] 	protocol = udp
[01/01/09 01:28:34.012] 	remoteAddr = 10.0.0.2
[01/01/09 01:28:34.012] 	remotePort = 4010
[01/01/09 01:28:34.013] 	sym = bus_4010
[01/01/09 01:28:34.013] 	type = ethernet
[01/01/09 01:28:34.013] 	vendor = Spetstekhnika
[01/01/09 01:28:34.013] 	writeDelay = async
[01/01/09 01:28:34.013] tid = 2829
[01/01/09 01:28:34.025] udp connection started (cycle=50, receive size=10240)
[01/01/09 01:28:34.025] 	local  = 10.0.0.1:4010
[01/01/09 01:28:34.026] 	remote = 10.0.0.2:4010
[01/01/09 01:28:34.026] 	SO_RCVBUF = 63488
[01/01/09 01:28:34.026] 	SO_SNDBUF = 63488
[01/01/09 01:28:34.048] send: [5b: 02 46 00 E2 60]
[01/01/09 01:28:34.055] 	recv: [9b: 02 46 00 00 70 45 00 05 2D]
[01/01/09 01:28:34.074] send: [5b: 03 46 00 B3 A0]
[01/01/09 01:28:34.079] 	recv: [9b: 03 46 00 00 70 45 00 15 ED]
[01/01/09 01:28:34.095] send: [11b: 02 0F 00 00 00 0C 02 23 0E 69 B4]
[01/01/09 01:28:34.102] 	recv: [8b: 02 0F 00 00 00 0C 55 FD]
[01/01/09 01:28:34.117] send: [10b: 03 0F 00 00 00 08 01 37 3E 9A]
[01/01/09 01:28:34.124] 	recv: [8b: 03 0F 00 00 00 08 55 EF]
[01/01/09 01:28:34.354] send: [11b: 02 0F 00 00 00 0C 02 23 0E 69 B4]
[01/01/09 01:28:34.361] 	recv: [8b: 02 0F 00 00 00 0C 55 FD]
[01/01/09 01:28:34.374] send: [10b: 03 0F 00 00 00 08 01 37 3E 9A]
[01/01/09 01:28:34.381] 	recv: [8b: 03 0F 00 00 00 08 55 EF]
[01/01/09 01:28:34.596] send: [11b: 02 0F 00 00 00 0C 02 23 0E 69 B4]
[01/01/09 01:28:34.603] 	recv: [8b: 02 0F 00 00 00 0C 55 FD]
[01/01/09 01:28:34.615] send: [10b: 03 0F 00 00 00 08 01 37 3E 9A]
[01/01/09 01:28:34.622] 	recv: [8b: 03 0F 00 00 00 08 55 EF]
[01/01/09 01:28:34.834] send: [11b: 02 0F 00 00 00 0C 02 23 0E 69 B4]
[01/01/09 01:28:34.842] 	recv: [8b: 02 0F 00 00 00 0C 55 FD]
[01/01/09 01:28:34.856] send: [10b: 03 0F 00 00 00 08 01 37 3E 9A]
[01/01/09 01:28:34.863] 	recv: [8b: 03 0F 00 00 00 08 55 EF]
[01/01/09 01:28:35.085] send: [11b: 02 0F 00 00 00 0C 02 23 0E 69 B4]
[01/01/09 01:28:35.092] 	recv: [8b: 02 0F 00 00 00 0C 55 FD]
[01/01/09 01:28:35.104] send: [10b: 03 0F 00 00 00 08 01 37 3E 9A]
[01/01/09 01:28:35.111] 	recv: [8b: 03 0F 00 00 00 08 55 EF]
[01/01/09 01:28:35.325] send: [11b: 02 0F 00 00 00 0C 02 23 0E 69 B4]
[01/01/09 01:28:35.331] 	recv: [8b: 02 0F 00 00 00 0C 55 FD]
[01/01/09 01:28:35.348] send: [10b: 03 0F 00 00 00 08 01 37 3E 9A]
[01/01/09 01:28:35.354] 	recv: [8b: 03 0F 00 00 00 08 55 EF]
[01/01/09 01:28:35.577] send: [11b: 02 0F 00 00 00 0C 02 23 0E 69 B4]
[01/01/09 01:28:35.585] 	recv: [8b: 02 0F 00 00 00 0C 55 FD]
[01/01/09 01:28:35.594] send: [10b: 03 0F 00 00 00 08 01 37 3E 9A]
[01/01/09 01:28:35.603] 	recv: [8b: 03 0F 00 00 00 08 55 EF]
[01/01/09 01:28:35.815] send: [11b: 02 0F 00 00 00 0C 02 23 0E 69 B4]
[01/01/09 01:28:35.823] 	recv: [8b: 02 0F 00 00 00 0C 55 FD]
[01/01/09 01:28:35.834] send: [10b: 03 0F 00 00 00 08 01 37 3E 9A]
[01/01/09 01:28:35.842] 	recv: [8b: 03 0F 00 00 00 08 55 EF]
[01/01/09 01:28:36.058] send: [11b: 02 0F 00 00 00 0C 02 23 0E 69 B4]
[01/01/09 01:28:36.065] 	recv: [8b: 02 0F 00 00 00 0C 55 FD]
[01/01/09 01:28:36.074] send: [10b: 03 0F 00 00 00 08 01 37 3E 9A]
[01/01/09 01:28:36.081] 	recv: [8b: 03 0F 00 00 00 08 55 EF]
[01/01/09 01:28:36.297] send: [11b: 02 0F 00 00 00 0C 02 23 0E 69 B4]
[01/01/09 01:28:36.305] 	recv: [8b: 02 0F 00 00 00 0C 55 FD]
[01/01/09 01:28:36.325] send: [10b: 03 0F 00 00 00 08 01 37 3E 9A]
[01/01/09 01:28:36.332] 	recv: [8b: 03 0F 00 00 00 08 55 EF]
[01/01/09 01:28:36.544] send: [11b: 02 0F 00 00 00 0C 02 23 0E 69 B4]
[01/01/09 01:28:36.553] 	recv: [8b: 02 0F 00 00 00 0C 55 FD]
[01/01/09 01:28:36.564] send: [10b: 03 0F 00 00 00 08 01 37 3E 9A]
[01/01/09 01:28:36.572] 	recv: [8b: 03 0F 00 00 00 08 55 EF]
[01/01/09 01:28:36.785] send: [11b: 02 0F 00 00 00 0C 02 23 0E 69 B4]
[01/01/09 01:28:36.792] 	recv: [8b: 02 0F 00 00 00 0C 55 FD]
[01/01/09 01:28:36.804] send: [10b: 03 0F 00 00 00 08 01 37 3E 9A]
[01/01/09 01:28:36.812] 	recv: [8b: 03 0F 00 00 00 08 55 EF]
[01/01/09 01:28:37.036] send: [11b: 02 0F 00 00 00 0C 02 23 0E 69 B4]
[01/01/09 01:28:37.043] 	recv: [8b: 02 0F 00 00 00 0C 55 FD]
[01/01/09 01:28:37.055] send: [10b: 03 0F 00 00 00 08 01 37 3E 9A]
[01/01/09 01:28:37.062] 	recv: [8b: 03 0F 00 00 00 08 55 EF]
[01/01/09 01:28:37.274] send: [11b: 02 0F 00 00 00 0C 02 23 0E 69 B4]
[01/01/09 01:28:37.282] 	recv: [8b: 02 0F 00 00 00 0C 55 FD]
[01/01/09 01:28:37.294] send: [10b: 03 0F 00 00 00 08 01 37 3E 9A]
[01/01/09 01:28:37.302] 	recv: [8b: 03 0F 00 00 00 08 55 EF]
[01/01/09 01:28:37.515] send: [11b: 02 0F 00 00 00 0C 02 23 0E 69 B4]
[01/01/09 01:28:37.521] 	recv: [8b: 02 0F 00 00 00 0C 55 FD]
[01/01/09 01:28:37.543] send: [10b: 03 0F 00 00 00 08 01 37 3E 9A]
[01/01/09 01:28:37.551] 	recv: [8b: 03 0F 00 00 00 08 55 EF]
[01/01/09 01:28:37.786] send: [11b: 02 0F 00 00 00 0C 02 23 0E 69 B4]
[01/01/09 01:28:37.794] 	recv: [8b: 02 0F 00 00 00 0C 55 FD]
[01/01/09 01:28:37.806] send: [10b: 03 0F 00 00 00 08 01 37 3E 9A]
[01/01/09 01:28:37.814] 	recv: [8b: 03 0F 00 00 00 08 55 EF]
[01/01/09 01:28:38.055] send: [11b: 02 0F 00 00 00 0C 02 23 0E 69 B4]
[01/01/09 01:28:38.062] 	recv: [8b: 02 0F 00 00 00 0C 55 FD]
[01/01/09 01:28:38.073] send: [10b: 03 0F 00 00 00 08 01 37 3E 9A]
[01/01/09 01:28:38.080] 	recv: [8b: 03 0F 00 00 00 08 55 EF]
[01/01/09 01:28:38.316] send: [11b: 02 0F 00 00 00 0C 02 23 0E 69 B4]
[01/01/09 01:28:38.323] 	recv: [8b: 02 0F 00 00 00 0C 55 FD]
[01/01/09 01:28:38.334] send: [10b: 03 0F 00 00 00 08 01 37 3E 9A]
[01/01/09 01:28:38.341] 	recv: [8b: 03 0F 00 00 00 08 55 EF]
[01/01/09 01:28:38.574] send: [11b: 02 0F 00 00 00 0C 02 23 0E 69 B4]
[01/01/09 01:28:38.582] 	recv: [8b: 02 0F 00 00 00 0C 55 FD]
[01/01/09 01:28:38.593] send: [10b: 03 0F 00 00 00 08 01 37 3E 9A]
[01/01/09 01:28:38.601] 	recv: [8b: 03 0F 00 00 00 08 55 EF]
[01/01/09 01:28:38.816] send: [11b: 02 0F 00 00 00 0C 02 23 0E 69 B4]
[01/01/09 01:28:38.823] 	recv: [8b: 02 0F 00 00 00 0C 55 FD]
[01/01/09 01:28:38.836] send: [10b: 03 0F 00 00 00 08 01 37 3E 9A]
[01/01/09 01:28:38.843] 	recv: [8b: 03 0F 00 00 00 08 55 EF]
[01/01/09 01:28:39.054] send: [11b: 02 0F 00 00 00 0C 02 23 0E 69 B4]
[01/01/09 01:28:39.062] 	recv: [8b: 02 0F 00 00 00 0C 55 FD]
[01/01/09 01:28:39.075] send: [10b: 03 0F 00 00 00 08 01 37 3E 9A]
[01/01/09 01:28:39.082] 	recv: [8b: 03 0F 00 00 00 08 55 EF]
[01/01/09 01:28:39.295] send: [11b: 02 0F 00 00 00 0C 02 23 0E 69 B4]
[01/01/09 01:28:39.303] 	recv: [8b: 02 0F 00 00 00 0C 55 FD]
[01/01/09 01:28:39.314] send: [10b: 03 0F 00 00 00 08 01 37 3E 9A]
[01/01/09 01:28:39.322] 	recv: [8b: 03 0F 00 00 00 08 55 EF]
[01/01/09 01:28:39.546] send: [11b: 02 0F 00 00 00 0C 02 23 0E 69 B4]
[01/01/09 01:28:39.553] 	recv: [8b: 02 0F 00 00 00 0C 55 FD]
[01/01/09 01:28:39.565] send: [10b: 03 0F 00 00 00 08 01 37 3E 9A]
[01/01/09 01:28:39.572] 	recv: [8b: 03 0F 00 00 00 08 55 EF]
[01/01/09 01:28:39.784] send: [11b: 02 0F 00 00 00 0C 02 23 0E 69 B4]
[01/01/09 01:28:39.792] 	recv: [8b: 02 0F 00 00 00 0C 55 FD]
[01/01/09 01:28:39.804] send: [10b: 03 0F 00 00 00 08 01 37 3E 9A]
[01/01/09 01:28:39.811] 	recv: [8b: 03 0F 00 00 00 08 55 EF]
[01/01/09 01:28:40.024] send: [11b: 02 0F 00 00 00 0C 02 23 0E 69 B4]
[01/01/09 01:28:40.031] 	recv: [8b: 02 0F 00 00 00 0C 55 FD]
[01/01/09 01:28:40.044] send: [10b: 03 0F 00 00 00 08 01 37 3E 9A]
[01/01/09 01:28:40.051] 	recv: [8b: 03 0F 00 00 00 08 55 EF]
[01/01/09 01:28:40.125] send: [11b: 02 0F 00 00 00 0C 02 63 0E 58 74]
[01/01/09 01:28:40.132] 	recv: [8b: 02 0F 00 00 00 0C 55 FD]
[01/01/09 01:28:40.264] send: [10b: 03 0F 00 00 00 08 01 37 3E 9A]
[01/01/09 01:28:40.271] 	recv: [8b: 03 0F 00 00 00 08 55 EF]
[01/01/09 01:28:40.285] send: [11b: 02 0F 00 00 00 0C 02 63 0E 58 74]
[01/01/09 01:28:40.293] 	recv: [8b: 02 0F 00 00 00 0C 55 FD]
[01/01/09 01:28:40.508] send: [10b: 03 0F 00 00 00 08 01 37 3E 9A]
[01/01/09 01:28:40.514] 	recv: [8b: 03 0F 00 00 00 08 55 EF]
[01/01/09 01:28:40.524] send: [11b: 02 0F 00 00 00 0C 02 63 0E 58 74]
[01/01/09 01:28:40.532] 	recv: [8b: 02 0F 00 00 00 0C 55 FD]
[01/01/09 01:28:40.745] send: [10b: 03 0F 00 00 00 08 01 37 3E 9A]
[01/01/09 01:28:40.753] 	recv: [8b: 03 0F 00 00 00 08 55 EF]
[01/01/09 01:28:40.764] send: [11b: 02 0F 00 00 00 0C 02 63 0E 58 74]
[01/01/09 01:28:40.772] 	recv: [8b: 02 0F 00 00 00 0C 55 FD]
[01/01/09 01:28:40.986] send: [10b: 03 0F 00 00 00 08 01 37 3E 9A]
[01/01/09 01:28:40.994] 	recv: [8b: 03 0F 00 00 00 08 55 EF]
[01/01/09 01:28:41.004] send: [11b: 02 0F 00 00 00 0C 02 63 0E 58 74]
[01/01/09 01:28:41.011] 	recv: [8b: 02 0F 00 00 00 0C 55 FD]
[01/01/09 01:28:41.227] send: [10b: 03 0F 00 00 00 08 01 37 3E 9A]
[01/01/09 01:28:41.234] 	recv: [8b: 03 0F 00 00 00 08 55 EF]
[01/01/09 01:28:41.248] send: [11b: 02 0F 00 00 00 0C 02 63 0E 58 74]
[01/01/09 01:28:41.256] 	recv: [8b: 02 0F 00 00 00 0C 55 FD]
[01/01/09 01:28:41.466] send: [10b: 03 0F 00 00 00 08 01 37 3E 9A]
[01/01/09 01:28:41.473] 	recv: [8b: 03 0F 00 00 00 08 55 EF]
[01/01/09 01:28:41.484] send: [11b: 02 0F 00 00 00 0C 02 63 0E 58 74]
[01/01/09 01:28:41.493] 	recv: [8b: 02 0F 00 00 00 0C 55 FD]
[01/01/09 01:28:41.704] send: [10b: 03 0F 00 00 00 08 01 37 3E 9A]
[01/01/09 01:28:41.711] 	recv: [8b: 03 0F 00 00 00 08 55 EF]
[01/01/09 01:28:41.724] send: [11b: 02 0F 00 00 00 0C 02 63 0E 58 74]
[01/01/09 01:28:41.732] 	recv: [8b: 02 0F 00 00 00 0C 55 FD]
[01/01/09 01:28:41.945] send: [10b: 03 0F 00 00 00 08 01 37 3E 9A]
[01/01/09 01:28:41.952] 	recv: [8b: 03 0F 00 00 00 08 55 EF]
[01/01/09 01:28:41.963] send: [11b: 02 0F 00 00 00 0C 02 63 0E 58 74]
[01/01/09 01:28:41.971] 	recv: [8b: 02 0F 00 00 00 0C 55 FD]
[01/01/09 01:28:42.185] send: [10b: 03 0F 00 00 00 08 01 37 3E 9A]
[01/01/09 01:28:42.192] 	recv: [8b: 03 0F 00 00 00 08 55 EF]
[01/01/09 01:28:42.204] send: [11b: 02 0F 00 00 00 0C 02 63 0E 58 74]
[01/01/09 01:28:42.211] 	recv: [8b: 02 0F 00 00 00 0C 55 FD]
[01/01/09 01:28:42.435] send: [10b: 03 0F 00 00 00 08 01 37 3E 9A]
[01/01/09 01:28:42.442] 	recv: [8b: 03 0F 00 00 00 08 55 EF]
[01/01/09 01:28:42.454] send: [11b: 02 0F 00 00 00 0C 02 63 0E 58 74]
[01/01/09 01:28:42.462] 	recv: [8b: 02 0F 00 00 00 0C 55 FD]
[01/01/09 01:28:42.685] send: [10b: 03 0F 00 00 00 08 01 37 3E 9A]
[01/01/09 01:28:42.692] 	recv: [8b: 03 0F 00 00 00 08 55 EF]
[01/01/09 01:28:42.704] send: [11b: 02 0F 00 00 00 0C 02 63 0E 58 74]
[01/01/09 01:28:42.711] 	recv: [8b: 02 0F 00 00 00 0C 55 FD]
[01/01/09 01:28:42.924] send: [10b: 03 0F 00 00 00 08 01 37 3E 9A]
[01/01/09 01:28:42.932] 	recv: [8b: 03 0F 00 00 00 08 55 EF]
[01/01/09 01:28:42.946] send: [11b: 02 0F 00 00 00 0C 02 63 0E 58 74]
[01/01/09 01:28:42.954] 	recv: [8b: 02 0F 00 00 00 0C 55 FD]
[01/01/09 01:28:43.165] send: [10b: 03 0F 00 00 00 08 01 37 3E 9A]
[01/01/09 01:28:43.172] 	recv: [8b: 03 0F 00 00 00 08 55 EF]
[01/01/09 01:28:43.184] send: [11b: 02 0F 00 00 00 0C 02 63 0E 58 74]
[01/01/09 01:28:43.191] 	recv: [8b: 02 0F 00 00 00 0C 55 FD]
[01/01/09 01:28:43.418] send: [10b: 03 0F 00 00 00 08 01 37 3E 9A]
[01/01/09 01:28:43.425] 	recv: [8b: 03 0F 00 00 00 08 55 EF]
[01/01/09 01:28:43.434] send: [11b: 02 0F 00 00 00 0C 02 63 0E 58 74]
[01/01/09 01:28:43.441] 	recv: [8b: 02 0F 00 00 00 0C 55 FD]
[01/01/09 01:28:43.655] send: [10b: 03 0F 00 00 00 08 01 37 3E 9A]
[01/01/09 01:28:43.662] 	recv: [8b: 03 0F 00 00 00 08 55 EF]
[01/01/09 01:28:43.674] send: [11b: 02 0F 00 00 00 0C 02 63 0E 58 74]
[01/01/09 01:28:43.681] 	recv: [8b: 02 0F 00 00 00 0C 55 FD]
[01/01/09 01:28:43.915] send: [10b: 03 0F 00 00 00 08 01 37 3E 9A]
[01/01/09 01:28:43.922] 	recv: [8b: 03 0F 00 00 00 08 55 EF]
[01/01/09 01:28:43.933] send: [11b: 02 0F 00 00 00 0C 02 63 0E 58 74]
[01/01/09 01:28:43.941] 	recv: [8b: 02 0F 00 00 00 0C 55 FD]
[01/01/09 01:28:44.158] send: [10b: 03 0F 00 00 00 08 01 37 3E 9A]
[01/01/09 01:28:44.165] 	recv: [8b: 03 0F 00 00 00 08 55 EF]
[01/01/09 01:28:44.175] send: [11b: 02 0F 00 00 00 0C 02 63 0E 58 74]
[01/01/09 01:28:44.182] 	recv: [8b: 02 0F 00 00 00 0C 55 FD]
[01/01/09 01:28:44.394] send: [10b: 03 0F 00 00 00 08 01 37 3E 9A]
[01/01/09 01:28:44.402] 	recv: [8b: 03 0F 00 00 00 08 55 EF]
[01/01/09 01:28:44.414] send: [11b: 02 0F 00 00 00 0C 02 63 0E 58 74]
[01/01/09 01:28:44.422] 	recv: [8b: 02 0F 00 00 00 0C 55 FD]
[01/01/09 01:28:44.634] send: [10b: 03 0F 00 00 00 08 01 37 3E 9A]
[01/01/09 01:28:44.642] 	recv: [8b: 03 0F 00 00 00 08 55 EF]
[01/01/09 01:28:44.657] send: [11b: 02 0F 00 00 00 0C 02 63 0E 58 74]
[01/01/09 01:28:44.666] 	recv: [8b: 02 0F 00 00 00 0C 55 FD]
[01/01/09 01:28:44.895] send: [10b: 03 0F 00 00 00 08 01 37 3E 9A]
[01/01/09 01:28:44.904] 	recv: [8b: 03 0F 00 00 00 08 55 EF]
[01/01/09 01:28:44.915] send: [11b: 02 0F 00 00 00 0C 02 63 0E 58 74]
[01/01/09 01:28:44.923] 	recv: [8b: 02 0F 00 00 00 0C 55 FD]
[01/01/09 01:28:45.135] send: [10b: 03 0F 00 00 00 08 01 37 3E 9A]
[01/01/09 01:28:45.142] 	recv: [8b: 03 0F 00 00 00 08 55 EF]
[01/01/09 01:28:45.153] send: [11b: 02 0F 00 00 00 0C 02 63 0E 58 74]
[01/01/09 01:28:45.162] 	recv: [8b: 02 0F 00 00 00 0C 55 FD]
[01/01/09 01:28:45.375] send: [10b: 03 0F 00 00 00 08 01 37 3E 9A]
[01/01/09 01:28:45.381] 	recv: [8b: 03 0F 00 00 00 08 55 EF]
[01/01/09 01:28:45.393] send: [11b: 02 0F 00 00 00 0C 02 63 0E 58 74]
[01/01/09 01:28:45.402] 	recv: [8b: 02 0F 00 00 00 0C 55 FD]
[01/01/09 01:28:45.615] send: [10b: 03 0F 00 00 00 08 01 37 3E 9A]
[01/01/09 01:28:45.622] 	recv: [8b: 03 0F 00 00 00 08 55 EF]
[01/01/09 01:28:45.634] send: [11b: 02 0F 00 00 00 0C 02 63 0E 58 74]
[01/01/09 01:28:45.642] 	recv: [8b: 02 0F 00 00 00 0C 55 FD]
[01/01/09 01:28:45.854] send: [10b: 03 0F 00 00 00 08 01 37 3E 9A]
[01/01/09 01:28:45.862] 	recv: [8b: 03 0F 00 00 00 08 55 EF]
[01/01/09 01:28:45.874] send: [11b: 02 0F 00 00 00 0C 02 63 0E 58 74]
[01/01/09 01:28:45.882] 	recv: [8b: 02 0F 00 00 00 0C 55 FD]
[01/01/09 01:28:46.105] send: [10b: 03 0F 00 00 00 08 01 37 3E 9A]
[01/01/09 01:28:46.111] 	recv: [8b: 03 0F 00 00 00 08 55 EF]
[01/01/09 01:28:46.124] send: [11b: 02 0F 00 00 00 0C 02 63 0E 58 74]
[01/01/09 01:28:46.131] 	recv: [8b: 02 0F 00 00 00 0C 55 FD]
[01/01/09 01:28:46.345] send: [10b: 03 0F 00 00 00 08 01 37 3E 9A]
[01/01/09 01:28:46.352] 	recv: [8b: 03 0F 00 00 00 08 55 EF]
[01/01/09 01:28:46.365] send: [11b: 02 0F 00 00 00 0C 02 63 0E 58 74]
[01/01/09 01:28:46.372] 	recv: [8b: 02 0F 00 00 00 0C 55 FD]
[01/01/09 01:28:46.585] send: [10b: 03 0F 00 00 00 08 01 37 3E 9A]
[01/01/09 01:28:46.592] 	recv: [8b: 03 0F 00 00 00 08 55 EF]
[01/01/09 01:28:46.603] send: [11b: 02 0F 00 00 00 0C 02 63 0E 58 74]
[01/01/09 01:28:46.611] 	recv: [8b: 02 0F 00 00 00 0C 55 FD]
[01/01/09 01:28:46.835] send: [10b: 03 0F 00 00 00 08 01 37 3E 9A]
[01/01/09 01:28:46.843] 	recv: [8b: 03 0F 00 00 00 08 55 EF]
[01/01/09 01:28:46.854] send: [11b: 02 0F 00 00 00 0C 02 63 0E 58 74]
[01/01/09 01:28:46.863] 	recv: [8b: 02 0F 00 00 00 0C 55 FD]
[01/01/09 01:28:47.075] send: [10b: 03 0F 00 00 00 08 01 37 3E 9A]
[01/01/09 01:28:47.082] 	recv: [8b: 03 0F 00 00 00 08 55 EF]
[01/01/09 01:28:47.093] send: [11b: 02 0F 00 00 00 0C 02 63 0E 58 74]
[01/01/09 01:28:47.101] 	recv: [8b: 02 0F 00 00 00 0C 55 FD]
[01/01/09 01:28:47.316] send: [10b: 03 0F 00 00 00 08 01 37 3E 9A]
[01/01/09 01:28:47.323] 	recv: [8b: 03 0F 00 00 00 08 55 EF]
[01/01/09 01:28:47.335] send: [11b: 02 0F 00 00 00 0C 02 63 0E 58 74]
[01/01/09 01:28:47.343] 	recv: [8b: 02 0F 00 00 00 0C 55 FD]
[01/01/09 01:28:47.564] send: [10b: 03 0F 00 00 00 08 01 37 3E 9A]
[01/01/09 01:28:47.572] 	recv: [8b: 03 0F 00 00 00 08 55 EF]
[01/01/09 01:28:47.584] send: [11b: 02 0F 00 00 00 0C 02 63 0E 58 74]
[01/01/09 01:28:47.593] 	recv: [8b: 02 0F 00 00 00 0C 55 FD]
[01/01/09 01:28:47.804] send: [10b: 03 0F 00 00 00 08 01 37 3E 9A]
[01/01/09 01:28:47.812] 	recv: [8b: 03 0F 00 00 00 08 55 EF]
[01/01/09 01:28:47.823] send: [11b: 02 0F 00 00 00 0C 02 63 0E 58 74]
[01/01/09 01:28:47.832] 	recv: [8b: 02 0F 00 00 00 0C 55 FD]
[01/01/09 01:28:48.056] send: [10b: 03 0F 00 00 00 08 01 37 3E 9A]
[01/01/09 01:28:48.063] 	recv: [8b: 03 0F 00 00 00 08 55 EF]
[01/01/09 01:28:48.075] send: [11b: 02 0F 00 00 00 0C 02 63 0E 58 74]
[01/01/09 01:28:48.082] 	recv: [8b: 02 0F 00 00 00 0C 55 FD]
[01/01/09 01:28:48.294] send: [10b: 03 0F 00 00 00 08 01 37 3E 9A]
[01/01/09 01:28:48.302] 	recv: [8b: 03 0F 00 00 00 08 55 EF]
[01/01/09 01:28:48.314] send: [11b: 02 0F 00 00 00 0C 02 63 0E 58 74]
[01/01/09 01:28:48.323] 	recv: [8b: 02 0F 00 00 00 0C 55 FD]
[01/01/09 01:28:48.545] send: [10b: 03 0F 00 00 00 08 01 37 3E 9A]
[01/01/09 01:28:48.552] 	recv: [8b: 03 0F 00 00 00 08 55 EF]
[01/01/09 01:28:48.563] send: [11b: 02 0F 00 00 00 0C 02 63 0E 58 74]
[01/01/09 01:28:48.571] 	recv: [8b: 02 0F 00 00 00 0C 55 FD]
[01/01/09 01:28:48.785] send: [10b: 03 0F 00 00 00 08 01 37 3E 9A]
[01/01/09 01:28:48.792] 	recv: [8b: 03 0F 00 00 00 08 55 EF]
[01/01/09 01:28:48.803] send: [11b: 02 0F 00 00 00 0C 02 63 0E 58 74]
[01/01/09 01:28:48.810] 	recv: [8b: 02 0F 00 00 00 0C 55 FD]
[01/01/09 01:28:49.024] send: [10b: 03 0F 00 00 00 08 01 37 3E 9A]
[01/01/09 01:28:49.031] 	recv: [8b: 03 0F 00 00 00 08 55 EF]
[01/01/09 01:28:49.044] send: [11b: 02 0F 00 00 00 0C 02 63 0E 58 74]
[01/01/09 01:28:49.052] 	recv: [8b: 02 0F 00 00 00 0C 55 FD]
[01/01/09 01:28:49.267] send: [10b: 03 0F 00 00 00 08 01 37 3E 9A]
[01/01/09 01:28:49.274] 	recv: [8b: 03 0F 00 00 00 08 55 EF]
[01/01/09 01:28:49.286] send: [11b: 02 0F 00 00 00 0C 02 63 0E 58 74]
[01/01/09 01:28:49.294] 	recv: [8b: 02 0F 00 00 00 0C 55 FD]
[01/01/09 01:28:49.514] send: [10b: 03 0F 00 00 00 08 01 37 3E 9A]
[01/01/09 01:28:49.522] 	recv: [8b: 03 0F 00 00 00 08 55 EF]
[01/01/09 01:28:49.535] send: [11b: 02 0F 00 00 00 0C 02 63 0E 58 74]
[01/01/09 01:28:49.543] 	recv: [8b: 02 0F 00 00 00 0C 55 FD]
[01/01/09 01:28:49.754] send: [10b: 03 0F 00 00 00 08 01 37 3E 9A]
[01/01/09 01:28:49.761] 	recv: [8b: 03 0F 00 00 00 08 55 EF]
[01/01/09 01:28:49.774] send: [11b: 02 0F 00 00 00 0C 02 63 0E 58 74]
[01/01/09 01:28:49.782] 	recv: [8b: 02 0F 00 00 00 0C 55 FD]
[01/01/09 01:28:49.994] send: [10b: 03 0F 00 00 00 08 01 37 3E 9A]
[01/01/09 01:28:50.001] 	recv: [8b: 03 0F 00 00 00 08 55 EF]
[01/01/09 01:28:50.015] send: [11b: 02 0F 00 00 00 0C 02 63 0E 58 74]
[01/01/09 01:28:50.023] 	recv: [8b: 02 0F 00 00 00 0C 55 FD]
[01/01/09 01:28:50.236] send: [10b: 03 0F 00 00 00 08 01 37 3E 9A]
[01/01/09 01:28:50.243] 	recv: [8b: 03 0F 00 00 00 08 55 EF]
[01/01/09 01:28:50.254] send: [11b: 02 0F 00 00 00 0C 02 63 0E 58 74]
[01/01/09 01:28:50.261] 	recv: [8b: 02 0F 00 00 00 0C 55 FD]
[01/01/09 01:28:50.474] send: [10b: 03 0F 00 00 00 08 01 37 3E 9A]
[01/01/09 01:28:50.481] 	recv: [8b: 03 0F 00 00 00 08 55 EF]
[01/01/09 01:28:50.494] send: [11b: 02 0F 00 00 00 0C 02 63 0E 58 74]
[01/01/09 01:28:50.502] 	recv: [8b: 02 0F 00 00 00 0C 55 FD]
[01/01/09 01:28:50.714] send: [10b: 03 0F 00 00 00 08 01 37 3E 9A]
[01/01/09 01:28:50.721] 	recv: [8b: 03 0F 00 00 00 08 55 EF]
[01/01/09 01:28:50.734] send: [11b: 02 0F 00 00 00 0C 02 63 0E 58 74]
[01/01/09 01:28:50.741] 	recv: [8b: 02 0F 00 00 00 0C 55 FD]
[01/01/09 01:28:50.955] send: [10b: 03 0F 00 00 00 08 01 37 3E 9A]
[01/01/09 01:28:50.962] 	recv: [8b: 03 0F 00 00 00 08 55 EF]
[01/01/09 01:28:50.975] send: [11b: 02 0F 00 00 00 0C 02 63 0E 58 74]
[01/01/09 01:28:50.983] 	recv: [8b: 02 0F 00 00 00 0C 55 FD]
[01/01/09 01:28:51.206] send: [10b: 03 0F 00 00 00 08 01 37 3E 9A]
[01/01/09 01:28:51.213] 	recv: [8b: 03 0F 00 00 00 08 55 EF]
[01/01/09 01:28:51.228] send: [11b: 02 0F 00 00 00 0C 02 63 0E 58 74]
[01/01/09 01:28:51.237] 	recv: [8b: 02 0F 00 00 00 0C 55 FD]
[01/01/09 01:28:51.488] send: [10b: 03 0F 00 00 00 08 01 37 3E 9A]
[01/01/09 01:28:51.497] 	recv: [8b: 03 0F 00 00 00 08 55 EF]
[01/01/09 01:28:51.504] send: [11b: 02 0F 00 00 00 0C 02 63 0E 58 74]
[01/01/09 01:28:51.511] 	recv: [8b: 02 0F 00 00 00 0C 55 FD]
[01/01/09 01:28:51.735] send: [10b: 03 0F 00 00 00 08 01 37 3E 9A]
[01/01/09 01:28:51.742] 	recv: [8b: 03 0F 00 00 00 08 55 EF]
[01/01/09 01:28:51.756] send: [11b: 02 0F 00 00 00 0C 02 63 0E 58 74]
[01/01/09 01:28:51.764] 	recv: [8b: 02 0F 00 00 00 0C 55 FD]
[01/01/09 01:28:51.974] send: [10b: 03 0F 00 00 00 08 01 37 3E 9A]
[01/01/09 01:28:51.981] 	recv: [8b: 03 0F 00 00 00 08 55 EF]
[01/01/09 01:28:51.995] send: [11b: 02 0F 00 00 00 0C 02 63 0E 58 74]
[01/01/09 01:28:52.003] 	recv: [8b: 02 0F 00 00 00 0C 55 FD]
[01/01/09 01:28:52.235] send: [10b: 03 0F 00 00 00 08 01 37 3E 9A]
[01/01/09 01:28:52.242] 	recv: [8b: 03 0F 00 00 00 08 55 EF]
[01/01/09 01:28:52.255] send: [11b: 02 0F 00 00 00 0C 02 63 0E 58 74]
[01/01/09 01:28:52.263] 	recv: [8b: 02 0F 00 00 00 0C 55 FD]
[01/01/09 01:28:52.475] send: [10b: 03 0F 00 00 00 08 01 37 3E 9A]
[01/01/09 01:28:52.482] 	recv: [8b: 03 0F 00 00 00 08 55 EF]
[01/01/09 01:28:52.493] send: [11b: 02 0F 00 00 00 0C 02 63 0E 58 74]
[01/01/09 01:28:52.501] 	recv: [8b: 02 0F 00 00 00 0C 55 FD]
[01/01/09 01:28:52.724] send: [10b: 03 0F 00 00 00 08 01 37 3E 9A]
[01/01/09 01:28:52.731] 	recv: [8b: 03 0F 00 00 00 08 55 EF]
[01/01/09 01:28:52.744] send: [11b: 02 0F 00 00 00 0C 02 63 0E 58 74]
[01/01/09 01:28:52.751] 	recv: [8b: 02 0F 00 00 00 0C 55 FD]
[01/01/09 01:28:52.945] send: [11b: 02 0F 00 00 00 0C 02 23 0E 69 B4]
[01/01/09 01:28:52.952] 	recv: [8b: 02 0F 00 00 00 0C 55 FD]
[01/01/09 01:28:52.976] send: [10b: 03 0F 00 00 00 08 01 37 3E 9A]
[01/01/09 01:28:52.983] 	recv: [8b: 03 0F 00 00 00 08 55 EF]
[01/01/09 01:28:52.993] send: [11b: 02 0F 00 00 00 0C 02 23 0E 69 B4]
[01/01/09 01:28:53.001] 	recv: [8b: 02 0F 00 00 00 0C 55 FD]
[01/01/09 01:28:53.207] send: [10b: 03 0F 00 00 00 08 01 37 3E 9A]
[01/01/09 01:28:53.215] 	recv: [8b: 03 0F 00 00 00 08 55 EF]
[01/01/09 01:28:53.227] send: [11b: 02 0F 00 00 00 0C 02 23 0E 69 B4]
[01/01/09 01:28:53.237] 	recv: [8b: 02 0F 00 00 00 0C 55 FD]
[01/01/09 01:28:53.444] send: [10b: 03 0F 00 00 00 08 01 37 3E 9A]
[01/01/09 01:28:53.451] 	recv: [8b: 03 0F 00 00 00 08 55 EF]
[01/01/09 01:28:53.464] send: [11b: 02 0F 00 00 00 0C 02 23 0E 69 B4]
[01/01/09 01:28:53.471] 	recv: [8b: 02 0F 00 00 00 0C 55 FD]
[01/01/09 01:28:53.675] send: [10b: 03 0F 00 00 00 08 01 37 3E 9A]
[01/01/09 01:28:53.682] 	recv: [8b: 03 0F 00 00 00 08 55 EF]
[01/01/09 01:28:53.694] send: [11b: 02 0F 00 00 00 0C 02 23 0E 69 B4]
[01/01/09 01:28:53.701] 	recv: [8b: 02 0F 00 00 00 0C 55 FD]
[01/01/09 01:28:53.906] send: [10b: 03 0F 00 00 00 08 01 37 3E 9A]
[01/01/09 01:28:53.913] 	recv: [8b: 03 0F 00 00 00 08 55 EF]
[01/01/09 01:28:53.924] send: [11b: 02 0F 00 00 00 0C 02 23 0E 69 B4]
[01/01/09 01:28:53.931] 	recv: [8b: 02 0F 00 00 00 0C 55 FD]
[01/01/09 01:28:54.137] send: [10b: 03 0F 00 00 00 08 01 37 3E 9A]
[01/01/09 01:28:54.144] 	recv: [8b: 03 0F 00 00 00 08 55 EF]
[01/01/09 01:28:54.157] send: [11b: 02 0F 00 00 00 0C 02 23 0E 69 B4]
[01/01/09 01:28:54.166] 	recv: [8b: 02 0F 00 00 00 0C 55 FD]
[01/01/09 01:28:54.375] send: [10b: 03 0F 00 00 00 08 01 37 3E 9A]
[01/01/09 01:28:54.381] 	recv: [8b: 03 0F 00 00 00 08 55 EF]
[01/01/09 01:28:54.394] send: [11b: 02 0F 00 00 00 0C 02 23 0E 69 B4]
[01/01/09 01:28:54.402] 	recv: [8b: 02 0F 00 00 00 0C 55 FD]
[01/01/09 01:28:54.605] send: [10b: 03 0F 00 00 00 08 01 37 3E 9A]
[01/01/09 01:28:54.612] 	recv: [8b: 03 0F 00 00 00 08 55 EF]
[01/01/09 01:28:54.624] send: [11b: 02 0F 00 00 00 0C 02 23 0E 69 B4]
[01/01/09 01:28:54.632] 	recv: [8b: 02 0F 00 00 00 0C 55 FD]
[01/01/09 01:28:54.834] send: [10b: 03 0F 00 00 00 08 01 37 3E 9A]
[01/01/09 01:28:54.841] 	recv: [8b: 03 0F 00 00 00 08 55 EF]
[01/01/09 01:28:54.855] send: [11b: 02 0F 00 00 00 0C 02 23 0E 69 B4]
[01/01/09 01:28:54.862] 	recv: [8b: 02 0F 00 00 00 0C 55 FD]
[01/01/09 01:28:55.068] send: [10b: 03 0F 00 00 00 08 01 37 3E 9A]
[01/01/09 01:28:55.076] 	recv: [8b: 03 0F 00 00 00 08 55 EF]
[01/01/09 01:28:55.087] send: [11b: 02 0F 00 00 00 0C 02 23 0E 69 B4]
[01/01/09 01:28:55.097] 	recv: [8b: 02 0F 00 00 00 0C 55 FD]
[01/01/09 01:28:55.305] send: [10b: 03 0F 00 00 00 08 01 37 3E 9A]
[01/01/09 01:28:55.312] 	recv: [8b: 03 0F 00 00 00 08 55 EF]
[01/01/09 01:28:55.324] send: [11b: 02 0F 00 00 00 0C 02 23 0E 69 B4]
[01/01/09 01:28:55.331] 	recv: [8b: 02 0F 00 00 00 0C 55 FD]
[01/01/09 01:28:55.535] send: [10b: 03 0F 00 00 00 08 01 37 3E 9A]
[01/01/09 01:28:55.542] 	recv: [8b: 03 0F 00 00 00 08 55 EF]
[01/01/09 01:28:55.554] send: [11b: 02 0F 00 00 00 0C 02 23 0E 69 B4]
[01/01/09 01:28:55.562] 	recv: [8b: 02 0F 00 00 00 0C 55 FD]
[01/01/09 01:28:55.765] send: [10b: 03 0F 00 00 00 08 01 37 3E 9A]
[01/01/09 01:28:55.771] 	recv: [8b: 03 0F 00 00 00 08 55 EF]
[01/01/09 01:28:55.784] send: [11b: 02 0F 00 00 00 0C 02 23 0E 69 B4]
[01/01/09 01:28:55.792] 	recv: [8b: 02 0F 00 00 00 0C 55 FD]
[01/01/09 01:28:56.005] send: [10b: 03 0F 00 00 00 08 01 37 3E 9A]
[01/01/09 01:28:56.012] 	recv: [8b: 03 0F 00 00 00 08 55 EF]
[01/01/09 01:28:56.024] send: [11b: 02 0F 00 00 00 0C 02 23 0E 69 B4]
[01/01/09 01:28:56.032] 	recv: [8b: 02 0F 00 00 00 0C 55 FD]
[01/01/09 01:28:56.255] send: [10b: 03 0F 00 00 00 08 01 37 3E 9A]
[01/01/09 01:28:56.262] 	recv: [8b: 03 0F 00 00 00 08 55 EF]
[01/01/09 01:28:56.275] send: [11b: 02 0F 00 00 00 0C 02 23 0E 69 B4]
[01/01/09 01:28:56.283] 	recv: [8b: 02 0F 00 00 00 0C 55 FD]
[01/01/09 01:28:56.484] send: [10b: 03 0F 00 00 00 08 01 37 3E 9A]
[01/01/09 01:28:56.492] 	recv: [8b: 03 0F 00 00 00 08 55 EF]
[01/01/09 01:28:56.505] send: [11b: 02 0F 00 00 00 0C 02 23 0E 69 B4]
[01/01/09 01:28:56.513] 	recv: [8b: 02 0F 00 00 00 0C 55 FD]
[01/01/09 01:28:56.716] send: [10b: 03 0F 00 00 00 08 01 37 3E 9A]
[01/01/09 01:28:56.722] 	recv: [8b: 03 0F 00 00 00 08 55 EF]
[01/01/09 01:28:56.733] send: [11b: 02 0F 00 00 00 0C 02 23 0E 69 B4]
[01/01/09 01:28:56.741] 	recv: [8b: 02 0F 00 00 00 0C 55 FD]
[01/01/09 01:28:56.945] send: [10b: 03 0F 00 00 00 08 01 37 3E 9A]
[01/01/09 01:28:56.951] 	recv: [8b: 03 0F 00 00 00 08 55 EF]
[01/01/09 01:28:56.964] send: [11b: 02 0F 00 00 00 0C 02 23 0E 69 B4]
[01/01/09 01:28:56.971] 	recv: [8b: 02 0F 00 00 00 0C 55 FD]
[01/01/09 01:28:57.176] send: [10b: 03 0F 00 00 00 08 01 37 3E 9A]
[01/01/09 01:28:57.183] 	recv: [8b: 03 0F 00 00 00 08 55 EF]
[01/01/09 01:28:57.196] send: [11b: 02 0F 00 00 00 0C 02 23 0E 69 B4]
[01/01/09 01:28:57.203] 	recv: [8b: 02 0F 00 00 00 0C 55 FD]
[01/01/09 01:28:57.407] send: [10b: 03 0F 00 00 00 08 01 37 3E 9A]
[01/01/09 01:28:57.414] 	recv: [8b: 03 0F 00 00 00 08 55 EF]
[01/01/09 01:28:57.426] send: [11b: 02 0F 00 00 00 0C 02 23 0E 69 B4]
[01/01/09 01:28:57.434] 	recv: [8b: 02 0F 00 00 00 0C 55 FD]
[01/01/09 01:28:57.644] send: [10b: 03 0F 00 00 00 08 01 37 3E 9A]
[01/01/09 01:28:57.651] 	recv: [8b: 03 0F 00 00 00 08 55 EF]
[01/01/09 01:28:57.665] send: [11b: 02 0F 00 00 00 0C 02 23 0E 69 B4]
[01/01/09 01:28:57.672] 	recv: [8b: 02 0F 00 00 00 0C 55 FD]
[01/01/09 01:28:57.885] send: [10b: 03 0F 00 00 00 08 01 37 3E 9A]
[01/01/09 01:28:57.892] 	recv: [8b: 03 0F 00 00 00 08 55 EF]
[01/01/09 01:28:57.905] send: [11b: 02 0F 00 00 00 0C 02 23 0E 69 B4]
[01/01/09 01:28:57.912] 	recv: [8b: 02 0F 00 00 00 0C 55 FD]
[01/01/09 01:28:58.115] send: [10b: 03 0F 00 00 00 08 01 37 3E 9A]
[01/01/09 01:28:58.122] 	recv: [8b: 03 0F 00 00 00 08 55 EF]
[01/01/09 01:28:58.134] send: [11b: 02 0F 00 00 00 0C 02 23 0E 69 B4]
[01/01/09 01:28:58.141] 	recv: [8b: 02 0F 00 00 00 0C 55 FD]
[01/01/09 01:28:58.345] send: [10b: 03 0F 00 00 00 08 01 37 3E 9A]
[01/01/09 01:28:58.352] 	recv: [8b: 03 0F 00 00 00 08 55 EF]
[01/01/09 01:28:58.364] send: [11b: 02 0F 00 00 00 0C 02 23 0E 69 B4]
[01/01/09 01:28:58.371] 	recv: [8b: 02 0F 00 00 00 0C 55 FD]
[01/01/09 01:28:58.574] send: [10b: 03 0F 00 00 00 08 01 37 3E 9A]
[01/01/09 01:28:58.581] 	recv: [8b: 03 0F 00 00 00 08 55 EF]
[01/01/09 01:28:58.595] send: [11b: 02 0F 00 00 00 0C 02 23 0E 69 B4]
[01/01/09 01:28:58.602] 	recv: [8b: 02 0F 00 00 00 0C 55 FD]
[01/01/09 01:28:58.809] send: [10b: 03 0F 00 00 00 08 01 37 3E 9A]
[01/01/09 01:28:58.816] 	recv: [8b: 03 0F 00 00 00 08 55 EF]
[01/01/09 01:28:58.824] send: [11b: 02 0F 00 00 00 0C 02 23 0E 69 B4]
[01/01/09 01:28:58.831] 	recv: [8b: 02 0F 00 00 00 0C 55 FD]
[01/01/09 01:28:59.034] send: [10b: 03 0F 00 00 00 08 01 37 3E 9A]
[01/01/09 01:28:59.042] 	recv: [8b: 03 0F 00 00 00 08 55 EF]
[01/01/09 01:28:59.054] send: [11b: 02 0F 00 00 00 0C 02 23 0E 69 B4]
[01/01/09 01:28:59.063] 	recv: [8b: 02 0F 00 00 00 0C 55 FD]
[01/01/09 01:28:59.264] send: [10b: 03 0F 00 00 00 08 01 37 3E 9A]
[01/01/09 01:28:59.272] 	recv: [8b: 03 0F 00 00 00 08 55 EF]
[01/01/09 01:28:59.284] send: [11b: 02 0F 00 00 00 0C 02 23 0E 69 B4]
[01/01/09 01:28:59.291] 	recv: [8b: 02 0F 00 00 00 0C 55 FD]
[01/01/09 01:28:59.504] send: [10b: 03 0F 00 00 00 08 01 37 3E 9A]
[01/01/09 01:28:59.511] 	recv: [8b: 03 0F 00 00 00 08 55 EF]
[01/01/09 01:28:59.524] send: [11b: 02 0F 00 00 00 0C 02 23 0E 69 B4]
[01/01/09 01:28:59.531] 	recv: [8b: 02 0F 00 00 00 0C 55 FD]
[01/01/09 01:28:59.735] send: [10b: 03 0F 00 00 00 08 01 37 3E 9A]
[01/01/09 01:28:59.742] 	recv: [8b: 03 0F 00 00 00 08 55 EF]
[01/01/09 01:28:59.756] send: [11b: 02 0F 00 00 00 0C 02 23 0E 69 B4]
[01/01/09 01:28:59.764] 	recv: [8b: 02 0F 00 00 00 0C 55 FD]
[01/01/09 01:28:59.975] send: [10b: 03 0F 00 00 00 08 01 37 3E 9A]
[01/01/09 01:28:59.982] 	recv: [8b: 03 0F 00 00 00 08 55 EF]
[01/01/09 01:28:59.994] send: [11b: 02 0F 00 00 00 0C 02 23 0E 69 B4]
[01/01/09 01:29:00.002] 	recv: [8b: 02 0F 00 00 00 0C 55 FD]
[01/01/09 01:29:00.205] send: [10b: 03 0F 00 00 00 08 01 37 3E 9A]
[01/01/09 01:29:00.213] 	recv: [8b: 03 0F 00 00 00 08 55 EF]
[01/01/09 01:29:00.224] send: [11b: 02 0F 00 00 00 0C 02 23 0E 69 B4]
[01/01/09 01:29:00.232] 	recv: [8b: 02 0F 00 00 00 0C 55 FD]
[01/01/09 01:29:00.436] send: [10b: 03 0F 00 00 00 08 01 37 3E 9A]
[01/01/09 01:29:00.442] 	recv: [8b: 03 0F 00 00 00 08 55 EF]
[01/01/09 01:29:00.455] send: [11b: 02 0F 00 00 00 0C 02 23 0E 69 B4]
[01/01/09 01:29:00.462] 	recv: [8b: 02 0F 00 00 00 0C 55 FD]
[01/01/09 01:29:00.664] send: [10b: 03 0F 00 00 00 08 01 37 3E 9A]
[01/01/09 01:29:00.672] 	recv: [8b: 03 0F 00 00 00 08 55 EF]
[01/01/09 01:29:00.684] send: [11b: 02 0F 00 00 00 0C 02 23 0E 69 B4]
[01/01/09 01:29:00.691] 	recv: [8b: 02 0F 00 00 00 0C 55 FD]
[01/01/09 01:29:00.895] send: [10b: 03 0F 00 00 00 08 01 37 3E 9A]
[01/01/09 01:29:00.902] 	recv: [8b: 03 0F 00 00 00 08 55 EF]
[01/01/09 01:29:00.914] send: [11b: 02 0F 00 00 00 0C 02 23 0E 69 B4]
[01/01/09 01:29:00.921] 	recv: [8b: 02 0F 00 00 00 0C 55 FD]
[01/01/09 01:29:01.125] send: [10b: 03 0F 00 00 00 08 01 37 3E 9A]
[01/01/09 01:29:01.132] 	recv: [8b: 03 0F 00 00 00 08 55 EF]
[01/01/09 01:29:01.144] send: [11b: 02 0F 00 00 00 0C 02 23 0E 69 B4]
[01/01/09 01:29:01.151] 	recv: [8b: 02 0F 00 00 00 0C 55 FD]
[01/01/09 01:29:01.355] send: [10b: 03 0F 00 00 00 08 01 37 3E 9A]
[01/01/09 01:29:01.362] 	recv: [8b: 03 0F 00 00 00 08 55 EF]
[01/01/09 01:29:01.374] send: [11b: 02 0F 00 00 00 0C 02 23 0E 69 B4]
[01/01/09 01:29:01.381] 	recv: [8b: 02 0F 00 00 00 0C 55 FD]
[01/01/09 01:29:01.586] send: [10b: 03 0F 00 00 00 08 01 37 3E 9A]
[01/01/09 01:29:01.595] 	recv: [8b: 03 0F 00 00 00 08 55 EF]
[01/01/09 01:29:01.603] send: [11b: 02 0F 00 00 00 0C 02 23 0E 69 B4]
[01/01/09 01:29:01.611] 	recv: [8b: 02 0F 00 00 00 0C 55 FD]
[01/01/09 01:29:01.815] send: [10b: 03 0F 00 00 00 08 01 37 3E 9A]
[01/01/09 01:29:01.821] 	recv: [8b: 03 0F 00 00 00 08 55 EF]
[01/01/09 01:29:01.834] send: [11b: 02 0F 00 00 00 0C 02 23 0E 69 B4]
[01/01/09 01:29:01.842] 	recv: [8b: 02 0F 00 00 00 0C 55 FD]
[01/01/09 01:29:02.056] send: [10b: 03 0F 00 00 00 08 01 37 3E 9A]
[01/01/09 01:29:02.063] 	recv: [8b: 03 0F 00 00 00 08 55 EF]
[01/01/09 01:29:02.074] send: [11b: 02 0F 00 00 00 0C 02 23 0E 69 B4]
[01/01/09 01:29:02.082] 	recv: [8b: 02 0F 00 00 00 0C 55 FD]
[01/01/09 01:29:02.286] send: [10b: 03 0F 00 00 00 08 01 37 3E 9A]
[01/01/09 01:29:02.293] 	recv: [8b: 03 0F 00 00 00 08 55 EF]
[01/01/09 01:29:02.304] send: [11b: 02 0F 00 00 00 0C 02 23 0E 69 B4]
[01/01/09 01:29:02.311] 	recv: [8b: 02 0F 00 00 00 0C 55 FD]
[01/01/09 01:29:02.516] send: [10b: 03 0F 00 00 00 08 01 37 3E 9A]
[01/01/09 01:29:02.523] 	recv: [8b: 03 0F 00 00 00 08 55 EF]
[01/01/09 01:29:02.535] send: [11b: 02 0F 00 00 00 0C 02 23 0E 69 B4]
[01/01/09 01:29:02.542] 	recv: [8b: 02 0F 00 00 00 0C 55 FD]
[01/01/09 01:29:02.744] send: [10b: 03 0F 00 00 00 08 01 37 3E 9A]
[01/01/09 01:29:02.751] 	recv: [8b: 03 0F 00 00 00 08 55 EF]
[01/01/09 01:29:02.764] send: [11b: 02 0F 00 00 00 0C 02 23 0E 69 B4]
[01/01/09 01:29:02.771] 	recv: [8b: 02 0F 00 00 00 0C 55 FD]
[01/01/09 01:29:02.975] send: [10b: 03 0F 00 00 00 08 01 37 3E 9A]
[01/01/09 01:29:02.982] 	recv: [8b: 03 0F 00 00 00 08 55 EF]
[01/01/09 01:29:02.994] send: [11b: 02 0F 00 00 00 0C 02 23 0E 69 B4]
[01/01/09 01:29:03.001] 	recv: [8b: 02 0F 00 00 00 0C 55 FD]
[01/01/09 01:29:03.205] send: [10b: 03 0F 00 00 00 08 01 37 3E 9A]
[01/01/09 01:29:03.211] 	recv: [8b: 03 0F 00 00 00 08 55 EF]
[01/01/09 01:29:03.224] send: [11b: 02 0F 00 00 00 0C 02 23 0E 69 B4]
[01/01/09 01:29:03.231] 	recv: [8b: 02 0F 00 00 00 0C 55 FD]
[01/01/09 01:29:03.446] send: [10b: 03 0F 00 00 00 08 01 37 3E 9A]
[01/01/09 01:29:03.453] 	recv: [8b: 03 0F 00 00 00 08 55 EF]
[01/01/09 01:29:03.466] send: [11b: 02 0F 00 00 00 0C 02 23 0E 69 B4]
[01/01/09 01:29:03.475] 	recv: [8b: 02 0F 00 00 00 0C 55 FD]
[01/01/09 01:29:03.698] send: [10b: 03 0F 00 00 00 08 01 37 3E 9A]
[01/01/09 01:29:03.706] 	recv: [8b: 03 0F 00 00 00 08 55 EF]
[01/01/09 01:29:03.713] send: [11b: 02 0F 00 00 00 0C 02 23 0E 69 B4]
[01/01/09 01:29:03.721] 	recv: [8b: 02 0F 00 00 00 0C 55 FD]
[01/01/09 01:29:03.928] send: [10b: 03 0F 00 00 00 08 01 37 3E 9A]
[01/01/09 01:29:03.936] 	recv: [8b: 03 0F 00 00 00 08 55 EF]
[01/01/09 01:29:03.945] send: [11b: 02 0F 00 00 00 0C 02 23 0E 69 B4]
[01/01/09 01:29:03.953] 	recv: [8b: 02 0F 00 00 00 0C 55 FD]
[01/01/09 01:29:04.155] send: [10b: 03 0F 00 00 00 08 01 37 3E 9A]
[01/01/09 01:29:04.162] 	recv: [8b: 03 0F 00 00 00 08 55 EF]
[01/01/09 01:29:04.175] send: [11b: 02 0F 00 00 00 0C 02 23 0E 69 B4]
[01/01/09 01:29:04.183] 	recv: [8b: 02 0F 00 00 00 0C 55 FD]
[01/01/09 01:29:04.386] send: [10b: 03 0F 00 00 00 08 01 37 3E 9A]
[01/01/09 01:29:04.393] 	recv: [8b: 03 0F 00 00 00 08 55 EF]
[01/01/09 01:29:04.405] send: [11b: 02 0F 00 00 00 0C 02 23 0E 69 B4]
[01/01/09 01:29:04.413] 	recv: [8b: 02 0F 00 00 00 0C 55 FD]
[01/01/09 01:29:04.616] send: [10b: 03 0F 00 00 00 08 01 37 3E 9A]
[01/01/09 01:29:04.623] 	recv: [8b: 03 0F 00 00 00 08 55 EF]
[01/01/09 01:29:04.634] send: [11b: 02 0F 00 00 00 0C 02 23 0E 69 B4]
[01/01/09 01:29:04.641] 	recv: [8b: 02 0F 00 00 00 0C 55 FD]
[01/01/09 01:29:04.845] send: [10b: 03 0F 00 00 00 08 01 37 3E 9A]
[01/01/09 01:29:04.852] 	recv: [8b: 03 0F 00 00 00 08 55 EF]
[01/01/09 01:29:04.864] send: [11b: 02 0F 00 00 00 0C 02 23 0E 69 B4]
[01/01/09 01:29:04.872] 	recv: [8b: 02 0F 00 00 00 0C 55 FD]
[01/01/09 01:29:05.075] send: [10b: 03 0F 00 00 00 08 01 37 3E 9A]
[01/01/09 01:29:05.082] 	recv: [8b: 03 0F 00 00 00 08 55 EF]
[01/01/09 01:29:05.093] send: [11b: 02 0F 00 00 00 0C 02 23 0E 69 B4]
[01/01/09 01:29:05.101] 	recv: [8b: 02 0F 00 00 00 0C 55 FD]
[01/01/09 01:29:05.304] send: [10b: 03 0F 00 00 00 08 01 37 3E 9A]
[01/01/09 01:29:05.312] 	recv: [8b: 03 0F 00 00 00 08 55 EF]
[01/01/09 01:29:05.324] send: [11b: 02 0F 00 00 00 0C 02 23 0E 69 B4]
[01/01/09 01:29:05.332] 	recv: [8b: 02 0F 00 00 00 0C 55 FD]
[01/01/09 01:29:05.534] send: [10b: 03 0F 00 00 00 08 01 37 3E 9A]
[01/01/09 01:29:05.541] 	recv: [8b: 03 0F 00 00 00 08 55 EF]
[01/01/09 01:29:05.554] send: [11b: 02 0F 00 00 00 0C 02 23 0E 69 B4]
[01/01/09 01:29:05.561] 	recv: [8b: 02 0F 00 00 00 0C 55 FD]
[01/01/09 01:29:05.767] send: [10b: 03 0F 00 00 00 08 01 37 3E 9A]
[01/01/09 01:29:05.776] 	recv: [8b: 03 0F 00 00 00 08 55 EF]
[01/01/09 01:29:05.786] send: [11b: 02 0F 00 00 00 0C 02 23 0E 69 B4]
[01/01/09 01:29:05.796] 	recv: [8b: 02 0F 00 00 00 0C 55 FD]
[01/01/09 01:29:06.008] send: [10b: 03 0F 00 00 00 08 01 37 3E 9A]
[01/01/09 01:29:06.014] 	recv: [8b: 03 0F 00 00 00 08 55 EF]
[01/01/09 01:29:06.024] send: [11b: 02 0F 00 00 00 0C 02 23 0E 69 B4]
[01/01/09 01:29:06.031] 	recv: [8b: 02 0F 00 00 00 0C 55 FD]
[01/01/09 01:29:06.236] send: [10b: 03 0F 00 00 00 08 01 37 3E 9A]
[01/01/09 01:29:06.243] 	recv: [8b: 03 0F 00 00 00 08 55 EF]
[01/01/09 01:29:06.255] send: [11b: 02 0F 00 00 00 0C 02 23 0E 69 B4]
[01/01/09 01:29:06.262] 	recv: [8b: 02 0F 00 00 00 0C 55 FD]
[01/01/09 01:29:06.465] send: [10b: 03 0F 00 00 00 08 01 37 3E 9A]
[01/01/09 01:29:06.472] 	recv: [8b: 03 0F 00 00 00 08 55 EF]
[01/01/09 01:29:06.485] send: [11b: 02 0F 00 00 00 0C 02 23 0E 69 B4]
[01/01/09 01:29:06.493] 	recv: [8b: 02 0F 00 00 00 0C 55 FD]
[01/01/09 01:29:06.695] send: [10b: 03 0F 00 00 00 08 01 37 3E 9A]
[01/01/09 01:29:06.702] 	recv: [8b: 03 0F 00 00 00 08 55 EF]
[01/01/09 01:29:06.715] send: [11b: 02 0F 00 00 00 0C 02 23 0E 69 B4]
[01/01/09 01:29:06.722] 	recv: [8b: 02 0F 00 00 00 0C 55 FD]
[01/01/09 01:29:06.925] send: [10b: 03 0F 00 00 00 08 01 37 3E 9A]
[01/01/09 01:29:06.932] 	recv: [8b: 03 0F 00 00 00 08 55 EF]
[01/01/09 01:29:06.944] send: [11b: 02 0F 00 00 00 0C 02 23 0E 69 B4]
[01/01/09 01:29:06.952] 	recv: [8b: 02 0F 00 00 00 0C 55 FD]
[01/01/09 01:29:07.154] send: [10b: 03 0F 00 00 00 08 01 37 3E 9A]
[01/01/09 01:29:07.162] 	recv: [8b: 03 0F 00 00 00 08 55 EF]
[01/01/09 01:29:07.174] send: [11b: 02 0F 00 00 00 0C 02 23 0E 69 B4]
[01/01/09 01:29:07.181] 	recv: [8b: 02 0F 00 00 00 0C 55 FD]
[01/01/09 01:29:07.385] send: [10b: 03 0F 00 00 00 08 01 37 3E 9A]
[01/01/09 01:29:07.392] 	recv: [8b: 03 0F 00 00 00 08 55 EF]
[01/01/09 01:29:07.405] send: [11b: 02 0F 00 00 00 0C 02 23 0E 69 B4]
[01/01/09 01:29:07.413] 	recv: [8b: 02 0F 00 00 00 0C 55 FD]
[01/01/09 01:29:07.615] send: [10b: 03 0F 00 00 00 08 01 37 3E 9A]
[01/01/09 01:29:07.621] 	recv: [8b: 03 0F 00 00 00 08 55 EF]
[01/01/09 01:29:07.635] send: [11b: 02 0F 00 00 00 0C 02 23 0E 69 B4]
[01/01/09 01:29:07.644] 	recv: [8b: 02 0F 00 00 00 0C 55 FD]
[01/01/09 01:29:07.845] send: [10b: 03 0F 00 00 00 08 01 37 3E 9A]
[01/01/09 01:29:07.853] 	recv: [8b: 03 0F 00 00 00 08 55 EF]
[01/01/09 01:29:07.864] send: [11b: 02 0F 00 00 00 0C 02 23 0E 69 B4]
[01/01/09 01:29:07.872] 	recv: [8b: 02 0F 00 00 00 0C 55 FD]
[01/01/09 01:29:08.074] send: [10b: 03 0F 00 00 00 08 01 37 3E 9A]
[01/01/09 01:29:08.081] 	recv: [8b: 03 0F 00 00 00 08 55 EF]
[01/01/09 01:29:08.095] send: [11b: 02 0F 00 00 00 0C 02 23 0E 69 B4]
[01/01/09 01:29:08.103] 	recv: [8b: 02 0F 00 00 00 0C 55 FD]
[01/01/09 01:29:08.315] send: [10b: 03 0F 00 00 00 08 01 37 3E 9A]
[01/01/09 01:29:08.322] 	recv: [8b: 03 0F 00 00 00 08 55 EF]
[01/01/09 01:29:08.334] send: [11b: 02 0F 00 00 00 0C 02 23 0E 69 B4]
[01/01/09 01:29:08.341] 	recv: [8b: 02 0F 00 00 00 0C 55 FD]
[01/01/09 01:29:08.546] send: [10b: 03 0F 00 00 00 08 01 37 3E 9A]
[01/01/09 01:29:08.553] 	recv: [8b: 03 0F 00 00 00 08 55 EF]
[01/01/09 01:29:08.564] send: [11b: 02 0F 00 00 00 0C 02 23 0E 69 B4]
[01/01/09 01:29:08.571] 	recv: [8b: 02 0F 00 00 00 0C 55 FD]
[01/01/09 01:29:08.774] send: [10b: 03 0F 00 00 00 08 01 37 3E 9A]
[01/01/09 01:29:08.782] 	recv: [8b: 03 0F 00 00 00 08 55 EF]
[01/01/09 01:29:08.795] send: [11b: 02 0F 00 00 00 0C 02 23 0E 69 B4]
[01/01/09 01:29:08.803] 	recv: [8b: 02 0F 00 00 00 0C 55 FD]
[01/01/09 01:29:09.005] send: [10b: 03 0F 00 00 00 08 01 37 3E 9A]
[01/01/09 01:29:09.012] 	recv: [8b: 03 0F 00 00 00 08 55 EF]
[01/01/09 01:29:09.024] send: [11b: 02 0F 00 00 00 0C 02 23 0E 69 B4]
[01/01/09 01:29:09.032] 	recv: [8b: 02 0F 00 00 00 0C 55 FD]
[01/01/09 01:29:09.234] send: [10b: 03 0F 00 00 00 08 01 37 3E 9A]
[01/01/09 01:29:09.242] 	recv: [8b: 03 0F 00 00 00 08 55 EF]
[01/01/09 01:29:09.255] send: [11b: 02 0F 00 00 00 0C 02 23 0E 69 B4]
[01/01/09 01:29:09.263] 	recv: [8b: 02 0F 00 00 00 0C 55 FD]
[01/01/09 01:29:09.466] send: [10b: 03 0F 00 00 00 08 01 37 3E 9A]
[01/01/09 01:29:09.473] 	recv: [8b: 03 0F 00 00 00 08 55 EF]
[01/01/09 01:29:09.484] send: [11b: 02 0F 00 00 00 0C 02 23 0E 69 B4]
[01/01/09 01:29:09.492] 	recv: [8b: 02 0F 00 00 00 0C 55 FD]
[01/01/09 01:29:09.695] send: [10b: 03 0F 00 00 00 08 01 37 3E 9A]
[01/01/09 01:29:09.702] 	recv: [8b: 03 0F 00 00 00 08 55 EF]
[01/01/09 01:29:09.718] send: [11b: 02 0F 00 00 00 0C 02 23 0E 69 B4]
[01/01/09 01:29:09.725] 	recv: [8b: 02 0F 00 00 00 0C 55 FD]
[01/01/09 01:29:09.934] send: [10b: 03 0F 00 00 00 08 01 37 3E 9A]
[01/01/09 01:29:09.942] 	recv: [8b: 03 0F 00 00 00 08 55 EF]
[01/01/09 01:29:09.954] send: [11b: 02 0F 00 00 00 0C 02 23 0E 69 B4]
[01/01/09 01:29:09.961] 	recv: [8b: 02 0F 00 00 00 0C 55 FD]
[01/01/09 01:29:10.168] send: [10b: 03 0F 00 00 00 08 01 37 3E 9A]
[01/01/09 01:29:10.176] 	recv: [8b: 03 0F 00 00 00 08 55 EF]
[01/01/09 01:29:10.183] send: [11b: 02 0F 00 00 00 0C 02 23 0E 69 B4]
[01/01/09 01:29:10.191] 	recv: [8b: 02 0F 00 00 00 0C 55 FD]
[01/01/09 01:29:10.396] send: [10b: 03 0F 00 00 00 08 01 37 3E 9A]
[01/01/09 01:29:10.404] 	recv: [8b: 03 0F 00 00 00 08 55 EF]
[01/01/09 01:29:10.414] send: [11b: 02 0F 00 00 00 0C 02 23 0E 69 B4]
[01/01/09 01:29:10.422] 	recv: [8b: 02 0F 00 00 00 0C 55 FD]
[01/01/09 01:29:10.626] send: [10b: 03 0F 00 00 00 08 01 37 3E 9A]
[01/01/09 01:29:10.634] 	recv: [8b: 03 0F 00 00 00 08 55 EF]
[01/01/09 01:29:10.646] send: [11b: 02 0F 00 00 00 0C 02 23 0E 69 B4]
[01/01/09 01:29:10.654] 	recv: [8b: 02 0F 00 00 00 0C 55 FD]
[01/01/09 01:29:10.882] error: bus thread interrupted
[01/01/09 01:29:10.909] resources: ut=0.18 st=0.02
[01/01/09 01:29:10.909] log finished
