[01/01/09 01:28:34.017] log started
[01/01/09 01:28:34.017] 	[ BusInterface ]
[01/01/09 01:28:34.017] 	cycle = 100
[01/01/09 01:28:34.017] 	device = 0
[01/01/09 01:28:34.017] 	flags = ad_b_10_v,ai_rse
[01/01/09 01:28:34.017] 	href = cin_pci_2,cin_pci_2_skt
[01/01/09 01:28:34.017] 	interface = daq2005|daq2006|daq2010|daq2016|daq2204|daq2205|daq2206|daq2208|daq2213|daq2214|daq2501|daq2502|PIO_DA
[01/01/09 01:28:34.017] 	log:path = 
[01/01/09 01:28:34.017] 	log:size = 
[01/01/09 01:28:34.017] 	log:type = 
[01/01/09 01:28:34.017] 	name = Analog I/O Bus
[01/01/09 01:28:34.017] 	sym = bus_daq_1
[01/01/09 01:28:34.017] 	type = daq2213
[01/01/09 01:28:34.018] 	vendor = ICPDAS,Adlink
[01/01/09 01:28:34.018] tid = 2831
[01/01/09 01:28:34.018] init: lock started
[01/01/09 01:28:34.018] init: locked
[01/01/09 01:28:34.153] d2k-dask init: type=10 id=0
[01/01/09 01:28:34.153] d2k-dask setup: input channel 2, flags=ad_b_10_v,ai_rse/00000001
[01/01/09 01:28:34.154] d2k-dask setup: input channel 3, flags=ad_b_10_v,ai_rse/00000001
[01/01/09 01:28:34.154] d2k-dask setup: input channel 4, flags=ad_b_10_v,ai_rse/00000001
[01/01/09 01:28:34.154] d2k-dask setup: input channel 5, flags=ad_b_10_v,ai_rse/00000001
[01/01/09 01:28:34.154] d2k-dask setup: input channel 0, flags=ad_b_10_v,ai_rse/00000001
[01/01/09 01:28:34.154] d2k-dask setup: input channel 1, flags=ad_b_10_v,ai_rse/00000001
[01/01/09 01:28:34.154] init: unlocked
[01/01/09 01:28:34.155] inVoltage 2 => -0.004272
[01/01/09 01:28:34.155] inVoltage 3 => -0.010376
[01/01/09 01:28:34.155] inVoltage 4 => 4.241028
[01/01/09 01:28:34.156] inVoltage 5 => 4.239807
[01/01/09 01:28:34.275] inVoltage 2 => -0.004272
[01/01/09 01:28:34.275] inVoltage 3 => -0.008240
[01/01/09 01:28:34.276] inVoltage 4 => 4.240723
[01/01/09 01:28:34.276] inVoltage 5 => 4.239502
[01/01/09 01:28:34.395] inVoltage 2 => -0.004578
[01/01/09 01:28:34.395] inVoltage 3 => -0.006104
[01/01/09 01:28:34.396] inVoltage 4 => 4.238892
[01/01/09 01:28:34.396] inVoltage 5 => 4.239807
[01/01/09 01:28:34.516] inVoltage 2 => -0.002136
[01/01/09 01:28:34.516] inVoltage 3 => -0.007629
[01/01/09 01:28:34.516] inVoltage 4 => 4.241638
[01/01/09 01:28:34.516] inVoltage 5 => 4.237671
[01/01/09 01:28:34.636] inVoltage 2 => -0.007019
[01/01/09 01:28:34.636] inVoltage 3 => -0.013428
[01/01/09 01:28:34.636] inVoltage 4 => 4.237366
[01/01/09 01:28:34.637] inVoltage 5 => 4.238892
[01/01/09 01:28:34.757] inVoltage 2 => -0.008545
[01/01/09 01:28:34.757] inVoltage 3 => -0.010986
[01/01/09 01:28:34.757] inVoltage 4 => 4.238281
[01/01/09 01:28:34.757] inVoltage 5 => 4.238281
[01/01/09 01:28:34.877] inVoltage 2 => -0.003662
[01/01/09 01:28:34.877] inVoltage 3 => -0.010986
[01/01/09 01:28:34.877] inVoltage 4 => 4.238281
[01/01/09 01:28:34.877] inVoltage 5 => 4.240417
[01/01/09 01:28:34.998] inVoltage 2 => -0.006714
[01/01/09 01:28:34.998] inVoltage 3 => -0.009155
[01/01/09 01:28:34.998] inVoltage 4 => 4.238586
[01/01/09 01:28:34.998] inVoltage 5 => 4.239807
[01/01/09 01:28:35.118] inVoltage 2 => -0.002747
[01/01/09 01:28:35.118] inVoltage 3 => -0.010681
[01/01/09 01:28:35.118] inVoltage 4 => 4.239502
[01/01/09 01:28:35.119] inVoltage 5 => 4.238586
[01/01/09 01:28:35.239] inVoltage 2 => -0.006104
[01/01/09 01:28:35.239] inVoltage 3 => -0.012207
[01/01/09 01:28:35.239] inVoltage 4 => 4.238281
[01/01/09 01:28:35.239] inVoltage 5 => 4.241943
[01/01/09 01:28:35.359] inVoltage 2 => -0.001831
[01/01/09 01:28:35.359] inVoltage 3 => -0.013428
[01/01/09 01:28:35.359] inVoltage 4 => 4.238281
[01/01/09 01:28:35.359] inVoltage 5 => 4.237671
[01/01/09 01:28:35.479] inVoltage 2 => -0.007324
[01/01/09 01:28:35.479] inVoltage 3 => -0.008850
[01/01/09 01:28:35.480] inVoltage 4 => 4.241028
[01/01/09 01:28:35.480] inVoltage 5 => 4.239197
[01/01/09 01:28:35.600] inVoltage 2 => -0.007935
[01/01/09 01:28:35.600] inVoltage 3 => -0.014038
[01/01/09 01:28:35.600] inVoltage 4 => 4.236145
[01/01/09 01:28:35.600] inVoltage 5 => 4.235840
[01/01/09 01:28:35.720] inVoltage 2 => -0.007324
[01/01/09 01:28:35.720] inVoltage 3 => -0.011902
[01/01/09 01:28:35.720] inVoltage 4 => 4.238281
[01/01/09 01:28:35.721] inVoltage 5 => 4.235840
[01/01/09 01:28:35.840] inVoltage 2 => -0.007324
[01/01/09 01:28:35.841] inVoltage 3 => -0.009766
[01/01/09 01:28:35.841] inVoltage 4 => 4.237671
[01/01/09 01:28:35.841] inVoltage 5 => 4.237366
[01/01/09 01:28:35.962] inVoltage 2 => -0.008240
[01/01/09 01:28:35.962] inVoltage 3 => -0.015564
[01/01/09 01:28:35.962] inVoltage 4 => 4.240723
[01/01/09 01:28:35.962] inVoltage 5 => 4.238586
[01/01/09 01:28:36.083] inVoltage 2 => -0.007629
[01/01/09 01:28:36.083] inVoltage 3 => -0.012207
[01/01/09 01:28:36.084] inVoltage 4 => 4.238281
[01/01/09 01:28:36.084] inVoltage 5 => 4.236145
[01/01/09 01:28:36.205] inVoltage 2 => -0.006104
[01/01/09 01:28:36.205] inVoltage 3 => -0.009460
[01/01/09 01:28:36.205] inVoltage 4 => 4.238281
[01/01/09 01:28:36.205] inVoltage 5 => 4.237061
[01/01/09 01:28:36.325] inVoltage 2 => -0.005798
[01/01/09 01:28:36.325] inVoltage 3 => -0.010986
[01/01/09 01:28:36.325] inVoltage 4 => 4.237671
[01/01/09 01:28:36.325] inVoltage 5 => 4.237671
[01/01/09 01:28:36.445] inVoltage 2 => -0.006409
[01/01/09 01:28:36.445] inVoltage 3 => -0.010986
[01/01/09 01:28:36.446] inVoltage 4 => 4.238281
[01/01/09 01:28:36.446] inVoltage 5 => 4.237366
[01/01/09 01:28:36.566] inVoltage 2 => -0.006409
[01/01/09 01:28:36.566] inVoltage 3 => -0.007324
[01/01/09 01:28:36.566] inVoltage 4 => 4.237671
[01/01/09 01:28:36.566] inVoltage 5 => 4.238281
[01/01/09 01:28:36.686] inVoltage 2 => -0.008545
[01/01/09 01:28:36.686] inVoltage 3 => -0.013123
[01/01/09 01:28:36.687] inVoltage 4 => 4.235229
[01/01/09 01:28:36.687] inVoltage 5 => 4.239197
[01/01/09 01:28:36.806] inVoltage 2 => -0.004272
[01/01/09 01:28:36.806] inVoltage 3 => -0.010681
[01/01/09 01:28:36.806] inVoltage 4 => 4.236450
[01/01/09 01:28:36.806] inVoltage 5 => 4.239502
[01/01/09 01:28:36.926] inVoltage 2 => -0.004883
[01/01/09 01:28:36.926] inVoltage 3 => -0.011902
[01/01/09 01:28:36.926] inVoltage 4 => 4.236450
[01/01/09 01:28:36.927] inVoltage 5 => 4.237671
[01/01/09 01:28:37.047] inVoltage 2 => -0.007629
[01/01/09 01:28:37.047] inVoltage 3 => -0.014038
[01/01/09 01:28:37.047] inVoltage 4 => 4.238586
[01/01/09 01:28:37.047] inVoltage 5 => 4.239807
[01/01/09 01:28:37.167] inVoltage 2 => -0.006714
[01/01/09 01:28:37.167] inVoltage 3 => -0.012207
[01/01/09 01:28:37.167] inVoltage 4 => 4.243469
[01/01/09 01:28:37.167] inVoltage 5 => 4.238281
[01/01/09 01:28:37.286] inVoltage 2 => -0.008850
[01/01/09 01:28:37.286] inVoltage 3 => -0.013428
[01/01/09 01:28:37.286] inVoltage 4 => 4.235535
[01/01/09 01:28:37.286] inVoltage 5 => 4.238892
[01/01/09 01:28:37.407] inVoltage 2 => -0.010071
[01/01/09 01:28:37.407] inVoltage 3 => -0.012817
[01/01/09 01:28:37.407] inVoltage 4 => 4.237671
[01/01/09 01:28:37.407] inVoltage 5 => 4.239197
[01/01/09 01:28:37.527] inVoltage 2 => -0.008545
[01/01/09 01:28:37.528] inVoltage 3 => -0.016479
[01/01/09 01:28:37.528] inVoltage 4 => 4.237366
[01/01/09 01:28:37.528] inVoltage 5 => 4.238892
[01/01/09 01:28:37.648] inVoltage 2 => -0.006104
[01/01/09 01:28:37.648] inVoltage 3 => -0.013428
[01/01/09 01:28:37.648] inVoltage 4 => 4.238281
[01/01/09 01:28:37.648] inVoltage 5 => 4.236145
[01/01/09 01:28:37.768] inVoltage 2 => -0.005188
[01/01/09 01:28:37.768] inVoltage 3 => -0.008545
[01/01/09 01:28:37.768] inVoltage 4 => 4.238281
[01/01/09 01:28:37.769] inVoltage 5 => 4.239502
[01/01/09 01:28:37.889] inVoltage 2 => -0.009155
[01/01/09 01:28:37.889] inVoltage 3 => -0.011597
[01/01/09 01:28:37.889] inVoltage 4 => 4.237976
[01/01/09 01:28:37.889] inVoltage 5 => 4.237671
[01/01/09 01:28:38.009] inVoltage 2 => -0.006104
[01/01/09 01:28:38.009] inVoltage 3 => -0.010986
[01/01/09 01:28:38.009] inVoltage 4 => 4.237976
[01/01/09 01:28:38.009] inVoltage 5 => 4.241943
[01/01/09 01:28:38.129] inVoltage 2 => -0.010376
[01/01/09 01:28:38.130] inVoltage 3 => -0.015259
[01/01/09 01:28:38.130] inVoltage 4 => 4.232788
[01/01/09 01:28:38.130] inVoltage 5 => 4.238281
[01/01/09 01:28:38.249] inVoltage 2 => -0.008545
[01/01/09 01:28:38.250] inVoltage 3 => -0.016174
[01/01/09 01:28:38.250] inVoltage 4 => 4.238281
[01/01/09 01:28:38.250] inVoltage 5 => 4.241028
[01/01/09 01:28:38.370] inVoltage 2 => -0.006714
[01/01/09 01:28:38.370] inVoltage 3 => -0.012817
[01/01/09 01:28:38.370] inVoltage 4 => 4.237671
[01/01/09 01:28:38.370] inVoltage 5 => 4.235840
[01/01/09 01:28:38.490] inVoltage 2 => -0.006409
[01/01/09 01:28:38.490] inVoltage 3 => -0.011292
[01/01/09 01:28:38.490] inVoltage 4 => 4.238586
[01/01/09 01:28:38.490] inVoltage 5 => 4.238281
[01/01/09 01:28:38.610] inVoltage 2 => -0.006714
[01/01/09 01:28:38.610] inVoltage 3 => -0.012817
[01/01/09 01:28:38.611] inVoltage 4 => 4.237061
[01/01/09 01:28:38.611] inVoltage 5 => 4.236755
[01/01/09 01:28:38.730] inVoltage 2 => -0.008240
[01/01/09 01:28:38.730] inVoltage 3 => -0.014648
[01/01/09 01:28:38.731] inVoltage 4 => 4.236755
[01/01/09 01:28:38.731] inVoltage 5 => 4.238586
[01/01/09 01:28:38.852] inVoltage 2 => -0.007324
[01/01/09 01:28:38.852] inVoltage 3 => -0.013733
[01/01/09 01:28:38.852] inVoltage 4 => 4.238281
[01/01/09 01:28:38.852] inVoltage 5 => 4.239807
[01/01/09 01:28:38.973] inVoltage 2 => -0.005798
[01/01/09 01:28:38.974] inVoltage 3 => -0.012207
[01/01/09 01:28:38.974] inVoltage 4 => 4.237671
[01/01/09 01:28:38.974] inVoltage 5 => 4.238892
[01/01/09 01:28:39.094] inVoltage 2 => -0.005798
[01/01/09 01:28:39.094] inVoltage 3 => -0.013428
[01/01/09 01:28:39.094] inVoltage 4 => 4.237671
[01/01/09 01:28:39.094] inVoltage 5 => 4.239502
[01/01/09 01:28:39.215] inVoltage 2 => -0.011902
[01/01/09 01:28:39.216] inVoltage 3 => -0.013123
[01/01/09 01:28:39.216] inVoltage 4 => 4.237061
[01/01/09 01:28:39.216] inVoltage 5 => 4.237366
[01/01/09 01:28:39.336] inVoltage 2 => -0.004578
[01/01/09 01:28:39.336] inVoltage 3 => -0.009155
[01/01/09 01:28:39.336] inVoltage 4 => 4.237061
[01/01/09 01:28:39.336] inVoltage 5 => 4.237671
[01/01/09 01:28:39.456] inVoltage 2 => -0.004272
[01/01/09 01:28:39.456] inVoltage 3 => -0.009766
[01/01/09 01:28:39.457] inVoltage 4 => 4.237061
[01/01/09 01:28:39.457] inVoltage 5 => 4.237671
[01/01/09 01:28:39.577] inVoltage 2 => -0.008240
[01/01/09 01:28:39.578] inVoltage 3 => -0.012207
[01/01/09 01:28:39.578] inVoltage 4 => 4.238281
[01/01/09 01:28:39.578] inVoltage 5 => 4.238281
[01/01/09 01:28:39.698] inVoltage 2 => -0.005493
[01/01/09 01:28:39.698] inVoltage 3 => -0.011292
[01/01/09 01:28:39.698] inVoltage 4 => 4.234619
[01/01/09 01:28:39.698] inVoltage 5 => 4.237366
[01/01/09 01:28:39.818] inVoltage 2 => -0.005798
[01/01/09 01:28:39.818] inVoltage 3 => -0.012817
[01/01/09 01:28:39.818] inVoltage 4 => 4.229736
[01/01/09 01:28:39.819] inVoltage 5 => 4.240417
[01/01/09 01:28:39.939] inVoltage 2 => -0.007019
[01/01/09 01:28:39.939] inVoltage 3 => -0.011597
[01/01/09 01:28:39.939] inVoltage 4 => 4.236755
[01/01/09 01:28:39.939] inVoltage 5 => 4.237671
[01/01/09 01:28:40.059] inVoltage 2 => -0.003967
[01/01/09 01:28:40.059] inVoltage 3 => -0.009766
[01/01/09 01:28:40.059] inVoltage 4 => 4.236755
[01/01/09 01:28:40.059] inVoltage 5 => 4.237671
[01/01/09 01:28:40.180] inVoltage 2 => -0.007629
[01/01/09 01:28:40.180] inVoltage 3 => -0.011292
[01/01/09 01:28:40.180] inVoltage 4 => 4.239502
[01/01/09 01:28:40.180] inVoltage 5 => 4.241028
[01/01/09 01:28:40.300] inVoltage 2 => -0.004883
[01/01/09 01:28:40.300] inVoltage 3 => -0.010071
[01/01/09 01:28:40.300] inVoltage 4 => 4.236145
[01/01/09 01:28:40.301] inVoltage 5 => 4.236145
[01/01/09 01:28:40.421] inVoltage 2 => -0.002747
[01/01/09 01:28:40.421] inVoltage 3 => -0.007019
[01/01/09 01:28:40.421] inVoltage 4 => 4.237976
[01/01/09 01:28:40.421] inVoltage 5 => 4.238892
[01/01/09 01:28:40.543] inVoltage 2 => -0.007019
[01/01/09 01:28:40.543] inVoltage 3 => -0.006714
[01/01/09 01:28:40.544] inVoltage 4 => 4.237061
[01/01/09 01:28:40.544] inVoltage 5 => 4.236450
[01/01/09 01:28:40.666] inVoltage 2 => -0.009155
[01/01/09 01:28:40.666] inVoltage 3 => -0.012512
[01/01/09 01:28:40.666] inVoltage 4 => 4.238586
[01/01/09 01:28:40.666] inVoltage 5 => 4.238281
[01/01/09 01:28:40.786] inVoltage 2 => -0.010071
[01/01/09 01:28:40.786] inVoltage 3 => -0.010986
[01/01/09 01:28:40.786] inVoltage 4 => 4.237366
[01/01/09 01:28:40.786] inVoltage 5 => 4.244690
[01/01/09 01:28:40.907] inVoltage 2 => -0.008240
[01/01/09 01:28:40.907] inVoltage 3 => -0.012207
[01/01/09 01:28:40.907] inVoltage 4 => 4.238281
[01/01/09 01:28:40.907] inVoltage 5 => 4.237671
[01/01/09 01:28:41.027] inVoltage 2 => -0.008240
[01/01/09 01:28:41.028] inVoltage 3 => -0.012817
[01/01/09 01:28:41.028] inVoltage 4 => 4.237366
[01/01/09 01:28:41.028] inVoltage 5 => 4.238892
[01/01/09 01:28:41.148] inVoltage 2 => -0.009460
[01/01/09 01:28:41.149] inVoltage 3 => -0.010376
[01/01/09 01:28:41.149] inVoltage 4 => 4.236450
[01/01/09 01:28:41.149] inVoltage 5 => 4.234924
[01/01/09 01:28:41.269] inVoltage 2 => -0.007019
[01/01/09 01:28:41.269] inVoltage 3 => -0.014343
[01/01/09 01:28:41.269] inVoltage 4 => 4.238586
[01/01/09 01:28:41.269] inVoltage 5 => 4.238281
[01/01/09 01:28:41.389] inVoltage 2 => -0.004883
[01/01/09 01:28:41.389] inVoltage 3 => -0.009766
[01/01/09 01:28:41.389] inVoltage 4 => 4.237366
[01/01/09 01:28:41.390] inVoltage 5 => 4.238281
[01/01/09 01:28:41.509] inVoltage 2 => -0.006409
[01/01/09 01:28:41.509] inVoltage 3 => -0.013733
[01/01/09 01:28:41.510] inVoltage 4 => 4.238586
[01/01/09 01:28:41.510] inVoltage 5 => 4.237061
[01/01/09 01:28:41.630] inVoltage 2 => -0.005798
[01/01/09 01:28:41.630] inVoltage 3 => -0.013123
[01/01/09 01:28:41.630] inVoltage 4 => 4.238892
[01/01/09 01:28:41.630] inVoltage 5 => 4.238586
[01/01/09 01:28:41.750] inVoltage 2 => -0.005493
[01/01/09 01:28:41.750] inVoltage 3 => -0.011597
[01/01/09 01:28:41.750] inVoltage 4 => 4.238281
[01/01/09 01:28:41.750] inVoltage 5 => 4.238281
[01/01/09 01:28:41.870] inVoltage 2 => -0.007019
[01/01/09 01:28:41.870] inVoltage 3 => -0.010681
[01/01/09 01:28:41.871] inVoltage 4 => 4.238892
[01/01/09 01:28:41.871] inVoltage 5 => 4.239807
[01/01/09 01:28:41.991] inVoltage 2 => -0.011597
[01/01/09 01:28:41.991] inVoltage 3 => -0.010071
[01/01/09 01:28:41.991] inVoltage 4 => 4.238281
[01/01/09 01:28:41.991] inVoltage 5 => 4.239502
[01/01/09 01:28:42.111] inVoltage 2 => -0.006714
[01/01/09 01:28:42.111] inVoltage 3 => -0.013123
[01/01/09 01:28:42.111] inVoltage 4 => 4.237061
[01/01/09 01:28:42.111] inVoltage 5 => 4.238892
[01/01/09 01:28:42.231] inVoltage 2 => -0.004883
[01/01/09 01:28:42.231] inVoltage 3 => -0.007019
[01/01/09 01:28:42.231] inVoltage 4 => 4.238892
[01/01/09 01:28:42.232] inVoltage 5 => 4.240417
[01/01/09 01:28:42.351] inVoltage 2 => -0.005493
[01/01/09 01:28:42.352] inVoltage 3 => -0.007935
[01/01/09 01:28:42.352] inVoltage 4 => 4.239502
[01/01/09 01:28:42.352] inVoltage 5 => 4.237366
[01/01/09 01:28:42.473] inVoltage 2 => -0.006409
[01/01/09 01:28:42.473] inVoltage 3 => -0.010376
[01/01/09 01:28:42.473] inVoltage 4 => 4.239502
[01/01/09 01:28:42.473] inVoltage 5 => 4.238586
[01/01/09 01:28:42.595] inVoltage 2 => -0.005493
[01/01/09 01:28:42.595] inVoltage 3 => -0.008240
[01/01/09 01:28:42.595] inVoltage 4 => 4.238892
[01/01/09 01:28:42.595] inVoltage 5 => 4.238281
[01/01/09 01:28:42.715] inVoltage 2 => -0.003967
[01/01/09 01:28:42.715] inVoltage 3 => -0.008545
[01/01/09 01:28:42.715] inVoltage 4 => 4.238892
[01/01/09 01:28:42.715] inVoltage 5 => 4.241028
[01/01/09 01:28:42.835] inVoltage 2 => -0.004272
[01/01/09 01:28:42.835] inVoltage 3 => -0.009155
[01/01/09 01:28:42.835] inVoltage 4 => 4.239502
[01/01/09 01:28:42.835] inVoltage 5 => 4.238281
[01/01/09 01:28:42.957] inVoltage 2 => -0.004272
[01/01/09 01:28:42.957] inVoltage 3 => -0.008545
[01/01/09 01:28:42.957] inVoltage 4 => 4.236145
[01/01/09 01:28:42.957] inVoltage 5 => 4.239807
[01/01/09 01:28:43.077] inVoltage 2 => -0.004272
[01/01/09 01:28:43.077] inVoltage 3 => -0.007935
[01/01/09 01:28:43.077] inVoltage 4 => 4.239502
[01/01/09 01:28:43.077] inVoltage 5 => 4.238586
[01/01/09 01:28:43.198] inVoltage 2 => -0.004272
[01/01/09 01:28:43.198] inVoltage 3 => -0.007629
[01/01/09 01:28:43.198] inVoltage 4 => 4.238281
[01/01/09 01:28:43.198] inVoltage 5 => 4.239197
[01/01/09 01:28:43.319] inVoltage 2 => -0.002136
[01/01/09 01:28:43.319] inVoltage 3 => -0.008545
[01/01/09 01:28:43.319] inVoltage 4 => 4.239807
[01/01/09 01:28:43.319] inVoltage 5 => 4.239197
[01/01/09 01:28:43.439] inVoltage 2 => -0.001831
[01/01/09 01:28:43.440] inVoltage 3 => -0.010986
[01/01/09 01:28:43.440] inVoltage 4 => 4.238281
[01/01/09 01:28:43.440] inVoltage 5 => 4.237366
[01/01/09 01:28:43.560] inVoltage 2 => -0.010376
[01/01/09 01:28:43.560] inVoltage 3 => -0.010986
[01/01/09 01:28:43.560] inVoltage 4 => 4.241333
[01/01/09 01:28:43.560] inVoltage 5 => 4.239502
[01/01/09 01:28:43.680] inVoltage 2 => -0.004883
[01/01/09 01:28:43.680] inVoltage 3 => -0.007629
[01/01/09 01:28:43.680] inVoltage 4 => 4.241028
[01/01/09 01:28:43.681] inVoltage 5 => 4.239502
[01/01/09 01:28:43.800] inVoltage 2 => -0.004883
[01/01/09 01:28:43.801] inVoltage 3 => -0.011292
[01/01/09 01:28:43.801] inVoltage 4 => 4.240723
[01/01/09 01:28:43.801] inVoltage 5 => 4.240417
[01/01/09 01:28:43.922] inVoltage 2 => -0.005493
[01/01/09 01:28:43.922] inVoltage 3 => -0.013123
[01/01/09 01:28:43.922] inVoltage 4 => 4.240723
[01/01/09 01:28:43.922] inVoltage 5 => 4.240723
[01/01/09 01:28:44.043] inVoltage 2 => -0.005188
[01/01/09 01:28:44.043] inVoltage 3 => -0.009766
[01/01/09 01:28:44.043] inVoltage 4 => 4.237061
[01/01/09 01:28:44.043] inVoltage 5 => 4.240417
[01/01/09 01:28:44.164] inVoltage 2 => -0.004883
[01/01/09 01:28:44.164] inVoltage 3 => -0.017700
[01/01/09 01:28:44.164] inVoltage 4 => 4.239502
[01/01/09 01:28:44.164] inVoltage 5 => 4.240112
[01/01/09 01:28:44.284] inVoltage 2 => -0.007019
[01/01/09 01:28:44.284] inVoltage 3 => -0.006409
[01/01/09 01:28:44.285] inVoltage 4 => 4.241028
[01/01/09 01:28:44.285] inVoltage 5 => 4.240112
[01/01/09 01:28:44.405] inVoltage 2 => -0.006409
[01/01/09 01:28:44.405] inVoltage 3 => -0.014038
[01/01/09 01:28:44.405] inVoltage 4 => 4.240723
[01/01/09 01:28:44.405] inVoltage 5 => 4.238586
[01/01/09 01:28:44.526] inVoltage 2 => -0.008545
[01/01/09 01:28:44.526] inVoltage 3 => -0.009155
[01/01/09 01:28:44.526] inVoltage 4 => 4.239502
[01/01/09 01:28:44.526] inVoltage 5 => 4.239502
[01/01/09 01:28:44.647] inVoltage 2 => -0.004578
[01/01/09 01:28:44.647] inVoltage 3 => -0.010986
[01/01/09 01:28:44.648] inVoltage 4 => 4.238281
[01/01/09 01:28:44.648] inVoltage 5 => 4.239502
[01/01/09 01:28:44.768] inVoltage 2 => -0.005188
[01/01/09 01:28:44.768] inVoltage 3 => -0.011597
[01/01/09 01:28:44.768] inVoltage 4 => 4.238281
[01/01/09 01:28:44.768] inVoltage 5 => 4.240723
[01/01/09 01:28:44.888] inVoltage 2 => -0.007935
[01/01/09 01:28:44.888] inVoltage 3 => -0.012207
[01/01/09 01:28:44.889] inVoltage 4 => 4.239197
[01/01/09 01:28:44.889] inVoltage 5 => 4.241333
[01/01/09 01:28:45.009] inVoltage 2 => -0.000916
[01/01/09 01:28:45.009] inVoltage 3 => -0.009155
[01/01/09 01:28:45.009] inVoltage 4 => 4.241333
[01/01/09 01:28:45.009] inVoltage 5 => 4.236755
[01/01/09 01:28:45.129] inVoltage 2 => -0.004272
[01/01/09 01:28:45.129] inVoltage 3 => -0.011902
[01/01/09 01:28:45.130] inVoltage 4 => 4.238892
[01/01/09 01:28:45.130] inVoltage 5 => 4.239197
[01/01/09 01:28:45.249] inVoltage 2 => -0.004578
[01/01/09 01:28:45.250] inVoltage 3 => -0.010071
[01/01/09 01:28:45.250] inVoltage 4 => 4.239197
[01/01/09 01:28:45.250] inVoltage 5 => 4.237671
[01/01/09 01:28:45.370] inVoltage 2 => -0.004883
[01/01/09 01:28:45.370] inVoltage 3 => -0.011292
[01/01/09 01:28:45.370] inVoltage 4 => 4.238281
[01/01/09 01:28:45.370] inVoltage 5 => 4.238281
[01/01/09 01:28:45.490] inVoltage 2 => -0.003662
[01/01/09 01:28:45.490] inVoltage 3 => -0.010071
[01/01/09 01:28:45.490] inVoltage 4 => 4.237671
[01/01/09 01:28:45.490] inVoltage 5 => 4.241028
[01/01/09 01:28:45.610] inVoltage 2 => -0.007324
[01/01/09 01:28:45.610] inVoltage 3 => -0.013123
[01/01/09 01:28:45.610] inVoltage 4 => 4.239197
[01/01/09 01:28:45.611] inVoltage 5 => 4.239502
[01/01/09 01:28:45.731] inVoltage 2 => -0.007324
[01/01/09 01:28:45.731] inVoltage 3 => -0.009766
[01/01/09 01:28:45.731] inVoltage 4 => 4.238586
[01/01/09 01:28:45.732] inVoltage 5 => 4.238281
[01/01/09 01:28:45.853] inVoltage 2 => -0.004272
[01/01/09 01:28:45.853] inVoltage 3 => -0.010986
[01/01/09 01:28:45.853] inVoltage 4 => 4.238281
[01/01/09 01:28:45.854] inVoltage 5 => 4.238586
[01/01/09 01:28:45.974] inVoltage 2 => -0.003662
[01/01/09 01:28:45.974] inVoltage 3 => -0.009460
[01/01/09 01:28:45.975] inVoltage 4 => 4.238586
[01/01/09 01:28:45.975] inVoltage 5 => 4.239502
[01/01/09 01:28:46.094] inVoltage 2 => -0.006409
[01/01/09 01:28:46.094] inVoltage 3 => -0.008850
[01/01/09 01:28:46.094] inVoltage 4 => 4.238586
[01/01/09 01:28:46.094] inVoltage 5 => 4.240417
[01/01/09 01:28:46.214] inVoltage 2 => -0.007324
[01/01/09 01:28:46.214] inVoltage 3 => -0.009766
[01/01/09 01:28:46.214] inVoltage 4 => 4.237061
[01/01/09 01:28:46.214] inVoltage 5 => 4.240112
[01/01/09 01:28:46.335] inVoltage 2 => -0.003662
[01/01/09 01:28:46.335] inVoltage 3 => -0.009155
[01/01/09 01:28:46.335] inVoltage 4 => 4.238281
[01/01/09 01:28:46.335] inVoltage 5 => 4.239807
[01/01/09 01:28:46.457] inVoltage 2 => -0.003052
[01/01/09 01:28:46.457] inVoltage 3 => -0.007629
[01/01/09 01:28:46.457] inVoltage 4 => 4.238892
[01/01/09 01:28:46.457] inVoltage 5 => 4.238586
[01/01/09 01:28:46.577] inVoltage 2 => -0.004272
[01/01/09 01:28:46.577] inVoltage 3 => -0.009155
[01/01/09 01:28:46.578] inVoltage 4 => 4.238281
[01/01/09 01:28:46.578] inVoltage 5 => 4.236450
[01/01/09 01:28:46.697] inVoltage 2 => -0.005798
[01/01/09 01:28:46.698] inVoltage 3 => -0.012207
[01/01/09 01:28:46.698] inVoltage 4 => 4.240417
[01/01/09 01:28:46.698] inVoltage 5 => 4.241943
[01/01/09 01:28:46.818] inVoltage 2 => -0.007629
[01/01/09 01:28:46.818] inVoltage 3 => -0.009766
[01/01/09 01:28:46.818] inVoltage 4 => 4.239502
[01/01/09 01:28:46.818] inVoltage 5 => 4.241638
[01/01/09 01:28:46.939] inVoltage 2 => -0.007629
[01/01/09 01:28:46.940] inVoltage 3 => -0.008850
[01/01/09 01:28:46.940] inVoltage 4 => 4.239502
[01/01/09 01:28:46.940] inVoltage 5 => 4.238892
[01/01/09 01:28:47.060] inVoltage 2 => -0.006714
[01/01/09 01:28:47.060] inVoltage 3 => -0.013733
[01/01/09 01:28:47.060] inVoltage 4 => 4.238892
[01/01/09 01:28:47.060] inVoltage 5 => 4.240112
[01/01/09 01:28:47.181] inVoltage 2 => -0.005493
[01/01/09 01:28:47.181] inVoltage 3 => -0.012817
[01/01/09 01:28:47.181] inVoltage 4 => 4.237366
[01/01/09 01:28:47.181] inVoltage 5 => 4.237976
[01/01/09 01:28:47.302] inVoltage 2 => -0.003967
[01/01/09 01:28:47.302] inVoltage 3 => -0.009766
[01/01/09 01:28:47.302] inVoltage 4 => 4.237366
[01/01/09 01:28:47.302] inVoltage 5 => 4.238892
[01/01/09 01:28:47.423] inVoltage 2 => -0.008850
[01/01/09 01:28:47.423] inVoltage 3 => -0.013123
[01/01/09 01:28:47.423] inVoltage 4 => 4.240112
[01/01/09 01:28:47.424] inVoltage 5 => 4.238281
[01/01/09 01:28:47.544] inVoltage 2 => -0.007629
[01/01/09 01:28:47.545] inVoltage 3 => -0.014343
[01/01/09 01:28:47.545] inVoltage 4 => 4.238892
[01/01/09 01:28:47.545] inVoltage 5 => 4.236450
[01/01/09 01:28:47.664] inVoltage 2 => -0.006104
[01/01/09 01:28:47.664] inVoltage 3 => -0.009460
[01/01/09 01:28:47.664] inVoltage 4 => 4.238892
[01/01/09 01:28:47.665] inVoltage 5 => 4.239502
[01/01/09 01:28:47.786] inVoltage 2 => -0.005798
[01/01/09 01:28:47.786] inVoltage 3 => -0.008545
[01/01/09 01:28:47.786] inVoltage 4 => 4.237366
[01/01/09 01:28:47.786] inVoltage 5 => 4.237976
[01/01/09 01:28:47.906] inVoltage 2 => -0.005798
[01/01/09 01:28:47.906] inVoltage 3 => -0.008545
[01/01/09 01:28:47.906] inVoltage 4 => 4.239502
[01/01/09 01:28:47.906] inVoltage 5 => 4.237671
[01/01/09 01:28:48.027] inVoltage 2 => -0.006714
[01/01/09 01:28:48.027] inVoltage 3 => -0.008850
[01/01/09 01:28:48.027] inVoltage 4 => 4.238586
[01/01/09 01:28:48.027] inVoltage 5 => 4.235840
[01/01/09 01:28:48.147] inVoltage 2 => -0.002441
[01/01/09 01:28:48.147] inVoltage 3 => -0.011292
[01/01/09 01:28:48.147] inVoltage 4 => 4.237366
[01/01/09 01:28:48.147] inVoltage 5 => 4.238892
[01/01/09 01:28:48.267] inVoltage 2 => -0.004883
[01/01/09 01:28:48.267] inVoltage 3 => -0.010986
[01/01/09 01:28:48.267] inVoltage 4 => 4.238281
[01/01/09 01:28:48.267] inVoltage 5 => 4.238892
[01/01/09 01:28:48.387] inVoltage 2 => -0.004578
[01/01/09 01:28:48.387] inVoltage 3 => -0.010986
[01/01/09 01:28:48.387] inVoltage 4 => 4.238281
[01/01/09 01:28:48.388] inVoltage 5 => 4.237366
[01/01/09 01:28:48.508] inVoltage 2 => -0.008850
[01/01/09 01:28:48.508] inVoltage 3 => -0.012207
[01/01/09 01:28:48.508] inVoltage 4 => 4.239807
[01/01/09 01:28:48.508] inVoltage 5 => 4.238281
[01/01/09 01:28:48.628] inVoltage 2 => 0.000610
[01/01/09 01:28:48.628] inVoltage 3 => -0.012207
[01/01/09 01:28:48.629] inVoltage 4 => 4.238586
[01/01/09 01:28:48.629] inVoltage 5 => 4.240417
[01/01/09 01:28:48.749] inVoltage 2 => -0.007019
[01/01/09 01:28:48.749] inVoltage 3 => -0.010986
[01/01/09 01:28:48.749] inVoltage 4 => 4.236755
[01/01/09 01:28:48.749] inVoltage 5 => 4.238586
[01/01/09 01:28:48.870] inVoltage 2 => -0.005798
[01/01/09 01:28:48.870] inVoltage 3 => -0.009460
[01/01/09 01:28:48.870] inVoltage 4 => 4.236755
[01/01/09 01:28:48.870] inVoltage 5 => 4.240417
[01/01/09 01:28:48.990] inVoltage 2 => -0.006409
[01/01/09 01:28:48.990] inVoltage 3 => -0.012207
[01/01/09 01:28:48.990] inVoltage 4 => 4.238281
[01/01/09 01:28:48.991] inVoltage 5 => 4.239807
[01/01/09 01:28:49.111] inVoltage 2 => -0.005798
[01/01/09 01:28:49.111] inVoltage 3 => -0.009460
[01/01/09 01:28:49.111] inVoltage 4 => 4.239502
[01/01/09 01:28:49.111] inVoltage 5 => 4.238281
[01/01/09 01:28:49.232] inVoltage 2 => -0.002136
[01/01/09 01:28:49.232] inVoltage 3 => -0.007629
[01/01/09 01:28:49.232] inVoltage 4 => 4.238892
[01/01/09 01:28:49.232] inVoltage 5 => 4.236145
[01/01/09 01:28:49.352] inVoltage 2 => -0.003052
[01/01/09 01:28:49.353] inVoltage 3 => -0.010376
[01/01/09 01:28:49.353] inVoltage 4 => 4.237976
[01/01/09 01:28:49.353] inVoltage 5 => 4.240112
[01/01/09 01:28:49.474] inVoltage 2 => -0.006104
[01/01/09 01:28:49.474] inVoltage 3 => -0.008545
[01/01/09 01:28:49.474] inVoltage 4 => 4.238586
[01/01/09 01:28:49.475] inVoltage 5 => 4.236145
[01/01/09 01:28:49.595] inVoltage 2 => -0.007629
[01/01/09 01:28:49.595] inVoltage 3 => -0.009155
[01/01/09 01:28:49.595] inVoltage 4 => 4.239807
[01/01/09 01:28:49.595] inVoltage 5 => 4.238892
[01/01/09 01:28:49.716] inVoltage 2 => -0.003662
[01/01/09 01:28:49.716] inVoltage 3 => -0.010681
[01/01/09 01:28:49.716] inVoltage 4 => 4.237366
[01/01/09 01:28:49.716] inVoltage 5 => 4.240723
[01/01/09 01:28:49.836] inVoltage 2 => -0.004883
[01/01/09 01:28:49.836] inVoltage 3 => -0.011292
[01/01/09 01:28:49.836] inVoltage 4 => 4.241028
[01/01/09 01:28:49.836] inVoltage 5 => 4.238281
[01/01/09 01:28:49.957] inVoltage 2 => -0.003662
[01/01/09 01:28:49.957] inVoltage 3 => -0.007324
[01/01/09 01:28:49.957] inVoltage 4 => 4.237366
[01/01/09 01:28:49.957] inVoltage 5 => 4.240112
[01/01/09 01:28:50.077] inVoltage 2 => -0.004272
[01/01/09 01:28:50.077] inVoltage 3 => -0.006714
[01/01/09 01:28:50.077] inVoltage 4 => 4.240417
[01/01/09 01:28:50.078] inVoltage 5 => 4.241943
[01/01/09 01:28:50.198] inVoltage 2 => -0.006104
[01/01/09 01:28:50.198] inVoltage 3 => -0.010986
[01/01/09 01:28:50.198] inVoltage 4 => 4.238892
[01/01/09 01:28:50.198] inVoltage 5 => 4.237061
[01/01/09 01:28:50.317] inVoltage 2 => -0.003967
[01/01/09 01:28:50.317] inVoltage 3 => -0.008240
[01/01/09 01:28:50.317] inVoltage 4 => 4.238281
[01/01/09 01:28:50.317] inVoltage 5 => 4.239807
[01/01/09 01:28:50.437] inVoltage 2 => -0.002747
[01/01/09 01:28:50.437] inVoltage 3 => -0.011292
[01/01/09 01:28:50.437] inVoltage 4 => 4.241943
[01/01/09 01:28:50.437] inVoltage 5 => 4.240417
[01/01/09 01:28:50.557] inVoltage 2 => -0.004272
[01/01/09 01:28:50.557] inVoltage 3 => -0.008545
[01/01/09 01:28:50.557] inVoltage 4 => 4.241028
[01/01/09 01:28:50.557] inVoltage 5 => 4.240112
[01/01/09 01:28:50.677] inVoltage 2 => -0.003052
[01/01/09 01:28:50.678] inVoltage 3 => -0.010986
[01/01/09 01:28:50.678] inVoltage 4 => 4.235229
[01/01/09 01:28:50.678] inVoltage 5 => 4.236755
[01/01/09 01:28:50.798] inVoltage 2 => -0.007019
[01/01/09 01:28:50.798] inVoltage 3 => -0.013428
[01/01/09 01:28:50.798] inVoltage 4 => 4.238281
[01/01/09 01:28:50.798] inVoltage 5 => 4.240723
[01/01/09 01:28:50.918] inVoltage 2 => -0.007019
[01/01/09 01:28:50.918] inVoltage 3 => -0.011597
[01/01/09 01:28:50.918] inVoltage 4 => 4.238281
[01/01/09 01:28:50.919] inVoltage 5 => 4.238586
[01/01/09 01:28:51.039] inVoltage 2 => -0.005798
[01/01/09 01:28:51.039] inVoltage 3 => -0.012207
[01/01/09 01:28:51.039] inVoltage 4 => 4.238892
[01/01/09 01:28:51.039] inVoltage 5 => 4.238586
[01/01/09 01:28:51.159] inVoltage 2 => -0.004578
[01/01/09 01:28:51.159] inVoltage 3 => -0.009460
[01/01/09 01:28:51.159] inVoltage 4 => 4.238281
[01/01/09 01:28:51.159] inVoltage 5 => 4.239807
[01/01/09 01:28:51.279] inVoltage 2 => -0.004272
[01/01/09 01:28:51.280] inVoltage 3 => -0.009766
[01/01/09 01:28:51.280] inVoltage 4 => 4.239197
[01/01/09 01:28:51.280] inVoltage 5 => 4.240417
[01/01/09 01:28:51.400] inVoltage 2 => -0.002441
[01/01/09 01:28:51.400] inVoltage 3 => -0.009155
[01/01/09 01:28:51.400] inVoltage 4 => 4.239197
[01/01/09 01:28:51.400] inVoltage 5 => 4.242554
[01/01/09 01:28:51.521] inVoltage 2 => -0.007324
[01/01/09 01:28:51.521] inVoltage 3 => -0.013428
[01/01/09 01:28:51.521] inVoltage 4 => 4.237671
[01/01/09 01:28:51.521] inVoltage 5 => 4.238281
[01/01/09 01:28:51.642] inVoltage 2 => -0.007629
[01/01/09 01:28:51.642] inVoltage 3 => -0.008240
[01/01/09 01:28:51.642] inVoltage 4 => 4.237671
[01/01/09 01:28:51.642] inVoltage 5 => 4.240723
[01/01/09 01:28:51.766] inVoltage 2 => -0.005188
[01/01/09 01:28:51.766] inVoltage 3 => -0.008545
[01/01/09 01:28:51.766] inVoltage 4 => 4.238892
[01/01/09 01:28:51.766] inVoltage 5 => 4.236450
[01/01/09 01:28:51.887] inVoltage 2 => -0.007324
[01/01/09 01:28:51.887] inVoltage 3 => -0.010681
[01/01/09 01:28:51.887] inVoltage 4 => 4.239197
[01/01/09 01:28:51.887] inVoltage 5 => 4.238281
[01/01/09 01:28:52.007] inVoltage 2 => -0.005798
[01/01/09 01:28:52.007] inVoltage 3 => -0.011292
[01/01/09 01:28:52.007] inVoltage 4 => 4.240723
[01/01/09 01:28:52.007] inVoltage 5 => 4.238281
[01/01/09 01:28:52.127] inVoltage 2 => -0.007019
[01/01/09 01:28:52.127] inVoltage 3 => -0.012512
[01/01/09 01:28:52.127] inVoltage 4 => 4.240417
[01/01/09 01:28:52.127] inVoltage 5 => 4.238586
[01/01/09 01:28:52.247] inVoltage 2 => -0.003052
[01/01/09 01:28:52.247] inVoltage 3 => -0.009766
[01/01/09 01:28:52.247] inVoltage 4 => 4.237366
[01/01/09 01:28:52.247] inVoltage 5 => 4.238892
[01/01/09 01:28:52.368] inVoltage 2 => -0.006104
[01/01/09 01:28:52.368] inVoltage 3 => -0.013123
[01/01/09 01:28:52.368] inVoltage 4 => 4.240723
[01/01/09 01:28:52.368] inVoltage 5 => 4.240723
[01/01/09 01:28:52.488] inVoltage 2 => -0.006104
[01/01/09 01:28:52.488] inVoltage 3 => -0.010376
[01/01/09 01:28:52.488] inVoltage 4 => 4.240112
[01/01/09 01:28:52.489] inVoltage 5 => 4.241028
[01/01/09 01:28:52.608] inVoltage 2 => -0.003357
[01/01/09 01:28:52.609] inVoltage 3 => -0.009460
[01/01/09 01:28:52.609] inVoltage 4 => 4.239502
[01/01/09 01:28:52.609] inVoltage 5 => 4.239807
[01/01/09 01:28:52.728] inVoltage 2 => -0.004883
[01/01/09 01:28:52.729] inVoltage 3 => -0.012512
[01/01/09 01:28:52.729] inVoltage 4 => 4.240723
[01/01/09 01:28:52.729] inVoltage 5 => 4.239502
[01/01/09 01:28:52.849] inVoltage 2 => -0.006104
[01/01/09 01:28:52.849] inVoltage 3 => -0.012207
[01/01/09 01:28:52.849] inVoltage 4 => 4.240723
[01/01/09 01:28:52.850] inVoltage 5 => 4.240112
[01/01/09 01:28:52.969] inVoltage 2 => -0.007324
[01/01/09 01:28:52.969] inVoltage 3 => -0.011597
[01/01/09 01:28:52.970] inVoltage 4 => 4.240112
[01/01/09 01:28:52.970] inVoltage 5 => 4.240723
[01/01/09 01:28:53.091] inVoltage 2 => -0.006104
[01/01/09 01:28:53.091] inVoltage 3 => -0.012817
[01/01/09 01:28:53.092] inVoltage 4 => 4.238281
[01/01/09 01:28:53.092] inVoltage 5 => 4.237671
[01/01/09 01:28:53.215] inVoltage 2 => -0.004578
[01/01/09 01:28:53.215] inVoltage 3 => -0.012512
[01/01/09 01:28:53.215] inVoltage 4 => 4.239502
[01/01/09 01:28:53.215] inVoltage 5 => 4.241028
[01/01/09 01:28:53.336] inVoltage 2 => -0.006714
[01/01/09 01:28:53.336] inVoltage 3 => -0.013428
[01/01/09 01:28:53.337] inVoltage 4 => 4.240112
[01/01/09 01:28:53.337] inVoltage 5 => 4.238892
[01/01/09 01:28:53.457] inVoltage 2 => -0.003357
[01/01/09 01:28:53.457] inVoltage 3 => -0.008545
[01/01/09 01:28:53.458] inVoltage 4 => 4.238892
[01/01/09 01:28:53.458] inVoltage 5 => 4.239807
[01/01/09 01:28:53.577] inVoltage 2 => -0.004272
[01/01/09 01:28:53.577] inVoltage 3 => -0.005188
[01/01/09 01:28:53.577] inVoltage 4 => 4.239502
[01/01/09 01:28:53.578] inVoltage 5 => 4.238281
[01/01/09 01:28:53.698] inVoltage 2 => -0.000610
[01/01/09 01:28:53.698] inVoltage 3 => -0.009155
[01/01/09 01:28:53.698] inVoltage 4 => 4.239197
[01/01/09 01:28:53.698] inVoltage 5 => 4.239197
[01/01/09 01:28:53.820] inVoltage 2 => -0.004578
[01/01/09 01:28:53.820] inVoltage 3 => -0.008545
[01/01/09 01:28:53.820] inVoltage 4 => 4.236755
[01/01/09 01:28:53.820] inVoltage 5 => 4.238281
[01/01/09 01:28:53.940] inVoltage 2 => -0.005493
[01/01/09 01:28:53.941] inVoltage 3 => -0.014648
[01/01/09 01:28:53.941] inVoltage 4 => 4.238892
[01/01/09 01:28:53.941] inVoltage 5 => 4.240112
[01/01/09 01:28:54.061] inVoltage 2 => -0.007324
[01/01/09 01:28:54.061] inVoltage 3 => -0.012207
[01/01/09 01:28:54.062] inVoltage 4 => 4.239197
[01/01/09 01:28:54.062] inVoltage 5 => 4.240112
[01/01/09 01:28:54.183] inVoltage 2 => -0.007324
[01/01/09 01:28:54.183] inVoltage 3 => -0.012817
[01/01/09 01:28:54.183] inVoltage 4 => 4.237061
[01/01/09 01:28:54.184] inVoltage 5 => 4.238892
[01/01/09 01:28:54.304] inVoltage 2 => -0.005493
[01/01/09 01:28:54.304] inVoltage 3 => -0.008850
[01/01/09 01:28:54.304] inVoltage 4 => 4.238281
[01/01/09 01:28:54.304] inVoltage 5 => 4.240723
[01/01/09 01:28:54.423] inVoltage 2 => -0.004883
[01/01/09 01:28:54.423] inVoltage 3 => -0.007324
[01/01/09 01:28:54.423] inVoltage 4 => 4.240723
[01/01/09 01:28:54.423] inVoltage 5 => 4.237671
[01/01/09 01:28:54.543] inVoltage 2 => -0.007935
[01/01/09 01:28:54.544] inVoltage 3 => -0.006409
[01/01/09 01:28:54.544] inVoltage 4 => 4.238281
[01/01/09 01:28:54.544] inVoltage 5 => 4.240112
[01/01/09 01:28:54.663] inVoltage 2 => -0.008545
[01/01/09 01:28:54.664] inVoltage 3 => -0.005798
[01/01/09 01:28:54.664] inVoltage 4 => 4.241333
[01/01/09 01:28:54.664] inVoltage 5 => 4.239502
[01/01/09 01:28:54.785] inVoltage 2 => -0.005493
[01/01/09 01:28:54.785] inVoltage 3 => -0.009155
[01/01/09 01:28:54.785] inVoltage 4 => 4.239197
[01/01/09 01:28:54.785] inVoltage 5 => 4.240723
[01/01/09 01:28:54.905] inVoltage 2 => -0.004578
[01/01/09 01:28:54.905] inVoltage 3 => -0.010681
[01/01/09 01:28:54.905] inVoltage 4 => 4.239502
[01/01/09 01:28:54.905] inVoltage 5 => 4.239197
[01/01/09 01:28:55.025] inVoltage 2 => -0.007324
[01/01/09 01:28:55.025] inVoltage 3 => -0.008240
[01/01/09 01:28:55.026] inVoltage 4 => 4.237061
[01/01/09 01:28:55.026] inVoltage 5 => 4.241638
[01/01/09 01:28:55.146] inVoltage 2 => -0.002441
[01/01/09 01:28:55.146] inVoltage 3 => -0.013123
[01/01/09 01:28:55.146] inVoltage 4 => 4.237061
[01/01/09 01:28:55.146] inVoltage 5 => 4.240112
[01/01/09 01:28:55.265] inVoltage 2 => -0.003357
[01/01/09 01:28:55.265] inVoltage 3 => -0.010986
[01/01/09 01:28:55.265] inVoltage 4 => 4.240723
[01/01/09 01:28:55.266] inVoltage 5 => 4.246216
[01/01/09 01:28:55.385] inVoltage 2 => -0.005798
[01/01/09 01:28:55.386] inVoltage 3 => -0.012817
[01/01/09 01:28:55.386] inVoltage 4 => 4.239502
[01/01/09 01:28:55.386] inVoltage 5 => 4.237061
[01/01/09 01:28:55.506] inVoltage 2 => -0.003052
[01/01/09 01:28:55.506] inVoltage 3 => -0.010071
[01/01/09 01:28:55.506] inVoltage 4 => 4.239807
[01/01/09 01:28:55.506] inVoltage 5 => 4.236755
[01/01/09 01:28:55.626] inVoltage 2 => -0.005188
[01/01/09 01:28:55.626] inVoltage 3 => -0.010681
[01/01/09 01:28:55.626] inVoltage 4 => 4.237061
[01/01/09 01:28:55.626] inVoltage 5 => 4.240723
[01/01/09 01:28:55.746] inVoltage 2 => -0.003052
[01/01/09 01:28:55.746] inVoltage 3 => -0.010986
[01/01/09 01:28:55.747] inVoltage 4 => 4.238586
[01/01/09 01:28:55.747] inVoltage 5 => 4.238586
[01/01/09 01:28:55.867] inVoltage 2 => -0.005493
[01/01/09 01:28:55.867] inVoltage 3 => -0.011292
[01/01/09 01:28:55.867] inVoltage 4 => 4.239807
[01/01/09 01:28:55.867] inVoltage 5 => 4.237671
[01/01/09 01:28:55.987] inVoltage 2 => -0.006104
[01/01/09 01:28:55.987] inVoltage 3 => -0.008545
[01/01/09 01:28:55.988] inVoltage 4 => 4.237061
[01/01/09 01:28:55.988] inVoltage 5 => 4.237976
[01/01/09 01:28:56.108] inVoltage 2 => -0.002441
[01/01/09 01:28:56.108] inVoltage 3 => -0.005798
[01/01/09 01:28:56.108] inVoltage 4 => 4.241943
[01/01/09 01:28:56.108] inVoltage 5 => 4.239807
[01/01/09 01:28:56.228] inVoltage 2 => -0.003967
[01/01/09 01:28:56.228] inVoltage 3 => -0.007324
[01/01/09 01:28:56.228] inVoltage 4 => 4.239807
[01/01/09 01:28:56.228] inVoltage 5 => 4.240723
[01/01/09 01:28:56.348] inVoltage 2 => -0.002441
[01/01/09 01:28:56.348] inVoltage 3 => -0.009460
[01/01/09 01:28:56.349] inVoltage 4 => 4.238281
[01/01/09 01:28:56.349] inVoltage 5 => 4.240112
[01/01/09 01:28:56.469] inVoltage 2 => -0.004883
[01/01/09 01:28:56.469] inVoltage 3 => -0.010071
[01/01/09 01:28:56.469] inVoltage 4 => 4.239807
[01/01/09 01:28:56.469] inVoltage 5 => 4.239807
[01/01/09 01:28:56.589] inVoltage 2 => -0.004272
[01/01/09 01:28:56.589] inVoltage 3 => -0.008545
[01/01/09 01:28:56.589] inVoltage 4 => 4.239502
[01/01/09 01:28:56.589] inVoltage 5 => 4.238281
[01/01/09 01:28:56.709] inVoltage 2 => -0.005493
[01/01/09 01:28:56.710] inVoltage 3 => -0.007935
[01/01/09 01:28:56.710] inVoltage 4 => 4.240112
[01/01/09 01:28:56.710] inVoltage 5 => 4.240112
[01/01/09 01:28:56.830] inVoltage 2 => -0.003967
[01/01/09 01:28:56.830] inVoltage 3 => -0.004883
[01/01/09 01:28:56.830] inVoltage 4 => 4.239502
[01/01/09 01:28:56.830] inVoltage 5 => 4.241028
[01/01/09 01:28:56.950] inVoltage 2 => -0.003052
[01/01/09 01:28:56.950] inVoltage 3 => -0.006714
[01/01/09 01:28:56.950] inVoltage 4 => 4.238586
[01/01/09 01:28:56.950] inVoltage 5 => 4.238586
[01/01/09 01:28:57.070] inVoltage 2 => -0.003662
[01/01/09 01:28:57.070] inVoltage 3 => -0.006409
[01/01/09 01:28:57.070] inVoltage 4 => 4.238586
[01/01/09 01:28:57.070] inVoltage 5 => 4.241333
[01/01/09 01:28:57.191] inVoltage 2 => -0.004578
[01/01/09 01:28:57.191] inVoltage 3 => -0.011292
[01/01/09 01:28:57.191] inVoltage 4 => 4.238281
[01/01/09 01:28:57.191] inVoltage 5 => 4.239807
[01/01/09 01:28:57.311] inVoltage 2 => -0.005798
[01/01/09 01:28:57.311] inVoltage 3 => -0.008850
[01/01/09 01:28:57.311] inVoltage 4 => 4.239502
[01/01/09 01:28:57.312] inVoltage 5 => 4.243469
[01/01/09 01:28:57.432] inVoltage 2 => -0.004578
[01/01/09 01:28:57.432] inVoltage 3 => -0.008545
[01/01/09 01:28:57.432] inVoltage 4 => 4.240723
[01/01/09 01:28:57.432] inVoltage 5 => 4.238892
[01/01/09 01:28:57.552] inVoltage 2 => -0.003662
[01/01/09 01:28:57.553] inVoltage 3 => -0.007019
[01/01/09 01:28:57.553] inVoltage 4 => 4.239807
[01/01/09 01:28:57.553] inVoltage 5 => 4.241943
[01/01/09 01:28:57.673] inVoltage 2 => -0.005493
[01/01/09 01:28:57.673] inVoltage 3 => -0.009766
[01/01/09 01:28:57.673] inVoltage 4 => 4.237366
[01/01/09 01:28:57.674] inVoltage 5 => 4.240723
[01/01/09 01:28:57.794] inVoltage 2 => -0.004883
[01/01/09 01:28:57.794] inVoltage 3 => -0.008850
[01/01/09 01:28:57.794] inVoltage 4 => 4.239502
[01/01/09 01:28:57.794] inVoltage 5 => 4.241943
[01/01/09 01:28:57.915] inVoltage 2 => -0.004883
[01/01/09 01:28:57.916] inVoltage 3 => -0.008850
[01/01/09 01:28:57.916] inVoltage 4 => 4.240112
[01/01/09 01:28:57.916] inVoltage 5 => 4.239502
[01/01/09 01:28:58.036] inVoltage 2 => -0.003967
[01/01/09 01:28:58.037] inVoltage 3 => -0.011902
[01/01/09 01:28:58.037] inVoltage 4 => 4.240112
[01/01/09 01:28:58.037] inVoltage 5 => 4.240723
[01/01/09 01:28:58.157] inVoltage 2 => -0.008850
[01/01/09 01:28:58.157] inVoltage 3 => -0.012512
[01/01/09 01:28:58.157] inVoltage 4 => 4.238281
[01/01/09 01:28:58.157] inVoltage 5 => 4.238892
[01/01/09 01:28:58.278] inVoltage 2 => -0.006714
[01/01/09 01:28:58.278] inVoltage 3 => -0.010376
[01/01/09 01:28:58.278] inVoltage 4 => 4.240112
[01/01/09 01:28:58.279] inVoltage 5 => 4.240723
[01/01/09 01:28:58.398] inVoltage 2 => -0.006714
[01/01/09 01:28:58.398] inVoltage 3 => -0.010376
[01/01/09 01:28:58.399] inVoltage 4 => 4.238281
[01/01/09 01:28:58.399] inVoltage 5 => 4.240112
[01/01/09 01:28:58.519] inVoltage 2 => -0.009155
[01/01/09 01:28:58.519] inVoltage 3 => -0.008850
[01/01/09 01:28:58.519] inVoltage 4 => 4.238586
[01/01/09 01:28:58.519] inVoltage 5 => 4.240112
[01/01/09 01:28:58.640] inVoltage 2 => -0.009766
[01/01/09 01:28:58.640] inVoltage 3 => -0.010681
[01/01/09 01:28:58.640] inVoltage 4 => 4.239807
[01/01/09 01:28:58.640] inVoltage 5 => 4.239807
[01/01/09 01:28:58.760] inVoltage 2 => -0.010071
[01/01/09 01:28:58.760] inVoltage 3 => -0.008240
[01/01/09 01:28:58.760] inVoltage 4 => 4.241028
[01/01/09 01:28:58.760] inVoltage 5 => 4.238892
[01/01/09 01:28:58.881] inVoltage 2 => -0.009766
[01/01/09 01:28:58.881] inVoltage 3 => -0.013428
[01/01/09 01:28:58.881] inVoltage 4 => 4.239197
[01/01/09 01:28:58.881] inVoltage 5 => 4.239502
[01/01/09 01:28:59.002] inVoltage 2 => -0.007935
[01/01/09 01:28:59.002] inVoltage 3 => -0.010986
[01/01/09 01:28:59.002] inVoltage 4 => 4.238586
[01/01/09 01:28:59.002] inVoltage 5 => 4.240112
[01/01/09 01:28:59.124] inVoltage 2 => -0.004578
[01/01/09 01:28:59.124] inVoltage 3 => -0.008850
[01/01/09 01:28:59.124] inVoltage 4 => 4.238586
[01/01/09 01:28:59.125] inVoltage 5 => 4.240112
[01/01/09 01:28:59.245] inVoltage 2 => -0.007324
[01/01/09 01:28:59.245] inVoltage 3 => -0.007324
[01/01/09 01:28:59.245] inVoltage 4 => 4.238586
[01/01/09 01:28:59.245] inVoltage 5 => 4.241028
[01/01/09 01:28:59.365] inVoltage 2 => -0.004578
[01/01/09 01:28:59.365] inVoltage 3 => -0.009155
[01/01/09 01:28:59.365] inVoltage 4 => 4.239197
[01/01/09 01:28:59.365] inVoltage 5 => 4.238281
[01/01/09 01:28:59.485] inVoltage 2 => -0.003662
[01/01/09 01:28:59.485] inVoltage 3 => -0.008240
[01/01/09 01:28:59.485] inVoltage 4 => 4.241028
[01/01/09 01:28:59.485] inVoltage 5 => 4.239807
[01/01/09 01:28:59.605] inVoltage 2 => -0.003662
[01/01/09 01:28:59.605] inVoltage 3 => -0.007324
[01/01/09 01:28:59.605] inVoltage 4 => 4.238586
[01/01/09 01:28:59.606] inVoltage 5 => 4.241638
[01/01/09 01:28:59.726] inVoltage 2 => -0.005493
[01/01/09 01:28:59.726] inVoltage 3 => -0.007935
[01/01/09 01:28:59.726] inVoltage 4 => 4.239807
[01/01/09 01:28:59.727] inVoltage 5 => 4.243164
[01/01/09 01:28:59.847] inVoltage 2 => -0.004272
[01/01/09 01:28:59.847] inVoltage 3 => -0.007629
[01/01/09 01:28:59.847] inVoltage 4 => 4.240723
[01/01/09 01:28:59.847] inVoltage 5 => 4.242554
[01/01/09 01:28:59.967] inVoltage 2 => -0.004883
[01/01/09 01:28:59.968] inVoltage 3 => -0.008545
[01/01/09 01:28:59.968] inVoltage 4 => 4.238892
[01/01/09 01:28:59.968] inVoltage 5 => 4.241028
[01/01/09 01:29:00.087] inVoltage 2 => -0.005798
[01/01/09 01:29:00.088] inVoltage 3 => -0.006104
[01/01/09 01:29:00.088] inVoltage 4 => 4.240112
[01/01/09 01:29:00.088] inVoltage 5 => 4.241333
[01/01/09 01:29:00.208] inVoltage 2 => -0.003357
[01/01/09 01:29:00.208] inVoltage 3 => -0.007935
[01/01/09 01:29:00.208] inVoltage 4 => 4.240723
[01/01/09 01:29:00.208] inVoltage 5 => 4.242249
[01/01/09 01:29:00.328] inVoltage 2 => -0.004272
[01/01/09 01:29:00.328] inVoltage 3 => -0.007324
[01/01/09 01:29:00.329] inVoltage 4 => 4.242554
[01/01/09 01:29:00.329] inVoltage 5 => 4.241333
[01/01/09 01:29:00.449] inVoltage 2 => -0.003967
[01/01/09 01:29:00.449] inVoltage 3 => -0.009766
[01/01/09 01:29:00.449] inVoltage 4 => 4.240723
[01/01/09 01:29:00.449] inVoltage 5 => 4.240417
[01/01/09 01:29:00.569] inVoltage 2 => -0.004272
[01/01/09 01:29:00.569] inVoltage 3 => -0.008240
[01/01/09 01:29:00.569] inVoltage 4 => 4.244080
[01/01/09 01:29:00.569] inVoltage 5 => 4.241638
[01/01/09 01:29:00.689] inVoltage 2 => -0.002441
[01/01/09 01:29:00.689] inVoltage 3 => -0.007935
[01/01/09 01:29:00.690] inVoltage 4 => 4.241028
[01/01/09 01:29:00.690] inVoltage 5 => 4.242249
[01/01/09 01:29:00.810] inVoltage 2 => -0.002136
[01/01/09 01:29:00.811] inVoltage 3 => -0.007629
[01/01/09 01:29:00.811] inVoltage 4 => 4.241943
[01/01/09 01:29:00.811] inVoltage 5 => 4.241638
[01/01/09 01:29:00.933] inVoltage 2 => -0.001221
[01/01/09 01:29:00.934] inVoltage 3 => -0.012817
[01/01/09 01:29:00.934] inVoltage 4 => 4.240723
[01/01/09 01:29:00.934] inVoltage 5 => 4.240723
[01/01/09 01:29:01.054] inVoltage 2 => -0.004883
[01/01/09 01:29:01.054] inVoltage 3 => -0.009460
[01/01/09 01:29:01.054] inVoltage 4 => 4.240112
[01/01/09 01:29:01.055] inVoltage 5 => 4.240417
[01/01/09 01:29:01.174] inVoltage 2 => -0.005188
[01/01/09 01:29:01.174] inVoltage 3 => -0.010376
[01/01/09 01:29:01.175] inVoltage 4 => 4.240723
[01/01/09 01:29:01.175] inVoltage 5 => 4.238892
[01/01/09 01:29:01.294] inVoltage 2 => -0.007629
[01/01/09 01:29:01.294] inVoltage 3 => -0.007935
[01/01/09 01:29:01.294] inVoltage 4 => 4.241638
[01/01/09 01:29:01.295] inVoltage 5 => 4.240112
[01/01/09 01:29:01.415] inVoltage 2 => -0.004578
[01/01/09 01:29:01.415] inVoltage 3 => -0.008545
[01/01/09 01:29:01.415] inVoltage 4 => 4.240417
[01/01/09 01:29:01.415] inVoltage 5 => 4.242554
[01/01/09 01:29:01.535] inVoltage 2 => -0.003967
[01/01/09 01:29:01.535] inVoltage 3 => -0.010986
[01/01/09 01:29:01.535] inVoltage 4 => 4.241333
[01/01/09 01:29:01.535] inVoltage 5 => 4.239807
[01/01/09 01:29:01.655] inVoltage 2 => -0.005493
[01/01/09 01:29:01.655] inVoltage 3 => -0.008850
[01/01/09 01:29:01.655] inVoltage 4 => 4.240723
[01/01/09 01:29:01.656] inVoltage 5 => 4.240417
[01/01/09 01:29:01.776] inVoltage 2 => -0.002441
[01/01/09 01:29:01.776] inVoltage 3 => -0.012817
[01/01/09 01:29:01.776] inVoltage 4 => 4.241333
[01/01/09 01:29:01.776] inVoltage 5 => 4.243164
[01/01/09 01:29:01.896] inVoltage 2 => -0.006714
[01/01/09 01:29:01.897] inVoltage 3 => -0.008850
[01/01/09 01:29:01.897] inVoltage 4 => 4.240723
[01/01/09 01:29:01.897] inVoltage 5 => 4.240723
[01/01/09 01:29:02.019] inVoltage 2 => -0.005798
[01/01/09 01:29:02.019] inVoltage 3 => -0.009155
[01/01/09 01:29:02.019] inVoltage 4 => 4.239807
[01/01/09 01:29:02.019] inVoltage 5 => 4.241333
[01/01/09 01:29:02.139] inVoltage 2 => -0.004883
[01/01/09 01:29:02.139] inVoltage 3 => -0.014648
[01/01/09 01:29:02.140] inVoltage 4 => 4.239807
[01/01/09 01:29:02.140] inVoltage 5 => 4.239502
[01/01/09 01:29:02.260] inVoltage 2 => -0.006714
[01/01/09 01:29:02.260] inVoltage 3 => -0.004578
[01/01/09 01:29:02.260] inVoltage 4 => 4.238586
[01/01/09 01:29:02.261] inVoltage 5 => 4.240723
[01/01/09 01:29:02.381] inVoltage 2 => -0.005493
[01/01/09 01:29:02.381] inVoltage 3 => -0.010071
[01/01/09 01:29:02.381] inVoltage 4 => 4.241028
[01/01/09 01:29:02.381] inVoltage 5 => 4.242249
[01/01/09 01:29:02.503] inVoltage 2 => -0.004578
[01/01/09 01:29:02.504] inVoltage 3 => -0.008545
[01/01/09 01:29:02.504] inVoltage 4 => 4.240112
[01/01/09 01:29:02.504] inVoltage 5 => 4.240723
[01/01/09 01:29:02.627] inVoltage 2 => -0.005188
[01/01/09 01:29:02.627] inVoltage 3 => -0.009155
[01/01/09 01:29:02.627] inVoltage 4 => 4.240112
[01/01/09 01:29:02.627] inVoltage 5 => 4.240723
[01/01/09 01:29:02.748] inVoltage 2 => -0.000305
[01/01/09 01:29:02.748] inVoltage 3 => -0.011902
[01/01/09 01:29:02.748] inVoltage 4 => 4.239807
[01/01/09 01:29:02.748] inVoltage 5 => 4.244080
[01/01/09 01:29:02.868] inVoltage 2 => -0.002441
[01/01/09 01:29:02.869] inVoltage 3 => -0.008850
[01/01/09 01:29:02.869] inVoltage 4 => 4.239807
[01/01/09 01:29:02.869] inVoltage 5 => 4.241333
[01/01/09 01:29:02.989] inVoltage 2 => -0.001831
[01/01/09 01:29:02.989] inVoltage 3 => -0.009460
[01/01/09 01:29:02.989] inVoltage 4 => 4.240417
[01/01/09 01:29:02.989] inVoltage 5 => 4.239502
[01/01/09 01:29:03.109] inVoltage 2 => -0.003662
[01/01/09 01:29:03.109] inVoltage 3 => -0.009460
[01/01/09 01:29:03.109] inVoltage 4 => 4.242554
[01/01/09 01:29:03.110] inVoltage 5 => 4.238281
[01/01/09 01:29:03.229] inVoltage 2 => -0.004272
[01/01/09 01:29:03.229] inVoltage 3 => -0.011292
[01/01/09 01:29:03.229] inVoltage 4 => 4.240723
[01/01/09 01:29:03.230] inVoltage 5 => 4.240112
[01/01/09 01:29:03.349] inVoltage 2 => -0.003967
[01/01/09 01:29:03.349] inVoltage 3 => -0.009766
[01/01/09 01:29:03.350] inVoltage 4 => 4.241638
[01/01/09 01:29:03.350] inVoltage 5 => 4.241028
[01/01/09 01:29:03.470] inVoltage 2 => -0.004578
[01/01/09 01:29:03.470] inVoltage 3 => -0.009766
[01/01/09 01:29:03.470] inVoltage 4 => 4.237976
[01/01/09 01:29:03.470] inVoltage 5 => 4.241638
[01/01/09 01:29:03.591] inVoltage 2 => -0.004883
[01/01/09 01:29:03.591] inVoltage 3 => -0.005798
[01/01/09 01:29:03.591] inVoltage 4 => 4.239502
[01/01/09 01:29:03.591] inVoltage 5 => 4.240112
[01/01/09 01:29:03.712] inVoltage 2 => -0.005493
[01/01/09 01:29:03.712] inVoltage 3 => -0.004883
[01/01/09 01:29:03.712] inVoltage 4 => 4.240112
[01/01/09 01:29:03.713] inVoltage 5 => 4.240112
[01/01/09 01:29:03.834] inVoltage 2 => -0.008545
[01/01/09 01:29:03.834] inVoltage 3 => -0.012207
[01/01/09 01:29:03.834] inVoltage 4 => 4.240417
[01/01/09 01:29:03.835] inVoltage 5 => 4.241943
[01/01/09 01:29:03.956] inVoltage 2 => -0.005493
[01/01/09 01:29:03.956] inVoltage 3 => -0.011597
[01/01/09 01:29:03.956] inVoltage 4 => 4.240112
[01/01/09 01:29:03.956] inVoltage 5 => 4.239502
[01/01/09 01:29:04.075] inVoltage 2 => -0.002441
[01/01/09 01:29:04.075] inVoltage 3 => -0.008240
[01/01/09 01:29:04.075] inVoltage 4 => 4.239197
[01/01/09 01:29:04.075] inVoltage 5 => 4.240112
[01/01/09 01:29:04.196] inVoltage 2 => -0.006104
[01/01/09 01:29:04.196] inVoltage 3 => -0.009460
[01/01/09 01:29:04.196] inVoltage 4 => 4.240723
[01/01/09 01:29:04.196] inVoltage 5 => 4.238281
[01/01/09 01:29:04.316] inVoltage 2 => -0.006104
[01/01/09 01:29:04.316] inVoltage 3 => -0.007324
[01/01/09 01:29:04.316] inVoltage 4 => 4.239807
[01/01/09 01:29:04.316] inVoltage 5 => 4.240417
[01/01/09 01:29:04.436] inVoltage 2 => -0.004883
[01/01/09 01:29:04.436] inVoltage 3 => -0.010681
[01/01/09 01:29:04.437] inVoltage 4 => 4.239502
[01/01/09 01:29:04.437] inVoltage 5 => 4.239807
[01/01/09 01:29:04.557] inVoltage 2 => -0.007019
[01/01/09 01:29:04.557] inVoltage 3 => -0.012207
[01/01/09 01:29:04.557] inVoltage 4 => 4.242554
[01/01/09 01:29:04.557] inVoltage 5 => 4.239807
[01/01/09 01:29:04.677] inVoltage 2 => -0.003967
[01/01/09 01:29:04.677] inVoltage 3 => -0.008545
[01/01/09 01:29:04.677] inVoltage 4 => 4.239807
[01/01/09 01:29:04.678] inVoltage 5 => 4.240112
[01/01/09 01:29:04.797] inVoltage 2 => -0.009766
[01/01/09 01:29:04.798] inVoltage 3 => -0.008545
[01/01/09 01:29:04.798] inVoltage 4 => 4.239502
[01/01/09 01:29:04.798] inVoltage 5 => 4.239197
[01/01/09 01:29:04.918] inVoltage 2 => -0.008545
[01/01/09 01:29:04.918] inVoltage 3 => -0.014648
[01/01/09 01:29:04.918] inVoltage 4 => 4.239502
[01/01/09 01:29:04.918] inVoltage 5 => 4.239197
[01/01/09 01:29:05.037] inVoltage 2 => -0.004883
[01/01/09 01:29:05.037] inVoltage 3 => -0.011292
[01/01/09 01:29:05.037] inVoltage 4 => 4.239807
[01/01/09 01:29:05.037] inVoltage 5 => 4.238892
[01/01/09 01:29:05.157] inVoltage 2 => -0.004883
[01/01/09 01:29:05.157] inVoltage 3 => -0.009155
[01/01/09 01:29:05.158] inVoltage 4 => 4.238281
[01/01/09 01:29:05.158] inVoltage 5 => 4.240723
[01/01/09 01:29:05.278] inVoltage 2 => -0.004578
[01/01/09 01:29:05.278] inVoltage 3 => -0.005798
[01/01/09 01:29:05.278] inVoltage 4 => 4.237976
[01/01/09 01:29:05.279] inVoltage 5 => 4.240112
[01/01/09 01:29:05.398] inVoltage 2 => -0.003357
[01/01/09 01:29:05.398] inVoltage 3 => -0.007019
[01/01/09 01:29:05.399] inVoltage 4 => 4.239502
[01/01/09 01:29:05.399] inVoltage 5 => 4.241028
[01/01/09 01:29:05.519] inVoltage 2 => -0.004272
[01/01/09 01:29:05.519] inVoltage 3 => -0.008545
[01/01/09 01:29:05.519] inVoltage 4 => 4.240417
[01/01/09 01:29:05.519] inVoltage 5 => 4.239502
[01/01/09 01:29:05.639] inVoltage 2 => -0.008545
[01/01/09 01:29:05.639] inVoltage 3 => -0.008240
[01/01/09 01:29:05.639] inVoltage 4 => 4.241943
[01/01/09 01:29:05.639] inVoltage 5 => 4.240723
[01/01/09 01:29:05.760] inVoltage 2 => -0.003662
[01/01/09 01:29:05.760] inVoltage 3 => -0.012207
[01/01/09 01:29:05.760] inVoltage 4 => 4.238281
[01/01/09 01:29:05.760] inVoltage 5 => 4.240112
[01/01/09 01:29:05.880] inVoltage 2 => -0.006409
[01/01/09 01:29:05.880] inVoltage 3 => -0.012817
[01/01/09 01:29:05.880] inVoltage 4 => 4.238586
[01/01/09 01:29:05.880] inVoltage 5 => 4.241638
[01/01/09 01:29:06.001] inVoltage 2 => -0.005188
[01/01/09 01:29:06.001] inVoltage 3 => -0.008240
[01/01/09 01:29:06.001] inVoltage 4 => 4.238892
[01/01/09 01:29:06.001] inVoltage 5 => 4.240723
[01/01/09 01:29:06.122] inVoltage 2 => -0.006104
[01/01/09 01:29:06.122] inVoltage 3 => -0.007935
[01/01/09 01:29:06.122] inVoltage 4 => 4.240112
[01/01/09 01:29:06.122] inVoltage 5 => 4.241028
[01/01/09 01:29:06.244] inVoltage 2 => -0.006104
[01/01/09 01:29:06.244] inVoltage 3 => -0.009766
[01/01/09 01:29:06.244] inVoltage 4 => 4.241333
[01/01/09 01:29:06.245] inVoltage 5 => 4.238281
[01/01/09 01:29:06.365] inVoltage 2 => -0.002136
[01/01/09 01:29:06.365] inVoltage 3 => -0.009766
[01/01/09 01:29:06.365] inVoltage 4 => 4.239502
[01/01/09 01:29:06.365] inVoltage 5 => 4.240723
[01/01/09 01:29:06.485] inVoltage 2 => -0.003052
[01/01/09 01:29:06.485] inVoltage 3 => -0.010376
[01/01/09 01:29:06.486] inVoltage 4 => 4.241333
[01/01/09 01:29:06.486] inVoltage 5 => 4.239502
[01/01/09 01:29:06.605] inVoltage 2 => -0.007324
[01/01/09 01:29:06.605] inVoltage 3 => -0.012207
[01/01/09 01:29:06.605] inVoltage 4 => 4.241333
[01/01/09 01:29:06.606] inVoltage 5 => 4.240723
[01/01/09 01:29:06.726] inVoltage 2 => -0.003662
[01/01/09 01:29:06.726] inVoltage 3 => -0.007019
[01/01/09 01:29:06.726] inVoltage 4 => 4.240417
[01/01/09 01:29:06.726] inVoltage 5 => 4.241943
[01/01/09 01:29:06.847] inVoltage 2 => -0.006409
[01/01/09 01:29:06.847] inVoltage 3 => -0.015564
[01/01/09 01:29:06.847] inVoltage 4 => 4.240723
[01/01/09 01:29:06.847] inVoltage 5 => 4.241943
[01/01/09 01:29:06.967] inVoltage 2 => -0.004272
[01/01/09 01:29:06.967] inVoltage 3 => -0.011597
[01/01/09 01:29:06.968] inVoltage 4 => 4.240112
[01/01/09 01:29:06.968] inVoltage 5 => 4.240112
[01/01/09 01:29:07.088] inVoltage 2 => -0.005798
[01/01/09 01:29:07.088] inVoltage 3 => -0.008545
[01/01/09 01:29:07.088] inVoltage 4 => 4.238892
[01/01/09 01:29:07.088] inVoltage 5 => 4.239502
[01/01/09 01:29:07.208] inVoltage 2 => -0.004272
[01/01/09 01:29:07.208] inVoltage 3 => -0.011902
[01/01/09 01:29:07.208] inVoltage 4 => 4.236145
[01/01/09 01:29:07.208] inVoltage 5 => 4.238892
[01/01/09 01:29:07.328] inVoltage 2 => -0.004272
[01/01/09 01:29:07.328] inVoltage 3 => -0.009155
[01/01/09 01:29:07.328] inVoltage 4 => 4.240723
[01/01/09 01:29:07.329] inVoltage 5 => 4.239502
[01/01/09 01:29:07.449] inVoltage 2 => -0.006714
[01/01/09 01:29:07.449] inVoltage 3 => -0.013123
[01/01/09 01:29:07.449] inVoltage 4 => 4.238892
[01/01/09 01:29:07.449] inVoltage 5 => 4.243164
[01/01/09 01:29:07.570] inVoltage 2 => -0.006104
[01/01/09 01:29:07.570] inVoltage 3 => -0.010376
[01/01/09 01:29:07.570] inVoltage 4 => 4.240417
[01/01/09 01:29:07.570] inVoltage 5 => 4.237061
[01/01/09 01:29:07.691] inVoltage 2 => -0.008850
[01/01/09 01:29:07.691] inVoltage 3 => -0.009766
[01/01/09 01:29:07.691] inVoltage 4 => 4.239807
[01/01/09 01:29:07.691] inVoltage 5 => 4.238281
[01/01/09 01:29:07.812] inVoltage 2 => -0.006714
[01/01/09 01:29:07.812] inVoltage 3 => -0.013428
[01/01/09 01:29:07.812] inVoltage 4 => 4.240112
[01/01/09 01:29:07.812] inVoltage 5 => 4.240723
[01/01/09 01:29:07.934] inVoltage 2 => -0.006714
[01/01/09 01:29:07.934] inVoltage 3 => -0.005798
[01/01/09 01:29:07.934] inVoltage 4 => 4.238586
[01/01/09 01:29:07.934] inVoltage 5 => 4.239502
[01/01/09 01:29:08.054] inVoltage 2 => -0.007324
[01/01/09 01:29:08.055] inVoltage 3 => -0.012207
[01/01/09 01:29:08.055] inVoltage 4 => 4.241333
[01/01/09 01:29:08.055] inVoltage 5 => 4.240112
[01/01/09 01:29:08.175] inVoltage 2 => -0.007019
[01/01/09 01:29:08.176] inVoltage 3 => -0.011597
[01/01/09 01:29:08.176] inVoltage 4 => 4.239502
[01/01/09 01:29:08.176] inVoltage 5 => 4.239502
[01/01/09 01:29:08.297] inVoltage 2 => -0.006104
[01/01/09 01:29:08.297] inVoltage 3 => -0.013428
[01/01/09 01:29:08.297] inVoltage 4 => 4.238281
[01/01/09 01:29:08.297] inVoltage 5 => 4.242249
[01/01/09 01:29:08.417] inVoltage 2 => -0.004883
[01/01/09 01:29:08.417] inVoltage 3 => -0.010681
[01/01/09 01:29:08.418] inVoltage 4 => 4.239807
[01/01/09 01:29:08.418] inVoltage 5 => 4.238586
[01/01/09 01:29:08.538] inVoltage 2 => -0.007935
[01/01/09 01:29:08.538] inVoltage 3 => -0.012817
[01/01/09 01:29:08.538] inVoltage 4 => 4.240112
[01/01/09 01:29:08.538] inVoltage 5 => 4.237366
[01/01/09 01:29:08.658] inVoltage 2 => -0.007935
[01/01/09 01:29:08.658] inVoltage 3 => -0.011902
[01/01/09 01:29:08.658] inVoltage 4 => 4.238892
[01/01/09 01:29:08.658] inVoltage 5 => 4.237366
[01/01/09 01:29:08.778] inVoltage 2 => -0.004883
[01/01/09 01:29:08.778] inVoltage 3 => -0.009155
[01/01/09 01:29:08.779] inVoltage 4 => 4.238892
[01/01/09 01:29:08.779] inVoltage 5 => 4.241943
[01/01/09 01:29:08.898] inVoltage 2 => -0.005493
[01/01/09 01:29:08.898] inVoltage 3 => -0.010986
[01/01/09 01:29:08.898] inVoltage 4 => 4.235840
[01/01/09 01:29:08.898] inVoltage 5 => 4.237366
[01/01/09 01:29:09.017] inVoltage 2 => -0.003052
[01/01/09 01:29:09.017] inVoltage 3 => -0.010376
[01/01/09 01:29:09.018] inVoltage 4 => 4.237366
[01/01/09 01:29:09.018] inVoltage 5 => 4.238892
[01/01/09 01:29:09.138] inVoltage 2 => -0.007935
[01/01/09 01:29:09.138] inVoltage 3 => -0.014038
[01/01/09 01:29:09.138] inVoltage 4 => 4.240723
[01/01/09 01:29:09.138] inVoltage 5 => 4.238892
[01/01/09 01:29:09.258] inVoltage 2 => -0.007324
[01/01/09 01:29:09.258] inVoltage 3 => -0.008545
[01/01/09 01:29:09.258] inVoltage 4 => 4.239502
[01/01/09 01:29:09.259] inVoltage 5 => 4.238892
[01/01/09 01:29:09.379] inVoltage 2 => -0.004883
[01/01/09 01:29:09.379] inVoltage 3 => -0.003052
[01/01/09 01:29:09.379] inVoltage 4 => 4.239197
[01/01/09 01:29:09.379] inVoltage 5 => 4.238281
[01/01/09 01:29:09.499] inVoltage 2 => -0.004272
[01/01/09 01:29:09.499] inVoltage 3 => -0.010071
[01/01/09 01:29:09.499] inVoltage 4 => 4.238892
[01/01/09 01:29:09.499] inVoltage 5 => 4.240112
[01/01/09 01:29:09.619] inVoltage 2 => -0.007324
[01/01/09 01:29:09.619] inVoltage 3 => -0.010376
[01/01/09 01:29:09.619] inVoltage 4 => 4.239502
[01/01/09 01:29:09.620] inVoltage 5 => 4.239502
[01/01/09 01:29:09.739] inVoltage 2 => -0.005493
[01/01/09 01:29:09.739] inVoltage 3 => -0.011902
[01/01/09 01:29:09.740] inVoltage 4 => 4.238892
[01/01/09 01:29:09.740] inVoltage 5 => 4.240417
[01/01/09 01:29:09.860] inVoltage 2 => -0.006409
[01/01/09 01:29:09.860] inVoltage 3 => -0.010376
[01/01/09 01:29:09.860] inVoltage 4 => 4.238586
[01/01/09 01:29:09.860] inVoltage 5 => 4.239502
[01/01/09 01:29:09.980] inVoltage 2 => -0.004272
[01/01/09 01:29:09.981] inVoltage 3 => -0.012207
[01/01/09 01:29:09.981] inVoltage 4 => 4.240417
[01/01/09 01:29:09.981] inVoltage 5 => 4.237366
[01/01/09 01:29:10.102] inVoltage 2 => -0.005493
[01/01/09 01:29:10.102] inVoltage 3 => -0.011292
[01/01/09 01:29:10.102] inVoltage 4 => 4.239502
[01/01/09 01:29:10.103] inVoltage 5 => 4.244385
[01/01/09 01:29:10.224] inVoltage 2 => -0.003357
[01/01/09 01:29:10.224] inVoltage 3 => -0.006714
[01/01/09 01:29:10.224] inVoltage 4 => 4.238281
[01/01/09 01:29:10.224] inVoltage 5 => 4.238892
[01/01/09 01:29:10.343] inVoltage 2 => -0.000916
[01/01/09 01:29:10.344] inVoltage 3 => -0.011597
[01/01/09 01:29:10.344] inVoltage 4 => 4.238586
[01/01/09 01:29:10.344] inVoltage 5 => 4.239502
[01/01/09 01:29:10.466] inVoltage 2 => -0.005798
[01/01/09 01:29:10.466] inVoltage 3 => -0.007019
[01/01/09 01:29:10.467] inVoltage 4 => 4.240112
[01/01/09 01:29:10.467] inVoltage 5 => 4.238281
[01/01/09 01:29:10.587] inVoltage 2 => -0.004883
[01/01/09 01:29:10.587] inVoltage 3 => -0.010376
[01/01/09 01:29:10.587] inVoltage 4 => 4.239502
[01/01/09 01:29:10.587] inVoltage 5 => 4.242554
[01/01/09 01:29:10.707] inVoltage 2 => -0.003967
[01/01/09 01:29:10.707] inVoltage 3 => -0.008850
[01/01/09 01:29:10.707] inVoltage 4 => 4.240723
[01/01/09 01:29:10.707] inVoltage 5 => 4.240417
[01/01/09 01:29:10.874] error: bus thread interrupted
[01/01/09 01:29:10.912] resources: ut=0.18 st=0.02
[01/01/09 01:29:10.912] log finished
[01/01/09 01:29:10.913] resources: ut=0.18 st=0.02
[01/01/09 01:29:10.913] log finished
