[01/01/09 01:28:33.966] log started
[01/01/09 01:28:33.966] 	[ CodecInterface ]
[01/01/09 01:28:33.966] 	direction = in
[01/01/09 01:28:33.966] 	interface = sct-pci
[01/01/09 01:28:33.966] 	log:path = 
[01/01/09 01:28:33.966] 	log:size = 
[01/01/09 01:28:33.966] 	log:type = 
[01/01/09 01:28:33.966] 	name = Analog SCT Codec
[01/01/09 01:28:33.966] 	sym = cin_pci_2_skt
[01/01/09 01:28:33.966] 	type = sct-pci
[01/01/09 01:28:33.966] 	vendor = Spetstechnika
[01/01/09 01:28:33.967] link with bus bus_daq_1, codectype=in
[01/01/09 01:28:34.174] read(): n=0, m=0, label=0, msgSize=800
[01/01/09 01:28:34.174] read(): n=1, m=1, label=1, msgSize=800
[01/01/09 01:28:34.174] 	count=31, n_max=8, w_max = 74, val=117.608, val0=117.721
[01/01/09 01:28:34.294] read(): n=0, m=0, label=0, msgSize=800
[01/01/09 01:28:34.294] read(): n=1, m=1, label=1, msgSize=800
[01/01/09 01:28:34.295] 	count=24, n_max=7, w_max = 65, val=117.999, val0=118.23
[01/01/09 01:28:34.415] read(): n=0, m=0, label=0, msgSize=800
[01/01/09 01:28:34.415] read(): n=1, m=1, label=1, msgSize=800
[01/01/09 01:28:34.415] 	count=29, n_max=7, w_max = 70, val=117.857, val0=118.109
[01/01/09 01:28:34.535] read(): n=0, m=0, label=0, msgSize=800
[01/01/09 01:28:34.535] read(): n=1, m=1, label=1, msgSize=800
[01/01/09 01:28:34.535] 	count=32, n_max=7, w_max = 84, val=117.841, val0=118.12
[01/01/09 01:28:34.656] read(): n=0, m=0, label=0, msgSize=800
[01/01/09 01:28:34.656] read(): n=1, m=1, label=1, msgSize=800
[01/01/09 01:28:34.656] 	count=33, n_max=0, w_max = 87, val=117.751, val0=118.057
[01/01/09 01:28:34.776] read(): n=0, m=0, label=0, msgSize=800
[01/01/09 01:28:34.776] read(): n=1, m=1, label=1, msgSize=800
[01/01/09 01:28:34.776] 	count=32, n_max=8, w_max = 62, val=117.583, val0=117.484
[01/01/09 01:28:34.897] read(): n=0, m=0, label=0, msgSize=800
[01/01/09 01:28:34.897] read(): n=1, m=1, label=1, msgSize=800
[01/01/09 01:28:34.897] 	count=32, n_max=9, w_max = 66, val=117.657, val0=117.682
[01/01/09 01:28:35.017] read(): n=0, m=0, label=0, msgSize=800
[01/01/09 01:28:35.017] read(): n=1, m=1, label=1, msgSize=800
[01/01/09 01:28:35.017] 	count=33, n_max=7, w_max = 74, val=117.868, val0=118.172
[01/01/09 01:28:35.138] read(): n=0, m=0, label=0, msgSize=800
[01/01/09 01:28:35.138] read(): n=1, m=1, label=1, msgSize=800
[01/01/09 01:28:35.138] 	count=29, n_max=2, w_max = 84, val=117.631, val0=117.788
[01/01/09 01:28:35.258] read(): n=0, m=0, label=0, msgSize=800
[01/01/09 01:28:35.258] read(): n=1, m=1, label=1, msgSize=800
[01/01/09 01:28:35.258] 	count=30, n_max=0, w_max = 70, val=117.389, val0=117.3
[01/01/09 01:28:35.378] read(): n=0, m=0, label=0, msgSize=800
[01/01/09 01:28:35.378] read(): n=1, m=1, label=1, msgSize=800
[01/01/09 01:28:35.378] 	count=33, n_max=0, w_max = 68, val=117.458, val0=117.315
[01/01/09 01:28:35.499] read(): n=0, m=0, label=0, msgSize=800
[01/01/09 01:28:35.499] read(): n=1, m=1, label=1, msgSize=800
[01/01/09 01:28:35.499] 	count=32, n_max=8, w_max = 63, val=117.636, val0=117.55
[01/01/09 01:28:35.619] read(): n=0, m=0, label=0, msgSize=800
[01/01/09 01:28:35.619] read(): n=1, m=1, label=1, msgSize=800
[01/01/09 01:28:35.619] 	count=35, n_max=9, w_max = 65, val=117.675, val0=117.591
[01/01/09 01:28:35.739] read(): n=0, m=0, label=0, msgSize=800
[01/01/09 01:28:35.739] read(): n=1, m=1, label=1, msgSize=800
[01/01/09 01:28:35.740] 	count=34, n_max=8, w_max = 72, val=118.208, val0=118.435
[01/01/09 01:28:35.861] read(): n=0, m=0, label=0, msgSize=800
[01/01/09 01:28:35.861] read(): n=1, m=1, label=1, msgSize=800
[01/01/09 01:28:35.861] 	count=30, n_max=7, w_max = 81, val=117.659, val0=117.706
[01/01/09 01:28:35.982] read(): n=0, m=0, label=0, msgSize=800
[01/01/09 01:28:35.982] read(): n=1, m=1, label=1, msgSize=800
[01/01/09 01:28:35.982] 	count=32, n_max=11, w_max = 71, val=117.848, val0=118.143
[01/01/09 01:28:36.103] read(): n=0, m=0, label=0, msgSize=800
[01/01/09 01:28:36.103] read(): n=1, m=1, label=1, msgSize=800
[01/01/09 01:28:36.104] 	count=32, n_max=2, w_max = 81, val=117.652, val0=117.791
[01/01/09 01:28:36.224] read(): n=0, m=0, label=0, msgSize=800
[01/01/09 01:28:36.224] read(): n=1, m=1, label=1, msgSize=800
[01/01/09 01:28:36.224] 	count=30, n_max=7, w_max = 70, val=117.796, val0=118.05
[01/01/09 01:28:36.344] read(): n=0, m=0, label=0, msgSize=800
[01/01/09 01:28:36.344] read(): n=1, m=1, label=1, msgSize=800
[01/01/09 01:28:36.345] 	count=33, n_max=9, w_max = 61, val=117.543, val0=117.389
[01/01/09 01:28:36.465] read(): n=0, m=0, label=0, msgSize=800
[01/01/09 01:28:36.465] read(): n=1, m=1, label=1, msgSize=800
[01/01/09 01:28:36.465] 	count=33, n_max=8, w_max = 57, val=117.425, val0=117.332
[01/01/09 01:28:36.585] read(): n=0, m=0, label=0, msgSize=800
[01/01/09 01:28:36.585] read(): n=1, m=1, label=1, msgSize=800
[01/01/09 01:28:36.586] 	count=31, n_max=8, w_max = 79, val=117.606, val0=117.588
[01/01/09 01:28:36.705] read(): n=0, m=0, label=0, msgSize=800
[01/01/09 01:28:36.705] read(): n=1, m=1, label=1, msgSize=800
[01/01/09 01:28:36.705] 	count=31, n_max=1, w_max = 76, val=117.513, val0=117.445
[01/01/09 01:28:36.825] read(): n=0, m=0, label=0, msgSize=800
[01/01/09 01:28:36.825] read(): n=1, m=1, label=1, msgSize=800
[01/01/09 01:28:36.825] 	count=32, n_max=8, w_max = 74, val=117.49, val0=117.384
[01/01/09 01:28:36.946] read(): n=0, m=0, label=0, msgSize=800
[01/01/09 01:28:36.946] read(): n=1, m=1, label=1, msgSize=800
[01/01/09 01:28:36.946] 	count=34, n_max=1, w_max = 83, val=117.623, val0=117.591
[01/01/09 01:28:37.066] read(): n=0, m=0, label=0, msgSize=800
[01/01/09 01:28:37.066] read(): n=1, m=1, label=1, msgSize=800
[01/01/09 01:28:37.066] 	count=32, n_max=14, w_max = 66, val=117.648, val0=117.702
[01/01/09 01:28:37.185] read(): n=0, m=0, label=0, msgSize=800
[01/01/09 01:28:37.185] read(): n=1, m=1, label=1, msgSize=800
[01/01/09 01:28:37.185] 	count=32, n_max=12, w_max = 73, val=117.782, val0=118.048
[01/01/09 01:28:37.306] read(): n=0, m=0, label=0, msgSize=800
[01/01/09 01:28:37.306] read(): n=1, m=1, label=1, msgSize=800
[01/01/09 01:28:37.306] 	count=30, n_max=5, w_max = 71, val=117.495, val0=117.411
[01/01/09 01:28:37.426] read(): n=0, m=0, label=0, msgSize=800
[01/01/09 01:28:37.426] read(): n=1, m=1, label=1, msgSize=800
[01/01/09 01:28:37.427] 	count=32, n_max=0, w_max = 70, val=117.575, val0=117.401
[01/01/09 01:28:37.547] read(): n=0, m=0, label=0, msgSize=800
[01/01/09 01:28:37.547] read(): n=1, m=1, label=1, msgSize=800
[01/01/09 01:28:37.547] 	count=33, n_max=6, w_max = 69, val=117.872, val0=118.182
[01/01/09 01:28:37.667] read(): n=0, m=0, label=0, msgSize=800
[01/01/09 01:28:37.667] read(): n=1, m=1, label=1, msgSize=800
[01/01/09 01:28:37.667] 	count=35, n_max=8, w_max = 62, val=118.037, val0=118.323
[01/01/09 01:28:37.788] read(): n=0, m=0, label=0, msgSize=800
[01/01/09 01:28:37.788] read(): n=1, m=1, label=1, msgSize=800
[01/01/09 01:28:37.788] 	count=30, n_max=8, w_max = 71, val=117.459, val0=117.34
[01/01/09 01:28:37.908] read(): n=0, m=0, label=0, msgSize=800
[01/01/09 01:28:37.908] read(): n=1, m=1, label=1, msgSize=800
[01/01/09 01:28:37.908] 	count=30, n_max=0, w_max = 69, val=117.367, val0=117.067
[01/01/09 01:28:38.028] read(): n=0, m=0, label=0, msgSize=800
[01/01/09 01:28:38.028] read(): n=1, m=1, label=1, msgSize=800
[01/01/09 01:28:38.029] 	count=29, n_max=12, w_max = 70, val=118.014, val0=118.316
[01/01/09 01:28:38.148] read(): n=0, m=0, label=0, msgSize=800
[01/01/09 01:28:38.148] read(): n=1, m=1, label=1, msgSize=800
[01/01/09 01:28:38.149] 	count=28, n_max=11, w_max = 70, val=117.732, val0=117.748
[01/01/09 01:28:38.269] read(): n=0, m=0, label=0, msgSize=800
[01/01/09 01:28:38.269] read(): n=1, m=1, label=1, msgSize=800
[01/01/09 01:28:38.269] 	count=28, n_max=9, w_max = 75, val=117.86, val0=118.068
[01/01/09 01:28:38.389] read(): n=0, m=0, label=0, msgSize=800
[01/01/09 01:28:38.389] read(): n=1, m=1, label=1, msgSize=800
[01/01/09 01:28:38.389] 	count=28, n_max=7, w_max = 64, val=117.628, val0=117.531
[01/01/09 01:28:38.509] read(): n=0, m=0, label=0, msgSize=800
[01/01/09 01:28:38.509] read(): n=1, m=1, label=1, msgSize=800
[01/01/09 01:28:38.509] 	count=30, n_max=7, w_max = 69, val=117.788, val0=117.919
[01/01/09 01:28:38.629] read(): n=0, m=0, label=0, msgSize=800
[01/01/09 01:28:38.629] read(): n=1, m=1, label=1, msgSize=800
[01/01/09 01:28:38.629] 	count=32, n_max=6, w_max = 74, val=117.854, val0=118.126
[01/01/09 01:28:38.751] read(): n=0, m=0, label=0, msgSize=800
[01/01/09 01:28:38.751] read(): n=1, m=1, label=1, msgSize=800
[01/01/09 01:28:38.751] 	count=32, n_max=7, w_max = 78, val=117.865, val0=118.085
[01/01/09 01:28:38.872] read(): n=0, m=0, label=0, msgSize=800
[01/01/09 01:28:38.872] read(): n=1, m=1, label=1, msgSize=800
[01/01/09 01:28:38.872] 	count=32, n_max=10, w_max = 70, val=117.652, val0=117.8
[01/01/09 01:28:38.993] read(): n=0, m=0, label=0, msgSize=800
[01/01/09 01:28:38.993] read(): n=1, m=1, label=1, msgSize=800
[01/01/09 01:28:38.993] 	count=29, n_max=1, w_max = 87, val=117.742, val0=117.919
[01/01/09 01:28:39.114] read(): n=0, m=0, label=0, msgSize=800
[01/01/09 01:28:39.114] read(): n=1, m=1, label=1, msgSize=800
[01/01/09 01:28:39.115] 	count=31, n_max=1, w_max = 84, val=117.677, val0=117.772
[01/01/09 01:28:39.235] read(): n=0, m=0, label=0, msgSize=800
[01/01/09 01:28:39.235] read(): n=1, m=1, label=1, msgSize=800
[01/01/09 01:28:39.235] 	count=31, n_max=8, w_max = 72, val=117.763, val0=117.876
[01/01/09 01:28:39.355] read(): n=0, m=0, label=0, msgSize=800
[01/01/09 01:28:39.355] read(): n=1, m=1, label=1, msgSize=800
[01/01/09 01:28:39.356] 	count=33, n_max=7, w_max = 78, val=117.626, val0=117.618
[01/01/09 01:28:39.476] read(): n=0, m=0, label=0, msgSize=800
[01/01/09 01:28:39.477] read(): n=1, m=1, label=1, msgSize=800
[01/01/09 01:28:39.477] 	count=32, n_max=1, w_max = 80, val=117.636, val0=117.613
[01/01/09 01:28:39.597] read(): n=0, m=0, label=0, msgSize=800
[01/01/09 01:28:39.597] read(): n=1, m=1, label=1, msgSize=800
[01/01/09 01:28:39.597] 	count=30, n_max=8, w_max = 64, val=117.572, val0=117.59
[01/01/09 01:28:39.717] read(): n=0, m=0, label=0, msgSize=800
[01/01/09 01:28:39.717] read(): n=1, m=1, label=1, msgSize=800
[01/01/09 01:28:39.717] 	count=32, n_max=8, w_max = 72, val=117.805, val0=118.1
[01/01/09 01:28:39.838] read(): n=0, m=0, label=0, msgSize=800
[01/01/09 01:28:39.838] read(): n=1, m=1, label=1, msgSize=800
[01/01/09 01:28:39.838] 	count=34, n_max=9, w_max = 73, val=117.627, val0=117.517
[01/01/09 01:28:39.958] read(): n=0, m=0, label=0, msgSize=800
[01/01/09 01:28:39.958] read(): n=1, m=1, label=1, msgSize=800
[01/01/09 01:28:39.958] 	count=30, n_max=4, w_max = 81, val=117.633, val0=117.498
[01/01/09 01:28:40.079] read(): n=0, m=0, label=0, msgSize=800
[01/01/09 01:28:40.079] read(): n=1, m=1, label=1, msgSize=800
[01/01/09 01:28:40.079] 	count=34, n_max=1, w_max = 91, val=117.882, val0=118.097
[01/01/09 01:28:40.199] read(): n=0, m=0, label=0, msgSize=800
[01/01/09 01:28:40.199] read(): n=1, m=1, label=1, msgSize=800
[01/01/09 01:28:40.199] 	count=26, n_max=8, w_max = 62, val=118.165, val0=118.445
[01/01/09 01:28:40.320] read(): n=0, m=0, label=0, msgSize=800
[01/01/09 01:28:40.320] read(): n=1, m=1, label=1, msgSize=800
[01/01/09 01:28:40.320] 	count=30, n_max=7, w_max = 68, val=117.59, val0=117.602
[01/01/09 01:28:40.442] read(): n=0, m=0, label=0, msgSize=800
[01/01/09 01:28:40.442] read(): n=1, m=1, label=1, msgSize=800
[01/01/09 01:28:40.442] 	count=33, n_max=2, w_max = 73, val=117.455, val0=117.306
[01/01/09 01:28:40.564] read(): n=0, m=0, label=0, msgSize=800
[01/01/09 01:28:40.565] read(): n=1, m=1, label=1, msgSize=800
[01/01/09 01:28:40.565] 	count=31, n_max=7, w_max = 83, val=117.873, val0=118.157
[01/01/09 01:28:40.685] read(): n=0, m=0, label=0, msgSize=800
[01/01/09 01:28:40.685] read(): n=1, m=1, label=1, msgSize=800
[01/01/09 01:28:40.685] 	count=32, n_max=7, w_max = 78, val=117.834, val0=118.06
[01/01/09 01:28:40.806] read(): n=0, m=0, label=0, msgSize=800
[01/01/09 01:28:40.806] read(): n=1, m=1, label=1, msgSize=800
[01/01/09 01:28:40.806] 	count=30, n_max=9, w_max = 73, val=117.779, val0=117.954
[01/01/09 01:28:40.926] read(): n=0, m=0, label=0, msgSize=800
[01/01/09 01:28:40.927] read(): n=1, m=1, label=1, msgSize=800
[01/01/09 01:28:40.927] 	count=29, n_max=0, w_max = 82, val=117.575, val0=117.506
[01/01/09 01:28:41.047] read(): n=0, m=0, label=0, msgSize=800
[01/01/09 01:28:41.047] read(): n=1, m=1, label=1, msgSize=800
[01/01/09 01:28:41.048] 	count=30, n_max=8, w_max = 66, val=117.594, val0=117.586
[01/01/09 01:28:41.168] read(): n=0, m=0, label=0, msgSize=800
[01/01/09 01:28:41.168] read(): n=1, m=1, label=1, msgSize=800
[01/01/09 01:28:41.168] 	count=31, n_max=8, w_max = 77, val=117.569, val0=117.413
[01/01/09 01:28:41.288] read(): n=0, m=0, label=0, msgSize=800
[01/01/09 01:28:41.288] read(): n=1, m=1, label=1, msgSize=800
[01/01/09 01:28:41.288] 	count=32, n_max=0, w_max = 78, val=118.101, val0=118.392
[01/01/09 01:28:41.408] read(): n=0, m=0, label=0, msgSize=800
[01/01/09 01:28:41.408] read(): n=1, m=1, label=1, msgSize=800
[01/01/09 01:28:41.408] 	count=28, n_max=0, w_max = 85, val=117.586, val0=117.612
[01/01/09 01:28:41.529] read(): n=0, m=0, label=0, msgSize=800
[01/01/09 01:28:41.529] read(): n=1, m=1, label=1, msgSize=800
[01/01/09 01:28:41.529] 	count=31, n_max=0, w_max = 74, val=117.465, val0=117.26
[01/01/09 01:28:41.649] read(): n=0, m=0, label=0, msgSize=800
[01/01/09 01:28:41.649] read(): n=1, m=1, label=1, msgSize=800
[01/01/09 01:28:41.649] 	count=31, n_max=13, w_max = 70, val=117.698, val0=117.727
[01/01/09 01:28:41.769] read(): n=0, m=0, label=0, msgSize=800
[01/01/09 01:28:41.769] read(): n=1, m=1, label=1, msgSize=800
[01/01/09 01:28:41.770] 	count=28, n_max=7, w_max = 69, val=117.589, val0=117.53
[01/01/09 01:28:41.890] read(): n=0, m=0, label=0, msgSize=800
[01/01/09 01:28:41.890] read(): n=1, m=1, label=1, msgSize=800
[01/01/09 01:28:41.890] 	count=24, n_max=7, w_max = 68, val=117.729, val0=117.728
[01/01/09 01:28:42.010] read(): n=0, m=0, label=0, msgSize=800
[01/01/09 01:28:42.010] read(): n=1, m=1, label=1, msgSize=800
[01/01/09 01:28:42.010] 	count=35, n_max=9, w_max = 69, val=117.57, val0=117.464
[01/01/09 01:28:42.130] read(): n=0, m=0, label=0, msgSize=800
[01/01/09 01:28:42.130] read(): n=1, m=1, label=1, msgSize=800
[01/01/09 01:28:42.130] 	count=33, n_max=8, w_max = 77, val=117.734, val0=117.742
[01/01/09 01:28:42.251] read(): n=0, m=0, label=0, msgSize=800
[01/01/09 01:28:42.251] read(): n=1, m=1, label=1, msgSize=800
[01/01/09 01:28:42.251] 	count=30, n_max=3, w_max = 79, val=117.917, val0=118.239
[01/01/09 01:28:42.372] read(): n=0, m=0, label=0, msgSize=800
[01/01/09 01:28:42.372] read(): n=1, m=1, label=1, msgSize=800
[01/01/09 01:28:42.372] 	count=32, n_max=1, w_max = 84, val=117.707, val0=117.725
[01/01/09 01:28:42.493] read(): n=0, m=0, label=0, msgSize=800
[01/01/09 01:28:42.494] read(): n=1, m=1, label=1, msgSize=800
[01/01/09 01:28:42.494] 	count=31, n_max=7, w_max = 65, val=117.63, val0=117.632
[01/01/09 01:28:42.614] read(): n=0, m=0, label=0, msgSize=800
[01/01/09 01:28:42.614] read(): n=1, m=1, label=1, msgSize=800
[01/01/09 01:28:42.614] 	count=30, n_max=9, w_max = 65, val=117.491, val0=117.317
[01/01/09 01:28:42.733] read(): n=0, m=0, label=0, msgSize=800
[01/01/09 01:28:42.734] read(): n=1, m=1, label=1, msgSize=800
[01/01/09 01:28:42.734] 	count=34, n_max=14, w_max = 63, val=118.056, val0=118.348
[01/01/09 01:28:42.856] read(): n=0, m=0, label=0, msgSize=800
[01/01/09 01:28:42.856] read(): n=1, m=1, label=1, msgSize=800
[01/01/09 01:28:42.856] 	count=29, n_max=14, w_max = 73, val=117.888, val0=118.207
[01/01/09 01:28:42.976] read(): n=0, m=0, label=0, msgSize=800
[01/01/09 01:28:42.976] read(): n=1, m=1, label=1, msgSize=800
[01/01/09 01:28:42.976] 	count=31, n_max=3, w_max = 79, val=117.585, val0=117.501
[01/01/09 01:28:43.097] read(): n=0, m=0, label=0, msgSize=800
[01/01/09 01:28:43.097] read(): n=1, m=1, label=1, msgSize=800
[01/01/09 01:28:43.097] 	count=31, n_max=0, w_max = 84, val=117.725, val0=117.931
[01/01/09 01:28:43.218] read(): n=0, m=0, label=0, msgSize=800
[01/01/09 01:28:43.218] read(): n=1, m=1, label=1, msgSize=800
[01/01/09 01:28:43.218] 	count=30, n_max=7, w_max = 77, val=117.847, val0=118.082
[01/01/09 01:28:43.338] read(): n=0, m=0, label=0, msgSize=800
[01/01/09 01:28:43.339] read(): n=1, m=1, label=1, msgSize=800
[01/01/09 01:28:43.339] 	count=34, n_max=1, w_max = 81, val=117.679, val0=117.806
[01/01/09 01:28:43.459] read(): n=0, m=0, label=0, msgSize=800
[01/01/09 01:28:43.459] read(): n=1, m=1, label=1, msgSize=800
[01/01/09 01:28:43.459] 	count=30, n_max=14, w_max = 70, val=117.612, val0=117.788
[01/01/09 01:28:43.579] read(): n=0, m=0, label=0, msgSize=800
[01/01/09 01:28:43.579] read(): n=1, m=1, label=1, msgSize=800
[01/01/09 01:28:43.579] 	count=31, n_max=8, w_max = 72, val=117.549, val0=117.742
[01/01/09 01:28:43.699] read(): n=0, m=0, label=0, msgSize=800
[01/01/09 01:28:43.700] read(): n=1, m=1, label=1, msgSize=800
[01/01/09 01:28:43.700] 	count=30, n_max=9, w_max = 65, val=117.444, val0=117.409
[01/01/09 01:28:43.820] read(): n=0, m=0, label=0, msgSize=800
[01/01/09 01:28:43.820] read(): n=1, m=1, label=1, msgSize=800
[01/01/09 01:28:43.821] 	count=32, n_max=8, w_max = 63, val=117.37, val0=117.321
[01/01/09 01:28:43.942] read(): n=0, m=0, label=0, msgSize=800
[01/01/09 01:28:43.942] read(): n=1, m=1, label=1, msgSize=800
[01/01/09 01:28:43.942] 	count=32, n_max=2, w_max = 85, val=117.541, val0=117.744
[01/01/09 01:28:44.063] read(): n=0, m=0, label=0, msgSize=800
[01/01/09 01:28:44.063] read(): n=1, m=1, label=1, msgSize=800
[01/01/09 01:28:44.063] 	count=33, n_max=8, w_max = 65, val=117.788, val0=118.079
[01/01/09 01:28:44.183] read(): n=0, m=0, label=0, msgSize=800
[01/01/09 01:28:44.183] read(): n=1, m=1, label=1, msgSize=800
[01/01/09 01:28:44.183] 	count=31, n_max=7, w_max = 82, val=117.404, val0=117.466
[01/01/09 01:28:44.304] read(): n=0, m=0, label=0, msgSize=800
[01/01/09 01:28:44.304] read(): n=1, m=1, label=1, msgSize=800
[01/01/09 01:28:44.304] 	count=28, n_max=0, w_max = 84, val=117.596, val0=117.786
[01/01/09 01:28:44.425] read(): n=0, m=0, label=0, msgSize=800
[01/01/09 01:28:44.425] read(): n=1, m=1, label=1, msgSize=800
[01/01/09 01:28:44.425] 	count=31, n_max=0, w_max = 76, val=117.436, val0=117.383
[01/01/09 01:28:44.546] read(): n=0, m=0, label=0, msgSize=800
[01/01/09 01:28:44.546] read(): n=1, m=1, label=1, msgSize=800
[01/01/09 01:28:44.546] 	count=34, n_max=7, w_max = 70, val=117.858, val0=118.135
[01/01/09 01:28:44.667] read(): n=0, m=0, label=0, msgSize=800
[01/01/09 01:28:44.667] read(): n=1, m=1, label=1, msgSize=800
[01/01/09 01:28:44.667] 	count=33, n_max=11, w_max = 62, val=117.371, val0=117.287
[01/01/09 01:28:44.787] read(): n=0, m=0, label=0, msgSize=800
[01/01/09 01:28:44.787] read(): n=1, m=1, label=1, msgSize=800
[01/01/09 01:28:44.787] 	count=28, n_max=7, w_max = 63, val=117.328, val0=117.244
[01/01/09 01:28:44.908] read(): n=0, m=0, label=0, msgSize=800
[01/01/09 01:28:44.908] read(): n=1, m=1, label=1, msgSize=800
[01/01/09 01:28:44.908] 	count=33, n_max=8, w_max = 74, val=117.546, val0=117.612
[01/01/09 01:28:45.028] read(): n=0, m=0, label=0, msgSize=800
[01/01/09 01:28:45.028] read(): n=1, m=1, label=1, msgSize=800
[01/01/09 01:28:45.028] 	count=30, n_max=3, w_max = 78, val=118.005, val0=118.278
[01/01/09 01:28:45.148] read(): n=0, m=0, label=0, msgSize=800
[01/01/09 01:28:45.148] read(): n=1, m=1, label=1, msgSize=800
[01/01/09 01:28:45.149] 	count=30, n_max=0, w_max = 89, val=117.735, val0=118.112
[01/01/09 01:28:45.269] read(): n=0, m=0, label=0, msgSize=800
[01/01/09 01:28:45.269] read(): n=1, m=1, label=1, msgSize=800
[01/01/09 01:28:45.269] 	count=28, n_max=0, w_max = 87, val=117.685, val0=117.928
[01/01/09 01:28:45.389] read(): n=0, m=0, label=0, msgSize=800
[01/01/09 01:28:45.389] read(): n=1, m=1, label=1, msgSize=800
[01/01/09 01:28:45.389] 	count=30, n_max=13, w_max = 70, val=117.605, val0=117.754
[01/01/09 01:28:45.509] read(): n=0, m=0, label=0, msgSize=800
[01/01/09 01:28:45.509] read(): n=1, m=1, label=1, msgSize=800
[01/01/09 01:28:45.509] 	count=33, n_max=13, w_max = 68, val=117.607, val0=117.687
[01/01/09 01:28:45.630] read(): n=0, m=0, label=0, msgSize=800
[01/01/09 01:28:45.630] read(): n=1, m=1, label=1, msgSize=800
[01/01/09 01:28:45.630] 	count=32, n_max=8, w_max = 71, val=117.717, val0=117.865
[01/01/09 01:28:45.752] read(): n=0, m=0, label=0, msgSize=800
[01/01/09 01:28:45.752] read(): n=1, m=1, label=1, msgSize=800
[01/01/09 01:28:45.752] 	count=35, n_max=8, w_max = 71, val=117.445, val0=117.254
[01/01/09 01:28:45.873] read(): n=0, m=0, label=0, msgSize=800
[01/01/09 01:28:45.873] read(): n=1, m=1, label=1, msgSize=800
[01/01/09 01:28:45.873] 	count=30, n_max=7, w_max = 79, val=117.903, val0=118.131
[01/01/09 01:28:45.993] read(): n=0, m=0, label=0, msgSize=800
[01/01/09 01:28:45.993] read(): n=1, m=1, label=1, msgSize=800
[01/01/09 01:28:45.993] 	count=29, n_max=2, w_max = 79, val=117.526, val0=117.474
[01/01/09 01:28:46.113] read(): n=0, m=0, label=0, msgSize=800
[01/01/09 01:28:46.113] read(): n=1, m=1, label=1, msgSize=800
[01/01/09 01:28:46.113] 	count=32, n_max=7, w_max = 78, val=117.49, val0=117.452
[01/01/09 01:28:46.234] read(): n=0, m=0, label=0, msgSize=800
[01/01/09 01:28:46.234] read(): n=1, m=1, label=1, msgSize=800
[01/01/09 01:28:46.234] 	count=31, n_max=7, w_max = 77, val=118.069, val0=118.403
[01/01/09 01:28:46.356] read(): n=0, m=0, label=0, msgSize=800
[01/01/09 01:28:46.356] read(): n=1, m=1, label=1, msgSize=800
[01/01/09 01:28:46.356] 	count=32, n_max=0, w_max = 70, val=117.342, val0=117.248
[01/01/09 01:28:46.476] read(): n=0, m=0, label=0, msgSize=800
[01/01/09 01:28:46.476] read(): n=1, m=1, label=1, msgSize=800
[01/01/09 01:28:46.477] 	count=29, n_max=1, w_max = 77, val=117.449, val0=117.299
[01/01/09 01:28:46.596] read(): n=0, m=0, label=0, msgSize=800
[01/01/09 01:28:46.596] read(): n=1, m=1, label=1, msgSize=800
[01/01/09 01:28:46.597] 	count=30, n_max=0, w_max = 70, val=117.401, val0=117.243
[01/01/09 01:28:46.717] read(): n=0, m=0, label=0, msgSize=800
[01/01/09 01:28:46.717] read(): n=1, m=1, label=1, msgSize=800
[01/01/09 01:28:46.717] 	count=29, n_max=14, w_max = 65, val=117.785, val0=118.165
[01/01/09 01:28:46.839] read(): n=0, m=0, label=0, msgSize=800
[01/01/09 01:28:46.839] read(): n=1, m=1, label=1, msgSize=800
[01/01/09 01:28:46.839] 	count=29, n_max=8, w_max = 60, val=117.369, val0=117.254
[01/01/09 01:28:46.959] read(): n=0, m=0, label=0, msgSize=800
[01/01/09 01:28:46.959] read(): n=1, m=1, label=1, msgSize=800
[01/01/09 01:28:46.959] 	count=32, n_max=1, w_max = 78, val=117.522, val0=117.46
[01/01/09 01:28:47.079] read(): n=0, m=0, label=0, msgSize=800
[01/01/09 01:28:47.079] read(): n=1, m=1, label=1, msgSize=800
[01/01/09 01:28:47.080] 	count=31, n_max=11, w_max = 72, val=117.766, val0=118.125
[01/01/09 01:28:47.200] read(): n=0, m=0, label=0, msgSize=800
[01/01/09 01:28:47.201] read(): n=1, m=1, label=1, msgSize=800
[01/01/09 01:28:47.201] 	count=30, n_max=6, w_max = 72, val=117.853, val0=118.2
[01/01/09 01:28:47.322] read(): n=0, m=0, label=0, msgSize=800
[01/01/09 01:28:47.322] read(): n=1, m=1, label=1, msgSize=800
[01/01/09 01:28:47.322] 	count=29, n_max=1, w_max = 79, val=117.909, val0=118.237
[01/01/09 01:28:47.443] read(): n=0, m=0, label=0, msgSize=800
[01/01/09 01:28:47.443] read(): n=1, m=1, label=1, msgSize=800
[01/01/09 01:28:47.443] 	count=29, n_max=6, w_max = 71, val=117.982, val0=118.237
[01/01/09 01:28:47.563] read(): n=0, m=0, label=0, msgSize=800
[01/01/09 01:28:47.563] read(): n=1, m=1, label=1, msgSize=800
[01/01/09 01:28:47.563] 	count=29, n_max=1, w_max = 87, val=117.739, val0=117.92
[01/01/09 01:28:47.685] read(): n=0, m=0, label=0, msgSize=800
[01/01/09 01:28:47.685] read(): n=1, m=1, label=1, msgSize=800
[01/01/09 01:28:47.685] 	count=28, n_max=5, w_max = 85, val=117.596, val0=117.787
[01/01/09 01:28:47.805] read(): n=0, m=0, label=0, msgSize=800
[01/01/09 01:28:47.805] read(): n=1, m=1, label=1, msgSize=800
[01/01/09 01:28:47.805] 	count=31, n_max=8, w_max = 60, val=117.435, val0=117.38
[01/01/09 01:28:47.926] read(): n=0, m=0, label=0, msgSize=800
[01/01/09 01:28:47.926] read(): n=1, m=1, label=1, msgSize=800
[01/01/09 01:28:47.926] 	count=30, n_max=8, w_max = 74, val=117.684, val0=117.796
[01/01/09 01:28:48.046] read(): n=0, m=0, label=0, msgSize=800
[01/01/09 01:28:48.046] read(): n=1, m=1, label=1, msgSize=800
[01/01/09 01:28:48.046] 	count=32, n_max=7, w_max = 76, val=117.481, val0=117.438
[01/01/09 01:28:48.166] read(): n=0, m=0, label=0, msgSize=800
[01/01/09 01:28:48.166] read(): n=1, m=1, label=1, msgSize=800
[01/01/09 01:28:48.166] 	count=30, n_max=3, w_max = 82, val=117.869, val0=118.251
[01/01/09 01:28:48.286] read(): n=0, m=0, label=0, msgSize=800
[01/01/09 01:28:48.286] read(): n=1, m=1, label=1, msgSize=800
[01/01/09 01:28:48.287] 	count=29, n_max=3, w_max = 82, val=117.52, val0=117.53
[01/01/09 01:28:48.407] read(): n=0, m=0, label=0, msgSize=800
[01/01/09 01:28:48.407] read(): n=1, m=1, label=1, msgSize=800
[01/01/09 01:28:48.407] 	count=32, n_max=0, w_max = 86, val=117.738, val0=117.962
[01/01/09 01:28:48.527] read(): n=0, m=0, label=0, msgSize=800
[01/01/09 01:28:48.527] read(): n=1, m=1, label=1, msgSize=800
[01/01/09 01:28:48.528] 	count=30, n_max=7, w_max = 62, val=117.42, val0=117.3
[01/01/09 01:28:48.648] read(): n=0, m=0, label=0, msgSize=800
[01/01/09 01:28:48.648] read(): n=1, m=1, label=1, msgSize=800
[01/01/09 01:28:48.648] 	count=32, n_max=8, w_max = 63, val=117.421, val0=117.321
[01/01/09 01:28:48.769] read(): n=0, m=0, label=0, msgSize=800
[01/01/09 01:28:48.769] read(): n=1, m=1, label=1, msgSize=800
[01/01/09 01:28:48.769] 	count=34, n_max=7, w_max = 72, val=118.068, val0=118.395
[01/01/09 01:28:48.889] read(): n=0, m=0, label=0, msgSize=800
[01/01/09 01:28:48.889] read(): n=1, m=1, label=1, msgSize=800
[01/01/09 01:28:48.889] 	count=30, n_max=0, w_max = 88, val=117.738, val0=117.912
[01/01/09 01:28:49.009] read(): n=0, m=0, label=0, msgSize=800
[01/01/09 01:28:49.010] read(): n=1, m=1, label=1, msgSize=800
[01/01/09 01:28:49.010] 	count=32, n_max=11, w_max = 69, val=117.589, val0=117.632
[01/01/09 01:28:49.131] read(): n=0, m=0, label=0, msgSize=800
[01/01/09 01:28:49.131] read(): n=1, m=1, label=1, msgSize=800
[01/01/09 01:28:49.131] 	count=33, n_max=7, w_max = 73, val=117.775, val0=118.069
[01/01/09 01:28:49.251] read(): n=0, m=0, label=0, msgSize=800
[01/01/09 01:28:49.251] read(): n=1, m=1, label=1, msgSize=800
[01/01/09 01:28:49.251] 	count=28, n_max=2, w_max = 89, val=117.743, val0=117.947
[01/01/09 01:28:49.373] read(): n=0, m=0, label=0, msgSize=800
[01/01/09 01:28:49.373] read(): n=1, m=1, label=1, msgSize=800
[01/01/09 01:28:49.373] 	count=29, n_max=0, w_max = 70, val=117.326, val0=117.087
[01/01/09 01:28:49.494] read(): n=0, m=0, label=0, msgSize=800
[01/01/09 01:28:49.494] read(): n=1, m=1, label=1, msgSize=800
[01/01/09 01:28:49.494] 	count=29, n_max=6, w_max = 68, val=118.132, val0=118.345
[01/01/09 01:28:49.615] read(): n=0, m=0, label=0, msgSize=800
[01/01/09 01:28:49.615] read(): n=1, m=1, label=1, msgSize=800
[01/01/09 01:28:49.615] 	count=31, n_max=1, w_max = 78, val=117.428, val0=117.351
[01/01/09 01:28:49.735] read(): n=0, m=0, label=0, msgSize=800
[01/01/09 01:28:49.735] read(): n=1, m=1, label=1, msgSize=800
[01/01/09 01:28:49.735] 	count=29, n_max=7, w_max = 70, val=117.758, val0=118.105
[01/01/09 01:28:49.856] read(): n=0, m=0, label=0, msgSize=800
[01/01/09 01:28:49.856] read(): n=1, m=1, label=1, msgSize=800
[01/01/09 01:28:49.856] 	count=33, n_max=8, w_max = 61, val=117.369, val0=117.196
[01/01/09 01:28:49.976] read(): n=0, m=0, label=0, msgSize=800
[01/01/09 01:28:49.976] read(): n=1, m=1, label=1, msgSize=800
[01/01/09 01:28:49.976] 	count=28, n_max=8, w_max = 78, val=117.51, val0=117.55
[01/01/09 01:28:50.097] read(): n=0, m=0, label=0, msgSize=800
[01/01/09 01:28:50.097] read(): n=1, m=1, label=1, msgSize=800
[01/01/09 01:28:50.097] 	count=29, n_max=1, w_max = 85, val=117.51, val0=117.589
[01/01/09 01:28:50.216] read(): n=0, m=0, label=0, msgSize=800
[01/01/09 01:28:50.216] read(): n=1, m=1, label=1, msgSize=800
[01/01/09 01:28:50.216] 	count=26, n_max=0, w_max = 72, val=117.254, val0=117.001
[01/01/09 01:28:50.336] read(): n=0, m=0, label=0, msgSize=800
[01/01/09 01:28:50.336] read(): n=1, m=1, label=1, msgSize=800
[01/01/09 01:28:50.336] 	count=26, n_max=5, w_max = 73, val=117.787, val0=118.124
[01/01/09 01:28:50.456] read(): n=0, m=0, label=0, msgSize=800
[01/01/09 01:28:50.456] read(): n=1, m=1, label=1, msgSize=800
[01/01/09 01:28:50.456] 	count=28, n_max=4, w_max = 87, val=117.549, val0=117.747
[01/01/09 01:28:50.577] read(): n=0, m=0, label=0, msgSize=800
[01/01/09 01:28:50.577] read(): n=1, m=1, label=1, msgSize=800
[01/01/09 01:28:50.577] 	count=30, n_max=4, w_max = 74, val=117.898, val0=118.15
[01/01/09 01:28:50.697] read(): n=0, m=0, label=0, msgSize=800
[01/01/09 01:28:50.697] read(): n=1, m=1, label=1, msgSize=800
[01/01/09 01:28:50.697] 	count=31, n_max=0, w_max = 76, val=117.363, val0=117.365
[01/01/09 01:28:50.817] read(): n=0, m=0, label=0, msgSize=800
[01/01/09 01:28:50.817] read(): n=1, m=1, label=1, msgSize=800
[01/01/09 01:28:50.817] 	count=33, n_max=12, w_max = 77, val=117.686, val0=117.954
[01/01/09 01:28:50.938] read(): n=0, m=0, label=0, msgSize=800
[01/01/09 01:28:50.938] read(): n=1, m=1, label=1, msgSize=800
[01/01/09 01:28:50.938] 	count=31, n_max=8, w_max = 68, val=117.45, val0=117.594
[01/01/09 01:28:51.058] read(): n=0, m=0, label=0, msgSize=800
[01/01/09 01:28:51.058] read(): n=1, m=1, label=1, msgSize=800
[01/01/09 01:28:51.058] 	count=33, n_max=8, w_max = 71, val=117.542, val0=117.73
[01/01/09 01:28:51.178] read(): n=0, m=0, label=0, msgSize=800
[01/01/09 01:28:51.179] read(): n=1, m=1, label=1, msgSize=800
[01/01/09 01:28:51.179] 	count=30, n_max=7, w_max = 72, val=117.479, val0=117.608
[01/01/09 01:28:51.299] read(): n=0, m=0, label=0, msgSize=800
[01/01/09 01:28:51.299] read(): n=1, m=1, label=1, msgSize=800
[01/01/09 01:28:51.299] 	count=32, n_max=5, w_max = 85, val=117.465, val0=117.673
[01/01/09 01:28:51.420] read(): n=0, m=0, label=0, msgSize=800
[01/01/09 01:28:51.420] read(): n=1, m=1, label=1, msgSize=800
[01/01/09 01:28:51.420] 	count=31, n_max=0, w_max = 87, val=117.543, val0=117.787
[01/01/09 01:28:51.541] read(): n=0, m=0, label=0, msgSize=800
[01/01/09 01:28:51.541] read(): n=1, m=1, label=1, msgSize=800
[01/01/09 01:28:51.541] 	count=31, n_max=8, w_max = 73, val=117.503, val0=117.775
[01/01/09 01:28:51.665] read(): n=0, m=0, label=0, msgSize=800
[01/01/09 01:28:51.665] read(): n=1, m=1, label=1, msgSize=800
[01/01/09 01:28:51.665] 	count=33, n_max=0, w_max = 85, val=117.6, val0=117.853
[01/01/09 01:28:51.786] read(): n=0, m=0, label=0, msgSize=800
[01/01/09 01:28:51.786] read(): n=1, m=1, label=1, msgSize=800
[01/01/09 01:28:51.786] 	count=27, n_max=7, w_max = 66, val=117.787, val0=118.111
[01/01/09 01:28:51.906] read(): n=0, m=0, label=0, msgSize=800
[01/01/09 01:28:51.906] read(): n=1, m=1, label=1, msgSize=800
[01/01/09 01:28:51.906] 	count=30, n_max=6, w_max = 71, val=117.747, val0=118.01
[01/01/09 01:28:52.026] read(): n=0, m=0, label=0, msgSize=800
[01/01/09 01:28:52.026] read(): n=1, m=1, label=1, msgSize=800
[01/01/09 01:28:52.026] 	count=30, n_max=7, w_max = 75, val=117.434, val0=117.428
[01/01/09 01:28:52.146] read(): n=0, m=0, label=0, msgSize=800
[01/01/09 01:28:52.146] read(): n=1, m=1, label=1, msgSize=800
[01/01/09 01:28:52.146] 	count=32, n_max=7, w_max = 75, val=117.559, val0=117.619
[01/01/09 01:28:52.267] read(): n=0, m=0, label=0, msgSize=800
[01/01/09 01:28:52.267] read(): n=1, m=1, label=1, msgSize=800
[01/01/09 01:28:52.267] 	count=34, n_max=8, w_max = 80, val=117.807, val0=118.059
[01/01/09 01:28:52.387] read(): n=0, m=0, label=0, msgSize=800
[01/01/09 01:28:52.387] read(): n=1, m=1, label=1, msgSize=800
[01/01/09 01:28:52.387] 	count=33, n_max=15, w_max = 74, val=117.677, val0=117.915
[01/01/09 01:28:52.507] read(): n=0, m=0, label=0, msgSize=800
[01/01/09 01:28:52.508] read(): n=1, m=1, label=1, msgSize=800
[01/01/09 01:28:52.508] 	count=32, n_max=7, w_max = 64, val=117.799, val0=118.112
[01/01/09 01:28:52.627] read(): n=0, m=0, label=0, msgSize=800
[01/01/09 01:28:52.627] read(): n=1, m=1, label=1, msgSize=800
[01/01/09 01:28:52.628] 	count=29, n_max=7, w_max = 70, val=117.477, val0=117.529
[01/01/09 01:28:52.748] read(): n=0, m=0, label=0, msgSize=800
[01/01/09 01:28:52.748] read(): n=1, m=1, label=1, msgSize=800
[01/01/09 01:28:52.748] 	count=29, n_max=7, w_max = 63, val=117.387, val0=117.248
[01/01/09 01:28:52.868] read(): n=0, m=0, label=0, msgSize=800
[01/01/09 01:28:52.868] read(): n=1, m=1, label=1, msgSize=800
[01/01/09 01:28:52.868] 	count=28, n_max=8, w_max = 67, val=117.448, val0=117.327
[01/01/09 01:28:52.990] read(): n=0, m=0, label=0, msgSize=800
[01/01/09 01:28:52.990] read(): n=1, m=1, label=1, msgSize=800
[01/01/09 01:28:52.990] 	count=30, n_max=2, w_max = 83, val=117.724, val0=118.009
[01/01/09 01:28:53.114] read(): n=0, m=0, label=0, msgSize=800
[01/01/09 01:28:53.114] read(): n=1, m=1, label=1, msgSize=800
[01/01/09 01:28:53.114] 	count=36, n_max=7, w_max = 81, val=117.621, val0=117.776
[01/01/09 01:28:53.235] read(): n=0, m=0, label=0, msgSize=800
[01/01/09 01:28:53.235] read(): n=1, m=1, label=1, msgSize=800
[01/01/09 01:28:53.235] 	count=31, n_max=2, w_max = 71, val=117.265, val0=117.173
[01/01/09 01:28:53.356] read(): n=0, m=0, label=0, msgSize=800
[01/01/09 01:28:53.356] read(): n=1, m=1, label=1, msgSize=800
[01/01/09 01:28:53.357] 	count=31, n_max=8, w_max = 71, val=117.502, val0=117.652
[01/01/09 01:28:53.476] read(): n=0, m=0, label=0, msgSize=800
[01/01/09 01:28:53.476] read(): n=1, m=1, label=1, msgSize=800
[01/01/09 01:28:53.476] 	count=31, n_max=4, w_max = 76, val=117.279, val0=117.225
[01/01/09 01:28:53.597] read(): n=0, m=0, label=0, msgSize=800
[01/01/09 01:28:53.597] read(): n=1, m=1, label=1, msgSize=800
[01/01/09 01:28:53.597] 	count=30, n_max=6, w_max = 82, val=117.457, val0=117.566
[01/01/09 01:28:53.719] read(): n=0, m=0, label=0, msgSize=800
[01/01/09 01:28:53.719] read(): n=1, m=1, label=1, msgSize=800
[01/01/09 01:28:53.719] 	count=30, n_max=9, w_max = 59, val=117.365, val0=117.213
[01/01/09 01:28:53.839] read(): n=0, m=0, label=0, msgSize=800
[01/01/09 01:28:53.839] read(): n=1, m=1, label=1, msgSize=800
[01/01/09 01:28:53.840] 	count=33, n_max=1, w_max = 86, val=117.563, val0=117.751
[01/01/09 01:28:53.960] read(): n=0, m=0, label=0, msgSize=800
[01/01/09 01:28:53.960] read(): n=1, m=1, label=1, msgSize=800
[01/01/09 01:28:53.960] 	count=34, n_max=0, w_max = 71, val=117.156, val0=117.036
[01/01/09 01:28:54.082] read(): n=0, m=0, label=0, msgSize=800
[01/01/09 01:28:54.082] read(): n=1, m=1, label=1, msgSize=800
[01/01/09 01:28:54.082] 	count=33, n_max=8, w_max = 67, val=117.412, val0=117.432
[01/01/09 01:28:54.203] read(): n=0, m=0, label=0, msgSize=800
[01/01/09 01:28:54.203] read(): n=1, m=1, label=1, msgSize=800
[01/01/09 01:28:54.203] 	count=34, n_max=12, w_max = 69, val=117.379, val0=117.443
[01/01/09 01:28:54.322] read(): n=0, m=0, label=0, msgSize=800
[01/01/09 01:28:54.322] read(): n=1, m=1, label=1, msgSize=800
[01/01/09 01:28:54.322] 	count=31, n_max=7, w_max = 65, val=117.607, val0=117.978
[01/01/09 01:28:54.442] read(): n=0, m=0, label=0, msgSize=800
[01/01/09 01:28:54.442] read(): n=1, m=1, label=1, msgSize=800
[01/01/09 01:28:54.443] 	count=30, n_max=0, w_max = 77, val=117.368, val0=117.33
[01/01/09 01:28:54.562] read(): n=0, m=0, label=0, msgSize=800
[01/01/09 01:28:54.563] read(): n=1, m=1, label=1, msgSize=800
[01/01/09 01:28:54.563] 	count=34, n_max=7, w_max = 66, val=117.407, val0=117.421
[01/01/09 01:28:54.683] read(): n=0, m=0, label=0, msgSize=800
[01/01/09 01:28:54.683] read(): n=1, m=1, label=1, msgSize=800
[01/01/09 01:28:54.684] 	count=31, n_max=8, w_max = 68, val=117.427, val0=117.499
[01/01/09 01:28:54.804] read(): n=0, m=0, label=0, msgSize=800
[01/01/09 01:28:54.804] read(): n=1, m=1, label=1, msgSize=800
[01/01/09 01:28:54.804] 	count=33, n_max=7, w_max = 79, val=117.441, val0=117.486
[01/01/09 01:28:54.924] read(): n=0, m=0, label=0, msgSize=800
[01/01/09 01:28:54.924] read(): n=1, m=1, label=1, msgSize=800
[01/01/09 01:28:54.924] 	count=30, n_max=7, w_max = 80, val=117.452, val0=117.503
[01/01/09 01:28:55.045] read(): n=0, m=0, label=0, msgSize=800
[01/01/09 01:28:55.045] read(): n=1, m=1, label=1, msgSize=800
[01/01/09 01:28:55.045] 	count=34, n_max=0, w_max = 76, val=117.903, val0=118.184
[01/01/09 01:28:55.164] read(): n=0, m=0, label=0, msgSize=800
[01/01/09 01:28:55.164] read(): n=1, m=1, label=1, msgSize=800
[01/01/09 01:28:55.164] 	count=31, n_max=0, w_max = 73, val=117.277, val0=117.165
[01/01/09 01:28:55.284] read(): n=0, m=0, label=0, msgSize=800
[01/01/09 01:28:55.285] read(): n=1, m=1, label=1, msgSize=800
[01/01/09 01:28:55.285] 	count=31, n_max=1, w_max = 86, val=117.653, val0=117.898
[01/01/09 01:28:55.405] read(): n=0, m=0, label=0, msgSize=800
[01/01/09 01:28:55.405] read(): n=1, m=1, label=1, msgSize=800
[01/01/09 01:28:55.405] 	count=32, n_max=0, w_max = 73, val=117.255, val0=117.061
[01/01/09 01:28:55.525] read(): n=0, m=0, label=0, msgSize=800
[01/01/09 01:28:55.525] read(): n=1, m=1, label=1, msgSize=800
[01/01/09 01:28:55.525] 	count=33, n_max=0, w_max = 73, val=117.371, val0=117.159
[01/01/09 01:28:55.645] read(): n=0, m=0, label=0, msgSize=800
[01/01/09 01:28:55.645] read(): n=1, m=1, label=1, msgSize=800
[01/01/09 01:28:55.646] 	count=34, n_max=11, w_max = 68, val=117.457, val0=117.437
[01/01/09 01:28:55.766] read(): n=0, m=0, label=0, msgSize=800
[01/01/09 01:28:55.766] read(): n=1, m=1, label=1, msgSize=800
[01/01/09 01:28:55.766] 	count=30, n_max=8, w_max = 59, val=117.326, val0=117.201
[01/01/09 01:28:55.886] read(): n=0, m=0, label=0, msgSize=800
[01/01/09 01:28:55.886] read(): n=1, m=1, label=1, msgSize=800
[01/01/09 01:28:55.886] 	count=33, n_max=8, w_max = 67, val=117.513, val0=117.512
[01/01/09 01:28:56.007] read(): n=0, m=0, label=0, msgSize=800
[01/01/09 01:28:56.007] read(): n=1, m=1, label=1, msgSize=800
[01/01/09 01:28:56.007] 	count=31, n_max=7, w_max = 85, val=117.78, val0=118.096
[01/01/09 01:28:56.127] read(): n=0, m=0, label=0, msgSize=800
[01/01/09 01:28:56.127] read(): n=1, m=1, label=1, msgSize=800
[01/01/09 01:28:56.127] 	count=29, n_max=3, w_max = 76, val=117.386, val0=117.312
[01/01/09 01:28:56.247] read(): n=0, m=0, label=0, msgSize=800
[01/01/09 01:28:56.247] read(): n=1, m=1, label=1, msgSize=800
[01/01/09 01:28:56.247] 	count=32, n_max=0, w_max = 81, val=117.898, val0=118.198
[01/01/09 01:28:56.368] read(): n=0, m=0, label=0, msgSize=800
[01/01/09 01:28:56.368] read(): n=1, m=1, label=1, msgSize=800
[01/01/09 01:28:56.368] 	count=29, n_max=7, w_max = 71, val=117.618, val0=117.753
[01/01/09 01:28:56.488] read(): n=0, m=0, label=0, msgSize=800
[01/01/09 01:28:56.488] read(): n=1, m=1, label=1, msgSize=800
[01/01/09 01:28:56.488] 	count=31, n_max=8, w_max = 64, val=117.377, val0=117.37
[01/01/09 01:28:56.608] read(): n=0, m=0, label=0, msgSize=800
[01/01/09 01:28:56.608] read(): n=1, m=1, label=1, msgSize=800
[01/01/09 01:28:56.609] 	count=30, n_max=7, w_max = 71, val=117.564, val0=117.619
[01/01/09 01:28:56.729] read(): n=0, m=0, label=0, msgSize=800
[01/01/09 01:28:56.729] read(): n=1, m=1, label=1, msgSize=800
[01/01/09 01:28:56.729] 	count=28, n_max=7, w_max = 79, val=117.611, val0=117.73
[01/01/09 01:28:56.849] read(): n=0, m=0, label=0, msgSize=800
[01/01/09 01:28:56.849] read(): n=1, m=1, label=1, msgSize=800
[01/01/09 01:28:56.849] 	count=33, n_max=8, w_max = 83, val=117.62, val0=117.692
[01/01/09 01:28:56.969] read(): n=0, m=0, label=0, msgSize=800
[01/01/09 01:28:56.969] read(): n=1, m=1, label=1, msgSize=800
[01/01/09 01:28:56.969] 	count=30, n_max=7, w_max = 82, val=117.52, val0=117.545
[01/01/09 01:28:57.090] read(): n=0, m=0, label=0, msgSize=800
[01/01/09 01:28:57.090] read(): n=1, m=1, label=1, msgSize=800
[01/01/09 01:28:57.090] 	count=32, n_max=2, w_max = 84, val=117.564, val0=117.719
[01/01/09 01:28:57.210] read(): n=0, m=0, label=0, msgSize=800
[01/01/09 01:28:57.210] read(): n=1, m=1, label=1, msgSize=800
[01/01/09 01:28:57.210] 	count=29, n_max=0, w_max = 68, val=117.415, val0=117.202
[01/01/09 01:28:57.331] read(): n=0, m=0, label=0, msgSize=800
[01/01/09 01:28:57.331] read(): n=1, m=1, label=1, msgSize=800
[01/01/09 01:28:57.331] 	count=30, n_max=8, w_max = 71, val=117.655, val0=117.906
[01/01/09 01:28:57.451] read(): n=0, m=0, label=0, msgSize=800
[01/01/09 01:28:57.451] read(): n=1, m=1, label=1, msgSize=800
[01/01/09 01:28:57.452] 	count=31, n_max=7, w_max = 82, val=117.669, val0=117.857
[01/01/09 01:28:57.572] read(): n=0, m=0, label=0, msgSize=800
[01/01/09 01:28:57.572] read(): n=1, m=1, label=1, msgSize=800
[01/01/09 01:28:57.572] 	count=30, n_max=1, w_max = 79, val=117.445, val0=117.465
[01/01/09 01:28:57.693] read(): n=0, m=0, label=0, msgSize=800
[01/01/09 01:28:57.693] read(): n=1, m=1, label=1, msgSize=800
[01/01/09 01:28:57.693] 	count=28, n_max=7, w_max = 66, val=117.419, val0=117.424
[01/01/09 01:28:57.814] read(): n=0, m=0, label=0, msgSize=800
[01/01/09 01:28:57.814] read(): n=1, m=1, label=1, msgSize=800
[01/01/09 01:28:57.815] 	count=28, n_max=8, w_max = 71, val=117.588, val0=117.828
[01/01/09 01:28:57.935] read(): n=0, m=0, label=0, msgSize=800
[01/01/09 01:28:57.935] read(): n=1, m=1, label=1, msgSize=800
[01/01/09 01:28:57.936] 	count=30, n_max=1, w_max = 86, val=117.551, val0=117.685
[01/01/09 01:28:58.056] read(): n=0, m=0, label=0, msgSize=800
[01/01/09 01:28:58.056] read(): n=1, m=1, label=1, msgSize=800
[01/01/09 01:28:58.056] 	count=29, n_max=8, w_max = 64, val=117.288, val0=117.193
[01/01/09 01:28:58.177] read(): n=0, m=0, label=0, msgSize=800
[01/01/09 01:28:58.177] read(): n=1, m=1, label=1, msgSize=800
[01/01/09 01:28:58.177] 	count=33, n_max=7, w_max = 73, val=117.612, val0=117.83
[01/01/09 01:28:58.297] read(): n=0, m=0, label=0, msgSize=800
[01/01/09 01:28:58.297] read(): n=1, m=1, label=1, msgSize=800
[01/01/09 01:28:58.298] 	count=31, n_max=0, w_max = 74, val=117.386, val0=117.29
[01/01/09 01:28:58.418] read(): n=0, m=0, label=0, msgSize=800
[01/01/09 01:28:58.418] read(): n=1, m=1, label=1, msgSize=800
[01/01/09 01:28:58.418] 	count=30, n_max=14, w_max = 70, val=117.577, val0=117.776
[01/01/09 01:28:58.538] read(): n=0, m=0, label=0, msgSize=800
[01/01/09 01:28:58.538] read(): n=1, m=1, label=1, msgSize=800
[01/01/09 01:28:58.539] 	count=30, n_max=7, w_max = 55, val=117.865, val0=118.217
[01/01/09 01:28:58.659] read(): n=0, m=0, label=0, msgSize=800
[01/01/09 01:28:58.659] read(): n=1, m=1, label=1, msgSize=800
[01/01/09 01:28:58.659] 	count=32, n_max=7, w_max = 75, val=117.56, val0=117.583
[01/01/09 01:28:58.780] read(): n=0, m=0, label=0, msgSize=800
[01/01/09 01:28:58.780] read(): n=1, m=1, label=1, msgSize=800
[01/01/09 01:28:58.780] 	count=30, n_max=5, w_max = 80, val=117.726, val0=118.084
[01/01/09 01:28:58.901] read(): n=0, m=0, label=0, msgSize=800
[01/01/09 01:28:58.901] read(): n=1, m=1, label=1, msgSize=800
[01/01/09 01:28:58.901] 	count=32, n_max=12, w_max = 69, val=117.634, val0=117.933
[01/01/09 01:28:59.023] read(): n=0, m=0, label=0, msgSize=800
[01/01/09 01:28:59.023] read(): n=1, m=1, label=1, msgSize=800
[01/01/09 01:28:59.023] 	count=30, n_max=9, w_max = 65, val=117.356, val0=117.295
[01/01/09 01:28:59.144] read(): n=0, m=0, label=0, msgSize=800
[01/01/09 01:28:59.144] read(): n=1, m=1, label=1, msgSize=800
[01/01/09 01:28:59.144] 	count=30, n_max=7, w_max = 65, val=117.367, val0=117.264
[01/01/09 01:28:59.264] read(): n=0, m=0, label=0, msgSize=800
[01/01/09 01:28:59.264] read(): n=1, m=1, label=1, msgSize=800
[01/01/09 01:28:59.264] 	count=28, n_max=8, w_max = 77, val=117.733, val0=117.906
[01/01/09 01:28:59.384] read(): n=0, m=0, label=0, msgSize=800
[01/01/09 01:28:59.384] read(): n=1, m=1, label=1, msgSize=800
[01/01/09 01:28:59.384] 	count=29, n_max=8, w_max = 78, val=117.451, val0=117.449
[01/01/09 01:28:59.504] read(): n=0, m=0, label=0, msgSize=800
[01/01/09 01:28:59.504] read(): n=1, m=1, label=1, msgSize=800
[01/01/09 01:28:59.504] 	count=30, n_max=6, w_max = 82, val=117.634, val0=117.896
[01/01/09 01:28:59.625] read(): n=0, m=0, label=0, msgSize=800
[01/01/09 01:28:59.625] read(): n=1, m=1, label=1, msgSize=800
[01/01/09 01:28:59.625] 	count=33, n_max=3, w_max = 70, val=117.38, val0=117.281
[01/01/09 01:28:59.746] read(): n=0, m=0, label=0, msgSize=800
[01/01/09 01:28:59.746] read(): n=1, m=1, label=1, msgSize=800
[01/01/09 01:28:59.746] 	count=33, n_max=10, w_max = 64, val=117.483, val0=117.534
[01/01/09 01:28:59.866] read(): n=0, m=0, label=0, msgSize=800
[01/01/09 01:28:59.867] read(): n=1, m=1, label=1, msgSize=800
[01/01/09 01:28:59.867] 	count=30, n_max=7, w_max = 76, val=117.681, val0=117.957
[01/01/09 01:28:59.986] read(): n=0, m=0, label=0, msgSize=800
[01/01/09 01:28:59.987] read(): n=1, m=1, label=1, msgSize=800
[01/01/09 01:28:59.987] 	count=32, n_max=7, w_max = 83, val=117.536, val0=117.714
[01/01/09 01:29:00.107] read(): n=0, m=0, label=0, msgSize=800
[01/01/09 01:29:00.107] read(): n=1, m=1, label=1, msgSize=800
[01/01/09 01:29:00.107] 	count=28, n_max=8, w_max = 83, val=117.444, val0=117.516
[01/01/09 01:29:00.227] read(): n=0, m=0, label=0, msgSize=800
[01/01/09 01:29:00.227] read(): n=1, m=1, label=1, msgSize=800
[01/01/09 01:29:00.227] 	count=29, n_max=1, w_max = 74, val=117.275, val0=117.158
[01/01/09 01:29:00.348] read(): n=0, m=0, label=0, msgSize=800
[01/01/09 01:29:00.348] read(): n=1, m=1, label=1, msgSize=800
[01/01/09 01:29:00.348] 	count=30, n_max=0, w_max = 68, val=117.152, val0=117.047
[01/01/09 01:29:00.468] read(): n=0, m=0, label=0, msgSize=800
[01/01/09 01:29:00.468] read(): n=1, m=1, label=1, msgSize=800
[01/01/09 01:29:00.468] 	count=29, n_max=8, w_max = 67, val=117.324, val0=117.29
[01/01/09 01:29:00.588] read(): n=0, m=0, label=0, msgSize=800
[01/01/09 01:29:00.588] read(): n=1, m=1, label=1, msgSize=800
[01/01/09 01:29:00.588] 	count=28, n_max=8, w_max = 69, val=117.634, val0=117.885
[01/01/09 01:29:00.709] read(): n=0, m=0, label=0, msgSize=800
[01/01/09 01:29:00.709] read(): n=1, m=1, label=1, msgSize=800
[01/01/09 01:29:00.710] 	count=28, n_max=7, w_max = 63, val=117.24, val0=117.279
[01/01/09 01:29:00.832] read(): n=0, m=0, label=0, msgSize=800
[01/01/09 01:29:00.832] read(): n=1, m=1, label=1, msgSize=800
[01/01/09 01:29:00.833] 	count=32, n_max=15, w_max = 61, val=117.294, val0=117.35
[01/01/09 01:29:00.953] read(): n=0, m=0, label=0, msgSize=800
[01/01/09 01:29:00.953] read(): n=1, m=1, label=1, msgSize=800
[01/01/09 01:29:00.953] 	count=30, n_max=11, w_max = 72, val=117.439, val0=117.657
[01/01/09 01:29:01.073] read(): n=0, m=0, label=0, msgSize=800
[01/01/09 01:29:01.073] read(): n=1, m=1, label=1, msgSize=800
[01/01/09 01:29:01.073] 	count=33, n_max=7, w_max = 61, val=117.793, val0=118.084
[01/01/09 01:29:01.193] read(): n=0, m=0, label=0, msgSize=800
[01/01/09 01:29:01.193] read(): n=1, m=1, label=1, msgSize=800
[01/01/09 01:29:01.193] 	count=32, n_max=7, w_max = 72, val=117.505, val0=117.725
[01/01/09 01:29:01.314] read(): n=0, m=0, label=0, msgSize=800
[01/01/09 01:29:01.314] read(): n=1, m=1, label=1, msgSize=800
[01/01/09 01:29:01.314] 	count=26, n_max=7, w_max = 71, val=117.54, val0=117.838
[01/01/09 01:29:01.434] read(): n=0, m=0, label=0, msgSize=800
[01/01/09 01:29:01.434] read(): n=1, m=1, label=1, msgSize=800
[01/01/09 01:29:01.434] 	count=31, n_max=6, w_max = 75, val=117.593, val0=117.785
[01/01/09 01:29:01.554] read(): n=0, m=0, label=0, msgSize=800
[01/01/09 01:29:01.554] read(): n=1, m=1, label=1, msgSize=800
[01/01/09 01:29:01.554] 	count=32, n_max=7, w_max = 68, val=117.371, val0=117.503
[01/01/09 01:29:01.675] read(): n=0, m=0, label=0, msgSize=800
[01/01/09 01:29:01.675] read(): n=1, m=1, label=1, msgSize=800
[01/01/09 01:29:01.675] 	count=30, n_max=6, w_max = 84, val=117.402, val0=117.594
[01/01/09 01:29:01.795] read(): n=0, m=0, label=0, msgSize=800
[01/01/09 01:29:01.796] read(): n=1, m=1, label=1, msgSize=800
[01/01/09 01:29:01.796] 	count=30, n_max=0, w_max = 82, val=117.292, val0=117.276
[01/01/09 01:29:01.918] read(): n=0, m=0, label=0, msgSize=800
[01/01/09 01:29:01.918] read(): n=1, m=1, label=1, msgSize=800
[01/01/09 01:29:01.918] 	count=30, n_max=11, w_max = 70, val=117.43, val0=117.685
[01/01/09 01:29:02.038] read(): n=0, m=0, label=0, msgSize=800
[01/01/09 01:29:02.038] read(): n=1, m=1, label=1, msgSize=800
[01/01/09 01:29:02.039] 	count=32, n_max=15, w_max = 56, val=117.966, val0=118.202
[01/01/09 01:29:02.159] read(): n=0, m=0, label=0, msgSize=800
[01/01/09 01:29:02.159] read(): n=1, m=1, label=1, msgSize=800
[01/01/09 01:29:02.159] 	count=30, n_max=7, w_max = 61, val=117.25, val0=117.133
[01/01/09 01:29:02.280] read(): n=0, m=0, label=0, msgSize=800
[01/01/09 01:29:02.280] read(): n=1, m=1, label=1, msgSize=800
[01/01/09 01:29:02.280] 	count=31, n_max=6, w_max = 86, val=117.476, val0=117.683
[01/01/09 01:29:02.402] read(): n=0, m=0, label=0, msgSize=800
[01/01/09 01:29:02.402] read(): n=1, m=1, label=1, msgSize=800
[01/01/09 01:29:02.403] 	count=26, n_max=6, w_max = 69, val=117.505, val0=117.72
[01/01/09 01:29:02.526] read(): n=0, m=0, label=0, msgSize=800
[01/01/09 01:29:02.526] read(): n=1, m=1, label=1, msgSize=800
[01/01/09 01:29:02.526] 	count=31, n_max=0, w_max = 80, val=117.74, val0=118.039
[01/01/09 01:29:02.647] read(): n=0, m=0, label=0, msgSize=800
[01/01/09 01:29:02.647] read(): n=1, m=1, label=1, msgSize=800
[01/01/09 01:29:02.647] 	count=30, n_max=8, w_max = 67, val=117.376, val0=117.369
[01/01/09 01:29:02.767] read(): n=0, m=0, label=0, msgSize=800
[01/01/09 01:29:02.768] read(): n=1, m=1, label=1, msgSize=800
[01/01/09 01:29:02.768] 	count=30, n_max=5, w_max = 75, val=117.298, val0=117.243
[01/01/09 01:29:02.888] read(): n=0, m=0, label=0, msgSize=800
[01/01/09 01:29:02.888] read(): n=1, m=1, label=1, msgSize=800
[01/01/09 01:29:02.888] 	count=33, n_max=0, w_max = 72, val=117.23, val0=117.127
[01/01/09 01:29:03.008] read(): n=0, m=0, label=0, msgSize=800
[01/01/09 01:29:03.008] read(): n=1, m=1, label=1, msgSize=800
[01/01/09 01:29:03.008] 	count=30, n_max=8, w_max = 63, val=117.337, val0=117.339
[01/01/09 01:29:03.128] read(): n=0, m=0, label=0, msgSize=800
[01/01/09 01:29:03.128] read(): n=1, m=1, label=1, msgSize=800
[01/01/09 01:29:03.128] 	count=32, n_max=7, w_max = 73, val=117.549, val0=117.775
[01/01/09 01:29:03.248] read(): n=0, m=0, label=0, msgSize=800
[01/01/09 01:29:03.248] read(): n=1, m=1, label=1, msgSize=800
[01/01/09 01:29:03.248] 	count=31, n_max=8, w_max = 68, val=117.508, val0=117.595
[01/01/09 01:29:03.369] read(): n=0, m=0, label=0, msgSize=800
[01/01/09 01:29:03.369] read(): n=1, m=1, label=1, msgSize=800
[01/01/09 01:29:03.369] 	count=31, n_max=9, w_max = 63, val=117.397, val0=117.33
[01/01/09 01:29:03.490] read(): n=0, m=0, label=0, msgSize=800
[01/01/09 01:29:03.490] read(): n=1, m=1, label=1, msgSize=800
[01/01/09 01:29:03.490] 	count=29, n_max=8, w_max = 60, val=117.312, val0=117.193
[01/01/09 01:29:03.611] read(): n=0, m=0, label=0, msgSize=800
[01/01/09 01:29:03.611] read(): n=1, m=1, label=1, msgSize=800
[01/01/09 01:29:03.611] 	count=32, n_max=0, w_max = 85, val=117.433, val0=117.444
[01/01/09 01:29:03.733] read(): n=0, m=0, label=0, msgSize=800
[01/01/09 01:29:03.733] read(): n=1, m=1, label=1, msgSize=800
[01/01/09 01:29:03.733] 	count=35, n_max=7, w_max = 59, val=118.025, val0=118.252
[01/01/09 01:29:03.854] read(): n=0, m=0, label=0, msgSize=800
[01/01/09 01:29:03.854] read(): n=1, m=1, label=1, msgSize=800
[01/01/09 01:29:03.855] 	count=30, n_max=7, w_max = 69, val=117.695, val0=117.98
[01/01/09 01:29:03.974] read(): n=0, m=0, label=0, msgSize=800
[01/01/09 01:29:03.974] read(): n=1, m=1, label=1, msgSize=800
[01/01/09 01:29:03.974] 	count=36, n_max=8, w_max = 76, val=117.444, val0=117.49
[01/01/09 01:29:04.094] read(): n=0, m=0, label=0, msgSize=800
[01/01/09 01:29:04.094] read(): n=1, m=1, label=1, msgSize=800
[01/01/09 01:29:04.095] 	count=35, n_max=7, w_max = 71, val=117.65, val0=117.988
[01/01/09 01:29:04.215] read(): n=0, m=0, label=0, msgSize=800
[01/01/09 01:29:04.215] read(): n=1, m=1, label=1, msgSize=800
[01/01/09 01:29:04.215] 	count=28, n_max=3, w_max = 81, val=117.443, val0=117.494
[01/01/09 01:29:04.335] read(): n=0, m=0, label=0, msgSize=800
[01/01/09 01:29:04.335] read(): n=1, m=1, label=1, msgSize=800
[01/01/09 01:29:04.335] 	count=33, n_max=1, w_max = 77, val=117.377, val0=117.426
[01/01/09 01:29:04.456] read(): n=0, m=0, label=0, msgSize=800
[01/01/09 01:29:04.456] read(): n=1, m=1, label=1, msgSize=800
[01/01/09 01:29:04.456] 	count=30, n_max=0, w_max = 77, val=117.34, val0=117.238
[01/01/09 01:29:04.576] read(): n=0, m=0, label=0, msgSize=800
[01/01/09 01:29:04.576] read(): n=1, m=1, label=1, msgSize=800
[01/01/09 01:29:04.576] 	count=30, n_max=11, w_max = 63, val=117.238, val0=117.134
[01/01/09 01:29:04.696] read(): n=0, m=0, label=0, msgSize=800
[01/01/09 01:29:04.697] read(): n=1, m=1, label=1, msgSize=800
[01/01/09 01:29:04.697] 	count=30, n_max=8, w_max = 71, val=117.616, val0=117.92
[01/01/09 01:29:04.817] read(): n=0, m=0, label=0, msgSize=800
[01/01/09 01:29:04.817] read(): n=1, m=1, label=1, msgSize=800
[01/01/09 01:29:04.817] 	count=31, n_max=9, w_max = 71, val=117.57, val0=117.869
[01/01/09 01:29:04.936] read(): n=0, m=0, label=0, msgSize=800
[01/01/09 01:29:04.936] read(): n=1, m=1, label=1, msgSize=800
[01/01/09 01:29:04.936] 	count=29, n_max=8, w_max = 71, val=117.599, val0=117.854
[01/01/09 01:29:05.056] read(): n=0, m=0, label=0, msgSize=800
[01/01/09 01:29:05.056] read(): n=1, m=1, label=1, msgSize=800
[01/01/09 01:29:05.057] 	count=33, n_max=7, w_max = 69, val=117.47, val0=117.552
[01/01/09 01:29:05.177] read(): n=0, m=0, label=0, msgSize=800
[01/01/09 01:29:05.177] read(): n=1, m=1, label=1, msgSize=800
[01/01/09 01:29:05.177] 	count=33, n_max=8, w_max = 61, val=117.248, val0=117.139
[01/01/09 01:29:05.297] read(): n=0, m=0, label=0, msgSize=800
[01/01/09 01:29:05.297] read(): n=1, m=1, label=1, msgSize=800
[01/01/09 01:29:05.297] 	count=29, n_max=2, w_max = 85, val=117.528, val0=117.628
[01/01/09 01:29:05.418] read(): n=0, m=0, label=0, msgSize=800
[01/01/09 01:29:05.418] read(): n=1, m=1, label=1, msgSize=800
[01/01/09 01:29:05.418] 	count=26, n_max=1, w_max = 75, val=117.334, val0=117.243
[01/01/09 01:29:05.538] read(): n=0, m=0, label=0, msgSize=800
[01/01/09 01:29:05.538] read(): n=1, m=1, label=1, msgSize=800
[01/01/09 01:29:05.538] 	count=32, n_max=0, w_max = 73, val=117.335, val0=117.305
[01/01/09 01:29:05.659] read(): n=0, m=0, label=0, msgSize=800
[01/01/09 01:29:05.659] read(): n=1, m=1, label=1, msgSize=800
[01/01/09 01:29:05.659] 	count=33, n_max=12, w_max = 72, val=117.596, val0=117.873
[01/01/09 01:29:05.779] read(): n=0, m=0, label=0, msgSize=800
[01/01/09 01:29:05.779] read(): n=1, m=1, label=1, msgSize=800
[01/01/09 01:29:05.779] 	count=31, n_max=8, w_max = 69, val=117.456, val0=117.618
[01/01/09 01:29:05.900] read(): n=0, m=0, label=0, msgSize=800
[01/01/09 01:29:05.900] read(): n=1, m=1, label=1, msgSize=800
[01/01/09 01:29:05.900] 	count=29, n_max=7, w_max = 65, val=117.349, val0=117.396
[01/01/09 01:29:06.021] read(): n=0, m=0, label=0, msgSize=800
[01/01/09 01:29:06.021] read(): n=1, m=1, label=1, msgSize=800
[01/01/09 01:29:06.021] 	count=32, n_max=3, w_max = 81, val=117.36, val0=117.306
[01/01/09 01:29:06.143] read(): n=0, m=0, label=0, msgSize=800
[01/01/09 01:29:06.143] read(): n=1, m=1, label=1, msgSize=800
[01/01/09 01:29:06.143] 	count=30, n_max=7, w_max = 60, val=117.308, val0=117.251
[01/01/09 01:29:06.264] read(): n=0, m=0, label=0, msgSize=800
[01/01/09 01:29:06.264] read(): n=1, m=1, label=1, msgSize=800
[01/01/09 01:29:06.264] 	count=33, n_max=10, w_max = 61, val=117.329, val0=117.279
[01/01/09 01:29:06.384] read(): n=0, m=0, label=0, msgSize=800
[01/01/09 01:29:06.384] read(): n=1, m=1, label=1, msgSize=800
[01/01/09 01:29:06.384] 	count=31, n_max=7, w_max = 71, val=117.648, val0=117.969
[01/01/09 01:29:06.504] read(): n=0, m=0, label=0, msgSize=800
[01/01/09 01:29:06.504] read(): n=1, m=1, label=1, msgSize=800
[01/01/09 01:29:06.504] 	count=32, n_max=8, w_max = 77, val=117.667, val0=117.786
[01/01/09 01:29:06.625] read(): n=0, m=0, label=0, msgSize=800
[01/01/09 01:29:06.625] read(): n=1, m=1, label=1, msgSize=800
[01/01/09 01:29:06.625] 	count=28, n_max=7, w_max = 66, val=117.821, val0=118.142
[01/01/09 01:29:06.746] read(): n=0, m=0, label=0, msgSize=800
[01/01/09 01:29:06.746] read(): n=1, m=1, label=1, msgSize=800
[01/01/09 01:29:06.746] 	count=30, n_max=1, w_max = 88, val=117.522, val0=117.734
[01/01/09 01:29:06.866] read(): n=0, m=0, label=0, msgSize=800
[01/01/09 01:29:06.866] read(): n=1, m=1, label=1, msgSize=800
[01/01/09 01:29:06.867] 	count=33, n_max=14, w_max = 69, val=117.713, val0=118.019
[01/01/09 01:29:06.987] read(): n=0, m=0, label=0, msgSize=800
[01/01/09 01:29:06.987] read(): n=1, m=1, label=1, msgSize=800
[01/01/09 01:29:06.987] 	count=30, n_max=7, w_max = 70, val=117.763, val0=118.075
[01/01/09 01:29:07.107] read(): n=0, m=0, label=0, msgSize=800
[01/01/09 01:29:07.107] read(): n=1, m=1, label=1, msgSize=800
[01/01/09 01:29:07.107] 	count=27, n_max=7, w_max = 80, val=117.731, val0=117.985
[01/01/09 01:29:07.227] read(): n=0, m=0, label=0, msgSize=800
[01/01/09 01:29:07.227] read(): n=1, m=1, label=1, msgSize=800
[01/01/09 01:29:07.227] 	count=30, n_max=7, w_max = 83, val=117.581, val0=117.775
[01/01/09 01:29:07.348] read(): n=0, m=0, label=0, msgSize=800
[01/01/09 01:29:07.348] read(): n=1, m=1, label=1, msgSize=800
[01/01/09 01:29:07.348] 	count=31, n_max=7, w_max = 83, val=117.529, val0=117.645
[01/01/09 01:29:07.469] read(): n=0, m=0, label=0, msgSize=800
[01/01/09 01:29:07.469] read(): n=1, m=1, label=1, msgSize=800
[01/01/09 01:29:07.469] 	count=28, n_max=13, w_max = 67, val=117.811, val0=118.134
[01/01/09 01:29:07.589] read(): n=0, m=0, label=0, msgSize=800
[01/01/09 01:29:07.590] read(): n=1, m=1, label=1, msgSize=800
[01/01/09 01:29:07.590] 	count=31, n_max=9, w_max = 68, val=117.658, val0=117.744
[01/01/09 01:29:07.711] read(): n=0, m=0, label=0, msgSize=800
[01/01/09 01:29:07.711] read(): n=1, m=1, label=1, msgSize=800
[01/01/09 01:29:07.711] 	count=34, n_max=8, w_max = 87, val=117.798, val0=118.068
[01/01/09 01:29:07.833] read(): n=0, m=0, label=0, msgSize=800
[01/01/09 01:29:07.833] read(): n=1, m=1, label=1, msgSize=800
[01/01/09 01:29:07.833] 	count=32, n_max=12, w_max = 70, val=117.533, val0=117.65
[01/01/09 01:29:07.953] read(): n=0, m=0, label=0, msgSize=800
[01/01/09 01:29:07.953] read(): n=1, m=1, label=1, msgSize=800
[01/01/09 01:29:07.954] 	count=32, n_max=0, w_max = 80, val=117.447, val0=117.367
[01/01/09 01:29:08.074] read(): n=0, m=0, label=0, msgSize=800
[01/01/09 01:29:08.074] read(): n=1, m=1, label=1, msgSize=800
[01/01/09 01:29:08.075] 	count=30, n_max=10, w_max = 67, val=117.819, val0=118.14
[01/01/09 01:29:08.196] read(): n=0, m=0, label=0, msgSize=800
[01/01/09 01:29:08.196] read(): n=1, m=1, label=1, msgSize=800
[01/01/09 01:29:08.196] 	count=31, n_max=8, w_max = 80, val=117.568, val0=117.65
[01/01/09 01:29:08.316] read(): n=0, m=0, label=0, msgSize=800
[01/01/09 01:29:08.316] read(): n=1, m=1, label=1, msgSize=800
[01/01/09 01:29:08.317] 	count=29, n_max=0, w_max = 75, val=117.369, val0=117.308
[01/01/09 01:29:08.437] read(): n=0, m=0, label=0, msgSize=800
[01/01/09 01:29:08.437] read(): n=1, m=1, label=1, msgSize=800
[01/01/09 01:29:08.437] 	count=30, n_max=7, w_max = 71, val=117.626, val0=117.762
[01/01/09 01:29:08.557] read(): n=0, m=0, label=0, msgSize=800
[01/01/09 01:29:08.557] read(): n=1, m=1, label=1, msgSize=800
[01/01/09 01:29:08.557] 	count=33, n_max=7, w_max = 75, val=117.698, val0=117.954
[01/01/09 01:29:08.677] read(): n=0, m=0, label=0, msgSize=800
[01/01/09 01:29:08.677] read(): n=1, m=1, label=1, msgSize=800
[01/01/09 01:29:08.677] 	count=32, n_max=7, w_max = 75, val=117.524, val0=117.478
[01/01/09 01:29:08.797] read(): n=0, m=0, label=0, msgSize=800
[01/01/09 01:29:08.797] read(): n=1, m=1, label=1, msgSize=800
[01/01/09 01:29:08.797] 	count=32, n_max=7, w_max = 82, val=117.467, val0=117.542
[01/01/09 01:29:08.916] read(): n=0, m=0, label=0, msgSize=800
[01/01/09 01:29:08.916] read(): n=1, m=1, label=1, msgSize=800
[01/01/09 01:29:08.917] 	count=32, n_max=9, w_max = 63, val=117.439, val0=117.368
[01/01/09 01:29:09.037] read(): n=0, m=0, label=0, msgSize=800
[01/01/09 01:29:09.037] read(): n=1, m=1, label=1, msgSize=800
[01/01/09 01:29:09.037] 	count=31, n_max=7, w_max = 72, val=117.735, val0=118.044
[01/01/09 01:29:09.157] read(): n=0, m=0, label=0, msgSize=800
[01/01/09 01:29:09.157] read(): n=1, m=1, label=1, msgSize=800
[01/01/09 01:29:09.157] 	count=32, n_max=8, w_max = 65, val=117.548, val0=117.571
[01/01/09 01:29:09.278] read(): n=0, m=0, label=0, msgSize=800
[01/01/09 01:29:09.278] read(): n=1, m=1, label=1, msgSize=800
[01/01/09 01:29:09.278] 	count=33, n_max=8, w_max = 73, val=117.435, val0=117.312
[01/01/09 01:29:09.398] read(): n=0, m=0, label=0, msgSize=800
[01/01/09 01:29:09.398] read(): n=1, m=1, label=1, msgSize=800
[01/01/09 01:29:09.398] 	count=31, n_max=2, w_max = 78, val=117.437, val0=117.419
[01/01/09 01:29:09.518] read(): n=0, m=0, label=0, msgSize=800
[01/01/09 01:29:09.518] read(): n=1, m=1, label=1, msgSize=800
[01/01/09 01:29:09.518] 	count=27, n_max=1, w_max = 88, val=117.656, val0=117.841
[01/01/09 01:29:09.638] read(): n=0, m=0, label=0, msgSize=800
[01/01/09 01:29:09.638] read(): n=1, m=1, label=1, msgSize=800
[01/01/09 01:29:09.638] 	count=31, n_max=0, w_max = 73, val=117.364, val0=117.132
[01/01/09 01:29:09.759] read(): n=0, m=0, label=0, msgSize=800
[01/01/09 01:29:09.759] read(): n=1, m=1, label=1, msgSize=800
[01/01/09 01:29:09.759] 	count=31, n_max=14, w_max = 70, val=117.813, val0=118.164
[01/01/09 01:29:09.879] read(): n=0, m=0, label=0, msgSize=800
[01/01/09 01:29:09.879] read(): n=1, m=1, label=1, msgSize=800
[01/01/09 01:29:09.879] 	count=30, n_max=7, w_max = 71, val=117.578, val0=117.74
[01/01/09 01:29:10.001] read(): n=0, m=0, label=0, msgSize=800
[01/01/09 01:29:10.001] read(): n=1, m=1, label=1, msgSize=800
[01/01/09 01:29:10.001] 	count=26, n_max=7, w_max = 81, val=117.698, val0=117.902
[01/01/09 01:29:10.123] read(): n=0, m=0, label=0, msgSize=800
[01/01/09 01:29:10.123] read(): n=1, m=1, label=1, msgSize=800
[01/01/09 01:29:10.123] 	count=28, n_max=8, w_max = 67, val=117.464, val0=117.466
[01/01/09 01:29:10.243] read(): n=0, m=0, label=0, msgSize=800
[01/01/09 01:29:10.243] read(): n=1, m=1, label=1, msgSize=800
[01/01/09 01:29:10.243] 	count=29, n_max=1, w_max = 81, val=117.566, val0=117.696
[01/01/09 01:29:10.365] read(): n=0, m=0, label=0, msgSize=800
[01/01/09 01:29:10.365] read(): n=1, m=1, label=1, msgSize=800
[01/01/09 01:29:10.365] 	count=32, n_max=0, w_max = 75, val=117.463, val0=117.514
[01/01/09 01:29:10.486] read(): n=0, m=0, label=0, msgSize=800
[01/01/09 01:29:10.486] read(): n=1, m=1, label=1, msgSize=800
[01/01/09 01:29:10.486] 	count=31, n_max=0, w_max = 84, val=117.525, val0=117.716
[01/01/09 01:29:10.606] read(): n=0, m=0, label=0, msgSize=800
[01/01/09 01:29:10.606] read(): n=1, m=1, label=1, msgSize=800
[01/01/09 01:29:10.606] 	count=34, n_max=0, w_max = 82, val=117.367, val0=117.304
[01/01/09 01:29:10.727] read(): n=0, m=0, label=0, msgSize=800
[01/01/09 01:29:10.727] read(): n=1, m=1, label=1, msgSize=800
[01/01/09 01:29:10.727] 	count=30, n_max=0, w_max = 85, val=117.606, val0=117.764
[01/01/09 01:29:10.915] resources: ut=0.18 st=0.02
[01/01/09 01:29:10.915] log finished
