[01/01/09 01:28:32.048] log started
[01/01/09 01:28:32.048] 	[  ]
[01/01/09 01:28:32.048] 	interface = plugins_threads
[01/01/09 01:28:32.049] 	log:path = 
[01/01/09 01:28:32.049] 	log:size = 
[01/01/09 01:28:32.049] 	log:type = 
[01/01/09 01:28:32.049] 	name = PluginsThreads
[01/01/09 01:28:32.049] 	sym = plugins_threads
[01/01/09 01:28:32.049] 	vendor = Spectechnika
[01/01/09 01:28:33.970] start in thread sym = bus_5556
[01/01/09 01:28:33.970] start in thread sym = bus_5515
[01/01/09 01:28:33.970] start in thread sym = bus_4001
[01/01/09 01:28:33.970] start in thread sym = bus_4002
[01/01/09 01:28:33.971] start in thread sym = bus_4003
[01/01/09 01:28:33.971] start in thread sym = bus_4004
[01/01/09 01:28:33.971] start in thread sym = bus_4005
[01/01/09 01:28:33.971] start in thread sym = bus_4006
[01/01/09 01:28:33.971] start in thread sym = bus_4013
[01/01/09 01:28:33.971] start in thread sym = bus_4007
[01/01/09 01:28:33.971] start in thread sym = bus_4008
[01/01/09 01:28:33.972] start in thread sym = bus_4009
[01/01/09 01:28:33.972] start in thread sym = bus_4011
[01/01/09 01:28:33.972] start in thread sym = bus_4012
[01/01/09 01:28:33.972] start in thread sym = bus_4014
[01/01/09 01:28:33.972] start in thread sym = bus_4015
[01/01/09 01:28:33.972] start in thread sym = bus_4010
[01/01/09 01:28:33.972] start in thread sym = bus_4016
[01/01/09 01:28:33.972] start in thread sym = bus_daq_1
[01/01/09 01:28:33.973] start in thread sym = bus_8888
[01/01/09 01:28:33.973] start in thread sym = bus_8887
[01/01/09 01:28:38.973] init(): query thread id's
[01/01/09 01:28:38.973] 	2813 => bus_5556
[01/01/09 01:28:38.973] 	2814 => bus_5515
[01/01/09 01:28:38.973] 	2815 => bus_4001
[01/01/09 01:28:38.973] 	2816 => bus_4002
[01/01/09 01:28:38.973] 	2817 => bus_4003
[01/01/09 01:28:38.973] 	2818 => bus_4004
[01/01/09 01:28:38.974] 	2819 => bus_4005
[01/01/09 01:28:38.974] 	2820 => bus_4006
[01/01/09 01:28:38.974] 	2821 => bus_4013
[01/01/09 01:28:38.974] 	2822 => bus_4007
[01/01/09 01:28:38.974] 	2823 => bus_4008
[01/01/09 01:28:38.974] 	2824 => bus_4009
[01/01/09 01:28:38.974] 	2825 => bus_4011
[01/01/09 01:28:38.974] 	2826 => bus_4012
[01/01/09 01:28:38.974] 	2827 => bus_4014
[01/01/09 01:28:38.975] 	2828 => bus_4015
[01/01/09 01:28:38.975] 	2829 => bus_4010
[01/01/09 01:28:38.975] 	2830 => bus_4016
[01/01/09 01:28:38.975] 	2831 => bus_daq_1
[01/01/09 01:28:38.975] 	2832 => bus_8888
[01/01/09 01:28:38.975] 	2833 => bus_8887
[01/01/09 01:28:38.975] init(): created threads 21 normal, 0 protected
[01/01/09 01:29:10.883] resources: ut=0.18 st=0.02
[01/01/09 01:29:10.883] log finished
