[01/01/09 01:33:07.307] log started
[01/01/09 01:33:07.307] 	[ BusInterface ]
[01/01/09 01:33:07.307] 	cycle = 20
[01/01/09 01:33:07.307] 	delayWriteTime = 6
[01/01/09 01:33:07.307] 	href = cout_4005
[01/01/09 01:33:07.308] 	interface = ethernet
[01/01/09 01:33:07.308] 	localAddr = 10.0.0.1
[01/01/09 01:33:07.308] 	localPort = 4005
[01/01/09 01:33:07.308] 	log:path = 
[01/01/09 01:33:07.308] 	log:size = 
[01/01/09 01:33:07.308] 	log:type = info
[01/01/09 01:33:07.308] 	name = TCP/UDP/UnixSocket Network Bus
[01/01/09 01:33:07.308] 	protocol = udp
[01/01/09 01:33:07.308] 	remoteAddr = 10.0.0.2
[01/01/09 01:33:07.308] 	remotePort = 4005
[01/01/09 01:33:07.308] 	sym = bus_4005
[01/01/09 01:33:07.308] 	type = ethernet
[01/01/09 01:33:07.308] 	vendor = Spetstekhnika
[01/01/09 01:33:07.308] 	writeDelay = async
[01/01/09 01:33:07.308] tid = 6411
[01/01/09 01:33:07.346] udp connection started (cycle=20, receive size=10240)
[01/01/09 01:33:07.346] 	local  = 10.0.0.1:4005
[01/01/09 01:33:07.346] 	remote = 10.0.0.2:4005
[01/01/09 01:33:07.346] 	SO_RCVBUF = 63488
[01/01/09 01:33:07.346] 	SO_SNDBUF = 63488
[01/01/09 01:33:07.365] send: [2b: 32 47]
[01/01/09 01:33:07.371] 	recv: [2b: 32 47]
[01/01/09 01:33:07.386] send: [2b: 33 47]
[01/01/09 01:33:07.391] 	recv: [2b: 33 47]
[01/01/09 01:33:07.405] send: [2b: 31 47]
[01/01/09 01:33:07.410] 	recv: [2b: 31 47]
[01/01/09 01:33:07.425] send: [5b: 32 71 13 00 64]
[01/01/09 01:33:07.430] 	recv: [3b: 32 71 13]
[01/01/09 01:33:07.445] send: [5b: 33 71 13 13 24]
[01/01/09 01:33:07.450] 	recv: [3b: 33 71 13]
[01/01/09 01:33:07.465] send: [5b: 31 71 13 00 64]
[01/01/09 01:33:07.470] 	recv: [3b: 31 71 13]
[01/01/09 01:33:07.485] send: [5b: 32 71 12 00 14]
[01/01/09 01:33:07.490] 	recv: [3b: 32 71 12]
[01/01/09 01:33:07.504] send: [5b: 33 71 12 0F 3C]
[01/01/09 01:33:07.509] 	recv: [3b: 33 71 12]
[01/01/09 01:33:07.525] send: [5b: 31 71 12 00 14]
[01/01/09 01:33:07.532] 	recv: [3b: 31 71 12]
[01/01/09 01:33:07.545] send: [4b: 32 71 14 0B]
[01/01/09 01:33:07.552] 	recv: [3b: 32 71 14]
[01/01/09 01:33:07.563] send: [4b: 33 71 14 C9]
[01/01/09 01:33:07.570] 	recv: [3b: 33 71 14]
[01/01/09 01:33:07.586] send: [4b: 31 71 14 0B]
[01/01/09 01:33:07.592] 	recv: [3b: 31 71 14]
[01/01/09 01:33:07.603] send: [4b: 32 71 15 32]
[01/01/09 01:33:07.610] 	recv: [3b: 32 71 15]
[01/01/09 01:33:07.624] send: [4b: 33 71 15 28]
[01/01/09 01:33:07.631] 	recv: [3b: 33 71 15]
[01/01/09 01:33:07.644] send: [4b: 31 71 15 32]
[01/01/09 01:33:07.649] 	recv: [3b: 31 71 15]
[01/01/09 01:33:07.664] send: [6b: 32 42 00 00 01 90]
[01/01/09 01:33:07.669] 	recv: [2b: 32 42]
[01/01/09 01:33:07.684] send: [6b: 33 42 00 00 0B 54]
[01/01/09 01:33:07.691] 	recv: [2b: 33 42]
[01/01/09 01:33:07.704] send: [6b: 31 42 FF FF FE 52]
[01/01/09 01:33:07.712] 	recv: [2b: 31 42]
[01/01/09 01:33:07.725] send: [3b: 32 72 01]
[01/01/09 01:33:07.731] 	recv: [4b: 32 72 01 05]
[01/01/09 01:33:07.744] send: [3b: 33 72 01]
[01/01/09 01:33:07.750] 	recv: [4b: 33 72 01 05]
[01/01/09 01:33:07.757] send: [3b: 31 72 01]
[01/01/09 01:33:07.762] 	recv: [4b: 31 72 01 85]
[01/01/09 01:33:07.774] send: [3b: 32 72 01]
[01/01/09 01:33:07.780] 	recv: [4b: 32 72 01 05]
[01/01/09 01:33:07.795] send: [3b: 33 72 01]
[01/01/09 01:33:07.800] 	recv: [4b: 33 72 01 05]
[01/01/09 01:33:07.814] send: [3b: 31 72 01]
[01/01/09 01:33:07.819] 	recv: [4b: 31 72 01 85]
[01/01/09 01:33:07.833] send: [3b: 32 72 01]
[01/01/09 01:33:07.839] 	recv: [4b: 32 72 01 05]
[01/01/09 01:33:07.853] send: [3b: 33 72 01]
[01/01/09 01:33:07.860] 	recv: [4b: 33 72 01 05]
[01/01/09 01:33:07.875] send: [3b: 31 72 01]
[01/01/09 01:33:07.881] 	recv: [4b: 31 72 01 85]
[01/01/09 01:33:07.894] send: [3b: 32 72 01]
[01/01/09 01:33:07.901] 	recv: [4b: 32 72 01 05]
[01/01/09 01:33:07.914] send: [3b: 33 72 01]
[01/01/09 01:33:07.920] 	recv: [4b: 33 72 01 05]
[01/01/09 01:33:07.934] send: [3b: 31 72 01]
[01/01/09 01:33:07.940] 	recv: [4b: 31 72 01 85]
[01/01/09 01:33:07.953] send: [3b: 32 72 01]
[01/01/09 01:33:07.958] 	recv: [4b: 32 72 01 05]
[01/01/09 01:33:07.973] send: [3b: 33 72 01]
[01/01/09 01:33:07.979] 	recv: [4b: 33 72 01 05]
[01/01/09 01:33:07.996] send: [3b: 31 72 01]
[01/01/09 01:33:08.001] 	recv: [4b: 31 72 01 85]
[01/01/09 01:33:08.013] send: [3b: 32 72 01]
[01/01/09 01:33:08.020] 	recv: [4b: 32 72 01 05]
[01/01/09 01:33:08.034] send: [3b: 33 72 01]
[01/01/09 01:33:08.040] 	recv: [4b: 33 72 01 05]
[01/01/09 01:33:08.056] send: [3b: 31 72 01]
[01/01/09 01:33:08.062] 	recv: [4b: 31 72 01 85]
[01/01/09 01:33:08.074] send: [3b: 32 72 01]
[01/01/09 01:33:08.080] 	recv: [4b: 32 72 01 05]
[01/01/09 01:33:08.094] send: [3b: 33 72 01]
[01/01/09 01:33:08.101] 	recv: [4b: 33 72 01 05]
[01/01/09 01:33:08.114] send: [3b: 31 72 01]
[01/01/09 01:33:08.120] 	recv: [4b: 31 72 01 85]
[01/01/09 01:33:08.135] send: [3b: 32 72 01]
[01/01/09 01:33:08.141] 	recv: [4b: 32 72 01 05]
[01/01/09 01:33:08.155] send: [3b: 33 72 01]
[01/01/09 01:33:08.162] 	recv: [4b: 33 72 01 05]
[01/01/09 01:33:08.175] send: [3b: 31 72 01]
[01/01/09 01:33:08.182] 	recv: [4b: 31 72 01 85]
[01/01/09 01:33:08.195] send: [3b: 32 72 01]
[01/01/09 01:33:08.201] 	recv: [4b: 32 72 01 05]
[01/01/09 01:33:08.215] send: [3b: 33 72 01]
[01/01/09 01:33:08.221] 	recv: [4b: 33 72 01 05]
[01/01/09 01:33:08.236] send: [3b: 31 72 01]
[01/01/09 01:33:08.242] 	recv: [4b: 31 72 01 85]
[01/01/09 01:33:08.255] send: [3b: 32 72 01]
[01/01/09 01:33:08.261] 	recv: [4b: 32 72 01 05]
[01/01/09 01:33:08.274] send: [3b: 33 72 01]
[01/01/09 01:33:08.280] 	recv: [4b: 33 72 01 05]
[01/01/09 01:33:08.293] send: [3b: 31 72 01]
[01/01/09 01:33:08.299] 	recv: [4b: 31 72 01 85]
[01/01/09 01:33:08.314] send: [3b: 32 72 01]
[01/01/09 01:33:08.320] 	recv: [4b: 32 72 01 05]
[01/01/09 01:33:08.334] send: [3b: 33 72 01]
[01/01/09 01:33:08.339] 	recv: [4b: 33 72 01 00]
[01/01/09 01:33:08.348] send: [3b: 31 72 01]
[01/01/09 01:33:08.356] send: [3b: 31 72 01]
[01/01/09 01:33:08.358] 	recv: [4b: 31 72 01 85]
[01/01/09 01:33:08.365] 	recv: [4b: 31 72 01 85]
[01/01/09 01:33:08.383] send: [3b: 32 72 01]
[01/01/09 01:33:08.388] 	recv: [4b: 32 72 01 05]
[01/01/09 01:33:08.395] send: [3b: 33 72 02]
[01/01/09 01:33:08.401] 	recv: [4b: 33 72 02 03]
[01/01/09 01:33:08.417] send: [3b: 31 72 01]
[01/01/09 01:33:08.423] 	recv: [4b: 31 72 01 85]
[01/01/09 01:33:08.436] send: [3b: 32 72 01]
[01/01/09 01:33:08.443] 	recv: [4b: 32 72 01 05]
[01/01/09 01:33:08.456] send: [3b: 31 72 01]
[01/01/09 01:33:08.462] 	recv: [4b: 31 72 01 85]
[01/01/09 01:33:08.474] send: [3b: 32 72 01]
[01/01/09 01:33:08.481] 	recv: [4b: 32 72 01 05]
[01/01/09 01:33:08.494] send: [3b: 33 44 80]
[01/01/09 01:33:08.500] 	recv: [2b: 33 44]
[01/01/09 01:33:08.515] send: [3b: 31 72 01]
[01/01/09 01:33:08.523] 	recv: [4b: 31 72 01 85]
[01/01/09 01:33:08.534] send: [3b: 32 72 01]
[01/01/09 01:33:08.541] 	recv: [4b: 32 72 01 05]
[01/01/09 01:33:08.554] send: [3b: 33 72 01]
[01/01/09 01:33:08.560] 	recv: [4b: 33 72 01 89]
[01/01/09 01:33:08.574] send: [3b: 31 72 01]
[01/01/09 01:33:08.580] 	recv: [4b: 31 72 01 85]
[01/01/09 01:33:08.594] send: [3b: 32 72 01]
[01/01/09 01:33:08.599] 	recv: [4b: 32 72 01 05]
[01/01/09 01:33:08.614] send: [3b: 33 72 02]
[01/01/09 01:33:08.620] 	recv: [4b: 33 72 02 03]
[01/01/09 01:33:08.633] send: [3b: 31 72 01]
[01/01/09 01:33:08.640] 	recv: [4b: 31 72 01 85]
[01/01/09 01:33:08.654] send: [3b: 32 72 01]
[01/01/09 01:33:08.661] 	recv: [4b: 32 72 01 05]
[01/01/09 01:33:08.674] send: [3b: 33 72 02]
[01/01/09 01:33:08.681] 	recv: [4b: 33 72 02 03]
[01/01/09 01:33:08.694] send: [3b: 31 72 01]
[01/01/09 01:33:08.700] 	recv: [4b: 31 72 01 85]
[01/01/09 01:33:08.714] send: [3b: 32 72 01]
[01/01/09 01:33:08.721] 	recv: [4b: 32 72 01 05]
[01/01/09 01:33:08.734] send: [3b: 33 72 02]
[01/01/09 01:33:08.740] 	recv: [4b: 33 72 02 03]
[01/01/09 01:33:08.754] send: [3b: 31 72 01]
[01/01/09 01:33:08.760] 	recv: [4b: 31 72 01 85]
[01/01/09 01:33:08.773] send: [3b: 32 72 01]
[01/01/09 01:33:08.779] 	recv: [4b: 32 72 01 05]
[01/01/09 01:33:08.794] send: [3b: 33 72 02]
[01/01/09 01:33:08.800] 	recv: [4b: 33 72 02 03]
[01/01/09 01:33:08.814] send: [3b: 31 72 01]
[01/01/09 01:33:08.820] 	recv: [4b: 31 72 01 85]
[01/01/09 01:33:08.834] send: [3b: 32 72 01]
[01/01/09 01:33:08.840] 	recv: [4b: 32 72 01 05]
[01/01/09 01:33:08.853] send: [3b: 33 72 02]
[01/01/09 01:33:08.858] 	recv: [4b: 33 72 02 03]
[01/01/09 01:33:08.874] send: [3b: 31 72 01]
[01/01/09 01:33:08.880] 	recv: [4b: 31 72 01 85]
[01/01/09 01:33:08.893] send: [3b: 32 72 01]
[01/01/09 01:33:08.900] 	recv: [4b: 32 72 01 05]
[01/01/09 01:33:08.914] send: [3b: 33 72 02]
[01/01/09 01:33:08.921] 	recv: [4b: 33 72 02 03]
[01/01/09 01:33:08.933] send: [3b: 31 72 01]
[01/01/09 01:33:08.938] 	recv: [4b: 31 72 01 85]
[01/01/09 01:33:08.954] send: [3b: 32 72 01]
[01/01/09 01:33:08.960] 	recv: [4b: 32 72 01 05]
[01/01/09 01:33:08.974] send: [3b: 33 72 02]
[01/01/09 01:33:08.980] 	recv: [4b: 33 72 02 03]
[01/01/09 01:33:08.993] send: [3b: 31 72 01]
[01/01/09 01:33:08.999] 	recv: [4b: 31 72 01 85]
[01/01/09 01:33:09.014] send: [3b: 32 72 01]
[01/01/09 01:33:09.020] 	recv: [4b: 32 72 01 05]
[01/01/09 01:33:09.034] send: [3b: 33 72 02]
[01/01/09 01:33:09.040] 	recv: [4b: 33 72 02 03]
[01/01/09 01:33:09.054] send: [3b: 31 72 01]
[01/01/09 01:33:09.059] 	recv: [4b: 31 72 01 85]
[01/01/09 01:33:09.074] send: [3b: 32 72 01]
[01/01/09 01:33:09.080] 	recv: [4b: 32 72 01 05]
[01/01/09 01:33:09.093] send: [3b: 33 72 02]
[01/01/09 01:33:09.100] 	recv: [4b: 33 72 02 03]
[01/01/09 01:33:09.114] send: [3b: 31 72 01]
[01/01/09 01:33:09.120] 	recv: [4b: 31 72 01 85]
[01/01/09 01:33:09.133] send: [3b: 32 72 01]
[01/01/09 01:33:09.139] 	recv: [4b: 32 72 01 05]
[01/01/09 01:33:09.153] send: [3b: 33 72 02]
[01/01/09 01:33:09.159] 	recv: [4b: 33 72 02 03]
[01/01/09 01:33:09.175] send: [3b: 31 72 01]
[01/01/09 01:33:09.181] 	recv: [4b: 31 72 01 85]
[01/01/09 01:33:09.194] send: [3b: 32 72 01]
[01/01/09 01:33:09.200] 	recv: [4b: 32 72 01 05]
[01/01/09 01:33:09.213] send: [3b: 33 72 02]
[01/01/09 01:33:09.220] 	recv: [4b: 33 72 02 03]
[01/01/09 01:33:09.233] send: [3b: 31 72 01]
[01/01/09 01:33:09.240] 	recv: [4b: 31 72 01 85]
[01/01/09 01:33:09.256] send: [3b: 32 72 01]
[01/01/09 01:33:09.262] 	recv: [4b: 32 72 01 05]
[01/01/09 01:33:09.273] send: [3b: 33 72 02]
[01/01/09 01:33:09.280] 	recv: [4b: 33 72 02 03]
[01/01/09 01:33:09.294] send: [3b: 31 72 01]
[01/01/09 01:33:09.301] 	recv: [4b: 31 72 01 85]
[01/01/09 01:33:09.314] send: [3b: 32 72 01]
[01/01/09 01:33:09.321] 	recv: [4b: 32 72 01 05]
[01/01/09 01:33:09.335] send: [3b: 33 72 02]
[01/01/09 01:33:09.341] 	recv: [4b: 33 72 02 03]
[01/01/09 01:33:09.353] send: [3b: 31 72 01]
[01/01/09 01:33:09.359] 	recv: [4b: 31 72 01 85]
[01/01/09 01:33:09.375] send: [3b: 32 72 01]
[01/01/09 01:33:09.381] 	recv: [4b: 32 72 01 05]
[01/01/09 01:33:09.394] send: [3b: 33 72 02]
[01/01/09 01:33:09.400] 	recv: [4b: 33 72 02 03]
[01/01/09 01:33:09.415] send: [3b: 31 72 01]
[01/01/09 01:33:09.420] 	recv: [4b: 31 72 01 85]
[01/01/09 01:33:09.433] send: [3b: 32 72 01]
[01/01/09 01:33:09.440] 	recv: [4b: 32 72 01 05]
[01/01/09 01:33:09.454] send: [3b: 33 72 02]
[01/01/09 01:33:09.461] 	recv: [4b: 33 72 02 03]
[01/01/09 01:33:09.474] send: [3b: 31 72 01]
[01/01/09 01:33:09.480] 	recv: [4b: 31 72 01 85]
[01/01/09 01:33:09.494] send: [3b: 32 72 01]
[01/01/09 01:33:09.500] 	recv: [4b: 32 72 01 05]
[01/01/09 01:33:09.515] send: [3b: 33 72 02]
[01/01/09 01:33:09.521] 	recv: [4b: 33 72 02 03]
[01/01/09 01:33:09.535] send: [3b: 31 72 01]
[01/01/09 01:33:09.541] 	recv: [4b: 31 72 01 85]
[01/01/09 01:33:09.556] send: [3b: 32 72 01]
[01/01/09 01:33:09.562] 	recv: [4b: 32 72 01 05]
[01/01/09 01:33:09.576] send: [3b: 33 72 02]
[01/01/09 01:33:09.582] 	recv: [4b: 33 72 02 03]
[01/01/09 01:33:09.596] send: [3b: 31 72 01]
[01/01/09 01:33:09.602] 	recv: [4b: 31 72 01 85]
[01/01/09 01:33:09.616] send: [3b: 32 72 01]
[01/01/09 01:33:09.621] 	recv: [4b: 32 72 01 05]
[01/01/09 01:33:09.633] send: [3b: 33 72 02]
[01/01/09 01:33:09.639] 	recv: [4b: 33 72 02 03]
[01/01/09 01:33:09.656] send: [3b: 31 72 01]
[01/01/09 01:33:09.662] 	recv: [4b: 31 72 01 85]
[01/01/09 01:33:09.675] send: [3b: 32 72 01]
[01/01/09 01:33:09.681] 	recv: [4b: 32 72 01 05]
[01/01/09 01:33:09.695] send: [3b: 33 72 02]
[01/01/09 01:33:09.702] 	recv: [4b: 33 72 02 03]
[01/01/09 01:33:09.714] send: [3b: 31 72 01]
[01/01/09 01:33:09.720] 	recv: [4b: 31 72 01 85]
[01/01/09 01:33:09.734] send: [3b: 32 72 01]
[01/01/09 01:33:09.741] 	recv: [4b: 32 72 01 05]
[01/01/09 01:33:09.754] send: [3b: 33 72 02]
[01/01/09 01:33:09.759] 	recv: [4b: 33 72 02 03]
[01/01/09 01:33:09.774] send: [3b: 31 72 01]
[01/01/09 01:33:09.780] 	recv: [4b: 31 72 01 85]
[01/01/09 01:33:09.793] send: [3b: 32 72 01]
[01/01/09 01:33:09.799] 	recv: [4b: 32 72 01 05]
[01/01/09 01:33:09.814] send: [3b: 33 72 02]
[01/01/09 01:33:09.820] 	recv: [4b: 33 72 02 03]
[01/01/09 01:33:09.833] send: [3b: 31 72 01]
[01/01/09 01:33:09.840] 	recv: [4b: 31 72 01 85]
[01/01/09 01:33:09.853] send: [3b: 32 72 01]
[01/01/09 01:33:09.860] 	recv: [4b: 32 72 01 05]
[01/01/09 01:33:09.873] send: [3b: 33 72 02]
[01/01/09 01:33:09.879] 	recv: [4b: 33 72 02 03]
[01/01/09 01:33:09.894] send: [3b: 31 72 01]
[01/01/09 01:33:09.900] 	recv: [4b: 31 72 01 85]
[01/01/09 01:33:09.914] send: [3b: 32 72 01]
[01/01/09 01:33:09.921] 	recv: [4b: 32 72 01 05]
[01/01/09 01:33:09.935] send: [3b: 33 72 02]
[01/01/09 01:33:09.941] 	recv: [4b: 33 72 02 03]
[01/01/09 01:33:09.953] send: [3b: 31 72 01]
[01/01/09 01:33:09.958] 	recv: [4b: 31 72 01 85]
[01/01/09 01:33:09.974] send: [3b: 32 72 01]
[01/01/09 01:33:09.980] 	recv: [4b: 32 72 01 05]
[01/01/09 01:33:09.994] send: [3b: 33 72 02]
[01/01/09 01:33:10.000] 	recv: [4b: 33 72 02 03]
[01/01/09 01:33:10.014] send: [3b: 31 72 01]
[01/01/09 01:33:10.019] 	recv: [4b: 31 72 01 85]
[01/01/09 01:33:10.035] send: [3b: 32 72 01]
[01/01/09 01:33:10.041] 	recv: [4b: 32 72 01 05]
[01/01/09 01:33:10.055] send: [3b: 33 72 02]
[01/01/09 01:33:10.061] 	recv: [4b: 33 72 02 03]
[01/01/09 01:33:10.074] send: [3b: 31 72 01]
[01/01/09 01:33:10.081] 	recv: [4b: 31 72 01 85]
[01/01/09 01:33:10.096] send: [3b: 32 72 01]
[01/01/09 01:33:10.102] 	recv: [4b: 32 72 01 05]
[01/01/09 01:33:10.115] send: [3b: 33 72 02]
[01/01/09 01:33:10.122] 	recv: [4b: 33 72 02 03]
[01/01/09 01:33:10.133] send: [3b: 31 72 01]
[01/01/09 01:33:10.139] 	recv: [4b: 31 72 01 85]
[01/01/09 01:33:10.154] send: [3b: 32 72 01]
[01/01/09 01:33:10.161] 	recv: [4b: 32 72 01 05]
[01/01/09 01:33:10.175] send: [3b: 33 72 02]
[01/01/09 01:33:10.181] 	recv: [4b: 33 72 02 03]
[01/01/09 01:33:10.195] send: [3b: 31 72 01]
[01/01/09 01:33:10.202] 	recv: [4b: 31 72 01 85]
[01/01/09 01:33:10.217] send: [3b: 32 72 01]
[01/01/09 01:33:10.224] 	recv: [4b: 32 72 01 05]
[01/01/09 01:33:10.236] send: [3b: 33 72 02]
[01/01/09 01:33:10.242] 	recv: [4b: 33 72 02 03]
[01/01/09 01:33:10.254] send: [3b: 31 72 01]
[01/01/09 01:33:10.259] 	recv: [4b: 31 72 01 85]
[01/01/09 01:33:10.266] send: [3b: 32 72 01]
[01/01/09 01:33:10.271] 	recv: [4b: 32 72 01 05]
[01/01/09 01:33:10.287] send: [3b: 33 72 02]
[01/01/09 01:33:10.292] 	recv: [4b: 33 72 02 03]
[01/01/09 01:33:10.304] send: [3b: 31 72 01]
[01/01/09 01:33:10.310] 	recv: [4b: 31 72 01 85]
[01/01/09 01:33:10.327] send: [3b: 32 72 01]
[01/01/09 01:33:10.334] 	recv: [4b: 32 72 01 05]
[01/01/09 01:33:10.343] send: [3b: 33 72 02]
[01/01/09 01:33:10.350] 	recv: [4b: 33 72 02 03]
[01/01/09 01:33:10.365] send: [3b: 31 72 01]
[01/01/09 01:33:10.372] 	recv: [4b: 31 72 01 85]
[01/01/09 01:33:10.384] send: [3b: 32 72 01]
[01/01/09 01:33:10.390] 	recv: [4b: 32 72 01 05]
[01/01/09 01:33:10.403] send: [3b: 33 72 02]
[01/01/09 01:33:10.410] 	recv: [4b: 33 72 02 13]
[01/01/09 01:33:10.424] send: [3b: 31 72 01]
[01/01/09 01:33:10.430] 	recv: [4b: 31 72 01 85]
[01/01/09 01:33:10.444] send: [3b: 32 72 01]
[01/01/09 01:33:10.450] 	recv: [4b: 32 72 01 05]
[01/01/09 01:33:10.463] send: [3b: 31 72 01]
[01/01/09 01:33:10.470] 	recv: [4b: 31 72 01 85]
[01/01/09 01:33:10.484] send: [3b: 32 72 01]
[01/01/09 01:33:10.489] 	recv: [4b: 32 72 01 05]
[01/01/09 01:33:10.497] send: [6b: 33 42 00 00 C0 12]
[01/01/09 01:33:10.502] 	recv: [2b: 33 42]
[01/01/09 01:33:10.514] send: [3b: 31 72 01]
[01/01/09 01:33:10.520] 	recv: [4b: 31 72 01 85]
[01/01/09 01:33:10.534] send: [3b: 32 72 01]
[01/01/09 01:33:10.539] 	recv: [4b: 32 72 01 05]
[01/01/09 01:33:10.555] send: [3b: 33 72 01]
[01/01/09 01:33:10.561] 	recv: [4b: 33 72 01 05]
[01/01/09 01:33:10.575] send: [3b: 31 72 01]
[01/01/09 01:33:10.581] 	recv: [4b: 31 72 01 85]
[01/01/09 01:33:10.594] send: [3b: 32 72 01]
[01/01/09 01:33:10.599] 	recv: [4b: 32 72 01 05]
[01/01/09 01:33:10.615] send: [3b: 33 72 01]
[01/01/09 01:33:10.620] 	recv: [4b: 33 72 01 05]
[01/01/09 01:33:10.636] send: [3b: 31 72 01]
[01/01/09 01:33:10.643] 	recv: [4b: 31 72 01 85]
[01/01/09 01:33:10.656] send: [3b: 32 72 01]
[01/01/09 01:33:10.662] 	recv: [4b: 32 72 01 05]
[01/01/09 01:33:10.673] send: [3b: 33 72 01]
[01/01/09 01:33:10.679] 	recv: [4b: 33 72 01 05]
[01/01/09 01:33:10.694] send: [3b: 31 72 01]
[01/01/09 01:33:10.700] 	recv: [4b: 31 72 01 85]
[01/01/09 01:33:10.714] send: [3b: 32 72 01]
[01/01/09 01:33:10.720] 	recv: [4b: 32 72 01 05]
[01/01/09 01:33:10.734] send: [3b: 33 72 01]
[01/01/09 01:33:10.739] 	recv: [4b: 33 72 01 05]
[01/01/09 01:33:10.753] send: [3b: 31 72 01]
[01/01/09 01:33:10.759] 	recv: [4b: 31 72 01 85]
[01/01/09 01:33:10.774] send: [3b: 32 72 01]
[01/01/09 01:33:10.780] 	recv: [4b: 32 72 01 05]
[01/01/09 01:33:10.795] send: [3b: 33 72 01]
[01/01/09 01:33:10.800] 	recv: [4b: 33 72 01 05]
[01/01/09 01:33:10.815] send: [3b: 31 72 01]
[01/01/09 01:33:10.821] 	recv: [4b: 31 72 01 85]
[01/01/09 01:33:10.833] send: [3b: 32 72 01]
[01/01/09 01:33:10.840] 	recv: [4b: 32 72 01 05]
[01/01/09 01:33:10.854] send: [3b: 33 72 01]
[01/01/09 01:33:10.860] 	recv: [4b: 33 72 01 05]
[01/01/09 01:33:10.873] send: [3b: 31 72 01]
[01/01/09 01:33:10.879] 	recv: [4b: 31 72 01 85]
[01/01/09 01:33:10.894] send: [3b: 32 72 01]
[01/01/09 01:33:10.900] 	recv: [4b: 32 72 01 05]
[01/01/09 01:33:10.914] send: [3b: 33 72 01]
[01/01/09 01:33:10.920] 	recv: [4b: 33 72 01 05]
[01/01/09 01:33:10.934] send: [3b: 31 72 01]
[01/01/09 01:33:10.940] 	recv: [4b: 31 72 01 85]
[01/01/09 01:33:10.955] send: [3b: 32 72 01]
[01/01/09 01:33:10.962] 	recv: [4b: 32 72 01 05]
[01/01/09 01:33:10.974] send: [3b: 33 72 01]
[01/01/09 01:33:10.981] 	recv: [4b: 33 72 01 05]
[01/01/09 01:33:10.994] send: [3b: 31 72 01]
[01/01/09 01:33:11.001] 	recv: [4b: 31 72 01 85]
[01/01/09 01:33:11.014] send: [3b: 32 72 01]
[01/01/09 01:33:11.021] 	recv: [4b: 32 72 01 05]
[01/01/09 01:33:11.034] send: [3b: 33 72 01]
[01/01/09 01:33:11.040] 	recv: [4b: 33 72 01 05]
[01/01/09 01:33:11.055] send: [3b: 31 72 01]
[01/01/09 01:33:11.062] 	recv: [4b: 31 72 01 85]
[01/01/09 01:33:11.073] send: [3b: 32 72 01]
[01/01/09 01:33:11.079] 	recv: [4b: 32 72 01 05]
[01/01/09 01:33:11.095] send: [3b: 33 72 01]
[01/01/09 01:33:11.101] 	recv: [4b: 33 72 01 05]
[01/01/09 01:33:11.114] send: [3b: 31 72 01]
[01/01/09 01:33:11.120] 	recv: [4b: 31 72 01 85]
[01/01/09 01:33:11.135] send: [3b: 32 72 01]
[01/01/09 01:33:11.141] 	recv: [4b: 32 72 01 05]
[01/01/09 01:33:11.155] send: [3b: 33 72 01]
[01/01/09 01:33:11.161] 	recv: [4b: 33 72 01 05]
[01/01/09 01:33:11.176] send: [3b: 31 72 01]
[01/01/09 01:33:11.181] 	recv: [4b: 31 72 01 85]
[01/01/09 01:33:11.195] send: [3b: 32 72 01]
[01/01/09 01:33:11.202] 	recv: [4b: 32 72 01 05]
[01/01/09 01:33:11.216] send: [3b: 33 72 01]
[01/01/09 01:33:11.224] 	recv: [4b: 33 72 01 05]
[01/01/09 01:33:11.236] send: [3b: 31 72 01]
[01/01/09 01:33:11.243] 	recv: [4b: 31 72 01 85]
[01/01/09 01:33:11.256] send: [3b: 32 72 01]
[01/01/09 01:33:11.262] 	recv: [4b: 32 72 01 05]
[01/01/09 01:33:11.284] send: [3b: 33 72 01]
[01/01/09 01:33:11.290] 	recv: [4b: 33 72 01 05]
[01/01/09 01:33:11.306] send: [3b: 31 72 01]
[01/01/09 01:33:11.312] 	recv: [4b: 31 72 01 85]
[01/01/09 01:33:11.325] send: [3b: 32 72 01]
[01/01/09 01:33:11.332] 	recv: [4b: 32 72 01 05]
[01/01/09 01:33:11.345] send: [3b: 33 72 01]
[01/01/09 01:33:11.350] 	recv: [4b: 33 72 01 05]
[01/01/09 01:33:11.363] send: [3b: 31 72 01]
[01/01/09 01:33:11.368] 	recv: [4b: 31 72 01 85]
[01/01/09 01:33:11.384] send: [3b: 32 72 01]
[01/01/09 01:33:11.390] 	recv: [4b: 32 72 01 05]
[01/01/09 01:33:11.404] send: [3b: 33 72 01]
[01/01/09 01:33:11.410] 	recv: [4b: 33 72 01 05]
[01/01/09 01:33:11.423] send: [3b: 31 72 01]
[01/01/09 01:33:11.430] 	recv: [4b: 31 72 01 85]
[01/01/09 01:33:11.445] send: [3b: 32 72 01]
[01/01/09 01:33:11.451] 	recv: [4b: 32 72 01 05]
[01/01/09 01:33:11.465] send: [3b: 33 72 01]
[01/01/09 01:33:11.471] 	recv: [4b: 33 72 01 05]
[01/01/09 01:33:11.485] send: [3b: 31 72 01]
[01/01/09 01:33:11.491] 	recv: [4b: 31 72 01 85]
[01/01/09 01:33:11.504] send: [3b: 32 72 01]
[01/01/09 01:33:11.511] 	recv: [4b: 32 72 01 05]
[01/01/09 01:33:11.524] send: [3b: 33 72 01]
[01/01/09 01:33:11.530] 	recv: [4b: 33 72 01 05]
[01/01/09 01:33:11.543] send: [3b: 31 72 01]
[01/01/09 01:33:11.550] 	recv: [4b: 31 72 01 85]
[01/01/09 01:33:11.563] send: [3b: 32 72 01]
[01/01/09 01:33:11.569] 	recv: [4b: 32 72 01 05]
[01/01/09 01:33:11.583] send: [3b: 33 72 01]
[01/01/09 01:33:11.589] 	recv: [4b: 33 72 01 05]
[01/01/09 01:33:11.603] send: [3b: 31 72 01]
[01/01/09 01:33:11.610] 	recv: [4b: 31 72 01 85]
[01/01/09 01:33:11.625] send: [3b: 32 72 01]
[01/01/09 01:33:11.631] 	recv: [4b: 32 72 01 05]
[01/01/09 01:33:11.643] send: [3b: 33 72 01]
[01/01/09 01:33:11.650] 	recv: [4b: 33 72 01 05]
[01/01/09 01:33:11.663] send: [3b: 31 72 01]
[01/01/09 01:33:11.668] 	recv: [4b: 31 72 01 85]
[01/01/09 01:33:11.683] send: [3b: 32 72 01]
[01/01/09 01:33:11.690] 	recv: [4b: 32 72 01 05]
[01/01/09 01:33:11.703] send: [3b: 33 72 01]
[01/01/09 01:33:11.709] 	recv: [4b: 33 72 01 05]
[01/01/09 01:33:11.723] send: [3b: 31 72 01]
[01/01/09 01:33:11.729] 	recv: [4b: 31 72 01 85]
[01/01/09 01:33:11.745] send: [3b: 32 72 01]
[01/01/09 01:33:11.752] 	recv: [4b: 32 72 01 05]
[01/01/09 01:33:11.765] send: [3b: 33 72 01]
[01/01/09 01:33:11.771] 	recv: [4b: 33 72 01 05]
[01/01/09 01:33:11.784] send: [3b: 31 72 01]
[01/01/09 01:33:11.790] 	recv: [4b: 31 72 01 85]
[01/01/09 01:33:11.804] send: [3b: 32 72 01]
[01/01/09 01:33:11.811] 	recv: [4b: 32 72 01 00]
[01/01/09 01:33:11.823] send: [3b: 33 72 01]
[01/01/09 01:33:11.829] 	recv: [4b: 33 72 01 05]
[01/01/09 01:33:11.843] send: [3b: 31 72 01]
[01/01/09 01:33:11.850] 	recv: [4b: 31 72 01 85]
[01/01/09 01:33:11.865] send: [3b: 33 72 01]
[01/01/09 01:33:11.871] 	recv: [4b: 33 72 01 05]
[01/01/09 01:33:11.885] send: [3b: 31 72 01]
[01/01/09 01:33:11.891] 	recv: [4b: 31 72 01 85]
[01/01/09 01:33:11.904] send: [3b: 32 72 02]
[01/01/09 01:33:11.910] 	recv: [4b: 32 72 02 03]
[01/01/09 01:33:11.923] send: [3b: 33 72 01]
[01/01/09 01:33:11.929] 	recv: [4b: 33 72 01 05]
[01/01/09 01:33:11.945] send: [3b: 31 72 01]
[01/01/09 01:33:11.951] 	recv: [4b: 31 72 01 85]
[01/01/09 01:33:11.963] send: [3b: 33 72 01]
[01/01/09 01:33:11.968] 	recv: [4b: 33 72 01 05]
[01/01/09 01:33:11.985] send: [3b: 31 72 01]
[01/01/09 01:33:11.991] 	recv: [4b: 31 72 01 85]
[01/01/09 01:33:12.005] send: [3b: 32 44 80]
[01/01/09 01:33:12.010] 	recv: [2b: 32 44]
[01/01/09 01:33:12.017] send: [3b: 33 72 01]
[01/01/09 01:33:12.025] send: [3b: 32 72 01]
[01/01/09 01:33:12.025] 	recv: [4b: 33 72 01 05]
[01/01/09 01:33:12.032] 	recv: [4b: 32 72 01 89]
[01/01/09 01:33:12.045] send: [3b: 33 72 01]
[01/01/09 01:33:12.052] 	recv: [4b: 33 72 01 05]
[01/01/09 01:33:12.065] send: [3b: 31 72 01]
[01/01/09 01:33:12.071] 	recv: [4b: 31 72 01 85]
[01/01/09 01:33:12.084] send: [3b: 32 72 02]
[01/01/09 01:33:12.091] 	recv: [4b: 32 72 02 03]
[01/01/09 01:33:12.104] send: [3b: 33 72 01]
[01/01/09 01:33:12.111] 	recv: [4b: 33 72 01 05]
[01/01/09 01:33:12.124] send: [3b: 31 72 01]
[01/01/09 01:33:12.130] 	recv: [4b: 31 72 01 00]
[01/01/09 01:33:12.145] send: [3b: 32 72 02]
[01/01/09 01:33:12.151] 	recv: [4b: 32 72 02 03]
[01/01/09 01:33:12.165] send: [3b: 33 72 01]
[01/01/09 01:33:12.172] 	recv: [4b: 33 72 01 05]
[01/01/09 01:33:12.187] send: [3b: 32 72 02]
[01/01/09 01:33:12.195] 	recv: [4b: 32 72 02 03]
[01/01/09 01:33:12.208] send: [3b: 33 72 01]
[01/01/09 01:33:12.214] 	recv: [4b: 33 72 01 05]
[01/01/09 01:33:12.227] send: [3b: 31 72 02]
[01/01/09 01:33:12.234] 	recv: [4b: 31 72 02 03]
[01/01/09 01:33:12.247] send: [3b: 32 72 02]
[01/01/09 01:33:12.253] 	recv: [4b: 32 72 02 03]
[01/01/09 01:33:12.267] send: [3b: 33 72 01]
[01/01/09 01:33:12.274] 	recv: [4b: 33 72 01 05]
[01/01/09 01:33:12.287] send: [3b: 32 72 02]
[01/01/09 01:33:12.293] 	recv: [4b: 32 72 02 03]
[01/01/09 01:33:12.306] send: [3b: 33 72 01]
[01/01/09 01:33:12.311] 	recv: [4b: 33 72 01 05]
[01/01/09 01:33:12.324] send: [3b: 31 44 00]
[01/01/09 01:33:12.330] 	recv: [2b: 31 44]
[01/01/09 01:33:12.343] send: [3b: 32 72 02]
[01/01/09 01:33:12.349] 	recv: [4b: 32 72 02 03]
[01/01/09 01:33:12.364] send: [3b: 33 72 01]
[01/01/09 01:33:12.371] 	recv: [4b: 33 72 01 05]
[01/01/09 01:33:12.384] send: [3b: 31 72 01]
[01/01/09 01:33:12.390] 	recv: [4b: 31 72 01 09]
[01/01/09 01:33:12.405] send: [3b: 32 72 02]
[01/01/09 01:33:12.411] 	recv: [4b: 32 72 02 03]
[01/01/09 01:33:12.425] send: [3b: 33 72 01]
[01/01/09 01:33:12.430] 	recv: [4b: 33 72 01 05]
[01/01/09 01:33:12.443] send: [3b: 31 72 02]
[01/01/09 01:33:12.450] 	recv: [4b: 31 72 02 03]
[01/01/09 01:33:12.465] send: [3b: 32 72 02]
[01/01/09 01:33:12.471] 	recv: [4b: 32 72 02 03]
[01/01/09 01:33:12.485] send: [3b: 33 72 01]
[01/01/09 01:33:12.491] 	recv: [4b: 33 72 01 05]
[01/01/09 01:33:12.505] send: [3b: 31 72 02]
[01/01/09 01:33:12.512] 	recv: [4b: 31 72 02 03]
[01/01/09 01:33:12.525] send: [3b: 32 72 02]
[01/01/09 01:33:12.532] 	recv: [4b: 32 72 02 03]
[01/01/09 01:33:12.545] send: [3b: 33 72 01]
[01/01/09 01:33:12.552] 	recv: [4b: 33 72 01 05]
[01/01/09 01:33:12.563] send: [3b: 31 72 02]
[01/01/09 01:33:12.569] 	recv: [4b: 31 72 02 03]
[01/01/09 01:33:12.584] send: [3b: 32 72 02]
[01/01/09 01:33:12.591] 	recv: [4b: 32 72 02 03]
[01/01/09 01:33:12.604] send: [3b: 33 72 01]
[01/01/09 01:33:12.611] 	recv: [4b: 33 72 01 05]
[01/01/09 01:33:12.625] send: [3b: 31 72 02]
[01/01/09 01:33:12.631] 	recv: [4b: 31 72 02 03]
[01/01/09 01:33:12.644] send: [3b: 32 72 02]
[01/01/09 01:33:12.650] 	recv: [4b: 32 72 02 03]
[01/01/09 01:33:12.664] send: [3b: 33 72 01]
[01/01/09 01:33:12.669] 	recv: [4b: 33 72 01 05]
[01/01/09 01:33:12.684] send: [3b: 31 72 02]
[01/01/09 01:33:12.690] 	recv: [4b: 31 72 02 03]
[01/01/09 01:33:12.705] send: [3b: 32 72 02]
[01/01/09 01:33:12.711] 	recv: [4b: 32 72 02 03]
[01/01/09 01:33:12.725] send: [3b: 33 72 01]
[01/01/09 01:33:12.732] 	recv: [4b: 33 72 01 05]
[01/01/09 01:33:12.745] send: [3b: 31 72 02]
[01/01/09 01:33:12.751] 	recv: [4b: 31 72 02 03]
[01/01/09 01:33:12.763] send: [3b: 32 72 02]
[01/01/09 01:33:12.769] 	recv: [4b: 32 72 02 03]
[01/01/09 01:33:12.784] send: [3b: 33 72 01]
[01/01/09 01:33:12.791] 	recv: [4b: 33 72 01 05]
[01/01/09 01:33:12.805] send: [3b: 31 72 02]
[01/01/09 01:33:12.812] 	recv: [4b: 31 72 02 03]
[01/01/09 01:33:12.825] send: [3b: 32 72 02]
[01/01/09 01:33:12.832] 	recv: [4b: 32 72 02 03]
[01/01/09 01:33:12.844] send: [3b: 33 72 01]
[01/01/09 01:33:12.851] 	recv: [4b: 33 72 01 05]
[01/01/09 01:33:12.864] send: [3b: 31 72 02]
[01/01/09 01:33:12.870] 	recv: [4b: 31 72 02 03]
[01/01/09 01:33:12.884] send: [3b: 32 72 02]
[01/01/09 01:33:12.891] 	recv: [4b: 32 72 02 03]
[01/01/09 01:33:12.903] send: [3b: 33 72 01]
[01/01/09 01:33:12.909] 	recv: [4b: 33 72 01 05]
[01/01/09 01:33:12.923] send: [3b: 31 72 02]
[01/01/09 01:33:12.930] 	recv: [4b: 31 72 02 03]
[01/01/09 01:33:12.944] send: [3b: 32 72 02]
[01/01/09 01:33:12.950] 	recv: [4b: 32 72 02 03]
[01/01/09 01:33:12.964] send: [3b: 33 72 01]
[01/01/09 01:33:12.969] 	recv: [4b: 33 72 01 05]
[01/01/09 01:33:12.984] send: [3b: 31 72 02]
[01/01/09 01:33:12.990] 	recv: [4b: 31 72 02 03]
[01/01/09 01:33:13.004] send: [3b: 32 72 02]
[01/01/09 01:33:13.010] 	recv: [4b: 32 72 02 03]
[01/01/09 01:33:13.024] send: [3b: 33 72 01]
[01/01/09 01:33:13.030] 	recv: [4b: 33 72 01 05]
[01/01/09 01:33:13.044] send: [3b: 31 72 02]
[01/01/09 01:33:13.050] 	recv: [4b: 31 72 02 03]
[01/01/09 01:33:13.065] send: [3b: 32 72 02]
[01/01/09 01:33:13.072] 	recv: [4b: 32 72 02 03]
[01/01/09 01:33:13.085] send: [3b: 33 72 01]
[01/01/09 01:33:13.090] 	recv: [4b: 33 72 01 05]
[01/01/09 01:33:13.103] send: [3b: 31 72 02]
[01/01/09 01:33:13.110] 	recv: [4b: 31 72 02 03]
[01/01/09 01:33:13.124] send: [3b: 32 72 02]
[01/01/09 01:33:13.130] 	recv: [4b: 32 72 02 03]
[01/01/09 01:33:13.144] send: [3b: 33 72 01]
[01/01/09 01:33:13.149] 	recv: [4b: 33 72 01 05]
[01/01/09 01:33:13.165] send: [3b: 31 72 02]
[01/01/09 01:33:13.170] 	recv: [4b: 31 72 02 03]
[01/01/09 01:33:13.185] send: [3b: 32 72 02]
[01/01/09 01:33:13.192] 	recv: [4b: 32 72 02 03]
[01/01/09 01:33:13.204] send: [3b: 33 72 01]
[01/01/09 01:33:13.211] 	recv: [4b: 33 72 01 05]
[01/01/09 01:33:13.224] send: [3b: 31 72 02]
[01/01/09 01:33:13.230] 	recv: [4b: 31 72 02 03]
[01/01/09 01:33:13.244] send: [3b: 32 72 02]
[01/01/09 01:33:13.249] 	recv: [4b: 32 72 02 03]
[01/01/09 01:33:13.263] send: [3b: 33 72 01]
[01/01/09 01:33:13.269] 	recv: [4b: 33 72 01 05]
[01/01/09 01:33:13.283] send: [3b: 31 72 02]
[01/01/09 01:33:13.289] 	recv: [4b: 31 72 02 03]
[01/01/09 01:33:13.304] send: [3b: 32 72 02]
[01/01/09 01:33:13.310] 	recv: [4b: 32 72 02 03]
[01/01/09 01:33:13.323] send: [3b: 33 72 01]
[01/01/09 01:33:13.330] 	recv: [4b: 33 72 01 05]
[01/01/09 01:33:13.344] send: [3b: 31 72 02]
[01/01/09 01:33:13.350] 	recv: [4b: 31 72 02 03]
[01/01/09 01:33:13.364] send: [3b: 32 72 02]
[01/01/09 01:33:13.370] 	recv: [4b: 32 72 02 03]
[01/01/09 01:33:13.383] send: [3b: 33 72 01]
[01/01/09 01:33:13.391] 	recv: [4b: 33 72 01 05]
[01/01/09 01:33:13.405] send: [3b: 31 72 02]
[01/01/09 01:33:13.412] 	recv: [4b: 31 72 02 03]
[01/01/09 01:33:13.424] send: [3b: 32 72 02]
[01/01/09 01:33:13.431] 	recv: [4b: 32 72 02 03]
[01/01/09 01:33:13.445] send: [3b: 33 72 01]
[01/01/09 01:33:13.452] 	recv: [4b: 33 72 01 05]
[01/01/09 01:33:13.465] send: [3b: 31 72 02]
[01/01/09 01:33:13.471] 	recv: [4b: 31 72 02 03]
[01/01/09 01:33:13.486] send: [3b: 32 72 02]
[01/01/09 01:33:13.492] 	recv: [4b: 32 72 02 03]
[01/01/09 01:33:13.506] send: [3b: 33 72 01]
[01/01/09 01:33:13.512] 	recv: [4b: 33 72 01 05]
[01/01/09 01:33:13.524] send: [3b: 31 72 02]
[01/01/09 01:33:13.531] 	recv: [4b: 31 72 02 03]
[01/01/09 01:33:13.544] send: [3b: 32 72 02]
[01/01/09 01:33:13.552] 	recv: [4b: 32 72 02 03]
[01/01/09 01:33:13.564] send: [3b: 33 72 01]
[01/01/09 01:33:13.571] 	recv: [4b: 33 72 01 05]
[01/01/09 01:33:13.584] send: [3b: 31 72 02]
[01/01/09 01:33:13.591] 	recv: [4b: 31 72 02 03]
[01/01/09 01:33:13.604] send: [3b: 32 72 02]
[01/01/09 01:33:13.611] 	recv: [4b: 32 72 02 03]
[01/01/09 01:33:13.624] send: [3b: 33 72 01]
[01/01/09 01:33:13.630] 	recv: [4b: 33 72 01 05]
[01/01/09 01:33:13.644] send: [3b: 31 72 02]
[01/01/09 01:33:13.651] 	recv: [4b: 31 72 02 03]
[01/01/09 01:33:13.664] send: [3b: 32 72 02]
[01/01/09 01:33:13.671] 	recv: [4b: 32 72 02 03]
[01/01/09 01:33:13.684] send: [3b: 33 72 01]
[01/01/09 01:33:13.691] 	recv: [4b: 33 72 01 05]
[01/01/09 01:33:13.704] send: [3b: 31 72 02]
[01/01/09 01:33:13.710] 	recv: [4b: 31 72 02 03]
[01/01/09 01:33:13.725] send: [3b: 32 72 02]
[01/01/09 01:33:13.732] 	recv: [4b: 32 72 02 03]
[01/01/09 01:33:13.745] send: [3b: 33 72 01]
[01/01/09 01:33:13.751] 	recv: [4b: 33 72 01 05]
[01/01/09 01:33:13.764] send: [3b: 31 72 02]
[01/01/09 01:33:13.770] 	recv: [4b: 31 72 02 03]
[01/01/09 01:33:13.784] send: [3b: 32 72 02]
[01/01/09 01:33:13.791] 	recv: [4b: 32 72 02 03]
[01/01/09 01:33:13.804] send: [3b: 33 72 01]
[01/01/09 01:33:13.811] 	recv: [4b: 33 72 01 05]
[01/01/09 01:33:13.824] send: [3b: 31 72 02]
[01/01/09 01:33:13.829] 	recv: [4b: 31 72 02 03]
[01/01/09 01:33:13.844] send: [3b: 32 72 02]
[01/01/09 01:33:13.850] 	recv: [4b: 32 72 02 03]
[01/01/09 01:33:13.864] send: [3b: 33 72 01]
[01/01/09 01:33:13.870] 	recv: [4b: 33 72 01 05]
[01/01/09 01:33:13.884] send: [3b: 31 72 02]
[01/01/09 01:33:13.891] 	recv: [4b: 31 72 02 03]
[01/01/09 01:33:13.904] send: [3b: 32 72 02]
[01/01/09 01:33:13.911] 	recv: [4b: 32 72 02 03]
[01/01/09 01:33:13.924] send: [3b: 33 72 01]
[01/01/09 01:33:13.931] 	recv: [4b: 33 72 01 05]
[01/01/09 01:33:13.944] send: [3b: 31 72 02]
[01/01/09 01:33:13.950] 	recv: [4b: 31 72 02 03]
[01/01/09 01:33:13.964] send: [3b: 32 72 02]
[01/01/09 01:33:13.971] 	recv: [4b: 32 72 02 03]
[01/01/09 01:33:13.986] send: [3b: 33 72 01]
[01/01/09 01:33:13.993] 	recv: [4b: 33 72 01 05]
[01/01/09 01:33:14.007] send: [3b: 31 72 02]
[01/01/09 01:33:14.015] 	recv: [4b: 31 72 02 03]
[01/01/09 01:33:14.024] send: [3b: 32 72 02]
[01/01/09 01:33:14.032] 	recv: [4b: 32 72 02 03]
[01/01/09 01:33:14.045] send: [3b: 33 72 01]
[01/01/09 01:33:14.051] 	recv: [4b: 33 72 01 05]
[01/01/09 01:33:14.067] send: [3b: 31 72 02]
[01/01/09 01:33:14.074] 	recv: [4b: 31 72 02 03]
[01/01/09 01:33:14.094] send: [3b: 32 72 02]
[01/01/09 01:33:14.100] 	recv: [4b: 32 72 02 03]
[01/01/09 01:33:14.107] send: [3b: 33 72 01]
[01/01/09 01:33:14.114] send: [3b: 32 72 02]
[01/01/09 01:33:14.114] 	recv: [4b: 33 72 01 05]
[01/01/09 01:33:14.120] 	recv: [4b: 32 72 02 03]
[01/01/09 01:33:14.127] send: [3b: 33 72 01]
[01/01/09 01:33:14.135] send: [3b: 32 72 02]
[01/01/09 01:33:14.135] 	recv: [4b: 33 72 01 05]
[01/01/09 01:33:14.141] 	recv: [4b: 32 72 02 03]
[01/01/09 01:33:14.158] send: [3b: 33 72 01]
[01/01/09 01:33:14.165] send: [3b: 32 72 02]
[01/01/09 01:33:14.165] 	recv: [4b: 33 72 01 05]
[01/01/09 01:33:14.171] 	recv: [4b: 32 72 02 03]
[01/01/09 01:33:14.188] send: [3b: 33 72 01]
[01/01/09 01:33:14.193] 	recv: [4b: 33 72 01 05]
[01/01/09 01:33:14.204] send: [3b: 31 72 02]
[01/01/09 01:33:14.210] 	recv: [4b: 31 72 02 03]
[01/01/09 01:33:14.225] send: [3b: 32 72 02]
[01/01/09 01:33:14.233] 	recv: [4b: 32 72 02 03]
[01/01/09 01:33:14.244] send: [3b: 33 72 01]
[01/01/09 01:33:14.252] 	recv: [4b: 33 72 01 05]
[01/01/09 01:33:14.265] send: [3b: 31 72 02]
[01/01/09 01:33:14.272] 	recv: [4b: 31 72 02 03]
[01/01/09 01:33:14.284] send: [3b: 32 72 02]
[01/01/09 01:33:14.291] 	recv: [4b: 32 72 02 03]
[01/01/09 01:33:14.304] send: [3b: 33 72 01]
[01/01/09 01:33:14.311] 	recv: [4b: 33 72 01 05]
[01/01/09 01:33:14.325] send: [3b: 31 72 02]
[01/01/09 01:33:14.332] 	recv: [4b: 31 72 02 03]
[01/01/09 01:33:14.345] send: [3b: 32 72 02]
[01/01/09 01:33:14.352] 	recv: [4b: 32 72 02 03]
[01/01/09 01:33:14.363] send: [3b: 33 72 01]
[01/01/09 01:33:14.369] 	recv: [4b: 33 72 01 05]
[01/01/09 01:33:14.385] send: [3b: 31 72 02]
[01/01/09 01:33:14.392] 	recv: [4b: 31 72 02 03]
[01/01/09 01:33:14.405] send: [3b: 32 72 02]
[01/01/09 01:33:14.412] 	recv: [4b: 32 72 02 03]
[01/01/09 01:33:14.425] send: [3b: 33 72 01]
[01/01/09 01:33:14.432] 	recv: [4b: 33 72 01 05]
[01/01/09 01:33:14.455] send: [3b: 31 72 02]
[01/01/09 01:33:14.460] 	recv: [4b: 31 72 02 03]
[01/01/09 01:33:14.475] send: [3b: 32 72 02]
[01/01/09 01:33:14.481] 	recv: [4b: 32 72 02 03]
[01/01/09 01:33:14.493] send: [3b: 33 72 01]
[01/01/09 01:33:14.499] 	recv: [4b: 33 72 01 05]
[01/01/09 01:33:14.514] send: [3b: 31 72 02]
[01/01/09 01:33:14.519] 	recv: [4b: 31 72 02 03]
[01/01/09 01:33:14.535] send: [3b: 32 72 02]
[01/01/09 01:33:14.540] 	recv: [4b: 32 72 02 03]
[01/01/09 01:33:14.556] send: [3b: 33 72 01]
[01/01/09 01:33:14.562] 	recv: [4b: 33 72 01 05]
[01/01/09 01:33:14.577] send: [3b: 31 72 02]
[01/01/09 01:33:14.585] send: [3b: 33 72 01]
[01/01/09 01:33:14.585] 	recv: [4b: 31 72 02 03]
[01/01/09 01:33:14.592] 	recv: [4b: 33 72 01 05]
[01/01/09 01:33:14.607] send: [3b: 31 72 02]
[01/01/09 01:33:14.614] 	recv: [4b: 31 72 02 03]
[01/01/09 01:33:14.627] send: [3b: 32 72 02]
[01/01/09 01:33:14.633] 	recv: [4b: 32 72 02 03]
[01/01/09 01:33:14.656] send: [3b: 33 72 01]
[01/01/09 01:33:14.661] 	recv: [4b: 33 72 01 05]
[01/01/09 01:33:14.673] send: [3b: 31 72 02]
[01/01/09 01:33:14.678] 	recv: [4b: 31 72 02 03]
[01/01/09 01:33:14.694] send: [3b: 32 72 02]
[01/01/09 01:33:14.699] 	recv: [4b: 32 72 02 03]
[01/01/09 01:33:14.713] send: [3b: 33 72 01]
[01/01/09 01:33:14.719] 	recv: [4b: 33 72 01 05]
[01/01/09 01:33:14.733] send: [3b: 31 72 02]
[01/01/09 01:33:14.740] 	recv: [4b: 31 72 02 03]
[01/01/09 01:33:14.754] send: [3b: 32 72 02]
[01/01/09 01:33:14.761] 	recv: [4b: 32 72 02 03]
[01/01/09 01:33:14.775] send: [3b: 33 72 01]
[01/01/09 01:33:14.781] 	recv: [4b: 33 72 01 05]
[01/01/09 01:33:14.794] send: [3b: 31 72 02]
[01/01/09 01:33:14.800] 	recv: [4b: 31 72 02 03]
[01/01/09 01:33:14.815] send: [3b: 32 72 02]
[01/01/09 01:33:14.820] 	recv: [4b: 32 72 02 03]
[01/01/09 01:33:14.833] send: [3b: 33 72 01]
[01/01/09 01:33:14.839] 	recv: [4b: 33 72 01 05]
[01/01/09 01:33:14.854] send: [3b: 31 72 02]
[01/01/09 01:33:14.859] 	recv: [4b: 31 72 02 03]
[01/01/09 01:33:14.874] send: [3b: 32 72 02]
[01/01/09 01:33:14.881] 	recv: [4b: 32 72 02 03]
[01/01/09 01:33:14.894] send: [3b: 33 72 01]
[01/01/09 01:33:14.902] 	recv: [4b: 33 72 01 05]
[01/01/09 01:33:14.913] send: [3b: 31 72 02]
[01/01/09 01:33:14.920] 	recv: [4b: 31 72 02 03]
[01/01/09 01:33:14.934] send: [3b: 32 72 02]
[01/01/09 01:33:14.940] 	recv: [4b: 32 72 02 03]
[01/01/09 01:33:14.955] send: [3b: 33 72 01]
[01/01/09 01:33:14.962] 	recv: [4b: 33 72 01 05]
[01/01/09 01:33:14.975] send: [3b: 31 72 02]
[01/01/09 01:33:14.981] 	recv: [4b: 31 72 02 03]
[01/01/09 01:33:14.994] send: [3b: 32 72 02]
[01/01/09 01:33:15.000] 	recv: [4b: 32 72 02 03]
[01/01/09 01:33:15.015] send: [3b: 33 72 01]
[01/01/09 01:33:15.022] 	recv: [4b: 33 72 01 05]
[01/01/09 01:33:15.034] send: [3b: 31 72 02]
[01/01/09 01:33:15.040] 	recv: [4b: 31 72 02 03]
[01/01/09 01:33:15.055] send: [3b: 32 72 02]
[01/01/09 01:33:15.061] 	recv: [4b: 32 72 02 03]
[01/01/09 01:33:15.075] send: [3b: 33 72 01]
[01/01/09 01:33:15.080] 	recv: [4b: 33 72 01 05]
[01/01/09 01:33:15.096] send: [3b: 31 72 02]
[01/01/09 01:33:15.103] 	recv: [4b: 31 72 02 03]
[01/01/09 01:33:15.116] send: [3b: 32 72 02]
[01/01/09 01:33:15.123] 	recv: [4b: 32 72 02 03]
[01/01/09 01:33:15.144] send: [3b: 33 72 01]
[01/01/09 01:33:15.149] 	recv: [4b: 33 72 01 05]
[01/01/09 01:33:15.168] send: [3b: 31 72 02]
[01/01/09 01:33:15.173] 	recv: [4b: 31 72 02 03]
[01/01/09 01:33:15.185] send: [3b: 32 72 02]
[01/01/09 01:33:15.190] 	recv: [4b: 32 72 02 03]
[01/01/09 01:33:15.203] send: [3b: 33 72 01]
[01/01/09 01:33:15.209] 	recv: [4b: 33 72 01 05]
[01/01/09 01:33:15.224] send: [3b: 31 72 02]
[01/01/09 01:33:15.229] 	recv: [4b: 31 72 02 03]
[01/01/09 01:33:15.245] send: [3b: 32 72 02]
[01/01/09 01:33:15.251] 	recv: [4b: 32 72 02 03]
[01/01/09 01:33:15.266] send: [3b: 33 72 01]
[01/01/09 01:33:15.272] 	recv: [4b: 33 72 01 05]
[01/01/09 01:33:15.283] send: [3b: 31 72 02]
[01/01/09 01:33:15.290] 	recv: [4b: 31 72 02 03]
[01/01/09 01:33:15.303] send: [3b: 32 72 02]
[01/01/09 01:33:15.309] 	recv: [4b: 32 72 02 03]
[01/01/09 01:33:15.316] send: [3b: 33 72 01]
[01/01/09 01:33:15.324] send: [3b: 32 72 02]
[01/01/09 01:33:15.324] 	recv: [4b: 33 72 01 05]
[01/01/09 01:33:15.331] 	recv: [4b: 32 72 02 03]
[01/01/09 01:33:15.343] send: [3b: 33 72 01]
[01/01/09 01:33:15.350] 	recv: [4b: 33 72 01 05]
[01/01/09 01:33:15.364] send: [3b: 31 72 02]
[01/01/09 01:33:15.371] 	recv: [4b: 31 72 02 03]
[01/01/09 01:33:15.384] send: [3b: 32 72 02]
[01/01/09 01:33:15.391] 	recv: [4b: 32 72 02 03]
[01/01/09 01:33:15.404] send: [3b: 33 72 01]
[01/01/09 01:33:15.410] 	recv: [4b: 33 72 01 05]
[01/01/09 01:33:15.424] send: [3b: 31 72 02]
[01/01/09 01:33:15.430] 	recv: [4b: 31 72 02 03]
[01/01/09 01:33:15.444] send: [3b: 32 72 02]
[01/01/09 01:33:15.450] 	recv: [4b: 32 72 02 03]
[01/01/09 01:33:15.464] send: [3b: 33 72 01]
[01/01/09 01:33:15.471] 	recv: [4b: 33 72 01 05]
[01/01/09 01:33:15.484] send: [3b: 31 72 02]
[01/01/09 01:33:15.491] 	recv: [4b: 31 72 02 03]
[01/01/09 01:33:15.504] send: [3b: 32 72 02]
[01/01/09 01:33:15.511] 	recv: [4b: 32 72 02 03]
[01/01/09 01:33:15.525] send: [3b: 33 72 01]
[01/01/09 01:33:15.531] 	recv: [4b: 33 72 01 05]
[01/01/09 01:33:15.545] send: [3b: 31 72 02]
[01/01/09 01:33:15.551] 	recv: [4b: 31 72 02 03]
[01/01/09 01:33:15.564] send: [3b: 32 72 02]
[01/01/09 01:33:15.571] 	recv: [4b: 32 72 02 03]
[01/01/09 01:33:15.585] send: [3b: 33 72 01]
[01/01/09 01:33:15.592] 	recv: [4b: 33 72 01 05]
[01/01/09 01:33:15.606] send: [3b: 31 72 02]
[01/01/09 01:33:15.613] 	recv: [4b: 31 72 02 03]
[01/01/09 01:33:15.626] send: [3b: 32 72 02]
[01/01/09 01:33:15.631] 	recv: [4b: 32 72 02 03]
[01/01/09 01:33:15.643] send: [3b: 33 72 01]
[01/01/09 01:33:15.649] 	recv: [4b: 33 72 01 05]
[01/01/09 01:33:15.665] send: [3b: 31 72 02]
[01/01/09 01:33:15.670] 	recv: [4b: 31 72 02 03]
[01/01/09 01:33:15.685] send: [3b: 32 72 02]
[01/01/09 01:33:15.691] 	recv: [4b: 32 72 02 03]
[01/01/09 01:33:15.704] send: [3b: 33 72 01]
[01/01/09 01:33:15.710] 	recv: [4b: 33 72 01 05]
[01/01/09 01:33:15.724] send: [3b: 31 72 02]
[01/01/09 01:33:15.730] 	recv: [4b: 31 72 02 03]
[01/01/09 01:33:15.745] send: [3b: 32 72 02]
[01/01/09 01:33:15.752] 	recv: [4b: 32 72 02 03]
[01/01/09 01:33:15.763] send: [3b: 33 72 01]
[01/01/09 01:33:15.769] 	recv: [4b: 33 72 01 05]
[01/01/09 01:33:15.785] send: [3b: 31 72 02]
[01/01/09 01:33:15.793] 	recv: [4b: 31 72 02 03]
[01/01/09 01:33:15.806] send: [3b: 32 72 02]
[01/01/09 01:33:15.813] 	recv: [4b: 32 72 02 03]
[01/01/09 01:33:15.826] send: [3b: 33 72 01]
[01/01/09 01:33:15.834] 	recv: [4b: 33 72 01 05]
[01/01/09 01:33:15.844] send: [3b: 31 72 02]
[01/01/09 01:33:15.851] 	recv: [4b: 31 72 02 03]
[01/01/09 01:33:15.865] send: [3b: 32 72 02]
[01/01/09 01:33:15.871] 	recv: [4b: 32 72 02 03]
[01/01/09 01:33:15.884] send: [3b: 33 72 01]
[01/01/09 01:33:15.890] 	recv: [4b: 33 72 01 05]
[01/01/09 01:33:15.904] send: [3b: 31 72 02]
[01/01/09 01:33:15.911] 	recv: [4b: 31 72 02 03]
[01/01/09 01:33:15.924] send: [3b: 32 72 02]
[01/01/09 01:33:15.931] 	recv: [4b: 32 72 02 03]
[01/01/09 01:33:15.944] send: [3b: 33 72 01]
[01/01/09 01:33:15.951] 	recv: [4b: 33 72 01 05]
[01/01/09 01:33:15.964] send: [3b: 31 72 02]
[01/01/09 01:33:15.971] 	recv: [4b: 31 72 02 03]
[01/01/09 01:33:15.984] send: [3b: 32 72 02]
[01/01/09 01:33:15.991] 	recv: [4b: 32 72 02 03]
[01/01/09 01:33:16.004] send: [3b: 33 72 01]
[01/01/09 01:33:16.011] 	recv: [4b: 33 72 01 05]
[01/01/09 01:33:16.024] send: [3b: 31 72 02]
[01/01/09 01:33:16.031] 	recv: [4b: 31 72 02 03]
[01/01/09 01:33:16.044] send: [3b: 32 72 02]
[01/01/09 01:33:16.051] 	recv: [4b: 32 72 02 03]
[01/01/09 01:33:16.063] send: [3b: 33 72 01]
[01/01/09 01:33:16.070] 	recv: [4b: 33 72 01 05]
[01/01/09 01:33:16.084] send: [3b: 31 72 02]
[01/01/09 01:33:16.090] 	recv: [4b: 31 72 02 03]
[01/01/09 01:33:16.105] send: [3b: 32 72 02]
[01/01/09 01:33:16.112] 	recv: [4b: 32 72 02 03]
[01/01/09 01:33:16.124] send: [3b: 33 72 01]
[01/01/09 01:33:16.131] 	recv: [4b: 33 72 01 05]
[01/01/09 01:33:16.144] send: [3b: 31 72 02]
[01/01/09 01:33:16.151] 	recv: [4b: 31 72 02 03]
[01/01/09 01:33:16.164] send: [3b: 32 72 02]
[01/01/09 01:33:16.170] 	recv: [4b: 32 72 02 03]
[01/01/09 01:33:16.184] send: [3b: 33 72 01]
[01/01/09 01:33:16.191] 	recv: [4b: 33 72 01 05]
[01/01/09 01:33:16.204] send: [3b: 31 72 02]
[01/01/09 01:33:16.210] 	recv: [4b: 31 72 02 03]
[01/01/09 01:33:16.224] send: [3b: 32 72 02]
[01/01/09 01:33:16.231] 	recv: [4b: 32 72 02 03]
[01/01/09 01:33:16.245] send: [3b: 33 72 01]
[01/01/09 01:33:16.251] 	recv: [4b: 33 72 01 05]
[01/01/09 01:33:16.264] send: [3b: 31 72 02]
[01/01/09 01:33:16.271] 	recv: [4b: 31 72 02 03]
[01/01/09 01:33:16.284] send: [3b: 32 72 02]
[01/01/09 01:33:16.290] 	recv: [4b: 32 72 02 03]
[01/01/09 01:33:16.303] send: [3b: 33 72 01]
[01/01/09 01:33:16.311] 	recv: [4b: 33 72 01 05]
[01/01/09 01:33:16.324] send: [3b: 31 72 02]
[01/01/09 01:33:16.330] 	recv: [4b: 31 72 02 03]
[01/01/09 01:33:16.345] send: [3b: 32 72 02]
[01/01/09 01:33:16.351] 	recv: [4b: 32 72 02 03]
[01/01/09 01:33:16.364] send: [3b: 33 72 01]
[01/01/09 01:33:16.372] 	recv: [4b: 33 72 01 05]
[01/01/09 01:33:16.385] send: [3b: 31 72 02]
[01/01/09 01:33:16.393] 	recv: [4b: 31 72 02 03]
[01/01/09 01:33:16.403] send: [3b: 32 72 02]
[01/01/09 01:33:16.410] 	recv: [4b: 32 72 02 03]
[01/01/09 01:33:16.423] send: [3b: 33 72 01]
[01/01/09 01:33:16.429] 	recv: [4b: 33 72 01 05]
[01/01/09 01:33:16.444] send: [3b: 31 72 02]
[01/01/09 01:33:16.449] 	recv: [4b: 31 72 02 03]
[01/01/09 01:33:16.466] send: [3b: 32 72 02]
[01/01/09 01:33:16.473] 	recv: [4b: 32 72 02 03]
[01/01/09 01:33:16.485] send: [3b: 33 72 01]
[01/01/09 01:33:16.491] 	recv: [4b: 33 72 01 05]
[01/01/09 01:33:16.505] send: [3b: 31 72 02]
[01/01/09 01:33:16.511] 	recv: [4b: 31 72 02 03]
[01/01/09 01:33:16.523] send: [3b: 32 72 02]
[01/01/09 01:33:16.529] 	recv: [4b: 32 72 02 03]
[01/01/09 01:33:16.544] send: [3b: 33 72 01]
[01/01/09 01:33:16.550] 	recv: [4b: 33 72 01 05]
[01/01/09 01:33:16.564] send: [3b: 31 72 02]
[01/01/09 01:33:16.571] 	recv: [4b: 31 72 02 03]
[01/01/09 01:33:16.584] send: [3b: 32 72 02]
[01/01/09 01:33:16.590] 	recv: [4b: 32 72 02 03]
[01/01/09 01:33:16.604] send: [3b: 33 72 01]
[01/01/09 01:33:16.612] 	recv: [4b: 33 72 01 05]
[01/01/09 01:33:16.624] send: [3b: 31 72 02]
[01/01/09 01:33:16.631] 	recv: [4b: 31 72 02 03]
[01/01/09 01:33:16.644] send: [3b: 32 72 02]
[01/01/09 01:33:16.651] 	recv: [4b: 32 72 02 03]
[01/01/09 01:33:16.664] send: [3b: 33 72 01]
[01/01/09 01:33:16.671] 	recv: [4b: 33 72 01 05]
[01/01/09 01:33:16.685] send: [3b: 31 72 02]
[01/01/09 01:33:16.691] 	recv: [4b: 31 72 02 03]
[01/01/09 01:33:16.705] send: [3b: 32 72 02]
[01/01/09 01:33:16.712] 	recv: [4b: 32 72 02 03]
[01/01/09 01:33:16.723] send: [3b: 33 72 01]
[01/01/09 01:33:16.730] 	recv: [4b: 33 72 01 05]
[01/01/09 01:33:16.746] send: [3b: 31 72 02]
[01/01/09 01:33:16.752] 	recv: [4b: 31 72 02 03]
[01/01/09 01:33:16.764] send: [3b: 32 72 02]
[01/01/09 01:33:16.769] 	recv: [4b: 32 72 02 03]
[01/01/09 01:33:16.784] send: [3b: 33 72 01]
[01/01/09 01:33:16.791] 	recv: [4b: 33 72 01 05]
[01/01/09 01:33:16.804] send: [3b: 31 72 02]
[01/01/09 01:33:16.809] 	recv: [4b: 31 72 02 03]
[01/01/09 01:33:16.823] send: [3b: 32 72 02]
[01/01/09 01:33:16.829] 	recv: [4b: 32 72 02 03]
[01/01/09 01:33:16.845] send: [3b: 33 72 01]
[01/01/09 01:33:16.852] 	recv: [4b: 33 72 01 05]
[01/01/09 01:33:16.866] send: [3b: 31 72 02]
[01/01/09 01:33:16.873] 	recv: [4b: 31 72 02 03]
[01/01/09 01:33:16.886] send: [3b: 32 72 02]
[01/01/09 01:33:16.893] 	recv: [4b: 32 72 02 03]
[01/01/09 01:33:16.905] send: [3b: 33 72 01]
[01/01/09 01:33:16.912] 	recv: [4b: 33 72 01 05]
[01/01/09 01:33:16.926] send: [3b: 31 72 02]
[01/01/09 01:33:16.931] 	recv: [4b: 31 72 02 03]
[01/01/09 01:33:16.944] send: [3b: 32 72 02]
[01/01/09 01:33:16.951] 	recv: [4b: 32 72 02 03]
[01/01/09 01:33:16.964] send: [3b: 33 72 01]
[01/01/09 01:33:16.969] 	recv: [4b: 33 72 01 05]
[01/01/09 01:33:16.984] send: [3b: 31 72 02]
[01/01/09 01:33:16.989] 	recv: [4b: 31 72 02 03]
[01/01/09 01:33:17.003] send: [3b: 32 72 02]
[01/01/09 01:33:17.009] 	recv: [4b: 32 72 02 03]
[01/01/09 01:33:17.025] send: [3b: 33 72 01]
[01/01/09 01:33:17.031] 	recv: [4b: 33 72 01 05]
[01/01/09 01:33:17.044] send: [3b: 31 72 02]
[01/01/09 01:33:17.049] 	recv: [4b: 31 72 02 03]
[01/01/09 01:33:17.056] send: [3b: 32 72 02]
[01/01/09 01:33:17.063] 	recv: [4b: 32 72 02 03]
[01/01/09 01:33:17.074] send: [3b: 33 72 01]
[01/01/09 01:33:17.080] 	recv: [4b: 33 72 01 05]
[01/01/09 01:33:17.096] send: [3b: 31 72 02]
[01/01/09 01:33:17.103] 	recv: [4b: 31 72 02 03]
[01/01/09 01:33:17.115] send: [3b: 32 72 02]
[01/01/09 01:33:17.122] 	recv: [4b: 32 72 02 03]
[01/01/09 01:33:17.135] send: [3b: 33 72 01]
[01/01/09 01:33:17.142] 	recv: [4b: 33 72 01 05]
[01/01/09 01:33:17.156] send: [3b: 31 72 02]
[01/01/09 01:33:17.163] 	recv: [4b: 31 72 02 03]
[01/01/09 01:33:17.176] send: [3b: 32 72 02]
[01/01/09 01:33:17.181] 	recv: [4b: 32 72 02 03]
[01/01/09 01:33:17.197] send: [3b: 33 72 01]
[01/01/09 01:33:17.204] send: [3b: 32 72 02]
[01/01/09 01:33:17.205] 	recv: [4b: 33 72 01 05]
[01/01/09 01:33:17.211] 	recv: [4b: 32 72 02 03]
[01/01/09 01:33:17.226] send: [3b: 33 72 01]
[01/01/09 01:33:17.232] 	recv: [4b: 33 72 01 05]
[01/01/09 01:33:17.244] send: [3b: 31 72 02]
[01/01/09 01:33:17.251] 	recv: [4b: 31 72 02 03]
[01/01/09 01:33:17.264] send: [3b: 32 72 02]
[01/01/09 01:33:17.270] 	recv: [4b: 32 72 02 03]
[01/01/09 01:33:17.283] send: [3b: 33 72 01]
[01/01/09 01:33:17.289] 	recv: [4b: 33 72 01 05]
[01/01/09 01:33:17.304] send: [3b: 31 72 02]
[01/01/09 01:33:17.309] 	recv: [4b: 31 72 02 03]
[01/01/09 01:33:17.325] send: [3b: 32 72 02]
[01/01/09 01:33:17.331] 	recv: [4b: 32 72 02 03]
[01/01/09 01:33:17.344] send: [3b: 33 72 01]
[01/01/09 01:33:17.349] 	recv: [4b: 33 72 01 05]
[01/01/09 01:33:17.364] send: [3b: 31 72 02]
[01/01/09 01:33:17.369] 	recv: [4b: 31 72 02 03]
[01/01/09 01:33:17.383] send: [3b: 32 72 02]
[01/01/09 01:33:17.390] 	recv: [4b: 32 72 02 03]
[01/01/09 01:33:17.404] send: [3b: 33 72 01]
[01/01/09 01:33:17.411] 	recv: [4b: 33 72 01 05]
[01/01/09 01:33:17.424] send: [3b: 31 72 02]
[01/01/09 01:33:17.431] 	recv: [4b: 31 72 02 03]
[01/01/09 01:33:17.445] send: [3b: 32 72 02]
[01/01/09 01:33:17.452] 	recv: [4b: 32 72 02 03]
[01/01/09 01:33:17.465] send: [3b: 33 72 01]
[01/01/09 01:33:17.470] 	recv: [4b: 33 72 01 05]
[01/01/09 01:33:17.484] send: [3b: 31 72 02]
[01/01/09 01:33:17.491] 	recv: [4b: 31 72 02 03]
[01/01/09 01:33:17.506] send: [3b: 32 72 02]
[01/01/09 01:33:17.511] 	recv: [4b: 32 72 02 03]
[01/01/09 01:33:17.526] send: [3b: 33 72 01]
[01/01/09 01:33:17.531] 	recv: [4b: 33 72 01 05]
[01/01/09 01:33:17.546] send: [3b: 31 72 02]
[01/01/09 01:33:17.553] 	recv: [4b: 31 72 02 03]
[01/01/09 01:33:17.566] send: [3b: 32 72 02]
[01/01/09 01:33:17.575] send: [3b: 31 72 02]
[01/01/09 01:33:17.575] 	recv: [4b: 32 72 02 03]
[01/01/09 01:33:17.581] 	recv: [4b: 31 72 02 03]
[01/01/09 01:33:17.598] send: [3b: 32 72 02]
[01/01/09 01:33:17.603] 	recv: [4b: 32 72 02 03]
[01/01/09 01:33:17.617] send: [3b: 33 72 01]
[01/01/09 01:33:17.623] 	recv: [4b: 33 72 01 05]
[01/01/09 01:33:17.633] send: [3b: 31 72 02]
[01/01/09 01:33:17.639] 	recv: [4b: 31 72 02 03]
[01/01/09 01:33:17.654] send: [3b: 32 72 02]
[01/01/09 01:33:17.659] 	recv: [4b: 32 72 02 03]
[01/01/09 01:33:17.678] send: [3b: 33 72 01]
[01/01/09 01:33:17.683] 	recv: [4b: 33 72 01 05]
[01/01/09 01:33:17.694] send: [3b: 31 72 02]
[01/01/09 01:33:17.699] 	recv: [4b: 31 72 02 03]
[01/01/09 01:33:17.714] send: [3b: 32 72 02]
[01/01/09 01:33:17.720] 	recv: [4b: 32 72 02 03]
[01/01/09 01:33:17.733] send: [3b: 33 72 01]
[01/01/09 01:33:17.739] 	recv: [4b: 33 72 01 05]
[01/01/09 01:33:17.754] send: [3b: 31 72 02]
[01/01/09 01:33:17.761] 	recv: [4b: 31 72 02 03]
[01/01/09 01:33:17.776] send: [3b: 32 72 02]
[01/01/09 01:33:17.783] 	recv: [4b: 32 72 02 03]
[01/01/09 01:33:17.795] send: [3b: 33 72 01]
[01/01/09 01:33:17.800] 	recv: [4b: 33 72 01 05]
[01/01/09 01:33:17.814] send: [3b: 31 72 02]
[01/01/09 01:33:17.819] 	recv: [4b: 31 72 02 03]
[01/01/09 01:33:17.834] send: [3b: 32 72 02]
[01/01/09 01:33:17.840] 	recv: [4b: 32 72 02 03]
[01/01/09 01:33:17.853] send: [3b: 33 72 01]
[01/01/09 01:33:17.859] 	recv: [4b: 33 72 01 05]
[01/01/09 01:33:17.875] send: [3b: 31 72 02]
[01/01/09 01:33:17.882] 	recv: [4b: 31 72 02 03]
[01/01/09 01:33:17.894] send: [3b: 32 72 02]
[01/01/09 01:33:17.899] 	recv: [4b: 32 72 02 03]
[01/01/09 01:33:17.913] send: [3b: 33 72 01]
[01/01/09 01:33:17.920] 	recv: [4b: 33 72 01 05]
[01/01/09 01:33:17.933] send: [3b: 31 72 02]
[01/01/09 01:33:17.939] 	recv: [4b: 31 72 02 03]
[01/01/09 01:33:17.955] send: [3b: 32 72 02]
[01/01/09 01:33:17.962] 	recv: [4b: 32 72 02 03]
[01/01/09 01:33:17.973] send: [3b: 33 72 01]
[01/01/09 01:33:17.979] 	recv: [4b: 33 72 01 05]
[01/01/09 01:33:17.986] send: [3b: 31 72 02]
[01/01/09 01:33:17.992] 	recv: [4b: 31 72 02 03]
[01/01/09 01:33:18.005] send: [3b: 32 72 02]
[01/01/09 01:33:18.010] 	recv: [4b: 32 72 02 03]
[01/01/09 01:33:18.025] send: [3b: 33 72 01]
[01/01/09 01:33:18.030] 	recv: [4b: 33 72 01 05]
[01/01/09 01:33:18.043] send: [3b: 31 72 02]
[01/01/09 01:33:18.049] 	recv: [4b: 31 72 02 03]
[01/01/09 01:33:18.064] send: [3b: 32 72 02]
[01/01/09 01:33:18.070] 	recv: [4b: 32 72 02 03]
[01/01/09 01:33:18.085] send: [3b: 33 72 01]
[01/01/09 01:33:18.091] 	recv: [4b: 33 72 01 05]
[01/01/09 01:33:18.105] send: [3b: 31 72 02]
[01/01/09 01:33:18.110] 	recv: [4b: 31 72 02 03]
[01/01/09 01:33:18.125] send: [3b: 32 72 02]
[01/01/09 01:33:18.131] 	recv: [4b: 32 72 02 03]
[01/01/09 01:33:18.146] send: [3b: 33 72 01]
[01/01/09 01:33:18.152] 	recv: [4b: 33 72 01 05]
[01/01/09 01:33:18.164] send: [3b: 31 72 02]
[01/01/09 01:33:18.169] 	recv: [4b: 31 72 02 03]
[01/01/09 01:33:18.183] send: [3b: 32 72 02]
[01/01/09 01:33:18.189] 	recv: [4b: 32 72 02 03]
[01/01/09 01:33:18.204] send: [3b: 33 72 01]
[01/01/09 01:33:18.210] 	recv: [4b: 33 72 01 05]
[01/01/09 01:33:18.224] send: [3b: 31 72 02]
[01/01/09 01:33:18.230] 	recv: [4b: 31 72 02 03]
[01/01/09 01:33:18.245] send: [3b: 32 72 02]
[01/01/09 01:33:18.250] 	recv: [4b: 32 72 02 03]
[01/01/09 01:33:18.263] send: [3b: 33 72 01]
[01/01/09 01:33:18.271] 	recv: [4b: 33 72 01 05]
[01/01/09 01:33:18.284] send: [3b: 31 72 02]
[01/01/09 01:33:18.290] 	recv: [4b: 31 72 02 03]
[01/01/09 01:33:18.304] send: [3b: 32 72 02]
[01/01/09 01:33:18.310] 	recv: [4b: 32 72 02 03]
[01/01/09 01:33:18.324] send: [3b: 33 72 01]
[01/01/09 01:33:18.331] 	recv: [4b: 33 72 01 05]
[01/01/09 01:33:18.347] send: [3b: 31 72 02]
[01/01/09 01:33:18.352] 	recv: [4b: 31 72 02 03]
[01/01/09 01:33:18.364] send: [3b: 32 72 02]
[01/01/09 01:33:18.369] 	recv: [4b: 32 72 02 03]
[01/01/09 01:33:18.384] send: [3b: 33 72 01]
[01/01/09 01:33:18.389] 	recv: [4b: 33 72 01 05]
[01/01/09 01:33:18.404] send: [3b: 31 72 02]
[01/01/09 01:33:18.410] 	recv: [4b: 31 72 02 03]
[01/01/09 01:33:18.425] send: [3b: 32 72 02]
[01/01/09 01:33:18.432] 	recv: [4b: 32 72 02 03]
[01/01/09 01:33:18.444] send: [3b: 33 72 01]
[01/01/09 01:33:18.450] 	recv: [4b: 33 72 01 05]
[01/01/09 01:33:18.464] send: [3b: 31 72 02]
[01/01/09 01:33:18.471] 	recv: [4b: 31 72 02 03]
[01/01/09 01:33:18.485] send: [3b: 32 72 02]
[01/01/09 01:33:18.491] 	recv: [4b: 32 72 02 03]
[01/01/09 01:33:18.504] send: [3b: 33 72 01]
[01/01/09 01:33:18.509] 	recv: [4b: 33 72 01 05]
[01/01/09 01:33:18.524] send: [3b: 31 72 02]
[01/01/09 01:33:18.529] 	recv: [4b: 31 72 02 03]
[01/01/09 01:33:18.543] send: [3b: 32 72 02]
[01/01/09 01:33:18.550] 	recv: [4b: 32 72 02 03]
[01/01/09 01:33:18.567] send: [3b: 33 72 01]
[01/01/09 01:33:18.573] 	recv: [4b: 33 72 01 05]
[01/01/09 01:33:18.584] send: [3b: 31 72 02]
[01/01/09 01:33:18.590] 	recv: [4b: 31 72 02 03]
[01/01/09 01:33:18.606] send: [3b: 32 72 02]
[01/01/09 01:33:18.612] 	recv: [4b: 32 72 02 03]
[01/01/09 01:33:18.624] send: [3b: 33 72 01]
[01/01/09 01:33:18.629] 	recv: [4b: 33 72 01 05]
[01/01/09 01:33:18.647] send: [3b: 31 72 02]
[01/01/09 01:33:18.653] 	recv: [4b: 31 72 02 03]
[01/01/09 01:33:18.664] send: [3b: 32 72 02]
[01/01/09 01:33:18.669] 	recv: [4b: 32 72 02 03]
[01/01/09 01:33:18.685] send: [3b: 33 72 01]
[01/01/09 01:33:18.691] 	recv: [4b: 33 72 01 05]
[01/01/09 01:33:18.705] send: [3b: 31 72 02]
[01/01/09 01:33:18.710] 	recv: [4b: 31 72 02 03]
[01/01/09 01:33:18.725] send: [3b: 32 72 02]
[01/01/09 01:33:18.731] 	recv: [4b: 32 72 02 03]
[01/01/09 01:33:18.744] send: [3b: 33 72 01]
[01/01/09 01:33:18.750] 	recv: [4b: 33 72 01 05]
[01/01/09 01:33:18.764] send: [3b: 31 72 02]
[01/01/09 01:33:18.770] 	recv: [4b: 31 72 02 03]
[01/01/09 01:33:18.783] send: [3b: 32 72 02]
[01/01/09 01:33:18.789] 	recv: [4b: 32 72 02 03]
[01/01/09 01:33:18.806] send: [3b: 33 72 01]
[01/01/09 01:33:18.811] 	recv: [4b: 33 72 01 05]
[01/01/09 01:33:18.827] send: [3b: 31 72 02]
[01/01/09 01:33:18.833] 	recv: [4b: 31 72 02 03]
[01/01/09 01:33:18.843] send: [3b: 32 72 02]
[01/01/09 01:33:18.849] 	recv: [4b: 32 72 02 03]
[01/01/09 01:33:18.864] send: [3b: 33 72 01]
[01/01/09 01:33:18.871] 	recv: [4b: 33 72 01 05]
[01/01/09 01:33:18.884] send: [3b: 31 72 02]
[01/01/09 01:33:18.890] 	recv: [4b: 31 72 02 03]
[01/01/09 01:33:18.904] send: [3b: 32 72 02]
[01/01/09 01:33:18.909] 	recv: [4b: 32 72 02 03]
[01/01/09 01:33:18.916] send: [3b: 33 72 01]
[01/01/09 01:33:18.923] 	recv: [4b: 33 72 01 05]
[01/01/09 01:33:18.938] send: [3b: 31 72 02]
[01/01/09 01:33:18.943] 	recv: [4b: 31 72 02 03]
[01/01/09 01:33:18.956] send: [3b: 32 72 02]
[01/01/09 01:33:18.962] 	recv: [4b: 32 72 02 03]
[01/01/09 01:33:18.974] send: [3b: 33 72 01]
[01/01/09 01:33:18.980] 	recv: [4b: 33 72 01 05]
[01/01/09 01:33:18.993] send: [3b: 31 72 02]
[01/01/09 01:33:18.998] 	recv: [4b: 31 72 02 03]
[01/01/09 01:33:19.014] send: [3b: 32 72 02]
[01/01/09 01:33:19.021] 	recv: [4b: 32 72 02 03]
[01/01/09 01:33:19.034] send: [3b: 33 72 01]
[01/01/09 01:33:19.040] 	recv: [4b: 33 72 01 05]
[01/01/09 01:33:19.054] send: [3b: 31 72 02]
[01/01/09 01:33:19.060] 	recv: [4b: 31 72 02 03]
[01/01/09 01:33:19.074] send: [3b: 32 72 02]
[01/01/09 01:33:19.081] 	recv: [4b: 32 72 02 03]
[01/01/09 01:33:19.094] send: [3b: 33 72 01]
[01/01/09 01:33:19.100] 	recv: [4b: 33 72 01 05]
[01/01/09 01:33:19.114] send: [3b: 31 72 02]
[01/01/09 01:33:19.121] 	recv: [4b: 31 72 02 03]
[01/01/09 01:33:19.134] send: [3b: 32 72 02]
[01/01/09 01:33:19.140] 	recv: [4b: 32 72 02 03]
[01/01/09 01:33:19.154] send: [3b: 33 72 01]
[01/01/09 01:33:19.161] 	recv: [4b: 33 72 01 05]
[01/01/09 01:33:19.174] send: [3b: 31 72 02]
[01/01/09 01:33:19.180] 	recv: [4b: 31 72 02 03]
[01/01/09 01:33:19.195] send: [3b: 32 72 02]
[01/01/09 01:33:19.202] 	recv: [4b: 32 72 02 03]
[01/01/09 01:33:19.214] send: [3b: 33 72 01]
[01/01/09 01:33:19.220] 	recv: [4b: 33 72 01 05]
[01/01/09 01:33:19.234] send: [3b: 31 72 02]
[01/01/09 01:33:19.241] 	recv: [4b: 31 72 02 03]
[01/01/09 01:33:19.254] send: [3b: 32 72 02]
[01/01/09 01:33:19.260] 	recv: [4b: 32 72 02 03]
[01/01/09 01:33:19.274] send: [3b: 33 72 01]
[01/01/09 01:33:19.280] 	recv: [4b: 33 72 01 05]
[01/01/09 01:33:19.294] send: [3b: 31 72 02]
[01/01/09 01:33:19.300] 	recv: [4b: 31 72 02 03]
[01/01/09 01:33:19.314] send: [3b: 32 72 02]
[01/01/09 01:33:19.319] 	recv: [4b: 32 72 02 03]
[01/01/09 01:33:19.334] send: [3b: 33 72 01]
[01/01/09 01:33:19.341] 	recv: [4b: 33 72 01 05]
[01/01/09 01:33:19.354] send: [3b: 31 72 02]
[01/01/09 01:33:19.361] 	recv: [4b: 31 72 02 03]
[01/01/09 01:33:19.374] send: [3b: 32 72 02]
[01/01/09 01:33:19.380] 	recv: [4b: 32 72 02 03]
[01/01/09 01:33:19.398] send: [3b: 33 72 01]
[01/01/09 01:33:19.404] send: [3b: 32 72 02]
[01/01/09 01:33:19.404] 	recv: [4b: 33 72 01 05]
[01/01/09 01:33:19.411] 	recv: [4b: 32 72 02 03]
[01/01/09 01:33:19.424] send: [3b: 33 72 01]
[01/01/09 01:33:19.430] 	recv: [4b: 33 72 01 05]
[01/01/09 01:33:19.443] send: [3b: 31 72 02]
[01/01/09 01:33:19.450] 	recv: [4b: 31 72 02 03]
[01/01/09 01:33:19.464] send: [3b: 32 72 02]
[01/01/09 01:33:19.470] 	recv: [4b: 32 72 02 03]
[01/01/09 01:33:19.483] send: [3b: 33 72 01]
[01/01/09 01:33:19.489] 	recv: [4b: 33 72 01 05]
[01/01/09 01:33:19.503] send: [3b: 31 72 02]
[01/01/09 01:33:19.509] 	recv: [4b: 31 72 02 03]
[01/01/09 01:33:19.524] send: [3b: 32 72 02]
[01/01/09 01:33:19.531] 	recv: [4b: 32 72 02 03]
[01/01/09 01:33:19.545] send: [3b: 33 72 01]
[01/01/09 01:33:19.551] 	recv: [4b: 33 72 01 05]
[01/01/09 01:33:19.563] send: [3b: 31 72 02]
[01/01/09 01:33:19.569] 	recv: [4b: 31 72 02 03]
[01/01/09 01:33:19.577] send: [3b: 32 72 02]
[01/01/09 01:33:19.582] 	recv: [4b: 32 72 02 03]
[01/01/09 01:33:19.598] send: [3b: 33 72 01]
[01/01/09 01:33:19.603] 	recv: [4b: 33 72 01 05]
[01/01/09 01:33:19.614] send: [3b: 31 72 02]
[01/01/09 01:33:19.620] 	recv: [4b: 31 72 02 03]
[01/01/09 01:33:19.634] send: [3b: 32 72 02]
[01/01/09 01:33:19.639] 	recv: [4b: 32 72 02 03]
[01/01/09 01:33:19.653] send: [3b: 33 72 01]
[01/01/09 01:33:19.659] 	recv: [4b: 33 72 01 05]
[01/01/09 01:33:19.674] send: [3b: 31 72 02]
[01/01/09 01:33:19.680] 	recv: [4b: 31 72 02 03]
[01/01/09 01:33:19.695] send: [3b: 32 72 02]
[01/01/09 01:33:19.701] 	recv: [4b: 32 72 02 03]
[01/01/09 01:33:19.714] send: [3b: 33 72 01]
[01/01/09 01:33:19.720] 	recv: [4b: 33 72 01 05]
[01/01/09 01:33:19.734] send: [3b: 31 72 02]
[01/01/09 01:33:19.740] 	recv: [4b: 31 72 02 03]
[01/01/09 01:33:19.747] send: [3b: 32 72 02]
[01/01/09 01:33:19.753] 	recv: [4b: 32 72 02 03]
[01/01/09 01:33:19.765] send: [3b: 33 72 01]
[01/01/09 01:33:19.771] 	recv: [4b: 33 72 01 05]
[01/01/09 01:33:19.784] send: [3b: 31 72 02]
[01/01/09 01:33:19.790] 	recv: [4b: 31 72 02 03]
[01/01/09 01:33:19.804] send: [3b: 32 72 02]
[01/01/09 01:33:19.809] 	recv: [4b: 32 72 02 03]
[01/01/09 01:33:19.824] send: [3b: 33 72 01]
[01/01/09 01:33:19.830] 	recv: [4b: 33 72 01 05]
[01/01/09 01:33:19.844] send: [3b: 31 72 02]
[01/01/09 01:33:19.850] 	recv: [4b: 31 72 02 03]
[01/01/09 01:33:19.863] send: [3b: 32 72 02]
[01/01/09 01:33:19.869] 	recv: [4b: 32 72 02 03]
[01/01/09 01:33:19.885] send: [3b: 33 72 01]
[01/01/09 01:33:19.890] 	recv: [4b: 33 72 01 05]
[01/01/09 01:33:19.903] send: [3b: 31 72 02]
[01/01/09 01:33:19.911] 	recv: [4b: 31 72 02 03]
[01/01/09 01:33:19.924] send: [3b: 32 72 02]
[01/01/09 01:33:19.930] 	recv: [4b: 32 72 02 03]
[01/01/09 01:33:19.944] send: [3b: 33 72 01]
[01/01/09 01:33:19.951] 	recv: [4b: 33 72 01 05]
[01/01/09 01:33:19.964] send: [3b: 31 72 02]
[01/01/09 01:33:19.971] 	recv: [4b: 31 72 02 03]
[01/01/09 01:33:19.984] send: [3b: 32 72 02]
[01/01/09 01:33:19.990] 	recv: [4b: 32 72 02 03]
[01/01/09 01:33:20.004] send: [3b: 33 72 01]
[01/01/09 01:33:20.011] 	recv: [4b: 33 72 01 05]
[01/01/09 01:33:20.024] send: [3b: 31 72 02]
[01/01/09 01:33:20.029] 	recv: [4b: 31 72 02 03]
[01/01/09 01:33:20.045] send: [3b: 32 72 02]
[01/01/09 01:33:20.051] 	recv: [4b: 32 72 02 03]
[01/01/09 01:33:20.064] send: [3b: 33 72 01]
[01/01/09 01:33:20.069] 	recv: [4b: 33 72 01 05]
[01/01/09 01:33:20.085] send: [3b: 31 72 02]
[01/01/09 01:33:20.091] 	recv: [4b: 31 72 02 03]
[01/01/09 01:33:20.105] send: [3b: 32 72 02]
[01/01/09 01:33:20.112] 	recv: [4b: 32 72 02 13]
[01/01/09 01:33:20.125] send: [3b: 33 72 01]
[01/01/09 01:33:20.132] 	recv: [4b: 33 72 01 05]
[01/01/09 01:33:20.145] send: [3b: 31 72 02]
[01/01/09 01:33:20.151] 	recv: [4b: 31 72 02 03]
[01/01/09 01:33:20.165] send: [3b: 33 72 01]
[01/01/09 01:33:20.173] 	recv: [4b: 33 72 01 05]
[01/01/09 01:33:20.184] send: [3b: 31 72 02]
[01/01/09 01:33:20.189] 	recv: [4b: 31 72 02 03]
[01/01/09 01:33:20.205] send: [6b: 32 42 FF FF FF 7A]
[01/01/09 01:33:20.212] 	recv: [2b: 32 42]
[01/01/09 01:33:20.223] send: [3b: 33 72 01]
[01/01/09 01:33:20.229] 	recv: [4b: 33 72 01 05]
[01/01/09 01:33:20.236] send: [3b: 31 72 02]
[01/01/09 01:33:20.243] 	recv: [4b: 31 72 02 03]
[01/01/09 01:33:20.256] send: [3b: 32 72 01]
[01/01/09 01:33:20.263] 	recv: [4b: 32 72 01 85]
[01/01/09 01:33:20.276] send: [3b: 33 72 01]
[01/01/09 01:33:20.283] 	recv: [4b: 33 72 01 05]
[01/01/09 01:33:20.298] send: [3b: 31 72 02]
[01/01/09 01:33:20.303] 	recv: [4b: 31 72 02 03]
[01/01/09 01:33:20.318] send: [3b: 32 72 01]
[01/01/09 01:33:20.323] 	recv: [4b: 32 72 01 85]
[01/01/09 01:33:20.334] send: [3b: 33 72 01]
[01/01/09 01:33:20.340] 	recv: [4b: 33 72 01 05]
[01/01/09 01:33:20.353] send: [3b: 31 72 02]
[01/01/09 01:33:20.359] 	recv: [4b: 31 72 02 03]
[01/01/09 01:33:20.366] send: [3b: 32 72 01]
[01/01/09 01:33:20.372] 	recv: [4b: 32 72 01 85]
[01/01/09 01:33:20.384] send: [3b: 33 72 01]
[01/01/09 01:33:20.390] 	recv: [4b: 33 72 01 05]
[01/01/09 01:33:20.405] send: [3b: 31 72 02]
[01/01/09 01:33:20.412] 	recv: [4b: 31 72 02 03]
[01/01/09 01:33:20.424] send: [3b: 32 72 01]
[01/01/09 01:33:20.430] 	recv: [4b: 32 72 01 85]
[01/01/09 01:33:20.444] send: [3b: 33 72 01]
[01/01/09 01:33:20.451] 	recv: [4b: 33 72 01 05]
[01/01/09 01:33:20.464] send: [3b: 31 72 02]
[01/01/09 01:33:20.471] 	recv: [4b: 31 72 02 03]
[01/01/09 01:33:20.484] send: [3b: 32 72 01]
[01/01/09 01:33:20.489] 	recv: [4b: 32 72 01 85]
[01/01/09 01:33:20.504] send: [3b: 33 72 01]
[01/01/09 01:33:20.510] 	recv: [4b: 33 72 01 05]
[01/01/09 01:33:20.523] send: [3b: 31 72 02]
[01/01/09 01:33:20.530] 	recv: [4b: 31 72 02 03]
[01/01/09 01:33:20.546] send: [3b: 32 72 01]
[01/01/09 01:33:20.555] send: [3b: 31 72 02]
[01/01/09 01:33:20.555] 	recv: [4b: 32 72 01 85]
[01/01/09 01:33:20.561] 	recv: [4b: 31 72 02 03]
[01/01/09 01:33:20.576] send: [3b: 32 72 01]
[01/01/09 01:33:20.581] 	recv: [4b: 32 72 01 85]
[01/01/09 01:33:20.596] send: [3b: 33 72 01]
[01/01/09 01:33:20.602] 	recv: [4b: 33 72 01 00]
[01/01/09 01:33:20.613] send: [3b: 31 72 02]
[01/01/09 01:33:20.619] 	recv: [4b: 31 72 02 03]
[01/01/09 01:33:20.636] send: [3b: 32 72 01]
[01/01/09 01:33:20.642] 	recv: [4b: 32 72 01 85]
[01/01/09 01:33:20.654] send: [3b: 31 72 02]
[01/01/09 01:33:20.660] 	recv: [4b: 31 72 02 03]
[01/01/09 01:33:20.673] send: [3b: 32 72 01]
[01/01/09 01:33:20.679] 	recv: [4b: 32 72 01 85]
[01/01/09 01:33:20.694] send: [5b: 33 71 13 13 24]
[01/01/09 01:33:20.699] 	recv: [3b: 33 71 13]
[01/01/09 01:33:20.699] error: bus thread interrupted
[01/01/09 01:33:20.725] resources: ut=0.15 st=0.06
[01/01/09 01:33:20.725] log finished
