[01/01/09 01:33:07.291] log started
[01/01/09 01:33:07.291] 	[ BusInterface ]
[01/01/09 01:33:07.291] 	cycle = 20
[01/01/09 01:33:07.291] 	delayWriteTime = 6
[01/01/09 01:33:07.291] 	href = cout_4002
[01/01/09 01:33:07.291] 	interface = ethernet
[01/01/09 01:33:07.291] 	localAddr = 10.0.0.1
[01/01/09 01:33:07.291] 	localPort = 4002
[01/01/09 01:33:07.291] 	log:path = 
[01/01/09 01:33:07.291] 	log:size = 
[01/01/09 01:33:07.291] 	log:type = info
[01/01/09 01:33:07.291] 	name = TCP/UDP/UnixSocket Network Bus
[01/01/09 01:33:07.291] 	protocol = udp
[01/01/09 01:33:07.291] 	remoteAddr = 10.0.0.2
[01/01/09 01:33:07.292] 	remotePort = 4002
[01/01/09 01:33:07.292] 	sym = bus_4002
[01/01/09 01:33:07.292] 	type = ethernet
[01/01/09 01:33:07.292] 	vendor = Spetstekhnika
[01/01/09 01:33:07.292] 	writeDelay = async
[01/01/09 01:33:07.292] tid = 6408
[01/01/09 01:33:07.346] udp connection started (cycle=20, receive size=10240)
[01/01/09 01:33:07.346] 	local  = 10.0.0.1:4002
[01/01/09 01:33:07.346] 	remote = 10.0.0.2:4002
[01/01/09 01:33:07.346] 	SO_RCVBUF = 63488
[01/01/09 01:33:07.347] 	SO_SNDBUF = 63488
[01/01/09 01:33:07.368] connection: receive timeout (1,1 10240/10240,0/0)
[01/01/09 01:33:07.369] send: [2b: 32 47]
[01/01/09 01:33:07.376] 	recv: [2b: 32 47]
[01/01/09 01:33:07.396] send: [2b: 31 47]
[01/01/09 01:33:07.401] 	recv: [2b: 31 47]
[01/01/09 01:33:07.415] send: [5b: 32 71 13 05 DC]
[01/01/09 01:33:07.421] 	recv: [3b: 32 71 13]
[01/01/09 01:33:07.434] send: [5b: 31 71 13 05 DC]
[01/01/09 01:33:07.440] 	recv: [3b: 31 71 13]
[01/01/09 01:33:07.457] send: [5b: 32 71 12 00 32]
[01/01/09 01:33:07.462] 	recv: [3b: 32 71 12]
[01/01/09 01:33:07.476] send: [5b: 31 71 12 00 32]
[01/01/09 01:33:07.482] 	recv: [3b: 31 71 12]
[01/01/09 01:33:07.494] send: [4b: 32 71 14 06]
[01/01/09 01:33:07.501] 	recv: [3b: 32 71 14]
[01/01/09 01:33:07.515] send: [4b: 31 71 14 0B]
[01/01/09 01:33:07.521] 	recv: [3b: 31 71 14]
[01/01/09 01:33:07.534] send: [4b: 32 71 15 3C]
[01/01/09 01:33:07.540] 	recv: [3b: 32 71 15]
[01/01/09 01:33:07.556] send: [4b: 31 71 15 3C]
[01/01/09 01:33:07.562] 	recv: [3b: 31 71 15]
[01/01/09 01:33:07.576] send: [6b: 32 42 00 00 06 40]
[01/01/09 01:33:07.583] 	recv: [2b: 32 42]
[01/01/09 01:33:07.593] send: [6b: 31 42 FF FF F5 E2]
[01/01/09 01:33:07.600] 	recv: [2b: 31 42]
[01/01/09 01:33:07.615] send: [3b: 32 72 01]
[01/01/09 01:33:07.621] 	recv: [4b: 32 72 01 05]
[01/01/09 01:33:07.634] send: [3b: 31 72 01]
[01/01/09 01:33:07.640] 	recv: [4b: 31 72 01 85]
[01/01/09 01:33:07.654] send: [3b: 32 72 01]
[01/01/09 01:33:07.660] 	recv: [4b: 32 72 01 05]
[01/01/09 01:33:07.674] send: [3b: 31 72 01]
[01/01/09 01:33:07.679] 	recv: [4b: 31 72 01 85]
[01/01/09 01:33:07.694] send: [3b: 32 72 01]
[01/01/09 01:33:07.700] 	recv: [4b: 32 72 01 05]
[01/01/09 01:33:07.716] send: [3b: 31 72 01]
[01/01/09 01:33:07.722] 	recv: [4b: 31 72 01 85]
[01/01/09 01:33:07.734] send: [3b: 32 72 01]
[01/01/09 01:33:07.739] 	recv: [4b: 32 72 01 05]
[01/01/09 01:33:07.754] send: [3b: 31 72 01]
[01/01/09 01:33:07.759] 	recv: [4b: 31 72 01 85]
[01/01/09 01:33:07.774] send: [3b: 32 72 01]
[01/01/09 01:33:07.780] 	recv: [4b: 32 72 01 05]
[01/01/09 01:33:07.795] send: [3b: 31 72 01]
[01/01/09 01:33:07.802] 	recv: [4b: 31 72 01 85]
[01/01/09 01:33:07.814] send: [3b: 32 72 01]
[01/01/09 01:33:07.820] 	recv: [4b: 32 72 01 05]
[01/01/09 01:33:07.834] send: [3b: 31 72 01]
[01/01/09 01:33:07.840] 	recv: [4b: 31 72 01 85]
[01/01/09 01:33:07.854] send: [3b: 32 72 01]
[01/01/09 01:33:07.860] 	recv: [4b: 32 72 01 05]
[01/01/09 01:33:07.875] send: [3b: 31 72 01]
[01/01/09 01:33:07.881] 	recv: [4b: 31 72 01 85]
[01/01/09 01:33:07.894] send: [3b: 32 72 01]
[01/01/09 01:33:07.900] 	recv: [4b: 32 72 01 05]
[01/01/09 01:33:07.914] send: [3b: 31 72 01]
[01/01/09 01:33:07.920] 	recv: [4b: 31 72 01 85]
[01/01/09 01:33:07.934] send: [3b: 32 72 01]
[01/01/09 01:33:07.940] 	recv: [4b: 32 72 01 05]
[01/01/09 01:33:07.954] send: [3b: 31 72 01]
[01/01/09 01:33:07.960] 	recv: [4b: 31 72 01 85]
[01/01/09 01:33:07.974] send: [3b: 32 72 01]
[01/01/09 01:33:07.980] 	recv: [4b: 32 72 01 05]
[01/01/09 01:33:07.996] send: [3b: 31 72 01]
[01/01/09 01:33:08.001] 	recv: [4b: 31 72 01 85]
[01/01/09 01:33:08.016] send: [3b: 32 72 01]
[01/01/09 01:33:08.021] 	recv: [4b: 32 72 01 05]
[01/01/09 01:33:08.034] send: [3b: 31 72 01]
[01/01/09 01:33:08.040] 	recv: [4b: 31 72 01 85]
[01/01/09 01:33:08.056] send: [3b: 32 72 01]
[01/01/09 01:33:08.062] 	recv: [4b: 32 72 01 05]
[01/01/09 01:33:08.073] send: [3b: 31 72 01]
[01/01/09 01:33:08.080] 	recv: [4b: 31 72 01 85]
[01/01/09 01:33:08.094] send: [3b: 32 72 01]
[01/01/09 01:33:08.101] 	recv: [4b: 32 72 01 05]
[01/01/09 01:33:08.114] send: [3b: 31 72 01]
[01/01/09 01:33:08.120] 	recv: [4b: 31 72 01 85]
[01/01/09 01:33:08.135] send: [3b: 32 72 01]
[01/01/09 01:33:08.140] 	recv: [4b: 32 72 01 05]
[01/01/09 01:33:08.155] send: [3b: 31 72 01]
[01/01/09 01:33:08.161] 	recv: [4b: 31 72 01 85]
[01/01/09 01:33:08.175] send: [3b: 32 72 01]
[01/01/09 01:33:08.181] 	recv: [4b: 32 72 01 05]
[01/01/09 01:33:08.195] send: [3b: 31 72 01]
[01/01/09 01:33:08.201] 	recv: [4b: 31 72 01 85]
[01/01/09 01:33:08.215] send: [3b: 32 72 01]
[01/01/09 01:33:08.221] 	recv: [4b: 32 72 01 05]
[01/01/09 01:33:08.236] send: [3b: 31 72 01]
[01/01/09 01:33:08.241] 	recv: [4b: 31 72 01 85]
[01/01/09 01:33:08.255] send: [3b: 32 72 01]
[01/01/09 01:33:08.261] 	recv: [4b: 32 72 01 05]
[01/01/09 01:33:08.273] send: [3b: 31 72 01]
[01/01/09 01:33:08.279] 	recv: [4b: 31 72 01 85]
[01/01/09 01:33:08.293] send: [3b: 32 72 01]
[01/01/09 01:33:08.299] 	recv: [4b: 32 72 01 05]
[01/01/09 01:33:08.313] send: [3b: 31 72 01]
[01/01/09 01:33:08.320] 	recv: [4b: 31 72 01 85]
[01/01/09 01:33:08.334] send: [3b: 32 72 01]
[01/01/09 01:33:08.341] 	recv: [4b: 32 72 01 05]
[01/01/09 01:33:08.348] send: [3b: 31 72 01]
[01/01/09 01:33:08.355] send: [3b: 31 72 01]
[01/01/09 01:33:08.358] 	recv: [4b: 31 72 01 85]
[01/01/09 01:33:08.365] 	recv: [4b: 31 72 01 85]
[01/01/09 01:33:08.375] send: [3b: 32 72 01]
[01/01/09 01:33:08.380] 	recv: [4b: 32 72 01 05]
[01/01/09 01:33:08.395] send: [3b: 31 72 01]
[01/01/09 01:33:08.401] 	recv: [4b: 31 72 01 85]
[01/01/09 01:33:08.415] send: [3b: 32 72 01]
[01/01/09 01:33:08.420] 	recv: [4b: 32 72 01 05]
[01/01/09 01:33:08.436] send: [3b: 31 72 01]
[01/01/09 01:33:08.443] 	recv: [4b: 31 72 01 85]
[01/01/09 01:33:08.456] send: [3b: 32 72 01]
[01/01/09 01:33:08.462] 	recv: [4b: 32 72 01 05]
[01/01/09 01:33:08.474] send: [3b: 31 72 01]
[01/01/09 01:33:08.481] 	recv: [4b: 31 72 01 85]
[01/01/09 01:33:08.493] send: [3b: 32 72 01]
[01/01/09 01:33:08.499] 	recv: [4b: 32 72 01 05]
[01/01/09 01:33:08.514] send: [3b: 31 72 01]
[01/01/09 01:33:08.520] 	recv: [4b: 31 72 01 85]
[01/01/09 01:33:08.533] send: [3b: 32 72 01]
[01/01/09 01:33:08.539] 	recv: [4b: 32 72 01 05]
[01/01/09 01:33:08.553] send: [3b: 31 72 01]
[01/01/09 01:33:08.560] 	recv: [4b: 31 72 01 85]
[01/01/09 01:33:08.574] send: [3b: 32 72 01]
[01/01/09 01:33:08.580] 	recv: [4b: 32 72 01 05]
[01/01/09 01:33:08.594] send: [3b: 31 72 01]
[01/01/09 01:33:08.601] 	recv: [4b: 31 72 01 85]
[01/01/09 01:33:08.613] send: [3b: 32 72 01]
[01/01/09 01:33:08.619] 	recv: [4b: 32 72 01 05]
[01/01/09 01:33:08.633] send: [3b: 31 72 01]
[01/01/09 01:33:08.639] 	recv: [4b: 31 72 01 85]
[01/01/09 01:33:08.654] send: [3b: 32 72 01]
[01/01/09 01:33:08.661] 	recv: [4b: 32 72 01 05]
[01/01/09 01:33:08.674] send: [3b: 31 72 01]
[01/01/09 01:33:08.681] 	recv: [4b: 31 72 01 85]
[01/01/09 01:33:08.694] send: [3b: 32 72 01]
[01/01/09 01:33:08.701] 	recv: [4b: 32 72 01 05]
[01/01/09 01:33:08.714] send: [3b: 31 72 01]
[01/01/09 01:33:08.721] 	recv: [4b: 31 72 01 85]
[01/01/09 01:33:08.734] send: [3b: 32 72 01]
[01/01/09 01:33:08.740] 	recv: [4b: 32 72 01 05]
[01/01/09 01:33:08.754] send: [3b: 31 72 01]
[01/01/09 01:33:08.760] 	recv: [4b: 31 72 01 85]
[01/01/09 01:33:08.773] send: [3b: 32 72 01]
[01/01/09 01:33:08.781] 	recv: [4b: 32 72 01 05]
[01/01/09 01:33:08.794] send: [3b: 31 72 01]
[01/01/09 01:33:08.800] 	recv: [4b: 31 72 01 85]
[01/01/09 01:33:08.814] send: [3b: 32 72 01]
[01/01/09 01:33:08.821] 	recv: [4b: 32 72 01 05]
[01/01/09 01:33:08.834] send: [3b: 31 72 01]
[01/01/09 01:33:08.840] 	recv: [4b: 31 72 01 85]
[01/01/09 01:33:08.853] send: [3b: 32 72 01]
[01/01/09 01:33:08.860] 	recv: [4b: 32 72 01 05]
[01/01/09 01:33:08.873] send: [3b: 31 72 01]
[01/01/09 01:33:08.878] 	recv: [4b: 31 72 01 85]
[01/01/09 01:33:08.893] send: [3b: 32 72 01]
[01/01/09 01:33:08.900] 	recv: [4b: 32 72 01 05]
[01/01/09 01:33:08.914] send: [3b: 31 72 01]
[01/01/09 01:33:08.920] 	recv: [4b: 31 72 01 85]
[01/01/09 01:33:08.934] send: [3b: 32 72 01]
[01/01/09 01:33:08.940] 	recv: [4b: 32 72 01 05]
[01/01/09 01:33:08.954] send: [3b: 31 72 01]
[01/01/09 01:33:08.960] 	recv: [4b: 31 72 01 85]
[01/01/09 01:33:08.976] send: [3b: 32 72 01]
[01/01/09 01:33:08.982] 	recv: [4b: 32 72 01 05]
[01/01/09 01:33:08.993] send: [3b: 31 72 01]
[01/01/09 01:33:08.999] 	recv: [4b: 31 72 01 85]
[01/01/09 01:33:09.013] send: [3b: 32 72 01]
[01/01/09 01:33:09.018] 	recv: [4b: 32 72 01 05]
[01/01/09 01:33:09.033] send: [3b: 31 72 01]
[01/01/09 01:33:09.039] 	recv: [4b: 31 72 01 85]
[01/01/09 01:33:09.054] send: [3b: 32 72 01]
[01/01/09 01:33:09.060] 	recv: [4b: 32 72 01 05]
[01/01/09 01:33:09.074] send: [3b: 31 72 01]
[01/01/09 01:33:09.081] 	recv: [4b: 31 72 01 85]
[01/01/09 01:33:09.094] send: [3b: 32 72 01]
[01/01/09 01:33:09.100] 	recv: [4b: 32 72 01 00]
[01/01/09 01:33:09.113] send: [3b: 31 72 01]
[01/01/09 01:33:09.119] 	recv: [4b: 31 72 01 85]
[01/01/09 01:33:09.133] send: [3b: 31 72 01]
[01/01/09 01:33:09.140] 	recv: [4b: 31 72 01 85]
[01/01/09 01:33:09.153] send: [3b: 32 72 02]
[01/01/09 01:33:09.159] 	recv: [4b: 32 72 02 03]
[01/01/09 01:33:09.175] send: [3b: 31 72 01]
[01/01/09 01:33:09.181] 	recv: [4b: 31 72 01 85]
[01/01/09 01:33:09.194] send: [3b: 31 72 01]
[01/01/09 01:33:09.200] 	recv: [4b: 31 72 01 85]
[01/01/09 01:33:09.214] send: [3b: 32 44 00]
[01/01/09 01:33:09.219] 	recv: [2b: 32 44]
[01/01/09 01:33:09.238] send: [3b: 31 72 01]
[01/01/09 01:33:09.243] 	recv: [4b: 31 72 01 85]
[01/01/09 01:33:09.256] send: [3b: 32 72 01]
[01/01/09 01:33:09.262] 	recv: [4b: 32 72 01 09]
[01/01/09 01:33:09.274] send: [3b: 31 72 01]
[01/01/09 01:33:09.280] 	recv: [4b: 31 72 01 85]
[01/01/09 01:33:09.294] send: [3b: 32 72 02]
[01/01/09 01:33:09.301] 	recv: [4b: 32 72 02 03]
[01/01/09 01:33:09.314] send: [3b: 31 72 01]
[01/01/09 01:33:09.319] 	recv: [4b: 31 72 01 85]
[01/01/09 01:33:09.335] send: [3b: 32 72 02]
[01/01/09 01:33:09.341] 	recv: [4b: 32 72 02 03]
[01/01/09 01:33:09.353] send: [3b: 31 72 01]
[01/01/09 01:33:09.359] 	recv: [4b: 31 72 01 85]
[01/01/09 01:33:09.375] send: [3b: 32 72 02]
[01/01/09 01:33:09.381] 	recv: [4b: 32 72 02 03]
[01/01/09 01:33:09.395] send: [3b: 31 72 01]
[01/01/09 01:33:09.401] 	recv: [4b: 31 72 01 85]
[01/01/09 01:33:09.415] send: [3b: 32 72 02]
[01/01/09 01:33:09.421] 	recv: [4b: 32 72 02 03]
[01/01/09 01:33:09.434] send: [3b: 31 72 01]
[01/01/09 01:33:09.440] 	recv: [4b: 31 72 01 85]
[01/01/09 01:33:09.454] send: [3b: 32 72 02]
[01/01/09 01:33:09.461] 	recv: [4b: 32 72 02 03]
[01/01/09 01:33:09.474] send: [3b: 31 72 01]
[01/01/09 01:33:09.481] 	recv: [4b: 31 72 01 85]
[01/01/09 01:33:09.493] send: [3b: 32 72 02]
[01/01/09 01:33:09.498] 	recv: [4b: 32 72 02 03]
[01/01/09 01:33:09.515] send: [3b: 31 72 01]
[01/01/09 01:33:09.521] 	recv: [4b: 31 72 01 85]
[01/01/09 01:33:09.535] send: [3b: 32 72 02]
[01/01/09 01:33:09.542] 	recv: [4b: 32 72 02 03]
[01/01/09 01:33:09.556] send: [3b: 31 72 01]
[01/01/09 01:33:09.562] 	recv: [4b: 31 72 01 00]
[01/01/09 01:33:09.576] send: [3b: 32 72 02]
[01/01/09 01:33:09.582] 	recv: [4b: 32 72 02 03]
[01/01/09 01:33:09.596] send: [3b: 32 72 02]
[01/01/09 01:33:09.602] 	recv: [4b: 32 72 02 03]
[01/01/09 01:33:09.614] send: [3b: 31 72 02]
[01/01/09 01:33:09.619] 	recv: [4b: 31 72 02 03]
[01/01/09 01:33:09.633] send: [3b: 32 72 02]
[01/01/09 01:33:09.640] 	recv: [4b: 32 72 02 03]
[01/01/09 01:33:09.656] send: [3b: 32 72 02]
[01/01/09 01:33:09.662] 	recv: [4b: 32 72 02 03]
[01/01/09 01:33:09.675] send: [3b: 31 44 00]
[01/01/09 01:33:09.680] 	recv: [2b: 31 44]
[01/01/09 01:33:09.696] send: [3b: 32 72 02]
[01/01/09 01:33:09.702] 	recv: [4b: 32 72 02 03]
[01/01/09 01:33:09.714] send: [3b: 31 72 01]
[01/01/09 01:33:09.720] 	recv: [4b: 31 72 01 09]
[01/01/09 01:33:09.734] send: [3b: 32 72 02]
[01/01/09 01:33:09.739] 	recv: [4b: 32 72 02 03]
[01/01/09 01:33:09.754] send: [3b: 31 72 02]
[01/01/09 01:33:09.761] 	recv: [4b: 31 72 02 03]
[01/01/09 01:33:09.773] send: [3b: 32 72 02]
[01/01/09 01:33:09.780] 	recv: [4b: 32 72 02 03]
[01/01/09 01:33:09.793] send: [3b: 31 72 02]
[01/01/09 01:33:09.799] 	recv: [4b: 31 72 02 03]
[01/01/09 01:33:09.814] send: [3b: 32 72 02]
[01/01/09 01:33:09.820] 	recv: [4b: 32 72 02 03]
[01/01/09 01:33:09.833] send: [3b: 31 72 02]
[01/01/09 01:33:09.840] 	recv: [4b: 31 72 02 03]
[01/01/09 01:33:09.854] send: [3b: 32 72 02]
[01/01/09 01:33:09.860] 	recv: [4b: 32 72 02 03]
[01/01/09 01:33:09.874] send: [3b: 31 72 02]
[01/01/09 01:33:09.880] 	recv: [4b: 31 72 02 03]
[01/01/09 01:33:09.893] send: [3b: 32 72 02]
[01/01/09 01:33:09.900] 	recv: [4b: 32 72 02 03]
[01/01/09 01:33:09.914] send: [3b: 31 72 02]
[01/01/09 01:33:09.921] 	recv: [4b: 31 72 02 03]
[01/01/09 01:33:09.935] send: [3b: 32 72 02]
[01/01/09 01:33:09.941] 	recv: [4b: 32 72 02 03]
[01/01/09 01:33:09.953] send: [3b: 31 72 02]
[01/01/09 01:33:09.959] 	recv: [4b: 31 72 02 03]
[01/01/09 01:33:09.973] send: [3b: 32 72 02]
[01/01/09 01:33:09.978] 	recv: [4b: 32 72 02 03]
[01/01/09 01:33:09.994] send: [3b: 31 72 02]
[01/01/09 01:33:10.000] 	recv: [4b: 31 72 02 03]
[01/01/09 01:33:10.014] send: [3b: 32 72 02]
[01/01/09 01:33:10.020] 	recv: [4b: 32 72 02 03]
[01/01/09 01:33:10.035] send: [3b: 31 72 02]
[01/01/09 01:33:10.041] 	recv: [4b: 31 72 02 03]
[01/01/09 01:33:10.055] send: [3b: 32 72 02]
[01/01/09 01:33:10.061] 	recv: [4b: 32 72 02 03]
[01/01/09 01:33:10.074] send: [3b: 31 72 02]
[01/01/09 01:33:10.081] 	recv: [4b: 31 72 02 03]
[01/01/09 01:33:10.095] send: [3b: 32 72 02]
[01/01/09 01:33:10.102] 	recv: [4b: 32 72 02 03]
[01/01/09 01:33:10.116] send: [3b: 31 72 02]
[01/01/09 01:33:10.122] 	recv: [4b: 31 72 02 03]
[01/01/09 01:33:10.134] send: [3b: 32 72 02]
[01/01/09 01:33:10.139] 	recv: [4b: 32 72 02 03]
[01/01/09 01:33:10.154] send: [3b: 31 72 02]
[01/01/09 01:33:10.161] 	recv: [4b: 31 72 02 03]
[01/01/09 01:33:10.175] send: [3b: 32 72 02]
[01/01/09 01:33:10.181] 	recv: [4b: 32 72 02 13]
[01/01/09 01:33:10.195] send: [3b: 31 72 02]
[01/01/09 01:33:10.202] 	recv: [4b: 31 72 02 03]
[01/01/09 01:33:10.217] send: [3b: 31 72 02]
[01/01/09 01:33:10.224] 	recv: [4b: 31 72 02 03]
[01/01/09 01:33:10.245] send: [6b: 32 42 FF FF F9 FC]
[01/01/09 01:33:10.251] 	recv: [2b: 32 42]
[01/01/09 01:33:10.275] send: [3b: 31 72 02]
[01/01/09 01:33:10.282] 	recv: [4b: 31 72 02 03]
[01/01/09 01:33:10.297] send: [3b: 32 72 01]
[01/01/09 01:33:10.303] 	recv: [4b: 32 72 01 85]
[01/01/09 01:33:10.315] send: [3b: 31 72 02]
[01/01/09 01:33:10.322] 	recv: [4b: 31 72 02 13]
[01/01/09 01:33:10.336] send: [3b: 32 72 01]
[01/01/09 01:33:10.343] 	recv: [4b: 32 72 01 85]
[01/01/09 01:33:10.353] send: [3b: 32 72 01]
[01/01/09 01:33:10.360] 	recv: [4b: 32 72 01 85]
[01/01/09 01:33:10.373] send: [6b: 31 42 FF FF F3 4E]
[01/01/09 01:33:10.380] 	recv: [2b: 31 42]
[01/01/09 01:33:10.394] send: [3b: 32 72 01]
[01/01/09 01:33:10.400] 	recv: [4b: 32 72 01 85]
[01/01/09 01:33:10.415] send: [3b: 31 72 01]
[01/01/09 01:33:10.421] 	recv: [4b: 31 72 01 85]
[01/01/09 01:33:10.434] send: [3b: 32 72 01]
[01/01/09 01:33:10.440] 	recv: [4b: 32 72 01 85]
[01/01/09 01:33:10.454] send: [3b: 31 72 01]
[01/01/09 01:33:10.460] 	recv: [4b: 31 72 01 85]
[01/01/09 01:33:10.474] send: [3b: 32 72 01]
[01/01/09 01:33:10.479] 	recv: [4b: 32 72 01 85]
[01/01/09 01:33:10.494] send: [3b: 31 72 01]
[01/01/09 01:33:10.500] 	recv: [4b: 31 72 01 85]
[01/01/09 01:33:10.514] send: [3b: 32 72 01]
[01/01/09 01:33:10.520] 	recv: [4b: 32 72 01 85]
[01/01/09 01:33:10.534] send: [3b: 31 72 01]
[01/01/09 01:33:10.539] 	recv: [4b: 31 72 01 85]
[01/01/09 01:33:10.555] send: [3b: 32 72 01]
[01/01/09 01:33:10.561] 	recv: [4b: 32 72 01 85]
[01/01/09 01:33:10.575] send: [3b: 31 72 01]
[01/01/09 01:33:10.581] 	recv: [4b: 31 72 01 85]
[01/01/09 01:33:10.594] send: [3b: 32 72 01]
[01/01/09 01:33:10.599] 	recv: [4b: 32 72 01 85]
[01/01/09 01:33:10.615] send: [3b: 31 72 01]
[01/01/09 01:33:10.621] 	recv: [4b: 31 72 01 85]
[01/01/09 01:33:10.636] send: [3b: 32 72 01]
[01/01/09 01:33:10.643] 	recv: [4b: 32 72 01 85]
[01/01/09 01:33:10.656] send: [3b: 31 72 01]
[01/01/09 01:33:10.662] 	recv: [4b: 31 72 01 85]
[01/01/09 01:33:10.674] send: [3b: 32 72 01]
[01/01/09 01:33:10.679] 	recv: [4b: 32 72 01 85]
[01/01/09 01:33:10.694] send: [3b: 31 72 01]
[01/01/09 01:33:10.700] 	recv: [4b: 31 72 01 85]
[01/01/09 01:33:10.714] send: [3b: 32 72 01]
[01/01/09 01:33:10.720] 	recv: [4b: 32 72 01 85]
[01/01/09 01:33:10.734] send: [3b: 31 72 01]
[01/01/09 01:33:10.741] 	recv: [4b: 31 72 01 85]
[01/01/09 01:33:10.753] send: [3b: 32 72 01]
[01/01/09 01:33:10.759] 	recv: [4b: 32 72 01 85]
[01/01/09 01:33:10.774] send: [3b: 31 72 01]
[01/01/09 01:33:10.780] 	recv: [4b: 31 72 01 85]
[01/01/09 01:33:10.795] send: [3b: 32 72 01]
[01/01/09 01:33:10.801] 	recv: [4b: 32 72 01 85]
[01/01/09 01:33:10.815] send: [3b: 31 72 01]
[01/01/09 01:33:10.820] 	recv: [4b: 31 72 01 85]
[01/01/09 01:33:10.834] send: [3b: 32 72 01]
[01/01/09 01:33:10.839] 	recv: [4b: 32 72 01 85]
[01/01/09 01:33:10.854] send: [3b: 31 72 01]
[01/01/09 01:33:10.860] 	recv: [4b: 31 72 01 85]
[01/01/09 01:33:10.873] send: [3b: 32 72 01]
[01/01/09 01:33:10.879] 	recv: [4b: 32 72 01 85]
[01/01/09 01:33:10.894] send: [3b: 31 72 01]
[01/01/09 01:33:10.901] 	recv: [4b: 31 72 01 85]
[01/01/09 01:33:10.914] send: [3b: 32 72 01]
[01/01/09 01:33:10.919] 	recv: [4b: 32 72 01 85]
[01/01/09 01:33:10.934] send: [3b: 31 72 01]
[01/01/09 01:33:10.940] 	recv: [4b: 31 72 01 85]
[01/01/09 01:33:10.955] send: [3b: 32 72 01]
[01/01/09 01:33:10.962] 	recv: [4b: 32 72 01 85]
[01/01/09 01:33:10.974] send: [3b: 31 72 01]
[01/01/09 01:33:10.981] 	recv: [4b: 31 72 01 85]
[01/01/09 01:33:10.994] send: [3b: 32 72 01]
[01/01/09 01:33:11.001] 	recv: [4b: 32 72 01 85]
[01/01/09 01:33:11.014] send: [3b: 31 72 01]
[01/01/09 01:33:11.019] 	recv: [4b: 31 72 01 85]
[01/01/09 01:33:11.034] send: [3b: 32 72 01]
[01/01/09 01:33:11.040] 	recv: [4b: 32 72 01 85]
[01/01/09 01:33:11.055] send: [3b: 31 72 01]
[01/01/09 01:33:11.062] 	recv: [4b: 31 72 01 85]
[01/01/09 01:33:11.074] send: [3b: 32 72 01]
[01/01/09 01:33:11.080] 	recv: [4b: 32 72 01 85]
[01/01/09 01:33:11.095] send: [3b: 31 72 01]
[01/01/09 01:33:11.101] 	recv: [4b: 31 72 01 85]
[01/01/09 01:33:11.113] send: [3b: 32 72 01]
[01/01/09 01:33:11.119] 	recv: [4b: 32 72 01 85]
[01/01/09 01:33:11.135] send: [3b: 31 72 01]
[01/01/09 01:33:11.141] 	recv: [4b: 31 72 01 85]
[01/01/09 01:33:11.155] send: [3b: 32 72 01]
[01/01/09 01:33:11.161] 	recv: [4b: 32 72 01 85]
[01/01/09 01:33:11.175] send: [3b: 31 72 01]
[01/01/09 01:33:11.182] 	recv: [4b: 31 72 01 85]
[01/01/09 01:33:11.195] send: [3b: 32 72 01]
[01/01/09 01:33:11.202] 	recv: [4b: 32 72 01 85]
[01/01/09 01:33:11.216] send: [3b: 31 72 01]
[01/01/09 01:33:11.222] 	recv: [4b: 31 72 01 85]
[01/01/09 01:33:11.236] send: [3b: 32 72 01]
[01/01/09 01:33:11.242] 	recv: [4b: 32 72 01 85]
[01/01/09 01:33:11.256] send: [3b: 31 72 01]
[01/01/09 01:33:11.262] 	recv: [4b: 31 72 01 85]
[01/01/09 01:33:11.275] send: [3b: 32 72 01]
[01/01/09 01:33:11.281] 	recv: [4b: 32 72 01 85]
[01/01/09 01:33:11.296] send: [3b: 31 72 01]
[01/01/09 01:33:11.301] 	recv: [4b: 31 72 01 85]
[01/01/09 01:33:11.313] send: [3b: 32 72 01]
[01/01/09 01:33:11.319] 	recv: [4b: 32 72 01 85]
[01/01/09 01:33:11.333] send: [3b: 31 72 01]
[01/01/09 01:33:11.339] 	recv: [4b: 31 72 01 85]
[01/01/09 01:33:11.353] send: [3b: 32 72 01]
[01/01/09 01:33:11.359] 	recv: [4b: 32 72 01 85]
[01/01/09 01:33:11.373] send: [3b: 31 72 01]
[01/01/09 01:33:11.380] 	recv: [4b: 31 72 01 85]
[01/01/09 01:33:11.394] send: [3b: 32 72 01]
[01/01/09 01:33:11.399] 	recv: [4b: 32 72 01 85]
[01/01/09 01:33:11.415] send: [3b: 31 72 01]
[01/01/09 01:33:11.421] 	recv: [4b: 31 72 01 85]
[01/01/09 01:33:11.434] send: [3b: 32 72 01]
[01/01/09 01:33:11.440] 	recv: [4b: 32 72 01 85]
[01/01/09 01:33:11.453] send: [3b: 31 72 01]
[01/01/09 01:33:11.459] 	recv: [4b: 31 72 01 85]
[01/01/09 01:33:11.475] send: [3b: 32 72 01]
[01/01/09 01:33:11.481] 	recv: [4b: 32 72 01 85]
[01/01/09 01:33:11.494] send: [3b: 31 72 01]
[01/01/09 01:33:11.499] 	recv: [4b: 31 72 01 85]
[01/01/09 01:33:11.515] send: [3b: 32 72 01]
[01/01/09 01:33:11.521] 	recv: [4b: 32 72 01 85]
[01/01/09 01:33:11.535] send: [3b: 31 72 01]
[01/01/09 01:33:11.542] 	recv: [4b: 31 72 01 85]
[01/01/09 01:33:11.555] send: [3b: 32 72 01]
[01/01/09 01:33:11.560] 	recv: [4b: 32 72 01 85]
[01/01/09 01:33:11.573] send: [3b: 31 72 01]
[01/01/09 01:33:11.579] 	recv: [4b: 31 72 01 85]
[01/01/09 01:33:11.595] send: [3b: 32 72 01]
[01/01/09 01:33:11.601] 	recv: [4b: 32 72 01 85]
[01/01/09 01:33:11.614] send: [3b: 31 72 01]
[01/01/09 01:33:11.621] 	recv: [4b: 31 72 01 85]
[01/01/09 01:33:11.635] send: [3b: 32 72 01]
[01/01/09 01:33:11.641] 	recv: [4b: 32 72 01 85]
[01/01/09 01:33:11.655] send: [3b: 31 72 01]
[01/01/09 01:33:11.661] 	recv: [4b: 31 72 01 85]
[01/01/09 01:33:11.674] send: [3b: 32 72 01]
[01/01/09 01:33:11.680] 	recv: [4b: 32 72 01 85]
[01/01/09 01:33:11.694] send: [3b: 31 72 01]
[01/01/09 01:33:11.700] 	recv: [4b: 31 72 01 85]
[01/01/09 01:33:11.714] send: [3b: 32 72 01]
[01/01/09 01:33:11.720] 	recv: [4b: 32 72 01 00]
[01/01/09 01:33:11.735] send: [3b: 31 72 01]
[01/01/09 01:33:11.740] 	recv: [4b: 31 72 01 85]
[01/01/09 01:33:11.753] send: [3b: 31 72 01]
[01/01/09 01:33:11.759] 	recv: [4b: 31 72 01 85]
[01/01/09 01:33:11.774] send: [5b: 32 71 13 05 DC]
[01/01/09 01:33:11.781] 	recv: [3b: 32 71 13]
[01/01/09 01:33:11.794] send: [3b: 31 72 01]
[01/01/09 01:33:11.800] 	recv: [4b: 31 72 01 85]
[01/01/09 01:33:11.815] send: [3b: 31 72 01]
[01/01/09 01:33:11.822] 	recv: [4b: 31 72 01 85]
[01/01/09 01:33:11.834] send: [7b: 32 71 21 00 00 00 00]
[01/01/09 01:33:11.841] 	recv: [3b: 32 71 21]
[01/01/09 01:33:11.854] send: [3b: 31 72 01]
[01/01/09 01:33:11.859] 	recv: [4b: 31 72 01 85]
[01/01/09 01:33:11.873] send: [3b: 31 72 01]
[01/01/09 01:33:11.879] 	recv: [4b: 31 72 01 85]
[01/01/09 01:33:11.894] send: [3b: 32 72 21]
[01/01/09 01:33:11.900] 	recv: [7b: 32 72 21 00 00 00 00]
[01/01/09 01:33:11.915] send: [3b: 31 72 01]
[01/01/09 01:33:11.922] 	recv: [4b: 31 72 01 85]
[01/01/09 01:33:11.935] send: [3b: 31 72 01]
[01/01/09 01:33:11.941] 	recv: [4b: 31 72 01 85]
[01/01/09 01:33:11.955] send: [3b: 31 72 01]
[01/01/09 01:33:11.960] 	recv: [4b: 31 72 01 85]
[01/01/09 01:33:11.974] send: [5b: 32 71 13 07 6C]
[01/01/09 01:33:11.981] 	recv: [3b: 32 71 13]
[01/01/09 01:33:11.995] send: [3b: 31 72 01]
[01/01/09 01:33:12.001] 	recv: [4b: 31 72 01 85]
[01/01/09 01:33:12.017] send: [3b: 31 72 01]
[01/01/09 01:33:12.025] send: [3b: 31 72 01]
[01/01/09 01:33:12.025] 	recv: [4b: 31 72 01 85]
[01/01/09 01:33:12.032] 	recv: [4b: 31 72 01 85]
[01/01/09 01:33:12.045] send: [3b: 31 72 01]
[01/01/09 01:33:12.052] 	recv: [4b: 31 72 01 85]
[01/01/09 01:33:12.065] send: [3b: 32 72 21]
[01/01/09 01:33:12.072] 	recv: [7b: 32 72 21 00 00 00 00]
[01/01/09 01:33:12.084] send: [3b: 31 72 01]
[01/01/09 01:33:12.091] 	recv: [4b: 31 72 01 85]
[01/01/09 01:33:12.106] send: [3b: 31 72 01]
[01/01/09 01:33:12.112] 	recv: [4b: 31 72 01 85]
[01/01/09 01:33:12.124] send: [3b: 31 72 01]
[01/01/09 01:33:12.130] 	recv: [4b: 31 72 01 85]
[01/01/09 01:33:12.145] send: [5b: 32 71 13 07 6C]
[01/01/09 01:33:12.152] 	recv: [3b: 32 71 13]
[01/01/09 01:33:12.166] send: [3b: 31 72 01]
[01/01/09 01:33:12.172] 	recv: [4b: 31 72 01 85]
[01/01/09 01:33:12.187] send: [3b: 31 72 01]
[01/01/09 01:33:12.194] 	recv: [4b: 31 72 01 85]
[01/01/09 01:33:12.206] send: [6b: 32 43 00 00 07 65]
[01/01/09 01:33:12.213] 	recv: [2b: 32 43]
[01/01/09 01:33:12.227] send: [3b: 31 72 01]
[01/01/09 01:33:12.232] 	recv: [4b: 31 72 01 85]
[01/01/09 01:33:12.247] send: [3b: 31 72 01]
[01/01/09 01:33:12.253] 	recv: [4b: 31 72 01 85]
[01/01/09 01:33:12.267] send: [3b: 32 72 21]
[01/01/09 01:33:12.277] send: [3b: 31 72 01]
[01/01/09 01:33:12.277] 	recv: [7b: 32 72 21 00 00 00 03]
[01/01/09 01:33:12.282] 	recv: [4b: 31 72 01 85]
[01/01/09 01:33:12.305] send: [3b: 31 72 01]
[01/01/09 01:33:12.310] 	recv: [4b: 31 72 01 85]
[01/01/09 01:33:12.324] send: [5b: 32 71 13 07 6C]
[01/01/09 01:33:12.329] 	recv: [3b: 32 71 13]
[01/01/09 01:33:12.343] send: [3b: 31 72 01]
[01/01/09 01:33:12.349] 	recv: [4b: 31 72 01 85]
[01/01/09 01:33:12.364] send: [3b: 31 72 01]
[01/01/09 01:33:12.371] 	recv: [4b: 31 72 01 85]
[01/01/09 01:33:12.384] send: [6b: 32 43 00 00 07 63]
[01/01/09 01:33:12.390] 	recv: [2b: 32 43]
[01/01/09 01:33:12.405] send: [3b: 31 72 01]
[01/01/09 01:33:12.411] 	recv: [4b: 31 72 01 85]
[01/01/09 01:33:12.427] send: [3b: 31 72 01]
[01/01/09 01:33:12.432] 	recv: [4b: 31 72 01 85]
[01/01/09 01:33:12.444] send: [3b: 32 72 21]
[01/01/09 01:33:12.450] 	recv: [7b: 32 72 21 00 00 00 18]
[01/01/09 01:33:12.465] send: [3b: 31 72 01]
[01/01/09 01:33:12.471] 	recv: [4b: 31 72 01 85]
[01/01/09 01:33:12.485] send: [3b: 31 72 01]
[01/01/09 01:33:12.491] 	recv: [4b: 31 72 01 85]
[01/01/09 01:33:12.505] send: [3b: 31 72 01]
[01/01/09 01:33:12.512] 	recv: [4b: 31 72 01 85]
[01/01/09 01:33:12.525] send: [5b: 32 71 13 07 6C]
[01/01/09 01:33:12.532] 	recv: [3b: 32 71 13]
[01/01/09 01:33:12.545] send: [3b: 31 72 01]
[01/01/09 01:33:12.552] 	recv: [4b: 31 72 01 85]
[01/01/09 01:33:12.563] send: [3b: 31 72 01]
[01/01/09 01:33:12.569] 	recv: [4b: 31 72 01 85]
[01/01/09 01:33:12.584] send: [6b: 32 43 00 00 07 61]
[01/01/09 01:33:12.591] 	recv: [2b: 32 43]
[01/01/09 01:33:12.604] send: [3b: 31 72 01]
[01/01/09 01:33:12.611] 	recv: [4b: 31 72 01 85]
[01/01/09 01:33:12.624] send: [3b: 31 72 01]
[01/01/09 01:33:12.631] 	recv: [4b: 31 72 01 85]
[01/01/09 01:33:12.643] send: [3b: 32 72 21]
[01/01/09 01:33:12.651] 	recv: [7b: 32 72 21 00 00 00 64]
[01/01/09 01:33:12.664] send: [3b: 31 72 01]
[01/01/09 01:33:12.670] 	recv: [4b: 31 72 01 85]
[01/01/09 01:33:12.684] send: [3b: 31 72 01]
[01/01/09 01:33:12.690] 	recv: [4b: 31 72 01 85]
[01/01/09 01:33:12.705] send: [3b: 31 72 01]
[01/01/09 01:33:12.710] 	recv: [4b: 31 72 01 85]
[01/01/09 01:33:12.725] send: [5b: 32 71 13 07 6C]
[01/01/09 01:33:12.731] 	recv: [3b: 32 71 13]
[01/01/09 01:33:12.745] send: [3b: 31 72 01]
[01/01/09 01:33:12.751] 	recv: [4b: 31 72 01 85]
[01/01/09 01:33:12.764] send: [3b: 31 72 01]
[01/01/09 01:33:12.769] 	recv: [4b: 31 72 01 85]
[01/01/09 01:33:12.784] send: [6b: 32 43 00 00 07 60]
[01/01/09 01:33:12.791] 	recv: [2b: 32 43]
[01/01/09 01:33:12.805] send: [3b: 31 72 01]
[01/01/09 01:33:12.810] 	recv: [4b: 31 72 01 00]
[01/01/09 01:33:12.825] send: [3b: 32 72 21]
[01/01/09 01:33:12.832] 	recv: [7b: 32 72 21 00 00 01 38]
[01/01/09 01:33:12.844] send: [5b: 31 71 13 05 DC]
[01/01/09 01:33:12.849] 	recv: [3b: 31 71 13]
[01/01/09 01:33:12.852] send: [5b: 32 71 13 07 6C]
[01/01/09 01:33:12.857] 	recv: [3b: 32 71 13]
[01/01/09 01:33:12.874] send: [7b: 31 71 21 00 00 00 00]
[01/01/09 01:33:12.881] 	recv: [3b: 31 71 21]
[01/01/09 01:33:12.894] send: [6b: 32 43 00 00 07 5E]
[01/01/09 01:33:12.901] 	recv: [2b: 32 43]
[01/01/09 01:33:12.914] send: [3b: 31 72 21]
[01/01/09 01:33:12.920] 	recv: [7b: 31 72 21 00 00 00 00]
[01/01/09 01:33:12.934] send: [3b: 32 72 21]
[01/01/09 01:33:12.940] 	recv: [7b: 32 72 21 00 00 02 06]
[01/01/09 01:33:12.954] send: [5b: 31 71 13 07 6C]
[01/01/09 01:33:12.961] 	recv: [3b: 31 71 13]
[01/01/09 01:33:12.974] send: [5b: 32 71 13 07 6C]
[01/01/09 01:33:12.981] 	recv: [3b: 32 71 13]
[01/01/09 01:33:12.994] send: [6b: 31 43 00 00 07 CA]
[01/01/09 01:33:13.001] 	recv: [2b: 31 43]
[01/01/09 01:33:13.013] send: [3b: 32 72 21]
[01/01/09 01:33:13.020] 	recv: [7b: 32 72 21 00 00 02 9E]
[01/01/09 01:33:13.034] send: [3b: 31 72 21]
[01/01/09 01:33:13.040] 	recv: [7b: 31 72 21 00 00 00 02]
[01/01/09 01:33:13.042] send: [5b: 32 71 13 07 6C]
[01/01/09 01:33:13.047] 	recv: [3b: 32 71 13]
[01/01/09 01:33:13.055] send: [5b: 31 71 13 07 6C]
[01/01/09 01:33:13.061] 	recv: [3b: 31 71 13]
[01/01/09 01:33:13.076] send: [6b: 32 43 00 00 07 5D]
[01/01/09 01:33:13.083] 	recv: [2b: 32 43]
[01/01/09 01:33:13.093] send: [3b: 31 72 21]
[01/01/09 01:33:13.100] 	recv: [7b: 31 72 21 00 00 00 07]
[01/01/09 01:33:13.114] send: [3b: 32 72 21]
[01/01/09 01:33:13.121] 	recv: [7b: 32 72 21 00 00 03 5E]
[01/01/09 01:33:13.123] send: [5b: 31 71 13 07 6C]
[01/01/09 01:33:13.128] 	recv: [3b: 31 71 13]
[01/01/09 01:33:13.144] send: [5b: 32 71 13 07 6C]
[01/01/09 01:33:13.151] 	recv: [3b: 32 71 13]
[01/01/09 01:33:13.165] send: [6b: 31 43 00 00 07 C8]
[01/01/09 01:33:13.171] 	recv: [2b: 31 43]
[01/01/09 01:33:13.185] send: [3b: 32 72 21]
[01/01/09 01:33:13.191] 	recv: [7b: 32 72 21 00 00 03 E3]
[01/01/09 01:33:13.204] send: [3b: 31 72 21]
[01/01/09 01:33:13.211] 	recv: [7b: 31 72 21 00 00 00 24]
[01/01/09 01:33:13.213] send: [5b: 32 71 13 07 6C]
[01/01/09 01:33:13.218] 	recv: [3b: 32 71 13]
[01/01/09 01:33:13.234] send: [5b: 31 71 13 07 6C]
[01/01/09 01:33:13.240] 	recv: [3b: 31 71 13]
[01/01/09 01:33:13.254] send: [6b: 32 43 00 00 07 5B]
[01/01/09 01:33:13.261] 	recv: [2b: 32 43]
[01/01/09 01:33:13.277] send: [3b: 31 72 21]
[01/01/09 01:33:13.283] 	recv: [7b: 31 72 21 00 00 00 55]
[01/01/09 01:33:13.294] send: [3b: 32 72 21]
[01/01/09 01:33:13.300] 	recv: [7b: 32 72 21 00 00 04 B2]
[01/01/09 01:33:13.302] send: [5b: 31 71 13 07 6C]
[01/01/09 01:33:13.307] 	recv: [3b: 31 71 13]
[01/01/09 01:33:13.324] send: [5b: 32 71 13 07 6C]
[01/01/09 01:33:13.330] 	recv: [3b: 32 71 13]
[01/01/09 01:33:13.344] send: [6b: 31 43 00 00 07 C7]
[01/01/09 01:33:13.351] 	recv: [2b: 31 43]
[01/01/09 01:33:13.364] send: [3b: 32 72 21]
[01/01/09 01:33:13.371] 	recv: [7b: 32 72 21 00 00 05 38]
[01/01/09 01:33:13.383] send: [3b: 31 72 21]
[01/01/09 01:33:13.391] 	recv: [7b: 31 72 21 00 00 01 03]
[01/01/09 01:33:13.393] send: [5b: 32 71 13 06 54]
[01/01/09 01:33:13.398] 	recv: [3b: 32 71 13]
[01/01/09 01:33:13.413] send: [5b: 31 71 13 07 6C]
[01/01/09 01:33:13.420] 	recv: [3b: 31 71 13]
[01/01/09 01:33:13.434] send: [6b: 32 43 00 00 07 5A]
[01/01/09 01:33:13.440] 	recv: [2b: 32 43]
[01/01/09 01:33:13.453] send: [3b: 31 72 21]
[01/01/09 01:33:13.460] 	recv: [7b: 31 72 21 00 00 01 88]
[01/01/09 01:33:13.476] send: [3b: 32 72 21]
[01/01/09 01:33:13.483] 	recv: [7b: 32 72 21 00 00 05 F9]
[01/01/09 01:33:13.484] send: [5b: 31 71 13 07 6C]
[01/01/09 01:33:13.489] 	recv: [3b: 31 71 13]
[01/01/09 01:33:13.506] send: [5b: 32 71 13 04 10]
[01/01/09 01:33:13.514] 	recv: [3b: 32 71 13]
[01/01/09 01:33:13.523] send: [6b: 31 43 00 00 07 C6]
[01/01/09 01:33:13.531] 	recv: [2b: 31 43]
[01/01/09 01:33:13.544] send: [3b: 32 72 21]
[01/01/09 01:33:13.552] 	recv: [7b: 32 72 21 00 00 06 63]
[01/01/09 01:33:13.564] send: [3b: 31 72 21]
[01/01/09 01:33:13.571] 	recv: [7b: 31 72 21 00 00 02 5A]
[01/01/09 01:33:13.573] send: [5b: 32 71 13 02 D0]
[01/01/09 01:33:13.579] 	recv: [3b: 32 71 13]
[01/01/09 01:33:13.594] send: [5b: 31 71 13 07 6C]
[01/01/09 01:33:13.600] 	recv: [3b: 31 71 13]
[01/01/09 01:33:13.613] send: [6b: 32 43 00 00 07 59]
[01/01/09 01:33:13.620] 	recv: [2b: 32 43]
[01/01/09 01:33:13.634] send: [3b: 31 72 21]
[01/01/09 01:33:13.641] 	recv: [7b: 31 72 21 00 00 02 DF]
[01/01/09 01:33:13.654] send: [3b: 32 72 21]
[01/01/09 01:33:13.661] 	recv: [7b: 32 72 21 00 00 06 CA]
[01/01/09 01:33:13.662] send: [5b: 31 71 13 07 6C]
[01/01/09 01:33:13.668] 	recv: [3b: 31 71 13]
[01/01/09 01:33:13.684] send: [5b: 32 71 13 01 A4]
[01/01/09 01:33:13.691] 	recv: [3b: 32 71 13]
[01/01/09 01:33:13.704] send: [6b: 31 43 00 00 07 C5]
[01/01/09 01:33:13.709] 	recv: [2b: 31 43]
[01/01/09 01:33:13.725] send: [3b: 32 72 21]
[01/01/09 01:33:13.732] 	recv: [7b: 32 72 21 00 00 06 FA]
[01/01/09 01:33:13.745] send: [3b: 31 72 21]
[01/01/09 01:33:13.752] 	recv: [7b: 31 72 21 00 00 03 B2]
[01/01/09 01:33:13.755] send: [5b: 32 71 13 01 18]
[01/01/09 01:33:13.760] 	recv: [3b: 32 71 13]
[01/01/09 01:33:13.773] send: [5b: 31 71 13 07 6C]
[01/01/09 01:33:13.780] 	recv: [3b: 31 71 13]
[01/01/09 01:33:13.794] send: [6b: 32 43 00 00 07 58]
[01/01/09 01:33:13.800] 	recv: [2b: 32 43]
[01/01/09 01:33:13.813] send: [3b: 31 72 21]
[01/01/09 01:33:13.820] 	recv: [7b: 31 72 21 00 00 04 33]
[01/01/09 01:33:13.834] send: [3b: 32 72 21]
[01/01/09 01:33:13.841] 	recv: [7b: 32 72 21 00 00 07 27]
[01/01/09 01:33:13.843] send: [5b: 31 71 13 07 6C]
[01/01/09 01:33:13.848] 	recv: [3b: 31 71 13]
[01/01/09 01:33:13.863] send: [5b: 32 71 13 00 8C]
[01/01/09 01:33:13.869] 	recv: [3b: 32 71 13]
[01/01/09 01:33:13.883] send: [6b: 31 43 00 00 07 C4]
[01/01/09 01:33:13.890] 	recv: [2b: 31 43]
[01/01/09 01:33:13.904] send: [3b: 32 72 21]
[01/01/09 01:33:13.912] 	recv: [7b: 32 72 21 00 00 07 3A]
[01/01/09 01:33:13.924] send: [3b: 31 72 21]
[01/01/09 01:33:13.931] 	recv: [7b: 31 72 21 00 00 05 06]
[01/01/09 01:33:13.933] send: [5b: 32 71 13 00 50]
[01/01/09 01:33:13.938] 	recv: [3b: 32 71 13]
[01/01/09 01:33:13.953] send: [5b: 31 71 13 07 6C]
[01/01/09 01:33:13.958] 	recv: [3b: 31 71 13]
[01/01/09 01:33:13.976] send: [6b: 32 43 00 00 07 57]
[01/01/09 01:33:13.982] 	recv: [2b: 32 43]
[01/01/09 01:33:13.994] send: [3b: 31 72 21]
[01/01/09 01:33:14.000] 	recv: [7b: 31 72 21 00 00 05 8B]
[01/01/09 01:33:14.016] send: [3b: 32 72 21]
[01/01/09 01:33:14.022] 	recv: [7b: 32 72 21 00 00 07 4B]
[01/01/09 01:33:14.024] send: [5b: 31 71 13 06 A4]
[01/01/09 01:33:14.032] 	recv: [3b: 31 71 13]
[01/01/09 01:33:14.045] send: [5b: 32 71 13 00 32]
[01/01/09 01:33:14.052] 	recv: [3b: 32 71 13]
[01/01/09 01:33:14.065] send: [6b: 31 43 00 00 07 C3]
[01/01/09 01:33:14.071] 	recv: [2b: 31 43]
[01/01/09 01:33:14.094] send: [3b: 32 72 21]
[01/01/09 01:33:14.101] 	recv: [7b: 32 72 21 00 00 07 52]
[01/01/09 01:33:14.114] send: [3b: 31 72 21]
[01/01/09 01:33:14.121] 	recv: [7b: 31 72 21 00 00 06 5E]
[01/01/09 01:33:14.123] send: [5b: 32 71 13 00 32]
[01/01/09 01:33:14.129] 	recv: [3b: 32 71 13]
[01/01/09 01:33:14.144] send: [5b: 31 71 13 04 24]
[01/01/09 01:33:14.149] 	recv: [3b: 31 71 13]
[01/01/09 01:33:14.157] send: [6b: 32 43 00 00 07 55]
[01/01/09 01:33:14.164] 	recv: [2b: 32 43]
[01/01/09 01:33:14.174] send: [3b: 31 72 21]
[01/01/09 01:33:14.180] 	recv: [7b: 31 72 21 00 00 06 BB]
[01/01/09 01:33:14.195] send: [3b: 32 72 21]
[01/01/09 01:33:14.201] 	recv: [7b: 32 72 21 00 00 07 55]
[01/01/09 01:33:14.202] send: [5b: 31 71 13 03 0C]
[01/01/09 01:33:14.208] 	recv: [3b: 31 71 13]
[01/01/09 01:33:14.225] send: [5b: 32 71 13 00 32]
[01/01/09 01:33:14.233] 	recv: [3b: 32 71 13]
[01/01/09 01:33:14.244] send: [6b: 31 43 00 00 07 C2]
[01/01/09 01:33:14.252] 	recv: [2b: 31 43]
[01/01/09 01:33:14.264] send: [3b: 32 72 21]
[01/01/09 01:33:14.272] 	recv: [7b: 32 72 21 00 00 07 55]
[01/01/09 01:33:14.284] send: [3b: 31 72 21]
[01/01/09 01:33:14.292] 	recv: [7b: 31 72 21 00 00 07 1F]
[01/01/09 01:33:14.295] send: [5b: 32 71 13 00 32]
[01/01/09 01:33:14.300] 	recv: [3b: 32 71 13]
[01/01/09 01:33:14.314] send: [5b: 31 71 13 01 E0]
[01/01/09 01:33:14.319] 	recv: [3b: 31 71 13]
[01/01/09 01:33:14.333] send: [3b: 32 72 21]
[01/01/09 01:33:14.340] 	recv: [7b: 32 72 21 00 00 07 55]
[01/01/09 01:33:14.353] send: [3b: 31 72 21]
[01/01/09 01:33:14.359] 	recv: [7b: 31 72 21 00 00 07 4E]
[01/01/09 01:33:14.375] send: [5b: 32 71 13 00 32]
[01/01/09 01:33:14.381] 	recv: [3b: 32 71 13]
[01/01/09 01:33:14.394] send: [5b: 31 71 13 01 54]
[01/01/09 01:33:14.399] 	recv: [3b: 31 71 13]
[01/01/09 01:33:14.413] send: [6b: 32 43 00 00 07 54]
[01/01/09 01:33:14.419] 	recv: [2b: 32 43]
[01/01/09 01:33:14.434] send: [3b: 31 72 21]
[01/01/09 01:33:14.440] 	recv: [7b: 31 72 21 00 00 07 71]
[01/01/09 01:33:14.455] send: [3b: 32 72 21]
[01/01/09 01:33:14.461] 	recv: [7b: 32 72 21 00 00 07 54]
[01/01/09 01:33:14.463] send: [5b: 31 71 13 00 DC]
[01/01/09 01:33:14.470] 	recv: [3b: 31 71 13]
[01/01/09 01:33:14.485] send: [5b: 32 71 13 00 32]
[01/01/09 01:33:14.491] 	recv: [3b: 32 71 13]
[01/01/09 01:33:14.505] send: [6b: 31 43 00 00 07 C0]
[01/01/09 01:33:14.511] 	recv: [2b: 31 43]
[01/01/09 01:33:14.525] send: [3b: 32 72 21]
[01/01/09 01:33:14.532] 	recv: [7b: 32 72 21 00 00 07 54]
[01/01/09 01:33:14.546] send: [3b: 31 72 21]
[01/01/09 01:33:14.553] 	recv: [7b: 31 72 21 00 00 07 90]
[01/01/09 01:33:14.555] send: [5b: 32 71 13 00 32]
[01/01/09 01:33:14.561] 	recv: [3b: 32 71 13]
[01/01/09 01:33:14.576] send: [5b: 31 71 13 00 8C]
[01/01/09 01:33:14.585] send: [6b: 32 43 00 00 07 53]
[01/01/09 01:33:14.585] 	recv: [3b: 31 71 13]
[01/01/09 01:33:14.592] 	recv: [2b: 32 43]
[01/01/09 01:33:14.594] send: [3b: 32 72 21]
[01/01/09 01:33:14.600] 	recv: [7b: 32 72 21 00 00 07 54]
[01/01/09 01:33:14.617] send: [5b: 31 71 13 00 8C]
[01/01/09 01:33:14.622] 	recv: [3b: 31 71 13]
[01/01/09 01:33:14.634] send: [5b: 32 71 13 00 32]
[01/01/09 01:33:14.640] 	recv: [3b: 32 71 13]
[01/01/09 01:33:14.657] send: [3b: 31 72 21]
[01/01/09 01:33:14.663] 	recv: [7b: 31 72 21 00 00 07 A4]
[01/01/09 01:33:14.676] send: [3b: 32 72 21]
[01/01/09 01:33:14.682] 	recv: [7b: 32 72 21 00 00 07 53]
[01/01/09 01:33:14.694] send: [5b: 31 71 13 00 50]
[01/01/09 01:33:14.701] 	recv: [3b: 31 71 13]
[01/01/09 01:33:14.714] send: [5b: 32 71 13 00 32]
[01/01/09 01:33:14.721] 	recv: [3b: 32 71 13]
[01/01/09 01:33:14.733] send: [6b: 31 43 00 00 07 BF]
[01/01/09 01:33:14.740] 	recv: [2b: 31 43]
[01/01/09 01:33:14.754] send: [3b: 32 72 21]
[01/01/09 01:33:14.761] 	recv: [7b: 32 72 21 00 00 07 53]
[01/01/09 01:33:14.775] send: [3b: 31 72 21]
[01/01/09 01:33:14.782] 	recv: [7b: 31 72 21 00 00 07 B1]
[01/01/09 01:33:14.784] send: [5b: 32 71 13 00 32]
[01/01/09 01:33:14.791] 	recv: [3b: 32 71 13]
[01/01/09 01:33:14.805] send: [5b: 31 71 13 00 32]
[01/01/09 01:33:14.812] 	recv: [3b: 31 71 13]
[01/01/09 01:33:14.824] send: [6b: 32 43 00 00 07 52]
[01/01/09 01:33:14.831] 	recv: [2b: 32 43]
[01/01/09 01:33:14.844] send: [3b: 31 72 21]
[01/01/09 01:33:14.851] 	recv: [7b: 31 72 21 00 00 07 B6]
[01/01/09 01:33:14.864] send: [3b: 32 72 21]
[01/01/09 01:33:14.871] 	recv: [7b: 32 72 21 00 00 07 52]
[01/01/09 01:33:14.873] send: [5b: 31 71 13 00 32]
[01/01/09 01:33:14.878] 	recv: [3b: 31 71 13]
[01/01/09 01:33:14.894] send: [5b: 32 71 13 00 32]
[01/01/09 01:33:14.902] 	recv: [3b: 32 71 13]
[01/01/09 01:33:14.913] send: [3b: 31 72 21]
[01/01/09 01:33:14.921] 	recv: [7b: 31 72 21 00 00 07 B9]
[01/01/09 01:33:14.934] send: [3b: 32 72 21]
[01/01/09 01:33:14.941] 	recv: [7b: 32 72 21 00 00 07 52]
[01/01/09 01:33:14.955] send: [5b: 31 71 13 00 32]
[01/01/09 01:33:14.962] 	recv: [3b: 31 71 13]
[01/01/09 01:33:14.977] send: [5b: 32 71 13 00 32]
[01/01/09 01:33:14.983] 	recv: [3b: 32 71 13]
[01/01/09 01:33:14.994] send: [6b: 31 43 00 00 07 BE]
[01/01/09 01:33:15.001] 	recv: [2b: 31 43]
[01/01/09 01:33:15.015] send: [3b: 32 72 21]
[01/01/09 01:33:15.022] 	recv: [7b: 32 72 21 00 00 07 52]
[01/01/09 01:33:15.035] send: [3b: 31 72 21]
[01/01/09 01:33:15.041] 	recv: [7b: 31 72 21 00 00 07 BE]
[01/01/09 01:33:15.042] send: [5b: 32 71 13 00 32]
[01/01/09 01:33:15.048] 	recv: [3b: 32 71 13]
[01/01/09 01:33:15.063] send: [5b: 31 71 13 00 32]
[01/01/09 01:33:15.070] 	recv: [3b: 31 71 13]
[01/01/09 01:33:15.085] send: [6b: 32 43 00 00 07 51]
[01/01/09 01:33:15.091] 	recv: [2b: 32 43]
[01/01/09 01:33:15.105] send: [3b: 31 72 21]
[01/01/09 01:33:15.111] 	recv: [7b: 31 72 21 00 00 07 BE]
[01/01/09 01:33:15.123] send: [3b: 32 72 21]
[01/01/09 01:33:15.130] 	recv: [7b: 32 72 21 00 00 07 51]
[01/01/09 01:33:15.132] send: [5b: 31 71 13 00 32]
[01/01/09 01:33:15.139] 	recv: [3b: 31 71 13]
[01/01/09 01:33:15.157] send: [5b: 32 71 13 00 32]
[01/01/09 01:33:15.164] 	recv: [3b: 32 71 13]
[01/01/09 01:33:15.174] send: [3b: 31 72 21]
[01/01/09 01:33:15.181] 	recv: [7b: 31 72 21 00 00 07 BE]
[01/01/09 01:33:15.195] send: [3b: 32 72 21]
[01/01/09 01:33:15.202] 	recv: [7b: 32 72 21 00 00 07 51]
[01/01/09 01:33:15.215] send: [5b: 31 71 13 00 32]
[01/01/09 01:33:15.220] 	recv: [3b: 31 71 13]
[01/01/09 01:33:15.235] send: [5b: 32 71 13 00 32]
[01/01/09 01:33:15.241] 	recv: [3b: 32 71 13]
[01/01/09 01:33:15.254] send: [6b: 31 43 00 00 07 BD]
[01/01/09 01:33:15.260] 	recv: [2b: 31 43]
[01/01/09 01:33:15.275] send: [3b: 32 72 21]
[01/01/09 01:33:15.283] 	recv: [7b: 32 72 21 00 00 07 51]
[01/01/09 01:33:15.296] send: [3b: 31 72 21]
[01/01/09 01:33:15.303] 	recv: [7b: 31 72 21 00 00 07 BD]
[01/01/09 01:33:15.306] send: [5b: 32 71 13 00 32]
[01/01/09 01:33:15.311] 	recv: [3b: 32 71 13]
[01/01/09 01:33:15.323] send: [5b: 31 71 13 00 32]
[01/01/09 01:33:15.331] 	recv: [3b: 31 71 13]
[01/01/09 01:33:15.343] send: [6b: 32 43 00 00 07 50]
[01/01/09 01:33:15.350] 	recv: [2b: 32 43]
[01/01/09 01:33:15.364] send: [3b: 31 72 21]
[01/01/09 01:33:15.371] 	recv: [7b: 31 72 21 00 00 07 BD]
[01/01/09 01:33:15.384] send: [3b: 32 72 21]
[01/01/09 01:33:15.392] 	recv: [7b: 32 72 21 00 00 07 50]
[01/01/09 01:33:15.394] send: [5b: 31 71 13 00 32]
[01/01/09 01:33:15.401] 	recv: [3b: 31 71 13]
[01/01/09 01:33:15.414] send: [5b: 32 71 13 00 32]
[01/01/09 01:33:15.420] 	recv: [3b: 32 71 13]
[01/01/09 01:33:15.435] send: [3b: 31 72 21]
[01/01/09 01:33:15.442] 	recv: [7b: 31 72 21 00 00 07 BD]
[01/01/09 01:33:15.453] send: [3b: 32 72 21]
[01/01/09 01:33:15.460] 	recv: [7b: 32 72 21 00 00 07 50]
[01/01/09 01:33:15.473] send: [5b: 31 71 13 00 32]
[01/01/09 01:33:15.479] 	recv: [3b: 31 71 13]
[01/01/09 01:33:15.494] send: [5b: 32 71 13 00 32]
[01/01/09 01:33:15.500] 	recv: [3b: 32 71 13]
[01/01/09 01:33:15.513] send: [3b: 31 72 21]
[01/01/09 01:33:15.519] 	recv: [7b: 31 72 21 00 00 07 BD]
[01/01/09 01:33:15.535] send: [3b: 32 72 21]
[01/01/09 01:33:15.541] 	recv: [7b: 32 72 21 00 00 07 50]
[01/01/09 01:33:15.553] send: [5b: 31 71 13 00 32]
[01/01/09 01:33:15.559] 	recv: [3b: 31 71 13]
[01/01/09 01:33:15.574] send: [5b: 32 71 13 00 32]
[01/01/09 01:33:15.580] 	recv: [3b: 32 71 13]
[01/01/09 01:33:15.594] send: [6b: 31 43 00 00 07 BC]
[01/01/09 01:33:15.599] 	recv: [2b: 31 43]
[01/01/09 01:33:15.606] send: [6b: 32 43 00 00 07 4F]
[01/01/09 01:33:15.613] 	recv: [2b: 32 43]
[01/01/09 01:33:15.626] send: [3b: 31 72 21]
[01/01/09 01:33:15.634] 	recv: [7b: 31 72 21 00 00 07 BC]
[01/01/09 01:33:15.644] send: [3b: 32 72 21]
[01/01/09 01:33:15.650] 	recv: [7b: 32 72 21 00 00 07 4F]
[01/01/09 01:33:15.665] send: [5b: 31 71 13 00 32]
[01/01/09 01:33:15.671] 	recv: [3b: 31 71 13]
[01/01/09 01:33:15.685] send: [5b: 32 71 13 00 32]
[01/01/09 01:33:15.691] 	recv: [3b: 32 71 13]
[01/01/09 01:33:15.703] send: [3b: 31 72 21]
[01/01/09 01:33:15.710] 	recv: [7b: 31 72 21 00 00 07 BC]
[01/01/09 01:33:15.724] send: [3b: 32 72 21]
[01/01/09 01:33:15.731] 	recv: [7b: 32 72 21 00 00 07 4F]
[01/01/09 01:33:15.745] send: [5b: 31 71 13 00 32]
[01/01/09 01:33:15.752] 	recv: [3b: 31 71 13]
[01/01/09 01:33:15.763] send: [5b: 32 71 13 00 32]
[01/01/09 01:33:15.770] 	recv: [3b: 32 71 13]
[01/01/09 01:33:15.785] send: [3b: 31 72 21]
[01/01/09 01:33:15.792] 	recv: [7b: 31 72 21 00 00 07 BC]
[01/01/09 01:33:15.806] send: [3b: 32 72 21]
[01/01/09 01:33:15.813] 	recv: [7b: 32 72 21 00 00 07 4F]
[01/01/09 01:33:15.826] send: [5b: 31 71 13 00 32]
[01/01/09 01:33:15.833] 	recv: [3b: 31 71 13]
[01/01/09 01:33:15.844] send: [5b: 32 71 13 00 32]
[01/01/09 01:33:15.851] 	recv: [3b: 32 71 13]
[01/01/09 01:33:15.865] send: [3b: 31 72 21]
[01/01/09 01:33:15.872] 	recv: [7b: 31 72 21 00 00 07 BC]
[01/01/09 01:33:15.884] send: [3b: 32 72 21]
[01/01/09 01:33:15.893] 	recv: [7b: 32 72 21 00 00 07 4F]
[01/01/09 01:33:15.904] send: [5b: 31 71 13 00 32]
[01/01/09 01:33:15.912] 	recv: [3b: 31 71 13]
[01/01/09 01:33:15.924] send: [5b: 32 71 13 00 32]
[01/01/09 01:33:15.931] 	recv: [3b: 32 71 13]
[01/01/09 01:33:15.944] send: [6b: 31 43 00 00 07 BA]
[01/01/09 01:33:15.951] 	recv: [2b: 31 43]
[01/01/09 01:33:15.964] send: [6b: 32 43 00 00 07 4D]
[01/01/09 01:33:15.971] 	recv: [2b: 32 43]
[01/01/09 01:33:15.984] send: [3b: 31 72 21]
[01/01/09 01:33:15.992] 	recv: [7b: 31 72 21 00 00 07 BB]
[01/01/09 01:33:16.004] send: [3b: 32 72 21]
[01/01/09 01:33:16.011] 	recv: [7b: 32 72 21 00 00 07 4E]
[01/01/09 01:33:16.024] send: [5b: 31 71 13 00 32]
[01/01/09 01:33:16.031] 	recv: [3b: 31 71 13]
[01/01/09 01:33:16.044] send: [5b: 32 71 13 00 32]
[01/01/09 01:33:16.051] 	recv: [3b: 32 71 13]
[01/01/09 01:33:16.064] send: [3b: 31 72 21]
[01/01/09 01:33:16.071] 	recv: [7b: 31 72 21 00 00 07 BA]
[01/01/09 01:33:16.084] send: [3b: 32 72 21]
[01/01/09 01:33:16.091] 	recv: [7b: 32 72 21 00 00 07 4D]
[01/01/09 01:33:16.105] send: [5b: 31 71 13 00 32]
[01/01/09 01:33:16.112] 	recv: [3b: 31 71 13]
[01/01/09 01:33:16.124] send: [5b: 32 71 13 00 32]
[01/01/09 01:33:16.129] 	recv: [3b: 32 71 13]
[01/01/09 01:33:16.144] send: [3b: 31 72 21]
[01/01/09 01:33:16.152] 	recv: [7b: 31 72 21 00 00 07 BA]
[01/01/09 01:33:16.164] send: [3b: 32 72 21]
[01/01/09 01:33:16.171] 	recv: [7b: 32 72 21 00 00 07 4D]
[01/01/09 01:33:16.184] send: [5b: 31 71 13 00 32]
[01/01/09 01:33:16.190] 	recv: [3b: 31 71 13]
[01/01/09 01:33:16.203] send: [5b: 32 71 13 00 32]
[01/01/09 01:33:16.209] 	recv: [3b: 32 71 13]
[01/01/09 01:33:16.224] send: [3b: 31 72 21]
[01/01/09 01:33:16.231] 	recv: [7b: 31 72 21 00 00 07 BA]
[01/01/09 01:33:16.245] send: [3b: 32 72 21]
[01/01/09 01:33:16.253] 	recv: [7b: 32 72 21 00 00 07 4D]
[01/01/09 01:33:16.264] send: [5b: 31 71 13 00 32]
[01/01/09 01:33:16.271] 	recv: [3b: 31 71 13]
[01/01/09 01:33:16.284] send: [5b: 32 71 13 00 32]
[01/01/09 01:33:16.290] 	recv: [3b: 32 71 13]
[01/01/09 01:33:16.304] send: [6b: 31 43 00 00 07 B9]
[01/01/09 01:33:16.311] 	recv: [2b: 31 43]
[01/01/09 01:33:16.324] send: [6b: 32 43 00 00 07 4C]
[01/01/09 01:33:16.331] 	recv: [2b: 32 43]
[01/01/09 01:33:16.345] send: [3b: 31 72 21]
[01/01/09 01:33:16.352] 	recv: [7b: 31 72 21 00 00 07 B9]
[01/01/09 01:33:16.364] send: [3b: 32 72 21]
[01/01/09 01:33:16.373] 	recv: [7b: 32 72 21 00 00 07 4C]
[01/01/09 01:33:16.386] send: [5b: 31 71 13 00 32]
[01/01/09 01:33:16.393] 	recv: [3b: 31 71 13]
[01/01/09 01:33:16.408] send: [5b: 32 71 13 00 32]
[01/01/09 01:33:16.414] 	recv: [3b: 32 71 13]
[01/01/09 01:33:16.424] send: [3b: 31 72 21]
[01/01/09 01:33:16.431] 	recv: [7b: 31 72 21 00 00 07 B9]
[01/01/09 01:33:16.444] send: [3b: 32 72 21]
[01/01/09 01:33:16.452] 	recv: [7b: 32 72 21 00 00 07 4C]
[01/01/09 01:33:16.466] send: [5b: 31 71 13 00 32]
[01/01/09 01:33:16.476] send: [3b: 31 72 21]
[01/01/09 01:33:16.476] 	recv: [3b: 31 71 13]
[01/01/09 01:33:16.481] 	recv: [7b: 31 72 21 00 00 07 B9]
[01/01/09 01:33:16.493] send: [3b: 32 72 21]
[01/01/09 01:33:16.500] 	recv: [7b: 32 72 21 00 00 07 4C]
[01/01/09 01:33:16.515] send: [5b: 31 71 13 00 32]
[01/01/09 01:33:16.522] 	recv: [3b: 31 71 13]
[01/01/09 01:33:16.534] send: [5b: 32 71 13 00 32]
[01/01/09 01:33:16.539] 	recv: [3b: 32 71 13]
[01/01/09 01:33:16.555] send: [3b: 31 72 21]
[01/01/09 01:33:16.561] 	recv: [7b: 31 72 21 00 00 07 B9]
[01/01/09 01:33:16.574] send: [3b: 32 72 21]
[01/01/09 01:33:16.581] 	recv: [7b: 32 72 21 00 00 07 4C]
[01/01/09 01:33:16.594] send: [5b: 31 71 13 00 32]
[01/01/09 01:33:16.600] 	recv: [3b: 31 71 13]
[01/01/09 01:33:16.614] send: [5b: 32 71 13 00 32]
[01/01/09 01:33:16.620] 	recv: [3b: 32 71 13]
[01/01/09 01:33:16.634] send: [3b: 31 72 21]
[01/01/09 01:33:16.640] 	recv: [7b: 31 72 21 00 00 07 B9]
[01/01/09 01:33:16.655] send: [3b: 32 72 21]
[01/01/09 01:33:16.661] 	recv: [7b: 32 72 21 00 00 07 4C]
[01/01/09 01:33:16.674] send: [5b: 31 71 13 00 32]
[01/01/09 01:33:16.679] 	recv: [3b: 31 71 13]
[01/01/09 01:33:16.695] send: [5b: 32 71 13 00 32]
[01/01/09 01:33:16.701] 	recv: [3b: 32 71 13]
[01/01/09 01:33:16.713] send: [6b: 31 43 00 00 07 B8]
[01/01/09 01:33:16.720] 	recv: [2b: 31 43]
[01/01/09 01:33:16.733] send: [6b: 32 43 00 00 07 4B]
[01/01/09 01:33:16.740] 	recv: [2b: 32 43]
[01/01/09 01:33:16.756] send: [3b: 31 72 21]
[01/01/09 01:33:16.763] 	recv: [7b: 31 72 21 00 00 07 B8]
[01/01/09 01:33:16.774] send: [3b: 32 72 21]
[01/01/09 01:33:16.780] 	recv: [7b: 32 72 21 00 00 07 4B]
[01/01/09 01:33:16.795] send: [5b: 31 71 13 00 32]
[01/01/09 01:33:16.801] 	recv: [3b: 31 71 13]
[01/01/09 01:33:16.815] send: [5b: 32 71 13 00 32]
[01/01/09 01:33:16.821] 	recv: [3b: 32 71 13]
[01/01/09 01:33:16.834] send: [3b: 31 72 21]
[01/01/09 01:33:16.841] 	recv: [7b: 31 72 21 00 00 07 B8]
[01/01/09 01:33:16.853] send: [3b: 32 72 21]
[01/01/09 01:33:16.860] 	recv: [7b: 32 72 21 00 00 07 4B]
[01/01/09 01:33:16.875] send: [5b: 31 71 13 00 32]
[01/01/09 01:33:16.881] 	recv: [3b: 31 71 13]
[01/01/09 01:33:16.895] send: [5b: 32 71 13 00 32]
[01/01/09 01:33:16.901] 	recv: [3b: 32 71 13]
[01/01/09 01:33:16.913] send: [3b: 31 72 21]
[01/01/09 01:33:16.920] 	recv: [7b: 31 72 21 00 00 07 B8]
[01/01/09 01:33:16.933] send: [3b: 32 72 21]
[01/01/09 01:33:16.939] 	recv: [7b: 32 72 21 00 00 07 4B]
[01/01/09 01:33:16.953] send: [5b: 31 71 13 00 32]
[01/01/09 01:33:16.961] 	recv: [3b: 31 71 13]
[01/01/09 01:33:16.974] send: [5b: 32 71 13 00 32]
[01/01/09 01:33:16.980] 	recv: [3b: 32 71 13]
[01/01/09 01:33:16.994] send: [3b: 31 72 21]
[01/01/09 01:33:17.001] 	recv: [7b: 31 72 21 00 00 07 B8]
[01/01/09 01:33:17.015] send: [3b: 32 72 21]
[01/01/09 01:33:17.023] 	recv: [7b: 32 72 21 00 00 07 4B]
[01/01/09 01:33:17.036] send: [5b: 31 71 13 00 32]
[01/01/09 01:33:17.042] 	recv: [3b: 31 71 13]
[01/01/09 01:33:17.056] send: [5b: 32 71 13 00 32]
[01/01/09 01:33:17.063] 	recv: [3b: 32 71 13]
[01/01/09 01:33:17.076] send: [3b: 31 72 21]
[01/01/09 01:33:17.081] 	recv: [7b: 31 72 21 00 00 07 B8]
[01/01/09 01:33:17.096] send: [3b: 32 72 21]
[01/01/09 01:33:17.103] 	recv: [7b: 32 72 21 00 00 07 4B]
[01/01/09 01:33:17.115] send: [5b: 31 71 13 00 32]
[01/01/09 01:33:17.123] 	recv: [3b: 31 71 13]
[01/01/09 01:33:17.135] send: [5b: 32 71 13 00 32]
[01/01/09 01:33:17.142] 	recv: [3b: 32 71 13]
[01/01/09 01:33:17.156] send: [6b: 31 43 00 00 07 B7]
[01/01/09 01:33:17.165] 	recv: [2b: 31 43]
[01/01/09 01:33:17.178] send: [6b: 32 43 00 00 07 4A]
[01/01/09 01:33:17.185] send: [3b: 31 72 21]
[01/01/09 01:33:17.186] 	recv: [2b: 32 43]
[01/01/09 01:33:17.191] 	recv: [7b: 31 72 21 00 00 07 B7]
[01/01/09 01:33:17.193] send: [5b: 32 71 13 00 32]
[01/01/09 01:33:17.200] 	recv: [3b: 32 71 13]
[01/01/09 01:33:17.213] send: [5b: 31 71 13 00 32]
[01/01/09 01:33:17.220] 	recv: [3b: 31 71 13]
[01/01/09 01:33:17.234] send: [3b: 32 72 21]
[01/01/09 01:33:17.240] 	recv: [7b: 32 72 21 00 00 07 4A]
[01/01/09 01:33:17.257] send: [3b: 31 72 21]
[01/01/09 01:33:17.263] 	recv: [7b: 31 72 21 00 00 07 B7]
[01/01/09 01:33:17.265] send: [5b: 32 71 13 00 32]
[01/01/09 01:33:17.270] 	recv: [3b: 32 71 13]
[01/01/09 01:33:17.283] send: [5b: 31 71 13 00 32]
[01/01/09 01:33:17.290] 	recv: [3b: 31 71 13]
[01/01/09 01:33:17.304] send: [3b: 32 72 21]
[01/01/09 01:33:17.311] 	recv: [7b: 32 72 21 00 00 07 4A]
[01/01/09 01:33:17.325] send: [3b: 31 72 21]
[01/01/09 01:33:17.332] 	recv: [7b: 31 72 21 00 00 07 B7]
[01/01/09 01:33:17.344] send: [5b: 32 71 13 00 32]
[01/01/09 01:33:17.350] 	recv: [3b: 32 71 13]
[01/01/09 01:33:17.364] send: [5b: 31 71 13 00 32]
[01/01/09 01:33:17.371] 	recv: [3b: 31 71 13]
[01/01/09 01:33:17.383] send: [3b: 32 72 21]
[01/01/09 01:33:17.389] 	recv: [7b: 32 72 21 00 00 07 4A]
[01/01/09 01:33:17.404] send: [3b: 31 72 21]
[01/01/09 01:33:17.411] 	recv: [7b: 31 72 21 00 00 07 B7]
[01/01/09 01:33:17.424] send: [5b: 32 71 13 00 32]
[01/01/09 01:33:17.431] 	recv: [3b: 32 71 13]
[01/01/09 01:33:17.445] send: [5b: 31 71 13 00 32]
[01/01/09 01:33:17.450] 	recv: [3b: 31 71 13]
[01/01/09 01:33:17.466] send: [3b: 32 72 21]
[01/01/09 01:33:17.473] 	recv: [7b: 32 72 21 00 00 07 4A]
[01/01/09 01:33:17.484] send: [3b: 31 72 21]
[01/01/09 01:33:17.491] 	recv: [7b: 31 72 21 00 00 07 B7]
[01/01/09 01:33:17.506] send: [5b: 32 71 13 00 32]
[01/01/09 01:33:17.513] 	recv: [3b: 32 71 13]
[01/01/09 01:33:17.526] send: [5b: 31 71 13 00 32]
[01/01/09 01:33:17.533] 	recv: [3b: 31 71 13]
[01/01/09 01:33:17.546] send: [6b: 32 43 00 00 07 49]
[01/01/09 01:33:17.554] 	recv: [2b: 32 43]
[01/01/09 01:33:17.566] send: [6b: 31 43 00 00 07 B6]
[01/01/09 01:33:17.573] 	recv: [2b: 31 43]
[01/01/09 01:33:17.583] send: [3b: 32 72 21]
[01/01/09 01:33:17.590] 	recv: [7b: 32 72 21 00 00 07 49]
[01/01/09 01:33:17.605] send: [3b: 31 72 21]
[01/01/09 01:33:17.611] 	recv: [7b: 31 72 21 00 00 07 B6]
[01/01/09 01:33:17.627] send: [5b: 32 71 13 00 32]
[01/01/09 01:33:17.633] 	recv: [3b: 32 71 13]
[01/01/09 01:33:17.644] send: [5b: 31 71 13 00 32]
[01/01/09 01:33:17.651] 	recv: [3b: 31 71 13]
[01/01/09 01:33:17.665] send: [3b: 32 72 21]
[01/01/09 01:33:17.671] 	recv: [7b: 32 72 21 00 00 07 49]
[01/01/09 01:33:17.684] send: [3b: 31 72 21]
[01/01/09 01:33:17.690] 	recv: [7b: 31 72 21 00 00 07 B6]
[01/01/09 01:33:17.704] send: [5b: 32 71 13 00 32]
[01/01/09 01:33:17.710] 	recv: [3b: 32 71 13]
[01/01/09 01:33:17.724] send: [5b: 31 71 13 00 32]
[01/01/09 01:33:17.731] 	recv: [3b: 31 71 13]
[01/01/09 01:33:17.745] send: [3b: 32 72 21]
[01/01/09 01:33:17.752] 	recv: [7b: 32 72 21 00 00 07 49]
[01/01/09 01:33:17.763] send: [3b: 31 72 21]
[01/01/09 01:33:17.769] 	recv: [7b: 31 72 21 00 00 07 B6]
[01/01/09 01:33:17.783] send: [5b: 32 71 13 00 32]
[01/01/09 01:33:17.789] 	recv: [3b: 32 71 13]
[01/01/09 01:33:17.805] send: [5b: 31 71 13 00 32]
[01/01/09 01:33:17.811] 	recv: [3b: 31 71 13]
[01/01/09 01:33:17.825] send: [3b: 32 72 21]
[01/01/09 01:33:17.832] 	recv: [7b: 32 72 21 00 00 07 49]
[01/01/09 01:33:17.845] send: [3b: 31 72 21]
[01/01/09 01:33:17.852] 	recv: [7b: 31 72 21 00 00 07 B6]
[01/01/09 01:33:17.865] send: [5b: 32 71 13 00 32]
[01/01/09 01:33:17.871] 	recv: [3b: 32 71 13]
[01/01/09 01:33:17.883] send: [5b: 31 71 13 00 32]
[01/01/09 01:33:17.889] 	recv: [3b: 31 71 13]
[01/01/09 01:33:17.905] send: [6b: 32 43 00 00 07 48]
[01/01/09 01:33:17.911] 	recv: [2b: 32 43]
[01/01/09 01:33:17.925] send: [6b: 31 43 00 00 07 B5]
[01/01/09 01:33:17.932] 	recv: [2b: 31 43]
[01/01/09 01:33:17.944] send: [3b: 32 72 21]
[01/01/09 01:33:17.950] 	recv: [7b: 32 72 21 00 00 07 48]
[01/01/09 01:33:17.958] send: [3b: 31 72 21]
[01/01/09 01:33:17.963] 	recv: [7b: 31 72 21 00 00 07 B5]
[01/01/09 01:33:17.973] send: [5b: 32 71 13 00 32]
[01/01/09 01:33:17.979] 	recv: [3b: 32 71 13]
[01/01/09 01:33:17.994] send: [5b: 31 71 13 00 32]
[01/01/09 01:33:18.000] 	recv: [3b: 31 71 13]
[01/01/09 01:33:18.015] send: [3b: 32 72 21]
[01/01/09 01:33:18.023] 	recv: [7b: 32 72 21 00 00 07 48]
[01/01/09 01:33:18.035] send: [3b: 31 72 21]
[01/01/09 01:33:18.042] 	recv: [7b: 31 72 21 00 00 07 B5]
[01/01/09 01:33:18.054] send: [5b: 32 71 13 00 32]
[01/01/09 01:33:18.059] 	recv: [3b: 32 71 13]
[01/01/09 01:33:18.074] send: [5b: 31 71 13 00 32]
[01/01/09 01:33:18.079] 	recv: [3b: 31 71 13]
[01/01/09 01:33:18.095] send: [3b: 32 72 21]
[01/01/09 01:33:18.102] 	recv: [7b: 32 72 21 00 00 07 48]
[01/01/09 01:33:18.114] send: [3b: 31 72 21]
[01/01/09 01:33:18.121] 	recv: [7b: 31 72 21 00 00 07 B5]
[01/01/09 01:33:18.135] send: [5b: 32 71 13 00 32]
[01/01/09 01:33:18.142] 	recv: [3b: 32 71 13]
[01/01/09 01:33:18.154] send: [5b: 31 71 13 00 32]
[01/01/09 01:33:18.160] 	recv: [3b: 31 71 13]
[01/01/09 01:33:18.175] send: [6b: 32 43 00 00 07 47]
[01/01/09 01:33:18.182] 	recv: [2b: 32 43]
[01/01/09 01:33:18.194] send: [6b: 31 43 00 00 07 B4]
[01/01/09 01:33:18.200] 	recv: [2b: 31 43]
[01/01/09 01:33:18.214] send: [3b: 32 72 21]
[01/01/09 01:33:18.220] 	recv: [7b: 32 72 21 00 00 07 47]
[01/01/09 01:33:18.233] send: [3b: 31 72 21]
[01/01/09 01:33:18.239] 	recv: [7b: 31 72 21 00 00 07 B4]
[01/01/09 01:33:18.255] send: [5b: 32 71 13 00 32]
[01/01/09 01:33:18.261] 	recv: [3b: 32 71 13]
[01/01/09 01:33:18.275] send: [5b: 31 71 13 00 32]
[01/01/09 01:33:18.282] 	recv: [3b: 31 71 13]
[01/01/09 01:33:18.294] send: [3b: 32 72 21]
[01/01/09 01:33:18.301] 	recv: [7b: 32 72 21 00 00 07 47]
[01/01/09 01:33:18.314] send: [3b: 31 72 21]
[01/01/09 01:33:18.320] 	recv: [7b: 31 72 21 00 00 07 B4]
[01/01/09 01:33:18.334] send: [5b: 32 71 13 00 32]
[01/01/09 01:33:18.340] 	recv: [3b: 32 71 13]
[01/01/09 01:33:18.354] send: [5b: 31 71 13 00 32]
[01/01/09 01:33:18.361] 	recv: [3b: 31 71 13]
[01/01/09 01:33:18.374] send: [3b: 32 72 21]
[01/01/09 01:33:18.380] 	recv: [7b: 32 72 21 00 00 07 47]
[01/01/09 01:33:18.394] send: [3b: 31 72 21]
[01/01/09 01:33:18.401] 	recv: [7b: 31 72 21 00 00 07 B4]
[01/01/09 01:33:18.415] send: [5b: 32 71 13 00 32]
[01/01/09 01:33:18.422] 	recv: [3b: 32 71 13]
[01/01/09 01:33:18.434] send: [5b: 31 71 13 00 32]
[01/01/09 01:33:18.439] 	recv: [3b: 31 71 13]
[01/01/09 01:33:18.454] send: [6b: 32 43 00 00 07 45]
[01/01/09 01:33:18.461] 	recv: [2b: 32 43]
[01/01/09 01:33:18.474] send: [6b: 31 43 00 00 07 B2]
[01/01/09 01:33:18.481] 	recv: [2b: 31 43]
[01/01/09 01:33:18.495] send: [3b: 32 72 21]
[01/01/09 01:33:18.502] 	recv: [7b: 32 72 21 00 00 07 46]
[01/01/09 01:33:18.515] send: [3b: 31 72 21]
[01/01/09 01:33:18.521] 	recv: [7b: 31 72 21 00 00 07 B3]
[01/01/09 01:33:18.535] send: [5b: 32 71 13 00 32]
[01/01/09 01:33:18.541] 	recv: [3b: 32 71 13]
[01/01/09 01:33:18.555] send: [5b: 31 71 13 00 32]
[01/01/09 01:33:18.561] 	recv: [3b: 31 71 13]
[01/01/09 01:33:18.573] send: [3b: 32 72 21]
[01/01/09 01:33:18.580] 	recv: [7b: 32 72 21 00 00 07 45]
[01/01/09 01:33:18.596] send: [3b: 31 72 21]
[01/01/09 01:33:18.603] 	recv: [7b: 31 72 21 00 00 07 B2]
[01/01/09 01:33:18.614] send: [5b: 32 71 13 00 32]
[01/01/09 01:33:18.621] 	recv: [3b: 32 71 13]
[01/01/09 01:33:18.634] send: [5b: 31 71 13 00 32]
[01/01/09 01:33:18.640] 	recv: [3b: 31 71 13]
[01/01/09 01:33:18.655] send: [3b: 32 72 21]
[01/01/09 01:33:18.661] 	recv: [7b: 32 72 21 00 00 07 45]
[01/01/09 01:33:18.675] send: [3b: 31 72 21]
[01/01/09 01:33:18.681] 	recv: [7b: 31 72 21 00 00 07 B2]
[01/01/09 01:33:18.695] send: [5b: 32 71 13 00 32]
[01/01/09 01:33:18.701] 	recv: [3b: 32 71 13]
[01/01/09 01:33:18.715] send: [5b: 31 71 13 00 32]
[01/01/09 01:33:18.720] 	recv: [3b: 31 71 13]
[01/01/09 01:33:18.735] send: [6b: 32 43 00 00 07 44]
[01/01/09 01:33:18.741] 	recv: [2b: 32 43]
[01/01/09 01:33:18.753] send: [6b: 31 43 00 00 07 B1]
[01/01/09 01:33:18.760] 	recv: [2b: 31 43]
[01/01/09 01:33:18.776] send: [3b: 32 72 21]
[01/01/09 01:33:18.786] 	recv: [7b: 32 72 21 00 00 07 44]
[01/01/09 01:33:18.797] send: [3b: 31 72 21]
[01/01/09 01:33:18.804] 	recv: [7b: 31 72 21 00 00 07 B1]
[01/01/09 01:33:18.816] send: [5b: 32 71 13 00 32]
[01/01/09 01:33:18.823] 	recv: [3b: 32 71 13]
[01/01/09 01:33:18.826] send: [5b: 31 71 13 00 32]
[01/01/09 01:33:18.831] 	recv: [3b: 31 71 13]
[01/01/09 01:33:18.843] send: [3b: 32 72 21]
[01/01/09 01:33:18.850] 	recv: [7b: 32 72 21 00 00 07 44]
[01/01/09 01:33:18.864] send: [3b: 31 72 21]
[01/01/09 01:33:18.870] 	recv: [7b: 31 72 21 00 00 07 B1]
[01/01/09 01:33:18.884] send: [5b: 32 71 13 00 32]
[01/01/09 01:33:18.889] 	recv: [3b: 32 71 13]
[01/01/09 01:33:18.903] send: [5b: 31 71 13 00 32]
[01/01/09 01:33:18.910] 	recv: [3b: 31 71 13]
[01/01/09 01:33:18.926] send: [3b: 32 72 21]
[01/01/09 01:33:18.932] 	recv: [7b: 32 72 21 00 00 07 44]
[01/01/09 01:33:18.943] send: [3b: 31 72 21]
[01/01/09 01:33:18.950] 	recv: [7b: 31 72 21 00 00 07 B1]
[01/01/09 01:33:18.964] send: [5b: 32 71 13 00 32]
[01/01/09 01:33:18.969] 	recv: [3b: 32 71 13]
[01/01/09 01:33:18.983] send: [5b: 31 71 13 00 32]
[01/01/09 01:33:18.989] 	recv: [3b: 31 71 13]
[01/01/09 01:33:19.003] send: [6b: 32 43 00 00 07 42]
[01/01/09 01:33:19.009] 	recv: [2b: 32 43]
[01/01/09 01:33:19.023] send: [6b: 31 43 00 00 07 B0]
[01/01/09 01:33:19.028] 	recv: [2b: 31 43]
[01/01/09 01:33:19.043] send: [3b: 32 72 21]
[01/01/09 01:33:19.050] 	recv: [7b: 32 72 21 00 00 07 43]
[01/01/09 01:33:19.063] send: [3b: 31 72 21]
[01/01/09 01:33:19.069] 	recv: [7b: 31 72 21 00 00 07 B0]
[01/01/09 01:33:19.084] send: [5b: 32 71 13 00 32]
[01/01/09 01:33:19.090] 	recv: [3b: 32 71 13]
[01/01/09 01:33:19.104] send: [5b: 31 71 13 00 32]
[01/01/09 01:33:19.110] 	recv: [3b: 31 71 13]
[01/01/09 01:33:19.124] send: [3b: 32 72 21]
[01/01/09 01:33:19.131] 	recv: [7b: 32 72 21 00 00 07 42]
[01/01/09 01:33:19.143] send: [3b: 31 72 21]
[01/01/09 01:33:19.149] 	recv: [7b: 31 72 21 00 00 07 B0]
[01/01/09 01:33:19.164] send: [5b: 32 71 13 00 32]
[01/01/09 01:33:19.169] 	recv: [3b: 32 71 13]
[01/01/09 01:33:19.184] send: [5b: 31 71 13 00 32]
[01/01/09 01:33:19.190] 	recv: [3b: 31 71 13]
[01/01/09 01:33:19.204] send: [6b: 32 43 00 00 07 41]
[01/01/09 01:33:19.210] 	recv: [2b: 32 43]
[01/01/09 01:33:19.224] send: [3b: 31 72 21]
[01/01/09 01:33:19.230] 	recv: [7b: 31 72 21 00 00 07 B0]
[01/01/09 01:33:19.244] send: [3b: 32 72 21]
[01/01/09 01:33:19.250] 	recv: [7b: 32 72 21 00 00 07 41]
[01/01/09 01:33:19.251] send: [5b: 31 71 13 00 32]
[01/01/09 01:33:19.256] 	recv: [3b: 31 71 13]
[01/01/09 01:33:19.265] send: [5b: 32 71 13 00 32]
[01/01/09 01:33:19.270] 	recv: [3b: 32 71 13]
[01/01/09 01:33:19.284] send: [6b: 31 43 00 00 07 AE]
[01/01/09 01:33:19.291] 	recv: [2b: 31 43]
[01/01/09 01:33:19.304] send: [3b: 32 72 21]
[01/01/09 01:33:19.310] 	recv: [7b: 32 72 21 00 00 07 41]
[01/01/09 01:33:19.323] send: [3b: 31 72 21]
[01/01/09 01:33:19.329] 	recv: [7b: 31 72 21 00 00 07 AF]
[01/01/09 01:33:19.332] send: [5b: 32 71 13 00 32]
[01/01/09 01:33:19.337] 	recv: [3b: 32 71 13]
[01/01/09 01:33:19.355] send: [5b: 31 71 13 00 32]
[01/01/09 01:33:19.362] 	recv: [3b: 31 71 13]
[01/01/09 01:33:19.374] send: [3b: 32 72 21]
[01/01/09 01:33:19.381] 	recv: [7b: 32 72 21 00 00 07 41]
[01/01/09 01:33:19.396] send: [3b: 31 72 21]
[01/01/09 01:33:19.405] 	recv: [7b: 31 72 21 00 00 07 AE]
[01/01/09 01:33:19.414] send: [5b: 32 71 13 00 32]
[01/01/09 01:33:19.421] 	recv: [3b: 32 71 13]
[01/01/09 01:33:19.434] send: [5b: 31 71 13 00 32]
[01/01/09 01:33:19.440] 	recv: [3b: 31 71 13]
[01/01/09 01:33:19.454] send: [6b: 32 43 00 00 07 40]
[01/01/09 01:33:19.461] 	recv: [2b: 32 43]
[01/01/09 01:33:19.474] send: [3b: 31 72 21]
[01/01/09 01:33:19.482] 	recv: [7b: 31 72 21 00 00 07 AE]
[01/01/09 01:33:19.494] send: [3b: 32 72 21]
[01/01/09 01:33:19.501] 	recv: [7b: 32 72 21 00 00 07 40]
[01/01/09 01:33:19.514] send: [5b: 31 71 13 00 32]
[01/01/09 01:33:19.520] 	recv: [3b: 31 71 13]
[01/01/09 01:33:19.535] send: [5b: 32 71 13 00 32]
[01/01/09 01:33:19.543] 	recv: [3b: 32 71 13]
[01/01/09 01:33:19.554] send: [6b: 31 43 00 00 07 AD]
[01/01/09 01:33:19.560] 	recv: [2b: 31 43]
[01/01/09 01:33:19.574] send: [3b: 32 72 21]
[01/01/09 01:33:19.581] 	recv: [7b: 32 72 21 00 00 07 40]
[01/01/09 01:33:19.593] send: [3b: 31 72 21]
[01/01/09 01:33:19.600] 	recv: [7b: 31 72 21 00 00 07 AD]
[01/01/09 01:33:19.602] send: [5b: 32 71 13 00 32]
[01/01/09 01:33:19.608] 	recv: [3b: 32 71 13]
[01/01/09 01:33:19.624] send: [5b: 31 71 13 00 32]
[01/01/09 01:33:19.631] 	recv: [3b: 31 71 13]
[01/01/09 01:33:19.644] send: [3b: 32 72 21]
[01/01/09 01:33:19.652] 	recv: [7b: 32 72 21 00 00 07 40]
[01/01/09 01:33:19.664] send: [3b: 31 72 21]
[01/01/09 01:33:19.671] 	recv: [7b: 31 72 21 00 00 07 AD]
[01/01/09 01:33:19.683] send: [5b: 32 71 13 00 32]
[01/01/09 01:33:19.690] 	recv: [3b: 32 71 13]
[01/01/09 01:33:19.704] send: [5b: 31 71 13 00 32]
[01/01/09 01:33:19.711] 	recv: [3b: 31 71 13]
[01/01/09 01:33:19.725] send: [6b: 32 43 00 00 07 3F]
[01/01/09 01:33:19.732] 	recv: [2b: 32 43]
[01/01/09 01:33:19.745] send: [3b: 31 72 21]
[01/01/09 01:33:19.751] 	recv: [7b: 31 72 21 00 00 07 AD]
[01/01/09 01:33:19.765] send: [3b: 32 72 21]
[01/01/09 01:33:19.772] 	recv: [7b: 32 72 21 00 00 07 3F]
[01/01/09 01:33:19.774] send: [5b: 31 71 13 00 32]
[01/01/09 01:33:19.779] 	recv: [3b: 31 71 13]
[01/01/09 01:33:19.797] send: [5b: 32 71 13 00 32]
[01/01/09 01:33:19.802] 	recv: [3b: 32 71 13]
[01/01/09 01:33:19.814] send: [6b: 31 43 00 00 07 AC]
[01/01/09 01:33:19.819] 	recv: [2b: 31 43]
[01/01/09 01:33:19.834] send: [3b: 32 72 21]
[01/01/09 01:33:19.841] 	recv: [7b: 32 72 21 00 00 07 3F]
[01/01/09 01:33:19.855] send: [3b: 31 72 21]
[01/01/09 01:33:19.861] 	recv: [7b: 31 72 21 00 00 07 AC]
[01/01/09 01:33:19.864] send: [5b: 32 71 13 00 32]
[01/01/09 01:33:19.871] 	recv: [3b: 32 71 13]
[01/01/09 01:33:19.885] send: [5b: 31 71 13 00 32]
[01/01/09 01:33:19.892] 	recv: [3b: 31 71 13]
[01/01/09 01:33:19.904] send: [3b: 32 72 21]
[01/01/09 01:33:19.912] 	recv: [7b: 32 72 21 00 00 07 3F]
[01/01/09 01:33:19.924] send: [3b: 31 72 21]
[01/01/09 01:33:19.931] 	recv: [7b: 31 72 21 00 00 07 AC]
[01/01/09 01:33:19.944] send: [5b: 32 71 13 00 32]
[01/01/09 01:33:19.951] 	recv: [3b: 32 71 13]
[01/01/09 01:33:19.963] send: [5b: 31 71 13 00 32]
[01/01/09 01:33:19.971] 	recv: [3b: 31 71 13]
[01/01/09 01:33:19.983] send: [6b: 32 43 00 00 07 3E]
[01/01/09 01:33:19.989] 	recv: [2b: 32 43]
[01/01/09 01:33:20.004] send: [3b: 31 72 21]
[01/01/09 01:33:20.010] 	recv: [7b: 31 72 21 00 00 07 AC]
[01/01/09 01:33:20.023] send: [3b: 32 72 21]
[01/01/09 01:33:20.030] 	recv: [7b: 32 72 21 00 00 07 3E]
[01/01/09 01:33:20.032] send: [5b: 31 71 13 00 32]
[01/01/09 01:33:20.037] 	recv: [3b: 31 71 13]
[01/01/09 01:33:20.045] send: [5b: 32 71 13 00 32]
[01/01/09 01:33:20.051] 	recv: [3b: 32 71 13]
[01/01/09 01:33:20.065] send: [6b: 31 43 00 00 07 AB]
[01/01/09 01:33:20.071] 	recv: [2b: 31 43]
[01/01/09 01:33:20.085] send: [3b: 32 72 21]
[01/01/09 01:33:20.092] 	recv: [7b: 32 72 21 00 00 07 3E]
[01/01/09 01:33:20.105] send: [3b: 31 72 21]
[01/01/09 01:33:20.111] 	recv: [7b: 31 72 21 00 00 07 AB]
[01/01/09 01:33:20.113] send: [5b: 32 71 13 00 32]
[01/01/09 01:33:20.118] 	recv: [3b: 32 71 13]
[01/01/09 01:33:20.134] send: [5b: 31 71 13 00 32]
[01/01/09 01:33:20.139] 	recv: [3b: 31 71 13]
[01/01/09 01:33:20.153] send: [3b: 32 72 21]
[01/01/09 01:33:20.160] 	recv: [7b: 32 72 21 00 00 07 3E]
[01/01/09 01:33:20.174] send: [3b: 31 72 21]
[01/01/09 01:33:20.180] 	recv: [7b: 31 72 21 00 00 07 AB]
[01/01/09 01:33:20.194] send: [5b: 32 71 13 00 32]
[01/01/09 01:33:20.201] 	recv: [3b: 32 71 13]
[01/01/09 01:33:20.216] send: [5b: 31 71 13 00 32]
[01/01/09 01:33:20.222] 	recv: [3b: 31 71 13]
[01/01/09 01:33:20.236] send: [6b: 32 43 00 00 07 3D]
[01/01/09 01:33:20.243] 	recv: [2b: 32 43]
[01/01/09 01:33:20.256] send: [3b: 31 72 21]
[01/01/09 01:33:20.264] send: [3b: 32 72 21]
[01/01/09 01:33:20.265] 	recv: [7b: 31 72 21 00 00 07 AB]
[01/01/09 01:33:20.271] 	recv: [7b: 32 72 21 00 00 07 3D]
[01/01/09 01:33:20.294] send: [5b: 31 71 13 00 32]
[01/01/09 01:33:20.300] 	recv: [3b: 31 71 13]
[01/01/09 01:33:20.318] send: [5b: 32 71 13 00 32]
[01/01/09 01:33:20.323] 	recv: [3b: 32 71 13]
[01/01/09 01:33:20.333] send: [3b: 31 72 21]
[01/01/09 01:33:20.339] 	recv: [7b: 31 72 21 00 00 07 AB]
[01/01/09 01:33:20.354] send: [3b: 32 72 21]
[01/01/09 01:33:20.360] 	recv: [7b: 32 72 21 00 00 07 3D]
[01/01/09 01:33:20.362] send: [5b: 31 71 13 00 32]
[01/01/09 01:33:20.369] 	recv: [3b: 31 71 13]
[01/01/09 01:33:20.385] send: [5b: 32 71 13 00 32]
[01/01/09 01:33:20.391] 	recv: [3b: 32 71 13]
[01/01/09 01:33:20.415] send: [6b: 31 43 00 00 07 A9]
[01/01/09 01:33:20.420] 	recv: [2b: 31 43]
[01/01/09 01:33:20.434] send: [3b: 32 72 21]
[01/01/09 01:33:20.440] 	recv: [7b: 32 72 21 00 00 07 3D]
[01/01/09 01:33:20.454] send: [3b: 31 72 21]
[01/01/09 01:33:20.460] 	recv: [7b: 31 72 21 00 00 07 AA]
[01/01/09 01:33:20.461] send: [5b: 32 71 13 00 32]
[01/01/09 01:33:20.467] 	recv: [3b: 32 71 13]
[01/01/09 01:33:20.484] send: [5b: 31 71 13 00 32]
[01/01/09 01:33:20.491] 	recv: [3b: 31 71 13]
[01/01/09 01:33:20.504] send: [6b: 32 43 00 00 07 3B]
[01/01/09 01:33:20.511] 	recv: [2b: 32 43]
[01/01/09 01:33:20.524] send: [3b: 31 72 21]
[01/01/09 01:33:20.531] 	recv: [7b: 31 72 21 00 00 07 A9]
[01/01/09 01:33:20.546] send: [3b: 32 72 21]
[01/01/09 01:33:20.556] 	recv: [7b: 32 72 21 00 00 07 3B]
[01/01/09 01:33:20.567] send: [5b: 32 71 13 00 32]
[01/01/09 01:33:20.574] 	recv: [3b: 32 71 13]
[01/01/09 01:33:20.588] send: [5b: 31 71 13 00 32]
[01/01/09 01:33:20.594] 	recv: [3b: 31 71 13]
[01/01/09 01:33:20.605] send: [3b: 32 72 21]
[01/01/09 01:33:20.613] 	recv: [7b: 32 72 21 00 00 07 3B]
[01/01/09 01:33:20.624] send: [3b: 31 72 21]
[01/01/09 01:33:20.631] 	recv: [7b: 31 72 21 00 00 07 A9]
[01/01/09 01:33:20.633] send: [5b: 32 71 13 00 32]
[01/01/09 01:33:20.638] 	recv: [3b: 32 71 13]
[01/01/09 01:33:20.654] send: [5b: 31 71 13 00 32]
[01/01/09 01:33:20.660] 	recv: [3b: 31 71 13]
[01/01/09 01:33:20.673] send: [3b: 32 72 21]
[01/01/09 01:33:20.681] 	recv: [7b: 32 72 21 00 00 07 3B]
[01/01/09 01:33:20.695] error: bus thread interrupted
[01/01/09 01:33:20.720] resources: ut=0.15 st=0.06
[01/01/09 01:33:20.720] log finished
