[01/01/09 01:33:07.317] log started
[01/01/09 01:33:07.317] 	[ BusInterface ]
[01/01/09 01:33:07.317] 	cycle = 20
[01/01/09 01:33:07.317] 	delayWriteTime = 6
[01/01/09 01:33:07.317] 	href = cout_4011
[01/01/09 01:33:07.317] 	interface = ethernet
[01/01/09 01:33:07.317] 	localAddr = 10.0.0.1
[01/01/09 01:33:07.317] 	localPort = 4011
[01/01/09 01:33:07.317] 	log:path = 
[01/01/09 01:33:07.317] 	log:size = 
[01/01/09 01:33:07.318] 	log:type = info
[01/01/09 01:33:07.318] 	name = TCP/UDP/UnixSocket Network Bus
[01/01/09 01:33:07.318] 	protocol = udp
[01/01/09 01:33:07.318] 	remoteAddr = 10.0.0.2
[01/01/09 01:33:07.318] 	remotePort = 4011
[01/01/09 01:33:07.318] 	sym = bus_4011
[01/01/09 01:33:07.318] 	type = ethernet
[01/01/09 01:33:07.318] 	vendor = Spetstekhnika
[01/01/09 01:33:07.318] 	writeDelay = async
[01/01/09 01:33:07.318] tid = 6417
[01/01/09 01:33:07.346] udp connection started (cycle=20, receive size=10240)
[01/01/09 01:33:07.346] 	local  = 10.0.0.1:4011
[01/01/09 01:33:07.346] 	remote = 10.0.0.2:4011
[01/01/09 01:33:07.347] 	SO_RCVBUF = 63488
[01/01/09 01:33:07.347] 	SO_SNDBUF = 63488
[01/01/09 01:33:07.377] connection: receive timeout (1,1 10240/10240,2/2)
[01/01/09 01:33:07.377] send: [2b: 31 47]
[01/01/09 01:33:07.382] 	recv: [2b: 31 47]
[01/01/09 01:33:07.397] send: [5b: 31 71 13 03 84]
[01/01/09 01:33:07.404] 	recv: [3b: 31 71 13]
[01/01/09 01:33:07.416] send: [5b: 31 71 12 00 C8]
[01/01/09 01:33:07.422] 	recv: [3b: 31 71 12]
[01/01/09 01:33:07.435] send: [4b: 31 71 14 F1]
[01/01/09 01:33:07.441] 	recv: [3b: 31 71 14]
[01/01/09 01:33:07.455] send: [4b: 31 71 15 59]
[01/01/09 01:33:07.461] 	recv: [3b: 31 71 15]
[01/01/09 01:33:07.462] send: [3b: 31 72 02]
[01/01/09 01:33:07.467] 	recv: [4b: 31 72 02 03]
[01/01/09 01:33:07.485] send: [3b: 31 44 00]
[01/01/09 01:33:07.489] 	recv: [2b: 31 44]
[01/01/09 01:33:07.505] send: [3b: 31 72 01]
[01/01/09 01:33:07.511] 	recv: [4b: 31 72 01 09]
[01/01/09 01:33:07.525] send: [3b: 31 72 02]
[01/01/09 01:33:07.532] 	recv: [4b: 31 72 02 03]
[01/01/09 01:33:07.545] send: [3b: 31 72 02]
[01/01/09 01:33:07.552] 	recv: [4b: 31 72 02 03]
[01/01/09 01:33:07.564] send: [3b: 31 72 02]
[01/01/09 01:33:07.570] 	recv: [4b: 31 72 02 03]
[01/01/09 01:33:07.586] send: [3b: 31 72 02]
[01/01/09 01:33:07.592] 	recv: [4b: 31 72 02 03]
[01/01/09 01:33:07.603] send: [3b: 31 72 02]
[01/01/09 01:33:07.610] 	recv: [4b: 31 72 02 03]
[01/01/09 01:33:07.624] send: [3b: 31 72 02]
[01/01/09 01:33:07.631] 	recv: [4b: 31 72 02 03]
[01/01/09 01:33:07.644] send: [3b: 31 72 02]
[01/01/09 01:33:07.651] 	recv: [4b: 31 72 02 03]
[01/01/09 01:33:07.664] send: [3b: 31 72 02]
[01/01/09 01:33:07.671] 	recv: [4b: 31 72 02 03]
[01/01/09 01:33:07.684] send: [3b: 31 72 02]
[01/01/09 01:33:07.690] 	recv: [4b: 31 72 02 03]
[01/01/09 01:33:07.704] send: [3b: 31 72 02]
[01/01/09 01:33:07.711] 	recv: [4b: 31 72 02 03]
[01/01/09 01:33:07.725] send: [3b: 31 72 02]
[01/01/09 01:33:07.731] 	recv: [4b: 31 72 02 03]
[01/01/09 01:33:07.745] send: [3b: 31 72 02]
[01/01/09 01:33:07.751] 	recv: [4b: 31 72 02 03]
[01/01/09 01:33:07.766] send: [3b: 31 72 02]
[01/01/09 01:33:07.771] 	recv: [4b: 31 72 02 03]
[01/01/09 01:33:07.784] send: [3b: 31 72 02]
[01/01/09 01:33:07.789] 	recv: [4b: 31 72 02 03]
[01/01/09 01:33:07.804] send: [3b: 31 72 02]
[01/01/09 01:33:07.811] 	recv: [4b: 31 72 02 03]
[01/01/09 01:33:07.824] send: [3b: 31 72 02]
[01/01/09 01:33:07.829] 	recv: [4b: 31 72 02 03]
[01/01/09 01:33:07.844] send: [3b: 31 72 02]
[01/01/09 01:33:07.851] 	recv: [4b: 31 72 02 03]
[01/01/09 01:33:07.863] send: [3b: 31 72 02]
[01/01/09 01:33:07.869] 	recv: [4b: 31 72 02 03]
[01/01/09 01:33:07.883] send: [3b: 31 72 02]
[01/01/09 01:33:07.890] 	recv: [4b: 31 72 02 03]
[01/01/09 01:33:07.905] send: [3b: 31 72 02]
[01/01/09 01:33:07.911] 	recv: [4b: 31 72 02 03]
[01/01/09 01:33:07.924] send: [3b: 31 72 02]
[01/01/09 01:33:07.931] 	recv: [4b: 31 72 02 03]
[01/01/09 01:33:07.944] send: [3b: 31 72 02]
[01/01/09 01:33:07.950] 	recv: [4b: 31 72 02 03]
[01/01/09 01:33:07.965] send: [3b: 31 72 02]
[01/01/09 01:33:07.970] 	recv: [4b: 31 72 02 03]
[01/01/09 01:33:07.984] send: [3b: 31 72 02]
[01/01/09 01:33:07.991] 	recv: [4b: 31 72 02 03]
[01/01/09 01:33:08.005] send: [3b: 31 72 02]
[01/01/09 01:33:08.011] 	recv: [4b: 31 72 02 03]
[01/01/09 01:33:08.025] send: [3b: 31 72 02]
[01/01/09 01:33:08.031] 	recv: [4b: 31 72 02 03]
[01/01/09 01:33:08.044] send: [3b: 31 72 02]
[01/01/09 01:33:08.049] 	recv: [4b: 31 72 02 03]
[01/01/09 01:33:08.066] send: [3b: 31 72 02]
[01/01/09 01:33:08.072] 	recv: [4b: 31 72 02 03]
[01/01/09 01:33:08.087] send: [3b: 31 72 02]
[01/01/09 01:33:08.093] 	recv: [4b: 31 72 02 03]
[01/01/09 01:33:08.104] send: [3b: 31 72 02]
[01/01/09 01:33:08.111] 	recv: [4b: 31 72 02 03]
[01/01/09 01:33:08.125] send: [3b: 31 72 02]
[01/01/09 01:33:08.131] 	recv: [4b: 31 72 02 03]
[01/01/09 01:33:08.145] send: [3b: 31 72 02]
[01/01/09 01:33:08.152] 	recv: [4b: 31 72 02 03]
[01/01/09 01:33:08.164] send: [3b: 31 72 02]
[01/01/09 01:33:08.170] 	recv: [4b: 31 72 02 03]
[01/01/09 01:33:08.183] send: [3b: 31 72 02]
[01/01/09 01:33:08.190] 	recv: [4b: 31 72 02 03]
[01/01/09 01:33:08.205] send: [3b: 31 72 02]
[01/01/09 01:33:08.212] 	recv: [4b: 31 72 02 03]
[01/01/09 01:33:08.225] send: [3b: 31 72 02]
[01/01/09 01:33:08.231] 	recv: [4b: 31 72 02 03]
[01/01/09 01:33:08.244] send: [3b: 31 72 02]
[01/01/09 01:33:08.250] 	recv: [4b: 31 72 02 03]
[01/01/09 01:33:08.265] send: [3b: 31 72 02]
[01/01/09 01:33:08.272] 	recv: [4b: 31 72 02 03]
[01/01/09 01:33:08.285] send: [3b: 31 72 02]
[01/01/09 01:33:08.291] 	recv: [4b: 31 72 02 03]
[01/01/09 01:33:08.305] send: [3b: 31 72 02]
[01/01/09 01:33:08.311] 	recv: [4b: 31 72 02 03]
[01/01/09 01:33:08.325] send: [3b: 31 72 02]
[01/01/09 01:33:08.330] 	recv: [4b: 31 72 02 03]
[01/01/09 01:33:08.348] send: [3b: 31 72 02]
[01/01/09 01:33:08.355] send: [3b: 31 72 02]
[01/01/09 01:33:08.358] 	recv: [4b: 31 72 02 03]
[01/01/09 01:33:08.365] 	recv: [4b: 31 72 02 03]
[01/01/09 01:33:08.385] send: [3b: 31 72 02]
[01/01/09 01:33:08.390] 	recv: [4b: 31 72 02 03]
[01/01/09 01:33:08.407] send: [3b: 31 72 02]
[01/01/09 01:33:08.412] 	recv: [4b: 31 72 02 03]
[01/01/09 01:33:08.426] send: [3b: 31 72 02]
[01/01/09 01:33:08.431] 	recv: [4b: 31 72 02 03]
[01/01/09 01:33:08.446] send: [3b: 31 72 02]
[01/01/09 01:33:08.451] 	recv: [4b: 31 72 02 03]
[01/01/09 01:33:08.464] send: [3b: 31 72 02]
[01/01/09 01:33:08.470] 	recv: [4b: 31 72 02 03]
[01/01/09 01:33:08.493] send: [3b: 31 72 02]
[01/01/09 01:33:08.498] 	recv: [4b: 31 72 02 03]
[01/01/09 01:33:08.515] send: [3b: 31 72 02]
[01/01/09 01:33:08.521] 	recv: [4b: 31 72 02 03]
[01/01/09 01:33:08.534] send: [3b: 31 72 02]
[01/01/09 01:33:08.541] 	recv: [4b: 31 72 02 03]
[01/01/09 01:33:08.553] send: [3b: 31 72 02]
[01/01/09 01:33:08.560] 	recv: [4b: 31 72 02 03]
[01/01/09 01:33:08.574] send: [3b: 31 72 02]
[01/01/09 01:33:08.580] 	recv: [4b: 31 72 02 03]
[01/01/09 01:33:08.594] send: [3b: 31 72 02]
[01/01/09 01:33:08.601] 	recv: [4b: 31 72 02 03]
[01/01/09 01:33:08.614] send: [3b: 31 72 02]
[01/01/09 01:33:08.620] 	recv: [4b: 31 72 02 03]
[01/01/09 01:33:08.633] send: [3b: 31 72 02]
[01/01/09 01:33:08.640] 	recv: [4b: 31 72 02 03]
[01/01/09 01:33:08.654] send: [3b: 31 72 02]
[01/01/09 01:33:08.661] 	recv: [4b: 31 72 02 03]
[01/01/09 01:33:08.674] send: [3b: 31 72 02]
[01/01/09 01:33:08.681] 	recv: [4b: 31 72 02 03]
[01/01/09 01:33:08.693] send: [3b: 31 72 02]
[01/01/09 01:33:08.700] 	recv: [4b: 31 72 02 03]
[01/01/09 01:33:08.714] send: [3b: 31 72 02]
[01/01/09 01:33:08.721] 	recv: [4b: 31 72 02 03]
[01/01/09 01:33:08.734] send: [3b: 31 72 02]
[01/01/09 01:33:08.741] 	recv: [4b: 31 72 02 03]
[01/01/09 01:33:08.754] send: [3b: 31 72 02]
[01/01/09 01:33:08.760] 	recv: [4b: 31 72 02 03]
[01/01/09 01:33:08.774] send: [3b: 31 72 02]
[01/01/09 01:33:08.781] 	recv: [4b: 31 72 02 03]
[01/01/09 01:33:08.793] send: [3b: 31 72 02]
[01/01/09 01:33:08.800] 	recv: [4b: 31 72 02 03]
[01/01/09 01:33:08.813] send: [3b: 31 72 02]
[01/01/09 01:33:08.818] 	recv: [4b: 31 72 02 03]
[01/01/09 01:33:08.833] send: [3b: 31 72 02]
[01/01/09 01:33:08.838] 	recv: [4b: 31 72 02 03]
[01/01/09 01:33:08.854] send: [3b: 31 72 02]
[01/01/09 01:33:08.860] 	recv: [4b: 31 72 02 03]
[01/01/09 01:33:08.873] send: [3b: 31 72 02]
[01/01/09 01:33:08.880] 	recv: [4b: 31 72 02 03]
[01/01/09 01:33:08.893] send: [3b: 31 72 02]
[01/01/09 01:33:08.901] 	recv: [4b: 31 72 02 03]
[01/01/09 01:33:08.913] send: [3b: 31 72 02]
[01/01/09 01:33:08.918] 	recv: [4b: 31 72 02 03]
[01/01/09 01:33:08.934] send: [3b: 31 72 02]
[01/01/09 01:33:08.940] 	recv: [4b: 31 72 02 03]
[01/01/09 01:33:08.954] send: [3b: 31 72 02]
[01/01/09 01:33:08.960] 	recv: [4b: 31 72 02 13]
[01/01/09 01:33:08.976] send: [6b: 31 42 FF FF FD D1]
[01/01/09 01:33:08.982] 	recv: [2b: 31 42]
[01/01/09 01:33:08.993] send: [3b: 31 72 01]
[01/01/09 01:33:09.000] 	recv: [4b: 31 72 01 85]
[01/01/09 01:33:09.014] send: [3b: 31 72 01]
[01/01/09 01:33:09.020] 	recv: [4b: 31 72 01 85]
[01/01/09 01:33:09.034] send: [3b: 31 72 01]
[01/01/09 01:33:09.039] 	recv: [4b: 31 72 01 85]
[01/01/09 01:33:09.054] send: [3b: 31 72 01]
[01/01/09 01:33:09.060] 	recv: [4b: 31 72 01 85]
[01/01/09 01:33:09.074] send: [3b: 31 72 01]
[01/01/09 01:33:09.080] 	recv: [4b: 31 72 01 85]
[01/01/09 01:33:09.093] send: [3b: 31 72 01]
[01/01/09 01:33:09.100] 	recv: [4b: 31 72 01 85]
[01/01/09 01:33:09.113] send: [3b: 31 72 01]
[01/01/09 01:33:09.119] 	recv: [4b: 31 72 01 85]
[01/01/09 01:33:09.133] send: [3b: 31 72 01]
[01/01/09 01:33:09.139] 	recv: [4b: 31 72 01 85]
[01/01/09 01:33:09.153] send: [3b: 31 72 01]
[01/01/09 01:33:09.160] 	recv: [4b: 31 72 01 85]
[01/01/09 01:33:09.177] send: [3b: 31 72 01]
[01/01/09 01:33:09.182] 	recv: [4b: 31 72 01 85]
[01/01/09 01:33:09.194] send: [3b: 31 72 01]
[01/01/09 01:33:09.200] 	recv: [4b: 31 72 01 85]
[01/01/09 01:33:09.213] send: [3b: 31 72 01]
[01/01/09 01:33:09.220] 	recv: [4b: 31 72 01 85]
[01/01/09 01:33:09.234] send: [3b: 31 72 01]
[01/01/09 01:33:09.240] 	recv: [4b: 31 72 01 85]
[01/01/09 01:33:09.256] send: [3b: 31 72 01]
[01/01/09 01:33:09.263] 	recv: [4b: 31 72 01 85]
[01/01/09 01:33:09.273] send: [3b: 31 72 01]
[01/01/09 01:33:09.280] 	recv: [4b: 31 72 01 85]
[01/01/09 01:33:09.294] send: [3b: 31 72 01]
[01/01/09 01:33:09.301] 	recv: [4b: 31 72 01 85]
[01/01/09 01:33:09.314] send: [3b: 31 72 01]
[01/01/09 01:33:09.321] 	recv: [4b: 31 72 01 85]
[01/01/09 01:33:09.335] send: [3b: 31 72 01]
[01/01/09 01:33:09.342] 	recv: [4b: 31 72 01 85]
[01/01/09 01:33:09.354] send: [3b: 31 72 01]
[01/01/09 01:33:09.360] 	recv: [4b: 31 72 01 85]
[01/01/09 01:33:09.375] send: [3b: 31 72 01]
[01/01/09 01:33:09.381] 	recv: [4b: 31 72 01 85]
[01/01/09 01:33:09.395] send: [3b: 31 72 01]
[01/01/09 01:33:09.401] 	recv: [4b: 31 72 01 85]
[01/01/09 01:33:09.414] send: [3b: 31 72 01]
[01/01/09 01:33:09.420] 	recv: [4b: 31 72 01 85]
[01/01/09 01:33:09.434] send: [3b: 31 72 01]
[01/01/09 01:33:09.440] 	recv: [4b: 31 72 01 85]
[01/01/09 01:33:09.454] send: [3b: 31 72 01]
[01/01/09 01:33:09.461] 	recv: [4b: 31 72 01 85]
[01/01/09 01:33:09.474] send: [3b: 31 72 01]
[01/01/09 01:33:09.480] 	recv: [4b: 31 72 01 85]
[01/01/09 01:33:09.494] send: [3b: 31 72 01]
[01/01/09 01:33:09.500] 	recv: [4b: 31 72 01 85]
[01/01/09 01:33:09.515] send: [3b: 31 72 01]
[01/01/09 01:33:09.522] 	recv: [4b: 31 72 01 85]
[01/01/09 01:33:09.536] send: [3b: 31 72 01]
[01/01/09 01:33:09.542] 	recv: [4b: 31 72 01 85]
[01/01/09 01:33:09.556] send: [3b: 31 72 01]
[01/01/09 01:33:09.563] 	recv: [4b: 31 72 01 85]
[01/01/09 01:33:09.576] send: [3b: 31 72 01]
[01/01/09 01:33:09.582] 	recv: [4b: 31 72 01 85]
[01/01/09 01:33:09.596] send: [3b: 31 72 01]
[01/01/09 01:33:09.602] 	recv: [4b: 31 72 01 85]
[01/01/09 01:33:09.616] send: [3b: 31 72 01]
[01/01/09 01:33:09.621] 	recv: [4b: 31 72 01 00]
[01/01/09 01:33:09.633] send: [5b: 31 71 13 03 84]
[01/01/09 01:33:09.639] 	recv: [3b: 31 71 13]
[01/01/09 01:33:09.656] send: [7b: 31 71 21 00 00 00 00]
[01/01/09 01:33:09.663] 	recv: [3b: 31 71 21]
[01/01/09 01:33:09.675] send: [3b: 31 72 21]
[01/01/09 01:33:09.682] 	recv: [7b: 31 72 21 00 00 00 00]
[01/01/09 01:33:09.683] send: [5b: 31 71 13 03 34]
[01/01/09 01:33:09.688] 	recv: [3b: 31 71 13]
[01/01/09 01:33:09.695] send: [6b: 31 43 00 00 01 15]
[01/01/09 01:33:09.702] 	recv: [2b: 31 43]
[01/01/09 01:33:09.714] send: [3b: 31 72 21]
[01/01/09 01:33:09.721] 	recv: [7b: 31 72 21 00 00 00 0A]
[01/01/09 01:33:09.722] send: [5b: 31 71 13 03 0C]
[01/01/09 01:33:09.727] 	recv: [3b: 31 71 13]
[01/01/09 01:33:09.745] send: [6b: 31 43 00 00 01 14]
[01/01/09 01:33:09.752] 	recv: [2b: 31 43]
[01/01/09 01:33:09.765] send: [3b: 31 72 21]
[01/01/09 01:33:09.771] 	recv: [7b: 31 72 21 00 00 00 31]
[01/01/09 01:33:09.772] send: [5b: 31 71 13 02 94]
[01/01/09 01:33:09.777] 	recv: [3b: 31 71 13]
[01/01/09 01:33:09.785] send: [6b: 31 43 00 00 01 12]
[01/01/09 01:33:09.791] 	recv: [2b: 31 43]
[01/01/09 01:33:09.803] send: [3b: 31 72 21]
[01/01/09 01:33:09.811] 	recv: [7b: 31 72 21 00 00 00 4D]
[01/01/09 01:33:09.812] send: [5b: 31 71 13 02 44]
[01/01/09 01:33:09.817] 	recv: [3b: 31 71 13]
[01/01/09 01:33:09.824] send: [6b: 31 43 00 00 01 11]
[01/01/09 01:33:09.831] 	recv: [2b: 31 43]
[01/01/09 01:33:09.844] send: [3b: 31 72 21]
[01/01/09 01:33:09.850] 	recv: [7b: 31 72 21 00 00 00 64]
[01/01/09 01:33:09.852] send: [5b: 31 71 13 01 F4]
[01/01/09 01:33:09.857] 	recv: [3b: 31 71 13]
[01/01/09 01:33:09.874] send: [6b: 31 43 00 00 01 0F]
[01/01/09 01:33:09.881] 	recv: [2b: 31 43]
[01/01/09 01:33:09.895] send: [3b: 31 72 21]
[01/01/09 01:33:09.901] 	recv: [7b: 31 72 21 00 00 00 7E]
[01/01/09 01:33:09.902] send: [5b: 31 71 13 01 A4]
[01/01/09 01:33:09.908] 	recv: [3b: 31 71 13]
[01/01/09 01:33:09.923] send: [6b: 31 43 00 00 01 0E]
[01/01/09 01:33:09.931] 	recv: [2b: 31 43]
[01/01/09 01:33:09.943] send: [3b: 31 72 21]
[01/01/09 01:33:09.951] 	recv: [7b: 31 72 21 00 00 00 94]
[01/01/09 01:33:09.952] send: [5b: 31 71 13 01 68]
[01/01/09 01:33:09.958] 	recv: [3b: 31 71 13]
[01/01/09 01:33:09.974] send: [6b: 31 43 00 00 01 0C]
[01/01/09 01:33:09.980] 	recv: [2b: 31 43]
[01/01/09 01:33:09.994] send: [3b: 31 72 21]
[01/01/09 01:33:10.000] 	recv: [7b: 31 72 21 00 00 00 A6]
[01/01/09 01:33:10.002] send: [5b: 31 71 13 01 2C]
[01/01/09 01:33:10.007] 	recv: [3b: 31 71 13]
[01/01/09 01:33:10.014] send: [6b: 31 43 00 00 01 0B]
[01/01/09 01:33:10.021] 	recv: [2b: 31 43]
[01/01/09 01:33:10.034] send: [3b: 31 72 21]
[01/01/09 01:33:10.040] 	recv: [7b: 31 72 21 00 00 00 B3]
[01/01/09 01:33:10.041] send: [5b: 31 71 13 00 F0]
[01/01/09 01:33:10.048] 	recv: [3b: 31 71 13]
[01/01/09 01:33:10.055] send: [6b: 31 43 00 00 01 09]
[01/01/09 01:33:10.062] 	recv: [2b: 31 43]
[01/01/09 01:33:10.074] send: [3b: 31 72 21]
[01/01/09 01:33:10.081] 	recv: [7b: 31 72 21 00 00 00 BD]
[01/01/09 01:33:10.083] send: [5b: 31 71 13 00 DC]
[01/01/09 01:33:10.088] 	recv: [3b: 31 71 13]
[01/01/09 01:33:10.104] send: [6b: 31 43 00 00 01 08]
[01/01/09 01:33:10.110] 	recv: [2b: 31 43]
[01/01/09 01:33:10.124] send: [3b: 31 72 21]
[01/01/09 01:33:10.131] 	recv: [7b: 31 72 21 00 00 00 C8]
[01/01/09 01:33:10.132] send: [5b: 31 71 13 00 C8]
[01/01/09 01:33:10.138] 	recv: [3b: 31 71 13]
[01/01/09 01:33:10.154] send: [6b: 31 43 00 00 01 07]
[01/01/09 01:33:10.161] 	recv: [2b: 31 43]
[01/01/09 01:33:10.175] send: [3b: 31 72 21]
[01/01/09 01:33:10.181] 	recv: [7b: 31 72 21 00 00 00 D3]
[01/01/09 01:33:10.183] send: [5b: 31 71 13 00 C8]
[01/01/09 01:33:10.189] 	recv: [3b: 31 71 13]
[01/01/09 01:33:10.203] send: [6b: 31 43 00 00 01 05]
[01/01/09 01:33:10.210] 	recv: [2b: 31 43]
[01/01/09 01:33:10.224] send: [3b: 31 72 21]
[01/01/09 01:33:10.231] 	recv: [7b: 31 72 21 00 00 00 DC]
[01/01/09 01:33:10.232] send: [5b: 31 71 13 00 C8]
[01/01/09 01:33:10.239] 	recv: [3b: 31 71 13]
[01/01/09 01:33:10.254] send: [6b: 31 43 00 00 01 04]
[01/01/09 01:33:10.260] 	recv: [2b: 31 43]
[01/01/09 01:33:10.268] send: [3b: 31 72 21]
[01/01/09 01:33:10.274] 	recv: [7b: 31 72 21 00 00 00 E5]
[01/01/09 01:33:10.275] send: [5b: 31 71 13 00 C8]
[01/01/09 01:33:10.282] 	recv: [3b: 31 71 13]
[01/01/09 01:33:10.297] send: [6b: 31 43 00 00 01 02]
[01/01/09 01:33:10.305] send: [3b: 31 72 21]
[01/01/09 01:33:10.305] 	recv: [2b: 31 43]
[01/01/09 01:33:10.312] 	recv: [7b: 31 72 21 00 00 00 ED]
[01/01/09 01:33:10.327] send: [5b: 31 71 13 00 C8]
[01/01/09 01:33:10.334] 	recv: [3b: 31 71 13]
[01/01/09 01:33:10.343] send: [6b: 31 43 00 00 01 01]
[01/01/09 01:33:10.350] 	recv: [2b: 31 43]
[01/01/09 01:33:10.365] send: [3b: 31 72 21]
[01/01/09 01:33:10.372] 	recv: [7b: 31 72 21 00 00 00 F9]
[01/01/09 01:33:10.374] send: [5b: 31 71 13 00 C8]
[01/01/09 01:33:10.381] 	recv: [3b: 31 71 13]
[01/01/09 01:33:10.394] send: [6b: 31 43 00 00 00 FF]
[01/01/09 01:33:10.400] 	recv: [2b: 31 43]
[01/01/09 01:33:10.415] send: [3b: 31 72 21]
[01/01/09 01:33:10.422] 	recv: [7b: 31 72 21 00 00 00 FF]
[01/01/09 01:33:10.423] send: [5b: 31 71 13 00 C8]
[01/01/09 01:33:10.428] 	recv: [3b: 31 71 13]
[01/01/09 01:33:10.444] send: [6b: 31 43 00 00 00 FE]
[01/01/09 01:33:10.451] 	recv: [2b: 31 43]
[01/01/09 01:33:10.464] send: [3b: 31 72 21]
[01/01/09 01:33:10.471] 	recv: [7b: 31 72 21 00 00 00 FE]
[01/01/09 01:33:10.473] send: [5b: 31 71 13 00 C8]
[01/01/09 01:33:10.478] 	recv: [3b: 31 71 13]
[01/01/09 01:33:10.494] send: [6b: 31 43 00 00 00 FC]
[01/01/09 01:33:10.501] 	recv: [2b: 31 43]
[01/01/09 01:33:10.515] send: [3b: 31 72 21]
[01/01/09 01:33:10.521] 	recv: [7b: 31 72 21 00 00 00 FC]
[01/01/09 01:33:10.523] send: [5b: 31 71 13 00 C8]
[01/01/09 01:33:10.528] 	recv: [3b: 31 71 13]
[01/01/09 01:33:10.545] send: [6b: 31 43 00 00 00 FB]
[01/01/09 01:33:10.552] 	recv: [2b: 31 43]
[01/01/09 01:33:10.564] send: [3b: 31 72 21]
[01/01/09 01:33:10.571] 	recv: [7b: 31 72 21 00 00 00 FB]
[01/01/09 01:33:10.572] send: [5b: 31 71 13 00 C8]
[01/01/09 01:33:10.577] 	recv: [3b: 31 71 13]
[01/01/09 01:33:10.585] send: [6b: 31 43 00 00 00 F9]
[01/01/09 01:33:10.591] 	recv: [2b: 31 43]
[01/01/09 01:33:10.605] send: [3b: 31 72 21]
[01/01/09 01:33:10.612] 	recv: [7b: 31 72 21 00 00 00 F9]
[01/01/09 01:33:10.614] send: [5b: 31 71 13 00 C8]
[01/01/09 01:33:10.619] 	recv: [3b: 31 71 13]
[01/01/09 01:33:10.636] send: [6b: 31 43 00 00 00 F8]
[01/01/09 01:33:10.643] 	recv: [2b: 31 43]
[01/01/09 01:33:10.656] send: [3b: 31 72 21]
[01/01/09 01:33:10.663] 	recv: [7b: 31 72 21 00 00 00 F8]
[01/01/09 01:33:10.664] send: [5b: 31 71 13 00 C8]
[01/01/09 01:33:10.669] 	recv: [3b: 31 71 13]
[01/01/09 01:33:10.684] send: [6b: 31 43 00 00 00 F6]
[01/01/09 01:33:10.691] 	recv: [2b: 31 43]
[01/01/09 01:33:10.704] send: [3b: 31 72 21]
[01/01/09 01:33:10.712] 	recv: [7b: 31 72 21 00 00 00 F6]
[01/01/09 01:33:10.713] send: [5b: 31 71 13 00 C8]
[01/01/09 01:33:10.718] 	recv: [3b: 31 71 13]
[01/01/09 01:33:10.734] send: [6b: 31 43 00 00 00 F5]
[01/01/09 01:33:10.740] 	recv: [2b: 31 43]
[01/01/09 01:33:10.753] send: [3b: 31 72 21]
[01/01/09 01:33:10.760] 	recv: [7b: 31 72 21 00 00 00 F5]
[01/01/09 01:33:10.761] send: [5b: 31 71 13 00 C8]
[01/01/09 01:33:10.767] 	recv: [3b: 31 71 13]
[01/01/09 01:33:10.774] send: [6b: 31 43 00 00 00 F3]
[01/01/09 01:33:10.781] 	recv: [2b: 31 43]
[01/01/09 01:33:10.795] send: [3b: 31 72 21]
[01/01/09 01:33:10.802] 	recv: [7b: 31 72 21 00 00 00 F3]
[01/01/09 01:33:10.803] send: [5b: 31 71 13 00 C8]
[01/01/09 01:33:10.808] 	recv: [3b: 31 71 13]
[01/01/09 01:33:10.824] send: [6b: 31 43 00 00 00 F2]
[01/01/09 01:33:10.831] 	recv: [2b: 31 43]
[01/01/09 01:33:10.844] send: [3b: 31 72 21]
[01/01/09 01:33:10.850] 	recv: [7b: 31 72 21 00 00 00 F2]
[01/01/09 01:33:10.852] send: [5b: 31 71 13 00 C8]
[01/01/09 01:33:10.858] 	recv: [3b: 31 71 13]
[01/01/09 01:33:10.874] send: [6b: 31 43 00 00 00 F0]
[01/01/09 01:33:10.880] 	recv: [2b: 31 43]
[01/01/09 01:33:10.894] send: [3b: 31 72 21]
[01/01/09 01:33:10.901] 	recv: [7b: 31 72 21 00 00 00 F0]
[01/01/09 01:33:10.903] send: [5b: 31 71 13 00 C8]
[01/01/09 01:33:10.908] 	recv: [3b: 31 71 13]
[01/01/09 01:33:10.924] send: [6b: 31 43 00 00 00 EE]
[01/01/09 01:33:10.930] 	recv: [2b: 31 43]
[01/01/09 01:33:10.944] send: [3b: 31 72 21]
[01/01/09 01:33:10.951] 	recv: [7b: 31 72 21 00 00 00 EE]
[01/01/09 01:33:10.953] send: [5b: 31 71 13 00 C8]
[01/01/09 01:33:10.958] 	recv: [3b: 31 71 13]
[01/01/09 01:33:10.974] send: [6b: 31 43 00 00 00 EC]
[01/01/09 01:33:10.981] 	recv: [2b: 31 43]
[01/01/09 01:33:10.994] send: [3b: 31 72 21]
[01/01/09 01:33:11.001] 	recv: [7b: 31 72 21 00 00 00 EC]
[01/01/09 01:33:11.003] send: [5b: 31 71 13 00 C8]
[01/01/09 01:33:11.008] 	recv: [3b: 31 71 13]
[01/01/09 01:33:11.024] send: [6b: 31 43 00 00 00 EA]
[01/01/09 01:33:11.030] 	recv: [2b: 31 43]
[01/01/09 01:33:11.043] send: [3b: 31 72 21]
[01/01/09 01:33:11.049] 	recv: [7b: 31 72 21 00 00 00 EA]
[01/01/09 01:33:11.051] send: [5b: 31 71 13 00 C8]
[01/01/09 01:33:11.057] 	recv: [3b: 31 71 13]
[01/01/09 01:33:11.065] send: [6b: 31 43 00 00 00 E8]
[01/01/09 01:33:11.072] 	recv: [2b: 31 43]
[01/01/09 01:33:11.085] send: [3b: 31 72 21]
[01/01/09 01:33:11.092] 	recv: [7b: 31 72 21 00 00 00 E8]
[01/01/09 01:33:11.094] send: [5b: 31 71 13 00 C8]
[01/01/09 01:33:11.099] 	recv: [3b: 31 71 13]
[01/01/09 01:33:11.114] send: [6b: 31 43 00 00 00 E6]
[01/01/09 01:33:11.120] 	recv: [2b: 31 43]
[01/01/09 01:33:11.135] send: [3b: 31 72 21]
[01/01/09 01:33:11.142] 	recv: [7b: 31 72 21 00 00 00 E6]
[01/01/09 01:33:11.143] send: [5b: 31 71 13 00 C8]
[01/01/09 01:33:11.149] 	recv: [3b: 31 71 13]
[01/01/09 01:33:11.165] send: [6b: 31 43 00 00 00 E3]
[01/01/09 01:33:11.171] 	recv: [2b: 31 43]
[01/01/09 01:33:11.185] send: [3b: 31 72 21]
[01/01/09 01:33:11.192] 	recv: [7b: 31 72 21 00 00 00 E3]
[01/01/09 01:33:11.194] send: [5b: 31 71 13 00 C8]
[01/01/09 01:33:11.199] 	recv: [3b: 31 71 13]
[01/01/09 01:33:11.216] send: [6b: 31 43 00 00 00 E1]
[01/01/09 01:33:11.224] 	recv: [2b: 31 43]
[01/01/09 01:33:11.236] send: [3b: 31 72 21]
[01/01/09 01:33:11.244] 	recv: [7b: 31 72 21 00 00 00 E1]
[01/01/09 01:33:11.246] send: [5b: 31 71 13 00 C8]
[01/01/09 01:33:11.251] 	recv: [3b: 31 71 13]
[01/01/09 01:33:11.264] send: [6b: 31 43 00 00 00 DE]
[01/01/09 01:33:11.270] 	recv: [2b: 31 43]
[01/01/09 01:33:11.294] send: [3b: 31 72 21]
[01/01/09 01:33:11.300] 	recv: [7b: 31 72 21 00 00 00 DE]
[01/01/09 01:33:11.302] send: [5b: 31 71 13 00 C8]
[01/01/09 01:33:11.308] 	recv: [3b: 31 71 13]
[01/01/09 01:33:11.325] send: [6b: 31 43 00 00 00 DB]
[01/01/09 01:33:11.331] 	recv: [2b: 31 43]
[01/01/09 01:33:11.345] send: [3b: 31 72 21]
[01/01/09 01:33:11.352] 	recv: [7b: 31 72 21 00 00 00 DB]
[01/01/09 01:33:11.354] send: [5b: 31 71 13 00 C8]
[01/01/09 01:33:11.360] 	recv: [3b: 31 71 13]
[01/01/09 01:33:11.374] send: [6b: 31 43 00 00 00 D8]
[01/01/09 01:33:11.380] 	recv: [2b: 31 43]
[01/01/09 01:33:11.394] send: [3b: 31 72 21]
[01/01/09 01:33:11.401] 	recv: [7b: 31 72 21 00 00 00 D8]
[01/01/09 01:33:11.402] send: [5b: 31 71 13 00 C8]
[01/01/09 01:33:11.407] 	recv: [3b: 31 71 13]
[01/01/09 01:33:11.415] send: [6b: 31 43 00 00 00 D5]
[01/01/09 01:33:11.420] 	recv: [2b: 31 43]
[01/01/09 01:33:11.434] send: [3b: 31 72 21]
[01/01/09 01:33:11.439] 	recv: [7b: 31 72 21 00 00 00 D5]
[01/01/09 01:33:11.441] send: [5b: 31 71 13 00 C8]
[01/01/09 01:33:11.447] 	recv: [3b: 31 71 13]
[01/01/09 01:33:11.465] send: [6b: 31 43 00 00 00 D2]
[01/01/09 01:33:11.471] 	recv: [2b: 31 43]
[01/01/09 01:33:11.485] send: [3b: 31 72 21]
[01/01/09 01:33:11.492] 	recv: [7b: 31 72 21 00 00 00 D2]
[01/01/09 01:33:11.494] send: [5b: 31 71 13 00 C8]
[01/01/09 01:33:11.501] 	recv: [3b: 31 71 13]
[01/01/09 01:33:11.515] send: [6b: 31 43 00 00 00 CF]
[01/01/09 01:33:11.521] 	recv: [2b: 31 43]
[01/01/09 01:33:11.535] send: [3b: 31 72 21]
[01/01/09 01:33:11.542] 	recv: [7b: 31 72 21 00 00 00 CF]
[01/01/09 01:33:11.544] send: [5b: 31 71 13 00 C8]
[01/01/09 01:33:11.551] 	recv: [3b: 31 71 13]
[01/01/09 01:33:11.563] send: [6b: 31 43 00 00 00 CB]
[01/01/09 01:33:11.570] 	recv: [2b: 31 43]
[01/01/09 01:33:11.585] send: [3b: 31 72 21]
[01/01/09 01:33:11.591] 	recv: [7b: 31 72 21 00 00 00 CB]
[01/01/09 01:33:11.592] send: [5b: 31 71 13 00 C8]
[01/01/09 01:33:11.598] 	recv: [3b: 31 71 13]
[01/01/09 01:33:11.613] send: [6b: 31 43 00 00 00 C7]
[01/01/09 01:33:11.620] 	recv: [2b: 31 43]
[01/01/09 01:33:11.635] send: [3b: 31 72 21]
[01/01/09 01:33:11.641] 	recv: [7b: 31 72 21 00 00 00 C7]
[01/01/09 01:33:11.643] send: [5b: 31 71 13 00 C8]
[01/01/09 01:33:11.648] 	recv: [3b: 31 71 13]
[01/01/09 01:33:11.664] send: [6b: 31 43 00 00 00 C4]
[01/01/09 01:33:11.671] 	recv: [2b: 31 43]
[01/01/09 01:33:11.683] send: [3b: 31 72 21]
[01/01/09 01:33:11.690] 	recv: [7b: 31 72 21 00 00 00 C4]
[01/01/09 01:33:11.692] send: [5b: 31 71 13 00 C8]
[01/01/09 01:33:11.697] 	recv: [3b: 31 71 13]
[01/01/09 01:33:11.704] send: [6b: 31 43 00 00 00 BF]
[01/01/09 01:33:11.710] 	recv: [2b: 31 43]
[01/01/09 01:33:11.723] send: [3b: 31 72 21]
[01/01/09 01:33:11.730] 	recv: [7b: 31 72 21 00 00 00 C1]
[01/01/09 01:33:11.732] send: [5b: 31 71 13 00 C8]
[01/01/09 01:33:11.738] 	recv: [3b: 31 71 13]
[01/01/09 01:33:11.745] send: [6b: 31 43 00 00 00 BC]
[01/01/09 01:33:11.752] 	recv: [2b: 31 43]
[01/01/09 01:33:11.765] send: [3b: 31 72 21]
[01/01/09 01:33:11.771] 	recv: [7b: 31 72 21 00 00 00 BC]
[01/01/09 01:33:11.773] send: [5b: 31 71 13 00 C8]
[01/01/09 01:33:11.778] 	recv: [3b: 31 71 13]
[01/01/09 01:33:11.794] send: [6b: 31 43 00 00 00 B8]
[01/01/09 01:33:11.801] 	recv: [2b: 31 43]
[01/01/09 01:33:11.815] send: [3b: 31 72 21]
[01/01/09 01:33:11.822] 	recv: [7b: 31 72 21 00 00 00 B8]
[01/01/09 01:33:11.824] send: [5b: 31 71 13 00 C8]
[01/01/09 01:33:11.830] 	recv: [3b: 31 71 13]
[01/01/09 01:33:11.844] send: [6b: 31 43 00 00 00 B4]
[01/01/09 01:33:11.850] 	recv: [2b: 31 43]
[01/01/09 01:33:11.865] send: [3b: 31 72 21]
[01/01/09 01:33:11.872] 	recv: [7b: 31 72 21 00 00 00 B4]
[01/01/09 01:33:11.873] send: [5b: 31 71 13 00 C8]
[01/01/09 01:33:11.880] 	recv: [3b: 31 71 13]
[01/01/09 01:33:11.893] send: [6b: 31 43 00 00 00 AF]
[01/01/09 01:33:11.901] 	recv: [2b: 31 43]
[01/01/09 01:33:11.915] send: [3b: 31 72 21]
[01/01/09 01:33:11.923] 	recv: [7b: 31 72 21 00 00 00 B0]
[01/01/09 01:33:11.925] send: [5b: 31 71 13 00 C8]
[01/01/09 01:33:11.930] 	recv: [3b: 31 71 13]
[01/01/09 01:33:11.945] send: [6b: 31 43 00 00 00 AA]
[01/01/09 01:33:11.952] 	recv: [2b: 31 43]
[01/01/09 01:33:11.964] send: [3b: 31 72 21]
[01/01/09 01:33:11.970] 	recv: [7b: 31 72 21 00 00 00 AC]
[01/01/09 01:33:11.972] send: [5b: 31 71 13 00 C8]
[01/01/09 01:33:11.977] 	recv: [3b: 31 71 13]
[01/01/09 01:33:11.985] send: [6b: 31 43 00 00 00 A5]
[01/01/09 01:33:11.992] 	recv: [2b: 31 43]
[01/01/09 01:33:12.005] send: [3b: 31 72 21]
[01/01/09 01:33:12.012] 	recv: [7b: 31 72 21 00 00 00 A7]
[01/01/09 01:33:12.013] send: [5b: 31 71 13 00 C8]
[01/01/09 01:33:12.020] 	recv: [3b: 31 71 13]
[01/01/09 01:33:12.035] send: [6b: 31 43 00 00 00 A1]
[01/01/09 01:33:12.040] 	recv: [2b: 31 43]
[01/01/09 01:33:12.055] send: [3b: 31 72 21]
[01/01/09 01:33:12.061] 	recv: [7b: 31 72 21 00 00 00 A1]
[01/01/09 01:33:12.063] send: [5b: 31 71 13 00 C8]
[01/01/09 01:33:12.069] 	recv: [3b: 31 71 13]
[01/01/09 01:33:12.084] send: [6b: 31 43 00 00 00 9C]
[01/01/09 01:33:12.091] 	recv: [2b: 31 43]
[01/01/09 01:33:12.104] send: [3b: 31 72 21]
[01/01/09 01:33:12.111] 	recv: [7b: 31 72 21 00 00 00 9E]
[01/01/09 01:33:12.112] send: [5b: 31 71 13 00 C8]
[01/01/09 01:33:12.117] 	recv: [3b: 31 71 13]
[01/01/09 01:33:12.134] send: [6b: 31 43 00 00 00 97]
[01/01/09 01:33:12.140] 	recv: [2b: 31 43]
[01/01/09 01:33:12.155] send: [3b: 31 72 21]
[01/01/09 01:33:12.161] 	recv: [7b: 31 72 21 00 00 00 99]
[01/01/09 01:33:12.163] send: [5b: 31 71 13 00 C8]
[01/01/09 01:33:12.168] 	recv: [3b: 31 71 13]
[01/01/09 01:33:12.187] send: [6b: 31 43 00 00 00 92]
[01/01/09 01:33:12.194] 	recv: [2b: 31 43]
[01/01/09 01:33:12.206] send: [3b: 31 72 21]
[01/01/09 01:33:12.214] 	recv: [7b: 31 72 21 00 00 00 94]
[01/01/09 01:33:12.216] send: [5b: 31 71 13 00 C8]
[01/01/09 01:33:12.221] 	recv: [3b: 31 71 13]
[01/01/09 01:33:12.234] send: [6b: 31 43 00 00 00 8D]
[01/01/09 01:33:12.241] 	recv: [2b: 31 43]
[01/01/09 01:33:12.254] send: [3b: 31 72 21]
[01/01/09 01:33:12.261] 	recv: [7b: 31 72 21 00 00 00 8F]
[01/01/09 01:33:12.262] send: [5b: 31 71 13 00 C8]
[01/01/09 01:33:12.268] 	recv: [3b: 31 71 13]
[01/01/09 01:33:12.275] send: [6b: 31 43 00 00 00 87]
[01/01/09 01:33:12.280] 	recv: [2b: 31 43]
[01/01/09 01:33:12.305] send: [3b: 31 72 21]
[01/01/09 01:33:12.310] 	recv: [7b: 31 72 21 00 00 00 88]
[01/01/09 01:33:12.312] send: [5b: 31 71 13 00 C8]
[01/01/09 01:33:12.317] 	recv: [3b: 31 71 13]
[01/01/09 01:33:12.325] send: [6b: 31 43 00 00 00 82]
[01/01/09 01:33:12.331] 	recv: [2b: 31 43]
[01/01/09 01:33:12.343] send: [3b: 31 72 21]
[01/01/09 01:33:12.349] 	recv: [7b: 31 72 21 00 00 00 84]
[01/01/09 01:33:12.351] send: [5b: 31 71 13 00 C8]
[01/01/09 01:33:12.356] 	recv: [3b: 31 71 13]
[01/01/09 01:33:12.364] send: [6b: 31 43 00 00 00 7E]
[01/01/09 01:33:12.371] 	recv: [2b: 31 43]
[01/01/09 01:33:12.384] send: [3b: 31 72 21]
[01/01/09 01:33:12.391] 	recv: [7b: 31 72 21 00 00 00 7F]
[01/01/09 01:33:12.393] send: [5b: 31 71 13 00 C8]
[01/01/09 01:33:12.398] 	recv: [3b: 31 71 13]
[01/01/09 01:33:12.415] send: [6b: 31 43 00 00 00 7A]
[01/01/09 01:33:12.422] 	recv: [2b: 31 43]
[01/01/09 01:33:12.434] send: [3b: 31 72 21]
[01/01/09 01:33:12.441] 	recv: [7b: 31 72 21 00 00 00 7B]
[01/01/09 01:33:12.443] send: [5b: 31 71 13 00 C8]
[01/01/09 01:33:12.448] 	recv: [3b: 31 71 13]
[01/01/09 01:33:12.465] send: [6b: 31 43 00 00 00 74]
[01/01/09 01:33:12.472] 	recv: [2b: 31 43]
[01/01/09 01:33:12.485] send: [3b: 31 72 21]
[01/01/09 01:33:12.490] 	recv: [7b: 31 72 21 00 00 00 77]
[01/01/09 01:33:12.492] send: [5b: 31 71 13 00 C8]
[01/01/09 01:33:12.497] 	recv: [3b: 31 71 13]
[01/01/09 01:33:12.505] send: [6b: 31 43 00 00 00 6F]
[01/01/09 01:33:12.512] 	recv: [2b: 31 43]
[01/01/09 01:33:12.525] send: [3b: 31 72 21]
[01/01/09 01:33:12.532] 	recv: [7b: 31 72 21 00 00 00 71]
[01/01/09 01:33:12.534] send: [5b: 31 71 13 00 C8]
[01/01/09 01:33:12.540] 	recv: [3b: 31 71 13]
[01/01/09 01:33:12.553] send: [6b: 31 43 00 00 00 6B]
[01/01/09 01:33:12.560] 	recv: [2b: 31 43]
[01/01/09 01:33:12.574] send: [3b: 31 72 21]
[01/01/09 01:33:12.581] 	recv: [7b: 31 72 21 00 00 00 6C]
[01/01/09 01:33:12.582] send: [5b: 31 71 13 00 C8]
[01/01/09 01:33:12.588] 	recv: [3b: 31 71 13]
[01/01/09 01:33:12.604] send: [6b: 31 43 00 00 00 65]
[01/01/09 01:33:12.612] 	recv: [2b: 31 43]
[01/01/09 01:33:12.624] send: [3b: 31 72 21]
[01/01/09 01:33:12.632] 	recv: [7b: 31 72 21 00 00 00 68]
[01/01/09 01:33:12.633] send: [5b: 31 71 13 00 C8]
[01/01/09 01:33:12.638] 	recv: [3b: 31 71 13]
[01/01/09 01:33:12.653] send: [6b: 31 43 00 00 00 5F]
[01/01/09 01:33:12.660] 	recv: [2b: 31 43]
[01/01/09 01:33:12.674] send: [3b: 31 72 21]
[01/01/09 01:33:12.681] 	recv: [7b: 31 72 21 00 00 00 61]
[01/01/09 01:33:12.683] send: [5b: 31 71 13 00 C8]
[01/01/09 01:33:12.688] 	recv: [3b: 31 71 13]
[01/01/09 01:33:12.705] send: [6b: 31 43 00 00 00 5A]
[01/01/09 01:33:12.712] 	recv: [2b: 31 43]
[01/01/09 01:33:12.725] send: [3b: 31 72 21]
[01/01/09 01:33:12.732] 	recv: [7b: 31 72 21 00 00 00 5C]
[01/01/09 01:33:12.734] send: [5b: 31 71 13 00 C8]
[01/01/09 01:33:12.739] 	recv: [3b: 31 71 13]
[01/01/09 01:33:12.755] send: [6b: 31 43 00 00 00 54]
[01/01/09 01:33:12.761] 	recv: [2b: 31 43]
[01/01/09 01:33:12.775] send: [3b: 31 72 21]
[01/01/09 01:33:12.781] 	recv: [7b: 31 72 21 00 00 00 57]
[01/01/09 01:33:12.783] send: [5b: 31 71 13 00 C8]
[01/01/09 01:33:12.788] 	recv: [3b: 31 71 13]
[01/01/09 01:33:12.805] send: [6b: 31 43 00 00 00 4E]
[01/01/09 01:33:12.812] 	recv: [2b: 31 43]
[01/01/09 01:33:12.825] send: [3b: 31 72 21]
[01/01/09 01:33:12.832] 	recv: [7b: 31 72 21 00 00 00 51]
[01/01/09 01:33:12.835] send: [5b: 31 71 13 00 C8]
[01/01/09 01:33:12.840] 	recv: [3b: 31 71 13]
[01/01/09 01:33:12.854] send: [6b: 31 43 00 00 00 48]
[01/01/09 01:33:12.860] 	recv: [2b: 31 43]
[01/01/09 01:33:12.874] send: [3b: 31 72 21]
[01/01/09 01:33:12.881] 	recv: [7b: 31 72 21 00 00 00 4B]
[01/01/09 01:33:12.883] send: [5b: 31 71 13 00 C8]
[01/01/09 01:33:12.888] 	recv: [3b: 31 71 13]
[01/01/09 01:33:12.903] send: [6b: 31 43 00 00 00 42]
[01/01/09 01:33:12.910] 	recv: [2b: 31 43]
[01/01/09 01:33:12.924] send: [3b: 31 72 21]
[01/01/09 01:33:12.931] 	recv: [7b: 31 72 21 00 00 00 45]
[01/01/09 01:33:12.932] send: [5b: 31 71 13 00 C8]
[01/01/09 01:33:12.937] 	recv: [3b: 31 71 13]
[01/01/09 01:33:12.954] send: [6b: 31 43 00 00 00 3C]
[01/01/09 01:33:12.961] 	recv: [2b: 31 43]
[01/01/09 01:33:12.974] send: [3b: 31 72 21]
[01/01/09 01:33:12.981] 	recv: [7b: 31 72 21 00 00 00 3F]
[01/01/09 01:33:12.983] send: [5b: 31 71 13 00 C8]
[01/01/09 01:33:12.988] 	recv: [3b: 31 71 13]
[01/01/09 01:33:13.004] send: [6b: 31 43 00 00 00 35]
[01/01/09 01:33:13.011] 	recv: [2b: 31 43]
[01/01/09 01:33:13.024] send: [3b: 31 72 21]
[01/01/09 01:33:13.031] 	recv: [7b: 31 72 21 00 00 00 39]
[01/01/09 01:33:13.033] send: [5b: 31 71 13 00 C8]
[01/01/09 01:33:13.038] 	recv: [3b: 31 71 13]
[01/01/09 01:33:13.055] send: [6b: 31 43 00 00 00 2F]
[01/01/09 01:33:13.062] 	recv: [2b: 31 43]
[01/01/09 01:33:13.076] send: [3b: 31 72 21]
[01/01/09 01:33:13.085] 	recv: [7b: 31 72 21 00 00 00 31]
[01/01/09 01:33:13.093] send: [5b: 31 71 13 00 C8]
[01/01/09 01:33:13.100] 	recv: [3b: 31 71 13]
[01/01/09 01:33:13.114] send: [6b: 31 43 00 00 00 28]
[01/01/09 01:33:13.121] 	recv: [2b: 31 43]
[01/01/09 01:33:13.134] send: [3b: 31 72 21]
[01/01/09 01:33:13.141] 	recv: [7b: 31 72 21 00 00 00 2C]
[01/01/09 01:33:13.142] send: [5b: 31 71 13 00 C8]
[01/01/09 01:33:13.148] 	recv: [3b: 31 71 13]
[01/01/09 01:33:13.155] send: [6b: 31 43 00 00 00 21]
[01/01/09 01:33:13.161] 	recv: [2b: 31 43]
[01/01/09 01:33:13.173] send: [3b: 31 72 21]
[01/01/09 01:33:13.180] 	recv: [7b: 31 72 21 00 00 00 25]
[01/01/09 01:33:13.182] send: [5b: 31 71 13 00 C8]
[01/01/09 01:33:13.187] 	recv: [3b: 31 71 13]
[01/01/09 01:33:13.204] send: [6b: 31 43 00 00 00 1B]
[01/01/09 01:33:13.210] 	recv: [2b: 31 43]
[01/01/09 01:33:13.224] send: [3b: 31 72 21]
[01/01/09 01:33:13.231] 	recv: [7b: 31 72 21 00 00 00 1D]
[01/01/09 01:33:13.233] send: [5b: 31 71 13 00 C8]
[01/01/09 01:33:13.238] 	recv: [3b: 31 71 13]
[01/01/09 01:33:13.254] send: [6b: 31 43 00 00 00 15]
[01/01/09 01:33:13.261] 	recv: [2b: 31 43]
[01/01/09 01:33:13.274] send: [3b: 31 72 21]
[01/01/09 01:33:13.280] 	recv: [7b: 31 72 21 00 00 00 18]
[01/01/09 01:33:13.282] send: [5b: 31 71 13 00 C8]
[01/01/09 01:33:13.287] 	recv: [3b: 31 71 13]
[01/01/09 01:33:13.304] send: [6b: 31 43 00 00 00 0E]
[01/01/09 01:33:13.310] 	recv: [2b: 31 43]
[01/01/09 01:33:13.324] send: [3b: 31 72 21]
[01/01/09 01:33:13.331] 	recv: [7b: 31 72 21 00 00 00 11]
[01/01/09 01:33:13.333] send: [5b: 31 71 13 00 C8]
[01/01/09 01:33:13.338] 	recv: [3b: 31 71 13]
[01/01/09 01:33:13.355] send: [6b: 31 43 00 00 00 07]
[01/01/09 01:33:13.361] 	recv: [2b: 31 43]
[01/01/09 01:33:13.375] send: [3b: 31 72 21]
[01/01/09 01:33:13.381] 	recv: [7b: 31 72 21 00 00 00 0B]
[01/01/09 01:33:13.383] send: [5b: 31 71 13 00 C8]
[01/01/09 01:33:13.388] 	recv: [3b: 31 71 13]
[01/01/09 01:33:13.405] send: [6b: 31 43 00 00 00 00]
[01/01/09 01:33:13.412] 	recv: [2b: 31 43]
[01/01/09 01:33:13.424] send: [3b: 31 72 21]
[01/01/09 01:33:13.431] 	recv: [7b: 31 72 21 00 00 00 04]
[01/01/09 01:33:13.433] send: [5b: 31 71 13 00 C8]
[01/01/09 01:33:13.438] 	recv: [3b: 31 71 13]
[01/01/09 01:33:13.446] send: [6b: 31 43 FF FF FF FB]
[01/01/09 01:33:13.452] 	recv: [2b: 31 43]
[01/01/09 01:33:13.466] send: [3b: 31 72 21]
[01/01/09 01:33:13.473] 	recv: [7b: 31 72 21 FF FF FF FD]
[01/01/09 01:33:13.474] send: [5b: 31 71 13 00 C8]
[01/01/09 01:33:13.479] 	recv: [3b: 31 71 13]
[01/01/09 01:33:13.493] send: [6b: 31 43 FF FF FF F5]
[01/01/09 01:33:13.499] 	recv: [2b: 31 43]
[01/01/09 01:33:13.517] send: [3b: 31 72 21]
[01/01/09 01:33:13.523] 	recv: [7b: 31 72 21 FF FF FF F7]
[01/01/09 01:33:13.525] send: [5b: 31 71 13 00 C8]
[01/01/09 01:33:13.532] 	recv: [3b: 31 71 13]
[01/01/09 01:33:13.544] send: [6b: 31 43 FF FF FF EE]
[01/01/09 01:33:13.552] 	recv: [2b: 31 43]
[01/01/09 01:33:13.568] send: [3b: 31 72 21]
[01/01/09 01:33:13.574] 	recv: [7b: 31 72 21 FF FF FF F1]
[01/01/09 01:33:13.576] send: [5b: 31 71 13 00 C8]
[01/01/09 01:33:13.581] 	recv: [3b: 31 71 13]
[01/01/09 01:33:13.594] send: [6b: 31 43 FF FF FF E7]
[01/01/09 01:33:13.600] 	recv: [2b: 31 43]
[01/01/09 01:33:13.614] send: [3b: 31 72 21]
[01/01/09 01:33:13.620] 	recv: [7b: 31 72 21 FF FF FF EB]
[01/01/09 01:33:13.622] send: [5b: 31 71 13 00 C8]
[01/01/09 01:33:13.627] 	recv: [3b: 31 71 13]
[01/01/09 01:33:13.634] send: [6b: 31 43 FF FF FF E0]
[01/01/09 01:33:13.641] 	recv: [2b: 31 43]
[01/01/09 01:33:13.654] send: [3b: 31 72 21]
[01/01/09 01:33:13.661] 	recv: [7b: 31 72 21 FF FF FF E4]
[01/01/09 01:33:13.662] send: [5b: 31 71 13 00 C8]
[01/01/09 01:33:13.668] 	recv: [3b: 31 71 13]
[01/01/09 01:33:13.675] send: [6b: 31 43 FF FF FF DB]
[01/01/09 01:33:13.682] 	recv: [2b: 31 43]
[01/01/09 01:33:13.694] send: [3b: 31 72 21]
[01/01/09 01:33:13.700] 	recv: [7b: 31 72 21 FF FF FF DD]
[01/01/09 01:33:13.702] send: [5b: 31 71 13 00 C8]
[01/01/09 01:33:13.707] 	recv: [3b: 31 71 13]
[01/01/09 01:33:13.714] send: [6b: 31 43 FF FF FF D5]
[01/01/09 01:33:13.719] 	recv: [2b: 31 43]
[01/01/09 01:33:13.735] send: [3b: 31 72 21]
[01/01/09 01:33:13.741] 	recv: [7b: 31 72 21 FF FF FF D7]
[01/01/09 01:33:13.743] send: [5b: 31 71 13 00 C8]
[01/01/09 01:33:13.748] 	recv: [3b: 31 71 13]
[01/01/09 01:33:13.764] send: [6b: 31 43 FF FF FF D0]
[01/01/09 01:33:13.771] 	recv: [2b: 31 43]
[01/01/09 01:33:13.784] send: [3b: 31 72 21]
[01/01/09 01:33:13.791] 	recv: [7b: 31 72 21 FF FF FF D2]
[01/01/09 01:33:13.793] send: [5b: 31 71 13 00 C8]
[01/01/09 01:33:13.799] 	recv: [3b: 31 71 13]
[01/01/09 01:33:13.813] send: [6b: 31 43 FF FF FF C9]
[01/01/09 01:33:13.820] 	recv: [2b: 31 43]
[01/01/09 01:33:13.834] send: [3b: 31 72 21]
[01/01/09 01:33:13.840] 	recv: [7b: 31 72 21 FF FF FF CD]
[01/01/09 01:33:13.842] send: [5b: 31 71 13 00 C8]
[01/01/09 01:33:13.847] 	recv: [3b: 31 71 13]
[01/01/09 01:33:13.855] send: [6b: 31 43 FF FF FF C2]
[01/01/09 01:33:13.860] 	recv: [2b: 31 43]
[01/01/09 01:33:13.874] send: [3b: 31 72 21]
[01/01/09 01:33:13.880] 	recv: [7b: 31 72 21 FF FF FF C6]
[01/01/09 01:33:13.882] send: [5b: 31 71 13 00 C8]
[01/01/09 01:33:13.887] 	recv: [3b: 31 71 13]
[01/01/09 01:33:13.894] send: [6b: 31 43 FF FF FF BC]
[01/01/09 01:33:13.900] 	recv: [2b: 31 43]
[01/01/09 01:33:13.914] send: [3b: 31 72 21]
[01/01/09 01:33:13.920] 	recv: [7b: 31 72 21 FF FF FF BF]
[01/01/09 01:33:13.922] send: [5b: 31 71 13 00 C8]
[01/01/09 01:33:13.927] 	recv: [3b: 31 71 13]
[01/01/09 01:33:13.944] send: [6b: 31 43 FF FF FF B7]
[01/01/09 01:33:13.951] 	recv: [2b: 31 43]
[01/01/09 01:33:13.964] send: [3b: 31 72 21]
[01/01/09 01:33:13.972] 	recv: [7b: 31 72 21 FF FF FF B9]
[01/01/09 01:33:13.974] send: [5b: 31 71 13 00 C8]
[01/01/09 01:33:13.979] 	recv: [3b: 31 71 13]
[01/01/09 01:33:13.986] send: [6b: 31 43 FF FF FF B0]
[01/01/09 01:33:13.993] 	recv: [2b: 31 43]
[01/01/09 01:33:14.006] send: [3b: 31 72 21]
[01/01/09 01:33:14.014] 	recv: [7b: 31 72 21 FF FF FF B4]
[01/01/09 01:33:14.016] send: [5b: 31 71 13 00 C8]
[01/01/09 01:33:14.021] 	recv: [3b: 31 71 13]
[01/01/09 01:33:14.038] send: [6b: 31 43 FF FF FF AA]
[01/01/09 01:33:14.043] 	recv: [2b: 31 43]
[01/01/09 01:33:14.065] send: [3b: 31 72 21]
[01/01/09 01:33:14.071] 	recv: [7b: 31 72 21 FF FF FF AB]
[01/01/09 01:33:14.072] send: [5b: 31 71 13 00 C8]
[01/01/09 01:33:14.079] 	recv: [3b: 31 71 13]
[01/01/09 01:33:14.087] send: [6b: 31 43 FF FF FF A2]
[01/01/09 01:33:14.094] 	recv: [2b: 31 43]
[01/01/09 01:33:14.107] send: [3b: 31 72 21]
[01/01/09 01:33:14.115] 	recv: [7b: 31 72 21 FF FF FF A7]
[01/01/09 01:33:14.127] send: [5b: 31 71 13 00 C8]
[01/01/09 01:33:14.133] 	recv: [3b: 31 71 13]
[01/01/09 01:33:14.144] send: [6b: 31 43 FF FF FF 9C]
[01/01/09 01:33:14.150] 	recv: [2b: 31 43]
[01/01/09 01:33:14.157] send: [3b: 31 72 21]
[01/01/09 01:33:14.163] 	recv: [7b: 31 72 21 FF FF FF A0]
[01/01/09 01:33:14.168] send: [5b: 31 71 13 00 C8]
[01/01/09 01:33:14.174] 	recv: [3b: 31 71 13]
[01/01/09 01:33:14.188] send: [6b: 31 43 FF FF FF 94]
[01/01/09 01:33:14.194] 	recv: [2b: 31 43]
[01/01/09 01:33:14.204] send: [3b: 31 72 21]
[01/01/09 01:33:14.211] 	recv: [7b: 31 72 21 FF FF FF 99]
[01/01/09 01:33:14.212] send: [5b: 31 71 13 00 C8]
[01/01/09 01:33:14.218] 	recv: [3b: 31 71 13]
[01/01/09 01:33:14.234] send: [6b: 31 43 FF FF FF 8E]
[01/01/09 01:33:14.240] 	recv: [2b: 31 43]
[01/01/09 01:33:14.253] send: [3b: 31 72 21]
[01/01/09 01:33:14.259] 	recv: [7b: 31 72 21 FF FF FF 91]
[01/01/09 01:33:14.261] send: [5b: 31 71 13 00 C8]
[01/01/09 01:33:14.267] 	recv: [3b: 31 71 13]
[01/01/09 01:33:14.284] send: [6b: 31 43 FF FF FF 87]
[01/01/09 01:33:14.292] 	recv: [2b: 31 43]
[01/01/09 01:33:14.304] send: [3b: 31 72 21]
[01/01/09 01:33:14.313] 	recv: [7b: 31 72 21 FF FF FF 8B]
[01/01/09 01:33:14.315] send: [5b: 31 71 13 00 C8]
[01/01/09 01:33:14.320] 	recv: [3b: 31 71 13]
[01/01/09 01:33:14.333] send: [6b: 31 43 FF FF FF 80]
[01/01/09 01:33:14.339] 	recv: [2b: 31 43]
[01/01/09 01:33:14.354] send: [3b: 31 72 21]
[01/01/09 01:33:14.360] 	recv: [7b: 31 72 21 FF FF FF 84]
[01/01/09 01:33:14.361] send: [5b: 31 71 13 00 C8]
[01/01/09 01:33:14.366] 	recv: [3b: 31 71 13]
[01/01/09 01:33:14.375] send: [6b: 31 43 FF FF FF 79]
[01/01/09 01:33:14.381] 	recv: [2b: 31 43]
[01/01/09 01:33:14.394] send: [3b: 31 72 21]
[01/01/09 01:33:14.400] 	recv: [7b: 31 72 21 FF FF FF 7D]
[01/01/09 01:33:14.402] send: [5b: 31 71 13 00 C8]
[01/01/09 01:33:14.408] 	recv: [3b: 31 71 13]
[01/01/09 01:33:14.425] send: [6b: 31 43 FF FF FF 74]
[01/01/09 01:33:14.433] 	recv: [2b: 31 43]
[01/01/09 01:33:14.455] send: [3b: 31 72 21]
[01/01/09 01:33:14.461] 	recv: [7b: 31 72 21 FF FF FF 74]
[01/01/09 01:33:14.463] send: [5b: 31 71 13 00 C8]
[01/01/09 01:33:14.468] 	recv: [3b: 31 71 13]
[01/01/09 01:33:14.485] send: [6b: 31 43 FF FF FF 6B]
[01/01/09 01:33:14.492] 	recv: [2b: 31 43]
[01/01/09 01:33:14.505] send: [3b: 31 72 21]
[01/01/09 01:33:14.512] 	recv: [7b: 31 72 21 FF FF FF 71]
[01/01/09 01:33:14.514] send: [5b: 31 71 13 00 C8]
[01/01/09 01:33:14.519] 	recv: [3b: 31 71 13]
[01/01/09 01:33:14.535] send: [6b: 31 43 FF FF FF 64]
[01/01/09 01:33:14.541] 	recv: [2b: 31 43]
[01/01/09 01:33:14.556] send: [3b: 31 72 21]
[01/01/09 01:33:14.563] 	recv: [7b: 31 72 21 FF FF FF 67]
[01/01/09 01:33:14.564] send: [5b: 31 71 13 00 C8]
[01/01/09 01:33:14.569] 	recv: [3b: 31 71 13]
[01/01/09 01:33:14.577] send: [6b: 31 43 FF FF FF 5D]
[01/01/09 01:33:14.585] send: [3b: 31 72 21]
[01/01/09 01:33:14.585] 	recv: [2b: 31 43]
[01/01/09 01:33:14.592] 	recv: [7b: 31 72 21 FF FF FF 63]
[01/01/09 01:33:14.606] send: [5b: 31 71 13 00 C8]
[01/01/09 01:33:14.613] 	recv: [3b: 31 71 13]
[01/01/09 01:33:14.627] send: [6b: 31 43 FF FF FF 59]
[01/01/09 01:33:14.636] send: [3b: 31 72 21]
[01/01/09 01:33:14.636] 	recv: [2b: 31 43]
[01/01/09 01:33:14.643] 	recv: [7b: 31 72 21 FF FF FF 5C]
[01/01/09 01:33:14.656] send: [5b: 31 71 13 00 C8]
[01/01/09 01:33:14.662] 	recv: [3b: 31 71 13]
[01/01/09 01:33:14.676] send: [6b: 31 43 FF FF FF 53]
[01/01/09 01:33:14.683] 	recv: [2b: 31 43]
[01/01/09 01:33:14.694] send: [3b: 31 72 21]
[01/01/09 01:33:14.702] 	recv: [7b: 31 72 21 FF FF FF 56]
[01/01/09 01:33:14.704] send: [5b: 31 71 13 00 C8]
[01/01/09 01:33:14.709] 	recv: [3b: 31 71 13]
[01/01/09 01:33:14.724] send: [6b: 31 43 FF FF FF 4A]
[01/01/09 01:33:14.730] 	recv: [2b: 31 43]
[01/01/09 01:33:14.744] send: [3b: 31 72 21]
[01/01/09 01:33:14.750] 	recv: [7b: 31 72 21 FF FF FF 50]
[01/01/09 01:33:14.752] send: [5b: 31 71 13 00 C8]
[01/01/09 01:33:14.757] 	recv: [3b: 31 71 13]
[01/01/09 01:33:14.765] send: [6b: 31 43 FF FF FF 44]
[01/01/09 01:33:14.771] 	recv: [2b: 31 43]
[01/01/09 01:33:14.783] send: [3b: 31 72 21]
[01/01/09 01:33:14.790] 	recv: [7b: 31 72 21 FF FF FF 48]
[01/01/09 01:33:14.791] send: [5b: 31 71 13 00 C8]
[01/01/09 01:33:14.796] 	recv: [3b: 31 71 13]
[01/01/09 01:33:14.805] send: [6b: 31 43 FF FF FF 3E]
[01/01/09 01:33:14.812] 	recv: [2b: 31 43]
[01/01/09 01:33:14.824] send: [3b: 31 72 21]
[01/01/09 01:33:14.830] 	recv: [7b: 31 72 21 FF FF FF 41]
[01/01/09 01:33:14.832] send: [5b: 31 71 13 00 C8]
[01/01/09 01:33:14.837] 	recv: [3b: 31 71 13]
[01/01/09 01:33:14.854] send: [6b: 31 43 FF FF FF 39]
[01/01/09 01:33:14.861] 	recv: [2b: 31 43]
[01/01/09 01:33:14.874] send: [3b: 31 72 21]
[01/01/09 01:33:14.882] 	recv: [7b: 31 72 21 FF FF FF 3B]
[01/01/09 01:33:14.884] send: [5b: 31 71 13 00 C8]
[01/01/09 01:33:14.890] 	recv: [3b: 31 71 13]
[01/01/09 01:33:14.904] send: [6b: 31 43 FF FF FF 32]
[01/01/09 01:33:14.910] 	recv: [2b: 31 43]
[01/01/09 01:33:14.924] send: [3b: 31 72 21]
[01/01/09 01:33:14.931] 	recv: [7b: 31 72 21 FF FF FF 36]
[01/01/09 01:33:14.932] send: [5b: 31 71 13 00 C8]
[01/01/09 01:33:14.937] 	recv: [3b: 31 71 13]
[01/01/09 01:33:14.955] send: [6b: 31 43 FF FF FF 2B]
[01/01/09 01:33:14.962] 	recv: [2b: 31 43]
[01/01/09 01:33:14.975] send: [3b: 31 72 21]
[01/01/09 01:33:14.981] 	recv: [7b: 31 72 21 FF FF FF 2F]
[01/01/09 01:33:14.982] send: [5b: 31 71 13 00 C8]
[01/01/09 01:33:14.989] 	recv: [3b: 31 71 13]
[01/01/09 01:33:15.005] send: [6b: 31 43 FF FF FF 24]
[01/01/09 01:33:15.011] 	recv: [2b: 31 43]
[01/01/09 01:33:15.025] send: [3b: 31 72 21]
[01/01/09 01:33:15.031] 	recv: [7b: 31 72 21 FF FF FF 28]
[01/01/09 01:33:15.033] send: [5b: 31 71 13 00 C8]
[01/01/09 01:33:15.038] 	recv: [3b: 31 71 13]
[01/01/09 01:33:15.055] send: [6b: 31 43 FF FF FF 1E]
[01/01/09 01:33:15.061] 	recv: [2b: 31 43]
[01/01/09 01:33:15.075] send: [3b: 31 72 21]
[01/01/09 01:33:15.082] 	recv: [7b: 31 72 21 FF FF FF 21]
[01/01/09 01:33:15.084] send: [5b: 31 71 13 00 C8]
[01/01/09 01:33:15.089] 	recv: [3b: 31 71 13]
[01/01/09 01:33:15.105] send: [6b: 31 43 FF FF FF 17]
[01/01/09 01:33:15.111] 	recv: [2b: 31 43]
[01/01/09 01:33:15.123] send: [3b: 31 72 21]
[01/01/09 01:33:15.130] 	recv: [7b: 31 72 21 FF FF FF 1B]
[01/01/09 01:33:15.132] send: [5b: 31 71 13 00 C8]
[01/01/09 01:33:15.138] 	recv: [3b: 31 71 13]
[01/01/09 01:33:15.148] send: [6b: 31 43 FF FF FF 10]
[01/01/09 01:33:15.154] 	recv: [2b: 31 43]
[01/01/09 01:33:15.165] send: [3b: 31 72 21]
[01/01/09 01:33:15.171] 	recv: [7b: 31 72 21 FF FF FF 14]
[01/01/09 01:33:15.172] send: [5b: 31 71 13 00 C8]
[01/01/09 01:33:15.178] 	recv: [3b: 31 71 13]
[01/01/09 01:33:15.195] send: [6b: 31 43 FF FF FF 0B]
[01/01/09 01:33:15.202] 	recv: [2b: 31 43]
[01/01/09 01:33:15.215] send: [3b: 31 72 21]
[01/01/09 01:33:15.222] 	recv: [7b: 31 72 21 FF FF FF 0D]
[01/01/09 01:33:15.224] send: [5b: 31 71 13 00 C8]
[01/01/09 01:33:15.230] 	recv: [3b: 31 71 13]
[01/01/09 01:33:15.245] send: [6b: 31 43 FF FF FF 05]
[01/01/09 01:33:15.252] 	recv: [2b: 31 43]
[01/01/09 01:33:15.266] send: [3b: 31 72 21]
[01/01/09 01:33:15.272] 	recv: [7b: 31 72 21 FF FF FF 08]
[01/01/09 01:33:15.274] send: [5b: 31 71 13 00 C8]
[01/01/09 01:33:15.279] 	recv: [3b: 31 71 13]
[01/01/09 01:33:15.296] send: [6b: 31 43 FF FF FE FF]
[01/01/09 01:33:15.304] 	recv: [2b: 31 43]
[01/01/09 01:33:15.316] send: [3b: 31 72 21]
[01/01/09 01:33:15.323] 	recv: [7b: 31 72 21 FF FF FF 02]
[01/01/09 01:33:15.326] send: [5b: 31 71 13 00 C8]
[01/01/09 01:33:15.331] 	recv: [3b: 31 71 13]
[01/01/09 01:33:15.343] send: [6b: 31 43 FF FF FE F9]
[01/01/09 01:33:15.350] 	recv: [2b: 31 43]
[01/01/09 01:33:15.364] send: [3b: 31 72 21]
[01/01/09 01:33:15.371] 	recv: [7b: 31 72 21 FF FF FE FC]
[01/01/09 01:33:15.373] send: [5b: 31 71 13 00 C8]
[01/01/09 01:33:15.378] 	recv: [3b: 31 71 13]
[01/01/09 01:33:15.394] send: [6b: 31 43 FF FF FE F3]
[01/01/09 01:33:15.400] 	recv: [2b: 31 43]
[01/01/09 01:33:15.414] send: [3b: 31 72 21]
[01/01/09 01:33:15.421] 	recv: [7b: 31 72 21 FF FF FE F6]
[01/01/09 01:33:15.422] send: [5b: 31 71 13 00 C8]
[01/01/09 01:33:15.427] 	recv: [3b: 31 71 13]
[01/01/09 01:33:15.443] send: [6b: 31 43 FF FF FE ED]
[01/01/09 01:33:15.451] 	recv: [2b: 31 43]
[01/01/09 01:33:15.464] send: [3b: 31 72 21]
[01/01/09 01:33:15.472] 	recv: [7b: 31 72 21 FF FF FE EF]
[01/01/09 01:33:15.474] send: [5b: 31 71 13 00 C8]
[01/01/09 01:33:15.480] 	recv: [3b: 31 71 13]
[01/01/09 01:33:15.493] send: [6b: 31 43 FF FF FE E8]
[01/01/09 01:33:15.500] 	recv: [2b: 31 43]
[01/01/09 01:33:15.514] send: [3b: 31 72 21]
[01/01/09 01:33:15.520] 	recv: [7b: 31 72 21 FF FF FE EA]
[01/01/09 01:33:15.522] send: [5b: 31 71 13 00 C8]
[01/01/09 01:33:15.527] 	recv: [3b: 31 71 13]
[01/01/09 01:33:15.535] send: [6b: 31 43 FF FF FE E2]
[01/01/09 01:33:15.541] 	recv: [2b: 31 43]
[01/01/09 01:33:15.553] send: [3b: 31 72 21]
[01/01/09 01:33:15.560] 	recv: [7b: 31 72 21 FF FF FE E5]
[01/01/09 01:33:15.562] send: [5b: 31 71 13 00 C8]
[01/01/09 01:33:15.568] 	recv: [3b: 31 71 13]
[01/01/09 01:33:15.585] send: [6b: 31 43 FF FF FE DE]
[01/01/09 01:33:15.593] 	recv: [2b: 31 43]
[01/01/09 01:33:15.606] send: [3b: 31 72 21]
[01/01/09 01:33:15.616] 	recv: [7b: 31 72 21 FF FF FE DE]
[01/01/09 01:33:15.626] send: [5b: 31 71 13 00 C8]
[01/01/09 01:33:15.633] 	recv: [3b: 31 71 13]
[01/01/09 01:33:15.643] send: [6b: 31 43 FF FF FE D9]
[01/01/09 01:33:15.650] 	recv: [2b: 31 43]
[01/01/09 01:33:15.665] send: [3b: 31 72 21]
[01/01/09 01:33:15.672] 	recv: [7b: 31 72 21 FF FF FE DA]
[01/01/09 01:33:15.673] send: [5b: 31 71 13 00 C8]
[01/01/09 01:33:15.678] 	recv: [3b: 31 71 13]
[01/01/09 01:33:15.695] send: [6b: 31 43 FF FF FE D2]
[01/01/09 01:33:15.702] 	recv: [2b: 31 43]
[01/01/09 01:33:15.713] send: [3b: 31 72 21]
[01/01/09 01:33:15.719] 	recv: [7b: 31 72 21 FF FF FE D6]
[01/01/09 01:33:15.722] send: [5b: 31 71 13 00 C8]
[01/01/09 01:33:15.727] 	recv: [3b: 31 71 13]
[01/01/09 01:33:15.734] send: [6b: 31 43 FF FF FE CD]
[01/01/09 01:33:15.741] 	recv: [2b: 31 43]
[01/01/09 01:33:15.754] send: [3b: 31 72 21]
[01/01/09 01:33:15.761] 	recv: [7b: 31 72 21 FF FF FE CF]
[01/01/09 01:33:15.763] send: [5b: 31 71 13 00 C8]
[01/01/09 01:33:15.768] 	recv: [3b: 31 71 13]
[01/01/09 01:33:15.785] send: [6b: 31 43 FF FF FE CA]
[01/01/09 01:33:15.791] 	recv: [2b: 31 43]
[01/01/09 01:33:15.807] send: [3b: 31 72 21]
[01/01/09 01:33:15.814] 	recv: [7b: 31 72 21 FF FF FE CA]
[01/01/09 01:33:15.816] send: [5b: 31 71 13 00 C8]
[01/01/09 01:33:15.823] 	recv: [3b: 31 71 13]
[01/01/09 01:33:15.834] send: [6b: 31 43 FF FF FE C5]
[01/01/09 01:33:15.840] 	recv: [2b: 31 43]
[01/01/09 01:33:15.854] send: [3b: 31 72 21]
[01/01/09 01:33:15.860] 	recv: [7b: 31 72 21 FF FF FE C7]
[01/01/09 01:33:15.862] send: [5b: 31 71 13 00 C8]
[01/01/09 01:33:15.867] 	recv: [3b: 31 71 13]
[01/01/09 01:33:15.884] send: [6b: 31 43 FF FF FE C0]
[01/01/09 01:33:15.892] 	recv: [2b: 31 43]
[01/01/09 01:33:15.904] send: [3b: 31 72 21]
[01/01/09 01:33:15.911] 	recv: [7b: 31 72 21 FF FF FE C2]
[01/01/09 01:33:15.913] send: [5b: 31 71 13 00 C8]
[01/01/09 01:33:15.918] 	recv: [3b: 31 71 13]
[01/01/09 01:33:15.934] send: [6b: 31 43 FF FF FE BC]
[01/01/09 01:33:15.941] 	recv: [2b: 31 43]
[01/01/09 01:33:15.955] send: [3b: 31 72 21]
[01/01/09 01:33:15.961] 	recv: [7b: 31 72 21 FF FF FE BC]
[01/01/09 01:33:15.963] send: [5b: 31 71 13 00 C8]
[01/01/09 01:33:15.968] 	recv: [3b: 31 71 13]
[01/01/09 01:33:15.984] send: [6b: 31 43 FF FF FE B7]
[01/01/09 01:33:15.992] 	recv: [2b: 31 43]
[01/01/09 01:33:16.004] send: [3b: 31 72 21]
[01/01/09 01:33:16.012] 	recv: [7b: 31 72 21 FF FF FE B8]
[01/01/09 01:33:16.014] send: [5b: 31 71 13 00 C8]
[01/01/09 01:33:16.019] 	recv: [3b: 31 71 13]
[01/01/09 01:33:16.034] send: [6b: 31 43 FF FF FE B3]
[01/01/09 01:33:16.040] 	recv: [2b: 31 43]
[01/01/09 01:33:16.054] send: [3b: 31 72 21]
[01/01/09 01:33:16.060] 	recv: [7b: 31 72 21 FF FF FE B4]
[01/01/09 01:33:16.062] send: [5b: 31 71 13 00 C8]
[01/01/09 01:33:16.067] 	recv: [3b: 31 71 13]
[01/01/09 01:33:16.083] send: [6b: 31 43 FF FF FE AF]
[01/01/09 01:33:16.091] 	recv: [2b: 31 43]
[01/01/09 01:33:16.104] send: [3b: 31 72 21]
[01/01/09 01:33:16.110] 	recv: [7b: 31 72 21 FF FF FE B0]
[01/01/09 01:33:16.112] send: [5b: 31 71 13 00 C8]
[01/01/09 01:33:16.118] 	recv: [3b: 31 71 13]
[01/01/09 01:33:16.133] send: [6b: 31 43 FF FF FE AB]
[01/01/09 01:33:16.140] 	recv: [2b: 31 43]
[01/01/09 01:33:16.154] send: [3b: 31 72 21]
[01/01/09 01:33:16.160] 	recv: [7b: 31 72 21 FF FF FE AC]
[01/01/09 01:33:16.161] send: [5b: 31 71 13 00 C8]
[01/01/09 01:33:16.166] 	recv: [3b: 31 71 13]
[01/01/09 01:33:16.174] send: [6b: 31 43 FF FF FE A8]
[01/01/09 01:33:16.181] 	recv: [2b: 31 43]
[01/01/09 01:33:16.193] send: [3b: 31 72 21]
[01/01/09 01:33:16.200] 	recv: [7b: 31 72 21 FF FF FE A8]
[01/01/09 01:33:16.202] send: [5b: 31 71 13 00 C8]
[01/01/09 01:33:16.207] 	recv: [3b: 31 71 13]
[01/01/09 01:33:16.223] send: [6b: 31 43 FF FF FE A5]
[01/01/09 01:33:16.231] 	recv: [2b: 31 43]
[01/01/09 01:33:16.244] send: [3b: 31 72 21]
[01/01/09 01:33:16.250] 	recv: [7b: 31 72 21 FF FF FE A5]
[01/01/09 01:33:16.252] send: [5b: 31 71 13 00 C8]
[01/01/09 01:33:16.258] 	recv: [3b: 31 71 13]
[01/01/09 01:33:16.274] send: [6b: 31 43 FF FF FE A1]
[01/01/09 01:33:16.281] 	recv: [2b: 31 43]
[01/01/09 01:33:16.295] send: [3b: 31 72 21]
[01/01/09 01:33:16.301] 	recv: [7b: 31 72 21 FF FF FE A1]
[01/01/09 01:33:16.303] send: [5b: 31 71 13 00 C8]
[01/01/09 01:33:16.308] 	recv: [3b: 31 71 13]
[01/01/09 01:33:16.315] send: [6b: 31 43 FF FF FE 9E]
[01/01/09 01:33:16.321] 	recv: [2b: 31 43]
[01/01/09 01:33:16.335] send: [3b: 31 72 21]
[01/01/09 01:33:16.341] 	recv: [7b: 31 72 21 FF FF FE 9E]
[01/01/09 01:33:16.343] send: [5b: 31 71 13 00 C8]
[01/01/09 01:33:16.348] 	recv: [3b: 31 71 13]
[01/01/09 01:33:16.364] send: [6b: 31 43 FF FF FE 9B]
[01/01/09 01:33:16.372] 	recv: [2b: 31 43]
[01/01/09 01:33:16.385] send: [3b: 31 72 21]
[01/01/09 01:33:16.391] 	recv: [7b: 31 72 21 FF FF FE 9B]
[01/01/09 01:33:16.394] send: [5b: 31 71 13 00 C8]
[01/01/09 01:33:16.399] 	recv: [3b: 31 71 13]
[01/01/09 01:33:16.416] send: [6b: 31 43 FF FF FE 98]
[01/01/09 01:33:16.421] 	recv: [2b: 31 43]
[01/01/09 01:33:16.434] send: [3b: 31 72 21]
[01/01/09 01:33:16.441] 	recv: [7b: 31 72 21 FF FF FE 98]
[01/01/09 01:33:16.443] send: [5b: 31 71 13 00 C8]
[01/01/09 01:33:16.448] 	recv: [3b: 31 71 13]
[01/01/09 01:33:16.465] send: [6b: 31 43 FF FF FE 96]
[01/01/09 01:33:16.473] 	recv: [2b: 31 43]
[01/01/09 01:33:16.485] send: [3b: 31 72 21]
[01/01/09 01:33:16.490] 	recv: [7b: 31 72 21 FF FF FE 96]
[01/01/09 01:33:16.493] send: [5b: 31 71 13 00 C8]
[01/01/09 01:33:16.498] 	recv: [3b: 31 71 13]
[01/01/09 01:33:16.515] send: [6b: 31 43 FF FF FE 93]
[01/01/09 01:33:16.522] 	recv: [2b: 31 43]
[01/01/09 01:33:16.534] send: [3b: 31 72 21]
[01/01/09 01:33:16.541] 	recv: [7b: 31 72 21 FF FF FE 93]
[01/01/09 01:33:16.542] send: [5b: 31 71 13 00 C8]
[01/01/09 01:33:16.548] 	recv: [3b: 31 71 13]
[01/01/09 01:33:16.554] send: [6b: 31 43 FF FF FE 91]
[01/01/09 01:33:16.560] 	recv: [2b: 31 43]
[01/01/09 01:33:16.574] send: [3b: 31 72 21]
[01/01/09 01:33:16.581] 	recv: [7b: 31 72 21 FF FF FE 91]
[01/01/09 01:33:16.583] send: [5b: 31 71 13 00 C8]
[01/01/09 01:33:16.588] 	recv: [3b: 31 71 13]
[01/01/09 01:33:16.604] send: [6b: 31 43 FF FF FE 8F]
[01/01/09 01:33:16.610] 	recv: [2b: 31 43]
[01/01/09 01:33:16.624] send: [3b: 31 72 21]
[01/01/09 01:33:16.632] 	recv: [7b: 31 72 21 FF FF FE 8F]
[01/01/09 01:33:16.634] send: [5b: 31 71 13 00 C8]
[01/01/09 01:33:16.641] 	recv: [3b: 31 71 13]
[01/01/09 01:33:16.654] send: [6b: 31 43 FF FF FE 8D]
[01/01/09 01:33:16.660] 	recv: [2b: 31 43]
[01/01/09 01:33:16.674] send: [3b: 31 72 21]
[01/01/09 01:33:16.681] 	recv: [7b: 31 72 21 FF FF FE 8D]
[01/01/09 01:33:16.683] send: [5b: 31 71 13 00 C8]
[01/01/09 01:33:16.688] 	recv: [3b: 31 71 13]
[01/01/09 01:33:16.705] send: [6b: 31 43 FF FF FE 8C]
[01/01/09 01:33:16.713] 	recv: [2b: 31 43]
[01/01/09 01:33:16.724] send: [3b: 31 72 21]
[01/01/09 01:33:16.731] 	recv: [7b: 31 72 21 FF FF FE 8C]
[01/01/09 01:33:16.733] send: [5b: 31 71 13 00 C8]
[01/01/09 01:33:16.738] 	recv: [3b: 31 71 13]
[01/01/09 01:33:16.747] send: [6b: 31 43 FF FF FE 8A]
[01/01/09 01:33:16.754] 	recv: [2b: 31 43]
[01/01/09 01:33:16.764] send: [3b: 31 72 21]
[01/01/09 01:33:16.771] 	recv: [7b: 31 72 21 FF FF FE 8A]
[01/01/09 01:33:16.773] send: [5b: 31 71 13 00 C8]
[01/01/09 01:33:16.778] 	recv: [3b: 31 71 13]
[01/01/09 01:33:16.795] send: [6b: 31 43 FF FF FE 89]
[01/01/09 01:33:16.801] 	recv: [2b: 31 43]
[01/01/09 01:33:16.815] send: [3b: 31 72 21]
[01/01/09 01:33:16.822] 	recv: [7b: 31 72 21 FF FF FE 89]
[01/01/09 01:33:16.823] send: [5b: 31 71 13 00 C8]
[01/01/09 01:33:16.830] 	recv: [3b: 31 71 13]
[01/01/09 01:33:16.845] send: [6b: 31 43 FF FF FE 88]
[01/01/09 01:33:16.852] 	recv: [2b: 31 43]
[01/01/09 01:33:16.865] send: [3b: 31 72 21]
[01/01/09 01:33:16.872] 	recv: [7b: 31 72 21 FF FF FE 88]
[01/01/09 01:33:16.875] send: [5b: 31 71 13 00 C8]
[01/01/09 01:33:16.880] 	recv: [3b: 31 71 13]
[01/01/09 01:33:16.893] send: [3b: 31 72 21]
[01/01/09 01:33:16.899] 	recv: [7b: 31 72 21 FF FF FE 88]
[01/01/09 01:33:16.900] send: [5b: 31 71 13 00 C8]
[01/01/09 01:33:16.907] send: [6b: 31 43 FF FF FE 87]
[01/01/09 01:33:16.907] 	recv: [3b: 31 71 13]
[01/01/09 01:33:16.913] 	recv: [2b: 31 43]
[01/01/09 01:33:16.916] send: [5b: 31 71 13 00 C8]
[01/01/09 01:33:16.921] 	recv: [3b: 31 71 13]
[01/01/09 01:33:16.934] send: [3b: 31 72 21]
[01/01/09 01:33:16.940] 	recv: [7b: 31 72 21 FF FF FE 87]
[01/01/09 01:33:16.942] send: [5b: 31 71 13 00 C8]
[01/01/09 01:33:16.947] 	recv: [3b: 31 71 13]
[01/01/09 01:33:16.964] send: [3b: 31 72 21]
[01/01/09 01:33:16.971] 	recv: [7b: 31 72 21 FF FF FE 87]
[01/01/09 01:33:16.972] send: [5b: 31 71 13 00 C8]
[01/01/09 01:33:16.978] 	recv: [3b: 31 71 13]
[01/01/09 01:33:16.994] send: [3b: 31 72 21]
[01/01/09 01:33:17.001] 	recv: [7b: 31 72 21 FF FF FE 87]
[01/01/09 01:33:17.004] send: [5b: 31 71 13 00 C8]
[01/01/09 01:33:17.010] 	recv: [3b: 31 71 13]
[01/01/09 01:33:17.025] send: [3b: 31 72 21]
[01/01/09 01:33:17.032] 	recv: [7b: 31 72 21 FF FF FE 87]
[01/01/09 01:33:17.033] send: [5b: 31 71 13 00 C8]
[01/01/09 01:33:17.038] 	recv: [3b: 31 71 13]
[01/01/09 01:33:17.055] send: [3b: 31 72 21]
[01/01/09 01:33:17.064] 	recv: [7b: 31 72 21 FF FF FE 87]
[01/01/09 01:33:17.066] send: [5b: 31 71 13 00 C8]
[01/01/09 01:33:17.072] 	recv: [3b: 31 71 13]
[01/01/09 01:33:17.086] send: [3b: 31 72 21]
[01/01/09 01:33:17.092] 	recv: [7b: 31 72 21 FF FF FE 87]
[01/01/09 01:33:17.093] send: [5b: 31 71 13 00 C8]
[01/01/09 01:33:17.099] 	recv: [3b: 31 71 13]
[01/01/09 01:33:17.115] send: [3b: 31 72 21]
[01/01/09 01:33:17.123] 	recv: [7b: 31 72 21 FF FF FE 87]
[01/01/09 01:33:17.125] send: [5b: 31 71 13 00 C8]
[01/01/09 01:33:17.130] 	recv: [3b: 31 71 13]
[01/01/09 01:33:17.144] send: [3b: 31 72 21]
[01/01/09 01:33:17.150] 	recv: [7b: 31 72 21 FF FF FE 87]
[01/01/09 01:33:17.151] send: [5b: 31 71 13 00 C8]
[01/01/09 01:33:17.157] send: [3b: 31 72 21]
[01/01/09 01:33:17.157] 	recv: [3b: 31 71 13]
[01/01/09 01:33:17.165] 	recv: [7b: 31 72 21 FF FF FE 87]
[01/01/09 01:33:17.178] send: [5b: 31 71 13 00 C8]
[01/01/09 01:33:17.185] send: [3b: 31 72 21]
[01/01/09 01:33:17.186] 	recv: [3b: 31 71 13]
[01/01/09 01:33:17.191] 	recv: [7b: 31 72 21 FF FF FE 87]
[01/01/09 01:33:17.204] send: [5b: 31 71 13 00 C8]
[01/01/09 01:33:17.210] 	recv: [3b: 31 71 13]
[01/01/09 01:33:17.225] send: [3b: 31 72 21]
[01/01/09 01:33:17.231] 	recv: [7b: 31 72 21 FF FF FE 87]
[01/01/09 01:33:17.233] send: [5b: 31 71 13 00 C8]
[01/01/09 01:33:17.238] 	recv: [3b: 31 71 13]
[01/01/09 01:33:17.254] send: [3b: 31 72 21]
[01/01/09 01:33:17.261] 	recv: [7b: 31 72 21 FF FF FE 87]
[01/01/09 01:33:17.263] send: [5b: 31 71 13 00 C8]
[01/01/09 01:33:17.269] 	recv: [3b: 31 71 13]
[01/01/09 01:33:17.284] send: [6b: 31 43 FF FF FE 88]
[01/01/09 01:33:17.290] 	recv: [2b: 31 43]
[01/01/09 01:33:17.304] send: [3b: 31 72 21]
[01/01/09 01:33:17.311] 	recv: [7b: 31 72 21 FF FF FE 88]
[01/01/09 01:33:17.313] send: [5b: 31 71 13 00 C8]
[01/01/09 01:33:17.318] 	recv: [3b: 31 71 13]
[01/01/09 01:33:17.334] send: [3b: 31 72 21]
[01/01/09 01:33:17.340] 	recv: [7b: 31 72 21 FF FF FE 88]
[01/01/09 01:33:17.342] send: [5b: 31 71 13 00 C8]
[01/01/09 01:33:17.347] 	recv: [3b: 31 71 13]
[01/01/09 01:33:17.354] send: [6b: 31 43 FF FF FE 8A]
[01/01/09 01:33:17.361] 	recv: [2b: 31 43]
[01/01/09 01:33:17.374] send: [3b: 31 72 21]
[01/01/09 01:33:17.381] 	recv: [7b: 31 72 21 FF FF FE 8A]
[01/01/09 01:33:17.383] send: [5b: 31 71 13 00 C8]
[01/01/09 01:33:17.389] 	recv: [3b: 31 71 13]
[01/01/09 01:33:17.404] send: [3b: 31 72 21]
[01/01/09 01:33:17.411] 	recv: [7b: 31 72 21 FF FF FE 8A]
[01/01/09 01:33:17.413] send: [5b: 31 71 13 00 C8]
[01/01/09 01:33:17.418] 	recv: [3b: 31 71 13]
[01/01/09 01:33:17.434] send: [6b: 31 43 FF FF FE 8B]
[01/01/09 01:33:17.441] 	recv: [2b: 31 43]
[01/01/09 01:33:17.453] send: [3b: 31 72 21]
[01/01/09 01:33:17.459] 	recv: [7b: 31 72 21 FF FF FE 8B]
[01/01/09 01:33:17.461] send: [5b: 31 71 13 00 C8]
[01/01/09 01:33:17.468] 	recv: [3b: 31 71 13]
[01/01/09 01:33:17.484] send: [6b: 31 43 FF FF FE 8D]
[01/01/09 01:33:17.490] 	recv: [2b: 31 43]
[01/01/09 01:33:17.506] send: [3b: 31 72 21]
[01/01/09 01:33:17.515] 	recv: [7b: 31 72 21 FF FF FE 8D]
[01/01/09 01:33:17.526] send: [5b: 31 71 13 00 C8]
[01/01/09 01:33:17.534] 	recv: [3b: 31 71 13]
[01/01/09 01:33:17.546] send: [6b: 31 43 FF FF FE 8E]
[01/01/09 01:33:17.554] 	recv: [2b: 31 43]
[01/01/09 01:33:17.566] send: [3b: 31 72 21]
[01/01/09 01:33:17.575] 	recv: [7b: 31 72 21 FF FF FE 8E]
[01/01/09 01:33:17.584] send: [5b: 31 71 13 00 C8]
[01/01/09 01:33:17.590] 	recv: [3b: 31 71 13]
[01/01/09 01:33:17.605] send: [6b: 31 43 FF FF FE 90]
[01/01/09 01:33:17.610] 	recv: [2b: 31 43]
[01/01/09 01:33:17.626] send: [3b: 31 72 21]
[01/01/09 01:33:17.633] 	recv: [7b: 31 72 21 FF FF FE 90]
[01/01/09 01:33:17.636] send: [5b: 31 71 13 00 C8]
[01/01/09 01:33:17.641] 	recv: [3b: 31 71 13]
[01/01/09 01:33:17.654] send: [6b: 31 43 FF FF FE 92]
[01/01/09 01:33:17.661] 	recv: [2b: 31 43]
[01/01/09 01:33:17.674] send: [3b: 31 72 21]
[01/01/09 01:33:17.680] 	recv: [7b: 31 72 21 FF FF FE 92]
[01/01/09 01:33:17.682] send: [5b: 31 71 13 00 C8]
[01/01/09 01:33:17.688] 	recv: [3b: 31 71 13]
[01/01/09 01:33:17.704] send: [6b: 31 43 FF FF FE 94]
[01/01/09 01:33:17.710] 	recv: [2b: 31 43]
[01/01/09 01:33:17.724] send: [3b: 31 72 21]
[01/01/09 01:33:17.731] 	recv: [7b: 31 72 21 FF FF FE 94]
[01/01/09 01:33:17.733] send: [5b: 31 71 13 00 C8]
[01/01/09 01:33:17.738] 	recv: [3b: 31 71 13]
[01/01/09 01:33:17.754] send: [6b: 31 43 FF FF FE 96]
[01/01/09 01:33:17.760] 	recv: [2b: 31 43]
[01/01/09 01:33:17.775] send: [3b: 31 72 21]
[01/01/09 01:33:17.782] 	recv: [7b: 31 72 21 FF FF FE 96]
[01/01/09 01:33:17.784] send: [5b: 31 71 13 00 C8]
[01/01/09 01:33:17.790] 	recv: [3b: 31 71 13]
[01/01/09 01:33:17.805] send: [6b: 31 43 FF FF FE 98]
[01/01/09 01:33:17.812] 	recv: [2b: 31 43]
[01/01/09 01:33:17.825] send: [3b: 31 72 21]
[01/01/09 01:33:17.833] 	recv: [7b: 31 72 21 FF FF FE 98]
[01/01/09 01:33:17.835] send: [5b: 31 71 13 00 C8]
[01/01/09 01:33:17.841] 	recv: [3b: 31 71 13]
[01/01/09 01:33:17.854] send: [6b: 31 43 FF FF FE 9A]
[01/01/09 01:33:17.860] 	recv: [2b: 31 43]
[01/01/09 01:33:17.876] send: [3b: 31 72 21]
[01/01/09 01:33:17.883] 	recv: [7b: 31 72 21 FF FF FE 9A]
[01/01/09 01:33:17.885] send: [5b: 31 71 13 00 C8]
[01/01/09 01:33:17.891] 	recv: [3b: 31 71 13]
[01/01/09 01:33:17.905] send: [6b: 31 43 FF FF FE 9C]
[01/01/09 01:33:17.911] 	recv: [2b: 31 43]
[01/01/09 01:33:17.925] send: [3b: 31 72 21]
[01/01/09 01:33:17.932] 	recv: [7b: 31 72 21 FF FF FE 9C]
[01/01/09 01:33:17.934] send: [5b: 31 71 13 00 C8]
[01/01/09 01:33:17.941] 	recv: [3b: 31 71 13]
[01/01/09 01:33:17.955] send: [6b: 31 43 FF FF FE 9E]
[01/01/09 01:33:17.962] 	recv: [2b: 31 43]
[01/01/09 01:33:17.973] send: [3b: 31 72 21]
[01/01/09 01:33:17.980] 	recv: [7b: 31 72 21 FF FF FE 9E]
[01/01/09 01:33:17.982] send: [5b: 31 71 13 00 C8]
[01/01/09 01:33:17.987] 	recv: [3b: 31 71 13]
[01/01/09 01:33:17.995] send: [6b: 31 43 FF FF FE A0]
[01/01/09 01:33:18.001] 	recv: [2b: 31 43]
[01/01/09 01:33:18.015] send: [3b: 31 72 21]
[01/01/09 01:33:18.023] 	recv: [7b: 31 72 21 FF FF FE A0]
[01/01/09 01:33:18.024] send: [5b: 31 71 13 00 C8]
[01/01/09 01:33:18.030] 	recv: [3b: 31 71 13]
[01/01/09 01:33:18.046] send: [6b: 31 43 FF FF FE A1]
[01/01/09 01:33:18.052] 	recv: [2b: 31 43]
[01/01/09 01:33:18.064] send: [3b: 31 72 21]
[01/01/09 01:33:18.071] 	recv: [7b: 31 72 21 FF FF FE A1]
[01/01/09 01:33:18.072] send: [5b: 31 71 13 00 C8]
[01/01/09 01:33:18.078] 	recv: [3b: 31 71 13]
[01/01/09 01:33:18.085] send: [6b: 31 43 FF FF FE A3]
[01/01/09 01:33:18.092] 	recv: [2b: 31 43]
[01/01/09 01:33:18.105] send: [3b: 31 72 21]
[01/01/09 01:33:18.112] 	recv: [7b: 31 72 21 FF FF FE A3]
[01/01/09 01:33:18.114] send: [5b: 31 71 13 00 C8]
[01/01/09 01:33:18.119] 	recv: [3b: 31 71 13]
[01/01/09 01:33:18.135] send: [6b: 31 43 FF FF FE A5]
[01/01/09 01:33:18.142] 	recv: [2b: 31 43]
[01/01/09 01:33:18.153] send: [3b: 31 72 21]
[01/01/09 01:33:18.161] 	recv: [7b: 31 72 21 FF FF FE A5]
[01/01/09 01:33:18.162] send: [5b: 31 71 13 00 C8]
[01/01/09 01:33:18.167] 	recv: [3b: 31 71 13]
[01/01/09 01:33:18.175] send: [6b: 31 43 FF FF FE A7]
[01/01/09 01:33:18.182] 	recv: [2b: 31 43]
[01/01/09 01:33:18.194] send: [3b: 31 72 21]
[01/01/09 01:33:18.201] 	recv: [7b: 31 72 21 FF FF FE A7]
[01/01/09 01:33:18.204] send: [5b: 31 71 13 00 C8]
[01/01/09 01:33:18.209] 	recv: [3b: 31 71 13]
[01/01/09 01:33:18.224] send: [6b: 31 43 FF FF FE A8]
[01/01/09 01:33:18.231] 	recv: [2b: 31 43]
[01/01/09 01:33:18.245] send: [3b: 31 72 21]
[01/01/09 01:33:18.251] 	recv: [7b: 31 72 21 FF FF FE A8]
[01/01/09 01:33:18.252] send: [5b: 31 71 13 00 C8]
[01/01/09 01:33:18.258] 	recv: [3b: 31 71 13]
[01/01/09 01:33:18.275] send: [6b: 31 43 FF FF FE AA]
[01/01/09 01:33:18.282] 	recv: [2b: 31 43]
[01/01/09 01:33:18.294] send: [3b: 31 72 21]
[01/01/09 01:33:18.301] 	recv: [7b: 31 72 21 FF FF FE AA]
[01/01/09 01:33:18.303] send: [5b: 31 71 13 00 C8]
[01/01/09 01:33:18.309] 	recv: [3b: 31 71 13]
[01/01/09 01:33:18.324] send: [6b: 31 43 FF FF FE AC]
[01/01/09 01:33:18.330] 	recv: [2b: 31 43]
[01/01/09 01:33:18.344] send: [3b: 31 72 21]
[01/01/09 01:33:18.350] 	recv: [7b: 31 72 21 FF FF FE AC]
[01/01/09 01:33:18.352] send: [5b: 31 71 13 00 C8]
[01/01/09 01:33:18.358] send: [6b: 31 43 FF FF FE AE]
[01/01/09 01:33:18.358] 	recv: [3b: 31 71 13]
[01/01/09 01:33:18.364] 	recv: [2b: 31 43]
[01/01/09 01:33:18.366] send: [5b: 31 71 13 00 C8]
[01/01/09 01:33:18.371] 	recv: [3b: 31 71 13]
[01/01/09 01:33:18.384] send: [3b: 31 72 21]
[01/01/09 01:33:18.391] 	recv: [7b: 31 72 21 FF FF FE AE]
[01/01/09 01:33:18.393] send: [5b: 31 71 13 00 C8]
[01/01/09 01:33:18.398] 	recv: [3b: 31 71 13]
[01/01/09 01:33:18.415] send: [6b: 31 43 FF FF FE AF]
[01/01/09 01:33:18.422] 	recv: [2b: 31 43]
[01/01/09 01:33:18.433] send: [3b: 31 72 21]
[01/01/09 01:33:18.440] 	recv: [7b: 31 72 21 FF FF FE AF]
[01/01/09 01:33:18.442] send: [5b: 31 71 13 00 C8]
[01/01/09 01:33:18.447] 	recv: [3b: 31 71 13]
[01/01/09 01:33:18.454] send: [6b: 31 43 FF FF FE B1]
[01/01/09 01:33:18.461] 	recv: [2b: 31 43]
[01/01/09 01:33:18.474] send: [3b: 31 72 21]
[01/01/09 01:33:18.482] 	recv: [7b: 31 72 21 FF FF FE B1]
[01/01/09 01:33:18.483] send: [5b: 31 71 13 00 C8]
[01/01/09 01:33:18.488] 	recv: [3b: 31 71 13]
[01/01/09 01:33:18.504] send: [6b: 31 43 FF FF FE B2]
[01/01/09 01:33:18.511] 	recv: [2b: 31 43]
[01/01/09 01:33:18.524] send: [3b: 31 72 21]
[01/01/09 01:33:18.531] 	recv: [7b: 31 72 21 FF FF FE B2]
[01/01/09 01:33:18.533] send: [5b: 31 71 13 00 C8]
[01/01/09 01:33:18.538] 	recv: [3b: 31 71 13]
[01/01/09 01:33:18.556] send: [6b: 31 43 FF FF FE B4]
[01/01/09 01:33:18.563] 	recv: [2b: 31 43]
[01/01/09 01:33:18.574] send: [3b: 31 72 21]
[01/01/09 01:33:18.580] 	recv: [7b: 31 72 21 FF FF FE B4]
[01/01/09 01:33:18.582] send: [5b: 31 71 13 00 C8]
[01/01/09 01:33:18.588] 	recv: [3b: 31 71 13]
[01/01/09 01:33:18.595] send: [6b: 31 43 FF FF FE B5]
[01/01/09 01:33:18.602] 	recv: [2b: 31 43]
[01/01/09 01:33:18.613] send: [3b: 31 72 21]
[01/01/09 01:33:18.621] 	recv: [7b: 31 72 21 FF FF FE B5]
[01/01/09 01:33:18.623] send: [5b: 31 71 13 00 C8]
[01/01/09 01:33:18.629] 	recv: [3b: 31 71 13]
[01/01/09 01:33:18.647] send: [3b: 31 72 21]
[01/01/09 01:33:18.653] 	recv: [7b: 31 72 21 FF FF FE B5]
[01/01/09 01:33:18.654] send: [5b: 31 71 13 00 C8]
[01/01/09 01:33:18.660] 	recv: [3b: 31 71 13]
[01/01/09 01:33:18.675] send: [6b: 31 43 FF FF FE B6]
[01/01/09 01:33:18.681] 	recv: [2b: 31 43]
[01/01/09 01:33:18.695] send: [3b: 31 72 21]
[01/01/09 01:33:18.702] 	recv: [7b: 31 72 21 FF FF FE B6]
[01/01/09 01:33:18.703] send: [5b: 31 71 13 00 C8]
[01/01/09 01:33:18.708] 	recv: [3b: 31 71 13]
[01/01/09 01:33:18.725] send: [6b: 31 43 FF FF FE B7]
[01/01/09 01:33:18.732] 	recv: [2b: 31 43]
[01/01/09 01:33:18.744] send: [3b: 31 72 21]
[01/01/09 01:33:18.751] 	recv: [7b: 31 72 21 FF FF FE B7]
[01/01/09 01:33:18.753] send: [5b: 31 71 13 00 C8]
[01/01/09 01:33:18.758] 	recv: [3b: 31 71 13]
[01/01/09 01:33:18.776] send: [3b: 31 72 21]
[01/01/09 01:33:18.786] 	recv: [7b: 31 72 21 FF FF FE B7]
[01/01/09 01:33:18.797] send: [5b: 31 71 13 00 C8]
[01/01/09 01:33:18.802] 	recv: [3b: 31 71 13]
[01/01/09 01:33:18.826] send: [6b: 31 43 FF FF FE B9]
[01/01/09 01:33:18.832] 	recv: [2b: 31 43]
[01/01/09 01:33:18.843] send: [3b: 31 72 21]
[01/01/09 01:33:18.850] 	recv: [7b: 31 72 21 FF FF FE B9]
[01/01/09 01:33:18.852] send: [5b: 31 71 13 00 C8]
[01/01/09 01:33:18.857] 	recv: [3b: 31 71 13]
[01/01/09 01:33:18.874] send: [3b: 31 72 21]
[01/01/09 01:33:18.879] 	recv: [7b: 31 72 21 FF FF FE B9]
[01/01/09 01:33:18.881] send: [5b: 31 71 13 00 C8]
[01/01/09 01:33:18.886] 	recv: [3b: 31 71 13]
[01/01/09 01:33:18.894] send: [6b: 31 43 FF FF FE BA]
[01/01/09 01:33:18.899] 	recv: [2b: 31 43]
[01/01/09 01:33:18.914] send: [3b: 31 72 21]
[01/01/09 01:33:18.920] 	recv: [7b: 31 72 21 FF FF FE BA]
[01/01/09 01:33:18.922] send: [5b: 31 71 13 00 C8]
[01/01/09 01:33:18.928] 	recv: [3b: 31 71 13]
[01/01/09 01:33:18.938] send: [3b: 31 72 21]
[01/01/09 01:33:18.945] 	recv: [7b: 31 72 21 FF FF FE BA]
[01/01/09 01:33:18.955] send: [5b: 31 71 13 00 C8]
[01/01/09 01:33:18.962] 	recv: [3b: 31 71 13]
[01/01/09 01:33:18.974] send: [3b: 31 72 21]
[01/01/09 01:33:18.982] 	recv: [7b: 31 72 21 FF FF FE BA]
[01/01/09 01:33:18.984] send: [5b: 31 71 13 00 C8]
[01/01/09 01:33:18.990] 	recv: [3b: 31 71 13]
[01/01/09 01:33:19.003] send: [3b: 31 72 21]
[01/01/09 01:33:19.010] 	recv: [7b: 31 72 21 FF FF FE BA]
[01/01/09 01:33:19.011] send: [5b: 31 71 13 00 C8]
[01/01/09 01:33:19.017] 	recv: [3b: 31 71 13]
[01/01/09 01:33:19.034] send: [3b: 31 72 21]
[01/01/09 01:33:19.041] 	recv: [7b: 31 72 21 FF FF FE BA]
[01/01/09 01:33:19.043] send: [5b: 31 71 13 00 C8]
[01/01/09 01:33:19.048] 	recv: [3b: 31 71 13]
[01/01/09 01:33:19.063] send: [3b: 31 72 21]
[01/01/09 01:33:19.069] 	recv: [7b: 31 72 21 FF FF FE BA]
[01/01/09 01:33:19.071] send: [5b: 31 71 13 00 C8]
[01/01/09 01:33:19.077] 	recv: [3b: 31 71 13]
[01/01/09 01:33:19.084] send: [3b: 31 72 21]
[01/01/09 01:33:19.090] 	recv: [7b: 31 72 21 FF FF FE BA]
[01/01/09 01:33:19.091] send: [5b: 31 71 13 00 C8]
[01/01/09 01:33:19.097] 	recv: [3b: 31 71 13]
[01/01/09 01:33:19.104] send: [3b: 31 72 21]
[01/01/09 01:33:19.110] 	recv: [7b: 31 72 21 FF FF FE BA]
[01/01/09 01:33:19.112] send: [5b: 31 71 13 00 C8]
[01/01/09 01:33:19.117] 	recv: [3b: 31 71 13]
[01/01/09 01:33:19.124] send: [3b: 31 72 21]
[01/01/09 01:33:19.131] 	recv: [7b: 31 72 21 FF FF FE BA]
[01/01/09 01:33:19.132] send: [5b: 31 71 13 00 C8]
[01/01/09 01:33:19.137] 	recv: [3b: 31 71 13]
[01/01/09 01:33:19.154] send: [3b: 31 72 21]
[01/01/09 01:33:19.163] 	recv: [7b: 31 72 21 FF FF FE BA]
[01/01/09 01:33:19.165] send: [5b: 31 71 13 00 C8]
[01/01/09 01:33:19.170] 	recv: [3b: 31 71 13]
[01/01/09 01:33:19.184] send: [6b: 31 43 FF FF FE B9]
[01/01/09 01:33:19.190] 	recv: [2b: 31 43]
[01/01/09 01:33:19.203] send: [3b: 31 72 21]
[01/01/09 01:33:19.209] 	recv: [7b: 31 72 21 FF FF FE B9]
[01/01/09 01:33:19.211] send: [5b: 31 71 13 00 C8]
[01/01/09 01:33:19.217] 	recv: [3b: 31 71 13]
[01/01/09 01:33:19.224] send: [3b: 31 72 21]
[01/01/09 01:33:19.230] 	recv: [7b: 31 72 21 FF FF FE B9]
[01/01/09 01:33:19.232] send: [5b: 31 71 13 00 C8]
[01/01/09 01:33:19.237] 	recv: [3b: 31 71 13]
[01/01/09 01:33:19.254] send: [6b: 31 43 FF FF FE B8]
[01/01/09 01:33:19.261] 	recv: [2b: 31 43]
[01/01/09 01:33:19.274] send: [3b: 31 72 21]
[01/01/09 01:33:19.282] 	recv: [7b: 31 72 21 FF FF FE B8]
[01/01/09 01:33:19.284] send: [5b: 31 71 13 00 C8]
[01/01/09 01:33:19.291] 	recv: [3b: 31 71 13]
[01/01/09 01:33:19.304] send: [3b: 31 72 21]
[01/01/09 01:33:19.310] 	recv: [7b: 31 72 21 FF FF FE B8]
[01/01/09 01:33:19.312] send: [5b: 31 71 13 00 C8]
[01/01/09 01:33:19.317] 	recv: [3b: 31 71 13]
[01/01/09 01:33:19.334] send: [6b: 31 43 FF FF FE B6]
[01/01/09 01:33:19.342] 	recv: [2b: 31 43]
[01/01/09 01:33:19.354] send: [3b: 31 72 21]
[01/01/09 01:33:19.360] 	recv: [7b: 31 72 21 FF FF FE B6]
[01/01/09 01:33:19.362] send: [5b: 31 71 13 00 C8]
[01/01/09 01:33:19.367] 	recv: [3b: 31 71 13]
[01/01/09 01:33:19.384] send: [6b: 31 43 FF FF FE B5]
[01/01/09 01:33:19.390] 	recv: [2b: 31 43]
[01/01/09 01:33:19.405] send: [3b: 31 72 21]
[01/01/09 01:33:19.412] 	recv: [7b: 31 72 21 FF FF FE B5]
[01/01/09 01:33:19.413] send: [5b: 31 71 13 00 C8]
[01/01/09 01:33:19.419] 	recv: [3b: 31 71 13]
[01/01/09 01:33:19.435] send: [6b: 31 43 FF FF FE B4]
[01/01/09 01:33:19.442] 	recv: [2b: 31 43]
[01/01/09 01:33:19.454] send: [3b: 31 72 21]
[01/01/09 01:33:19.460] 	recv: [7b: 31 72 21 FF FF FE B4]
[01/01/09 01:33:19.461] send: [5b: 31 71 13 00 C8]
[01/01/09 01:33:19.468] 	recv: [3b: 31 71 13]
[01/01/09 01:33:19.483] send: [6b: 31 43 FF FF FE B2]
[01/01/09 01:33:19.490] 	recv: [2b: 31 43]
[01/01/09 01:33:19.503] send: [3b: 31 72 21]
[01/01/09 01:33:19.509] 	recv: [7b: 31 72 21 FF FF FE B2]
[01/01/09 01:33:19.511] send: [5b: 31 71 13 00 C8]
[01/01/09 01:33:19.517] 	recv: [3b: 31 71 13]
[01/01/09 01:33:19.524] send: [6b: 31 43 FF FF FE B1]
[01/01/09 01:33:19.531] 	recv: [2b: 31 43]
[01/01/09 01:33:19.545] send: [3b: 31 72 21]
[01/01/09 01:33:19.553] 	recv: [7b: 31 72 21 FF FF FE B1]
[01/01/09 01:33:19.556] send: [5b: 31 71 13 00 C8]
[01/01/09 01:33:19.561] 	recv: [3b: 31 71 13]
[01/01/09 01:33:19.573] send: [6b: 31 43 FF FF FE B0]
[01/01/09 01:33:19.580] 	recv: [2b: 31 43]
[01/01/09 01:33:19.593] send: [3b: 31 72 21]
[01/01/09 01:33:19.600] 	recv: [7b: 31 72 21 FF FF FE B0]
[01/01/09 01:33:19.602] send: [5b: 31 71 13 00 C8]
[01/01/09 01:33:19.608] 	recv: [3b: 31 71 13]
[01/01/09 01:33:19.624] send: [6b: 31 43 FF FF FE AE]
[01/01/09 01:33:19.631] 	recv: [2b: 31 43]
[01/01/09 01:33:19.644] send: [3b: 31 72 21]
[01/01/09 01:33:19.652] 	recv: [7b: 31 72 21 FF FF FE AE]
[01/01/09 01:33:19.655] send: [5b: 31 71 13 00 C8]
[01/01/09 01:33:19.660] 	recv: [3b: 31 71 13]
[01/01/09 01:33:19.674] send: [6b: 31 43 FF FF FE AD]
[01/01/09 01:33:19.679] 	recv: [2b: 31 43]
[01/01/09 01:33:19.695] send: [3b: 31 72 21]
[01/01/09 01:33:19.702] 	recv: [7b: 31 72 21 FF FF FE AD]
[01/01/09 01:33:19.704] send: [5b: 31 71 13 00 C8]
[01/01/09 01:33:19.709] 	recv: [3b: 31 71 13]
[01/01/09 01:33:19.725] send: [6b: 31 43 FF FF FE AB]
[01/01/09 01:33:19.732] 	recv: [2b: 31 43]
[01/01/09 01:33:19.744] send: [3b: 31 72 21]
[01/01/09 01:33:19.751] 	recv: [7b: 31 72 21 FF FF FE AB]
[01/01/09 01:33:19.752] send: [5b: 31 71 13 00 C8]
[01/01/09 01:33:19.758] 	recv: [3b: 31 71 13]
[01/01/09 01:33:19.774] send: [6b: 31 43 FF FF FE AA]
[01/01/09 01:33:19.780] 	recv: [2b: 31 43]
[01/01/09 01:33:19.794] send: [3b: 31 72 21]
[01/01/09 01:33:19.800] 	recv: [7b: 31 72 21 FF FF FE AA]
[01/01/09 01:33:19.802] send: [5b: 31 71 13 00 C8]
[01/01/09 01:33:19.808] 	recv: [3b: 31 71 13]
[01/01/09 01:33:19.814] send: [6b: 31 43 FF FF FE A8]
[01/01/09 01:33:19.821] 	recv: [2b: 31 43]
[01/01/09 01:33:19.834] send: [3b: 31 72 21]
[01/01/09 01:33:19.841] 	recv: [7b: 31 72 21 FF FF FE A8]
[01/01/09 01:33:19.842] send: [5b: 31 71 13 00 C8]
[01/01/09 01:33:19.848] 	recv: [3b: 31 71 13]
[01/01/09 01:33:19.863] send: [6b: 31 43 FF FF FE A7]
[01/01/09 01:33:19.870] 	recv: [2b: 31 43]
[01/01/09 01:33:19.885] send: [3b: 31 72 21]
[01/01/09 01:33:19.893] 	recv: [7b: 31 72 21 FF FF FE A7]
[01/01/09 01:33:19.896] send: [5b: 31 71 13 00 C8]
[01/01/09 01:33:19.901] 	recv: [3b: 31 71 13]
[01/01/09 01:33:19.916] send: [6b: 31 43 FF FF FE A5]
[01/01/09 01:33:19.922] 	recv: [2b: 31 43]
[01/01/09 01:33:19.934] send: [3b: 31 72 21]
[01/01/09 01:33:19.941] 	recv: [7b: 31 72 21 FF FF FE A5]
[01/01/09 01:33:19.942] send: [5b: 31 71 13 00 C8]
[01/01/09 01:33:19.948] 	recv: [3b: 31 71 13]
[01/01/09 01:33:19.964] send: [6b: 31 43 FF FF FE A3]
[01/01/09 01:33:19.972] 	recv: [2b: 31 43]
[01/01/09 01:33:19.984] send: [3b: 31 72 21]
[01/01/09 01:33:19.991] 	recv: [7b: 31 72 21 FF FF FE A3]
[01/01/09 01:33:19.993] send: [5b: 31 71 13 00 C8]
[01/01/09 01:33:19.998] 	recv: [3b: 31 71 13]
[01/01/09 01:33:20.014] send: [6b: 31 43 FF FF FE A2]
[01/01/09 01:33:20.020] 	recv: [2b: 31 43]
[01/01/09 01:33:20.034] send: [3b: 31 72 21]
[01/01/09 01:33:20.041] 	recv: [7b: 31 72 21 FF FF FE A2]
[01/01/09 01:33:20.044] send: [5b: 31 71 13 00 C8]
[01/01/09 01:33:20.049] 	recv: [3b: 31 71 13]
[01/01/09 01:33:20.065] send: [6b: 31 43 FF FF FE A0]
[01/01/09 01:33:20.071] 	recv: [2b: 31 43]
[01/01/09 01:33:20.085] send: [3b: 31 72 21]
[01/01/09 01:33:20.092] 	recv: [7b: 31 72 21 FF FF FE A0]
[01/01/09 01:33:20.093] send: [5b: 31 71 13 00 C8]
[01/01/09 01:33:20.098] 	recv: [3b: 31 71 13]
[01/01/09 01:33:20.115] send: [6b: 31 43 FF FF FE 9E]
[01/01/09 01:33:20.120] 	recv: [2b: 31 43]
[01/01/09 01:33:20.134] send: [3b: 31 72 21]
[01/01/09 01:33:20.141] 	recv: [7b: 31 72 21 FF FF FE 9E]
[01/01/09 01:33:20.143] send: [5b: 31 71 13 00 C8]
[01/01/09 01:33:20.148] 	recv: [3b: 31 71 13]
[01/01/09 01:33:20.165] send: [6b: 31 43 FF FF FE 9C]
[01/01/09 01:33:20.171] 	recv: [2b: 31 43]
[01/01/09 01:33:20.184] send: [3b: 31 72 21]
[01/01/09 01:33:20.190] 	recv: [7b: 31 72 21 FF FF FE 9C]
[01/01/09 01:33:20.192] send: [5b: 31 71 13 00 C8]
[01/01/09 01:33:20.197] 	recv: [3b: 31 71 13]
[01/01/09 01:33:20.205] send: [6b: 31 43 FF FF FE 9B]
[01/01/09 01:33:20.213] 	recv: [2b: 31 43]
[01/01/09 01:33:20.224] send: [3b: 31 72 21]
[01/01/09 01:33:20.230] 	recv: [7b: 31 72 21 FF FF FE 9B]
[01/01/09 01:33:20.232] send: [5b: 31 71 13 00 C8]
[01/01/09 01:33:20.239] 	recv: [3b: 31 71 13]
[01/01/09 01:33:20.256] send: [6b: 31 43 FF FF FE 99]
[01/01/09 01:33:20.263] 	recv: [2b: 31 43]
[01/01/09 01:33:20.278] send: [3b: 31 72 21]
[01/01/09 01:33:20.284] 	recv: [7b: 31 72 21 FF FF FE 99]
[01/01/09 01:33:20.285] send: [5b: 31 71 13 00 C8]
[01/01/09 01:33:20.290] 	recv: [3b: 31 71 13]
[01/01/09 01:33:20.298] send: [6b: 31 43 FF FF FE 98]
[01/01/09 01:33:20.304] 	recv: [2b: 31 43]
[01/01/09 01:33:20.318] send: [3b: 31 72 21]
[01/01/09 01:33:20.324] 	recv: [7b: 31 72 21 FF FF FE 98]
[01/01/09 01:33:20.325] send: [5b: 31 71 13 00 C8]
[01/01/09 01:33:20.330] 	recv: [3b: 31 71 13]
[01/01/09 01:33:20.346] send: [6b: 31 43 FF FF FE 96]
[01/01/09 01:33:20.352] 	recv: [2b: 31 43]
[01/01/09 01:33:20.367] send: [3b: 31 72 21]
[01/01/09 01:33:20.376] 	recv: [7b: 31 72 21 FF FF FE 96]
[01/01/09 01:33:20.385] send: [5b: 31 71 13 00 C8]
[01/01/09 01:33:20.391] 	recv: [3b: 31 71 13]
[01/01/09 01:33:20.405] send: [6b: 31 43 FF FF FE 95]
[01/01/09 01:33:20.413] 	recv: [2b: 31 43]
[01/01/09 01:33:20.424] send: [3b: 31 72 21]
[01/01/09 01:33:20.432] 	recv: [7b: 31 72 21 FF FF FE 95]
[01/01/09 01:33:20.434] send: [5b: 31 71 13 00 C8]
[01/01/09 01:33:20.440] 	recv: [3b: 31 71 13]
[01/01/09 01:33:20.454] send: [6b: 31 43 FF FF FE 93]
[01/01/09 01:33:20.459] 	recv: [2b: 31 43]
[01/01/09 01:33:20.474] send: [3b: 31 72 21]
[01/01/09 01:33:20.480] 	recv: [7b: 31 72 21 FF FF FE 93]
[01/01/09 01:33:20.482] send: [5b: 31 71 13 00 C8]
[01/01/09 01:33:20.487] 	recv: [3b: 31 71 13]
[01/01/09 01:33:20.505] send: [6b: 31 43 FF FF FE 91]
[01/01/09 01:33:20.512] 	recv: [2b: 31 43]
[01/01/09 01:33:20.524] send: [3b: 31 72 21]
[01/01/09 01:33:20.531] 	recv: [7b: 31 72 21 FF FF FE 91]
[01/01/09 01:33:20.533] send: [5b: 31 71 13 00 C8]
[01/01/09 01:33:20.538] 	recv: [3b: 31 71 13]
[01/01/09 01:33:20.546] send: [6b: 31 43 FF FF FE 90]
[01/01/09 01:33:20.555] send: [3b: 31 72 21]
[01/01/09 01:33:20.556] 	recv: [2b: 31 43]
[01/01/09 01:33:20.563] 	recv: [7b: 31 72 21 FF FF FE 90]
[01/01/09 01:33:20.577] send: [5b: 31 71 13 00 C8]
[01/01/09 01:33:20.583] 	recv: [3b: 31 71 13]
[01/01/09 01:33:20.596] send: [3b: 31 72 21]
[01/01/09 01:33:20.603] 	recv: [7b: 31 72 21 FF FF FE 90]
[01/01/09 01:33:20.605] send: [5b: 31 71 13 00 C8]
[01/01/09 01:33:20.610] 	recv: [3b: 31 71 13]
[01/01/09 01:33:20.624] send: [6b: 31 43 FF FF FE 8D]
[01/01/09 01:33:20.631] 	recv: [2b: 31 43]
[01/01/09 01:33:20.643] send: [3b: 31 72 21]
[01/01/09 01:33:20.649] 	recv: [7b: 31 72 21 FF FF FE 8D]
[01/01/09 01:33:20.651] send: [5b: 31 71 13 00 C8]
[01/01/09 01:33:20.657] 	recv: [3b: 31 71 13]
[01/01/09 01:33:20.674] send: [6b: 31 43 FF FF FE 8C]
[01/01/09 01:33:20.680] 	recv: [2b: 31 43]
[01/01/09 01:33:20.694] send: [3b: 31 72 21]
[01/01/09 01:33:20.702] 	recv: [7b: 31 72 21 FF FF FE 8C]
[01/01/09 01:33:20.702] error: bus thread interrupted
[01/01/09 01:33:20.733] resources: ut=0.15 st=0.06
[01/01/09 01:33:20.733] log finished
