[01/01/09 01:33:07.323] log started
[01/01/09 01:33:07.323] 	[ BusInterface ]
[01/01/09 01:33:07.323] 	cycle = 20
[01/01/09 01:33:07.323] 	delayWriteTime = 6
[01/01/09 01:33:07.324] 	href = cout_4014
[01/01/09 01:33:07.324] 	interface = ethernet
[01/01/09 01:33:07.324] 	localAddr = 10.0.0.1
[01/01/09 01:33:07.324] 	localPort = 4014
[01/01/09 01:33:07.324] 	log:path = 
[01/01/09 01:33:07.324] 	log:size = 
[01/01/09 01:33:07.324] 	log:type = info
[01/01/09 01:33:07.324] 	name = TCP/UDP/UnixSocket Network Bus
[01/01/09 01:33:07.324] 	protocol = udp
[01/01/09 01:33:07.324] 	remoteAddr = 10.0.0.2
[01/01/09 01:33:07.324] 	remotePort = 4014
[01/01/09 01:33:07.324] 	sym = bus_4014
[01/01/09 01:33:07.324] 	type = ethernet
[01/01/09 01:33:07.324] 	vendor = Spetstekhnika
[01/01/09 01:33:07.324] 	writeDelay = async
[01/01/09 01:33:07.324] tid = 6419
[01/01/09 01:33:07.346] udp connection started (cycle=20, receive size=10240)
[01/01/09 01:33:07.346] 	local  = 10.0.0.1:4014
[01/01/09 01:33:07.346] 	remote = 10.0.0.2:4014
[01/01/09 01:33:07.347] 	SO_RCVBUF = 63488
[01/01/09 01:33:07.347] 	SO_SNDBUF = 63488
[01/01/09 01:33:07.369] send: [2b: 31 47]
[01/01/09 01:33:07.369] connection: receive timeout (1,1 10240/10240,0/0)
[01/01/09 01:33:07.370] send: [2b: 32 47]
[01/01/09 01:33:07.376] 	recv: [3b: 31 C7 01]
[01/01/09 01:33:07.394] send: [2b: 33 47]
[01/01/09 01:33:07.399] 	recv: [2b: 33 47]
[01/01/09 01:33:07.415] send: [3b: 32 72 21]
[01/01/09 01:33:07.421] 	recv: [7b: 32 72 21 00 00 00 00]
[01/01/09 01:33:07.436] send: [3b: 31 72 21]
[01/01/09 01:33:07.442] 	recv: [7b: 31 72 21 00 00 00 FC]
[01/01/09 01:33:07.455] send: [5b: 33 71 13 07 6C]
[01/01/09 01:33:07.460] 	recv: [3b: 33 71 13]
[01/01/09 01:33:07.474] send: [5b: 32 71 13 04 4C]
[01/01/09 01:33:07.480] 	recv: [3b: 32 71 13]
[01/01/09 01:33:07.494] send: [5b: 31 71 13 07 6C]
[01/01/09 01:33:07.499] 	recv: [3b: 31 71 13]
[01/01/09 01:33:07.514] send: [5b: 33 71 12 00 64]
[01/01/09 01:33:07.520] 	recv: [3b: 33 71 12]
[01/01/09 01:33:07.534] send: [5b: 32 71 12 00 64]
[01/01/09 01:33:07.540] 	recv: [3b: 32 71 12]
[01/01/09 01:33:07.556] send: [5b: 31 71 12 00 32]
[01/01/09 01:33:07.562] 	recv: [3b: 31 71 12]
[01/01/09 01:33:07.576] send: [4b: 33 71 14 15]
[01/01/09 01:33:07.582] 	recv: [3b: 33 71 14]
[01/01/09 01:33:07.593] send: [4b: 32 71 14 15]
[01/01/09 01:33:07.600] 	recv: [3b: 32 71 14]
[01/01/09 01:33:07.615] send: [4b: 31 71 14 15]
[01/01/09 01:33:07.620] 	recv: [3b: 31 71 14]
[01/01/09 01:33:07.634] send: [4b: 33 71 15 45]
[01/01/09 01:33:07.640] 	recv: [3b: 33 71 15]
[01/01/09 01:33:07.654] send: [4b: 32 71 15 45]
[01/01/09 01:33:07.660] 	recv: [3b: 32 71 15]
[01/01/09 01:33:07.674] send: [4b: 31 71 15 45]
[01/01/09 01:33:07.680] 	recv: [3b: 31 71 15]
[01/01/09 01:33:07.683] send: [3b: 33 72 02]
[01/01/09 01:33:07.688] 	recv: [4b: 33 72 02 03]
[01/01/09 01:33:07.704] send: [6b: 32 42 FF FF F8 30]
[01/01/09 01:33:07.712] 	recv: [2b: 32 42]
[01/01/09 01:33:07.727] send: [3b: 31 72 02]
[01/01/09 01:33:07.732] 	recv: [4b: 31 72 02 03]
[01/01/09 01:33:07.745] send: [3b: 32 72 01]
[01/01/09 01:33:07.751] 	recv: [4b: 32 72 01 85]
[01/01/09 01:33:07.767] send: [3b: 33 44 80]
[01/01/09 01:33:07.772] 	recv: [2b: 33 44]
[01/01/09 01:33:07.784] send: [3b: 32 72 01]
[01/01/09 01:33:07.791] 	recv: [4b: 32 72 01 85]
[01/01/09 01:33:07.804] send: [3b: 31 44 00]
[01/01/09 01:33:07.810] 	recv: [2b: 31 44]
[01/01/09 01:33:07.824] send: [3b: 33 72 01]
[01/01/09 01:33:07.830] 	recv: [4b: 33 72 01 89]
[01/01/09 01:33:07.844] send: [3b: 32 72 01]
[01/01/09 01:33:07.851] 	recv: [4b: 32 72 01 85]
[01/01/09 01:33:07.864] send: [3b: 31 72 01]
[01/01/09 01:33:07.870] 	recv: [4b: 31 72 01 09]
[01/01/09 01:33:07.883] send: [3b: 33 72 02]
[01/01/09 01:33:07.888] 	recv: [4b: 33 72 02 03]
[01/01/09 01:33:07.905] send: [3b: 32 72 01]
[01/01/09 01:33:07.911] 	recv: [4b: 32 72 01 85]
[01/01/09 01:33:07.924] send: [3b: 31 72 02]
[01/01/09 01:33:07.931] 	recv: [4b: 31 72 02 03]
[01/01/09 01:33:07.944] send: [3b: 33 72 02]
[01/01/09 01:33:07.951] 	recv: [4b: 33 72 02 03]
[01/01/09 01:33:07.965] send: [3b: 32 72 01]
[01/01/09 01:33:07.970] 	recv: [4b: 32 72 01 85]
[01/01/09 01:33:07.984] send: [3b: 31 72 02]
[01/01/09 01:33:07.991] 	recv: [4b: 31 72 02 03]
[01/01/09 01:33:08.005] send: [3b: 33 72 02]
[01/01/09 01:33:08.011] 	recv: [4b: 33 72 02 03]
[01/01/09 01:33:08.025] send: [3b: 32 72 01]
[01/01/09 01:33:08.031] 	recv: [4b: 32 72 01 85]
[01/01/09 01:33:08.045] send: [3b: 31 72 02]
[01/01/09 01:33:08.051] 	recv: [4b: 31 72 02 03]
[01/01/09 01:33:08.066] send: [3b: 33 72 02]
[01/01/09 01:33:08.071] 	recv: [4b: 33 72 02 03]
[01/01/09 01:33:08.087] send: [3b: 32 72 01]
[01/01/09 01:33:08.092] 	recv: [4b: 32 72 01 85]
[01/01/09 01:33:08.104] send: [3b: 31 72 02]
[01/01/09 01:33:08.109] 	recv: [4b: 31 72 02 03]
[01/01/09 01:33:08.125] send: [3b: 33 72 02]
[01/01/09 01:33:08.131] 	recv: [4b: 33 72 02 03]
[01/01/09 01:33:08.145] send: [3b: 32 72 01]
[01/01/09 01:33:08.152] 	recv: [4b: 32 72 01 85]
[01/01/09 01:33:08.164] send: [3b: 31 72 02]
[01/01/09 01:33:08.170] 	recv: [4b: 31 72 02 03]
[01/01/09 01:33:08.184] send: [3b: 33 72 02]
[01/01/09 01:33:08.190] 	recv: [4b: 33 72 02 03]
[01/01/09 01:33:08.205] send: [3b: 32 72 01]
[01/01/09 01:33:08.211] 	recv: [4b: 32 72 01 85]
[01/01/09 01:33:08.225] send: [3b: 31 72 02]
[01/01/09 01:33:08.231] 	recv: [4b: 31 72 02 03]
[01/01/09 01:33:08.243] send: [3b: 33 72 02]
[01/01/09 01:33:08.250] 	recv: [4b: 33 72 02 03]
[01/01/09 01:33:08.265] send: [3b: 32 72 01]
[01/01/09 01:33:08.271] 	recv: [4b: 32 72 01 85]
[01/01/09 01:33:08.285] send: [3b: 31 72 02]
[01/01/09 01:33:08.292] 	recv: [4b: 31 72 02 03]
[01/01/09 01:33:08.305] send: [3b: 33 72 02]
[01/01/09 01:33:08.311] 	recv: [4b: 33 72 02 03]
[01/01/09 01:33:08.325] send: [3b: 32 72 01]
[01/01/09 01:33:08.331] 	recv: [4b: 32 72 01 85]
[01/01/09 01:33:08.348] send: [3b: 31 72 02]
[01/01/09 01:33:08.353] 	recv: [4b: 31 72 02 03]
[01/01/09 01:33:08.375] send: [3b: 33 72 02]
[01/01/09 01:33:08.379] 	recv: [4b: 33 72 02 03]
[01/01/09 01:33:08.395] send: [3b: 32 72 01]
[01/01/09 01:33:08.400] 	recv: [4b: 32 72 01 85]
[01/01/09 01:33:08.417] send: [3b: 31 72 02]
[01/01/09 01:33:08.423] 	recv: [4b: 31 72 02 03]
[01/01/09 01:33:08.436] send: [3b: 33 72 02]
[01/01/09 01:33:08.443] 	recv: [4b: 33 72 02 03]
[01/01/09 01:33:08.464] send: [3b: 32 72 01]
[01/01/09 01:33:08.470] 	recv: [4b: 32 72 01 85]
[01/01/09 01:33:08.493] send: [3b: 31 72 02]
[01/01/09 01:33:08.500] 	recv: [4b: 31 72 02 03]
[01/01/09 01:33:08.515] send: [3b: 33 72 02]
[01/01/09 01:33:08.525] send: [3b: 31 72 02]
[01/01/09 01:33:08.525] 	recv: [4b: 33 72 02 03]
[01/01/09 01:33:08.530] 	recv: [4b: 31 72 02 03]
[01/01/09 01:33:08.546] send: [3b: 33 72 02]
[01/01/09 01:33:08.550] 	recv: [4b: 33 72 02 03]
[01/01/09 01:33:08.565] send: [3b: 32 72 01]
[01/01/09 01:33:08.571] 	recv: [4b: 32 72 01 85]
[01/01/09 01:33:08.584] send: [3b: 31 72 02]
[01/01/09 01:33:08.590] 	recv: [4b: 31 72 02 03]
[01/01/09 01:33:08.604] send: [3b: 33 72 02]
[01/01/09 01:33:08.610] 	recv: [4b: 33 72 02 03]
[01/01/09 01:33:08.624] send: [3b: 32 72 01]
[01/01/09 01:33:08.629] 	recv: [4b: 32 72 01 85]
[01/01/09 01:33:08.644] send: [3b: 31 72 02]
[01/01/09 01:33:08.650] 	recv: [4b: 31 72 02 03]
[01/01/09 01:33:08.663] send: [3b: 33 72 02]
[01/01/09 01:33:08.669] 	recv: [4b: 33 72 02 03]
[01/01/09 01:33:08.683] send: [3b: 32 72 01]
[01/01/09 01:33:08.690] 	recv: [4b: 32 72 01 85]
[01/01/09 01:33:08.704] send: [3b: 31 72 02]
[01/01/09 01:33:08.710] 	recv: [4b: 31 72 02 03]
[01/01/09 01:33:08.724] send: [3b: 33 72 02]
[01/01/09 01:33:08.730] 	recv: [4b: 33 72 02 03]
[01/01/09 01:33:08.744] send: [3b: 32 72 01]
[01/01/09 01:33:08.749] 	recv: [4b: 32 72 01 85]
[01/01/09 01:33:08.763] send: [3b: 31 72 02]
[01/01/09 01:33:08.768] 	recv: [4b: 31 72 02 03]
[01/01/09 01:33:08.784] send: [3b: 33 72 02]
[01/01/09 01:33:08.790] 	recv: [4b: 33 72 02 03]
[01/01/09 01:33:08.804] send: [3b: 32 72 01]
[01/01/09 01:33:08.809] 	recv: [4b: 32 72 01 85]
[01/01/09 01:33:08.823] send: [3b: 31 72 02]
[01/01/09 01:33:08.829] 	recv: [4b: 31 72 02 03]
[01/01/09 01:33:08.844] send: [3b: 33 72 02]
[01/01/09 01:33:08.850] 	recv: [4b: 33 72 02 03]
[01/01/09 01:33:08.864] send: [3b: 32 72 01]
[01/01/09 01:33:08.869] 	recv: [4b: 32 72 01 85]
[01/01/09 01:33:08.883] send: [3b: 31 72 02]
[01/01/09 01:33:08.888] 	recv: [4b: 31 72 02 03]
[01/01/09 01:33:08.904] send: [3b: 33 72 02]
[01/01/09 01:33:08.910] 	recv: [4b: 33 72 02 03]
[01/01/09 01:33:08.923] send: [3b: 32 72 01]
[01/01/09 01:33:08.929] 	recv: [4b: 32 72 01 85]
[01/01/09 01:33:08.944] send: [3b: 31 72 02]
[01/01/09 01:33:08.950] 	recv: [4b: 31 72 02 03]
[01/01/09 01:33:08.964] send: [3b: 33 72 02]
[01/01/09 01:33:08.971] 	recv: [4b: 33 72 02 03]
[01/01/09 01:33:08.984] send: [3b: 32 72 01]
[01/01/09 01:33:08.990] 	recv: [4b: 32 72 01 85]
[01/01/09 01:33:09.004] send: [3b: 31 72 02]
[01/01/09 01:33:09.010] 	recv: [4b: 31 72 02 03]
[01/01/09 01:33:09.023] send: [3b: 33 72 02]
[01/01/09 01:33:09.030] 	recv: [4b: 33 72 02 03]
[01/01/09 01:33:09.044] send: [3b: 32 72 01]
[01/01/09 01:33:09.051] 	recv: [4b: 32 72 01 85]
[01/01/09 01:33:09.063] send: [3b: 31 72 02]
[01/01/09 01:33:09.070] 	recv: [4b: 31 72 02 03]
[01/01/09 01:33:09.084] send: [3b: 33 72 02]
[01/01/09 01:33:09.091] 	recv: [4b: 33 72 02 03]
[01/01/09 01:33:09.104] send: [3b: 32 72 01]
[01/01/09 01:33:09.111] 	recv: [4b: 32 72 01 85]
[01/01/09 01:33:09.123] send: [3b: 31 72 02]
[01/01/09 01:33:09.130] 	recv: [4b: 31 72 02 03]
[01/01/09 01:33:09.144] send: [3b: 33 72 02]
[01/01/09 01:33:09.151] 	recv: [4b: 33 72 02 03]
[01/01/09 01:33:09.164] send: [3b: 32 72 01]
[01/01/09 01:33:09.171] 	recv: [4b: 32 72 01 85]
[01/01/09 01:33:09.183] send: [3b: 31 72 02]
[01/01/09 01:33:09.191] 	recv: [4b: 31 72 02 03]
[01/01/09 01:33:09.208] send: [3b: 33 72 02]
[01/01/09 01:33:09.212] 	recv: [4b: 33 72 02 03]
[01/01/09 01:33:09.224] send: [3b: 32 72 01]
[01/01/09 01:33:09.230] 	recv: [4b: 32 72 01 85]
[01/01/09 01:33:09.245] send: [3b: 31 72 02]
[01/01/09 01:33:09.250] 	recv: [4b: 31 72 02 03]
[01/01/09 01:33:09.266] send: [3b: 33 72 02]
[01/01/09 01:33:09.273] 	recv: [4b: 33 72 02 03]
[01/01/09 01:33:09.285] send: [3b: 32 72 01]
[01/01/09 01:33:09.291] 	recv: [4b: 32 72 01 85]
[01/01/09 01:33:09.305] send: [3b: 31 72 02]
[01/01/09 01:33:09.310] 	recv: [4b: 31 72 02 03]
[01/01/09 01:33:09.325] send: [3b: 33 72 02]
[01/01/09 01:33:09.330] 	recv: [4b: 33 72 02 03]
[01/01/09 01:33:09.345] send: [3b: 32 72 01]
[01/01/09 01:33:09.351] 	recv: [4b: 32 72 01 85]
[01/01/09 01:33:09.365] send: [3b: 31 72 02]
[01/01/09 01:33:09.371] 	recv: [4b: 31 72 02 03]
[01/01/09 01:33:09.385] send: [3b: 33 72 02]
[01/01/09 01:33:09.391] 	recv: [4b: 33 72 02 03]
[01/01/09 01:33:09.405] send: [3b: 32 72 01]
[01/01/09 01:33:09.411] 	recv: [4b: 32 72 01 85]
[01/01/09 01:33:09.425] send: [3b: 31 72 02]
[01/01/09 01:33:09.431] 	recv: [4b: 31 72 02 03]
[01/01/09 01:33:09.445] send: [3b: 33 72 02]
[01/01/09 01:33:09.451] 	recv: [4b: 33 72 02 03]
[01/01/09 01:33:09.464] send: [3b: 32 72 01]
[01/01/09 01:33:09.471] 	recv: [4b: 32 72 01 85]
[01/01/09 01:33:09.484] send: [3b: 31 72 02]
[01/01/09 01:33:09.490] 	recv: [4b: 31 72 02 03]
[01/01/09 01:33:09.504] send: [3b: 33 72 02]
[01/01/09 01:33:09.509] 	recv: [4b: 33 72 02 03]
[01/01/09 01:33:09.525] send: [3b: 32 72 01]
[01/01/09 01:33:09.530] 	recv: [4b: 32 72 01 85]
[01/01/09 01:33:09.546] send: [3b: 31 72 02]
[01/01/09 01:33:09.552] 	recv: [4b: 31 72 02 03]
[01/01/09 01:33:09.564] send: [3b: 33 72 02]
[01/01/09 01:33:09.570] 	recv: [4b: 33 72 02 03]
[01/01/09 01:33:09.586] send: [3b: 32 72 01]
[01/01/09 01:33:09.592] 	recv: [4b: 32 72 01 85]
[01/01/09 01:33:09.606] send: [3b: 31 72 02]
[01/01/09 01:33:09.611] 	recv: [4b: 31 72 02 03]
[01/01/09 01:33:09.624] send: [3b: 33 72 02]
[01/01/09 01:33:09.630] 	recv: [4b: 33 72 02 03]
[01/01/09 01:33:09.645] send: [3b: 32 72 01]
[01/01/09 01:33:09.651] 	recv: [4b: 32 72 01 00]
[01/01/09 01:33:09.666] send: [3b: 31 72 02]
[01/01/09 01:33:09.672] 	recv: [4b: 31 72 02 03]
[01/01/09 01:33:09.685] send: [3b: 33 72 02]
[01/01/09 01:33:09.691] 	recv: [4b: 33 72 02 03]
[01/01/09 01:33:09.704] send: [3b: 31 72 02]
[01/01/09 01:33:09.710] 	recv: [4b: 31 72 02 03]
[01/01/09 01:33:09.724] send: [3b: 33 72 02]
[01/01/09 01:33:09.731] 	recv: [4b: 33 72 02 03]
[01/01/09 01:33:09.745] send: [3b: 32 72 02]
[01/01/09 01:33:09.750] 	recv: [4b: 32 72 02 03]
[01/01/09 01:33:09.765] send: [3b: 31 72 02]
[01/01/09 01:33:09.770] 	recv: [4b: 31 72 02 03]
[01/01/09 01:33:09.785] send: [3b: 33 72 02]
[01/01/09 01:33:09.791] 	recv: [4b: 33 72 02 03]
[01/01/09 01:33:09.803] send: [3b: 31 72 02]
[01/01/09 01:33:09.809] 	recv: [4b: 31 72 02 03]
[01/01/09 01:33:09.824] send: [3b: 33 72 02]
[01/01/09 01:33:09.829] 	recv: [4b: 33 72 02 03]
[01/01/09 01:33:09.843] send: [3b: 32 44 00]
[01/01/09 01:33:09.849] 	recv: [2b: 32 44]
[01/01/09 01:33:09.864] send: [3b: 31 72 02]
[01/01/09 01:33:09.870] 	recv: [4b: 31 72 02 03]
[01/01/09 01:33:09.883] send: [3b: 33 72 02]
[01/01/09 01:33:09.890] 	recv: [4b: 33 72 02 03]
[01/01/09 01:33:09.903] send: [3b: 32 72 01]
[01/01/09 01:33:09.908] 	recv: [4b: 32 72 01 09]
[01/01/09 01:33:09.923] send: [3b: 31 72 02]
[01/01/09 01:33:09.930] 	recv: [4b: 31 72 02 03]
[01/01/09 01:33:09.943] send: [3b: 33 72 02]
[01/01/09 01:33:09.950] 	recv: [4b: 33 72 02 03]
[01/01/09 01:33:09.963] send: [3b: 32 72 02]
[01/01/09 01:33:09.970] 	recv: [4b: 32 72 02 03]
[01/01/09 01:33:09.985] send: [3b: 31 72 02]
[01/01/09 01:33:09.991] 	recv: [4b: 31 72 02 03]
[01/01/09 01:33:10.004] send: [3b: 33 72 02]
[01/01/09 01:33:10.010] 	recv: [4b: 33 72 02 03]
[01/01/09 01:33:10.025] send: [3b: 32 72 02]
[01/01/09 01:33:10.030] 	recv: [4b: 32 72 02 03]
[01/01/09 01:33:10.045] send: [3b: 31 72 02]
[01/01/09 01:33:10.052] 	recv: [4b: 31 72 02 03]
[01/01/09 01:33:10.064] send: [3b: 33 72 02]
[01/01/09 01:33:10.070] 	recv: [4b: 33 72 02 03]
[01/01/09 01:33:10.085] send: [3b: 32 72 02]
[01/01/09 01:33:10.090] 	recv: [4b: 32 72 02 03]
[01/01/09 01:33:10.103] send: [3b: 31 72 02]
[01/01/09 01:33:10.110] 	recv: [4b: 31 72 02 03]
[01/01/09 01:33:10.124] send: [3b: 33 72 02]
[01/01/09 01:33:10.130] 	recv: [4b: 33 72 02 03]
[01/01/09 01:33:10.144] send: [3b: 32 72 02]
[01/01/09 01:33:10.150] 	recv: [4b: 32 72 02 03]
[01/01/09 01:33:10.165] send: [3b: 31 72 02]
[01/01/09 01:33:10.170] 	recv: [4b: 31 72 02 03]
[01/01/09 01:33:10.184] send: [3b: 33 72 02]
[01/01/09 01:33:10.191] 	recv: [4b: 33 72 02 03]
[01/01/09 01:33:10.204] send: [3b: 32 72 02]
[01/01/09 01:33:10.210] 	recv: [4b: 32 72 02 03]
[01/01/09 01:33:10.224] send: [3b: 31 72 02]
[01/01/09 01:33:10.230] 	recv: [4b: 31 72 02 03]
[01/01/09 01:33:10.245] send: [3b: 33 72 02]
[01/01/09 01:33:10.251] 	recv: [4b: 33 72 02 03]
[01/01/09 01:33:10.268] send: [3b: 32 72 02]
[01/01/09 01:33:10.273] 	recv: [4b: 32 72 02 03]
[01/01/09 01:33:10.286] send: [3b: 31 72 02]
[01/01/09 01:33:10.292] 	recv: [4b: 31 72 02 03]
[01/01/09 01:33:10.304] send: [3b: 33 72 02]
[01/01/09 01:33:10.310] 	recv: [4b: 33 72 02 03]
[01/01/09 01:33:10.326] send: [3b: 32 72 02]
[01/01/09 01:33:10.331] 	recv: [4b: 32 72 02 03]
[01/01/09 01:33:10.343] send: [3b: 31 72 02]
[01/01/09 01:33:10.350] 	recv: [4b: 31 72 02 03]
[01/01/09 01:33:10.366] send: [3b: 33 72 02]
[01/01/09 01:33:10.372] 	recv: [4b: 33 72 02 03]
[01/01/09 01:33:10.384] send: [3b: 32 72 02]
[01/01/09 01:33:10.390] 	recv: [4b: 32 72 02 03]
[01/01/09 01:33:10.403] send: [3b: 31 72 02]
[01/01/09 01:33:10.408] 	recv: [4b: 31 72 02 03]
[01/01/09 01:33:10.423] send: [3b: 33 72 02]
[01/01/09 01:33:10.430] 	recv: [4b: 33 72 02 03]
[01/01/09 01:33:10.444] send: [3b: 32 72 02]
[01/01/09 01:33:10.450] 	recv: [4b: 32 72 02 03]
[01/01/09 01:33:10.463] send: [3b: 31 72 02]
[01/01/09 01:33:10.470] 	recv: [4b: 31 72 02 03]
[01/01/09 01:33:10.484] send: [3b: 33 72 02]
[01/01/09 01:33:10.491] 	recv: [4b: 33 72 02 03]
[01/01/09 01:33:10.506] send: [3b: 32 72 02]
[01/01/09 01:33:10.512] 	recv: [4b: 32 72 02 03]
[01/01/09 01:33:10.524] send: [3b: 31 72 02]
[01/01/09 01:33:10.529] 	recv: [4b: 31 72 02 03]
[01/01/09 01:33:10.545] send: [3b: 33 72 02]
[01/01/09 01:33:10.551] 	recv: [4b: 33 72 02 03]
[01/01/09 01:33:10.563] send: [3b: 32 72 02]
[01/01/09 01:33:10.569] 	recv: [4b: 32 72 02 03]
[01/01/09 01:33:10.585] send: [3b: 31 72 02]
[01/01/09 01:33:10.592] 	recv: [4b: 31 72 02 03]
[01/01/09 01:33:10.604] send: [3b: 33 72 02]
[01/01/09 01:33:10.610] 	recv: [4b: 33 72 02 03]
[01/01/09 01:33:10.625] send: [3b: 32 72 02]
[01/01/09 01:33:10.632] 	recv: [4b: 32 72 02 03]
[01/01/09 01:33:10.646] send: [3b: 31 72 02]
[01/01/09 01:33:10.652] 	recv: [4b: 31 72 02 03]
[01/01/09 01:33:10.666] send: [3b: 33 72 02]
[01/01/09 01:33:10.672] 	recv: [4b: 33 72 02 03]
[01/01/09 01:33:10.684] send: [3b: 32 72 02]
[01/01/09 01:33:10.690] 	recv: [4b: 32 72 02 03]
[01/01/09 01:33:10.704] send: [3b: 31 72 02]
[01/01/09 01:33:10.711] 	recv: [4b: 31 72 02 03]
[01/01/09 01:33:10.724] send: [3b: 33 72 02]
[01/01/09 01:33:10.731] 	recv: [4b: 33 72 02 03]
[01/01/09 01:33:10.745] send: [3b: 32 72 02]
[01/01/09 01:33:10.751] 	recv: [4b: 32 72 02 03]
[01/01/09 01:33:10.764] send: [3b: 31 72 02]
[01/01/09 01:33:10.770] 	recv: [4b: 31 72 02 03]
[01/01/09 01:33:10.784] send: [3b: 33 72 02]
[01/01/09 01:33:10.790] 	recv: [4b: 33 72 02 03]
[01/01/09 01:33:10.804] send: [3b: 32 72 02]
[01/01/09 01:33:10.809] 	recv: [4b: 32 72 02 03]
[01/01/09 01:33:10.824] send: [3b: 31 72 02]
[01/01/09 01:33:10.831] 	recv: [4b: 31 72 02 03]
[01/01/09 01:33:10.844] send: [3b: 33 72 02]
[01/01/09 01:33:10.851] 	recv: [4b: 33 72 02 03]
[01/01/09 01:33:10.864] send: [3b: 32 72 02]
[01/01/09 01:33:10.871] 	recv: [4b: 32 72 02 03]
[01/01/09 01:33:10.885] send: [3b: 31 72 02]
[01/01/09 01:33:10.891] 	recv: [4b: 31 72 02 03]
[01/01/09 01:33:10.904] send: [3b: 33 72 02]
[01/01/09 01:33:10.910] 	recv: [4b: 33 72 02 03]
[01/01/09 01:33:10.924] send: [3b: 32 72 02]
[01/01/09 01:33:10.931] 	recv: [4b: 32 72 02 03]
[01/01/09 01:33:10.944] send: [3b: 31 72 02]
[01/01/09 01:33:10.951] 	recv: [4b: 31 72 02 03]
[01/01/09 01:33:10.964] send: [3b: 33 72 02]
[01/01/09 01:33:10.971] 	recv: [4b: 33 72 02 03]
[01/01/09 01:33:10.984] send: [3b: 32 72 02]
[01/01/09 01:33:10.990] 	recv: [4b: 32 72 02 03]
[01/01/09 01:33:11.003] send: [3b: 31 72 02]
[01/01/09 01:33:11.008] 	recv: [4b: 31 72 02 13]
[01/01/09 01:33:11.024] send: [3b: 33 72 02]
[01/01/09 01:33:11.029] 	recv: [4b: 33 72 02 03]
[01/01/09 01:33:11.044] send: [3b: 32 72 02]
[01/01/09 01:33:11.049] 	recv: [4b: 32 72 02 03]
[01/01/09 01:33:11.065] send: [3b: 33 72 02]
[01/01/09 01:33:11.071] 	recv: [4b: 33 72 02 03]
[01/01/09 01:33:11.085] send: [3b: 32 72 02]
[01/01/09 01:33:11.091] 	recv: [4b: 32 72 02 03]
[01/01/09 01:33:11.105] send: [6b: 31 42 FF FF E8 54]
[01/01/09 01:33:11.111] 	recv: [2b: 31 42]
[01/01/09 01:33:11.125] send: [3b: 33 72 02]
[01/01/09 01:33:11.131] 	recv: [4b: 33 72 02 03]
[01/01/09 01:33:11.144] send: [3b: 32 72 02]
[01/01/09 01:33:11.150] 	recv: [4b: 32 72 02 03]
[01/01/09 01:33:11.165] send: [3b: 31 72 01]
[01/01/09 01:33:11.171] 	recv: [4b: 31 72 01 85]
[01/01/09 01:33:11.185] send: [3b: 33 72 02]
[01/01/09 01:33:11.191] 	recv: [4b: 33 72 02 03]
[01/01/09 01:33:11.203] send: [3b: 32 72 02]
[01/01/09 01:33:11.209] 	recv: [4b: 32 72 02 03]
[01/01/09 01:33:11.216] send: [3b: 31 72 01]
[01/01/09 01:33:11.224] 	recv: [4b: 31 72 01 85]
[01/01/09 01:33:11.236] send: [3b: 33 72 02]
[01/01/09 01:33:11.243] 	recv: [4b: 33 72 02 03]
[01/01/09 01:33:11.255] send: [3b: 32 72 02]
[01/01/09 01:33:11.260] 	recv: [4b: 32 72 02 03]
[01/01/09 01:33:11.274] send: [3b: 31 72 01]
[01/01/09 01:33:11.280] 	recv: [4b: 31 72 01 85]
[01/01/09 01:33:11.295] send: [3b: 33 72 02]
[01/01/09 01:33:11.301] 	recv: [4b: 33 72 02 03]
[01/01/09 01:33:11.314] send: [3b: 32 72 02]
[01/01/09 01:33:11.320] 	recv: [4b: 32 72 02 03]
[01/01/09 01:33:11.333] send: [3b: 31 72 01]
[01/01/09 01:33:11.339] 	recv: [4b: 31 72 01 85]
[01/01/09 01:33:11.353] send: [3b: 33 72 02]
[01/01/09 01:33:11.360] 	recv: [4b: 33 72 02 03]
[01/01/09 01:33:11.374] send: [3b: 32 72 02]
[01/01/09 01:33:11.380] 	recv: [4b: 32 72 02 03]
[01/01/09 01:33:11.394] send: [3b: 31 72 01]
[01/01/09 01:33:11.399] 	recv: [4b: 31 72 01 85]
[01/01/09 01:33:11.415] send: [3b: 33 72 02]
[01/01/09 01:33:11.422] 	recv: [4b: 33 72 02 03]
[01/01/09 01:33:11.434] send: [3b: 32 72 02]
[01/01/09 01:33:11.441] 	recv: [4b: 32 72 02 03]
[01/01/09 01:33:11.453] send: [3b: 31 72 01]
[01/01/09 01:33:11.459] 	recv: [4b: 31 72 01 85]
[01/01/09 01:33:11.475] send: [3b: 33 72 02]
[01/01/09 01:33:11.481] 	recv: [4b: 33 72 02 03]
[01/01/09 01:33:11.494] send: [3b: 32 72 02]
[01/01/09 01:33:11.499] 	recv: [4b: 32 72 02 03]
[01/01/09 01:33:11.514] send: [3b: 31 72 01]
[01/01/09 01:33:11.520] 	recv: [4b: 31 72 01 85]
[01/01/09 01:33:11.535] send: [3b: 33 72 02]
[01/01/09 01:33:11.542] 	recv: [4b: 33 72 02 03]
[01/01/09 01:33:11.555] send: [3b: 32 72 02]
[01/01/09 01:33:11.562] 	recv: [4b: 32 72 02 03]
[01/01/09 01:33:11.575] send: [3b: 31 72 01]
[01/01/09 01:33:11.580] 	recv: [4b: 31 72 01 85]
[01/01/09 01:33:11.595] send: [3b: 33 72 02]
[01/01/09 01:33:11.601] 	recv: [4b: 33 72 02 03]
[01/01/09 01:33:11.613] send: [3b: 32 72 02]
[01/01/09 01:33:11.620] 	recv: [4b: 32 72 02 03]
[01/01/09 01:33:11.635] send: [3b: 31 72 01]
[01/01/09 01:33:11.641] 	recv: [4b: 31 72 01 85]
[01/01/09 01:33:11.655] send: [3b: 33 72 02]
[01/01/09 01:33:11.661] 	recv: [4b: 33 72 02 03]
[01/01/09 01:33:11.674] send: [3b: 32 72 02]
[01/01/09 01:33:11.680] 	recv: [4b: 32 72 02 03]
[01/01/09 01:33:11.694] send: [3b: 31 72 01]
[01/01/09 01:33:11.701] 	recv: [4b: 31 72 01 85]
[01/01/09 01:33:11.714] send: [3b: 33 72 02]
[01/01/09 01:33:11.720] 	recv: [4b: 33 72 02 03]
[01/01/09 01:33:11.735] send: [3b: 32 72 02]
[01/01/09 01:33:11.740] 	recv: [4b: 32 72 02 13]
[01/01/09 01:33:11.754] send: [3b: 31 72 01]
[01/01/09 01:33:11.760] 	recv: [4b: 31 72 01 85]
[01/01/09 01:33:11.773] send: [3b: 33 72 02]
[01/01/09 01:33:11.779] 	recv: [4b: 33 72 02 03]
[01/01/09 01:33:11.794] send: [3b: 31 72 01]
[01/01/09 01:33:11.801] 	recv: [4b: 31 72 01 85]
[01/01/09 01:33:11.815] send: [3b: 33 72 02]
[01/01/09 01:33:11.820] 	recv: [4b: 33 72 02 03]
[01/01/09 01:33:11.834] send: [6b: 32 42 00 00 00 42]
[01/01/09 01:33:11.841] 	recv: [2b: 32 42]
[01/01/09 01:33:11.854] send: [3b: 31 72 01]
[01/01/09 01:33:11.860] 	recv: [4b: 31 72 01 85]
[01/01/09 01:33:11.873] send: [3b: 33 72 02]
[01/01/09 01:33:11.880] 	recv: [4b: 33 72 02 03]
[01/01/09 01:33:11.893] send: [3b: 32 72 01]
[01/01/09 01:33:11.900] 	recv: [4b: 32 72 01 05]
[01/01/09 01:33:11.915] send: [3b: 31 72 01]
[01/01/09 01:33:11.920] 	recv: [4b: 31 72 01 85]
[01/01/09 01:33:11.934] send: [3b: 33 72 02]
[01/01/09 01:33:11.940] 	recv: [4b: 33 72 02 03]
[01/01/09 01:33:11.954] send: [3b: 32 72 01]
[01/01/09 01:33:11.960] 	recv: [4b: 32 72 01 05]
[01/01/09 01:33:11.975] send: [3b: 31 72 01]
[01/01/09 01:33:11.981] 	recv: [4b: 31 72 01 85]
[01/01/09 01:33:11.995] send: [3b: 33 72 02]
[01/01/09 01:33:12.000] 	recv: [4b: 33 72 02 03]
[01/01/09 01:33:12.017] send: [3b: 32 72 01]
[01/01/09 01:33:12.022] 	recv: [4b: 32 72 01 00]
[01/01/09 01:33:12.035] send: [3b: 31 72 01]
[01/01/09 01:33:12.041] 	recv: [4b: 31 72 01 85]
[01/01/09 01:33:12.055] send: [3b: 33 72 02]
[01/01/09 01:33:12.060] 	recv: [4b: 33 72 02 03]
[01/01/09 01:33:12.075] send: [3b: 31 72 01]
[01/01/09 01:33:12.080] 	recv: [4b: 31 72 01 85]
[01/01/09 01:33:12.093] send: [3b: 33 72 02]
[01/01/09 01:33:12.098] 	recv: [4b: 33 72 02 03]
[01/01/09 01:33:12.123] send: [5b: 32 71 13 04 4C]
[01/01/09 01:33:12.129] 	recv: [3b: 32 71 13]
[01/01/09 01:33:12.145] send: [3b: 31 72 01]
[01/01/09 01:33:12.151] 	recv: [4b: 31 72 01 85]
[01/01/09 01:33:12.165] send: [3b: 33 72 02]
[01/01/09 01:33:12.171] 	recv: [4b: 33 72 02 03]
[01/01/09 01:33:12.187] send: [3b: 31 72 01]
[01/01/09 01:33:12.194] 	recv: [4b: 31 72 01 85]
[01/01/09 01:33:12.206] send: [3b: 33 72 02]
[01/01/09 01:33:12.215] send: [3b: 31 72 01]
[01/01/09 01:33:12.215] 	recv: [4b: 33 72 02 03]
[01/01/09 01:33:12.220] 	recv: [4b: 31 72 01 85]
[01/01/09 01:33:12.234] send: [3b: 33 72 02]
[01/01/09 01:33:12.240] 	recv: [4b: 33 72 02 03]
[01/01/09 01:33:12.247] send: [3b: 31 72 01]
[01/01/09 01:33:12.253] 	recv: [4b: 31 72 01 85]
[01/01/09 01:33:12.267] send: [3b: 33 72 02]
[01/01/09 01:33:12.275] 	recv: [4b: 33 72 02 03]
[01/01/09 01:33:12.293] send: [3b: 32 72 21]
[01/01/09 01:33:12.299] 	recv: [7b: 32 72 21 00 00 00 42]
[01/01/09 01:33:12.314] send: [3b: 31 72 01]
[01/01/09 01:33:12.319] 	recv: [4b: 31 72 01 85]
[01/01/09 01:33:12.336] send: [3b: 33 72 02]
[01/01/09 01:33:12.341] 	recv: [4b: 33 72 02 03]
[01/01/09 01:33:12.353] send: [3b: 31 72 01]
[01/01/09 01:33:12.359] 	recv: [4b: 31 72 01 85]
[01/01/09 01:33:12.374] send: [3b: 33 72 02]
[01/01/09 01:33:12.380] 	recv: [4b: 33 72 02 03]
[01/01/09 01:33:12.396] send: [3b: 31 72 01]
[01/01/09 01:33:12.402] 	recv: [4b: 31 72 01 85]
[01/01/09 01:33:12.415] send: [3b: 33 72 02]
[01/01/09 01:33:12.422] 	recv: [4b: 33 72 02 03]
[01/01/09 01:33:12.433] send: [5b: 32 71 13 00 B4]
[01/01/09 01:33:12.439] 	recv: [3b: 32 71 13]
[01/01/09 01:33:12.455] send: [3b: 31 72 01]
[01/01/09 01:33:12.460] 	recv: [4b: 31 72 01 85]
[01/01/09 01:33:12.474] send: [3b: 33 72 02]
[01/01/09 01:33:12.480] 	recv: [4b: 33 72 02 03]
[01/01/09 01:33:12.493] send: [3b: 31 72 01]
[01/01/09 01:33:12.499] 	recv: [4b: 31 72 01 85]
[01/01/09 01:33:12.514] send: [3b: 33 72 02]
[01/01/09 01:33:12.520] 	recv: [4b: 33 72 02 03]
[01/01/09 01:33:12.534] send: [3b: 32 72 21]
[01/01/09 01:33:12.540] 	recv: [7b: 32 72 21 00 00 00 42]
[01/01/09 01:33:12.553] send: [3b: 31 72 01]
[01/01/09 01:33:12.559] 	recv: [4b: 31 72 01 85]
[01/01/09 01:33:12.574] send: [3b: 33 72 02]
[01/01/09 01:33:12.579] 	recv: [4b: 33 72 02 03]
[01/01/09 01:33:12.593] send: [3b: 31 72 01]
[01/01/09 01:33:12.599] 	recv: [4b: 31 72 01 85]
[01/01/09 01:33:12.613] send: [3b: 33 72 02]
[01/01/09 01:33:12.619] 	recv: [4b: 33 72 02 03]
[01/01/09 01:33:12.635] send: [3b: 31 72 01]
[01/01/09 01:33:12.641] 	recv: [4b: 31 72 01 85]
[01/01/09 01:33:12.653] send: [3b: 33 72 02]
[01/01/09 01:33:12.658] 	recv: [4b: 33 72 02 03]
[01/01/09 01:33:12.674] send: [5b: 32 71 13 00 B4]
[01/01/09 01:33:12.681] 	recv: [3b: 32 71 13]
[01/01/09 01:33:12.693] send: [3b: 31 72 01]
[01/01/09 01:33:12.700] 	recv: [4b: 31 72 01 85]
[01/01/09 01:33:12.714] send: [3b: 33 72 02]
[01/01/09 01:33:12.719] 	recv: [4b: 33 72 02 03]
[01/01/09 01:33:12.735] send: [3b: 31 72 01]
[01/01/09 01:33:12.741] 	recv: [4b: 31 72 01 85]
[01/01/09 01:33:12.755] send: [3b: 33 72 02]
[01/01/09 01:33:12.761] 	recv: [4b: 33 72 02 03]
[01/01/09 01:33:12.775] send: [3b: 32 72 21]
[01/01/09 01:33:12.781] 	recv: [7b: 32 72 21 00 00 00 42]
[01/01/09 01:33:12.795] send: [3b: 31 72 01]
[01/01/09 01:33:12.800] 	recv: [4b: 31 72 01 85]
[01/01/09 01:33:12.813] send: [3b: 33 72 02]
[01/01/09 01:33:12.820] 	recv: [4b: 33 72 02 03]
[01/01/09 01:33:12.833] send: [3b: 31 72 01]
[01/01/09 01:33:12.840] 	recv: [4b: 31 72 01 85]
[01/01/09 01:33:12.854] send: [3b: 33 72 02]
[01/01/09 01:33:12.859] 	recv: [4b: 33 72 02 03]
[01/01/09 01:33:12.874] send: [3b: 31 72 01]
[01/01/09 01:33:12.881] 	recv: [4b: 31 72 01 85]
[01/01/09 01:33:12.894] send: [3b: 33 72 02]
[01/01/09 01:33:12.900] 	recv: [4b: 33 72 02 03]
[01/01/09 01:33:12.913] send: [5b: 32 71 13 00 B4]
[01/01/09 01:33:12.920] 	recv: [3b: 32 71 13]
[01/01/09 01:33:12.934] send: [3b: 31 72 01]
[01/01/09 01:33:12.940] 	recv: [4b: 31 72 01 85]
[01/01/09 01:33:12.954] send: [3b: 33 72 02]
[01/01/09 01:33:12.960] 	recv: [4b: 33 72 02 03]
[01/01/09 01:33:12.974] send: [3b: 31 72 01]
[01/01/09 01:33:12.980] 	recv: [4b: 31 72 01 85]
[01/01/09 01:33:12.994] send: [3b: 33 72 02]
[01/01/09 01:33:13.001] 	recv: [4b: 33 72 02 03]
[01/01/09 01:33:13.014] send: [3b: 32 72 21]
[01/01/09 01:33:13.020] 	recv: [7b: 32 72 21 00 00 00 42]
[01/01/09 01:33:13.033] send: [3b: 31 72 01]
[01/01/09 01:33:13.040] 	recv: [4b: 31 72 01 85]
[01/01/09 01:33:13.055] send: [3b: 33 72 02]
[01/01/09 01:33:13.061] 	recv: [4b: 33 72 02 03]
[01/01/09 01:33:13.076] send: [3b: 31 72 01]
[01/01/09 01:33:13.085] send: [3b: 31 72 01]
[01/01/09 01:33:13.085] 	recv: [4b: 31 72 01 85]
[01/01/09 01:33:13.090] 	recv: [4b: 31 72 01 85]
[01/01/09 01:33:13.104] send: [3b: 33 72 02]
[01/01/09 01:33:13.110] 	recv: [4b: 33 72 02 03]
[01/01/09 01:33:13.123] send: [5b: 32 71 13 00 B4]
[01/01/09 01:33:13.130] 	recv: [3b: 32 71 13]
[01/01/09 01:33:13.144] send: [3b: 31 72 01]
[01/01/09 01:33:13.150] 	recv: [4b: 31 72 01 85]
[01/01/09 01:33:13.165] send: [3b: 33 72 02]
[01/01/09 01:33:13.172] 	recv: [4b: 33 72 02 03]
[01/01/09 01:33:13.185] send: [3b: 31 72 01]
[01/01/09 01:33:13.191] 	recv: [4b: 31 72 01 85]
[01/01/09 01:33:13.204] send: [3b: 33 72 02]
[01/01/09 01:33:13.209] 	recv: [4b: 33 72 02 03]
[01/01/09 01:33:13.224] send: [3b: 32 72 21]
[01/01/09 01:33:13.230] 	recv: [7b: 32 72 21 00 00 00 42]
[01/01/09 01:33:13.243] send: [3b: 31 72 01]
[01/01/09 01:33:13.249] 	recv: [4b: 31 72 01 85]
[01/01/09 01:33:13.263] send: [3b: 33 72 02]
[01/01/09 01:33:13.269] 	recv: [4b: 33 72 02 03]
[01/01/09 01:33:13.283] send: [3b: 31 72 01]
[01/01/09 01:33:13.289] 	recv: [4b: 31 72 01 85]
[01/01/09 01:33:13.304] send: [3b: 33 72 02]
[01/01/09 01:33:13.310] 	recv: [4b: 33 72 02 03]
[01/01/09 01:33:13.324] send: [3b: 31 72 01]
[01/01/09 01:33:13.330] 	recv: [4b: 31 72 01 85]
[01/01/09 01:33:13.344] send: [3b: 33 72 02]
[01/01/09 01:33:13.350] 	recv: [4b: 33 72 02 03]
[01/01/09 01:33:13.364] send: [5b: 32 71 13 00 B4]
[01/01/09 01:33:13.369] 	recv: [3b: 32 71 13]
[01/01/09 01:33:13.383] send: [3b: 31 72 01]
[01/01/09 01:33:13.390] 	recv: [4b: 31 72 01 85]
[01/01/09 01:33:13.405] send: [3b: 33 72 02]
[01/01/09 01:33:13.412] 	recv: [4b: 33 72 02 03]
[01/01/09 01:33:13.424] send: [3b: 31 72 01]
[01/01/09 01:33:13.431] 	recv: [4b: 31 72 01 85]
[01/01/09 01:33:13.445] send: [3b: 33 72 02]
[01/01/09 01:33:13.452] 	recv: [4b: 33 72 02 03]
[01/01/09 01:33:13.466] send: [3b: 32 72 21]
[01/01/09 01:33:13.472] 	recv: [7b: 32 72 21 00 00 00 42]
[01/01/09 01:33:13.486] send: [3b: 31 72 01]
[01/01/09 01:33:13.492] 	recv: [4b: 31 72 01 85]
[01/01/09 01:33:13.506] send: [3b: 33 72 02]
[01/01/09 01:33:13.513] 	recv: [4b: 33 72 02 03]
[01/01/09 01:33:13.523] send: [3b: 31 72 01]
[01/01/09 01:33:13.531] 	recv: [4b: 31 72 01 85]
[01/01/09 01:33:13.544] send: [3b: 33 72 02]
[01/01/09 01:33:13.552] 	recv: [4b: 33 72 02 03]
[01/01/09 01:33:13.564] send: [3b: 31 72 01]
[01/01/09 01:33:13.570] 	recv: [4b: 31 72 01 85]
[01/01/09 01:33:13.584] send: [3b: 33 72 02]
[01/01/09 01:33:13.591] 	recv: [4b: 33 72 02 03]
[01/01/09 01:33:13.604] send: [5b: 32 71 13 00 B4]
[01/01/09 01:33:13.611] 	recv: [3b: 32 71 13]
[01/01/09 01:33:13.624] send: [3b: 31 72 01]
[01/01/09 01:33:13.630] 	recv: [4b: 31 72 01 85]
[01/01/09 01:33:13.644] send: [3b: 33 72 02]
[01/01/09 01:33:13.649] 	recv: [4b: 33 72 02 03]
[01/01/09 01:33:13.664] send: [3b: 31 72 01]
[01/01/09 01:33:13.669] 	recv: [4b: 31 72 01 85]
[01/01/09 01:33:13.684] send: [3b: 33 72 02]
[01/01/09 01:33:13.689] 	recv: [4b: 33 72 02 13]
[01/01/09 01:33:13.704] send: [3b: 32 72 21]
[01/01/09 01:33:13.711] 	recv: [7b: 32 72 21 00 00 00 42]
[01/01/09 01:33:13.724] send: [3b: 31 72 01]
[01/01/09 01:33:13.732] 	recv: [4b: 31 72 01 85]
[01/01/09 01:33:13.745] send: [3b: 31 72 01]
[01/01/09 01:33:13.752] 	recv: [4b: 31 72 01 85]
[01/01/09 01:33:13.764] send: [6b: 33 42 00 00 19 D2]
[01/01/09 01:33:13.771] 	recv: [2b: 33 42]
[01/01/09 01:33:13.784] send: [3b: 31 72 01]
[01/01/09 01:33:13.791] 	recv: [4b: 31 72 01 85]
[01/01/09 01:33:13.804] send: [3b: 33 72 01]
[01/01/09 01:33:13.811] 	recv: [4b: 33 72 01 05]
[01/01/09 01:33:13.824] send: [5b: 32 71 13 00 B4]
[01/01/09 01:33:13.831] 	recv: [3b: 32 71 13]
[01/01/09 01:33:13.844] send: [3b: 31 72 01]
[01/01/09 01:33:13.850] 	recv: [4b: 31 72 01 85]
[01/01/09 01:33:13.864] send: [3b: 33 72 01]
[01/01/09 01:33:13.870] 	recv: [4b: 33 72 01 05]
[01/01/09 01:33:13.883] send: [3b: 31 72 01]
[01/01/09 01:33:13.889] 	recv: [4b: 31 72 01 85]
[01/01/09 01:33:13.904] send: [3b: 33 72 01]
[01/01/09 01:33:13.911] 	recv: [4b: 33 72 01 05]
[01/01/09 01:33:13.924] send: [3b: 32 72 21]
[01/01/09 01:33:13.931] 	recv: [7b: 32 72 21 00 00 00 42]
[01/01/09 01:33:13.944] send: [3b: 31 72 01]
[01/01/09 01:33:13.951] 	recv: [4b: 31 72 01 85]
[01/01/09 01:33:13.964] send: [3b: 33 72 01]
[01/01/09 01:33:13.971] 	recv: [4b: 33 72 01 05]
[01/01/09 01:33:13.986] send: [3b: 31 72 01]
[01/01/09 01:33:13.994] 	recv: [4b: 31 72 01 85]
[01/01/09 01:33:14.006] send: [3b: 33 72 01]
[01/01/09 01:33:14.013] 	recv: [4b: 33 72 01 05]
[01/01/09 01:33:14.023] send: [3b: 31 72 01]
[01/01/09 01:33:14.031] 	recv: [4b: 31 72 01 85]
[01/01/09 01:33:14.048] send: [3b: 33 72 01]
[01/01/09 01:33:14.053] 	recv: [4b: 33 72 01 05]
[01/01/09 01:33:14.067] send: [5b: 32 71 13 00 B4]
[01/01/09 01:33:14.074] 	recv: [3b: 32 71 13]
[01/01/09 01:33:14.087] send: [3b: 31 72 01]
[01/01/09 01:33:14.093] 	recv: [4b: 31 72 01 85]
[01/01/09 01:33:14.107] send: [3b: 33 72 01]
[01/01/09 01:33:14.113] 	recv: [4b: 33 72 01 05]
[01/01/09 01:33:14.127] send: [3b: 31 72 01]
[01/01/09 01:33:14.134] send: [3b: 32 72 21]
[01/01/09 01:33:14.134] 	recv: [4b: 31 72 01 85]
[01/01/09 01:33:14.141] 	recv: [7b: 32 72 21 00 00 00 42]
[01/01/09 01:33:14.142] send: [3b: 31 72 01]
[01/01/09 01:33:14.147] 	recv: [4b: 31 72 01 85]
[01/01/09 01:33:14.157] send: [3b: 33 72 01]
[01/01/09 01:33:14.163] 	recv: [4b: 33 72 01 05]
[01/01/09 01:33:14.183] send: [3b: 31 72 01]
[01/01/09 01:33:14.189] 	recv: [4b: 31 72 01 85]
[01/01/09 01:33:14.203] send: [3b: 33 72 01]
[01/01/09 01:33:14.210] 	recv: [4b: 33 72 01 05]
[01/01/09 01:33:14.225] send: [3b: 31 72 01]
[01/01/09 01:33:14.233] 	recv: [4b: 31 72 01 85]
[01/01/09 01:33:14.244] send: [3b: 33 72 01]
[01/01/09 01:33:14.252] 	recv: [4b: 33 72 01 05]
[01/01/09 01:33:14.265] send: [5b: 32 71 13 00 B4]
[01/01/09 01:33:14.272] 	recv: [3b: 32 71 13]
[01/01/09 01:33:14.284] send: [3b: 31 72 01]
[01/01/09 01:33:14.292] 	recv: [4b: 31 72 01 85]
[01/01/09 01:33:14.304] send: [3b: 33 72 01]
[01/01/09 01:33:14.312] 	recv: [4b: 33 72 01 05]
[01/01/09 01:33:14.325] send: [3b: 31 72 01]
[01/01/09 01:33:14.332] 	recv: [4b: 31 72 01 85]
[01/01/09 01:33:14.345] send: [3b: 33 72 01]
[01/01/09 01:33:14.352] 	recv: [4b: 33 72 01 05]
[01/01/09 01:33:14.363] send: [3b: 32 72 21]
[01/01/09 01:33:14.371] 	recv: [7b: 32 72 21 00 00 00 42]
[01/01/09 01:33:14.385] send: [3b: 31 72 01]
[01/01/09 01:33:14.392] 	recv: [4b: 31 72 01 85]
[01/01/09 01:33:14.405] send: [3b: 33 72 01]
[01/01/09 01:33:14.412] 	recv: [4b: 33 72 01 05]
[01/01/09 01:33:14.424] send: [3b: 31 72 01]
[01/01/09 01:33:14.430] 	recv: [4b: 31 72 01 85]
[01/01/09 01:33:14.455] send: [3b: 33 72 01]
[01/01/09 01:33:14.460] 	recv: [4b: 33 72 01 05]
[01/01/09 01:33:14.475] send: [3b: 31 72 01]
[01/01/09 01:33:14.481] 	recv: [4b: 31 72 01 00]
[01/01/09 01:33:14.495] send: [3b: 33 72 01]
[01/01/09 01:33:14.500] 	recv: [4b: 33 72 01 05]
[01/01/09 01:33:14.515] send: [5b: 32 71 13 00 B4]
[01/01/09 01:33:14.520] 	recv: [3b: 32 71 13]
[01/01/09 01:33:14.535] send: [3b: 33 72 01]
[01/01/09 01:33:14.540] 	recv: [4b: 33 72 01 05]
[01/01/09 01:33:14.556] send: [5b: 31 71 13 07 6C]
[01/01/09 01:33:14.563] 	recv: [3b: 31 71 13]
[01/01/09 01:33:14.577] send: [3b: 33 72 01]
[01/01/09 01:33:14.583] 	recv: [4b: 33 72 01 05]
[01/01/09 01:33:14.593] send: [3b: 32 72 21]
[01/01/09 01:33:14.599] 	recv: [7b: 32 72 21 00 00 00 42]
[01/01/09 01:33:14.607] send: [3b: 33 72 01]
[01/01/09 01:33:14.614] 	recv: [4b: 33 72 01 05]
[01/01/09 01:33:14.627] send: [7b: 31 71 21 00 00 00 00]
[01/01/09 01:33:14.637] send: [3b: 33 72 01]
[01/01/09 01:33:14.637] 	recv: [3b: 31 71 21]
[01/01/09 01:33:14.643] 	recv: [4b: 33 72 01 05]
[01/01/09 01:33:14.657] send: [5b: 32 71 13 00 B4]
[01/01/09 01:33:14.664] 	recv: [3b: 32 71 13]
[01/01/09 01:33:14.673] send: [3b: 31 72 21]
[01/01/09 01:33:14.679] 	recv: [7b: 31 72 21 00 00 00 00]
[01/01/09 01:33:14.694] send: [3b: 33 72 01]
[01/01/09 01:33:14.701] 	recv: [4b: 33 72 01 05]
[01/01/09 01:33:14.713] send: [3b: 33 72 01]
[01/01/09 01:33:14.719] 	recv: [4b: 33 72 01 05]
[01/01/09 01:33:14.733] send: [3b: 32 72 21]
[01/01/09 01:33:14.741] 	recv: [7b: 32 72 21 00 00 00 42]
[01/01/09 01:33:14.754] send: [3b: 33 72 01]
[01/01/09 01:33:14.761] 	recv: [4b: 33 72 01 05]
[01/01/09 01:33:14.775] send: [5b: 31 71 13 02 1C]
[01/01/09 01:33:14.782] 	recv: [3b: 31 71 13]
[01/01/09 01:33:14.794] send: [3b: 33 72 01]
[01/01/09 01:33:14.800] 	recv: [4b: 33 72 01 05]
[01/01/09 01:33:14.815] send: [3b: 33 72 01]
[01/01/09 01:33:14.821] 	recv: [4b: 33 72 01 05]
[01/01/09 01:33:14.833] send: [5b: 32 71 13 00 B4]
[01/01/09 01:33:14.839] 	recv: [3b: 32 71 13]
[01/01/09 01:33:14.854] send: [6b: 31 43 00 00 00 BA]
[01/01/09 01:33:14.861] 	recv: [2b: 31 43]
[01/01/09 01:33:14.874] send: [3b: 33 72 01]
[01/01/09 01:33:14.881] 	recv: [4b: 33 72 01 05]
[01/01/09 01:33:14.894] send: [3b: 33 72 01]
[01/01/09 01:33:14.902] 	recv: [4b: 33 72 01 05]
[01/01/09 01:33:14.913] send: [3b: 32 72 21]
[01/01/09 01:33:14.921] 	recv: [7b: 32 72 21 00 00 00 42]
[01/01/09 01:33:14.934] send: [3b: 31 72 21]
[01/01/09 01:33:14.941] 	recv: [7b: 31 72 21 00 00 00 08]
[01/01/09 01:33:14.955] send: [3b: 33 72 01]
[01/01/09 01:33:14.962] 	recv: [4b: 33 72 01 05]
[01/01/09 01:33:14.975] send: [3b: 33 72 01]
[01/01/09 01:33:14.981] 	recv: [4b: 33 72 01 05]
[01/01/09 01:33:14.995] send: [3b: 33 72 01]
[01/01/09 01:33:15.001] 	recv: [4b: 33 72 01 05]
[01/01/09 01:33:15.015] send: [5b: 32 71 13 00 B4]
[01/01/09 01:33:15.022] 	recv: [3b: 32 71 13]
[01/01/09 01:33:15.035] send: [5b: 31 71 13 02 08]
[01/01/09 01:33:15.042] 	recv: [3b: 31 71 13]
[01/01/09 01:33:15.055] send: [3b: 33 72 01]
[01/01/09 01:33:15.061] 	recv: [4b: 33 72 01 05]
[01/01/09 01:33:15.075] send: [3b: 33 72 01]
[01/01/09 01:33:15.082] 	recv: [4b: 33 72 01 05]
[01/01/09 01:33:15.095] send: [3b: 32 72 21]
[01/01/09 01:33:15.102] 	recv: [7b: 32 72 21 00 00 00 42]
[01/01/09 01:33:15.116] send: [3b: 31 72 21]
[01/01/09 01:33:15.121] 	recv: [7b: 31 72 21 00 00 00 5F]
[01/01/09 01:33:15.134] send: [3b: 33 72 01]
[01/01/09 01:33:15.141] 	recv: [4b: 33 72 01 05]
[01/01/09 01:33:15.157] send: [3b: 33 72 01]
[01/01/09 01:33:15.163] 	recv: [4b: 33 72 01 05]
[01/01/09 01:33:15.173] send: [3b: 33 72 01]
[01/01/09 01:33:15.179] 	recv: [4b: 33 72 01 05]
[01/01/09 01:33:15.195] send: [5b: 32 71 13 00 B4]
[01/01/09 01:33:15.202] 	recv: [3b: 32 71 13]
[01/01/09 01:33:15.215] send: [5b: 31 71 13 01 04]
[01/01/09 01:33:15.222] 	recv: [3b: 31 71 13]
[01/01/09 01:33:15.235] send: [3b: 33 72 01]
[01/01/09 01:33:15.241] 	recv: [4b: 33 72 01 05]
[01/01/09 01:33:15.254] send: [3b: 33 72 01]
[01/01/09 01:33:15.260] 	recv: [4b: 33 72 01 05]
[01/01/09 01:33:15.275] send: [3b: 32 72 21]
[01/01/09 01:33:15.283] 	recv: [7b: 32 72 21 00 00 00 42]
[01/01/09 01:33:15.296] send: [3b: 31 72 21]
[01/01/09 01:33:15.306] send: [3b: 33 72 01]
[01/01/09 01:33:15.306] 	recv: [7b: 31 72 21 00 00 00 AD]
[01/01/09 01:33:15.310] 	recv: [4b: 33 72 01 05]
[01/01/09 01:33:15.324] send: [3b: 33 72 01]
[01/01/09 01:33:15.331] 	recv: [4b: 33 72 01 05]
[01/01/09 01:33:15.343] send: [5b: 32 71 13 00 B4]
[01/01/09 01:33:15.351] 	recv: [3b: 32 71 13]
[01/01/09 01:33:15.364] send: [5b: 31 71 13 00 64]
[01/01/09 01:33:15.371] 	recv: [3b: 31 71 13]
[01/01/09 01:33:15.384] send: [3b: 33 72 01]
[01/01/09 01:33:15.391] 	recv: [4b: 33 72 01 05]
[01/01/09 01:33:15.404] send: [3b: 33 72 01]
[01/01/09 01:33:15.411] 	recv: [4b: 33 72 01 05]
[01/01/09 01:33:15.424] send: [3b: 32 72 21]
[01/01/09 01:33:15.430] 	recv: [7b: 32 72 21 00 00 00 42]
[01/01/09 01:33:15.443] send: [6b: 31 43 00 00 00 B9]
[01/01/09 01:33:15.451] 	recv: [2b: 31 43]
[01/01/09 01:33:15.465] send: [3b: 33 72 01]
[01/01/09 01:33:15.471] 	recv: [4b: 33 72 01 05]
[01/01/09 01:33:15.484] send: [3b: 33 72 01]
[01/01/09 01:33:15.491] 	recv: [4b: 33 72 01 05]
[01/01/09 01:33:15.504] send: [3b: 31 72 21]
[01/01/09 01:33:15.510] 	recv: [7b: 31 72 21 00 00 00 B9]
[01/01/09 01:33:15.525] send: [3b: 33 72 01]
[01/01/09 01:33:15.531] 	recv: [4b: 33 72 01 05]
[01/01/09 01:33:15.545] send: [5b: 32 71 13 00 B4]
[01/01/09 01:33:15.552] 	recv: [3b: 32 71 13]
[01/01/09 01:33:15.564] send: [3b: 33 72 01]
[01/01/09 01:33:15.571] 	recv: [4b: 33 72 01 05]
[01/01/09 01:33:15.586] send: [3b: 33 72 01]
[01/01/09 01:33:15.592] 	recv: [4b: 33 72 01 05]
[01/01/09 01:33:15.606] send: [3b: 32 72 21]
[01/01/09 01:33:15.615] send: [3b: 33 72 01]
[01/01/09 01:33:15.615] 	recv: [7b: 32 72 21 00 00 00 42]
[01/01/09 01:33:15.620] 	recv: [4b: 33 72 01 05]
[01/01/09 01:33:15.635] send: [3b: 33 72 01]
[01/01/09 01:33:15.641] 	recv: [4b: 33 72 01 05]
[01/01/09 01:33:15.655] send: [3b: 31 72 21]
[01/01/09 01:33:15.662] 	recv: [7b: 31 72 21 00 00 00 B9]
[01/01/09 01:33:15.674] send: [3b: 33 72 01]
[01/01/09 01:33:15.680] 	recv: [4b: 33 72 01 05]
[01/01/09 01:33:15.696] send: [5b: 32 71 13 00 B4]
[01/01/09 01:33:15.703] 	recv: [3b: 32 71 13]
[01/01/09 01:33:15.714] send: [3b: 33 72 01]
[01/01/09 01:33:15.720] 	recv: [4b: 33 72 01 05]
[01/01/09 01:33:15.734] send: [3b: 33 72 01]
[01/01/09 01:33:15.739] 	recv: [4b: 33 72 01 05]
[01/01/09 01:33:15.753] send: [3b: 32 72 21]
[01/01/09 01:33:15.760] 	recv: [7b: 32 72 21 00 00 00 42]
[01/01/09 01:33:15.775] send: [5b: 31 71 13 00 64]
[01/01/09 01:33:15.781] 	recv: [3b: 31 71 13]
[01/01/09 01:33:15.797] send: [3b: 33 72 01]
[01/01/09 01:33:15.802] 	recv: [4b: 33 72 01 05]
[01/01/09 01:33:15.816] send: [3b: 33 72 01]
[01/01/09 01:33:15.823] 	recv: [4b: 33 72 01 05]
[01/01/09 01:33:15.833] send: [3b: 31 72 21]
[01/01/09 01:33:15.839] 	recv: [7b: 31 72 21 00 00 00 B9]
[01/01/09 01:33:15.854] send: [3b: 33 72 01]
[01/01/09 01:33:15.860] 	recv: [4b: 33 72 01 05]
[01/01/09 01:33:15.874] send: [5b: 32 71 13 00 B4]
[01/01/09 01:33:15.880] 	recv: [3b: 32 71 13]
[01/01/09 01:33:15.894] send: [3b: 33 72 01]
[01/01/09 01:33:15.899] 	recv: [4b: 33 72 01 05]
[01/01/09 01:33:15.914] send: [3b: 33 72 01]
[01/01/09 01:33:15.920] 	recv: [4b: 33 72 01 05]
[01/01/09 01:33:15.934] send: [3b: 32 72 21]
[01/01/09 01:33:15.941] 	recv: [7b: 32 72 21 00 00 00 42]
[01/01/09 01:33:15.954] send: [5b: 31 71 13 00 64]
[01/01/09 01:33:15.960] 	recv: [3b: 31 71 13]
[01/01/09 01:33:15.975] send: [3b: 33 72 01]
[01/01/09 01:33:15.980] 	recv: [4b: 33 72 01 05]
[01/01/09 01:33:15.993] send: [3b: 33 72 01]
[01/01/09 01:33:15.999] 	recv: [4b: 33 72 01 05]
[01/01/09 01:33:16.014] send: [3b: 31 72 21]
[01/01/09 01:33:16.021] 	recv: [7b: 31 72 21 00 00 00 B9]
[01/01/09 01:33:16.034] send: [3b: 33 72 01]
[01/01/09 01:33:16.040] 	recv: [4b: 33 72 01 05]
[01/01/09 01:33:16.054] send: [5b: 32 71 13 00 B4]
[01/01/09 01:33:16.059] 	recv: [3b: 32 71 13]
[01/01/09 01:33:16.073] send: [3b: 33 72 01]
[01/01/09 01:33:16.078] 	recv: [4b: 33 72 01 05]
[01/01/09 01:33:16.093] send: [3b: 33 72 01]
[01/01/09 01:33:16.098] 	recv: [4b: 33 72 01 05]
[01/01/09 01:33:16.113] send: [3b: 32 72 21]
[01/01/09 01:33:16.120] 	recv: [7b: 32 72 21 00 00 00 42]
[01/01/09 01:33:16.134] send: [5b: 31 71 13 00 64]
[01/01/09 01:33:16.140] 	recv: [3b: 31 71 13]
[01/01/09 01:33:16.153] send: [3b: 33 72 01]
[01/01/09 01:33:16.158] 	recv: [4b: 33 72 01 05]
[01/01/09 01:33:16.174] send: [3b: 33 72 01]
[01/01/09 01:33:16.179] 	recv: [4b: 33 72 01 05]
[01/01/09 01:33:16.193] send: [3b: 31 72 21]
[01/01/09 01:33:16.199] 	recv: [7b: 31 72 21 00 00 00 B9]
[01/01/09 01:33:16.214] send: [3b: 33 72 01]
[01/01/09 01:33:16.219] 	recv: [4b: 33 72 01 05]
[01/01/09 01:33:16.233] send: [5b: 32 71 13 00 B4]
[01/01/09 01:33:16.239] 	recv: [3b: 32 71 13]
[01/01/09 01:33:16.253] send: [3b: 33 72 01]
[01/01/09 01:33:16.258] 	recv: [4b: 33 72 01 05]
[01/01/09 01:33:16.274] send: [3b: 33 72 01]
[01/01/09 01:33:16.280] 	recv: [4b: 33 72 01 05]
[01/01/09 01:33:16.295] send: [3b: 32 72 21]
[01/01/09 01:33:16.301] 	recv: [7b: 32 72 21 00 00 00 42]
[01/01/09 01:33:16.315] send: [5b: 31 71 13 00 64]
[01/01/09 01:33:16.321] 	recv: [3b: 31 71 13]
[01/01/09 01:33:16.335] send: [3b: 33 72 01]
[01/01/09 01:33:16.340] 	recv: [4b: 33 72 01 05]
[01/01/09 01:33:16.353] send: [3b: 33 72 01]
[01/01/09 01:33:16.359] 	recv: [4b: 33 72 01 05]
[01/01/09 01:33:16.374] send: [3b: 31 72 21]
[01/01/09 01:33:16.379] 	recv: [7b: 31 72 21 00 00 00 B9]
[01/01/09 01:33:16.393] send: [3b: 33 72 01]
[01/01/09 01:33:16.398] 	recv: [4b: 33 72 01 05]
[01/01/09 01:33:16.413] send: [5b: 32 71 13 00 B4]
[01/01/09 01:33:16.419] 	recv: [3b: 32 71 13]
[01/01/09 01:33:16.434] send: [3b: 33 72 01]
[01/01/09 01:33:16.439] 	recv: [4b: 33 72 01 05]
[01/01/09 01:33:16.454] send: [3b: 33 72 01]
[01/01/09 01:33:16.459] 	recv: [4b: 33 72 01 05]
[01/01/09 01:33:16.473] send: [3b: 32 72 21]
[01/01/09 01:33:16.479] 	recv: [7b: 32 72 21 00 00 00 42]
[01/01/09 01:33:16.493] send: [5b: 31 71 13 00 64]
[01/01/09 01:33:16.498] 	recv: [3b: 31 71 13]
[01/01/09 01:33:16.515] send: [3b: 33 72 01]
[01/01/09 01:33:16.521] 	recv: [4b: 33 72 01 05]
[01/01/09 01:33:16.534] send: [3b: 33 72 01]
[01/01/09 01:33:16.540] 	recv: [4b: 33 72 01 05]
[01/01/09 01:33:16.555] send: [6b: 31 43 00 00 00 B8]
[01/01/09 01:33:16.561] 	recv: [2b: 31 43]
[01/01/09 01:33:16.574] send: [3b: 33 72 01]
[01/01/09 01:33:16.580] 	recv: [4b: 33 72 01 05]
[01/01/09 01:33:16.594] send: [5b: 32 71 13 00 B4]
[01/01/09 01:33:16.599] 	recv: [3b: 32 71 13]
[01/01/09 01:33:16.614] send: [3b: 33 72 01]
[01/01/09 01:33:16.619] 	recv: [4b: 33 72 01 05]
[01/01/09 01:33:16.634] send: [3b: 31 72 21]
[01/01/09 01:33:16.639] 	recv: [7b: 31 72 21 00 00 00 B8]
[01/01/09 01:33:16.655] send: [3b: 33 72 01]
[01/01/09 01:33:16.660] 	recv: [4b: 33 72 01 05]
[01/01/09 01:33:16.674] send: [3b: 32 72 21]
[01/01/09 01:33:16.681] 	recv: [7b: 32 72 21 00 00 00 42]
[01/01/09 01:33:16.695] send: [3b: 33 72 01]
[01/01/09 01:33:16.701] 	recv: [4b: 33 72 01 05]
[01/01/09 01:33:16.713] send: [3b: 33 72 01]
[01/01/09 01:33:16.719] 	recv: [4b: 33 72 01 05]
[01/01/09 01:33:16.733] send: [5b: 31 71 13 00 64]
[01/01/09 01:33:16.740] 	recv: [3b: 31 71 13]
[01/01/09 01:33:16.756] send: [3b: 33 72 01]
[01/01/09 01:33:16.762] 	recv: [4b: 33 72 01 05]
[01/01/09 01:33:16.774] send: [5b: 32 71 13 00 B4]
[01/01/09 01:33:16.779] 	recv: [3b: 32 71 13]
[01/01/09 01:33:16.794] send: [3b: 33 72 01]
[01/01/09 01:33:16.800] 	recv: [4b: 33 72 01 05]
[01/01/09 01:33:16.815] send: [3b: 31 72 21]
[01/01/09 01:33:16.822] 	recv: [7b: 31 72 21 00 00 00 B8]
[01/01/09 01:33:16.834] send: [3b: 33 72 01]
[01/01/09 01:33:16.840] 	recv: [4b: 33 72 01 05]
[01/01/09 01:33:16.853] send: [3b: 32 72 21]
[01/01/09 01:33:16.859] 	recv: [7b: 32 72 21 00 00 00 42]
[01/01/09 01:33:16.876] send: [3b: 33 72 01]
[01/01/09 01:33:16.882] 	recv: [4b: 33 72 01 05]
[01/01/09 01:33:16.895] send: [3b: 33 72 01]
[01/01/09 01:33:16.900] 	recv: [4b: 33 72 01 05]
[01/01/09 01:33:16.913] send: [5b: 31 71 13 00 64]
[01/01/09 01:33:16.919] 	recv: [3b: 31 71 13]
[01/01/09 01:33:16.934] send: [3b: 33 72 01]
[01/01/09 01:33:16.940] 	recv: [4b: 33 72 01 05]
[01/01/09 01:33:16.953] send: [5b: 32 71 13 00 B4]
[01/01/09 01:33:16.960] 	recv: [3b: 32 71 13]
[01/01/09 01:33:16.974] send: [3b: 33 72 01]
[01/01/09 01:33:16.980] 	recv: [4b: 33 72 01 05]
[01/01/09 01:33:16.994] send: [3b: 31 72 21]
[01/01/09 01:33:17.000] 	recv: [7b: 31 72 21 00 00 00 B8]
[01/01/09 01:33:17.015] send: [3b: 33 72 01]
[01/01/09 01:33:17.022] 	recv: [4b: 33 72 01 05]
[01/01/09 01:33:17.035] send: [3b: 32 72 21]
[01/01/09 01:33:17.043] 	recv: [7b: 32 72 21 00 00 00 42]
[01/01/09 01:33:17.056] send: [3b: 33 72 01]
[01/01/09 01:33:17.063] 	recv: [4b: 33 72 01 05]
[01/01/09 01:33:17.073] send: [3b: 33 72 01]
[01/01/09 01:33:17.080] 	recv: [4b: 33 72 01 05]
[01/01/09 01:33:17.096] send: [5b: 31 71 13 00 64]
[01/01/09 01:33:17.102] 	recv: [3b: 31 71 13]
[01/01/09 01:33:17.115] send: [3b: 33 72 01]
[01/01/09 01:33:17.122] 	recv: [4b: 33 72 01 05]
[01/01/09 01:33:17.136] send: [5b: 32 71 13 00 B4]
[01/01/09 01:33:17.142] 	recv: [3b: 32 71 13]
[01/01/09 01:33:17.156] send: [3b: 33 72 01]
[01/01/09 01:33:17.164] 	recv: [4b: 33 72 01 05]
[01/01/09 01:33:17.176] send: [3b: 31 72 21]
[01/01/09 01:33:17.182] 	recv: [7b: 31 72 21 00 00 00 B8]
[01/01/09 01:33:17.196] send: [3b: 33 72 01]
[01/01/09 01:33:17.203] 	recv: [4b: 33 72 01 05]
[01/01/09 01:33:17.213] send: [3b: 32 72 21]
[01/01/09 01:33:17.220] 	recv: [7b: 32 72 21 00 00 00 42]
[01/01/09 01:33:17.235] send: [3b: 33 72 01]
[01/01/09 01:33:17.241] 	recv: [4b: 33 72 01 05]
[01/01/09 01:33:17.254] send: [3b: 33 72 01]
[01/01/09 01:33:17.259] 	recv: [4b: 33 72 01 05]
[01/01/09 01:33:17.274] send: [5b: 31 71 13 00 64]
[01/01/09 01:33:17.280] 	recv: [3b: 31 71 13]
[01/01/09 01:33:17.294] send: [3b: 33 72 01]
[01/01/09 01:33:17.299] 	recv: [4b: 33 72 01 05]
[01/01/09 01:33:17.314] send: [5b: 32 71 13 00 B4]
[01/01/09 01:33:17.320] 	recv: [3b: 32 71 13]
[01/01/09 01:33:17.333] send: [3b: 33 72 01]
[01/01/09 01:33:17.339] 	recv: [4b: 33 72 01 05]
[01/01/09 01:33:17.354] send: [3b: 31 72 21]
[01/01/09 01:33:17.361] 	recv: [7b: 31 72 21 00 00 00 B8]
[01/01/09 01:33:17.374] send: [3b: 33 72 01]
[01/01/09 01:33:17.380] 	recv: [4b: 33 72 01 00]
[01/01/09 01:33:17.394] send: [3b: 32 72 21]
[01/01/09 01:33:17.400] 	recv: [7b: 32 72 21 00 00 00 42]
[01/01/09 01:33:17.403] send: [5b: 31 71 13 00 64]
[01/01/09 01:33:17.408] 	recv: [3b: 31 71 13]
[01/01/09 01:33:17.424] send: [5b: 33 71 13 07 6C]
[01/01/09 01:33:17.430] 	recv: [3b: 33 71 13]
[01/01/09 01:33:17.445] send: [5b: 32 71 13 00 B4]
[01/01/09 01:33:17.453] 	recv: [3b: 32 71 13]
[01/01/09 01:33:17.465] send: [3b: 31 72 21]
[01/01/09 01:33:17.473] 	recv: [7b: 31 72 21 00 00 00 B8]
[01/01/09 01:33:17.484] send: [7b: 33 71 21 00 00 00 00]
[01/01/09 01:33:17.491] 	recv: [3b: 33 71 21]
[01/01/09 01:33:17.506] send: [3b: 32 72 21]
[01/01/09 01:33:17.512] 	recv: [7b: 32 72 21 00 00 00 42]
[01/01/09 01:33:17.516] send: [5b: 31 71 13 00 64]
[01/01/09 01:33:17.521] 	recv: [3b: 31 71 13]
[01/01/09 01:33:17.536] send: [3b: 33 72 21]
[01/01/09 01:33:17.542] 	recv: [7b: 33 72 21 00 00 00 00]
[01/01/09 01:33:17.556] send: [5b: 32 71 13 00 B4]
[01/01/09 01:33:17.561] 	recv: [3b: 32 71 13]
[01/01/09 01:33:17.574] send: [6b: 31 43 00 00 00 B7]
[01/01/09 01:33:17.579] 	recv: [2b: 31 43]
[01/01/09 01:33:17.588] send: [3b: 32 72 21]
[01/01/09 01:33:17.593] 	recv: [7b: 32 72 21 00 00 00 42]
[01/01/09 01:33:17.605] send: [5b: 33 71 13 07 6C]
[01/01/09 01:33:17.610] 	recv: [3b: 33 71 13]
[01/01/09 01:33:17.624] send: [3b: 31 72 21]
[01/01/09 01:33:17.630] 	recv: [7b: 31 72 21 00 00 00 B7]
[01/01/09 01:33:17.644] send: [6b: 33 43 00 00 11 4E]
[01/01/09 01:33:17.651] 	recv: [2b: 33 43]
[01/01/09 01:33:17.668] send: [5b: 32 71 13 00 B4]
[01/01/09 01:33:17.673] 	recv: [3b: 32 71 13]
[01/01/09 01:33:17.684] send: [5b: 31 71 13 00 64]
[01/01/09 01:33:17.689] 	recv: [3b: 31 71 13]
[01/01/09 01:33:17.704] send: [3b: 33 72 21]
[01/01/09 01:33:17.711] 	recv: [7b: 33 72 21 00 00 00 0A]
[01/01/09 01:33:17.724] send: [3b: 32 72 21]
[01/01/09 01:33:17.731] 	recv: [7b: 32 72 21 00 00 00 42]
[01/01/09 01:33:17.745] send: [3b: 31 72 21]
[01/01/09 01:33:17.752] 	recv: [7b: 31 72 21 00 00 00 B7]
[01/01/09 01:33:17.764] send: [5b: 33 71 13 07 6C]
[01/01/09 01:33:17.770] 	recv: [3b: 33 71 13]
[01/01/09 01:33:17.784] send: [5b: 32 71 13 00 B4]
[01/01/09 01:33:17.790] 	recv: [3b: 32 71 13]
[01/01/09 01:33:17.805] send: [5b: 31 71 13 00 64]
[01/01/09 01:33:17.811] 	recv: [3b: 31 71 13]
[01/01/09 01:33:17.825] send: [3b: 33 72 21]
[01/01/09 01:33:17.833] 	recv: [7b: 33 72 21 00 00 00 99]
[01/01/09 01:33:17.845] send: [3b: 32 72 21]
[01/01/09 01:33:17.852] 	recv: [7b: 32 72 21 00 00 00 42]
[01/01/09 01:33:17.865] send: [3b: 31 72 21]
[01/01/09 01:33:17.872] 	recv: [7b: 31 72 21 00 00 00 B7]
[01/01/09 01:33:17.883] send: [5b: 33 71 13 07 6C]
[01/01/09 01:33:17.889] 	recv: [3b: 33 71 13]
[01/01/09 01:33:17.905] send: [5b: 32 71 13 00 B4]
[01/01/09 01:33:17.912] 	recv: [3b: 32 71 13]
[01/01/09 01:33:17.925] send: [5b: 31 71 13 00 64]
[01/01/09 01:33:17.932] 	recv: [3b: 31 71 13]
[01/01/09 01:33:17.944] send: [3b: 33 72 21]
[01/01/09 01:33:17.951] 	recv: [7b: 33 72 21 00 00 01 7A]
[01/01/09 01:33:17.966] send: [3b: 32 72 21]
[01/01/09 01:33:17.972] 	recv: [7b: 32 72 21 00 00 00 42]
[01/01/09 01:33:17.987] send: [3b: 31 72 21]
[01/01/09 01:33:17.993] 	recv: [7b: 31 72 21 00 00 00 B7]
[01/01/09 01:33:18.005] send: [5b: 33 71 13 07 6C]
[01/01/09 01:33:18.011] 	recv: [3b: 33 71 13]
[01/01/09 01:33:18.027] send: [5b: 32 71 13 00 B4]
[01/01/09 01:33:18.032] 	recv: [3b: 32 71 13]
[01/01/09 01:33:18.044] send: [5b: 31 71 13 00 64]
[01/01/09 01:33:18.050] 	recv: [3b: 31 71 13]
[01/01/09 01:33:18.064] send: [3b: 33 72 21]
[01/01/09 01:33:18.071] 	recv: [7b: 33 72 21 00 00 02 5F]
[01/01/09 01:33:18.085] send: [3b: 32 72 21]
[01/01/09 01:33:18.092] 	recv: [7b: 32 72 21 00 00 00 42]
[01/01/09 01:33:18.105] send: [3b: 31 72 21]
[01/01/09 01:33:18.112] 	recv: [7b: 31 72 21 00 00 00 B7]
[01/01/09 01:33:18.125] send: [5b: 33 71 13 07 6C]
[01/01/09 01:33:18.132] 	recv: [3b: 33 71 13]
[01/01/09 01:33:18.146] send: [5b: 32 71 13 00 B4]
[01/01/09 01:33:18.153] 	recv: [3b: 32 71 13]
[01/01/09 01:33:18.164] send: [5b: 31 71 13 00 64]
[01/01/09 01:33:18.171] 	recv: [3b: 31 71 13]
[01/01/09 01:33:18.183] send: [3b: 33 72 21]
[01/01/09 01:33:18.190] 	recv: [7b: 33 72 21 00 00 03 40]
[01/01/09 01:33:18.204] send: [3b: 32 72 21]
[01/01/09 01:33:18.211] 	recv: [7b: 32 72 21 00 00 00 42]
[01/01/09 01:33:18.224] send: [3b: 31 72 21]
[01/01/09 01:33:18.232] 	recv: [7b: 31 72 21 00 00 00 B7]
[01/01/09 01:33:18.245] send: [5b: 33 71 13 07 6C]
[01/01/09 01:33:18.251] 	recv: [3b: 33 71 13]
[01/01/09 01:33:18.264] send: [5b: 32 71 13 00 B4]
[01/01/09 01:33:18.271] 	recv: [3b: 32 71 13]
[01/01/09 01:33:18.284] send: [5b: 31 71 13 00 64]
[01/01/09 01:33:18.291] 	recv: [3b: 31 71 13]
[01/01/09 01:33:18.307] send: [3b: 33 72 21]
[01/01/09 01:33:18.313] 	recv: [7b: 33 72 21 00 00 04 2B]
[01/01/09 01:33:18.324] send: [3b: 32 72 21]
[01/01/09 01:33:18.331] 	recv: [7b: 32 72 21 00 00 00 42]
[01/01/09 01:33:18.345] send: [3b: 31 72 21]
[01/01/09 01:33:18.351] 	recv: [7b: 31 72 21 00 00 00 B7]
[01/01/09 01:33:18.364] send: [5b: 33 71 13 07 6C]
[01/01/09 01:33:18.371] 	recv: [3b: 33 71 13]
[01/01/09 01:33:18.384] send: [5b: 32 71 13 00 B4]
[01/01/09 01:33:18.390] 	recv: [3b: 32 71 13]
[01/01/09 01:33:18.404] send: [5b: 31 71 13 00 64]
[01/01/09 01:33:18.411] 	recv: [3b: 31 71 13]
[01/01/09 01:33:18.426] send: [3b: 33 72 21]
[01/01/09 01:33:18.433] 	recv: [7b: 33 72 21 00 00 05 0E]
[01/01/09 01:33:18.444] send: [3b: 32 72 21]
[01/01/09 01:33:18.451] 	recv: [7b: 32 72 21 00 00 00 42]
[01/01/09 01:33:18.464] send: [3b: 31 72 21]
[01/01/09 01:33:18.471] 	recv: [7b: 31 72 21 00 00 00 B7]
[01/01/09 01:33:18.485] send: [5b: 33 71 13 07 6C]
[01/01/09 01:33:18.491] 	recv: [3b: 33 71 13]
[01/01/09 01:33:18.504] send: [5b: 32 71 13 00 B4]
[01/01/09 01:33:18.510] 	recv: [3b: 32 71 13]
[01/01/09 01:33:18.524] send: [5b: 31 71 13 00 64]
[01/01/09 01:33:18.531] 	recv: [3b: 31 71 13]
[01/01/09 01:33:18.543] send: [3b: 33 72 21]
[01/01/09 01:33:18.549] 	recv: [7b: 33 72 21 00 00 05 EB]
[01/01/09 01:33:18.567] send: [3b: 32 72 21]
[01/01/09 01:33:18.576] 	recv: [7b: 32 72 21 00 00 00 42]
[01/01/09 01:33:18.584] send: [6b: 31 43 00 00 00 B6]
[01/01/09 01:33:18.590] 	recv: [2b: 31 43]
[01/01/09 01:33:18.607] send: [5b: 33 71 13 07 6C]
[01/01/09 01:33:18.613] 	recv: [3b: 33 71 13]
[01/01/09 01:33:18.624] send: [5b: 32 71 13 00 B4]
[01/01/09 01:33:18.630] 	recv: [3b: 32 71 13]
[01/01/09 01:33:18.647] send: [3b: 31 72 21]
[01/01/09 01:33:18.653] 	recv: [7b: 31 72 21 00 00 00 B6]
[01/01/09 01:33:18.665] send: [3b: 33 72 21]
[01/01/09 01:33:18.670] 	recv: [7b: 33 72 21 00 00 06 D2]
[01/01/09 01:33:18.685] send: [3b: 32 72 21]
[01/01/09 01:33:18.691] 	recv: [7b: 32 72 21 00 00 00 42]
[01/01/09 01:33:18.705] send: [5b: 31 71 13 00 64]
[01/01/09 01:33:18.711] 	recv: [3b: 31 71 13]
[01/01/09 01:33:18.725] send: [5b: 33 71 13 07 6C]
[01/01/09 01:33:18.732] 	recv: [3b: 33 71 13]
[01/01/09 01:33:18.744] send: [5b: 32 71 13 00 B4]
[01/01/09 01:33:18.751] 	recv: [3b: 32 71 13]
[01/01/09 01:33:18.763] send: [3b: 31 72 21]
[01/01/09 01:33:18.769] 	recv: [7b: 31 72 21 00 00 00 B6]
[01/01/09 01:33:18.776] send: [3b: 33 72 21]
[01/01/09 01:33:18.787] 	recv: [7b: 33 72 21 00 00 07 A8]
[01/01/09 01:33:18.797] send: [3b: 32 72 21]
[01/01/09 01:33:18.803] 	recv: [7b: 32 72 21 00 00 00 42]
[01/01/09 01:33:18.816] send: [5b: 31 71 13 00 64]
[01/01/09 01:33:18.823] 	recv: [3b: 31 71 13]
[01/01/09 01:33:18.833] send: [5b: 33 71 13 07 6C]
[01/01/09 01:33:18.839] 	recv: [3b: 33 71 13]
[01/01/09 01:33:18.853] send: [3b: 31 72 21]
[01/01/09 01:33:18.860] 	recv: [7b: 31 72 21 00 00 00 B6]
[01/01/09 01:33:18.874] send: [5b: 32 71 13 00 B4]
[01/01/09 01:33:18.881] 	recv: [3b: 32 71 13]
[01/01/09 01:33:18.894] send: [3b: 33 72 21]
[01/01/09 01:33:18.902] 	recv: [7b: 33 72 21 00 00 08 88]
[01/01/09 01:33:18.914] send: [3b: 32 72 21]
[01/01/09 01:33:18.922] 	recv: [7b: 32 72 21 00 00 00 42]
[01/01/09 01:33:18.937] send: [5b: 31 71 13 00 64]
[01/01/09 01:33:18.942] 	recv: [3b: 31 71 13]
[01/01/09 01:33:18.955] send: [5b: 33 71 13 07 6C]
[01/01/09 01:33:18.961] 	recv: [3b: 33 71 13]
[01/01/09 01:33:18.973] send: [3b: 31 72 21]
[01/01/09 01:33:18.982] 	recv: [7b: 31 72 21 00 00 00 B6]
[01/01/09 01:33:18.994] send: [5b: 32 71 13 00 B4]
[01/01/09 01:33:19.001] 	recv: [3b: 32 71 13]
[01/01/09 01:33:19.014] send: [3b: 33 72 21]
[01/01/09 01:33:19.020] 	recv: [7b: 33 72 21 00 00 09 69]
[01/01/09 01:33:19.034] send: [3b: 32 72 21]
[01/01/09 01:33:19.041] 	recv: [7b: 32 72 21 00 00 00 42]
[01/01/09 01:33:19.054] send: [5b: 31 71 13 00 64]
[01/01/09 01:33:19.061] 	recv: [3b: 31 71 13]
[01/01/09 01:33:19.074] send: [5b: 33 71 13 07 6C]
[01/01/09 01:33:19.082] 	recv: [3b: 33 71 13]
[01/01/09 01:33:19.094] send: [3b: 31 72 21]
[01/01/09 01:33:19.101] 	recv: [7b: 31 72 21 00 00 00 B6]
[01/01/09 01:33:19.114] send: [5b: 32 71 13 00 B4]
[01/01/09 01:33:19.120] 	recv: [3b: 32 71 13]
[01/01/09 01:33:19.134] send: [3b: 33 72 21]
[01/01/09 01:33:19.141] 	recv: [7b: 33 72 21 00 00 0A 50]
[01/01/09 01:33:19.154] send: [3b: 32 72 21]
[01/01/09 01:33:19.162] 	recv: [7b: 32 72 21 00 00 00 42]
[01/01/09 01:33:19.174] send: [5b: 31 71 13 00 64]
[01/01/09 01:33:19.181] 	recv: [3b: 31 71 13]
[01/01/09 01:33:19.195] send: [5b: 33 71 13 07 6C]
[01/01/09 01:33:19.202] 	recv: [3b: 33 71 13]
[01/01/09 01:33:19.214] send: [3b: 31 72 21]
[01/01/09 01:33:19.222] 	recv: [7b: 31 72 21 00 00 00 B6]
[01/01/09 01:33:19.234] send: [5b: 32 71 13 00 B4]
[01/01/09 01:33:19.240] 	recv: [3b: 32 71 13]
[01/01/09 01:33:19.254] send: [3b: 33 72 21]
[01/01/09 01:33:19.261] 	recv: [7b: 33 72 21 00 00 0B 34]
[01/01/09 01:33:19.274] send: [3b: 32 72 21]
[01/01/09 01:33:19.282] 	recv: [7b: 32 72 21 00 00 00 42]
[01/01/09 01:33:19.294] send: [5b: 31 71 13 00 64]
[01/01/09 01:33:19.301] 	recv: [3b: 31 71 13]
[01/01/09 01:33:19.314] send: [5b: 33 71 13 07 6C]
[01/01/09 01:33:19.321] 	recv: [3b: 33 71 13]
[01/01/09 01:33:19.334] send: [3b: 31 72 21]
[01/01/09 01:33:19.342] 	recv: [7b: 31 72 21 00 00 00 B6]
[01/01/09 01:33:19.354] send: [5b: 32 71 13 00 B4]
[01/01/09 01:33:19.362] 	recv: [3b: 32 71 13]
[01/01/09 01:33:19.374] send: [3b: 33 72 21]
[01/01/09 01:33:19.381] 	recv: [7b: 33 72 21 00 00 0C 17]
[01/01/09 01:33:19.396] send: [3b: 32 72 21]
[01/01/09 01:33:19.403] 	recv: [7b: 32 72 21 00 00 00 42]
[01/01/09 01:33:19.414] send: [5b: 31 71 13 00 64]
[01/01/09 01:33:19.421] 	recv: [3b: 31 71 13]
[01/01/09 01:33:19.435] send: [5b: 33 71 13 07 6C]
[01/01/09 01:33:19.442] 	recv: [3b: 33 71 13]
[01/01/09 01:33:19.454] send: [3b: 31 72 21]
[01/01/09 01:33:19.463] 	recv: [7b: 31 72 21 00 00 00 B6]
[01/01/09 01:33:19.474] send: [5b: 32 71 13 00 B4]
[01/01/09 01:33:19.481] 	recv: [3b: 32 71 13]
[01/01/09 01:33:19.494] send: [3b: 33 72 21]
[01/01/09 01:33:19.501] 	recv: [7b: 33 72 21 00 00 0C FB]
[01/01/09 01:33:19.514] send: [3b: 32 72 21]
[01/01/09 01:33:19.521] 	recv: [7b: 32 72 21 00 00 00 42]
[01/01/09 01:33:19.535] send: [5b: 31 71 13 00 64]
[01/01/09 01:33:19.543] 	recv: [3b: 31 71 13]
[01/01/09 01:33:19.554] send: [5b: 33 71 13 07 6C]
[01/01/09 01:33:19.559] 	recv: [3b: 33 71 13]
[01/01/09 01:33:19.574] send: [6b: 31 43 00 00 00 B5]
[01/01/09 01:33:19.580] 	recv: [2b: 31 43]
[01/01/09 01:33:19.588] send: [5b: 32 71 13 00 B4]
[01/01/09 01:33:19.594] 	recv: [3b: 32 71 13]
[01/01/09 01:33:19.603] send: [3b: 33 72 21]
[01/01/09 01:33:19.611] 	recv: [7b: 33 72 21 00 00 0D CB]
[01/01/09 01:33:19.624] send: [3b: 31 72 21]
[01/01/09 01:33:19.632] 	recv: [7b: 31 72 21 00 00 00 B5]
[01/01/09 01:33:19.644] send: [3b: 32 72 21]
[01/01/09 01:33:19.652] 	recv: [7b: 32 72 21 00 00 00 42]
[01/01/09 01:33:19.655] send: [5b: 31 71 13 00 64]
[01/01/09 01:33:19.660] 	recv: [3b: 31 71 13]
[01/01/09 01:33:19.674] send: [5b: 33 71 13 07 6C]
[01/01/09 01:33:19.680] 	recv: [3b: 33 71 13]
[01/01/09 01:33:19.696] send: [5b: 32 71 13 00 B4]
[01/01/09 01:33:19.701] 	recv: [3b: 32 71 13]
[01/01/09 01:33:19.713] send: [3b: 31 72 21]
[01/01/09 01:33:19.719] 	recv: [7b: 31 72 21 00 00 00 B5]
[01/01/09 01:33:19.734] send: [3b: 33 72 21]
[01/01/09 01:33:19.740] 	recv: [7b: 33 72 21 00 00 0E C3]
[01/01/09 01:33:19.753] send: [3b: 32 72 21]
[01/01/09 01:33:19.760] 	recv: [7b: 32 72 21 00 00 00 42]
[01/01/09 01:33:19.762] send: [5b: 31 71 13 00 64]
[01/01/09 01:33:19.767] 	recv: [3b: 31 71 13]
[01/01/09 01:33:19.775] send: [5b: 32 71 13 00 B4]
[01/01/09 01:33:19.780] 	recv: [3b: 32 71 13]
[01/01/09 01:33:19.793] send: [5b: 33 71 13 07 6C]
[01/01/09 01:33:19.799] 	recv: [3b: 33 71 13]
[01/01/09 01:33:19.814] send: [3b: 31 72 21]
[01/01/09 01:33:19.821] 	recv: [7b: 31 72 21 00 00 00 B5]
[01/01/09 01:33:19.834] send: [3b: 32 72 21]
[01/01/09 01:33:19.841] 	recv: [7b: 32 72 21 00 00 00 42]
[01/01/09 01:33:19.855] send: [3b: 33 72 21]
[01/01/09 01:33:19.861] 	recv: [7b: 33 72 21 00 00 0F A8]
[01/01/09 01:33:19.864] send: [5b: 32 71 13 00 B4]
[01/01/09 01:33:19.871] 	recv: [3b: 32 71 13]
[01/01/09 01:33:19.885] send: [5b: 31 71 13 00 64]
[01/01/09 01:33:19.893] 	recv: [3b: 31 71 13]
[01/01/09 01:33:19.904] send: [5b: 33 71 13 04 EC]
[01/01/09 01:33:19.911] 	recv: [3b: 33 71 13]
[01/01/09 01:33:19.924] send: [3b: 32 72 21]
[01/01/09 01:33:19.931] 	recv: [7b: 32 72 21 00 00 00 42]
[01/01/09 01:33:19.944] send: [3b: 31 72 21]
[01/01/09 01:33:19.951] 	recv: [7b: 31 72 21 00 00 00 B5]
[01/01/09 01:33:19.964] send: [3b: 33 72 21]
[01/01/09 01:33:19.971] 	recv: [7b: 33 72 21 00 00 10 58]
[01/01/09 01:33:19.975] send: [5b: 32 71 13 00 B4]
[01/01/09 01:33:19.980] 	recv: [3b: 32 71 13]
[01/01/09 01:33:19.994] send: [5b: 33 71 13 02 D0]
[01/01/09 01:33:19.999] 	recv: [3b: 33 71 13]
[01/01/09 01:33:20.014] send: [5b: 31 71 13 00 64]
[01/01/09 01:33:20.021] 	recv: [3b: 31 71 13]
[01/01/09 01:33:20.034] send: [3b: 32 72 21]
[01/01/09 01:33:20.041] 	recv: [7b: 32 72 21 00 00 00 42]
[01/01/09 01:33:20.054] send: [3b: 33 72 21]
[01/01/09 01:33:20.061] 	recv: [7b: 33 72 21 00 00 10 AF]
[01/01/09 01:33:20.075] send: [3b: 31 72 21]
[01/01/09 01:33:20.082] 	recv: [7b: 31 72 21 00 00 00 B5]
[01/01/09 01:33:20.084] send: [5b: 33 71 13 01 CC]
[01/01/09 01:33:20.090] 	recv: [3b: 33 71 13]
[01/01/09 01:33:20.105] send: [5b: 32 71 13 00 B4]
[01/01/09 01:33:20.111] 	recv: [3b: 32 71 13]
[01/01/09 01:33:20.125] send: [5b: 31 71 13 00 64]
[01/01/09 01:33:20.131] 	recv: [3b: 31 71 13]
[01/01/09 01:33:20.145] send: [3b: 33 72 21]
[01/01/09 01:33:20.152] 	recv: [7b: 33 72 21 00 00 10 E3]
[01/01/09 01:33:20.165] send: [3b: 32 72 21]
[01/01/09 01:33:20.172] 	recv: [7b: 32 72 21 00 00 00 42]
[01/01/09 01:33:20.184] send: [3b: 31 72 21]
[01/01/09 01:33:20.192] 	recv: [7b: 31 72 21 00 00 00 B5]
[01/01/09 01:33:20.194] send: [5b: 33 71 13 01 40]
[01/01/09 01:33:20.199] 	recv: [3b: 33 71 13]
[01/01/09 01:33:20.216] send: [5b: 31 71 13 00 64]
[01/01/09 01:33:20.222] 	recv: [3b: 31 71 13]
[01/01/09 01:33:20.236] send: [5b: 32 71 13 00 B4]
[01/01/09 01:33:20.243] 	recv: [3b: 32 71 13]
[01/01/09 01:33:20.258] send: [3b: 33 72 21]
[01/01/09 01:33:20.264] 	recv: [7b: 33 72 21 00 00 11 0F]
[01/01/09 01:33:20.276] send: [3b: 31 72 21]
[01/01/09 01:33:20.283] 	recv: [7b: 31 72 21 00 00 00 B5]
[01/01/09 01:33:20.296] send: [3b: 32 72 21]
[01/01/09 01:33:20.302] 	recv: [7b: 32 72 21 00 00 00 42]
[01/01/09 01:33:20.304] send: [5b: 31 71 13 00 64]
[01/01/09 01:33:20.309] 	recv: [3b: 31 71 13]
[01/01/09 01:33:20.326] send: [5b: 33 71 13 00 B4]
[01/01/09 01:33:20.332] 	recv: [3b: 33 71 13]
[01/01/09 01:33:20.345] send: [5b: 32 71 13 00 B4]
[01/01/09 01:33:20.351] 	recv: [3b: 32 71 13]
[01/01/09 01:33:20.366] send: [3b: 31 72 21]
[01/01/09 01:33:20.375] send: [3b: 32 72 21]
[01/01/09 01:33:20.375] 	recv: [7b: 31 72 21 00 00 00 B5]
[01/01/09 01:33:20.380] 	recv: [7b: 32 72 21 00 00 00 42]
[01/01/09 01:33:20.383] send: [5b: 31 71 13 00 64]
[01/01/09 01:33:20.388] 	recv: [3b: 31 71 13]
[01/01/09 01:33:20.396] send: [5b: 32 71 13 00 B4]
[01/01/09 01:33:20.401] 	recv: [3b: 32 71 13]
[01/01/09 01:33:20.415] send: [5b: 33 71 13 00 B4]
[01/01/09 01:33:20.420] 	recv: [3b: 33 71 13]
[01/01/09 01:33:20.433] send: [3b: 31 72 21]
[01/01/09 01:33:20.439] 	recv: [7b: 31 72 21 00 00 00 B5]
[01/01/09 01:33:20.455] send: [3b: 32 72 21]
[01/01/09 01:33:20.460] 	recv: [7b: 32 72 21 00 00 00 42]
[01/01/09 01:33:20.474] send: [3b: 33 72 21]
[01/01/09 01:33:20.480] 	recv: [7b: 33 72 21 00 00 11 41]
[01/01/09 01:33:20.482] send: [5b: 32 71 13 00 B4]
[01/01/09 01:33:20.487] 	recv: [3b: 32 71 13]
[01/01/09 01:33:20.504] send: [5b: 31 71 13 00 64]
[01/01/09 01:33:20.511] 	recv: [3b: 31 71 13]
[01/01/09 01:33:20.524] send: [5b: 33 71 13 00 64]
[01/01/09 01:33:20.531] 	recv: [3b: 33 71 13]
[01/01/09 01:33:20.546] send: [3b: 32 72 21]
[01/01/09 01:33:20.555] send: [3b: 33 72 21]
[01/01/09 01:33:20.555] 	recv: [7b: 32 72 21 00 00 00 42]
[01/01/09 01:33:20.562] 	recv: [7b: 33 72 21 00 00 11 4E]
[01/01/09 01:33:20.564] send: [5b: 32 71 13 00 B4]
[01/01/09 01:33:20.569] 	recv: [3b: 32 71 13]
[01/01/09 01:33:20.587] send: [5b: 33 71 13 00 64]
[01/01/09 01:33:20.592] 	recv: [3b: 33 71 13]
[01/01/09 01:33:20.605] send: [5b: 31 71 13 00 64]
[01/01/09 01:33:20.612] 	recv: [3b: 31 71 13]
[01/01/09 01:33:20.624] send: [3b: 32 72 21]
[01/01/09 01:33:20.630] 	recv: [7b: 32 72 21 00 00 00 42]
[01/01/09 01:33:20.643] send: [3b: 33 72 21]
[01/01/09 01:33:20.650] 	recv: [7b: 33 72 21 00 00 11 4E]
[01/01/09 01:33:20.664] send: [6b: 31 43 00 00 00 B4]
[01/01/09 01:33:20.669] 	recv: [2b: 31 43]
[01/01/09 01:33:20.672] send: [3b: 31 72 21]
[01/01/09 01:33:20.677] 	recv: [7b: 31 72 21 00 00 00 B5]
[01/01/09 01:33:20.684] send: [5b: 33 71 13 00 64]
[01/01/09 01:33:20.690] 	recv: [3b: 33 71 13]
[01/01/09 01:33:20.705] error: bus thread interrupted
[01/01/09 01:33:20.736] resources: ut=0.15 st=0.06
[01/01/09 01:33:20.736] log finished
