[01/01/09 01:33:07.329] log started
[01/01/09 01:33:07.329] 	[ BusInterface ]
[01/01/09 01:33:07.329] 	cycle = 50
[01/01/09 01:33:07.330] 	delayWriteTime = 6
[01/01/09 01:33:07.330] 	href = cout_4010
[01/01/09 01:33:07.330] 	interface = ethernet
[01/01/09 01:33:07.330] 	localAddr = 10.0.0.1
[01/01/09 01:33:07.330] 	localPort = 4010
[01/01/09 01:33:07.330] 	log:path = 
[01/01/09 01:33:07.330] 	log:size = 
[01/01/09 01:33:07.330] 	log:type = info
[01/01/09 01:33:07.330] 	name = TCP/UDP/UnixSocket Network Bus
[01/01/09 01:33:07.330] 	protocol = udp
[01/01/09 01:33:07.330] 	remoteAddr = 10.0.0.2
[01/01/09 01:33:07.330] 	remotePort = 4010
[01/01/09 01:33:07.330] 	sym = bus_4010
[01/01/09 01:33:07.330] 	type = ethernet
[01/01/09 01:33:07.330] 	vendor = Spetstekhnika
[01/01/09 01:33:07.330] 	writeDelay = async
[01/01/09 01:33:07.330] tid = 6421
[01/01/09 01:33:07.346] udp connection started (cycle=50, receive size=10240)
[01/01/09 01:33:07.346] 	local  = 10.0.0.1:4010
[01/01/09 01:33:07.346] 	remote = 10.0.0.2:4010
[01/01/09 01:33:07.346] 	SO_RCVBUF = 63488
[01/01/09 01:33:07.346] 	SO_SNDBUF = 63488
[01/01/09 01:33:07.366] send: [5b: 02 46 00 E2 60]
[01/01/09 01:33:07.372] 	recv: [9b: 02 46 00 00 70 45 00 05 2D]
[01/01/09 01:33:07.385] send: [5b: 03 46 00 B3 A0]
[01/01/09 01:33:07.390] 	recv: [9b: 03 46 00 00 70 45 00 15 ED]
[01/01/09 01:33:07.408] send: [11b: 02 0F 00 00 00 0C 02 23 0E 69 B4]
[01/01/09 01:33:07.414] 	recv: [8b: 02 0F 00 00 00 0C 55 FD]
[01/01/09 01:33:07.428] send: [10b: 03 0F 00 00 00 08 01 37 3E 9A]
[01/01/09 01:33:07.435] 	recv: [8b: 03 0F 00 00 00 08 55 EF]
[01/01/09 01:33:07.665] send: [11b: 02 0F 00 00 00 0C 02 23 0E 69 B4]
[01/01/09 01:33:07.672] 	recv: [8b: 02 0F 00 00 00 0C 55 FD]
[01/01/09 01:33:07.684] send: [10b: 03 0F 00 00 00 08 01 37 3E 9A]
[01/01/09 01:33:07.692] 	recv: [8b: 03 0F 00 00 00 08 55 EF]
[01/01/09 01:33:07.906] send: [11b: 02 0F 00 00 00 0C 02 23 0E 69 B4]
[01/01/09 01:33:07.913] 	recv: [8b: 02 0F 00 00 00 0C 55 FD]
[01/01/09 01:33:07.924] send: [10b: 03 0F 00 00 00 08 01 37 3E 9A]
[01/01/09 01:33:07.932] 	recv: [8b: 03 0F 00 00 00 08 55 EF]
[01/01/09 01:33:08.146] send: [11b: 02 0F 00 00 00 0C 02 23 0E 69 B4]
[01/01/09 01:33:08.153] 	recv: [8b: 02 0F 00 00 00 0C 55 FD]
[01/01/09 01:33:08.163] send: [10b: 03 0F 00 00 00 08 01 37 3E 9A]
[01/01/09 01:33:08.171] 	recv: [8b: 03 0F 00 00 00 08 55 EF]
[01/01/09 01:33:08.416] send: [11b: 02 0F 00 00 00 0C 02 23 0E 69 B4]
[01/01/09 01:33:08.424] 	recv: [8b: 02 0F 00 00 00 0C 55 FD]
[01/01/09 01:33:08.436] send: [10b: 03 0F 00 00 00 08 01 37 3E 9A]
[01/01/09 01:33:08.444] 	recv: [8b: 03 0F 00 00 00 08 55 EF]
[01/01/09 01:33:08.675] send: [11b: 02 0F 00 00 00 0C 02 23 0E 69 B4]
[01/01/09 01:33:08.682] 	recv: [8b: 02 0F 00 00 00 0C 55 FD]
[01/01/09 01:33:08.694] send: [10b: 03 0F 00 00 00 08 01 37 3E 9A]
[01/01/09 01:33:08.701] 	recv: [8b: 03 0F 00 00 00 08 55 EF]
[01/01/09 01:33:08.914] send: [11b: 02 0F 00 00 00 0C 02 23 0E 69 B4]
[01/01/09 01:33:08.922] 	recv: [8b: 02 0F 00 00 00 0C 55 FD]
[01/01/09 01:33:08.935] send: [10b: 03 0F 00 00 00 08 01 37 3E 9A]
[01/01/09 01:33:08.942] 	recv: [8b: 03 0F 00 00 00 08 55 EF]
[01/01/09 01:33:09.154] send: [11b: 02 0F 00 00 00 0C 02 23 0E 69 B4]
[01/01/09 01:33:09.161] 	recv: [8b: 02 0F 00 00 00 0C 55 FD]
[01/01/09 01:33:09.175] send: [10b: 03 0F 00 00 00 08 01 37 3E 9A]
[01/01/09 01:33:09.182] 	recv: [8b: 03 0F 00 00 00 08 55 EF]
[01/01/09 01:33:09.395] send: [11b: 02 0F 00 00 00 0C 02 23 0E 69 B4]
[01/01/09 01:33:09.403] 	recv: [8b: 02 0F 00 00 00 0C 55 FD]
[01/01/09 01:33:09.415] send: [10b: 03 0F 00 00 00 08 01 37 3E 9A]
[01/01/09 01:33:09.422] 	recv: [8b: 03 0F 00 00 00 08 55 EF]
[01/01/09 01:33:09.634] send: [11b: 02 0F 00 00 00 0C 02 23 0E 69 B4]
[01/01/09 01:33:09.642] 	recv: [8b: 02 0F 00 00 00 0C 55 FD]
[01/01/09 01:33:09.655] send: [10b: 03 0F 00 00 00 08 01 37 3E 9A]
[01/01/09 01:33:09.663] 	recv: [8b: 03 0F 00 00 00 08 55 EF]
[01/01/09 01:33:09.874] send: [11b: 02 0F 00 00 00 0C 02 23 0E 69 B4]
[01/01/09 01:33:09.882] 	recv: [8b: 02 0F 00 00 00 0C 55 FD]
[01/01/09 01:33:09.894] send: [10b: 03 0F 00 00 00 08 01 37 3E 9A]
[01/01/09 01:33:09.901] 	recv: [8b: 03 0F 00 00 00 08 55 EF]
[01/01/09 01:33:10.116] send: [11b: 02 0F 00 00 00 0C 02 23 0E 69 B4]
[01/01/09 01:33:10.124] 	recv: [8b: 02 0F 00 00 00 0C 55 FD]
[01/01/09 01:33:10.134] send: [10b: 03 0F 00 00 00 08 01 37 3E 9A]
[01/01/09 01:33:10.141] 	recv: [8b: 03 0F 00 00 00 08 55 EF]
[01/01/09 01:33:10.354] send: [11b: 02 0F 00 00 00 0C 02 23 0E 69 B4]
[01/01/09 01:33:10.361] 	recv: [8b: 02 0F 00 00 00 0C 55 FD]
[01/01/09 01:33:10.374] send: [10b: 03 0F 00 00 00 08 01 37 3E 9A]
[01/01/09 01:33:10.381] 	recv: [8b: 03 0F 00 00 00 08 55 EF]
[01/01/09 01:33:10.606] send: [11b: 02 0F 00 00 00 0C 02 23 0E 69 B4]
[01/01/09 01:33:10.613] 	recv: [8b: 02 0F 00 00 00 0C 55 FD]
[01/01/09 01:33:10.625] send: [10b: 03 0F 00 00 00 08 01 37 3E 9A]
[01/01/09 01:33:10.633] 	recv: [8b: 03 0F 00 00 00 08 55 EF]
[01/01/09 01:33:10.845] send: [11b: 02 0F 00 00 00 0C 02 23 0E 69 B4]
[01/01/09 01:33:10.853] 	recv: [8b: 02 0F 00 00 00 0C 55 FD]
[01/01/09 01:33:10.864] send: [10b: 03 0F 00 00 00 08 01 37 3E 9A]
[01/01/09 01:33:10.872] 	recv: [8b: 03 0F 00 00 00 08 55 EF]
[01/01/09 01:33:11.086] send: [11b: 02 0F 00 00 00 0C 02 23 0E 69 B4]
[01/01/09 01:33:11.093] 	recv: [8b: 02 0F 00 00 00 0C 55 FD]
[01/01/09 01:33:11.105] send: [10b: 03 0F 00 00 00 08 01 37 3E 9A]
[01/01/09 01:33:11.112] 	recv: [8b: 03 0F 00 00 00 08 55 EF]
[01/01/09 01:33:11.334] send: [11b: 02 0F 00 00 00 0C 02 23 0E 69 B4]
[01/01/09 01:33:11.341] 	recv: [8b: 02 0F 00 00 00 0C 55 FD]
[01/01/09 01:33:11.354] send: [10b: 03 0F 00 00 00 08 01 37 3E 9A]
[01/01/09 01:33:11.361] 	recv: [8b: 03 0F 00 00 00 08 55 EF]
[01/01/09 01:33:11.574] send: [11b: 02 0F 00 00 00 0C 02 23 0E 69 B4]
[01/01/09 01:33:11.581] 	recv: [8b: 02 0F 00 00 00 0C 55 FD]
[01/01/09 01:33:11.595] send: [10b: 03 0F 00 00 00 08 01 37 3E 9A]
[01/01/09 01:33:11.602] 	recv: [8b: 03 0F 00 00 00 08 55 EF]
[01/01/09 01:33:11.816] send: [11b: 02 0F 00 00 00 0C 02 23 0E 69 B4]
[01/01/09 01:33:11.823] 	recv: [8b: 02 0F 00 00 00 0C 55 FD]
[01/01/09 01:33:11.834] send: [10b: 03 0F 00 00 00 08 01 37 3E 9A]
[01/01/09 01:33:11.842] 	recv: [8b: 03 0F 00 00 00 08 55 EF]
[01/01/09 01:33:12.066] send: [11b: 02 0F 00 00 00 0C 02 23 0E 69 B4]
[01/01/09 01:33:12.073] 	recv: [8b: 02 0F 00 00 00 0C 55 FD]
[01/01/09 01:33:12.084] send: [10b: 03 0F 00 00 00 08 01 37 3E 9A]
[01/01/09 01:33:12.092] 	recv: [8b: 03 0F 00 00 00 08 55 EF]
[01/01/09 01:33:12.327] send: [11b: 02 0F 00 00 00 0C 02 23 0E 69 B4]
[01/01/09 01:33:12.334] 	recv: [8b: 02 0F 00 00 00 0C 55 FD]
[01/01/09 01:33:12.346] send: [10b: 03 0F 00 00 00 08 01 37 3E 9A]
[01/01/09 01:33:12.353] 	recv: [8b: 03 0F 00 00 00 08 55 EF]
[01/01/09 01:33:12.564] send: [11b: 02 0F 00 00 00 0C 02 23 0E 69 B4]
[01/01/09 01:33:12.571] 	recv: [8b: 02 0F 00 00 00 0C 55 FD]
[01/01/09 01:33:12.584] send: [10b: 03 0F 00 00 00 08 01 37 3E 9A]
[01/01/09 01:33:12.592] 	recv: [8b: 03 0F 00 00 00 08 55 EF]
[01/01/09 01:33:12.805] send: [11b: 02 0F 00 00 00 0C 02 23 0E 69 B4]
[01/01/09 01:33:12.813] 	recv: [8b: 02 0F 00 00 00 0C 55 FD]
[01/01/09 01:33:12.825] send: [10b: 03 0F 00 00 00 08 01 37 3E 9A]
[01/01/09 01:33:12.833] 	recv: [8b: 03 0F 00 00 00 08 55 EF]
[01/01/09 01:33:13.045] send: [11b: 02 0F 00 00 00 0C 02 23 0E 69 B4]
[01/01/09 01:33:13.052] 	recv: [8b: 02 0F 00 00 00 0C 55 FD]
[01/01/09 01:33:13.065] send: [10b: 03 0F 00 00 00 08 01 37 3E 9A]
[01/01/09 01:33:13.072] 	recv: [8b: 03 0F 00 00 00 08 55 EF]
[01/01/09 01:33:13.284] send: [11b: 02 0F 00 00 00 0C 02 23 0E 69 B4]
[01/01/09 01:33:13.292] 	recv: [8b: 02 0F 00 00 00 0C 55 FD]
[01/01/09 01:33:13.304] send: [10b: 03 0F 00 00 00 08 01 37 3E 9A]
[01/01/09 01:33:13.312] 	recv: [8b: 03 0F 00 00 00 08 55 EF]
[01/01/09 01:33:13.525] send: [11b: 02 0F 00 00 00 0C 02 23 0E 69 B4]
[01/01/09 01:33:13.532] 	recv: [8b: 02 0F 00 00 00 0C 55 FD]
[01/01/09 01:33:13.544] send: [10b: 03 0F 00 00 00 08 01 37 3E 9A]
[01/01/09 01:33:13.553] 	recv: [8b: 03 0F 00 00 00 08 55 EF]
[01/01/09 01:33:13.765] send: [11b: 02 0F 00 00 00 0C 02 23 0E 69 B4]
[01/01/09 01:33:13.773] 	recv: [8b: 02 0F 00 00 00 0C 55 FD]
[01/01/09 01:33:13.784] send: [10b: 03 0F 00 00 00 08 01 37 3E 9A]
[01/01/09 01:33:13.792] 	recv: [8b: 03 0F 00 00 00 08 55 EF]
[01/01/09 01:33:14.008] send: [11b: 02 0F 00 00 00 0C 02 23 0E 69 B4]
[01/01/09 01:33:14.016] 	recv: [8b: 02 0F 00 00 00 0C 55 FD]
[01/01/09 01:33:14.024] send: [10b: 03 0F 00 00 00 08 01 37 3E 9A]
[01/01/09 01:33:14.032] 	recv: [8b: 03 0F 00 00 00 08 55 EF]
[01/01/09 01:33:14.265] send: [11b: 02 0F 00 00 00 0C 02 23 0E 69 B4]
[01/01/09 01:33:14.274] 	recv: [8b: 02 0F 00 00 00 0C 55 FD]
[01/01/09 01:33:14.284] send: [10b: 03 0F 00 00 00 08 01 37 3E 9A]
[01/01/09 01:33:14.293] 	recv: [8b: 03 0F 00 00 00 08 55 EF]
[01/01/09 01:33:14.506] send: [11b: 02 0F 00 00 00 0C 02 23 0E 69 B4]
[01/01/09 01:33:14.513] 	recv: [8b: 02 0F 00 00 00 0C 55 FD]
[01/01/09 01:33:14.525] send: [10b: 03 0F 00 00 00 08 01 37 3E 9A]
[01/01/09 01:33:14.533] 	recv: [8b: 03 0F 00 00 00 08 55 EF]
[01/01/09 01:33:14.755] send: [11b: 02 0F 00 00 00 0C 02 23 0E 69 B4]
[01/01/09 01:33:14.763] 	recv: [8b: 02 0F 00 00 00 0C 55 FD]
[01/01/09 01:33:14.775] send: [10b: 03 0F 00 00 00 08 01 37 3E 9A]
[01/01/09 01:33:14.783] 	recv: [8b: 03 0F 00 00 00 08 55 EF]
[01/01/09 01:33:14.996] send: [11b: 02 0F 00 00 00 0C 02 23 0E 69 B4]
[01/01/09 01:33:15.003] 	recv: [8b: 02 0F 00 00 00 0C 55 FD]
[01/01/09 01:33:15.014] send: [10b: 03 0F 00 00 00 08 01 37 3E 9A]
[01/01/09 01:33:15.022] 	recv: [8b: 03 0F 00 00 00 08 55 EF]
[01/01/09 01:33:15.246] send: [11b: 02 0F 00 00 00 0C 02 23 0E 69 B4]
[01/01/09 01:33:15.253] 	recv: [8b: 02 0F 00 00 00 0C 55 FD]
[01/01/09 01:33:15.266] send: [10b: 03 0F 00 00 00 08 01 37 3E 9A]
[01/01/09 01:33:15.273] 	recv: [8b: 03 0F 00 00 00 08 55 EF]
[01/01/09 01:33:15.485] send: [11b: 02 0F 00 00 00 0C 02 23 0E 69 B4]
[01/01/09 01:33:15.493] 	recv: [8b: 02 0F 00 00 00 0C 55 FD]
[01/01/09 01:33:15.504] send: [10b: 03 0F 00 00 00 08 01 37 3E 9A]
[01/01/09 01:33:15.512] 	recv: [8b: 03 0F 00 00 00 08 55 EF]
[01/01/09 01:33:15.725] send: [11b: 02 0F 00 00 00 0C 02 23 0E 69 B4]
[01/01/09 01:33:15.732] 	recv: [8b: 02 0F 00 00 00 0C 55 FD]
[01/01/09 01:33:15.746] send: [10b: 03 0F 00 00 00 08 01 37 3E 9A]
[01/01/09 01:33:15.753] 	recv: [8b: 03 0F 00 00 00 08 55 EF]
[01/01/09 01:33:15.975] send: [11b: 02 0F 00 00 00 0C 02 23 0E 69 B4]
[01/01/09 01:33:15.983] 	recv: [8b: 02 0F 00 00 00 0C 55 FD]
[01/01/09 01:33:15.994] send: [10b: 03 0F 00 00 00 08 01 37 3E 9A]
[01/01/09 01:33:16.001] 	recv: [8b: 03 0F 00 00 00 08 55 EF]
[01/01/09 01:33:16.214] send: [11b: 02 0F 00 00 00 0C 02 23 0E 69 B4]
[01/01/09 01:33:16.221] 	recv: [8b: 02 0F 00 00 00 0C 55 FD]
[01/01/09 01:33:16.234] send: [10b: 03 0F 00 00 00 08 01 37 3E 9A]
[01/01/09 01:33:16.241] 	recv: [8b: 03 0F 00 00 00 08 55 EF]
[01/01/09 01:33:16.454] send: [11b: 02 0F 00 00 00 0C 02 23 0E 69 B4]
[01/01/09 01:33:16.461] 	recv: [8b: 02 0F 00 00 00 0C 55 FD]
[01/01/09 01:33:16.474] send: [10b: 03 0F 00 00 00 08 01 37 3E 9A]
[01/01/09 01:33:16.480] 	recv: [8b: 03 0F 00 00 00 08 55 EF]
[01/01/09 01:33:16.695] send: [11b: 02 0F 00 00 00 0C 02 23 0E 69 B4]
[01/01/09 01:33:16.703] 	recv: [8b: 02 0F 00 00 00 0C 55 FD]
[01/01/09 01:33:16.713] send: [10b: 03 0F 00 00 00 08 01 37 3E 9A]
[01/01/09 01:33:16.720] 	recv: [8b: 03 0F 00 00 00 08 55 EF]
[01/01/09 01:33:16.935] send: [11b: 02 0F 00 00 00 0C 02 23 0E 69 B4]
[01/01/09 01:33:16.942] 	recv: [8b: 02 0F 00 00 00 0C 55 FD]
[01/01/09 01:33:16.954] send: [10b: 03 0F 00 00 00 08 01 37 3E 9A]
[01/01/09 01:33:16.961] 	recv: [8b: 03 0F 00 00 00 08 55 EF]
[01/01/09 01:33:17.177] send: [11b: 02 0F 00 00 00 0C 02 23 0E 69 B4]
[01/01/09 01:33:17.186] 	recv: [8b: 02 0F 00 00 00 0C 55 FD]
[01/01/09 01:33:17.196] send: [10b: 03 0F 00 00 00 08 01 37 3E 9A]
[01/01/09 01:33:17.204] 	recv: [8b: 03 0F 00 00 00 08 55 EF]
[01/01/09 01:33:17.425] send: [11b: 02 0F 00 00 00 0C 02 23 0E 69 B4]
[01/01/09 01:33:17.432] 	recv: [8b: 02 0F 00 00 00 0C 55 FD]
[01/01/09 01:33:17.446] send: [10b: 03 0F 00 00 00 08 01 37 3E 9A]
[01/01/09 01:33:17.453] 	recv: [8b: 03 0F 00 00 00 08 55 EF]
[01/01/09 01:33:17.674] send: [11b: 02 0F 00 00 00 0C 02 23 0E 69 B4]
[01/01/09 01:33:17.681] 	recv: [8b: 02 0F 00 00 00 0C 55 FD]
[01/01/09 01:33:17.694] send: [10b: 03 0F 00 00 00 08 01 37 3E 9A]
[01/01/09 01:33:17.701] 	recv: [8b: 03 0F 00 00 00 08 55 EF]
[01/01/09 01:33:17.914] send: [11b: 02 0F 00 00 00 0C 02 23 0E 69 B4]
[01/01/09 01:33:17.921] 	recv: [8b: 02 0F 00 00 00 0C 55 FD]
[01/01/09 01:33:17.934] send: [10b: 03 0F 00 00 00 08 01 37 3E 9A]
[01/01/09 01:33:17.941] 	recv: [8b: 03 0F 00 00 00 08 55 EF]
[01/01/09 01:33:18.154] send: [11b: 02 0F 00 00 00 0C 02 23 0E 69 B4]
[01/01/09 01:33:18.162] 	recv: [8b: 02 0F 00 00 00 0C 55 FD]
[01/01/09 01:33:18.175] send: [10b: 03 0F 00 00 00 08 01 37 3E 9A]
[01/01/09 01:33:18.183] 	recv: [8b: 03 0F 00 00 00 08 55 EF]
[01/01/09 01:33:18.394] send: [11b: 02 0F 00 00 00 0C 02 23 0E 69 B4]
[01/01/09 01:33:18.401] 	recv: [8b: 02 0F 00 00 00 0C 55 FD]
[01/01/09 01:33:18.415] send: [10b: 03 0F 00 00 00 08 01 37 3E 9A]
[01/01/09 01:33:18.422] 	recv: [8b: 03 0F 00 00 00 08 55 EF]
[01/01/09 01:33:18.638] send: [11b: 02 0F 00 00 00 0C 02 23 0E 69 B4]
[01/01/09 01:33:18.645] 	recv: [8b: 02 0F 00 00 00 0C 55 FD]
[01/01/09 01:33:18.657] send: [10b: 03 0F 00 00 00 08 01 37 3E 9A]
[01/01/09 01:33:18.663] 	recv: [8b: 03 0F 00 00 00 08 55 EF]
[01/01/09 01:33:18.895] send: [11b: 02 0F 00 00 00 0C 02 23 0E 69 B4]
[01/01/09 01:33:18.903] 	recv: [8b: 02 0F 00 00 00 0C 55 FD]
[01/01/09 01:33:18.914] send: [10b: 03 0F 00 00 00 08 01 37 3E 9A]
[01/01/09 01:33:18.923] 	recv: [8b: 03 0F 00 00 00 08 55 EF]
[01/01/09 01:33:19.135] send: [11b: 02 0F 00 00 00 0C 02 23 0E 69 B4]
[01/01/09 01:33:19.143] 	recv: [8b: 02 0F 00 00 00 0C 55 FD]
[01/01/09 01:33:19.154] send: [10b: 03 0F 00 00 00 08 01 37 3E 9A]
[01/01/09 01:33:19.163] 	recv: [8b: 03 0F 00 00 00 08 55 EF]
[01/01/09 01:33:19.375] send: [11b: 02 0F 00 00 00 0C 02 23 0E 69 B4]
[01/01/09 01:33:19.383] 	recv: [8b: 02 0F 00 00 00 0C 55 FD]
[01/01/09 01:33:19.396] send: [10b: 03 0F 00 00 00 08 01 37 3E 9A]
[01/01/09 01:33:19.405] 	recv: [8b: 03 0F 00 00 00 08 55 EF]
[01/01/09 01:33:19.625] send: [11b: 02 0F 00 00 00 0C 02 23 0E 69 B4]
[01/01/09 01:33:19.633] 	recv: [8b: 02 0F 00 00 00 0C 55 FD]
[01/01/09 01:33:19.644] send: [10b: 03 0F 00 00 00 08 01 37 3E 9A]
[01/01/09 01:33:19.652] 	recv: [8b: 03 0F 00 00 00 08 55 EF]
[01/01/09 01:33:19.864] send: [11b: 02 0F 00 00 00 0C 02 23 0E 69 B4]
[01/01/09 01:33:19.872] 	recv: [8b: 02 0F 00 00 00 0C 55 FD]
[01/01/09 01:33:19.885] send: [10b: 03 0F 00 00 00 08 01 37 3E 9A]
[01/01/09 01:33:19.894] 	recv: [8b: 03 0F 00 00 00 08 55 EF]
[01/01/09 01:33:20.116] send: [11b: 02 0F 00 00 00 0C 02 23 0E 69 B4]
[01/01/09 01:33:20.123] 	recv: [8b: 02 0F 00 00 00 0C 55 FD]
[01/01/09 01:33:20.134] send: [10b: 03 0F 00 00 00 08 01 37 3E 9A]
[01/01/09 01:33:20.142] 	recv: [8b: 03 0F 00 00 00 08 55 EF]
[01/01/09 01:33:20.386] send: [11b: 02 0F 00 00 00 0C 02 23 0E 69 B4]
[01/01/09 01:33:20.393] 	recv: [8b: 02 0F 00 00 00 0C 55 FD]
[01/01/09 01:33:20.406] send: [10b: 03 0F 00 00 00 08 01 37 3E 9A]
[01/01/09 01:33:20.413] 	recv: [8b: 03 0F 00 00 00 08 55 EF]
[01/01/09 01:33:20.636] send: [11b: 02 0F 00 00 00 0C 02 23 0E 69 B4]
[01/01/09 01:33:20.643] 	recv: [8b: 02 0F 00 00 00 0C 55 FD]
[01/01/09 01:33:20.654] send: [10b: 03 0F 00 00 00 08 01 37 3E 9A]
[01/01/09 01:33:20.661] 	recv: [8b: 03 0F 00 00 00 08 55 EF]
[01/01/09 01:33:20.695] error: bus thread interrupted
[01/01/09 01:33:20.739] resources: ut=0.15 st=0.06
[01/01/09 01:33:20.739] log finished
