[01/01/09 01:33:07.288] log started
[01/01/09 01:33:07.288] 	[ BusInterface ]
[01/01/09 01:33:07.288] 	cycle = 20
[01/01/09 01:33:07.288] 	delayWriteTime = 6
[01/01/09 01:33:07.288] 	href = cout_4001
[01/01/09 01:33:07.289] 	interface = ethernet
[01/01/09 01:33:07.289] 	localAddr = 10.0.0.1
[01/01/09 01:33:07.289] 	localPort = 4001
[01/01/09 01:33:07.289] 	log:path = 
[01/01/09 01:33:07.289] 	log:size = 
[01/01/09 01:33:07.289] 	log:type = info
[01/01/09 01:33:07.289] 	name = TCP/UDP/UnixSocket Network Bus
[01/01/09 01:33:07.289] 	protocol = udp
[01/01/09 01:33:07.289] 	remoteAddr = 10.0.0.2
[01/01/09 01:33:07.289] 	remotePort = 4001
[01/01/09 01:33:07.289] 	sym = bus_4001
[01/01/09 01:33:07.289] 	type = ethernet
[01/01/09 01:33:07.289] 	vendor = Spetstekhnika
[01/01/09 01:33:07.289] 	writeDelay = async
[01/01/09 01:33:07.289] tid = 6407
[01/01/09 01:33:07.345] udp connection started (cycle=20, receive size=10240)
[01/01/09 01:33:07.345] 	local  = 10.0.0.1:4001
[01/01/09 01:33:07.345] 	remote = 10.0.0.2:4001
[01/01/09 01:33:07.354] 	SO_RCVBUF = 63488
[01/01/09 01:33:07.354] 	SO_SNDBUF = 63488
[01/01/09 01:33:07.375] connection: receive timeout (1,1 10240/10240,0/0)
[01/01/09 01:33:07.377] send: [2b: 32 47]
[01/01/09 01:33:07.381] 	recv: [2b: 32 47]
[01/01/09 01:33:07.396] send: [2b: 31 47]
[01/01/09 01:33:07.402] 	recv: [2b: 31 47]
[01/01/09 01:33:07.414] send: [2b: 33 47]
[01/01/09 01:33:07.419] 	recv: [2b: 33 47]
[01/01/09 01:33:07.435] send: [5b: 32 71 13 03 84]
[01/01/09 01:33:07.441] 	recv: [3b: 32 71 13]
[01/01/09 01:33:07.456] send: [5b: 31 71 13 03 84]
[01/01/09 01:33:07.462] 	recv: [3b: 31 71 13]
[01/01/09 01:33:07.478] send: [5b: 33 71 13 03 84]
[01/01/09 01:33:07.483] 	recv: [3b: 33 71 13]
[01/01/09 01:33:07.495] send: [5b: 32 71 12 00 14]
[01/01/09 01:33:07.501] 	recv: [3b: 32 71 12]
[01/01/09 01:33:07.515] send: [5b: 31 71 12 00 14]
[01/01/09 01:33:07.521] 	recv: [3b: 31 71 12]
[01/01/09 01:33:07.534] send: [5b: 33 71 12 05 DC]
[01/01/09 01:33:07.540] 	recv: [3b: 33 71 12]
[01/01/09 01:33:07.556] send: [4b: 32 71 14 06]
[01/01/09 01:33:07.563] 	recv: [3b: 32 71 14]
[01/01/09 01:33:07.576] send: [4b: 31 71 14 06]
[01/01/09 01:33:07.582] 	recv: [3b: 31 71 14]
[01/01/09 01:33:07.593] send: [4b: 33 71 14 97]
[01/01/09 01:33:07.599] 	recv: [3b: 33 71 14]
[01/01/09 01:33:07.615] send: [4b: 32 71 15 45]
[01/01/09 01:33:07.621] 	recv: [3b: 32 71 15]
[01/01/09 01:33:07.634] send: [4b: 31 71 15 45]
[01/01/09 01:33:07.639] 	recv: [3b: 31 71 15]
[01/01/09 01:33:07.654] send: [4b: 33 71 15 3C]
[01/01/09 01:33:07.660] 	recv: [3b: 33 71 15]
[01/01/09 01:33:07.662] send: [6b: 33 42 00 00 00 96]
[01/01/09 01:33:07.667] 	recv: [2b: 33 42]
[01/01/09 01:33:07.674] send: [3b: 32 72 02]
[01/01/09 01:33:07.680] 	recv: [4b: 32 72 02 03]
[01/01/09 01:33:07.694] send: [6b: 31 42 00 00 04 38]
[01/01/09 01:33:07.700] 	recv: [2b: 31 42]
[01/01/09 01:33:07.717] send: [3b: 33 72 01]
[01/01/09 01:33:07.722] 	recv: [4b: 33 72 01 05]
[01/01/09 01:33:07.734] send: [3b: 31 72 01]
[01/01/09 01:33:07.740] 	recv: [4b: 31 72 01 05]
[01/01/09 01:33:07.753] send: [3b: 33 72 01]
[01/01/09 01:33:07.759] 	recv: [4b: 33 72 01 05]
[01/01/09 01:33:07.774] send: [3b: 32 44 80]
[01/01/09 01:33:07.780] 	recv: [2b: 32 44]
[01/01/09 01:33:07.795] send: [3b: 31 72 01]
[01/01/09 01:33:07.801] 	recv: [4b: 31 72 01 05]
[01/01/09 01:33:07.814] send: [3b: 33 72 01]
[01/01/09 01:33:07.820] 	recv: [4b: 33 72 01 05]
[01/01/09 01:33:07.834] send: [3b: 32 72 01]
[01/01/09 01:33:07.840] 	recv: [4b: 32 72 01 89]
[01/01/09 01:33:07.853] send: [3b: 31 72 01]
[01/01/09 01:33:07.858] 	recv: [4b: 31 72 01 05]
[01/01/09 01:33:07.874] send: [3b: 33 72 01]
[01/01/09 01:33:07.880] 	recv: [4b: 33 72 01 00]
[01/01/09 01:33:07.894] send: [3b: 32 72 02]
[01/01/09 01:33:07.900] 	recv: [4b: 32 72 02 03]
[01/01/09 01:33:07.914] send: [3b: 31 72 01]
[01/01/09 01:33:07.920] 	recv: [4b: 31 72 01 05]
[01/01/09 01:33:07.934] send: [3b: 32 72 02]
[01/01/09 01:33:07.940] 	recv: [4b: 32 72 02 03]
[01/01/09 01:33:07.954] send: [3b: 31 72 01]
[01/01/09 01:33:07.960] 	recv: [4b: 31 72 01 05]
[01/01/09 01:33:07.974] send: [3b: 33 72 02]
[01/01/09 01:33:07.980] 	recv: [4b: 33 72 02 03]
[01/01/09 01:33:07.996] send: [3b: 32 72 02]
[01/01/09 01:33:08.002] 	recv: [4b: 32 72 02 03]
[01/01/09 01:33:08.014] send: [3b: 31 72 01]
[01/01/09 01:33:08.020] 	recv: [4b: 31 72 01 05]
[01/01/09 01:33:08.034] send: [3b: 32 72 02]
[01/01/09 01:33:08.040] 	recv: [4b: 32 72 02 03]
[01/01/09 01:33:08.056] send: [3b: 31 72 01]
[01/01/09 01:33:08.062] 	recv: [4b: 31 72 01 05]
[01/01/09 01:33:08.073] send: [3b: 33 44 80]
[01/01/09 01:33:08.079] 	recv: [2b: 33 44]
[01/01/09 01:33:08.094] send: [3b: 32 72 02]
[01/01/09 01:33:08.099] 	recv: [4b: 32 72 02 03]
[01/01/09 01:33:08.114] send: [3b: 31 72 01]
[01/01/09 01:33:08.119] 	recv: [4b: 31 72 01 05]
[01/01/09 01:33:08.135] send: [3b: 33 72 01]
[01/01/09 01:33:08.141] 	recv: [4b: 33 72 01 89]
[01/01/09 01:33:08.155] send: [3b: 32 72 02]
[01/01/09 01:33:08.161] 	recv: [4b: 32 72 02 03]
[01/01/09 01:33:08.175] send: [3b: 31 72 01]
[01/01/09 01:33:08.181] 	recv: [4b: 31 72 01 05]
[01/01/09 01:33:08.194] send: [3b: 33 72 02]
[01/01/09 01:33:08.200] 	recv: [4b: 33 72 02 03]
[01/01/09 01:33:08.215] send: [3b: 32 72 02]
[01/01/09 01:33:08.221] 	recv: [4b: 32 72 02 03]
[01/01/09 01:33:08.236] send: [3b: 31 72 01]
[01/01/09 01:33:08.242] 	recv: [4b: 31 72 01 05]
[01/01/09 01:33:08.255] send: [3b: 33 72 02]
[01/01/09 01:33:08.261] 	recv: [4b: 33 72 02 03]
[01/01/09 01:33:08.274] send: [3b: 32 72 02]
[01/01/09 01:33:08.280] 	recv: [4b: 32 72 02 03]
[01/01/09 01:33:08.293] send: [3b: 31 72 01]
[01/01/09 01:33:08.299] 	recv: [4b: 31 72 01 05]
[01/01/09 01:33:08.313] send: [3b: 33 72 02]
[01/01/09 01:33:08.320] 	recv: [4b: 33 72 02 03]
[01/01/09 01:33:08.334] send: [3b: 32 72 02]
[01/01/09 01:33:08.339] 	recv: [4b: 32 72 02 03]
[01/01/09 01:33:08.348] send: [3b: 31 72 01]
[01/01/09 01:33:08.355] send: [3b: 32 72 02]
[01/01/09 01:33:08.358] 	recv: [4b: 31 72 01 05]
[01/01/09 01:33:08.365] 	recv: [4b: 32 72 02 03]
[01/01/09 01:33:08.376] send: [3b: 31 72 01]
[01/01/09 01:33:08.382] 	recv: [4b: 31 72 01 05]
[01/01/09 01:33:08.395] send: [3b: 33 72 02]
[01/01/09 01:33:08.400] 	recv: [4b: 33 72 02 03]
[01/01/09 01:33:08.415] send: [3b: 32 72 02]
[01/01/09 01:33:08.422] 	recv: [4b: 32 72 02 03]
[01/01/09 01:33:08.436] send: [3b: 31 72 01]
[01/01/09 01:33:08.443] 	recv: [4b: 31 72 01 05]
[01/01/09 01:33:08.456] send: [3b: 33 72 02]
[01/01/09 01:33:08.463] 	recv: [4b: 33 72 02 03]
[01/01/09 01:33:08.474] send: [3b: 32 72 02]
[01/01/09 01:33:08.481] 	recv: [4b: 32 72 02 03]
[01/01/09 01:33:08.494] send: [3b: 31 72 01]
[01/01/09 01:33:08.501] 	recv: [4b: 31 72 01 05]
[01/01/09 01:33:08.515] send: [3b: 33 72 02]
[01/01/09 01:33:08.523] 	recv: [4b: 33 72 02 03]
[01/01/09 01:33:08.533] send: [3b: 32 72 02]
[01/01/09 01:33:08.540] 	recv: [4b: 32 72 02 03]
[01/01/09 01:33:08.554] send: [3b: 31 72 01]
[01/01/09 01:33:08.560] 	recv: [4b: 31 72 01 05]
[01/01/09 01:33:08.573] send: [3b: 33 72 02]
[01/01/09 01:33:08.580] 	recv: [4b: 33 72 02 03]
[01/01/09 01:33:08.594] send: [3b: 32 72 02]
[01/01/09 01:33:08.601] 	recv: [4b: 32 72 02 03]
[01/01/09 01:33:08.613] send: [3b: 31 72 01]
[01/01/09 01:33:08.620] 	recv: [4b: 31 72 01 05]
[01/01/09 01:33:08.634] send: [3b: 33 72 02]
[01/01/09 01:33:08.640] 	recv: [4b: 33 72 02 03]
[01/01/09 01:33:08.654] send: [3b: 32 72 02]
[01/01/09 01:33:08.660] 	recv: [4b: 32 72 02 03]
[01/01/09 01:33:08.674] send: [3b: 31 72 01]
[01/01/09 01:33:08.681] 	recv: [4b: 31 72 01 05]
[01/01/09 01:33:08.694] send: [3b: 33 72 02]
[01/01/09 01:33:08.701] 	recv: [4b: 33 72 02 03]
[01/01/09 01:33:08.714] send: [3b: 32 72 02]
[01/01/09 01:33:08.721] 	recv: [4b: 32 72 02 03]
[01/01/09 01:33:08.734] send: [3b: 31 72 01]
[01/01/09 01:33:08.740] 	recv: [4b: 31 72 01 05]
[01/01/09 01:33:08.754] send: [3b: 33 72 02]
[01/01/09 01:33:08.760] 	recv: [4b: 33 72 02 03]
[01/01/09 01:33:08.773] send: [3b: 32 72 02]
[01/01/09 01:33:08.781] 	recv: [4b: 32 72 02 03]
[01/01/09 01:33:08.794] send: [3b: 31 72 01]
[01/01/09 01:33:08.800] 	recv: [4b: 31 72 01 05]
[01/01/09 01:33:08.814] send: [3b: 33 72 02]
[01/01/09 01:33:08.820] 	recv: [4b: 33 72 02 03]
[01/01/09 01:33:08.834] send: [3b: 32 72 02]
[01/01/09 01:33:08.840] 	recv: [4b: 32 72 02 03]
[01/01/09 01:33:08.854] send: [3b: 31 72 01]
[01/01/09 01:33:08.860] 	recv: [4b: 31 72 01 05]
[01/01/09 01:33:08.874] send: [3b: 33 72 02]
[01/01/09 01:33:08.880] 	recv: [4b: 33 72 02 03]
[01/01/09 01:33:08.893] send: [3b: 32 72 02]
[01/01/09 01:33:08.900] 	recv: [4b: 32 72 02 03]
[01/01/09 01:33:08.914] send: [3b: 31 72 01]
[01/01/09 01:33:08.920] 	recv: [4b: 31 72 01 05]
[01/01/09 01:33:08.934] send: [3b: 33 72 02]
[01/01/09 01:33:08.940] 	recv: [4b: 33 72 02 03]
[01/01/09 01:33:08.954] send: [3b: 32 72 02]
[01/01/09 01:33:08.960] 	recv: [4b: 32 72 02 03]
[01/01/09 01:33:08.974] send: [3b: 31 72 01]
[01/01/09 01:33:08.980] 	recv: [4b: 31 72 01 05]
[01/01/09 01:33:08.988] send: [3b: 33 72 02]
[01/01/09 01:33:08.993] 	recv: [4b: 33 72 02 03]
[01/01/09 01:33:09.004] send: [3b: 32 72 02]
[01/01/09 01:33:09.010] 	recv: [4b: 32 72 02 03]
[01/01/09 01:33:09.023] send: [3b: 31 72 01]
[01/01/09 01:33:09.029] 	recv: [4b: 31 72 01 05]
[01/01/09 01:33:09.045] send: [3b: 33 72 02]
[01/01/09 01:33:09.051] 	recv: [4b: 33 72 02 03]
[01/01/09 01:33:09.063] send: [3b: 32 72 02]
[01/01/09 01:33:09.070] 	recv: [4b: 32 72 02 03]
[01/01/09 01:33:09.084] send: [3b: 31 72 01]
[01/01/09 01:33:09.090] 	recv: [4b: 31 72 01 05]
[01/01/09 01:33:09.104] send: [3b: 33 72 02]
[01/01/09 01:33:09.111] 	recv: [4b: 33 72 02 03]
[01/01/09 01:33:09.123] send: [3b: 32 72 02]
[01/01/09 01:33:09.128] 	recv: [4b: 32 72 02 03]
[01/01/09 01:33:09.144] send: [3b: 31 72 01]
[01/01/09 01:33:09.151] 	recv: [4b: 31 72 01 05]
[01/01/09 01:33:09.164] send: [3b: 33 72 02]
[01/01/09 01:33:09.169] 	recv: [4b: 33 72 02 03]
[01/01/09 01:33:09.183] send: [3b: 32 72 02]
[01/01/09 01:33:09.190] 	recv: [4b: 32 72 02 03]
[01/01/09 01:33:09.198] send: [3b: 31 72 01]
[01/01/09 01:33:09.203] 	recv: [4b: 31 72 01 05]
[01/01/09 01:33:09.213] send: [3b: 33 72 02]
[01/01/09 01:33:09.220] 	recv: [4b: 33 72 02 03]
[01/01/09 01:33:09.233] send: [3b: 32 72 02]
[01/01/09 01:33:09.239] 	recv: [4b: 32 72 02 03]
[01/01/09 01:33:09.256] send: [3b: 31 72 01]
[01/01/09 01:33:09.262] 	recv: [4b: 31 72 01 05]
[01/01/09 01:33:09.273] send: [3b: 33 72 02]
[01/01/09 01:33:09.280] 	recv: [4b: 33 72 02 03]
[01/01/09 01:33:09.294] send: [3b: 32 72 02]
[01/01/09 01:33:09.301] 	recv: [4b: 32 72 02 03]
[01/01/09 01:33:09.314] send: [3b: 31 72 01]
[01/01/09 01:33:09.321] 	recv: [4b: 31 72 01 05]
[01/01/09 01:33:09.335] send: [3b: 33 72 02]
[01/01/09 01:33:09.341] 	recv: [4b: 33 72 02 03]
[01/01/09 01:33:09.354] send: [3b: 32 72 02]
[01/01/09 01:33:09.360] 	recv: [4b: 32 72 02 03]
[01/01/09 01:33:09.375] send: [3b: 31 72 01]
[01/01/09 01:33:09.381] 	recv: [4b: 31 72 01 05]
[01/01/09 01:33:09.395] send: [3b: 33 72 02]
[01/01/09 01:33:09.401] 	recv: [4b: 33 72 02 03]
[01/01/09 01:33:09.415] send: [3b: 32 72 02]
[01/01/09 01:33:09.421] 	recv: [4b: 32 72 02 03]
[01/01/09 01:33:09.434] send: [3b: 31 72 01]
[01/01/09 01:33:09.440] 	recv: [4b: 31 72 01 00]
[01/01/09 01:33:09.454] send: [3b: 33 72 02]
[01/01/09 01:33:09.459] 	recv: [4b: 33 72 02 03]
[01/01/09 01:33:09.474] send: [3b: 32 72 02]
[01/01/09 01:33:09.480] 	recv: [4b: 32 72 02 03]
[01/01/09 01:33:09.494] send: [3b: 33 72 02]
[01/01/09 01:33:09.500] 	recv: [4b: 33 72 02 03]
[01/01/09 01:33:09.515] send: [3b: 32 72 02]
[01/01/09 01:33:09.521] 	recv: [4b: 32 72 02 03]
[01/01/09 01:33:09.535] send: [3b: 31 72 02]
[01/01/09 01:33:09.540] 	recv: [4b: 31 72 02 03]
[01/01/09 01:33:09.556] send: [3b: 33 72 02]
[01/01/09 01:33:09.562] 	recv: [4b: 33 72 02 03]
[01/01/09 01:33:09.576] send: [3b: 32 72 02]
[01/01/09 01:33:09.582] 	recv: [4b: 32 72 02 03]
[01/01/09 01:33:09.596] send: [3b: 33 72 02]
[01/01/09 01:33:09.602] 	recv: [4b: 33 72 02 03]
[01/01/09 01:33:09.624] send: [3b: 32 72 02]
[01/01/09 01:33:09.629] 	recv: [4b: 32 72 02 03]
[01/01/09 01:33:09.645] send: [3b: 31 44 80]
[01/01/09 01:33:09.650] 	recv: [2b: 31 44]
[01/01/09 01:33:09.666] send: [3b: 33 72 02]
[01/01/09 01:33:09.672] 	recv: [4b: 33 72 02 03]
[01/01/09 01:33:09.686] send: [3b: 32 72 02]
[01/01/09 01:33:09.691] 	recv: [4b: 32 72 02 03]
[01/01/09 01:33:09.704] send: [3b: 31 72 01]
[01/01/09 01:33:09.710] 	recv: [4b: 31 72 01 89]
[01/01/09 01:33:09.724] send: [3b: 33 72 02]
[01/01/09 01:33:09.729] 	recv: [4b: 33 72 02 03]
[01/01/09 01:33:09.745] send: [3b: 32 72 02]
[01/01/09 01:33:09.752] 	recv: [4b: 32 72 02 03]
[01/01/09 01:33:09.765] send: [3b: 31 72 02]
[01/01/09 01:33:09.771] 	recv: [4b: 31 72 02 03]
[01/01/09 01:33:09.785] send: [3b: 33 72 02]
[01/01/09 01:33:09.791] 	recv: [4b: 33 72 02 03]
[01/01/09 01:33:09.804] send: [3b: 32 72 02]
[01/01/09 01:33:09.810] 	recv: [4b: 32 72 02 03]
[01/01/09 01:33:09.824] send: [3b: 31 72 02]
[01/01/09 01:33:09.831] 	recv: [4b: 31 72 02 03]
[01/01/09 01:33:09.843] send: [3b: 33 72 02]
[01/01/09 01:33:09.850] 	recv: [4b: 33 72 02 03]
[01/01/09 01:33:09.864] send: [3b: 32 72 02]
[01/01/09 01:33:09.870] 	recv: [4b: 32 72 02 03]
[01/01/09 01:33:09.883] send: [3b: 31 72 02]
[01/01/09 01:33:09.890] 	recv: [4b: 31 72 02 03]
[01/01/09 01:33:09.904] send: [3b: 33 72 02]
[01/01/09 01:33:09.910] 	recv: [4b: 33 72 02 03]
[01/01/09 01:33:09.923] send: [3b: 32 72 02]
[01/01/09 01:33:09.929] 	recv: [4b: 32 72 02 03]
[01/01/09 01:33:09.943] send: [3b: 31 72 02]
[01/01/09 01:33:09.950] 	recv: [4b: 31 72 02 03]
[01/01/09 01:33:09.964] send: [3b: 33 72 02]
[01/01/09 01:33:09.970] 	recv: [4b: 33 72 02 03]
[01/01/09 01:33:09.985] send: [3b: 32 72 02]
[01/01/09 01:33:09.991] 	recv: [4b: 32 72 02 03]
[01/01/09 01:33:10.004] send: [3b: 31 72 02]
[01/01/09 01:33:10.010] 	recv: [4b: 31 72 02 03]
[01/01/09 01:33:10.025] send: [3b: 33 72 02]
[01/01/09 01:33:10.031] 	recv: [4b: 33 72 02 03]
[01/01/09 01:33:10.045] send: [3b: 32 72 02]
[01/01/09 01:33:10.050] 	recv: [4b: 32 72 02 03]
[01/01/09 01:33:10.064] send: [3b: 31 72 02]
[01/01/09 01:33:10.069] 	recv: [4b: 31 72 02 03]
[01/01/09 01:33:10.085] send: [3b: 33 72 02]
[01/01/09 01:33:10.091] 	recv: [4b: 33 72 02 03]
[01/01/09 01:33:10.103] send: [3b: 32 72 02]
[01/01/09 01:33:10.109] 	recv: [4b: 32 72 02 03]
[01/01/09 01:33:10.124] send: [3b: 31 72 02]
[01/01/09 01:33:10.130] 	recv: [4b: 31 72 02 03]
[01/01/09 01:33:10.144] send: [3b: 33 72 02]
[01/01/09 01:33:10.150] 	recv: [4b: 33 72 02 03]
[01/01/09 01:33:10.165] send: [3b: 32 72 02]
[01/01/09 01:33:10.170] 	recv: [4b: 32 72 02 03]
[01/01/09 01:33:10.185] send: [3b: 31 72 02]
[01/01/09 01:33:10.191] 	recv: [4b: 31 72 02 03]
[01/01/09 01:33:10.204] send: [3b: 33 72 02]
[01/01/09 01:33:10.210] 	recv: [4b: 33 72 02 03]
[01/01/09 01:33:10.224] send: [3b: 32 72 02]
[01/01/09 01:33:10.230] 	recv: [4b: 32 72 02 03]
[01/01/09 01:33:10.247] send: [3b: 31 72 02]
[01/01/09 01:33:10.251] 	recv: [4b: 31 72 02 03]
[01/01/09 01:33:10.275] send: [3b: 33 72 02]
[01/01/09 01:33:10.282] 	recv: [4b: 33 72 02 03]
[01/01/09 01:33:10.297] send: [3b: 32 72 02]
[01/01/09 01:33:10.305] send: [3b: 33 72 02]
[01/01/09 01:33:10.305] 	recv: [4b: 32 72 02 03]
[01/01/09 01:33:10.311] 	recv: [4b: 33 72 02 03]
[01/01/09 01:33:10.327] send: [3b: 32 72 02]
[01/01/09 01:33:10.333] 	recv: [4b: 32 72 02 03]
[01/01/09 01:33:10.344] send: [3b: 31 72 02]
[01/01/09 01:33:10.350] 	recv: [4b: 31 72 02 03]
[01/01/09 01:33:10.365] send: [3b: 33 72 02]
[01/01/09 01:33:10.371] 	recv: [4b: 33 72 02 03]
[01/01/09 01:33:10.384] send: [3b: 32 72 02]
[01/01/09 01:33:10.390] 	recv: [4b: 32 72 02 03]
[01/01/09 01:33:10.403] send: [3b: 31 72 02]
[01/01/09 01:33:10.410] 	recv: [4b: 31 72 02 03]
[01/01/09 01:33:10.423] send: [3b: 33 72 02]
[01/01/09 01:33:10.430] 	recv: [4b: 33 72 02 03]
[01/01/09 01:33:10.444] send: [3b: 32 72 02]
[01/01/09 01:33:10.450] 	recv: [4b: 32 72 02 03]
[01/01/09 01:33:10.463] send: [3b: 31 72 02]
[01/01/09 01:33:10.470] 	recv: [4b: 31 72 02 03]
[01/01/09 01:33:10.484] send: [3b: 33 72 02]
[01/01/09 01:33:10.491] 	recv: [4b: 33 72 02 03]
[01/01/09 01:33:10.506] send: [3b: 32 72 02]
[01/01/09 01:33:10.511] 	recv: [4b: 32 72 02 03]
[01/01/09 01:33:10.524] send: [3b: 31 72 02]
[01/01/09 01:33:10.529] 	recv: [4b: 31 72 02 03]
[01/01/09 01:33:10.544] send: [3b: 33 72 02]
[01/01/09 01:33:10.551] 	recv: [4b: 33 72 02 03]
[01/01/09 01:33:10.563] send: [3b: 32 72 02]
[01/01/09 01:33:10.569] 	recv: [4b: 32 72 02 03]
[01/01/09 01:33:10.585] send: [3b: 31 72 02]
[01/01/09 01:33:10.592] 	recv: [4b: 31 72 02 03]
[01/01/09 01:33:10.605] send: [3b: 33 72 02]
[01/01/09 01:33:10.612] 	recv: [4b: 33 72 02 03]
[01/01/09 01:33:10.625] send: [3b: 32 72 02]
[01/01/09 01:33:10.632] 	recv: [4b: 32 72 02 03]
[01/01/09 01:33:10.646] send: [3b: 31 72 02]
[01/01/09 01:33:10.652] 	recv: [4b: 31 72 02 03]
[01/01/09 01:33:10.666] send: [3b: 33 72 02]
[01/01/09 01:33:10.672] 	recv: [4b: 33 72 02 03]
[01/01/09 01:33:10.684] send: [3b: 32 72 02]
[01/01/09 01:33:10.691] 	recv: [4b: 32 72 02 03]
[01/01/09 01:33:10.704] send: [3b: 31 72 02]
[01/01/09 01:33:10.711] 	recv: [4b: 31 72 02 03]
[01/01/09 01:33:10.724] send: [3b: 33 72 02]
[01/01/09 01:33:10.731] 	recv: [4b: 33 72 02 03]
[01/01/09 01:33:10.744] send: [3b: 32 72 02]
[01/01/09 01:33:10.750] 	recv: [4b: 32 72 02 03]
[01/01/09 01:33:10.764] send: [3b: 31 72 02]
[01/01/09 01:33:10.770] 	recv: [4b: 31 72 02 03]
[01/01/09 01:33:10.784] send: [3b: 33 72 02]
[01/01/09 01:33:10.791] 	recv: [4b: 33 72 02 03]
[01/01/09 01:33:10.804] send: [3b: 32 72 02]
[01/01/09 01:33:10.811] 	recv: [4b: 32 72 02 03]
[01/01/09 01:33:10.824] send: [3b: 31 72 02]
[01/01/09 01:33:10.829] 	recv: [4b: 31 72 02 03]
[01/01/09 01:33:10.844] send: [3b: 33 72 02]
[01/01/09 01:33:10.850] 	recv: [4b: 33 72 02 03]
[01/01/09 01:33:10.864] send: [3b: 32 72 02]
[01/01/09 01:33:10.871] 	recv: [4b: 32 72 02 03]
[01/01/09 01:33:10.885] send: [3b: 31 72 02]
[01/01/09 01:33:10.891] 	recv: [4b: 31 72 02 03]
[01/01/09 01:33:10.903] send: [3b: 33 72 02]
[01/01/09 01:33:10.910] 	recv: [4b: 33 72 02 03]
[01/01/09 01:33:10.924] send: [3b: 32 72 02]
[01/01/09 01:33:10.931] 	recv: [4b: 32 72 02 03]
[01/01/09 01:33:10.944] send: [3b: 31 72 02]
[01/01/09 01:33:10.951] 	recv: [4b: 31 72 02 03]
[01/01/09 01:33:10.964] send: [3b: 33 72 02]
[01/01/09 01:33:10.971] 	recv: [4b: 33 72 02 13]
[01/01/09 01:33:10.984] send: [3b: 32 72 02]
[01/01/09 01:33:10.990] 	recv: [4b: 32 72 02 03]
[01/01/09 01:33:11.004] send: [3b: 31 72 02]
[01/01/09 01:33:11.010] 	recv: [4b: 31 72 02 03]
[01/01/09 01:33:11.024] send: [3b: 32 72 02]
[01/01/09 01:33:11.031] 	recv: [4b: 32 72 02 03]
[01/01/09 01:33:11.044] send: [3b: 31 72 02]
[01/01/09 01:33:11.050] 	recv: [4b: 31 72 02 03]
[01/01/09 01:33:11.065] send: [6b: 33 42 FF FF FF C4]
[01/01/09 01:33:11.072] 	recv: [2b: 33 42]
[01/01/09 01:33:11.085] send: [3b: 32 72 02]
[01/01/09 01:33:11.091] 	recv: [4b: 32 72 02 03]
[01/01/09 01:33:11.105] send: [3b: 31 72 02]
[01/01/09 01:33:11.110] 	recv: [4b: 31 72 02 03]
[01/01/09 01:33:11.125] send: [3b: 33 72 01]
[01/01/09 01:33:11.131] 	recv: [4b: 33 72 01 85]
[01/01/09 01:33:11.144] send: [3b: 32 72 02]
[01/01/09 01:33:11.150] 	recv: [4b: 32 72 02 13]
[01/01/09 01:33:11.165] send: [3b: 31 72 02]
[01/01/09 01:33:11.171] 	recv: [4b: 31 72 02 03]
[01/01/09 01:33:11.185] send: [3b: 33 72 01]
[01/01/09 01:33:11.191] 	recv: [4b: 33 72 01 00]
[01/01/09 01:33:11.204] send: [3b: 31 72 02]
[01/01/09 01:33:11.209] 	recv: [4b: 31 72 02 03]
[01/01/09 01:33:11.224] send: [6b: 32 42 FF FF EF C8]
[01/01/09 01:33:11.230] 	recv: [2b: 32 42]
[01/01/09 01:33:11.244] send: [3b: 31 72 02]
[01/01/09 01:33:11.250] 	recv: [4b: 31 72 02 03]
[01/01/09 01:33:11.263] send: [5b: 33 71 13 03 84]
[01/01/09 01:33:11.268] 	recv: [3b: 33 71 13]
[01/01/09 01:33:11.284] send: [3b: 32 72 01]
[01/01/09 01:33:11.290] 	recv: [4b: 32 72 01 85]
[01/01/09 01:33:11.306] send: [3b: 31 72 02]
[01/01/09 01:33:11.313] 	recv: [4b: 31 72 02 03]
[01/01/09 01:33:11.325] send: [3b: 32 72 01]
[01/01/09 01:33:11.331] 	recv: [4b: 32 72 01 85]
[01/01/09 01:33:11.345] send: [3b: 31 72 02]
[01/01/09 01:33:11.350] 	recv: [4b: 31 72 02 03]
[01/01/09 01:33:11.363] send: [7b: 33 71 21 00 00 00 00]
[01/01/09 01:33:11.370] 	recv: [3b: 33 71 21]
[01/01/09 01:33:11.384] send: [3b: 32 72 01]
[01/01/09 01:33:11.390] 	recv: [4b: 32 72 01 85]
[01/01/09 01:33:11.404] send: [3b: 31 72 02]
[01/01/09 01:33:11.410] 	recv: [4b: 31 72 02 03]
[01/01/09 01:33:11.423] send: [3b: 32 72 01]
[01/01/09 01:33:11.430] 	recv: [4b: 32 72 01 85]
[01/01/09 01:33:11.445] send: [3b: 31 72 02]
[01/01/09 01:33:11.451] 	recv: [4b: 31 72 02 03]
[01/01/09 01:33:11.465] send: [3b: 33 72 21]
[01/01/09 01:33:11.470] 	recv: [7b: 33 72 21 00 00 00 00]
[01/01/09 01:33:11.485] send: [3b: 32 72 01]
[01/01/09 01:33:11.491] 	recv: [4b: 32 72 01 85]
[01/01/09 01:33:11.504] send: [3b: 31 72 02]
[01/01/09 01:33:11.509] 	recv: [4b: 31 72 02 03]
[01/01/09 01:33:11.525] send: [3b: 32 72 01]
[01/01/09 01:33:11.531] 	recv: [4b: 32 72 01 85]
[01/01/09 01:33:11.543] send: [3b: 31 72 02]
[01/01/09 01:33:11.550] 	recv: [4b: 31 72 02 03]
[01/01/09 01:33:11.563] send: [3b: 32 72 01]
[01/01/09 01:33:11.569] 	recv: [4b: 32 72 01 85]
[01/01/09 01:33:11.583] send: [3b: 31 72 02]
[01/01/09 01:33:11.589] 	recv: [4b: 31 72 02 03]
[01/01/09 01:33:11.603] send: [5b: 33 71 13 08 FC]
[01/01/09 01:33:11.610] 	recv: [3b: 33 71 13]
[01/01/09 01:33:11.624] send: [3b: 32 72 01]
[01/01/09 01:33:11.630] 	recv: [4b: 32 72 01 85]
[01/01/09 01:33:11.644] send: [3b: 31 72 02]
[01/01/09 01:33:11.650] 	recv: [4b: 31 72 02 03]
[01/01/09 01:33:11.664] send: [3b: 32 72 01]
[01/01/09 01:33:11.670] 	recv: [4b: 32 72 01 85]
[01/01/09 01:33:11.683] send: [3b: 31 72 02]
[01/01/09 01:33:11.688] 	recv: [4b: 31 72 02 03]
[01/01/09 01:33:11.704] send: [6b: 33 43 00 00 09 9A]
[01/01/09 01:33:11.710] 	recv: [2b: 33 43]
[01/01/09 01:33:11.723] send: [3b: 32 72 01]
[01/01/09 01:33:11.729] 	recv: [4b: 32 72 01 85]
[01/01/09 01:33:11.745] send: [3b: 31 72 02]
[01/01/09 01:33:11.752] 	recv: [4b: 31 72 02 03]
[01/01/09 01:33:11.765] send: [3b: 32 72 01]
[01/01/09 01:33:11.771] 	recv: [4b: 32 72 01 85]
[01/01/09 01:33:11.784] send: [3b: 31 72 02]
[01/01/09 01:33:11.789] 	recv: [4b: 31 72 02 03]
[01/01/09 01:33:11.804] send: [3b: 33 72 21]
[01/01/09 01:33:11.810] 	recv: [7b: 33 72 21 00 00 00 E3]
[01/01/09 01:33:11.828] send: [3b: 32 72 01]
[01/01/09 01:33:11.832] 	recv: [4b: 32 72 01 85]
[01/01/09 01:33:11.843] send: [3b: 31 72 02]
[01/01/09 01:33:11.850] 	recv: [4b: 31 72 02 03]
[01/01/09 01:33:11.865] send: [3b: 32 72 01]
[01/01/09 01:33:11.872] 	recv: [4b: 32 72 01 85]
[01/01/09 01:33:11.884] send: [3b: 31 72 02]
[01/01/09 01:33:11.890] 	recv: [4b: 31 72 02 03]
[01/01/09 01:33:11.904] send: [3b: 32 72 01]
[01/01/09 01:33:11.910] 	recv: [4b: 32 72 01 85]
[01/01/09 01:33:11.923] send: [3b: 31 72 02]
[01/01/09 01:33:11.929] 	recv: [4b: 31 72 02 03]
[01/01/09 01:33:11.945] send: [5b: 33 71 13 08 FC]
[01/01/09 01:33:11.950] 	recv: [3b: 33 71 13]
[01/01/09 01:33:11.963] send: [3b: 32 72 01]
[01/01/09 01:33:11.970] 	recv: [4b: 32 72 01 85]
[01/01/09 01:33:11.985] send: [3b: 31 72 02]
[01/01/09 01:33:11.991] 	recv: [4b: 31 72 02 03]
[01/01/09 01:33:12.005] send: [3b: 32 72 01]
[01/01/09 01:33:12.011] 	recv: [4b: 32 72 01 85]
[01/01/09 01:33:12.024] send: [3b: 31 72 02]
[01/01/09 01:33:12.031] 	recv: [4b: 31 72 02 03]
[01/01/09 01:33:12.045] send: [3b: 33 72 21]
[01/01/09 01:33:12.053] 	recv: [7b: 33 72 21 00 00 03 0F]
[01/01/09 01:33:12.068] send: [3b: 32 72 01]
[01/01/09 01:33:12.073] 	recv: [4b: 32 72 01 85]
[01/01/09 01:33:12.084] send: [3b: 31 72 02]
[01/01/09 01:33:12.091] 	recv: [4b: 31 72 02 03]
[01/01/09 01:33:12.104] send: [3b: 32 72 01]
[01/01/09 01:33:12.110] 	recv: [4b: 32 72 01 85]
[01/01/09 01:33:12.123] send: [3b: 31 72 02]
[01/01/09 01:33:12.128] 	recv: [4b: 31 72 02 03]
[01/01/09 01:33:12.145] send: [3b: 32 72 01]
[01/01/09 01:33:12.151] 	recv: [4b: 32 72 01 85]
[01/01/09 01:33:12.165] send: [3b: 31 72 02]
[01/01/09 01:33:12.171] 	recv: [4b: 31 72 02 03]
[01/01/09 01:33:12.187] send: [5b: 33 71 13 08 FC]
[01/01/09 01:33:12.194] 	recv: [3b: 33 71 13]
[01/01/09 01:33:12.206] send: [3b: 32 72 01]
[01/01/09 01:33:12.212] 	recv: [4b: 32 72 01 85]
[01/01/09 01:33:12.236] send: [3b: 31 72 02]
[01/01/09 01:33:12.241] 	recv: [4b: 31 72 02 03]
[01/01/09 01:33:12.254] send: [3b: 32 72 01]
[01/01/09 01:33:12.259] 	recv: [4b: 32 72 01 85]
[01/01/09 01:33:12.267] send: [3b: 31 72 02]
[01/01/09 01:33:12.274] 	recv: [4b: 31 72 02 03]
[01/01/09 01:33:12.295] send: [3b: 33 72 21]
[01/01/09 01:33:12.300] 	recv: [7b: 33 72 21 00 00 05 49]
[01/01/09 01:33:12.315] send: [3b: 32 72 01]
[01/01/09 01:33:12.321] 	recv: [4b: 32 72 01 85]
[01/01/09 01:33:12.337] send: [3b: 31 72 02]
[01/01/09 01:33:12.342] 	recv: [4b: 31 72 02 03]
[01/01/09 01:33:12.353] send: [3b: 32 72 01]
[01/01/09 01:33:12.359] 	recv: [4b: 32 72 01 85]
[01/01/09 01:33:12.374] send: [3b: 31 72 02]
[01/01/09 01:33:12.379] 	recv: [4b: 31 72 02 03]
[01/01/09 01:33:12.395] send: [3b: 32 72 01]
[01/01/09 01:33:12.402] 	recv: [4b: 32 72 01 85]
[01/01/09 01:33:12.415] send: [3b: 31 72 02]
[01/01/09 01:33:12.420] 	recv: [4b: 31 72 02 03]
[01/01/09 01:33:12.434] send: [5b: 33 71 13 08 FC]
[01/01/09 01:33:12.440] 	recv: [3b: 33 71 13]
[01/01/09 01:33:12.455] send: [3b: 32 72 01]
[01/01/09 01:33:12.461] 	recv: [4b: 32 72 01 85]
[01/01/09 01:33:12.473] send: [3b: 31 72 02]
[01/01/09 01:33:12.479] 	recv: [4b: 31 72 02 03]
[01/01/09 01:33:12.493] send: [3b: 32 72 01]
[01/01/09 01:33:12.499] 	recv: [4b: 32 72 01 85]
[01/01/09 01:33:12.513] send: [3b: 31 72 02]
[01/01/09 01:33:12.519] 	recv: [4b: 31 72 02 13]
[01/01/09 01:33:12.533] send: [3b: 33 72 21]
[01/01/09 01:33:12.540] 	recv: [7b: 33 72 21 00 00 07 70]
[01/01/09 01:33:12.553] send: [3b: 32 72 01]
[01/01/09 01:33:12.559] 	recv: [4b: 32 72 01 85]
[01/01/09 01:33:12.574] send: [3b: 32 72 01]
[01/01/09 01:33:12.580] 	recv: [4b: 32 72 01 85]
[01/01/09 01:33:12.593] send: [6b: 31 42 FF FF FC 04]
[01/01/09 01:33:12.600] 	recv: [2b: 31 42]
[01/01/09 01:33:12.613] send: [3b: 32 72 01]
[01/01/09 01:33:12.619] 	recv: [4b: 32 72 01 85]
[01/01/09 01:33:12.635] send: [3b: 31 72 01]
[01/01/09 01:33:12.640] 	recv: [4b: 31 72 01 85]
[01/01/09 01:33:12.653] send: [5b: 33 71 13 06 7C]
[01/01/09 01:33:12.660] 	recv: [3b: 33 71 13]
[01/01/09 01:33:12.674] send: [3b: 32 72 01]
[01/01/09 01:33:12.681] 	recv: [4b: 32 72 01 85]
[01/01/09 01:33:12.693] send: [3b: 31 72 01]
[01/01/09 01:33:12.699] 	recv: [4b: 31 72 01 85]
[01/01/09 01:33:12.713] send: [3b: 32 72 01]
[01/01/09 01:33:12.719] 	recv: [4b: 32 72 01 85]
[01/01/09 01:33:12.734] send: [3b: 31 72 01]
[01/01/09 01:33:12.740] 	recv: [4b: 31 72 01 85]
[01/01/09 01:33:12.755] send: [3b: 33 72 21]
[01/01/09 01:33:12.760] 	recv: [7b: 33 72 21 00 00 09 2C]
[01/01/09 01:33:12.775] send: [3b: 32 72 01]
[01/01/09 01:33:12.780] 	recv: [4b: 32 72 01 85]
[01/01/09 01:33:12.795] send: [3b: 31 72 01]
[01/01/09 01:33:12.800] 	recv: [4b: 31 72 01 85]
[01/01/09 01:33:12.813] send: [3b: 32 72 01]
[01/01/09 01:33:12.819] 	recv: [4b: 32 72 01 85]
[01/01/09 01:33:12.833] send: [3b: 31 72 01]
[01/01/09 01:33:12.838] 	recv: [4b: 31 72 01 85]
[01/01/09 01:33:12.854] send: [3b: 32 72 01]
[01/01/09 01:33:12.859] 	recv: [4b: 32 72 01 85]
[01/01/09 01:33:12.874] send: [3b: 31 72 01]
[01/01/09 01:33:12.880] 	recv: [4b: 31 72 01 85]
[01/01/09 01:33:12.894] send: [5b: 33 71 13 05 DC]
[01/01/09 01:33:12.901] 	recv: [3b: 33 71 13]
[01/01/09 01:33:12.913] send: [3b: 32 72 01]
[01/01/09 01:33:12.919] 	recv: [4b: 32 72 01 85]
[01/01/09 01:33:12.934] send: [3b: 31 72 01]
[01/01/09 01:33:12.940] 	recv: [4b: 31 72 01 85]
[01/01/09 01:33:12.955] send: [3b: 32 72 01]
[01/01/09 01:33:12.961] 	recv: [4b: 32 72 01 85]
[01/01/09 01:33:12.974] send: [3b: 31 72 01]
[01/01/09 01:33:12.979] 	recv: [4b: 31 72 01 85]
[01/01/09 01:33:12.994] send: [3b: 33 72 21]
[01/01/09 01:33:13.001] 	recv: [7b: 33 72 21 00 00 09 9A]
[01/01/09 01:33:13.014] send: [3b: 32 72 01]
[01/01/09 01:33:13.021] 	recv: [4b: 32 72 01 85]
[01/01/09 01:33:13.033] send: [3b: 31 72 01]
[01/01/09 01:33:13.039] 	recv: [4b: 31 72 01 85]
[01/01/09 01:33:13.055] send: [3b: 32 72 01]
[01/01/09 01:33:13.060] 	recv: [4b: 32 72 01 85]
[01/01/09 01:33:13.076] send: [3b: 31 72 01]
[01/01/09 01:33:13.082] 	recv: [4b: 31 72 01 85]
[01/01/09 01:33:13.093] send: [3b: 32 72 01]
[01/01/09 01:33:13.099] 	recv: [4b: 32 72 01 85]
[01/01/09 01:33:13.114] send: [3b: 31 72 01]
[01/01/09 01:33:13.120] 	recv: [4b: 31 72 01 85]
[01/01/09 01:33:13.134] send: [5b: 33 71 13 05 DC]
[01/01/09 01:33:13.140] 	recv: [3b: 33 71 13]
[01/01/09 01:33:13.155] send: [3b: 32 72 01]
[01/01/09 01:33:13.161] 	recv: [4b: 32 72 01 85]
[01/01/09 01:33:13.173] send: [3b: 31 72 01]
[01/01/09 01:33:13.179] 	recv: [4b: 31 72 01 85]
[01/01/09 01:33:13.194] send: [3b: 32 72 01]
[01/01/09 01:33:13.200] 	recv: [4b: 32 72 01 85]
[01/01/09 01:33:13.214] send: [3b: 31 72 01]
[01/01/09 01:33:13.220] 	recv: [4b: 31 72 01 85]
[01/01/09 01:33:13.234] send: [3b: 33 72 21]
[01/01/09 01:33:13.240] 	recv: [7b: 33 72 21 00 00 09 9A]
[01/01/09 01:33:13.254] send: [3b: 32 72 01]
[01/01/09 01:33:13.260] 	recv: [4b: 32 72 01 85]
[01/01/09 01:33:13.274] send: [3b: 31 72 01]
[01/01/09 01:33:13.280] 	recv: [4b: 31 72 01 85]
[01/01/09 01:33:13.294] send: [3b: 32 72 01]
[01/01/09 01:33:13.299] 	recv: [4b: 32 72 01 85]
[01/01/09 01:33:13.313] send: [3b: 31 72 01]
[01/01/09 01:33:13.319] 	recv: [4b: 31 72 01 85]
[01/01/09 01:33:13.334] send: [3b: 32 72 01]
[01/01/09 01:33:13.340] 	recv: [4b: 32 72 01 85]
[01/01/09 01:33:13.355] send: [3b: 31 72 01]
[01/01/09 01:33:13.360] 	recv: [4b: 31 72 01 85]
[01/01/09 01:33:13.375] send: [5b: 33 71 13 05 DC]
[01/01/09 01:33:13.381] 	recv: [3b: 33 71 13]
[01/01/09 01:33:13.394] send: [3b: 32 72 01]
[01/01/09 01:33:13.400] 	recv: [4b: 32 72 01 85]
[01/01/09 01:33:13.413] send: [3b: 31 72 01]
[01/01/09 01:33:13.419] 	recv: [4b: 31 72 01 85]
[01/01/09 01:33:13.435] send: [3b: 32 72 01]
[01/01/09 01:33:13.440] 	recv: [4b: 32 72 01 85]
[01/01/09 01:33:13.454] send: [3b: 31 72 01]
[01/01/09 01:33:13.459] 	recv: [4b: 31 72 01 85]
[01/01/09 01:33:13.476] send: [3b: 33 72 21]
[01/01/09 01:33:13.482] 	recv: [7b: 33 72 21 00 00 09 9A]
[01/01/09 01:33:13.494] send: [3b: 32 72 01]
[01/01/09 01:33:13.499] 	recv: [4b: 32 72 01 85]
[01/01/09 01:33:13.516] send: [3b: 31 72 01]
[01/01/09 01:33:13.521] 	recv: [4b: 31 72 01 85]
[01/01/09 01:33:13.533] send: [3b: 32 72 01]
[01/01/09 01:33:13.539] 	recv: [4b: 32 72 01 85]
[01/01/09 01:33:13.554] send: [3b: 31 72 01]
[01/01/09 01:33:13.559] 	recv: [4b: 31 72 01 85]
[01/01/09 01:33:13.573] send: [3b: 32 72 01]
[01/01/09 01:33:13.579] 	recv: [4b: 32 72 01 85]
[01/01/09 01:33:13.594] send: [3b: 31 72 01]
[01/01/09 01:33:13.600] 	recv: [4b: 31 72 01 85]
[01/01/09 01:33:13.613] send: [5b: 33 71 13 05 DC]
[01/01/09 01:33:13.619] 	recv: [3b: 33 71 13]
[01/01/09 01:33:13.634] send: [3b: 32 72 01]
[01/01/09 01:33:13.640] 	recv: [4b: 32 72 01 85]
[01/01/09 01:33:13.654] send: [3b: 31 72 01]
[01/01/09 01:33:13.660] 	recv: [4b: 31 72 01 85]
[01/01/09 01:33:13.675] send: [3b: 32 72 01]
[01/01/09 01:33:13.680] 	recv: [4b: 32 72 01 85]
[01/01/09 01:33:13.693] send: [3b: 31 72 01]
[01/01/09 01:33:13.698] 	recv: [4b: 31 72 01 85]
[01/01/09 01:33:13.714] send: [3b: 33 72 21]
[01/01/09 01:33:13.720] 	recv: [7b: 33 72 21 00 00 09 9A]
[01/01/09 01:33:13.735] send: [3b: 32 72 01]
[01/01/09 01:33:13.740] 	recv: [4b: 32 72 01 85]
[01/01/09 01:33:13.753] send: [3b: 31 72 01]
[01/01/09 01:33:13.758] 	recv: [4b: 31 72 01 85]
[01/01/09 01:33:13.773] send: [3b: 32 72 01]
[01/01/09 01:33:13.779] 	recv: [4b: 32 72 01 85]
[01/01/09 01:33:13.793] send: [3b: 31 72 01]
[01/01/09 01:33:13.800] 	recv: [4b: 31 72 01 85]
[01/01/09 01:33:13.813] send: [3b: 32 72 01]
[01/01/09 01:33:13.820] 	recv: [4b: 32 72 01 85]
[01/01/09 01:33:13.834] send: [3b: 31 72 01]
[01/01/09 01:33:13.839] 	recv: [4b: 31 72 01 85]
[01/01/09 01:33:13.855] send: [5b: 33 71 13 05 DC]
[01/01/09 01:33:13.861] 	recv: [3b: 33 71 13]
[01/01/09 01:33:13.874] send: [3b: 32 72 01]
[01/01/09 01:33:13.881] 	recv: [4b: 32 72 01 85]
[01/01/09 01:33:13.894] send: [3b: 31 72 01]
[01/01/09 01:33:13.899] 	recv: [4b: 31 72 01 85]
[01/01/09 01:33:13.914] send: [3b: 32 72 01]
[01/01/09 01:33:13.919] 	recv: [4b: 32 72 01 85]
[01/01/09 01:33:13.934] send: [3b: 31 72 01]
[01/01/09 01:33:13.940] 	recv: [4b: 31 72 01 85]
[01/01/09 01:33:13.954] send: [3b: 33 72 21]
[01/01/09 01:33:13.960] 	recv: [7b: 33 72 21 00 00 09 9A]
[01/01/09 01:33:13.976] send: [3b: 32 72 01]
[01/01/09 01:33:13.981] 	recv: [4b: 32 72 01 85]
[01/01/09 01:33:13.994] send: [3b: 31 72 01]
[01/01/09 01:33:13.999] 	recv: [4b: 31 72 01 85]
[01/01/09 01:33:14.007] send: [3b: 32 72 01]
[01/01/09 01:33:14.015] 	recv: [4b: 32 72 01 85]
[01/01/09 01:33:14.023] send: [3b: 31 72 01]
[01/01/09 01:33:14.029] 	recv: [4b: 31 72 01 85]
[01/01/09 01:33:14.038] send: [3b: 32 72 01]
[01/01/09 01:33:14.043] 	recv: [4b: 32 72 01 85]
[01/01/09 01:33:14.057] send: [3b: 31 72 01]
[01/01/09 01:33:14.062] 	recv: [4b: 31 72 01 85]
[01/01/09 01:33:14.074] send: [5b: 33 71 13 05 DC]
[01/01/09 01:33:14.080] 	recv: [3b: 33 71 13]
[01/01/09 01:33:14.087] send: [3b: 32 72 01]
[01/01/09 01:33:14.093] 	recv: [4b: 32 72 01 85]
[01/01/09 01:33:14.107] send: [3b: 31 72 01]
[01/01/09 01:33:14.112] 	recv: [4b: 31 72 01 85]
[01/01/09 01:33:14.127] send: [3b: 32 72 01]
[01/01/09 01:33:14.134] send: [3b: 33 72 21]
[01/01/09 01:33:14.134] 	recv: [4b: 32 72 01 85]
[01/01/09 01:33:14.141] 	recv: [7b: 33 72 21 00 00 09 9A]
[01/01/09 01:33:14.158] send: [3b: 32 72 01]
[01/01/09 01:33:14.167] send: [3b: 32 72 01]
[01/01/09 01:33:14.167] 	recv: [4b: 32 72 01 85]
[01/01/09 01:33:14.173] 	recv: [4b: 32 72 01 85]
[01/01/09 01:33:14.188] send: [3b: 31 72 01]
[01/01/09 01:33:14.194] 	recv: [4b: 31 72 01 85]
[01/01/09 01:33:14.205] send: [3b: 32 72 01]
[01/01/09 01:33:14.211] 	recv: [4b: 32 72 01 85]
[01/01/09 01:33:14.225] send: [3b: 31 72 01]
[01/01/09 01:33:14.230] 	recv: [4b: 31 72 01 00]
[01/01/09 01:33:14.244] send: [5b: 33 71 13 05 DC]
[01/01/09 01:33:14.252] 	recv: [3b: 33 71 13]
[01/01/09 01:33:14.265] send: [3b: 32 72 01]
[01/01/09 01:33:14.271] 	recv: [4b: 32 72 01 85]
[01/01/09 01:33:14.284] send: [3b: 32 72 01]
[01/01/09 01:33:14.291] 	recv: [4b: 32 72 01 85]
[01/01/09 01:33:14.304] send: [5b: 31 71 13 03 84]
[01/01/09 01:33:14.311] 	recv: [3b: 31 71 13]
[01/01/09 01:33:14.325] send: [3b: 33 72 21]
[01/01/09 01:33:14.333] 	recv: [7b: 33 72 21 00 00 09 9A]
[01/01/09 01:33:14.345] send: [3b: 32 72 01]
[01/01/09 01:33:14.352] 	recv: [4b: 32 72 01 85]
[01/01/09 01:33:14.363] send: [3b: 32 72 01]
[01/01/09 01:33:14.369] 	recv: [4b: 32 72 01 85]
[01/01/09 01:33:14.385] send: [7b: 31 71 21 00 00 00 00]
[01/01/09 01:33:14.391] 	recv: [3b: 31 71 21]
[01/01/09 01:33:14.404] send: [3b: 32 72 01]
[01/01/09 01:33:14.409] 	recv: [4b: 32 72 01 85]
[01/01/09 01:33:14.425] send: [5b: 33 71 13 05 DC]
[01/01/09 01:33:14.433] 	recv: [3b: 33 71 13]
[01/01/09 01:33:14.455] send: [3b: 32 72 01]
[01/01/09 01:33:14.460] 	recv: [4b: 32 72 01 85]
[01/01/09 01:33:14.475] send: [3b: 31 72 21]
[01/01/09 01:33:14.481] 	recv: [7b: 31 72 21 00 00 00 00]
[01/01/09 01:33:14.493] send: [3b: 32 72 01]
[01/01/09 01:33:14.499] 	recv: [4b: 32 72 01 85]
[01/01/09 01:33:14.515] send: [3b: 33 72 21]
[01/01/09 01:33:14.521] 	recv: [7b: 33 72 21 00 00 09 9A]
[01/01/09 01:33:14.535] send: [3b: 32 72 01]
[01/01/09 01:33:14.540] 	recv: [4b: 32 72 01 85]
[01/01/09 01:33:14.556] send: [3b: 32 72 01]
[01/01/09 01:33:14.562] 	recv: [4b: 32 72 01 85]
[01/01/09 01:33:14.576] send: [5b: 31 71 13 03 84]
[01/01/09 01:33:14.581] 	recv: [3b: 31 71 13]
[01/01/09 01:33:14.593] send: [3b: 32 72 01]
[01/01/09 01:33:14.598] 	recv: [4b: 32 72 01 85]
[01/01/09 01:33:14.607] send: [5b: 33 71 13 05 DC]
[01/01/09 01:33:14.614] 	recv: [3b: 33 71 13]
[01/01/09 01:33:14.627] send: [3b: 32 72 01]
[01/01/09 01:33:14.633] 	recv: [4b: 32 72 01 85]
[01/01/09 01:33:14.647] send: [6b: 31 43 FF FF FD 2C]
[01/01/09 01:33:14.654] 	recv: [2b: 31 43]
[01/01/09 01:33:14.664] send: [3b: 32 72 01]
[01/01/09 01:33:14.669] 	recv: [4b: 32 72 01 85]
[01/01/09 01:33:14.684] send: [3b: 33 72 21]
[01/01/09 01:33:14.690] 	recv: [7b: 33 72 21 00 00 09 9A]
[01/01/09 01:33:14.705] send: [3b: 32 72 01]
[01/01/09 01:33:14.711] 	recv: [4b: 32 72 01 85]
[01/01/09 01:33:14.724] send: [3b: 31 72 21]
[01/01/09 01:33:14.730] 	recv: [7b: 31 72 21 FF FF FF FF]
[01/01/09 01:33:14.744] send: [3b: 32 72 01]
[01/01/09 01:33:14.750] 	recv: [4b: 32 72 01 85]
[01/01/09 01:33:14.765] send: [3b: 32 72 01]
[01/01/09 01:33:14.771] 	recv: [4b: 32 72 01 85]
[01/01/09 01:33:14.784] send: [5b: 33 71 13 05 DC]
[01/01/09 01:33:14.790] 	recv: [3b: 33 71 13]
[01/01/09 01:33:14.805] send: [3b: 32 72 01]
[01/01/09 01:33:14.811] 	recv: [4b: 32 72 01 85]
[01/01/09 01:33:14.824] send: [5b: 31 71 13 03 84]
[01/01/09 01:33:14.830] 	recv: [3b: 31 71 13]
[01/01/09 01:33:14.846] send: [3b: 32 72 01]
[01/01/09 01:33:14.851] 	recv: [4b: 32 72 01 85]
[01/01/09 01:33:14.864] send: [3b: 33 72 21]
[01/01/09 01:33:14.871] 	recv: [7b: 33 72 21 00 00 09 9A]
[01/01/09 01:33:14.883] send: [3b: 32 72 01]
[01/01/09 01:33:14.889] 	recv: [4b: 32 72 01 85]
[01/01/09 01:33:14.903] send: [6b: 31 43 FF FF FD 2D]
[01/01/09 01:33:14.910] 	recv: [2b: 31 43]
[01/01/09 01:33:14.924] send: [3b: 32 72 01]
[01/01/09 01:33:14.930] 	recv: [4b: 32 72 01 85]
[01/01/09 01:33:14.943] send: [3b: 32 72 01]
[01/01/09 01:33:14.949] 	recv: [4b: 32 72 01 85]
[01/01/09 01:33:14.965] send: [3b: 31 72 21]
[01/01/09 01:33:14.971] 	recv: [7b: 31 72 21 FF FF FF F0]
[01/01/09 01:33:14.987] send: [5b: 33 71 13 05 DC]
[01/01/09 01:33:14.993] 	recv: [3b: 33 71 13]
[01/01/09 01:33:15.007] send: [3b: 32 72 01]
[01/01/09 01:33:15.012] 	recv: [4b: 32 72 01 85]
[01/01/09 01:33:15.025] send: [3b: 32 72 01]
[01/01/09 01:33:15.031] 	recv: [4b: 32 72 01 85]
[01/01/09 01:33:15.045] send: [3b: 33 72 21]
[01/01/09 01:33:15.051] 	recv: [7b: 33 72 21 00 00 09 9A]
[01/01/09 01:33:15.063] send: [3b: 32 72 01]
[01/01/09 01:33:15.068] 	recv: [4b: 32 72 01 85]
[01/01/09 01:33:15.075] send: [5b: 31 71 13 03 84]
[01/01/09 01:33:15.082] 	recv: [3b: 31 71 13]
[01/01/09 01:33:15.095] send: [3b: 32 72 01]
[01/01/09 01:33:15.103] 	recv: [4b: 32 72 01 85]
[01/01/09 01:33:15.116] send: [3b: 32 72 01]
[01/01/09 01:33:15.123] 	recv: [4b: 32 72 01 85]
[01/01/09 01:33:15.138] send: [6b: 31 43 FF FF FD 2F]
[01/01/09 01:33:15.144] 	recv: [2b: 31 43]
[01/01/09 01:33:15.153] send: [5b: 33 71 13 05 DC]
[01/01/09 01:33:15.159] 	recv: [3b: 33 71 13]
[01/01/09 01:33:15.174] send: [3b: 32 72 01]
[01/01/09 01:33:15.180] 	recv: [4b: 32 72 01 85]
[01/01/09 01:33:15.195] send: [3b: 32 72 01]
[01/01/09 01:33:15.201] 	recv: [4b: 32 72 01 85]
[01/01/09 01:33:15.215] send: [3b: 31 72 21]
[01/01/09 01:33:15.220] 	recv: [7b: 31 72 21 FF FF FF AE]
[01/01/09 01:33:15.235] send: [3b: 33 72 21]
[01/01/09 01:33:15.242] 	recv: [7b: 33 72 21 00 00 09 9A]
[01/01/09 01:33:15.254] send: [3b: 32 72 01]
[01/01/09 01:33:15.259] 	recv: [4b: 32 72 01 85]
[01/01/09 01:33:15.275] send: [3b: 32 72 01]
[01/01/09 01:33:15.281] 	recv: [4b: 32 72 01 85]
[01/01/09 01:33:15.296] send: [3b: 32 72 01]
[01/01/09 01:33:15.302] 	recv: [4b: 32 72 01 85]
[01/01/09 01:33:15.316] send: [5b: 31 71 13 03 84]
[01/01/09 01:33:15.324] 	recv: [3b: 31 71 13]
[01/01/09 01:33:15.335] send: [5b: 33 71 13 05 DC]
[01/01/09 01:33:15.340] 	recv: [3b: 33 71 13]
[01/01/09 01:33:15.354] send: [3b: 32 72 01]
[01/01/09 01:33:15.359] 	recv: [4b: 32 72 01 85]
[01/01/09 01:33:15.373] send: [3b: 32 72 01]
[01/01/09 01:33:15.380] 	recv: [4b: 32 72 01 85]
[01/01/09 01:33:15.394] send: [3b: 31 72 21]
[01/01/09 01:33:15.400] 	recv: [7b: 31 72 21 FF FF FF 21]
[01/01/09 01:33:15.414] send: [3b: 33 72 21]
[01/01/09 01:33:15.421] 	recv: [7b: 33 72 21 00 00 09 9A]
[01/01/09 01:33:15.435] send: [3b: 32 72 01]
[01/01/09 01:33:15.440] 	recv: [4b: 32 72 01 85]
[01/01/09 01:33:15.453] send: [3b: 32 72 01]
[01/01/09 01:33:15.459] 	recv: [4b: 32 72 01 85]
[01/01/09 01:33:15.473] send: [3b: 32 72 01]
[01/01/09 01:33:15.479] 	recv: [4b: 32 72 01 85]
[01/01/09 01:33:15.494] send: [5b: 31 71 13 03 84]
[01/01/09 01:33:15.500] 	recv: [3b: 31 71 13]
[01/01/09 01:33:15.513] send: [5b: 33 71 13 05 DC]
[01/01/09 01:33:15.519] 	recv: [3b: 33 71 13]
[01/01/09 01:33:15.535] send: [3b: 32 72 01]
[01/01/09 01:33:15.540] 	recv: [4b: 32 72 01 85]
[01/01/09 01:33:15.554] send: [3b: 32 72 01]
[01/01/09 01:33:15.560] 	recv: [4b: 32 72 01 85]
[01/01/09 01:33:15.574] send: [3b: 31 72 21]
[01/01/09 01:33:15.580] 	recv: [7b: 31 72 21 FF FF FE 7F]
[01/01/09 01:33:15.594] send: [3b: 33 72 21]
[01/01/09 01:33:15.599] 	recv: [7b: 33 72 21 00 00 09 9A]
[01/01/09 01:33:15.613] send: [3b: 32 72 01]
[01/01/09 01:33:15.619] 	recv: [4b: 32 72 01 85]
[01/01/09 01:33:15.634] send: [3b: 32 72 01]
[01/01/09 01:33:15.640] 	recv: [4b: 32 72 01 85]
[01/01/09 01:33:15.655] send: [3b: 32 72 01]
[01/01/09 01:33:15.660] 	recv: [4b: 32 72 01 85]
[01/01/09 01:33:15.673] send: [5b: 31 71 13 02 94]
[01/01/09 01:33:15.680] 	recv: [3b: 31 71 13]
[01/01/09 01:33:15.695] send: [5b: 33 71 13 05 DC]
[01/01/09 01:33:15.702] 	recv: [3b: 33 71 13]
[01/01/09 01:33:15.713] send: [3b: 32 72 01]
[01/01/09 01:33:15.720] 	recv: [4b: 32 72 01 85]
[01/01/09 01:33:15.734] send: [3b: 32 72 01]
[01/01/09 01:33:15.740] 	recv: [4b: 32 72 01 85]
[01/01/09 01:33:15.754] send: [3b: 31 72 21]
[01/01/09 01:33:15.761] 	recv: [7b: 31 72 21 FF FF FD EA]
[01/01/09 01:33:15.785] send: [3b: 33 72 21]
[01/01/09 01:33:15.790] 	recv: [7b: 33 72 21 00 00 09 9A]
[01/01/09 01:33:15.806] send: [3b: 32 72 01]
[01/01/09 01:33:15.812] 	recv: [4b: 32 72 01 85]
[01/01/09 01:33:15.826] send: [3b: 32 72 01]
[01/01/09 01:33:15.831] 	recv: [4b: 32 72 01 85]
[01/01/09 01:33:15.844] send: [3b: 32 72 01]
[01/01/09 01:33:15.851] 	recv: [4b: 32 72 01 85]
[01/01/09 01:33:15.864] send: [5b: 31 71 13 01 68]
[01/01/09 01:33:15.870] 	recv: [3b: 31 71 13]
[01/01/09 01:33:15.884] send: [5b: 33 71 13 05 DC]
[01/01/09 01:33:15.892] 	recv: [3b: 33 71 13]
[01/01/09 01:33:15.904] send: [3b: 32 72 01]
[01/01/09 01:33:15.911] 	recv: [4b: 32 72 01 85]
[01/01/09 01:33:15.924] send: [3b: 32 72 01]
[01/01/09 01:33:15.931] 	recv: [4b: 32 72 01 85]
[01/01/09 01:33:15.944] send: [3b: 31 72 21]
[01/01/09 01:33:15.950] 	recv: [7b: 31 72 21 FF FF FD 78]
[01/01/09 01:33:15.964] send: [3b: 33 72 21]
[01/01/09 01:33:15.971] 	recv: [7b: 33 72 21 00 00 09 9A]
[01/01/09 01:33:15.984] send: [3b: 32 72 01]
[01/01/09 01:33:15.989] 	recv: [4b: 32 72 01 85]
[01/01/09 01:33:16.004] send: [3b: 32 72 01]
[01/01/09 01:33:16.010] 	recv: [4b: 32 72 01 85]
[01/01/09 01:33:16.024] send: [3b: 32 72 01]
[01/01/09 01:33:16.031] 	recv: [4b: 32 72 01 85]
[01/01/09 01:33:16.044] send: [5b: 31 71 13 00 8C]
[01/01/09 01:33:16.051] 	recv: [3b: 31 71 13]
[01/01/09 01:33:16.063] send: [5b: 33 71 13 05 DC]
[01/01/09 01:33:16.070] 	recv: [3b: 33 71 13]
[01/01/09 01:33:16.084] send: [3b: 32 72 01]
[01/01/09 01:33:16.090] 	recv: [4b: 32 72 01 85]
[01/01/09 01:33:16.105] send: [3b: 32 72 01]
[01/01/09 01:33:16.111] 	recv: [4b: 32 72 01 85]
[01/01/09 01:33:16.124] send: [3b: 31 72 21]
[01/01/09 01:33:16.132] 	recv: [7b: 31 72 21 FF FF FD 3B]
[01/01/09 01:33:16.144] send: [3b: 33 72 21]
[01/01/09 01:33:16.152] 	recv: [7b: 33 72 21 00 00 09 9A]
[01/01/09 01:33:16.164] send: [3b: 32 72 01]
[01/01/09 01:33:16.170] 	recv: [4b: 32 72 01 85]
[01/01/09 01:33:16.183] send: [3b: 32 72 01]
[01/01/09 01:33:16.189] 	recv: [4b: 32 72 01 85]
[01/01/09 01:33:16.204] send: [3b: 32 72 01]
[01/01/09 01:33:16.210] 	recv: [4b: 32 72 01 85]
[01/01/09 01:33:16.223] send: [5b: 31 71 13 00 14]
[01/01/09 01:33:16.231] 	recv: [3b: 31 71 13]
[01/01/09 01:33:16.245] send: [5b: 33 71 13 05 DC]
[01/01/09 01:33:16.251] 	recv: [3b: 33 71 13]
[01/01/09 01:33:16.264] send: [3b: 32 72 01]
[01/01/09 01:33:16.270] 	recv: [4b: 32 72 01 85]
[01/01/09 01:33:16.284] send: [3b: 32 72 01]
[01/01/09 01:33:16.289] 	recv: [4b: 32 72 01 85]
[01/01/09 01:33:16.303] send: [6b: 31 43 FF FF FD 2D]
[01/01/09 01:33:16.311] 	recv: [2b: 31 43]
[01/01/09 01:33:16.323] send: [3b: 33 72 21]
[01/01/09 01:33:16.331] 	recv: [7b: 33 72 21 00 00 09 9A]
[01/01/09 01:33:16.345] send: [3b: 32 72 01]
[01/01/09 01:33:16.350] 	recv: [4b: 32 72 01 00]
[01/01/09 01:33:16.364] send: [3b: 31 72 21]
[01/01/09 01:33:16.370] 	recv: [7b: 31 72 21 FF FF FD 2E]
[01/01/09 01:33:16.385] send: [5b: 32 71 13 03 84]
[01/01/09 01:33:16.393] 	recv: [3b: 32 71 13]
[01/01/09 01:33:16.406] send: [5b: 33 71 13 05 DC]
[01/01/09 01:33:16.411] 	recv: [3b: 33 71 13]
[01/01/09 01:33:16.423] send: [7b: 32 71 21 00 00 00 00]
[01/01/09 01:33:16.429] 	recv: [3b: 32 71 21]
[01/01/09 01:33:16.444] send: [5b: 31 71 13 00 14]
[01/01/09 01:33:16.451] 	recv: [3b: 31 71 13]
[01/01/09 01:33:16.466] send: [3b: 33 72 21]
[01/01/09 01:33:16.476] send: [3b: 31 72 21]
[01/01/09 01:33:16.476] 	recv: [7b: 33 72 21 00 00 09 9A]
[01/01/09 01:33:16.481] 	recv: [7b: 31 72 21 FF FF FD 2D]
[01/01/09 01:33:16.493] send: [5b: 33 71 13 05 DC]
[01/01/09 01:33:16.499] 	recv: [3b: 33 71 13]
[01/01/09 01:33:16.515] send: [5b: 32 71 13 02 94]
[01/01/09 01:33:16.522] 	recv: [3b: 32 71 13]
[01/01/09 01:33:16.534] send: [5b: 31 71 13 00 14]
[01/01/09 01:33:16.541] 	recv: [3b: 31 71 13]
[01/01/09 01:33:16.555] send: [3b: 33 72 21]
[01/01/09 01:33:16.561] 	recv: [7b: 33 72 21 00 00 09 9A]
[01/01/09 01:33:16.574] send: [6b: 32 43 FF FF FE AD]
[01/01/09 01:33:16.580] 	recv: [2b: 32 43]
[01/01/09 01:33:16.594] send: [3b: 31 72 21]
[01/01/09 01:33:16.600] 	recv: [7b: 31 72 21 FF FF FD 2D]
[01/01/09 01:33:16.614] send: [5b: 33 71 13 05 DC]
[01/01/09 01:33:16.620] 	recv: [3b: 33 71 13]
[01/01/09 01:33:16.634] send: [3b: 32 72 21]
[01/01/09 01:33:16.639] 	recv: [7b: 32 72 21 FF FF FF FF]
[01/01/09 01:33:16.654] send: [5b: 31 71 13 00 14]
[01/01/09 01:33:16.660] 	recv: [3b: 31 71 13]
[01/01/09 01:33:16.674] send: [3b: 33 72 21]
[01/01/09 01:33:16.681] 	recv: [7b: 33 72 21 00 00 09 9A]
[01/01/09 01:33:16.695] send: [5b: 32 71 13 02 94]
[01/01/09 01:33:16.701] 	recv: [3b: 32 71 13]
[01/01/09 01:33:16.713] send: [3b: 31 72 21]
[01/01/09 01:33:16.720] 	recv: [7b: 31 72 21 FF FF FD 2D]
[01/01/09 01:33:16.733] send: [5b: 33 71 13 05 DC]
[01/01/09 01:33:16.740] 	recv: [3b: 33 71 13]
[01/01/09 01:33:16.756] send: [3b: 32 72 21]
[01/01/09 01:33:16.763] 	recv: [7b: 32 72 21 FF FF FF FB]
[01/01/09 01:33:16.774] send: [5b: 31 71 13 00 14]
[01/01/09 01:33:16.780] 	recv: [3b: 31 71 13]
[01/01/09 01:33:16.795] send: [3b: 33 72 21]
[01/01/09 01:33:16.801] 	recv: [7b: 33 72 21 00 00 09 9A]
[01/01/09 01:33:16.815] send: [5b: 32 71 13 02 94]
[01/01/09 01:33:16.821] 	recv: [3b: 32 71 13]
[01/01/09 01:33:16.834] send: [3b: 31 72 21]
[01/01/09 01:33:16.841] 	recv: [7b: 31 72 21 FF FF FD 2D]
[01/01/09 01:33:16.854] send: [5b: 33 71 13 05 DC]
[01/01/09 01:33:16.860] 	recv: [3b: 33 71 13]
[01/01/09 01:33:16.875] send: [3b: 32 72 21]
[01/01/09 01:33:16.881] 	recv: [7b: 32 72 21 FF FF FF F2]
[01/01/09 01:33:16.894] send: [5b: 31 71 13 00 14]
[01/01/09 01:33:16.899] 	recv: [3b: 31 71 13]
[01/01/09 01:33:16.914] send: [3b: 33 72 21]
[01/01/09 01:33:16.920] 	recv: [7b: 33 72 21 00 00 09 9A]
[01/01/09 01:33:16.933] send: [5b: 32 71 13 02 80]
[01/01/09 01:33:16.939] 	recv: [3b: 32 71 13]
[01/01/09 01:33:16.953] send: [3b: 31 72 21]
[01/01/09 01:33:16.960] 	recv: [7b: 31 72 21 FF FF FD 2D]
[01/01/09 01:33:16.974] send: [5b: 33 71 13 05 DC]
[01/01/09 01:33:16.980] 	recv: [3b: 33 71 13]
[01/01/09 01:33:16.994] send: [3b: 32 72 21]
[01/01/09 01:33:17.000] 	recv: [7b: 32 72 21 FF FF FF E0]
[01/01/09 01:33:17.015] send: [5b: 31 71 13 00 14]
[01/01/09 01:33:17.022] 	recv: [3b: 31 71 13]
[01/01/09 01:33:17.035] send: [3b: 33 72 21]
[01/01/09 01:33:17.043] 	recv: [7b: 33 72 21 00 00 09 9A]
[01/01/09 01:33:17.055] send: [5b: 32 71 13 02 58]
[01/01/09 01:33:17.063] 	recv: [3b: 32 71 13]
[01/01/09 01:33:17.073] send: [3b: 31 72 21]
[01/01/09 01:33:17.079] 	recv: [7b: 31 72 21 FF FF FD 2D]
[01/01/09 01:33:17.096] send: [5b: 33 71 13 05 DC]
[01/01/09 01:33:17.103] 	recv: [3b: 33 71 13]
[01/01/09 01:33:17.115] send: [6b: 32 43 FF FF FE AF]
[01/01/09 01:33:17.122] 	recv: [2b: 32 43]
[01/01/09 01:33:17.135] send: [5b: 31 71 13 00 14]
[01/01/09 01:33:17.141] 	recv: [3b: 31 71 13]
[01/01/09 01:33:17.156] send: [3b: 33 72 21]
[01/01/09 01:33:17.165] 	recv: [7b: 33 72 21 00 00 09 9A]
[01/01/09 01:33:17.176] send: [3b: 32 72 21]
[01/01/09 01:33:17.186] 	recv: [7b: 32 72 21 FF FF FF 9A]
[01/01/09 01:33:17.197] send: [3b: 31 72 21]
[01/01/09 01:33:17.206] send: [5b: 33 71 13 05 DC]
[01/01/09 01:33:17.206] 	recv: [7b: 31 72 21 FF FF FD 2D]
[01/01/09 01:33:17.213] 	recv: [3b: 33 71 13]
[01/01/09 01:33:17.225] send: [3b: 33 72 21]
[01/01/09 01:33:17.231] 	recv: [7b: 33 72 21 00 00 09 9A]
[01/01/09 01:33:17.244] send: [6b: 32 43 FF FF FE B1]
[01/01/09 01:33:17.250] 	recv: [2b: 32 43]
[01/01/09 01:33:17.264] send: [5b: 31 71 13 00 14]
[01/01/09 01:33:17.270] 	recv: [3b: 31 71 13]
[01/01/09 01:33:17.272] send: [6b: 31 43 FF FF FD 2E]
[01/01/09 01:33:17.277] 	recv: [2b: 31 43]
[01/01/09 01:33:17.294] send: [5b: 33 71 13 05 DC]
[01/01/09 01:33:17.300] 	recv: [3b: 33 71 13]
[01/01/09 01:33:17.315] send: [3b: 32 72 21]
[01/01/09 01:33:17.322] 	recv: [7b: 32 72 21 FF FF FF 47]
[01/01/09 01:33:17.333] send: [3b: 31 72 21]
[01/01/09 01:33:17.339] 	recv: [7b: 31 72 21 FF FF FD 2E]
[01/01/09 01:33:17.354] send: [3b: 33 72 21]
[01/01/09 01:33:17.361] 	recv: [7b: 33 72 21 00 00 09 9A]
[01/01/09 01:33:17.374] send: [5b: 32 71 13 01 18]
[01/01/09 01:33:17.380] 	recv: [3b: 32 71 13]
[01/01/09 01:33:17.394] send: [5b: 31 71 13 00 14]
[01/01/09 01:33:17.401] 	recv: [3b: 31 71 13]
[01/01/09 01:33:17.414] send: [5b: 33 71 13 05 DC]
[01/01/09 01:33:17.421] 	recv: [3b: 33 71 13]
[01/01/09 01:33:17.434] send: [6b: 32 43 FF FF FE B4]
[01/01/09 01:33:17.439] 	recv: [2b: 32 43]
[01/01/09 01:33:17.454] send: [6b: 31 43 FF FF FD 30]
[01/01/09 01:33:17.460] 	recv: [2b: 31 43]
[01/01/09 01:33:17.474] send: [3b: 33 72 21]
[01/01/09 01:33:17.479] 	recv: [7b: 33 72 21 00 00 09 9A]
[01/01/09 01:33:17.495] send: [3b: 32 72 21]
[01/01/09 01:33:17.501] 	recv: [7b: 32 72 21 FF FF FE F0]
[01/01/09 01:33:17.514] send: [3b: 31 72 21]
[01/01/09 01:33:17.520] 	recv: [7b: 31 72 21 FF FF FD 2F]
[01/01/09 01:33:17.538] send: [5b: 33 71 13 05 DC]
[01/01/09 01:33:17.543] 	recv: [3b: 33 71 13]
[01/01/09 01:33:17.556] send: [5b: 32 71 13 00 64]
[01/01/09 01:33:17.561] 	recv: [3b: 32 71 13]
[01/01/09 01:33:17.574] send: [5b: 31 71 13 00 14]
[01/01/09 01:33:17.580] 	recv: [3b: 31 71 13]
[01/01/09 01:33:17.596] send: [3b: 33 72 21]
[01/01/09 01:33:17.603] 	recv: [7b: 33 72 21 00 00 09 9A]
[01/01/09 01:33:17.618] send: [6b: 32 43 FF FF FE B6]
[01/01/09 01:33:17.623] 	recv: [2b: 32 43]
[01/01/09 01:33:17.634] send: [6b: 31 43 FF FF FD 32]
[01/01/09 01:33:17.640] 	recv: [2b: 31 43]
[01/01/09 01:33:17.654] send: [3b: 32 72 21]
[01/01/09 01:33:17.661] 	recv: [7b: 32 72 21 FF FF FE CA]
[01/01/09 01:33:17.673] send: [5b: 33 71 13 05 DC]
[01/01/09 01:33:17.680] 	recv: [3b: 33 71 13]
[01/01/09 01:33:17.694] send: [3b: 31 72 21]
[01/01/09 01:33:17.701] 	recv: [7b: 31 72 21 FF FF FD 31]
[01/01/09 01:33:17.713] send: [3b: 33 72 21]
[01/01/09 01:33:17.720] 	recv: [7b: 33 72 21 00 00 09 9A]
[01/01/09 01:33:17.733] send: [5b: 32 71 13 00 1E]
[01/01/09 01:33:17.739] 	recv: [3b: 32 71 13]
[01/01/09 01:33:17.754] send: [5b: 31 71 13 00 14]
[01/01/09 01:33:17.761] 	recv: [3b: 31 71 13]
[01/01/09 01:33:17.775] send: [6b: 32 43 FF FF FE B8]
[01/01/09 01:33:17.781] 	recv: [2b: 32 43]
[01/01/09 01:33:17.795] send: [5b: 33 71 13 05 DC]
[01/01/09 01:33:17.801] 	recv: [3b: 33 71 13]
[01/01/09 01:33:17.813] send: [6b: 31 43 FF FF FD 34]
[01/01/09 01:33:17.819] 	recv: [2b: 31 43]
[01/01/09 01:33:17.833] send: [3b: 32 72 21]
[01/01/09 01:33:17.840] 	recv: [7b: 32 72 21 FF FF FE B9]
[01/01/09 01:33:17.853] send: [3b: 33 72 21]
[01/01/09 01:33:17.860] 	recv: [7b: 33 72 21 00 00 09 9A]
[01/01/09 01:33:17.875] send: [3b: 31 72 21]
[01/01/09 01:33:17.881] 	recv: [7b: 31 72 21 FF FF FD 33]
[01/01/09 01:33:17.884] send: [5b: 33 71 13 05 DC]
[01/01/09 01:33:17.891] 	recv: [3b: 33 71 13]
[01/01/09 01:33:17.905] send: [5b: 32 71 13 00 14]
[01/01/09 01:33:17.911] 	recv: [3b: 32 71 13]
[01/01/09 01:33:17.925] send: [5b: 31 71 13 00 14]
[01/01/09 01:33:17.932] 	recv: [3b: 31 71 13]
[01/01/09 01:33:17.944] send: [3b: 33 72 21]
[01/01/09 01:33:17.950] 	recv: [7b: 33 72 21 00 00 09 9A]
[01/01/09 01:33:17.964] send: [3b: 32 72 21]
[01/01/09 01:33:17.970] 	recv: [7b: 32 72 21 FF FF FE B8]
[01/01/09 01:33:17.985] send: [6b: 31 43 FF FF FD 36]
[01/01/09 01:33:17.991] 	recv: [2b: 31 43]
[01/01/09 01:33:17.993] send: [3b: 31 72 21]
[01/01/09 01:33:17.999] 	recv: [7b: 31 72 21 FF FF FD 34]
[01/01/09 01:33:18.016] send: [5b: 33 71 13 05 DC]
[01/01/09 01:33:18.023] 	recv: [3b: 33 71 13]
[01/01/09 01:33:18.035] send: [5b: 32 71 13 00 14]
[01/01/09 01:33:18.041] 	recv: [3b: 32 71 13]
[01/01/09 01:33:18.054] send: [3b: 33 72 21]
[01/01/09 01:33:18.061] 	recv: [7b: 33 72 21 00 00 09 9A]
[01/01/09 01:33:18.074] send: [5b: 31 71 13 00 14]
[01/01/09 01:33:18.080] 	recv: [3b: 31 71 13]
[01/01/09 01:33:18.095] send: [3b: 32 72 21]
[01/01/09 01:33:18.101] 	recv: [7b: 32 72 21 FF FF FE B8]
[01/01/09 01:33:18.114] send: [6b: 31 43 FF FF FD 39]
[01/01/09 01:33:18.121] 	recv: [2b: 31 43]
[01/01/09 01:33:18.135] send: [5b: 33 71 13 05 DC]
[01/01/09 01:33:18.142] 	recv: [3b: 33 71 13]
[01/01/09 01:33:18.153] send: [5b: 32 71 13 00 14]
[01/01/09 01:33:18.160] 	recv: [3b: 32 71 13]
[01/01/09 01:33:18.175] send: [3b: 31 72 21]
[01/01/09 01:33:18.182] 	recv: [7b: 31 72 21 FF FF FD 37]
[01/01/09 01:33:18.194] send: [3b: 33 72 21]
[01/01/09 01:33:18.201] 	recv: [7b: 33 72 21 00 00 09 9A]
[01/01/09 01:33:18.213] send: [3b: 32 72 21]
[01/01/09 01:33:18.219] 	recv: [7b: 32 72 21 FF FF FE B8]
[01/01/09 01:33:18.233] send: [5b: 31 71 13 00 14]
[01/01/09 01:33:18.240] 	recv: [3b: 31 71 13]
[01/01/09 01:33:18.256] send: [5b: 33 71 13 05 DC]
[01/01/09 01:33:18.262] 	recv: [3b: 33 71 13]
[01/01/09 01:33:18.275] send: [5b: 32 71 13 00 14]
[01/01/09 01:33:18.282] 	recv: [3b: 32 71 13]
[01/01/09 01:33:18.294] send: [6b: 31 43 FF FF FD 3B]
[01/01/09 01:33:18.299] 	recv: [2b: 31 43]
[01/01/09 01:33:18.314] send: [3b: 33 72 21]
[01/01/09 01:33:18.320] 	recv: [7b: 33 72 21 00 00 09 9A]
[01/01/09 01:33:18.334] send: [6b: 32 43 FF FF FE B5]
[01/01/09 01:33:18.340] 	recv: [2b: 32 43]
[01/01/09 01:33:18.357] send: [3b: 31 72 21]
[01/01/09 01:33:18.363] 	recv: [7b: 31 72 21 FF FF FD 3A]
[01/01/09 01:33:18.374] send: [5b: 33 71 13 05 DC]
[01/01/09 01:33:18.380] 	recv: [3b: 33 71 13]
[01/01/09 01:33:18.394] send: [3b: 32 72 21]
[01/01/09 01:33:18.400] 	recv: [7b: 32 72 21 FF FF FE B7]
[01/01/09 01:33:18.415] send: [5b: 31 71 13 00 14]
[01/01/09 01:33:18.422] 	recv: [3b: 31 71 13]
[01/01/09 01:33:18.433] send: [3b: 33 72 21]
[01/01/09 01:33:18.440] 	recv: [7b: 33 72 21 00 00 09 9A]
[01/01/09 01:33:18.454] send: [5b: 32 71 13 00 14]
[01/01/09 01:33:18.460] 	recv: [3b: 32 71 13]
[01/01/09 01:33:18.474] send: [6b: 31 43 FF FF FD 3D]
[01/01/09 01:33:18.481] 	recv: [2b: 31 43]
[01/01/09 01:33:18.494] send: [5b: 33 71 13 05 DC]
[01/01/09 01:33:18.500] 	recv: [3b: 33 71 13]
[01/01/09 01:33:18.515] send: [6b: 32 43 FF FF FE B2]
[01/01/09 01:33:18.521] 	recv: [2b: 32 43]
[01/01/09 01:33:18.535] send: [3b: 31 72 21]
[01/01/09 01:33:18.541] 	recv: [7b: 31 72 21 FF FF FD 3C]
[01/01/09 01:33:18.555] send: [3b: 33 72 21]
[01/01/09 01:33:18.562] 	recv: [7b: 33 72 21 00 00 09 9A]
[01/01/09 01:33:18.573] send: [3b: 32 72 21]
[01/01/09 01:33:18.581] 	recv: [7b: 32 72 21 FF FF FE B4]
[01/01/09 01:33:18.595] send: [5b: 31 71 13 00 14]
[01/01/09 01:33:18.602] 	recv: [3b: 31 71 13]
[01/01/09 01:33:18.613] send: [5b: 33 71 13 05 DC]
[01/01/09 01:33:18.620] 	recv: [3b: 33 71 13]
[01/01/09 01:33:18.634] send: [5b: 32 71 13 00 14]
[01/01/09 01:33:18.639] 	recv: [3b: 32 71 13]
[01/01/09 01:33:18.655] send: [6b: 31 43 FF FF FD 3E]
[01/01/09 01:33:18.662] 	recv: [2b: 31 43]
[01/01/09 01:33:18.675] send: [3b: 33 72 21]
[01/01/09 01:33:18.681] 	recv: [7b: 33 72 21 00 00 09 9A]
[01/01/09 01:33:18.697] send: [6b: 32 43 FF FF FE B0]
[01/01/09 01:33:18.703] 	recv: [2b: 32 43]
[01/01/09 01:33:18.715] send: [3b: 31 72 21]
[01/01/09 01:33:18.721] 	recv: [7b: 31 72 21 FF FF FD 3E]
[01/01/09 01:33:18.724] send: [5b: 33 71 13 05 DC]
[01/01/09 01:33:18.729] 	recv: [3b: 33 71 13]
[01/01/09 01:33:18.744] send: [3b: 32 72 21]
[01/01/09 01:33:18.751] 	recv: [7b: 32 72 21 FF FF FE B2]
[01/01/09 01:33:18.763] send: [5b: 31 71 13 00 14]
[01/01/09 01:33:18.770] 	recv: [3b: 31 71 13]
[01/01/09 01:33:18.783] send: [3b: 33 72 21]
[01/01/09 01:33:18.790] 	recv: [7b: 33 72 21 00 00 09 9A]
[01/01/09 01:33:18.808] send: [3b: 31 72 21]
[01/01/09 01:33:18.813] 	recv: [7b: 31 72 21 FF FF FD 3E]
[01/01/09 01:33:18.828] send: [5b: 32 71 13 00 14]
[01/01/09 01:33:18.833] 	recv: [3b: 32 71 13]
[01/01/09 01:33:18.836] send: [6b: 32 43 FF FF FE AE]
[01/01/09 01:33:18.841] 	recv: [2b: 32 43]
[01/01/09 01:33:18.854] send: [5b: 31 71 13 00 14]
[01/01/09 01:33:18.860] 	recv: [3b: 31 71 13]
[01/01/09 01:33:18.874] send: [5b: 33 71 13 05 DC]
[01/01/09 01:33:18.881] 	recv: [3b: 33 71 13]
[01/01/09 01:33:18.894] send: [3b: 32 72 21]
[01/01/09 01:33:18.902] 	recv: [7b: 32 72 21 FF FF FE AF]
[01/01/09 01:33:18.914] send: [6b: 31 43 FF FF FD 40]
[01/01/09 01:33:18.921] 	recv: [2b: 31 43]
[01/01/09 01:33:18.933] send: [3b: 33 72 21]
[01/01/09 01:33:18.940] 	recv: [7b: 33 72 21 00 00 09 9A]
[01/01/09 01:33:18.943] send: [5b: 32 71 13 00 14]
[01/01/09 01:33:18.949] 	recv: [3b: 32 71 13]
[01/01/09 01:33:18.964] send: [3b: 31 72 21]
[01/01/09 01:33:18.970] 	recv: [7b: 31 72 21 FF FF FD 3E]
[01/01/09 01:33:18.983] send: [5b: 33 71 13 05 DC]
[01/01/09 01:33:18.989] 	recv: [3b: 33 71 13]
[01/01/09 01:33:19.004] send: [3b: 32 72 21]
[01/01/09 01:33:19.010] 	recv: [7b: 32 72 21 FF FF FE AE]
[01/01/09 01:33:19.024] send: [3b: 33 72 21]
[01/01/09 01:33:19.029] 	recv: [7b: 33 72 21 00 00 09 9A]
[01/01/09 01:33:19.044] send: [5b: 31 71 13 00 14]
[01/01/09 01:33:19.049] 	recv: [3b: 31 71 13]
[01/01/09 01:33:19.051] send: [3b: 31 72 21]
[01/01/09 01:33:19.057] 	recv: [7b: 31 72 21 FF FF FD 40]
[01/01/09 01:33:19.074] send: [5b: 33 71 13 05 DC]
[01/01/09 01:33:19.079] 	recv: [3b: 33 71 13]
[01/01/09 01:33:19.094] send: [5b: 32 71 13 00 14]
[01/01/09 01:33:19.101] 	recv: [3b: 32 71 13]
[01/01/09 01:33:19.103] send: [6b: 32 43 FF FF FE AF]
[01/01/09 01:33:19.108] 	recv: [2b: 32 43]
[01/01/09 01:33:19.124] send: [5b: 31 71 13 00 14]
[01/01/09 01:33:19.130] 	recv: [3b: 31 71 13]
[01/01/09 01:33:19.143] send: [3b: 33 72 21]
[01/01/09 01:33:19.149] 	recv: [7b: 33 72 21 00 00 09 9A]
[01/01/09 01:33:19.164] send: [3b: 32 72 21]
[01/01/09 01:33:19.170] 	recv: [7b: 32 72 21 FF FF FE AF]
[01/01/09 01:33:19.183] send: [3b: 31 72 21]
[01/01/09 01:33:19.189] 	recv: [7b: 31 72 21 FF FF FD 40]
[01/01/09 01:33:19.203] send: [5b: 33 71 13 05 DC]
[01/01/09 01:33:19.209] 	recv: [3b: 33 71 13]
[01/01/09 01:33:19.224] send: [5b: 32 71 13 00 14]
[01/01/09 01:33:19.230] 	recv: [3b: 32 71 13]
[01/01/09 01:33:19.243] send: [5b: 31 71 13 00 14]
[01/01/09 01:33:19.249] 	recv: [3b: 31 71 13]
[01/01/09 01:33:19.265] send: [3b: 33 72 21]
[01/01/09 01:33:19.271] 	recv: [7b: 33 72 21 00 00 09 9A]
[01/01/09 01:33:19.284] send: [6b: 32 43 FF FF FE AA]
[01/01/09 01:33:19.290] 	recv: [2b: 32 43]
[01/01/09 01:33:19.304] send: [3b: 31 72 21]
[01/01/09 01:33:19.309] 	recv: [7b: 31 72 21 FF FF FD 40]
[01/01/09 01:33:19.323] send: [5b: 33 71 13 05 DC]
[01/01/09 01:33:19.329] 	recv: [3b: 33 71 13]
[01/01/09 01:33:19.344] send: [3b: 32 72 21]
[01/01/09 01:33:19.349] 	recv: [7b: 32 72 21 FF FF FE AE]
[01/01/09 01:33:19.363] send: [5b: 31 71 13 00 14]
[01/01/09 01:33:19.369] 	recv: [3b: 31 71 13]
[01/01/09 01:33:19.384] send: [3b: 33 72 21]
[01/01/09 01:33:19.390] 	recv: [7b: 33 72 21 00 00 09 9A]
[01/01/09 01:33:19.405] send: [5b: 32 71 13 00 14]
[01/01/09 01:33:19.411] 	recv: [3b: 32 71 13]
[01/01/09 01:33:19.424] send: [3b: 31 72 21]
[01/01/09 01:33:19.430] 	recv: [7b: 31 72 21 FF FF FD 40]
[01/01/09 01:33:19.443] send: [5b: 33 71 13 05 DC]
[01/01/09 01:33:19.449] 	recv: [3b: 33 71 13]
[01/01/09 01:33:19.464] send: [6b: 32 43 FF FF FE A9]
[01/01/09 01:33:19.470] 	recv: [2b: 32 43]
[01/01/09 01:33:19.483] send: [5b: 31 71 13 00 14]
[01/01/09 01:33:19.489] 	recv: [3b: 31 71 13]
[01/01/09 01:33:19.503] send: [3b: 33 72 21]
[01/01/09 01:33:19.510] 	recv: [7b: 33 72 21 00 00 09 9A]
[01/01/09 01:33:19.524] send: [3b: 32 72 21]
[01/01/09 01:33:19.530] 	recv: [7b: 32 72 21 FF FF FE AB]
[01/01/09 01:33:19.545] send: [6b: 31 43 FF FF FD 3E]
[01/01/09 01:33:19.552] 	recv: [2b: 31 43]
[01/01/09 01:33:19.563] send: [5b: 33 71 13 05 DC]
[01/01/09 01:33:19.570] 	recv: [3b: 33 71 13]
[01/01/09 01:33:19.587] send: [5b: 32 71 13 00 14]
[01/01/09 01:33:19.593] 	recv: [3b: 32 71 13]
[01/01/09 01:33:19.603] send: [3b: 31 72 21]
[01/01/09 01:33:19.611] 	recv: [7b: 31 72 21 FF FF FD 3F]
[01/01/09 01:33:19.624] send: [3b: 33 72 21]
[01/01/09 01:33:19.632] 	recv: [7b: 33 72 21 00 00 09 9A]
[01/01/09 01:33:19.644] send: [6b: 32 43 FF FF FE A7]
[01/01/09 01:33:19.652] 	recv: [2b: 32 43]
[01/01/09 01:33:19.664] send: [5b: 31 71 13 00 14]
[01/01/09 01:33:19.671] 	recv: [3b: 31 71 13]
[01/01/09 01:33:19.683] send: [3b: 32 72 21]
[01/01/09 01:33:19.690] 	recv: [7b: 32 72 21 FF FF FE A9]
[01/01/09 01:33:19.704] send: [5b: 33 71 13 05 DC]
[01/01/09 01:33:19.711] 	recv: [3b: 33 71 13]
[01/01/09 01:33:19.725] send: [6b: 31 43 FF FF FD 3C]
[01/01/09 01:33:19.732] 	recv: [2b: 31 43]
[01/01/09 01:33:19.746] send: [3b: 33 72 21]
[01/01/09 01:33:19.753] 	recv: [7b: 33 72 21 00 00 09 9A]
[01/01/09 01:33:19.768] send: [5b: 32 71 13 00 14]
[01/01/09 01:33:19.773] 	recv: [3b: 32 71 13]
[01/01/09 01:33:19.784] send: [3b: 31 72 21]
[01/01/09 01:33:19.791] 	recv: [7b: 31 72 21 FF FF FD 3D]
[01/01/09 01:33:19.793] send: [5b: 33 71 13 05 DC]
[01/01/09 01:33:19.799] 	recv: [3b: 33 71 13]
[01/01/09 01:33:19.814] send: [6b: 32 43 FF FF FE A5]
[01/01/09 01:33:19.821] 	recv: [2b: 32 43]
[01/01/09 01:33:19.834] send: [5b: 31 71 13 00 14]
[01/01/09 01:33:19.840] 	recv: [3b: 31 71 13]
[01/01/09 01:33:19.855] send: [3b: 33 72 21]
[01/01/09 01:33:19.861] 	recv: [7b: 33 72 21 00 00 09 9A]
[01/01/09 01:33:19.873] send: [3b: 32 72 21]
[01/01/09 01:33:19.879] 	recv: [7b: 32 72 21 FF FF FE A6]
[01/01/09 01:33:19.893] send: [6b: 31 43 FF FF FD 3B]
[01/01/09 01:33:19.899] 	recv: [2b: 31 43]
[01/01/09 01:33:19.901] send: [3b: 31 72 21]
[01/01/09 01:33:19.906] 	recv: [7b: 31 72 21 FF FF FD 3C]
[01/01/09 01:33:19.914] send: [5b: 33 71 13 05 DC]
[01/01/09 01:33:19.919] 	recv: [3b: 33 71 13]
[01/01/09 01:33:19.934] send: [5b: 32 71 13 00 14]
[01/01/09 01:33:19.940] 	recv: [3b: 32 71 13]
[01/01/09 01:33:19.954] send: [3b: 33 72 21]
[01/01/09 01:33:19.960] 	recv: [7b: 33 72 21 00 00 09 9A]
[01/01/09 01:33:19.973] send: [5b: 31 71 13 00 14]
[01/01/09 01:33:19.979] 	recv: [3b: 31 71 13]
[01/01/09 01:33:19.994] send: [3b: 32 72 21]
[01/01/09 01:33:20.000] 	recv: [7b: 32 72 21 FF FF FE A5]
[01/01/09 01:33:20.015] send: [6b: 31 43 FF FF FD 38]
[01/01/09 01:33:20.021] 	recv: [2b: 31 43]
[01/01/09 01:33:20.034] send: [5b: 33 71 13 05 DC]
[01/01/09 01:33:20.040] 	recv: [3b: 33 71 13]
[01/01/09 01:33:20.054] send: [5b: 32 71 13 00 14]
[01/01/09 01:33:20.060] 	recv: [3b: 32 71 13]
[01/01/09 01:33:20.075] send: [3b: 31 72 21]
[01/01/09 01:33:20.082] 	recv: [7b: 31 72 21 FF FF FD 3A]
[01/01/09 01:33:20.095] send: [3b: 33 72 21]
[01/01/09 01:33:20.101] 	recv: [7b: 33 72 21 00 00 09 9A]
[01/01/09 01:33:20.115] send: [6b: 32 43 FF FF FE A4]
[01/01/09 01:33:20.121] 	recv: [2b: 32 43]
[01/01/09 01:33:20.134] send: [5b: 31 71 13 00 14]
[01/01/09 01:33:20.141] 	recv: [3b: 31 71 13]
[01/01/09 01:33:20.154] send: [5b: 33 71 13 05 DC]
[01/01/09 01:33:20.160] 	recv: [3b: 33 71 13]
[01/01/09 01:33:20.173] send: [3b: 32 72 21]
[01/01/09 01:33:20.180] 	recv: [7b: 32 72 21 FF FF FE A4]
[01/01/09 01:33:20.195] send: [6b: 31 43 FF FF FD 36]
[01/01/09 01:33:20.201] 	recv: [2b: 31 43]
[01/01/09 01:33:20.216] send: [3b: 33 72 21]
[01/01/09 01:33:20.223] 	recv: [7b: 33 72 21 00 00 09 9A]
[01/01/09 01:33:20.236] send: [5b: 32 71 13 00 14]
[01/01/09 01:33:20.243] 	recv: [3b: 32 71 13]
[01/01/09 01:33:20.256] send: [3b: 31 72 21]
[01/01/09 01:33:20.264] 	recv: [7b: 31 72 21 FF FF FD 37]
[01/01/09 01:33:20.276] send: [5b: 33 71 13 05 DC]
[01/01/09 01:33:20.281] 	recv: [3b: 33 71 13]
[01/01/09 01:33:20.293] send: [3b: 32 72 21]
[01/01/09 01:33:20.299] 	recv: [7b: 32 72 21 FF FF FE A4]
[01/01/09 01:33:20.314] send: [5b: 31 71 13 00 14]
[01/01/09 01:33:20.320] 	recv: [3b: 31 71 13]
[01/01/09 01:33:20.333] send: [3b: 33 72 21]
[01/01/09 01:33:20.340] 	recv: [7b: 33 72 21 00 00 09 9A]
[01/01/09 01:33:20.354] send: [5b: 32 71 13 00 14]
[01/01/09 01:33:20.360] 	recv: [3b: 32 71 13]
[01/01/09 01:33:20.374] send: [6b: 31 43 FF FF FD 32]
[01/01/09 01:33:20.380] 	recv: [2b: 31 43]
[01/01/09 01:33:20.405] send: [5b: 33 71 13 05 DC]
[01/01/09 01:33:20.411] 	recv: [3b: 33 71 13]
[01/01/09 01:33:20.424] send: [6b: 32 43 FF FF FE A6]
[01/01/09 01:33:20.432] 	recv: [2b: 32 43]
[01/01/09 01:33:20.444] send: [3b: 31 72 21]
[01/01/09 01:33:20.452] 	recv: [7b: 31 72 21 FF FF FD 35]
[01/01/09 01:33:20.464] send: [3b: 33 72 21]
[01/01/09 01:33:20.472] 	recv: [7b: 33 72 21 00 00 09 9A]
[01/01/09 01:33:20.484] send: [3b: 32 72 21]
[01/01/09 01:33:20.491] 	recv: [7b: 32 72 21 FF FF FE A5]
[01/01/09 01:33:20.504] send: [5b: 31 71 13 00 14]
[01/01/09 01:33:20.511] 	recv: [3b: 31 71 13]
[01/01/09 01:33:20.524] send: [5b: 33 71 13 05 DC]
[01/01/09 01:33:20.532] 	recv: [3b: 33 71 13]
[01/01/09 01:33:20.546] send: [5b: 32 71 13 00 14]
[01/01/09 01:33:20.556] send: [6b: 31 43 FF FF FD 2F]
[01/01/09 01:33:20.556] 	recv: [3b: 32 71 13]
[01/01/09 01:33:20.563] 	recv: [2b: 31 43]
[01/01/09 01:33:20.576] send: [6b: 32 43 FF FF FE A4]
[01/01/09 01:33:20.582] 	recv: [2b: 32 43]
[01/01/09 01:33:20.596] send: [3b: 31 72 21]
[01/01/09 01:33:20.603] 	recv: [7b: 31 72 21 FF FF FD 32]
[01/01/09 01:33:20.617] send: [5b: 33 71 13 05 DC]
[01/01/09 01:33:20.622] 	recv: [3b: 33 71 13]
[01/01/09 01:33:20.635] send: [3b: 32 72 21]
[01/01/09 01:33:20.641] 	recv: [7b: 32 72 21 FF FF FE A5]
[01/01/09 01:33:20.654] send: [5b: 31 71 13 00 14]
[01/01/09 01:33:20.660] 	recv: [3b: 31 71 13]
[01/01/09 01:33:20.673] send: [3b: 33 72 21]
[01/01/09 01:33:20.679] 	recv: [7b: 33 72 21 00 00 09 9A]
[01/01/09 01:33:20.694] send: [5b: 32 71 13 00 14]
[01/01/09 01:33:20.701] 	recv: [3b: 32 71 13]
[01/01/09 01:33:20.701] error: bus thread interrupted
[01/01/09 01:33:20.719] resources: ut=0.15 st=0.06
[01/01/09 01:33:20.719] log finished
