[01/01/09 01:33:07.294] log started
[01/01/09 01:33:07.294] 	[ BusInterface ]
[01/01/09 01:33:07.294] 	cycle = 20
[01/01/09 01:33:07.294] 	delayWriteTime = 6
[01/01/09 01:33:07.294] 	href = cout_4003
[01/01/09 01:33:07.294] 	interface = ethernet
[01/01/09 01:33:07.294] 	localAddr = 10.0.0.1
[01/01/09 01:33:07.294] 	localPort = 4003
[01/01/09 01:33:07.294] 	log:path = 
[01/01/09 01:33:07.294] 	log:size = 
[01/01/09 01:33:07.294] 	log:type = info
[01/01/09 01:33:07.294] 	name = TCP/UDP/UnixSocket Network Bus
[01/01/09 01:33:07.294] 	protocol = udp
[01/01/09 01:33:07.294] 	remoteAddr = 10.0.0.2
[01/01/09 01:33:07.294] 	remotePort = 4003
[01/01/09 01:33:07.295] 	sym = bus_4003
[01/01/09 01:33:07.295] 	type = ethernet
[01/01/09 01:33:07.295] 	vendor = Spetstekhnika
[01/01/09 01:33:07.295] 	writeDelay = async
[01/01/09 01:33:07.295] tid = 6409
[01/01/09 01:33:07.346] udp connection started (cycle=20, receive size=10240)
[01/01/09 01:33:07.346] 	local  = 10.0.0.1:4003
[01/01/09 01:33:07.346] 	remote = 10.0.0.2:4003
[01/01/09 01:33:07.346] 	SO_RCVBUF = 63488
[01/01/09 01:33:07.346] 	SO_SNDBUF = 63488
[01/01/09 01:33:07.367] connection: receive timeout (1,1 10240/10240,0/0)
[01/01/09 01:33:07.368] send: [2b: 32 47]
[01/01/09 01:33:07.374] 	recv: [2b: 32 47]
[01/01/09 01:33:07.387] send: [2b: 33 47]
[01/01/09 01:33:07.393] 	recv: [2b: 33 47]
[01/01/09 01:33:07.406] send: [5b: 32 71 13 02 BC]
[01/01/09 01:33:07.411] 	recv: [3b: 32 71 13]
[01/01/09 01:33:07.427] send: [5b: 33 71 13 01 F4]
[01/01/09 01:33:07.433] 	recv: [3b: 33 71 13]
[01/01/09 01:33:07.447] send: [5b: 32 71 12 00 14]
[01/01/09 01:33:07.452] 	recv: [3b: 32 71 12]
[01/01/09 01:33:07.467] send: [5b: 33 71 12 00 64]
[01/01/09 01:33:07.472] 	recv: [3b: 33 71 12]
[01/01/09 01:33:07.487] send: [4b: 32 71 14 15]
[01/01/09 01:33:07.492] 	recv: [3b: 32 71 14]
[01/01/09 01:33:07.505] send: [4b: 33 71 14 15]
[01/01/09 01:33:07.511] 	recv: [3b: 33 71 14]
[01/01/09 01:33:07.525] send: [4b: 32 71 15 3C]
[01/01/09 01:33:07.532] 	recv: [3b: 32 71 15]
[01/01/09 01:33:07.545] send: [4b: 33 71 15 32]
[01/01/09 01:33:07.552] 	recv: [3b: 33 71 15]
[01/01/09 01:33:07.563] send: [6b: 32 42 00 00 00 8C]
[01/01/09 01:33:07.570] 	recv: [2b: 32 42]
[01/01/09 01:33:07.586] send: [6b: 33 42 FF FF FF 9C]
[01/01/09 01:33:07.593] 	recv: [2b: 33 42]
[01/01/09 01:33:07.604] send: [3b: 32 72 01]
[01/01/09 01:33:07.610] 	recv: [4b: 32 72 01 05]
[01/01/09 01:33:07.624] send: [3b: 33 72 01]
[01/01/09 01:33:07.631] 	recv: [4b: 33 72 01 85]
[01/01/09 01:33:07.644] send: [3b: 32 72 01]
[01/01/09 01:33:07.651] 	recv: [4b: 32 72 01 05]
[01/01/09 01:33:07.664] send: [3b: 33 72 01]
[01/01/09 01:33:07.671] 	recv: [4b: 33 72 01 85]
[01/01/09 01:33:07.684] send: [3b: 32 72 01]
[01/01/09 01:33:07.690] 	recv: [4b: 32 72 01 05]
[01/01/09 01:33:07.704] send: [3b: 33 72 01]
[01/01/09 01:33:07.711] 	recv: [4b: 33 72 01 85]
[01/01/09 01:33:07.727] send: [3b: 32 72 01]
[01/01/09 01:33:07.732] 	recv: [4b: 32 72 01 05]
[01/01/09 01:33:07.744] send: [3b: 33 72 01]
[01/01/09 01:33:07.750] 	recv: [4b: 33 72 01 85]
[01/01/09 01:33:07.765] send: [3b: 32 72 01]
[01/01/09 01:33:07.771] 	recv: [4b: 32 72 01 05]
[01/01/09 01:33:07.784] send: [3b: 33 72 01]
[01/01/09 01:33:07.791] 	recv: [4b: 33 72 01 85]
[01/01/09 01:33:07.804] send: [3b: 32 72 01]
[01/01/09 01:33:07.811] 	recv: [4b: 32 72 01 05]
[01/01/09 01:33:07.824] send: [3b: 33 72 01]
[01/01/09 01:33:07.831] 	recv: [4b: 33 72 01 85]
[01/01/09 01:33:07.844] send: [3b: 32 72 01]
[01/01/09 01:33:07.851] 	recv: [4b: 32 72 01 05]
[01/01/09 01:33:07.864] send: [3b: 33 72 01]
[01/01/09 01:33:07.870] 	recv: [4b: 33 72 01 00]
[01/01/09 01:33:07.884] send: [3b: 32 72 01]
[01/01/09 01:33:07.890] 	recv: [4b: 32 72 01 05]
[01/01/09 01:33:07.905] send: [3b: 32 72 01]
[01/01/09 01:33:07.911] 	recv: [4b: 32 72 01 05]
[01/01/09 01:33:07.924] send: [3b: 33 72 02]
[01/01/09 01:33:07.931] 	recv: [4b: 33 72 02 03]
[01/01/09 01:33:07.944] send: [3b: 32 72 01]
[01/01/09 01:33:07.951] 	recv: [4b: 32 72 01 00]
[01/01/09 01:33:07.966] send: [3b: 33 44 00]
[01/01/09 01:33:07.972] 	recv: [2b: 33 44]
[01/01/09 01:33:07.984] send: [3b: 32 72 02]
[01/01/09 01:33:07.991] 	recv: [4b: 32 72 02 03]
[01/01/09 01:33:08.005] send: [3b: 33 72 01]
[01/01/09 01:33:08.011] 	recv: [4b: 33 72 01 09]
[01/01/09 01:33:08.024] send: [3b: 33 72 02]
[01/01/09 01:33:08.030] 	recv: [4b: 33 72 02 03]
[01/01/09 01:33:08.046] send: [3b: 32 44 80]
[01/01/09 01:33:08.051] 	recv: [2b: 32 44]
[01/01/09 01:33:08.066] send: [3b: 33 72 02]
[01/01/09 01:33:08.072] 	recv: [4b: 33 72 02 03]
[01/01/09 01:33:08.084] send: [3b: 32 72 01]
[01/01/09 01:33:08.090] 	recv: [4b: 32 72 01 89]
[01/01/09 01:33:08.104] send: [3b: 33 72 02]
[01/01/09 01:33:08.110] 	recv: [4b: 33 72 02 03]
[01/01/09 01:33:08.125] send: [3b: 32 72 02]
[01/01/09 01:33:08.131] 	recv: [4b: 32 72 02 03]
[01/01/09 01:33:08.145] send: [3b: 33 72 02]
[01/01/09 01:33:08.152] 	recv: [4b: 33 72 02 03]
[01/01/09 01:33:08.164] send: [3b: 32 72 02]
[01/01/09 01:33:08.170] 	recv: [4b: 32 72 02 03]
[01/01/09 01:33:08.184] send: [3b: 33 72 02]
[01/01/09 01:33:08.190] 	recv: [4b: 33 72 02 03]
[01/01/09 01:33:08.205] send: [3b: 32 72 02]
[01/01/09 01:33:08.210] 	recv: [4b: 32 72 02 13]
[01/01/09 01:33:08.225] send: [3b: 33 72 02]
[01/01/09 01:33:08.231] 	recv: [4b: 33 72 02 03]
[01/01/09 01:33:08.244] send: [3b: 33 72 02]
[01/01/09 01:33:08.250] 	recv: [4b: 33 72 02 03]
[01/01/09 01:33:08.264] send: [6b: 32 42 00 00 01 9F]
[01/01/09 01:33:08.271] 	recv: [2b: 32 42]
[01/01/09 01:33:08.285] send: [3b: 33 72 02]
[01/01/09 01:33:08.291] 	recv: [4b: 33 72 02 03]
[01/01/09 01:33:08.304] send: [3b: 32 72 01]
[01/01/09 01:33:08.310] 	recv: [4b: 32 72 01 05]
[01/01/09 01:33:08.325] send: [3b: 33 72 02]
[01/01/09 01:33:08.331] 	recv: [4b: 33 72 02 03]
[01/01/09 01:33:08.348] send: [3b: 32 72 01]
[01/01/09 01:33:08.356] send: [3b: 32 72 01]
[01/01/09 01:33:08.358] 	recv: [4b: 32 72 01 05]
[01/01/09 01:33:08.365] 	recv: [4b: 32 72 01 05]
[01/01/09 01:33:08.377] send: [3b: 33 72 02]
[01/01/09 01:33:08.383] 	recv: [4b: 33 72 02 03]
[01/01/09 01:33:08.396] send: [3b: 32 72 01]
[01/01/09 01:33:08.402] 	recv: [4b: 32 72 01 05]
[01/01/09 01:33:08.415] send: [3b: 33 72 02]
[01/01/09 01:33:08.422] 	recv: [4b: 33 72 02 03]
[01/01/09 01:33:08.436] send: [3b: 32 72 01]
[01/01/09 01:33:08.443] 	recv: [4b: 32 72 01 05]
[01/01/09 01:33:08.456] send: [3b: 33 72 02]
[01/01/09 01:33:08.462] 	recv: [4b: 33 72 02 03]
[01/01/09 01:33:08.474] send: [3b: 32 72 01]
[01/01/09 01:33:08.481] 	recv: [4b: 32 72 01 05]
[01/01/09 01:33:08.494] send: [3b: 33 72 02]
[01/01/09 01:33:08.501] 	recv: [4b: 33 72 02 03]
[01/01/09 01:33:08.515] send: [3b: 32 72 01]
[01/01/09 01:33:08.523] 	recv: [4b: 32 72 01 05]
[01/01/09 01:33:08.534] send: [3b: 33 72 02]
[01/01/09 01:33:08.540] 	recv: [4b: 33 72 02 03]
[01/01/09 01:33:08.553] send: [3b: 32 72 01]
[01/01/09 01:33:08.560] 	recv: [4b: 32 72 01 05]
[01/01/09 01:33:08.573] send: [3b: 33 72 02]
[01/01/09 01:33:08.580] 	recv: [4b: 33 72 02 03]
[01/01/09 01:33:08.594] send: [3b: 32 72 01]
[01/01/09 01:33:08.601] 	recv: [4b: 32 72 01 05]
[01/01/09 01:33:08.614] send: [3b: 33 72 02]
[01/01/09 01:33:08.620] 	recv: [4b: 33 72 02 03]
[01/01/09 01:33:08.634] send: [3b: 32 72 01]
[01/01/09 01:33:08.640] 	recv: [4b: 32 72 01 05]
[01/01/09 01:33:08.654] send: [3b: 33 72 02]
[01/01/09 01:33:08.660] 	recv: [4b: 33 72 02 03]
[01/01/09 01:33:08.674] send: [3b: 32 72 01]
[01/01/09 01:33:08.681] 	recv: [4b: 32 72 01 05]
[01/01/09 01:33:08.693] send: [3b: 33 72 02]
[01/01/09 01:33:08.700] 	recv: [4b: 33 72 02 03]
[01/01/09 01:33:08.714] send: [3b: 32 72 01]
[01/01/09 01:33:08.721] 	recv: [4b: 32 72 01 05]
[01/01/09 01:33:08.734] send: [3b: 33 72 02]
[01/01/09 01:33:08.740] 	recv: [4b: 33 72 02 03]
[01/01/09 01:33:08.753] send: [3b: 32 72 01]
[01/01/09 01:33:08.759] 	recv: [4b: 32 72 01 05]
[01/01/09 01:33:08.774] send: [3b: 33 72 02]
[01/01/09 01:33:08.781] 	recv: [4b: 33 72 02 03]
[01/01/09 01:33:08.794] send: [3b: 32 72 01]
[01/01/09 01:33:08.800] 	recv: [4b: 32 72 01 05]
[01/01/09 01:33:08.814] send: [3b: 33 72 02]
[01/01/09 01:33:08.820] 	recv: [4b: 33 72 02 03]
[01/01/09 01:33:08.834] send: [3b: 32 72 01]
[01/01/09 01:33:08.840] 	recv: [4b: 32 72 01 05]
[01/01/09 01:33:08.854] send: [3b: 33 72 02]
[01/01/09 01:33:08.860] 	recv: [4b: 33 72 02 03]
[01/01/09 01:33:08.874] send: [3b: 32 72 01]
[01/01/09 01:33:08.880] 	recv: [4b: 32 72 01 05]
[01/01/09 01:33:08.893] send: [3b: 33 72 02]
[01/01/09 01:33:08.900] 	recv: [4b: 33 72 02 03]
[01/01/09 01:33:08.914] send: [3b: 32 72 01]
[01/01/09 01:33:08.920] 	recv: [4b: 32 72 01 05]
[01/01/09 01:33:08.935] send: [3b: 33 72 02]
[01/01/09 01:33:08.940] 	recv: [4b: 33 72 02 03]
[01/01/09 01:33:08.954] send: [3b: 32 72 01]
[01/01/09 01:33:08.960] 	recv: [4b: 32 72 01 05]
[01/01/09 01:33:08.973] send: [3b: 33 72 02]
[01/01/09 01:33:08.980] 	recv: [4b: 33 72 02 03]
[01/01/09 01:33:08.993] send: [3b: 32 72 01]
[01/01/09 01:33:08.999] 	recv: [4b: 32 72 01 05]
[01/01/09 01:33:09.013] send: [3b: 33 72 02]
[01/01/09 01:33:09.019] 	recv: [4b: 33 72 02 03]
[01/01/09 01:33:09.034] send: [3b: 32 72 01]
[01/01/09 01:33:09.040] 	recv: [4b: 32 72 01 00]
[01/01/09 01:33:09.054] send: [3b: 33 72 02]
[01/01/09 01:33:09.060] 	recv: [4b: 33 72 02 03]
[01/01/09 01:33:09.074] send: [3b: 33 72 02]
[01/01/09 01:33:09.080] 	recv: [4b: 33 72 02 03]
[01/01/09 01:33:09.093] send: [5b: 32 71 13 02 BC]
[01/01/09 01:33:09.098] 	recv: [3b: 32 71 13]
[01/01/09 01:33:09.113] send: [3b: 33 72 02]
[01/01/09 01:33:09.119] 	recv: [4b: 33 72 02 03]
[01/01/09 01:33:09.133] send: [3b: 33 72 02]
[01/01/09 01:33:09.139] 	recv: [4b: 33 72 02 03]
[01/01/09 01:33:09.153] send: [7b: 32 71 21 00 00 00 00]
[01/01/09 01:33:09.160] 	recv: [3b: 32 71 21]
[01/01/09 01:33:09.175] send: [3b: 33 72 02]
[01/01/09 01:33:09.180] 	recv: [4b: 33 72 02 03]
[01/01/09 01:33:09.194] send: [3b: 33 72 02]
[01/01/09 01:33:09.199] 	recv: [4b: 33 72 02 03]
[01/01/09 01:33:09.213] send: [3b: 32 72 21]
[01/01/09 01:33:09.219] 	recv: [7b: 32 72 21 00 00 00 00]
[01/01/09 01:33:09.234] send: [3b: 33 72 02]
[01/01/09 01:33:09.240] 	recv: [4b: 33 72 02 03]
[01/01/09 01:33:09.256] send: [3b: 33 72 02]
[01/01/09 01:33:09.262] 	recv: [4b: 33 72 02 03]
[01/01/09 01:33:09.273] send: [3b: 33 72 02]
[01/01/09 01:33:09.280] 	recv: [4b: 33 72 02 03]
[01/01/09 01:33:09.294] send: [5b: 32 71 13 04 4C]
[01/01/09 01:33:09.300] 	recv: [3b: 32 71 13]
[01/01/09 01:33:09.314] send: [3b: 33 72 02]
[01/01/09 01:33:09.321] 	recv: [4b: 33 72 02 03]
[01/01/09 01:33:09.335] send: [3b: 33 72 02]
[01/01/09 01:33:09.341] 	recv: [4b: 33 72 02 03]
[01/01/09 01:33:09.353] send: [6b: 32 43 00 00 01 C8]
[01/01/09 01:33:09.360] 	recv: [2b: 32 43]
[01/01/09 01:33:09.375] send: [3b: 33 72 02]
[01/01/09 01:33:09.381] 	recv: [4b: 33 72 02 03]
[01/01/09 01:33:09.395] send: [3b: 33 72 02]
[01/01/09 01:33:09.401] 	recv: [4b: 33 72 02 03]
[01/01/09 01:33:09.415] send: [3b: 32 72 21]
[01/01/09 01:33:09.421] 	recv: [7b: 32 72 21 00 00 00 01]
[01/01/09 01:33:09.433] send: [3b: 33 72 02]
[01/01/09 01:33:09.440] 	recv: [4b: 33 72 02 03]
[01/01/09 01:33:09.454] send: [3b: 33 72 02]
[01/01/09 01:33:09.461] 	recv: [4b: 33 72 02 03]
[01/01/09 01:33:09.474] send: [3b: 33 72 02]
[01/01/09 01:33:09.481] 	recv: [4b: 33 72 02 03]
[01/01/09 01:33:09.494] send: [5b: 32 71 13 04 4C]
[01/01/09 01:33:09.500] 	recv: [3b: 32 71 13]
[01/01/09 01:33:09.515] send: [3b: 33 72 02]
[01/01/09 01:33:09.521] 	recv: [4b: 33 72 02 03]
[01/01/09 01:33:09.535] send: [3b: 33 72 02]
[01/01/09 01:33:09.542] 	recv: [4b: 33 72 02 03]
[01/01/09 01:33:09.556] send: [6b: 32 43 00 00 01 8E]
[01/01/09 01:33:09.561] 	recv: [2b: 32 43]
[01/01/09 01:33:09.576] send: [3b: 33 72 02]
[01/01/09 01:33:09.582] 	recv: [4b: 33 72 02 03]
[01/01/09 01:33:09.594] send: [3b: 33 72 02]
[01/01/09 01:33:09.599] 	recv: [4b: 33 72 02 03]
[01/01/09 01:33:09.614] send: [3b: 32 72 21]
[01/01/09 01:33:09.620] 	recv: [7b: 32 72 21 00 00 00 5F]
[01/01/09 01:33:09.634] send: [3b: 33 72 02]
[01/01/09 01:33:09.640] 	recv: [4b: 33 72 02 13]
[01/01/09 01:33:09.642] send: [5b: 32 71 13 02 E4]
[01/01/09 01:33:09.647] 	recv: [3b: 32 71 13]
[01/01/09 01:33:09.655] send: [6b: 33 42 FF FF FD 76]
[01/01/09 01:33:09.662] 	recv: [2b: 33 42]
[01/01/09 01:33:09.675] send: [3b: 33 72 01]
[01/01/09 01:33:09.681] 	recv: [4b: 33 72 01 85]
[01/01/09 01:33:09.695] send: [6b: 32 43 00 00 01 56]
[01/01/09 01:33:09.702] 	recv: [2b: 32 43]
[01/01/09 01:33:09.714] send: [3b: 33 72 01]
[01/01/09 01:33:09.719] 	recv: [4b: 33 72 01 85]
[01/01/09 01:33:09.734] send: [3b: 33 72 01]
[01/01/09 01:33:09.740] 	recv: [4b: 33 72 01 85]
[01/01/09 01:33:09.754] send: [3b: 32 72 21]
[01/01/09 01:33:09.760] 	recv: [7b: 32 72 21 00 00 00 D4]
[01/01/09 01:33:09.774] send: [3b: 33 72 01]
[01/01/09 01:33:09.780] 	recv: [4b: 33 72 01 85]
[01/01/09 01:33:09.794] send: [3b: 33 72 01]
[01/01/09 01:33:09.800] 	recv: [4b: 33 72 01 85]
[01/01/09 01:33:09.814] send: [3b: 33 72 01]
[01/01/09 01:33:09.819] 	recv: [4b: 33 72 01 85]
[01/01/09 01:33:09.833] send: [5b: 32 71 13 00 F0]
[01/01/09 01:33:09.838] 	recv: [3b: 32 71 13]
[01/01/09 01:33:09.853] send: [3b: 33 72 01]
[01/01/09 01:33:09.860] 	recv: [4b: 33 72 01 85]
[01/01/09 01:33:09.874] send: [3b: 33 72 01]
[01/01/09 01:33:09.880] 	recv: [4b: 33 72 01 85]
[01/01/09 01:33:09.893] send: [6b: 32 43 00 00 01 24]
[01/01/09 01:33:09.900] 	recv: [2b: 32 43]
[01/01/09 01:33:09.914] send: [3b: 33 72 01]
[01/01/09 01:33:09.920] 	recv: [4b: 33 72 01 85]
[01/01/09 01:33:09.935] send: [3b: 33 72 01]
[01/01/09 01:33:09.941] 	recv: [4b: 33 72 01 85]
[01/01/09 01:33:09.954] send: [3b: 32 72 21]
[01/01/09 01:33:09.960] 	recv: [7b: 32 72 21 00 00 01 28]
[01/01/09 01:33:09.973] send: [3b: 33 72 01]
[01/01/09 01:33:09.980] 	recv: [4b: 33 72 01 85]
[01/01/09 01:33:09.994] send: [3b: 33 72 01]
[01/01/09 01:33:10.000] 	recv: [4b: 33 72 01 85]
[01/01/09 01:33:10.014] send: [3b: 33 72 01]
[01/01/09 01:33:10.020] 	recv: [4b: 33 72 01 85]
[01/01/09 01:33:10.035] send: [5b: 32 71 13 00 C8]
[01/01/09 01:33:10.042] 	recv: [3b: 32 71 13]
[01/01/09 01:33:10.055] send: [3b: 33 72 01]
[01/01/09 01:33:10.062] 	recv: [4b: 33 72 01 85]
[01/01/09 01:33:10.074] send: [3b: 33 72 01]
[01/01/09 01:33:10.079] 	recv: [4b: 33 72 01 85]
[01/01/09 01:33:10.095] send: [6b: 32 43 00 00 00 E4]
[01/01/09 01:33:10.101] 	recv: [2b: 32 43]
[01/01/09 01:33:10.115] send: [3b: 33 72 01]
[01/01/09 01:33:10.122] 	recv: [4b: 33 72 01 85]
[01/01/09 01:33:10.134] send: [3b: 33 72 01]
[01/01/09 01:33:10.140] 	recv: [4b: 33 72 01 85]
[01/01/09 01:33:10.154] send: [3b: 32 72 21]
[01/01/09 01:33:10.160] 	recv: [7b: 32 72 21 00 00 01 23]
[01/01/09 01:33:10.174] send: [3b: 33 72 01]
[01/01/09 01:33:10.181] 	recv: [4b: 33 72 01 85]
[01/01/09 01:33:10.195] send: [3b: 33 72 01]
[01/01/09 01:33:10.202] 	recv: [4b: 33 72 01 85]
[01/01/09 01:33:10.217] send: [3b: 33 72 01]
[01/01/09 01:33:10.224] 	recv: [4b: 33 72 01 85]
[01/01/09 01:33:10.245] send: [5b: 32 71 13 01 90]
[01/01/09 01:33:10.251] 	recv: [3b: 32 71 13]
[01/01/09 01:33:10.275] send: [3b: 33 72 01]
[01/01/09 01:33:10.280] 	recv: [4b: 33 72 01 85]
[01/01/09 01:33:10.297] send: [3b: 33 72 01]
[01/01/09 01:33:10.303] 	recv: [4b: 33 72 01 85]
[01/01/09 01:33:10.315] send: [6b: 32 43 00 00 00 99]
[01/01/09 01:33:10.322] 	recv: [2b: 32 43]
[01/01/09 01:33:10.336] send: [3b: 33 72 01]
[01/01/09 01:33:10.341] 	recv: [4b: 33 72 01 85]
[01/01/09 01:33:10.353] send: [3b: 33 72 01]
[01/01/09 01:33:10.359] 	recv: [4b: 33 72 01 85]
[01/01/09 01:33:10.373] send: [3b: 32 72 21]
[01/01/09 01:33:10.380] 	recv: [7b: 32 72 21 00 00 00 EA]
[01/01/09 01:33:10.393] send: [3b: 33 72 01]
[01/01/09 01:33:10.399] 	recv: [4b: 33 72 01 85]
[01/01/09 01:33:10.414] send: [3b: 33 72 01]
[01/01/09 01:33:10.420] 	recv: [4b: 33 72 01 85]
[01/01/09 01:33:10.434] send: [3b: 33 72 01]
[01/01/09 01:33:10.439] 	recv: [4b: 33 72 01 85]
[01/01/09 01:33:10.453] send: [5b: 32 71 13 02 08]
[01/01/09 01:33:10.460] 	recv: [3b: 32 71 13]
[01/01/09 01:33:10.474] send: [3b: 33 72 01]
[01/01/09 01:33:10.480] 	recv: [4b: 33 72 01 85]
[01/01/09 01:33:10.494] send: [3b: 33 72 01]
[01/01/09 01:33:10.500] 	recv: [4b: 33 72 01 85]
[01/01/09 01:33:10.513] send: [6b: 32 43 00 00 00 39]
[01/01/09 01:33:10.519] 	recv: [2b: 32 43]
[01/01/09 01:33:10.526] send: [3b: 33 72 01]
[01/01/09 01:33:10.531] 	recv: [4b: 33 72 01 85]
[01/01/09 01:33:10.544] send: [3b: 33 72 01]
[01/01/09 01:33:10.550] 	recv: [4b: 33 72 01 85]
[01/01/09 01:33:10.564] send: [3b: 32 72 21]
[01/01/09 01:33:10.571] 	recv: [7b: 32 72 21 00 00 00 91]
[01/01/09 01:33:10.585] send: [3b: 33 72 01]
[01/01/09 01:33:10.590] 	recv: [4b: 33 72 01 85]
[01/01/09 01:33:10.605] send: [3b: 33 72 01]
[01/01/09 01:33:10.610] 	recv: [4b: 33 72 01 85]
[01/01/09 01:33:10.626] send: [3b: 33 72 01]
[01/01/09 01:33:10.632] 	recv: [4b: 33 72 01 85]
[01/01/09 01:33:10.646] send: [5b: 32 71 13 02 08]
[01/01/09 01:33:10.652] 	recv: [3b: 32 71 13]
[01/01/09 01:33:10.666] send: [3b: 33 72 01]
[01/01/09 01:33:10.672] 	recv: [4b: 33 72 01 85]
[01/01/09 01:33:10.684] send: [3b: 33 72 01]
[01/01/09 01:33:10.690] 	recv: [4b: 33 72 01 85]
[01/01/09 01:33:10.704] send: [6b: 32 43 FF FF FF E2]
[01/01/09 01:33:10.711] 	recv: [2b: 32 43]
[01/01/09 01:33:10.724] send: [3b: 33 72 01]
[01/01/09 01:33:10.729] 	recv: [4b: 33 72 01 85]
[01/01/09 01:33:10.744] send: [3b: 33 72 01]
[01/01/09 01:33:10.750] 	recv: [4b: 33 72 01 85]
[01/01/09 01:33:10.764] send: [3b: 32 72 21]
[01/01/09 01:33:10.771] 	recv: [7b: 32 72 21 00 00 00 29]
[01/01/09 01:33:10.784] send: [3b: 33 72 01]
[01/01/09 01:33:10.791] 	recv: [4b: 33 72 01 85]
[01/01/09 01:33:10.804] send: [3b: 33 72 01]
[01/01/09 01:33:10.809] 	recv: [4b: 33 72 01 85]
[01/01/09 01:33:10.824] send: [3b: 33 72 01]
[01/01/09 01:33:10.831] 	recv: [4b: 33 72 01 85]
[01/01/09 01:33:10.844] send: [5b: 32 71 13 01 E0]
[01/01/09 01:33:10.850] 	recv: [3b: 32 71 13]
[01/01/09 01:33:10.864] send: [3b: 33 72 01]
[01/01/09 01:33:10.871] 	recv: [4b: 33 72 01 85]
[01/01/09 01:33:10.885] send: [3b: 33 72 01]
[01/01/09 01:33:10.891] 	recv: [4b: 33 72 01 85]
[01/01/09 01:33:10.903] send: [6b: 32 43 FF FF FF 88]
[01/01/09 01:33:10.910] 	recv: [2b: 32 43]
[01/01/09 01:33:10.924] send: [3b: 33 72 01]
[01/01/09 01:33:10.929] 	recv: [4b: 33 72 01 85]
[01/01/09 01:33:10.944] send: [3b: 33 72 01]
[01/01/09 01:33:10.951] 	recv: [4b: 33 72 01 85]
[01/01/09 01:33:10.964] send: [3b: 32 72 21]
[01/01/09 01:33:10.970] 	recv: [7b: 32 72 21 FF FF FF C6]
[01/01/09 01:33:10.985] send: [3b: 33 72 01]
[01/01/09 01:33:10.990] 	recv: [4b: 33 72 01 85]
[01/01/09 01:33:11.004] send: [3b: 33 72 01]
[01/01/09 01:33:11.010] 	recv: [4b: 33 72 01 00]
[01/01/09 01:33:11.024] send: [5b: 32 71 13 01 A4]
[01/01/09 01:33:11.031] 	recv: [3b: 32 71 13]
[01/01/09 01:33:11.044] send: [5b: 33 71 13 04 4C]
[01/01/09 01:33:11.051] 	recv: [3b: 33 71 13]
[01/01/09 01:33:11.065] send: [6b: 32 43 FF FF FF 36]
[01/01/09 01:33:11.072] 	recv: [2b: 32 43]
[01/01/09 01:33:11.085] send: [7b: 33 71 21 00 00 00 00]
[01/01/09 01:33:11.092] 	recv: [3b: 33 71 21]
[01/01/09 01:33:11.107] send: [3b: 32 72 21]
[01/01/09 01:33:11.113] 	recv: [7b: 32 72 21 FF FF FF 86]
[01/01/09 01:33:11.125] send: [3b: 33 72 21]
[01/01/09 01:33:11.132] 	recv: [7b: 33 72 21 00 00 00 00]
[01/01/09 01:33:11.133] send: [5b: 32 71 13 01 54]
[01/01/09 01:33:11.139] 	recv: [3b: 32 71 13]
[01/01/09 01:33:11.155] send: [5b: 33 71 13 00 64]
[01/01/09 01:33:11.161] 	recv: [3b: 33 71 13]
[01/01/09 01:33:11.175] send: [6b: 32 43 FF FF FF 0F]
[01/01/09 01:33:11.182] 	recv: [2b: 32 43]
[01/01/09 01:33:11.195] send: [6b: 33 43 FF FF FF F6]
[01/01/09 01:33:11.202] 	recv: [2b: 33 43]
[01/01/09 01:33:11.216] send: [3b: 32 72 21]
[01/01/09 01:33:11.227] 	recv: [7b: 32 72 21 FF FF FF 5E]
[01/01/09 01:33:11.236] send: [3b: 33 72 21]
[01/01/09 01:33:11.244] 	recv: [7b: 33 72 21 FF FF FF FC]
[01/01/09 01:33:11.256] send: [5b: 32 71 13 01 A4]
[01/01/09 01:33:11.262] 	recv: [3b: 32 71 13]
[01/01/09 01:33:11.264] send: [5b: 33 71 13 00 64]
[01/01/09 01:33:11.270] 	recv: [3b: 33 71 13]
[01/01/09 01:33:11.284] send: [6b: 32 43 FF FF FE F6]
[01/01/09 01:33:11.291] 	recv: [2b: 32 43]
[01/01/09 01:33:11.306] send: [6b: 33 43 FF FF FF F9]
[01/01/09 01:33:11.312] 	recv: [2b: 33 43]
[01/01/09 01:33:11.325] send: [3b: 32 72 21]
[01/01/09 01:33:11.332] 	recv: [7b: 32 72 21 FF FF FF 34]
[01/01/09 01:33:11.345] send: [3b: 33 72 21]
[01/01/09 01:33:11.352] 	recv: [7b: 33 72 21 FF FF FF F9]
[01/01/09 01:33:11.364] send: [5b: 32 71 13 00 F0]
[01/01/09 01:33:11.370] 	recv: [3b: 32 71 13]
[01/01/09 01:33:11.384] send: [5b: 33 71 13 00 64]
[01/01/09 01:33:11.391] 	recv: [3b: 33 71 13]
[01/01/09 01:33:11.404] send: [6b: 32 43 FF FF FE E2]
[01/01/09 01:33:11.410] 	recv: [2b: 32 43]
[01/01/09 01:33:11.423] send: [6b: 33 43 FF FF FF FC]
[01/01/09 01:33:11.430] 	recv: [2b: 33 43]
[01/01/09 01:33:11.445] send: [3b: 32 72 21]
[01/01/09 01:33:11.450] 	recv: [7b: 32 72 21 FF FF FF 0E]
[01/01/09 01:33:11.465] send: [3b: 33 72 21]
[01/01/09 01:33:11.470] 	recv: [7b: 33 72 21 FF FF FF FC]
[01/01/09 01:33:11.485] send: [5b: 32 71 13 00 8C]
[01/01/09 01:33:11.491] 	recv: [3b: 32 71 13]
[01/01/09 01:33:11.504] send: [5b: 33 71 13 00 64]
[01/01/09 01:33:11.510] 	recv: [3b: 33 71 13]
[01/01/09 01:33:11.525] send: [6b: 32 43 FF FF FE D9]
[01/01/09 01:33:11.531] 	recv: [2b: 32 43]
[01/01/09 01:33:11.543] send: [6b: 33 43 FF FF FF FE]
[01/01/09 01:33:11.550] 	recv: [2b: 33 43]
[01/01/09 01:33:11.563] send: [3b: 32 72 21]
[01/01/09 01:33:11.570] 	recv: [7b: 32 72 21 FF FF FE F9]
[01/01/09 01:33:11.585] send: [3b: 33 72 21]
[01/01/09 01:33:11.591] 	recv: [7b: 33 72 21 FF FF FF FE]
[01/01/09 01:33:11.603] send: [5b: 32 71 13 00 5A]
[01/01/09 01:33:11.610] 	recv: [3b: 32 71 13]
[01/01/09 01:33:11.625] send: [5b: 33 71 13 00 64]
[01/01/09 01:33:11.631] 	recv: [3b: 33 71 13]
[01/01/09 01:33:11.644] send: [6b: 32 43 FF FF FE DA]
[01/01/09 01:33:11.650] 	recv: [2b: 32 43]
[01/01/09 01:33:11.664] send: [6b: 33 43 FF FF FF FF]
[01/01/09 01:33:11.670] 	recv: [2b: 33 43]
[01/01/09 01:33:11.684] send: [3b: 32 72 21]
[01/01/09 01:33:11.690] 	recv: [7b: 32 72 21 FF FF FE EB]
[01/01/09 01:33:11.705] send: [3b: 33 72 21]
[01/01/09 01:33:11.711] 	recv: [7b: 33 72 21 FF FF FF FF]
[01/01/09 01:33:11.723] send: [5b: 32 71 13 00 14]
[01/01/09 01:33:11.729] 	recv: [3b: 32 71 13]
[01/01/09 01:33:11.745] send: [5b: 33 71 13 00 64]
[01/01/09 01:33:11.752] 	recv: [3b: 33 71 13]
[01/01/09 01:33:11.765] send: [6b: 32 43 FF FF FE E5]
[01/01/09 01:33:11.771] 	recv: [2b: 32 43]
[01/01/09 01:33:11.784] send: [6b: 33 43 00 00 00 00]
[01/01/09 01:33:11.790] 	recv: [2b: 33 43]
[01/01/09 01:33:11.804] send: [3b: 32 72 21]
[01/01/09 01:33:11.810] 	recv: [7b: 32 72 21 FF FF FE E5]
[01/01/09 01:33:11.823] send: [3b: 33 72 21]
[01/01/09 01:33:11.830] 	recv: [7b: 33 72 21 00 00 00 00]
[01/01/09 01:33:11.843] send: [5b: 32 71 13 00 32]
[01/01/09 01:33:11.850] 	recv: [3b: 32 71 13]
[01/01/09 01:33:11.865] send: [5b: 33 71 13 00 64]
[01/01/09 01:33:11.871] 	recv: [3b: 33 71 13]
[01/01/09 01:33:11.885] send: [6b: 32 43 FF FF FE F8]
[01/01/09 01:33:11.891] 	recv: [2b: 32 43]
[01/01/09 01:33:11.904] send: [3b: 33 72 21]
[01/01/09 01:33:11.910] 	recv: [7b: 33 72 21 00 00 00 00]
[01/01/09 01:33:11.924] send: [3b: 32 72 21]
[01/01/09 01:33:11.930] 	recv: [7b: 32 72 21 FF FF FE E5]
[01/01/09 01:33:11.932] send: [5b: 33 71 13 00 64]
[01/01/09 01:33:11.937] 	recv: [3b: 33 71 13]
[01/01/09 01:33:11.945] send: [5b: 32 71 13 00 78]
[01/01/09 01:33:11.951] 	recv: [3b: 32 71 13]
[01/01/09 01:33:11.964] send: [6b: 33 43 00 00 00 01]
[01/01/09 01:33:11.970] 	recv: [2b: 33 43]
[01/01/09 01:33:11.985] send: [6b: 32 43 FF FF FF 0E]
[01/01/09 01:33:11.992] 	recv: [2b: 32 43]
[01/01/09 01:33:12.005] send: [3b: 33 72 21]
[01/01/09 01:33:12.012] 	recv: [7b: 33 72 21 00 00 00 01]
[01/01/09 01:33:12.024] send: [3b: 32 72 21]
[01/01/09 01:33:12.032] 	recv: [7b: 32 72 21 FF FF FE ED]
[01/01/09 01:33:12.045] send: [5b: 33 71 13 00 64]
[01/01/09 01:33:12.052] 	recv: [3b: 33 71 13]
[01/01/09 01:33:12.065] send: [5b: 32 71 13 00 A0]
[01/01/09 01:33:12.072] 	recv: [3b: 32 71 13]
[01/01/09 01:33:12.083] send: [3b: 33 72 21]
[01/01/09 01:33:12.089] 	recv: [7b: 33 72 21 00 00 00 01]
[01/01/09 01:33:12.104] send: [6b: 32 43 FF FF FF 28]
[01/01/09 01:33:12.110] 	recv: [2b: 32 43]
[01/01/09 01:33:12.124] send: [5b: 33 71 13 00 64]
[01/01/09 01:33:12.130] 	recv: [3b: 33 71 13]
[01/01/09 01:33:12.146] send: [3b: 32 72 21]
[01/01/09 01:33:12.152] 	recv: [7b: 32 72 21 FF FF FE FE]
[01/01/09 01:33:12.165] send: [3b: 33 72 21]
[01/01/09 01:33:12.173] 	recv: [7b: 33 72 21 00 00 00 01]
[01/01/09 01:33:12.187] send: [5b: 32 71 13 00 C8]
[01/01/09 01:33:12.194] 	recv: [3b: 32 71 13]
[01/01/09 01:33:12.206] send: [5b: 33 71 13 00 64]
[01/01/09 01:33:12.213] 	recv: [3b: 33 71 13]
[01/01/09 01:33:12.227] send: [6b: 32 43 FF FF FF 47]
[01/01/09 01:33:12.236] send: [3b: 32 72 21]
[01/01/09 01:33:12.236] 	recv: [2b: 32 43]
[01/01/09 01:33:12.242] 	recv: [7b: 32 72 21 FF FF FF 0E]
[01/01/09 01:33:12.243] send: [5b: 33 71 13 00 64]
[01/01/09 01:33:12.249] 	recv: [3b: 33 71 13]
[01/01/09 01:33:12.267] send: [5b: 32 71 13 00 DC]
[01/01/09 01:33:12.274] 	recv: [3b: 32 71 13]
[01/01/09 01:33:12.296] send: [3b: 33 72 21]
[01/01/09 01:33:12.301] 	recv: [7b: 33 72 21 00 00 00 01]
[01/01/09 01:33:12.315] send: [6b: 32 43 FF FF FF 5D]
[01/01/09 01:33:12.321] 	recv: [2b: 32 43]
[01/01/09 01:33:12.335] send: [5b: 33 71 13 00 64]
[01/01/09 01:33:12.341] 	recv: [3b: 33 71 13]
[01/01/09 01:33:12.353] send: [3b: 32 72 21]
[01/01/09 01:33:12.360] 	recv: [7b: 32 72 21 FF FF FF 27]
[01/01/09 01:33:12.374] send: [6b: 33 43 00 00 00 00]
[01/01/09 01:33:12.380] 	recv: [2b: 33 43]
[01/01/09 01:33:12.395] send: [5b: 32 71 13 01 04]
[01/01/09 01:33:12.401] 	recv: [3b: 32 71 13]
[01/01/09 01:33:12.415] send: [3b: 33 72 21]
[01/01/09 01:33:12.422] 	recv: [7b: 33 72 21 00 00 00 00]
[01/01/09 01:33:12.434] send: [6b: 32 43 FF FF FF 7F]
[01/01/09 01:33:12.440] 	recv: [2b: 32 43]
[01/01/09 01:33:12.455] send: [5b: 33 71 13 00 64]
[01/01/09 01:33:12.461] 	recv: [3b: 33 71 13]
[01/01/09 01:33:12.473] send: [3b: 32 72 21]
[01/01/09 01:33:12.480] 	recv: [7b: 32 72 21 FF FF FF 45]
[01/01/09 01:33:12.493] send: [3b: 33 72 21]
[01/01/09 01:33:12.500] 	recv: [7b: 33 72 21 00 00 00 00]
[01/01/09 01:33:12.513] send: [5b: 32 71 13 01 04]
[01/01/09 01:33:12.519] 	recv: [3b: 32 71 13]
[01/01/09 01:33:12.533] send: [5b: 33 71 13 00 64]
[01/01/09 01:33:12.540] 	recv: [3b: 33 71 13]
[01/01/09 01:33:12.557] send: [6b: 32 43 FF FF FF 9D]
[01/01/09 01:33:12.562] 	recv: [2b: 32 43]
[01/01/09 01:33:12.574] send: [3b: 33 72 21]
[01/01/09 01:33:12.581] 	recv: [7b: 33 72 21 00 00 00 00]
[01/01/09 01:33:12.593] send: [3b: 32 72 21]
[01/01/09 01:33:12.600] 	recv: [7b: 32 72 21 FF FF FF 64]
[01/01/09 01:33:12.602] send: [5b: 33 71 13 00 64]
[01/01/09 01:33:12.607] 	recv: [3b: 33 71 13]
[01/01/09 01:33:12.624] send: [5b: 32 71 13 00 F0]
[01/01/09 01:33:12.631] 	recv: [3b: 32 71 13]
[01/01/09 01:33:12.643] send: [3b: 33 72 21]
[01/01/09 01:33:12.649] 	recv: [7b: 33 72 21 00 00 00 00]
[01/01/09 01:33:12.664] send: [6b: 32 43 FF FF FF B7]
[01/01/09 01:33:12.671] 	recv: [2b: 32 43]
[01/01/09 01:33:12.684] send: [5b: 33 71 13 00 64]
[01/01/09 01:33:12.690] 	recv: [3b: 33 71 13]
[01/01/09 01:33:12.705] send: [3b: 32 72 21]
[01/01/09 01:33:12.712] 	recv: [7b: 32 72 21 FF FF FF 7F]
[01/01/09 01:33:12.725] send: [6b: 33 43 00 00 00 00]
[01/01/09 01:33:12.731] 	recv: [2b: 33 43]
[01/01/09 01:33:12.745] send: [5b: 32 71 13 00 F0]
[01/01/09 01:33:12.751] 	recv: [3b: 32 71 13]
[01/01/09 01:33:12.763] send: [3b: 33 72 21]
[01/01/09 01:33:12.770] 	recv: [7b: 33 72 21 00 00 00 00]
[01/01/09 01:33:12.784] send: [6b: 32 43 FF FF FF D1]
[01/01/09 01:33:12.790] 	recv: [2b: 32 43]
[01/01/09 01:33:12.804] send: [5b: 33 71 13 00 64]
[01/01/09 01:33:12.811] 	recv: [3b: 33 71 13]
[01/01/09 01:33:12.825] send: [3b: 32 72 21]
[01/01/09 01:33:12.832] 	recv: [7b: 32 72 21 FF FF FF 9C]
[01/01/09 01:33:12.844] send: [3b: 33 72 21]
[01/01/09 01:33:12.851] 	recv: [7b: 33 72 21 00 00 00 00]
[01/01/09 01:33:12.864] send: [5b: 32 71 13 00 DC]
[01/01/09 01:33:12.870] 	recv: [3b: 32 71 13]
[01/01/09 01:33:12.884] send: [5b: 33 71 13 00 64]
[01/01/09 01:33:12.890] 	recv: [3b: 33 71 13]
[01/01/09 01:33:12.903] send: [6b: 32 43 FF FF FF E9]
[01/01/09 01:33:12.910] 	recv: [2b: 32 43]
[01/01/09 01:33:12.924] send: [3b: 33 72 21]
[01/01/09 01:33:12.930] 	recv: [7b: 33 72 21 00 00 00 00]
[01/01/09 01:33:12.944] send: [3b: 32 72 21]
[01/01/09 01:33:12.951] 	recv: [7b: 32 72 21 FF FF FF B7]
[01/01/09 01:33:12.953] send: [5b: 33 71 13 00 64]
[01/01/09 01:33:12.958] 	recv: [3b: 33 71 13]
[01/01/09 01:33:12.974] send: [5b: 32 71 13 00 C8]
[01/01/09 01:33:12.981] 	recv: [3b: 32 71 13]
[01/01/09 01:33:12.994] send: [3b: 33 72 21]
[01/01/09 01:33:13.001] 	recv: [7b: 33 72 21 00 00 00 00]
[01/01/09 01:33:13.014] send: [6b: 32 43 FF FF FF FC]
[01/01/09 01:33:13.021] 	recv: [2b: 32 43]
[01/01/09 01:33:13.034] send: [5b: 33 71 13 00 64]
[01/01/09 01:33:13.040] 	recv: [3b: 33 71 13]
[01/01/09 01:33:13.055] send: [3b: 32 72 21]
[01/01/09 01:33:13.062] 	recv: [7b: 32 72 21 FF FF FF CE]
[01/01/09 01:33:13.076] send: [3b: 33 72 21]
[01/01/09 01:33:13.083] 	recv: [7b: 33 72 21 00 00 00 00]
[01/01/09 01:33:13.094] send: [5b: 32 71 13 00 B4]
[01/01/09 01:33:13.100] 	recv: [3b: 32 71 13]
[01/01/09 01:33:13.114] send: [5b: 33 71 13 00 64]
[01/01/09 01:33:13.120] 	recv: [3b: 33 71 13]
[01/01/09 01:33:13.134] send: [6b: 32 43 00 00 00 0D]
[01/01/09 01:33:13.140] 	recv: [2b: 32 43]
[01/01/09 01:33:13.155] send: [6b: 33 43 FF FF FF FE]
[01/01/09 01:33:13.160] 	recv: [2b: 33 43]
[01/01/09 01:33:13.173] send: [3b: 32 72 21]
[01/01/09 01:33:13.180] 	recv: [7b: 32 72 21 FF FF FF E4]
[01/01/09 01:33:13.194] send: [3b: 33 72 21]
[01/01/09 01:33:13.200] 	recv: [7b: 33 72 21 FF FF FF FE]
[01/01/09 01:33:13.214] send: [5b: 32 71 13 00 A0]
[01/01/09 01:33:13.220] 	recv: [3b: 32 71 13]
[01/01/09 01:33:13.234] send: [5b: 33 71 13 00 64]
[01/01/09 01:33:13.240] 	recv: [3b: 33 71 13]
[01/01/09 01:33:13.254] send: [6b: 32 43 00 00 00 1C]
[01/01/09 01:33:13.261] 	recv: [2b: 32 43]
[01/01/09 01:33:13.273] send: [3b: 33 72 21]
[01/01/09 01:33:13.280] 	recv: [7b: 33 72 21 FF FF FF FE]
[01/01/09 01:33:13.294] send: [3b: 32 72 21]
[01/01/09 01:33:13.300] 	recv: [7b: 32 72 21 FF FF FF F8]
[01/01/09 01:33:13.302] send: [5b: 33 71 13 00 64]
[01/01/09 01:33:13.307] 	recv: [3b: 33 71 13]
[01/01/09 01:33:13.324] send: [5b: 32 71 13 00 8C]
[01/01/09 01:33:13.330] 	recv: [3b: 32 71 13]
[01/01/09 01:33:13.343] send: [6b: 33 43 FF FF FF FD]
[01/01/09 01:33:13.349] 	recv: [2b: 33 43]
[01/01/09 01:33:13.364] send: [6b: 32 43 00 00 00 27]
[01/01/09 01:33:13.371] 	recv: [2b: 32 43]
[01/01/09 01:33:13.384] send: [3b: 33 72 21]
[01/01/09 01:33:13.391] 	recv: [7b: 33 72 21 FF FF FF FD]
[01/01/09 01:33:13.405] send: [3b: 32 72 21]
[01/01/09 01:33:13.411] 	recv: [7b: 32 72 21 00 00 00 09]
[01/01/09 01:33:13.424] send: [5b: 33 71 13 00 64]
[01/01/09 01:33:13.431] 	recv: [3b: 33 71 13]
[01/01/09 01:33:13.445] send: [5b: 32 71 13 00 64]
[01/01/09 01:33:13.452] 	recv: [3b: 32 71 13]
[01/01/09 01:33:13.466] send: [3b: 33 72 21]
[01/01/09 01:33:13.473] 	recv: [7b: 33 72 21 FF FF FF FD]
[01/01/09 01:33:13.486] send: [6b: 32 43 00 00 00 2F]
[01/01/09 01:33:13.492] 	recv: [2b: 32 43]
[01/01/09 01:33:13.506] send: [5b: 33 71 13 00 64]
[01/01/09 01:33:13.513] 	recv: [3b: 33 71 13]
[01/01/09 01:33:13.523] send: [3b: 32 72 21]
[01/01/09 01:33:13.531] 	recv: [7b: 32 72 21 00 00 00 16]
[01/01/09 01:33:13.544] send: [6b: 33 43 FF FF FF FB]
[01/01/09 01:33:13.550] 	recv: [2b: 33 43]
[01/01/09 01:33:13.568] send: [5b: 32 71 13 00 50]
[01/01/09 01:33:13.573] 	recv: [3b: 32 71 13]
[01/01/09 01:33:13.588] send: [3b: 33 72 21]
[01/01/09 01:33:13.593] 	recv: [7b: 33 72 21 FF FF FF FB]
[01/01/09 01:33:13.604] send: [6b: 32 43 00 00 00 33]
[01/01/09 01:33:13.611] 	recv: [2b: 32 43]
[01/01/09 01:33:13.623] send: [5b: 33 71 13 00 64]
[01/01/09 01:33:13.629] 	recv: [3b: 33 71 13]
[01/01/09 01:33:13.644] send: [3b: 32 72 21]
[01/01/09 01:33:13.651] 	recv: [7b: 32 72 21 00 00 00 21]
[01/01/09 01:33:13.664] send: [6b: 33 43 FF FF FF FA]
[01/01/09 01:33:13.671] 	recv: [2b: 33 43]
[01/01/09 01:33:13.684] send: [5b: 32 71 13 00 32]
[01/01/09 01:33:13.691] 	recv: [3b: 32 71 13]
[01/01/09 01:33:13.704] send: [3b: 33 72 21]
[01/01/09 01:33:13.711] 	recv: [7b: 33 72 21 FF FF FF FA]
[01/01/09 01:33:13.725] send: [6b: 32 43 00 00 00 34]
[01/01/09 01:33:13.732] 	recv: [2b: 32 43]
[01/01/09 01:33:13.745] send: [5b: 33 71 13 00 64]
[01/01/09 01:33:13.753] 	recv: [3b: 33 71 13]
[01/01/09 01:33:13.765] send: [3b: 32 72 21]
[01/01/09 01:33:13.772] 	recv: [7b: 32 72 21 00 00 00 29]
[01/01/09 01:33:13.783] send: [6b: 33 43 FF FF FF F9]
[01/01/09 01:33:13.789] 	recv: [2b: 33 43]
[01/01/09 01:33:13.804] send: [5b: 32 71 13 00 14]
[01/01/09 01:33:13.811] 	recv: [3b: 32 71 13]
[01/01/09 01:33:13.824] send: [3b: 33 72 21]
[01/01/09 01:33:13.831] 	recv: [7b: 33 72 21 FF FF FF F9]
[01/01/09 01:33:13.844] send: [6b: 32 43 00 00 00 32]
[01/01/09 01:33:13.850] 	recv: [2b: 32 43]
[01/01/09 01:33:13.864] send: [5b: 33 71 13 00 64]
[01/01/09 01:33:13.870] 	recv: [3b: 33 71 13]
[01/01/09 01:33:13.884] send: [3b: 32 72 21]
[01/01/09 01:33:13.891] 	recv: [7b: 32 72 21 00 00 00 2D]
[01/01/09 01:33:13.904] send: [6b: 33 43 FF FF FF F7]
[01/01/09 01:33:13.912] 	recv: [2b: 33 43]
[01/01/09 01:33:13.924] send: [5b: 32 71 13 00 14]
[01/01/09 01:33:13.931] 	recv: [3b: 32 71 13]
[01/01/09 01:33:13.944] send: [3b: 33 72 21]
[01/01/09 01:33:13.952] 	recv: [7b: 33 72 21 FF FF FF F7]
[01/01/09 01:33:13.964] send: [6b: 32 43 00 00 00 2E]
[01/01/09 01:33:13.972] 	recv: [2b: 32 43]
[01/01/09 01:33:13.986] send: [5b: 33 71 13 00 64]
[01/01/09 01:33:13.991] 	recv: [3b: 33 71 13]
[01/01/09 01:33:14.007] send: [3b: 32 72 21]
[01/01/09 01:33:14.015] 	recv: [7b: 32 72 21 00 00 00 2F]
[01/01/09 01:33:14.023] send: [6b: 33 43 FF FF FF F5]
[01/01/09 01:33:14.031] 	recv: [2b: 33 43]
[01/01/09 01:33:14.048] send: [5b: 32 71 13 00 14]
[01/01/09 01:33:14.055] 	recv: [3b: 32 71 13]
[01/01/09 01:33:14.065] send: [3b: 33 72 21]
[01/01/09 01:33:14.071] 	recv: [7b: 33 72 21 FF FF FF F5]
[01/01/09 01:33:14.087] send: [6b: 32 43 00 00 00 26]
[01/01/09 01:33:14.092] 	recv: [2b: 32 43]
[01/01/09 01:33:14.114] send: [5b: 33 71 13 00 64]
[01/01/09 01:33:14.121] 	recv: [3b: 33 71 13]
[01/01/09 01:33:14.133] send: [3b: 32 72 21]
[01/01/09 01:33:14.140] 	recv: [7b: 32 72 21 00 00 00 2E]
[01/01/09 01:33:14.157] send: [6b: 33 43 FF FF FF F4]
[01/01/09 01:33:14.168] send: [3b: 33 72 21]
[01/01/09 01:33:14.168] 	recv: [2b: 33 43]
[01/01/09 01:33:14.174] 	recv: [7b: 33 72 21 FF FF FF F5]
[01/01/09 01:33:14.185] send: [6b: 32 43 00 00 00 1C]
[01/01/09 01:33:14.191] 	recv: [2b: 32 43]
[01/01/09 01:33:14.204] send: [5b: 33 71 13 00 64]
[01/01/09 01:33:14.210] 	recv: [3b: 33 71 13]
[01/01/09 01:33:14.225] send: [3b: 32 72 21]
[01/01/09 01:33:14.234] 	recv: [7b: 32 72 21 00 00 00 2C]
[01/01/09 01:33:14.244] send: [6b: 33 43 FF FF FF F2]
[01/01/09 01:33:14.252] 	recv: [2b: 33 43]
[01/01/09 01:33:14.264] send: [5b: 32 71 13 00 46]
[01/01/09 01:33:14.272] 	recv: [3b: 32 71 13]
[01/01/09 01:33:14.284] send: [3b: 33 72 21]
[01/01/09 01:33:14.292] 	recv: [7b: 33 72 21 FF FF FF F2]
[01/01/09 01:33:14.304] send: [6b: 32 43 00 00 00 12]
[01/01/09 01:33:14.311] 	recv: [2b: 32 43]
[01/01/09 01:33:14.325] send: [5b: 33 71 13 00 64]
[01/01/09 01:33:14.333] 	recv: [3b: 33 71 13]
[01/01/09 01:33:14.345] send: [3b: 32 72 21]
[01/01/09 01:33:14.352] 	recv: [7b: 32 72 21 00 00 00 27]
[01/01/09 01:33:14.363] send: [6b: 33 43 FF FF FF F0]
[01/01/09 01:33:14.370] 	recv: [2b: 33 43]
[01/01/09 01:33:14.385] send: [5b: 32 71 13 00 64]
[01/01/09 01:33:14.392] 	recv: [3b: 32 71 13]
[01/01/09 01:33:14.405] send: [3b: 33 72 21]
[01/01/09 01:33:14.412] 	recv: [7b: 33 72 21 FF FF FF F0]
[01/01/09 01:33:14.425] send: [6b: 32 43 00 00 00 04]
[01/01/09 01:33:14.433] 	recv: [2b: 32 43]
[01/01/09 01:33:14.446] send: [5b: 33 71 13 00 64]
[01/01/09 01:33:14.452] 	recv: [3b: 33 71 13]
[01/01/09 01:33:14.464] send: [3b: 32 72 21]
[01/01/09 01:33:14.471] 	recv: [7b: 32 72 21 00 00 00 1D]
[01/01/09 01:33:14.485] send: [6b: 33 43 FF FF FF EE]
[01/01/09 01:33:14.492] 	recv: [2b: 33 43]
[01/01/09 01:33:14.505] send: [5b: 32 71 13 00 64]
[01/01/09 01:33:14.512] 	recv: [3b: 32 71 13]
[01/01/09 01:33:14.525] send: [3b: 33 72 21]
[01/01/09 01:33:14.532] 	recv: [7b: 33 72 21 FF FF FF EE]
[01/01/09 01:33:14.545] send: [6b: 32 43 FF FF FF F6]
[01/01/09 01:33:14.552] 	recv: [2b: 32 43]
[01/01/09 01:33:14.566] send: [5b: 33 71 13 00 64]
[01/01/09 01:33:14.572] 	recv: [3b: 33 71 13]
[01/01/09 01:33:14.584] send: [3b: 32 72 21]
[01/01/09 01:33:14.591] 	recv: [7b: 32 72 21 00 00 00 11]
[01/01/09 01:33:14.607] send: [6b: 33 43 FF FF FF EC]
[01/01/09 01:33:14.614] 	recv: [2b: 33 43]
[01/01/09 01:33:14.627] send: [5b: 32 71 13 00 78]
[01/01/09 01:33:14.636] send: [3b: 33 72 21]
[01/01/09 01:33:14.636] 	recv: [3b: 32 71 13]
[01/01/09 01:33:14.641] 	recv: [7b: 33 72 21 FF FF FF EC]
[01/01/09 01:33:14.658] send: [3b: 32 72 21]
[01/01/09 01:33:14.664] 	recv: [7b: 32 72 21 00 00 00 09]
[01/01/09 01:33:14.673] send: [5b: 33 71 13 00 64]
[01/01/09 01:33:14.680] 	recv: [3b: 33 71 13]
[01/01/09 01:33:14.681] send: [5b: 32 71 13 00 8C]
[01/01/09 01:33:14.686] 	recv: [3b: 32 71 13]
[01/01/09 01:33:14.694] send: [6b: 33 43 FF FF FF EA]
[01/01/09 01:33:14.701] 	recv: [2b: 33 43]
[01/01/09 01:33:14.714] send: [6b: 32 43 FF FF FF DA]
[01/01/09 01:33:14.720] 	recv: [2b: 32 43]
[01/01/09 01:33:14.733] send: [3b: 33 72 21]
[01/01/09 01:33:14.741] 	recv: [7b: 33 72 21 FF FF FF EA]
[01/01/09 01:33:14.754] send: [3b: 32 72 21]
[01/01/09 01:33:14.761] 	recv: [7b: 32 72 21 FF FF FF FC]
[01/01/09 01:33:14.775] send: [5b: 33 71 13 00 64]
[01/01/09 01:33:14.782] 	recv: [3b: 33 71 13]
[01/01/09 01:33:14.794] send: [5b: 32 71 13 00 8C]
[01/01/09 01:33:14.800] 	recv: [3b: 32 71 13]
[01/01/09 01:33:14.815] send: [6b: 33 43 FF FF FF E8]
[01/01/09 01:33:14.821] 	recv: [2b: 33 43]
[01/01/09 01:33:14.833] send: [6b: 32 43 FF FF FF CA]
[01/01/09 01:33:14.839] 	recv: [2b: 32 43]
[01/01/09 01:33:14.854] send: [3b: 33 72 21]
[01/01/09 01:33:14.861] 	recv: [7b: 33 72 21 FF FF FF E8]
[01/01/09 01:33:14.874] send: [3b: 32 72 21]
[01/01/09 01:33:14.881] 	recv: [7b: 32 72 21 FF FF FF EB]
[01/01/09 01:33:14.894] send: [5b: 33 71 13 00 64]
[01/01/09 01:33:14.902] 	recv: [3b: 33 71 13]
[01/01/09 01:33:14.914] send: [5b: 32 71 13 00 8C]
[01/01/09 01:33:14.921] 	recv: [3b: 32 71 13]
[01/01/09 01:33:14.934] send: [6b: 33 43 FF FF FF E6]
[01/01/09 01:33:14.941] 	recv: [2b: 33 43]
[01/01/09 01:33:14.955] send: [6b: 32 43 FF FF FF B6]
[01/01/09 01:33:14.962] 	recv: [2b: 32 43]
[01/01/09 01:33:14.975] send: [3b: 33 72 21]
[01/01/09 01:33:14.981] 	recv: [7b: 33 72 21 FF FF FF E6]
[01/01/09 01:33:14.995] send: [3b: 32 72 21]
[01/01/09 01:33:15.001] 	recv: [7b: 32 72 21 FF FF FF DB]
[01/01/09 01:33:15.015] send: [5b: 33 71 13 00 64]
[01/01/09 01:33:15.021] 	recv: [3b: 33 71 13]
[01/01/09 01:33:15.035] send: [5b: 32 71 13 00 A0]
[01/01/09 01:33:15.042] 	recv: [3b: 32 71 13]
[01/01/09 01:33:15.055] send: [6b: 33 43 FF FF FF E4]
[01/01/09 01:33:15.061] 	recv: [2b: 33 43]
[01/01/09 01:33:15.075] send: [6b: 32 43 FF FF FF A0]
[01/01/09 01:33:15.082] 	recv: [2b: 32 43]
[01/01/09 01:33:15.095] send: [3b: 33 72 21]
[01/01/09 01:33:15.102] 	recv: [7b: 33 72 21 FF FF FF E4]
[01/01/09 01:33:15.116] send: [3b: 32 72 21]
[01/01/09 01:33:15.123] 	recv: [7b: 32 72 21 FF FF FF C8]
[01/01/09 01:33:15.135] send: [5b: 33 71 13 00 64]
[01/01/09 01:33:15.141] 	recv: [3b: 33 71 13]
[01/01/09 01:33:15.154] send: [5b: 32 71 13 00 B4]
[01/01/09 01:33:15.160] 	recv: [3b: 32 71 13]
[01/01/09 01:33:15.167] send: [6b: 33 43 FF FF FF E2]
[01/01/09 01:33:15.172] 	recv: [2b: 33 43]
[01/01/09 01:33:15.185] send: [6b: 32 43 FF FF FF 88]
[01/01/09 01:33:15.190] 	recv: [2b: 32 43]
[01/01/09 01:33:15.204] send: [3b: 33 72 21]
[01/01/09 01:33:15.210] 	recv: [7b: 33 72 21 FF FF FF E2]
[01/01/09 01:33:15.224] send: [3b: 32 72 21]
[01/01/09 01:33:15.230] 	recv: [7b: 32 72 21 FF FF FF B5]
[01/01/09 01:33:15.245] send: [5b: 33 71 13 00 64]
[01/01/09 01:33:15.250] 	recv: [3b: 33 71 13]
[01/01/09 01:33:15.265] send: [5b: 32 71 13 00 C8]
[01/01/09 01:33:15.271] 	recv: [3b: 32 71 13]
[01/01/09 01:33:15.284] send: [6b: 33 43 FF FF FF E0]
[01/01/09 01:33:15.290] 	recv: [2b: 33 43]
[01/01/09 01:33:15.303] send: [6b: 32 43 FF FF FF 6C]
[01/01/09 01:33:15.310] 	recv: [2b: 32 43]
[01/01/09 01:33:15.324] send: [3b: 33 72 21]
[01/01/09 01:33:15.331] 	recv: [7b: 33 72 21 FF FF FF E0]
[01/01/09 01:33:15.344] send: [3b: 32 72 21]
[01/01/09 01:33:15.351] 	recv: [7b: 32 72 21 FF FF FF 9E]
[01/01/09 01:33:15.364] send: [5b: 33 71 13 00 64]
[01/01/09 01:33:15.371] 	recv: [3b: 33 71 13]
[01/01/09 01:33:15.384] send: [5b: 32 71 13 01 04]
[01/01/09 01:33:15.391] 	recv: [3b: 32 71 13]
[01/01/09 01:33:15.404] send: [6b: 33 43 FF FF FF DE]
[01/01/09 01:33:15.411] 	recv: [2b: 33 43]
[01/01/09 01:33:15.424] send: [6b: 32 43 FF FF FF 43]
[01/01/09 01:33:15.430] 	recv: [2b: 32 43]
[01/01/09 01:33:15.443] send: [3b: 33 72 21]
[01/01/09 01:33:15.451] 	recv: [7b: 33 72 21 FF FF FF DE]
[01/01/09 01:33:15.464] send: [3b: 32 72 21]
[01/01/09 01:33:15.472] 	recv: [7b: 32 72 21 FF FF FF 82]
[01/01/09 01:33:15.484] send: [5b: 33 71 13 00 64]
[01/01/09 01:33:15.491] 	recv: [3b: 33 71 13]
[01/01/09 01:33:15.504] send: [5b: 32 71 13 01 68]
[01/01/09 01:33:15.511] 	recv: [3b: 32 71 13]
[01/01/09 01:33:15.525] send: [6b: 33 43 FF FF FF DC]
[01/01/09 01:33:15.531] 	recv: [2b: 33 43]
[01/01/09 01:33:15.545] send: [6b: 32 43 FF FF FF 09]
[01/01/09 01:33:15.550] 	recv: [2b: 32 43]
[01/01/09 01:33:15.564] send: [3b: 33 72 21]
[01/01/09 01:33:15.571] 	recv: [7b: 33 72 21 FF FF FF DC]
[01/01/09 01:33:15.586] send: [3b: 32 72 21]
[01/01/09 01:33:15.593] 	recv: [7b: 32 72 21 FF FF FF 5B]
[01/01/09 01:33:15.606] send: [5b: 33 71 13 00 64]
[01/01/09 01:33:15.613] 	recv: [3b: 33 71 13]
[01/01/09 01:33:15.626] send: [5b: 32 71 13 01 E0]
[01/01/09 01:33:15.633] 	recv: [3b: 32 71 13]
[01/01/09 01:33:15.644] send: [6b: 33 43 FF FF FF DA]
[01/01/09 01:33:15.650] 	recv: [2b: 33 43]
[01/01/09 01:33:15.665] send: [6b: 32 43 FF FF FE BA]
[01/01/09 01:33:15.671] 	recv: [2b: 32 43]
[01/01/09 01:33:15.685] send: [3b: 33 72 21]
[01/01/09 01:33:15.691] 	recv: [7b: 33 72 21 FF FF FF DA]
[01/01/09 01:33:15.703] send: [3b: 32 72 21]
[01/01/09 01:33:15.710] 	recv: [7b: 32 72 21 FF FF FF 29]
[01/01/09 01:33:15.724] send: [5b: 33 71 13 00 64]
[01/01/09 01:33:15.729] 	recv: [3b: 33 71 13]
[01/01/09 01:33:15.745] send: [5b: 32 71 13 02 1C]
[01/01/09 01:33:15.751] 	recv: [3b: 32 71 13]
[01/01/09 01:33:15.766] send: [6b: 33 43 FF FF FF D8]
[01/01/09 01:33:15.771] 	recv: [2b: 33 43]
[01/01/09 01:33:15.786] send: [6b: 32 43 FF FF FE 72]
[01/01/09 01:33:15.793] 	recv: [2b: 32 43]
[01/01/09 01:33:15.808] send: [3b: 33 72 21]
[01/01/09 01:33:15.814] 	recv: [7b: 33 72 21 FF FF FF D8]
[01/01/09 01:33:15.826] send: [3b: 32 72 21]
[01/01/09 01:33:15.833] 	recv: [7b: 32 72 21 FF FF FE E9]
[01/01/09 01:33:15.844] send: [5b: 33 71 13 00 64]
[01/01/09 01:33:15.850] 	recv: [3b: 33 71 13]
[01/01/09 01:33:15.865] send: [5b: 32 71 13 01 E0]
[01/01/09 01:33:15.871] 	recv: [3b: 32 71 13]
[01/01/09 01:33:15.884] send: [6b: 33 43 FF FF FF D5]
[01/01/09 01:33:15.892] 	recv: [2b: 33 43]
[01/01/09 01:33:15.904] send: [6b: 32 43 FF FF FE 43]
[01/01/09 01:33:15.910] 	recv: [2b: 32 43]
[01/01/09 01:33:15.924] send: [3b: 33 72 21]
[01/01/09 01:33:15.930] 	recv: [7b: 33 72 21 FF FF FF D5]
[01/01/09 01:33:15.944] send: [3b: 32 72 21]
[01/01/09 01:33:15.950] 	recv: [7b: 32 72 21 FF FF FE AE]
[01/01/09 01:33:15.964] send: [5b: 33 71 13 00 64]
[01/01/09 01:33:15.971] 	recv: [3b: 33 71 13]
[01/01/09 01:33:15.984] send: [5b: 32 71 13 01 90]
[01/01/09 01:33:15.992] 	recv: [3b: 32 71 13]
[01/01/09 01:33:16.004] send: [6b: 33 43 FF FF FF D2]
[01/01/09 01:33:16.010] 	recv: [2b: 33 43]
[01/01/09 01:33:16.024] send: [6b: 32 43 FF FF FE 23]
[01/01/09 01:33:16.031] 	recv: [2b: 32 43]
[01/01/09 01:33:16.044] send: [3b: 33 72 21]
[01/01/09 01:33:16.052] 	recv: [7b: 33 72 21 FF FF FF D2]
[01/01/09 01:33:16.063] send: [3b: 32 72 21]
[01/01/09 01:33:16.071] 	recv: [7b: 32 72 21 FF FF FE 7A]
[01/01/09 01:33:16.084] send: [5b: 33 71 13 00 64]
[01/01/09 01:33:16.091] 	recv: [3b: 33 71 13]
[01/01/09 01:33:16.105] send: [5b: 32 71 13 01 40]
[01/01/09 01:33:16.112] 	recv: [3b: 32 71 13]
[01/01/09 01:33:16.124] send: [6b: 33 43 FF FF FF CE]
[01/01/09 01:33:16.132] 	recv: [2b: 33 43]
[01/01/09 01:33:16.144] send: [6b: 32 43 FF FF FE 0E]
[01/01/09 01:33:16.151] 	recv: [2b: 32 43]
[01/01/09 01:33:16.164] send: [3b: 33 72 21]
[01/01/09 01:33:16.171] 	recv: [7b: 33 72 21 FF FF FF CF]
[01/01/09 01:33:16.184] send: [3b: 32 72 21]
[01/01/09 01:33:16.191] 	recv: [7b: 32 72 21 FF FF FE 50]
[01/01/09 01:33:16.204] send: [5b: 33 71 13 00 64]
[01/01/09 01:33:16.211] 	recv: [3b: 33 71 13]
[01/01/09 01:33:16.224] send: [5b: 32 71 13 00 F0]
[01/01/09 01:33:16.231] 	recv: [3b: 32 71 13]
[01/01/09 01:33:16.245] send: [6b: 33 43 FF FF FF C9]
[01/01/09 01:33:16.253] 	recv: [2b: 33 43]
[01/01/09 01:33:16.264] send: [6b: 32 43 FF FF FE 00]
[01/01/09 01:33:16.271] 	recv: [2b: 32 43]
[01/01/09 01:33:16.284] send: [3b: 33 72 21]
[01/01/09 01:33:16.291] 	recv: [7b: 33 72 21 FF FF FF CB]
[01/01/09 01:33:16.303] send: [3b: 32 72 21]
[01/01/09 01:33:16.311] 	recv: [7b: 32 72 21 FF FF FE 30]
[01/01/09 01:33:16.324] send: [5b: 33 71 13 00 64]
[01/01/09 01:33:16.331] 	recv: [3b: 33 71 13]
[01/01/09 01:33:16.345] send: [5b: 32 71 13 00 A0]
[01/01/09 01:33:16.352] 	recv: [3b: 32 71 13]
[01/01/09 01:33:16.364] send: [6b: 33 43 FF FF FF C3]
[01/01/09 01:33:16.372] 	recv: [2b: 33 43]
[01/01/09 01:33:16.385] send: [6b: 32 43 FF FF FD F7]
[01/01/09 01:33:16.393] 	recv: [2b: 32 43]
[01/01/09 01:33:16.403] send: [3b: 33 72 21]
[01/01/09 01:33:16.410] 	recv: [7b: 33 72 21 FF FF FF C6]
[01/01/09 01:33:16.423] send: [3b: 32 72 21]
[01/01/09 01:33:16.431] 	recv: [7b: 32 72 21 FF FF FE 18]
[01/01/09 01:33:16.444] send: [5b: 33 71 13 00 64]
[01/01/09 01:33:16.451] 	recv: [3b: 33 71 13]
[01/01/09 01:33:16.466] send: [5b: 32 71 13 00 64]
[01/01/09 01:33:16.473] 	recv: [3b: 32 71 13]
[01/01/09 01:33:16.484] send: [6b: 33 43 FF FF FF BE]
[01/01/09 01:33:16.490] 	recv: [2b: 33 43]
[01/01/09 01:33:16.505] send: [6b: 32 43 FF FF FD F1]
[01/01/09 01:33:16.511] 	recv: [2b: 32 43]
[01/01/09 01:33:16.523] send: [3b: 33 72 21]
[01/01/09 01:33:16.530] 	recv: [7b: 33 72 21 FF FF FF C0]
[01/01/09 01:33:16.544] send: [3b: 32 72 21]
[01/01/09 01:33:16.551] 	recv: [7b: 32 72 21 FF FF FE 09]
[01/01/09 01:33:16.564] send: [5b: 33 71 13 00 64]
[01/01/09 01:33:16.570] 	recv: [3b: 33 71 13]
[01/01/09 01:33:16.584] send: [5b: 32 71 13 00 50]
[01/01/09 01:33:16.591] 	recv: [3b: 32 71 13]
[01/01/09 01:33:16.604] send: [6b: 33 43 FF FF FF B9]
[01/01/09 01:33:16.612] 	recv: [2b: 33 43]
[01/01/09 01:33:16.624] send: [6b: 32 43 FF FF FD ED]
[01/01/09 01:33:16.631] 	recv: [2b: 32 43]
[01/01/09 01:33:16.644] send: [3b: 33 72 21]
[01/01/09 01:33:16.651] 	recv: [7b: 33 72 21 FF FF FF BB]
[01/01/09 01:33:16.664] send: [3b: 32 72 21]
[01/01/09 01:33:16.671] 	recv: [7b: 32 72 21 FF FF FD FF]
[01/01/09 01:33:16.685] send: [5b: 33 71 13 00 64]
[01/01/09 01:33:16.691] 	recv: [3b: 33 71 13]
[01/01/09 01:33:16.705] send: [5b: 32 71 13 00 3C]
[01/01/09 01:33:16.711] 	recv: [3b: 32 71 13]
[01/01/09 01:33:16.723] send: [6b: 33 43 FF FF FF B4]
[01/01/09 01:33:16.730] 	recv: [2b: 33 43]
[01/01/09 01:33:16.746] send: [6b: 32 43 FF FF FD EA]
[01/01/09 01:33:16.754] 	recv: [2b: 32 43]
[01/01/09 01:33:16.764] send: [3b: 33 72 21]
[01/01/09 01:33:16.770] 	recv: [7b: 33 72 21 FF FF FF B6]
[01/01/09 01:33:16.785] send: [3b: 32 72 21]
[01/01/09 01:33:16.792] 	recv: [7b: 32 72 21 FF FF FD F7]
[01/01/09 01:33:16.805] send: [5b: 33 71 13 00 64]
[01/01/09 01:33:16.811] 	recv: [3b: 33 71 13]
[01/01/09 01:33:16.824] send: [5b: 32 71 13 00 28]
[01/01/09 01:33:16.831] 	recv: [3b: 32 71 13]
[01/01/09 01:33:16.845] send: [6b: 33 43 FF FF FF B1]
[01/01/09 01:33:16.852] 	recv: [2b: 33 43]
[01/01/09 01:33:16.866] send: [6b: 32 43 FF FF FD E8]
[01/01/09 01:33:16.873] 	recv: [2b: 32 43]
[01/01/09 01:33:16.886] send: [3b: 33 72 21]
[01/01/09 01:33:16.893] 	recv: [7b: 33 72 21 FF FF FF B1]
[01/01/09 01:33:16.906] send: [3b: 32 72 21]
[01/01/09 01:33:16.913] 	recv: [7b: 32 72 21 FF FF FD F1]
[01/01/09 01:33:16.926] send: [5b: 33 71 13 00 64]
[01/01/09 01:33:16.933] 	recv: [3b: 33 71 13]
[01/01/09 01:33:16.944] send: [5b: 32 71 13 00 1E]
[01/01/09 01:33:16.951] 	recv: [3b: 32 71 13]
[01/01/09 01:33:16.964] send: [6b: 33 43 FF FF FF AE]
[01/01/09 01:33:16.970] 	recv: [2b: 33 43]
[01/01/09 01:33:16.984] send: [6b: 32 43 FF FF FD E7]
[01/01/09 01:33:16.989] 	recv: [2b: 32 43]
[01/01/09 01:33:17.003] send: [3b: 33 72 21]
[01/01/09 01:33:17.010] 	recv: [7b: 33 72 21 FF FF FF AE]
[01/01/09 01:33:17.025] send: [3b: 32 72 21]
[01/01/09 01:33:17.031] 	recv: [7b: 32 72 21 FF FF FD ED]
[01/01/09 01:33:17.043] send: [5b: 33 71 13 00 64]
[01/01/09 01:33:17.049] 	recv: [3b: 33 71 13]
[01/01/09 01:33:17.066] send: [5b: 32 71 13 00 14]
[01/01/09 01:33:17.071] 	recv: [3b: 32 71 13]
[01/01/09 01:33:17.085] send: [3b: 33 72 21]
[01/01/09 01:33:17.091] 	recv: [7b: 33 72 21 FF FF FF AE]
[01/01/09 01:33:17.104] send: [3b: 32 72 21]
[01/01/09 01:33:17.110] 	recv: [7b: 32 72 21 FF FF FD EA]
[01/01/09 01:33:17.123] send: [5b: 33 71 13 00 64]
[01/01/09 01:33:17.129] 	recv: [3b: 33 71 13]
[01/01/09 01:33:17.143] send: [5b: 32 71 13 00 14]
[01/01/09 01:33:17.149] 	recv: [3b: 32 71 13]
[01/01/09 01:33:17.156] send: [3b: 33 72 21]
[01/01/09 01:33:17.165] 	recv: [7b: 33 72 21 FF FF FF AE]
[01/01/09 01:33:17.176] send: [6b: 32 43 FF FF FD E6]
[01/01/09 01:33:17.182] 	recv: [2b: 32 43]
[01/01/09 01:33:17.198] send: [5b: 33 71 13 00 64]
[01/01/09 01:33:17.206] send: [3b: 32 72 21]
[01/01/09 01:33:17.207] 	recv: [3b: 33 71 13]
[01/01/09 01:33:17.213] 	recv: [7b: 32 72 21 FF FF FD E8]
[01/01/09 01:33:17.214] send: [5b: 33 71 13 00 64]
[01/01/09 01:33:17.220] 	recv: [3b: 33 71 13]
[01/01/09 01:33:17.234] send: [5b: 32 71 13 00 14]
[01/01/09 01:33:17.241] 	recv: [3b: 32 71 13]
[01/01/09 01:33:17.257] send: [6b: 33 43 FF FF FF B0]
[01/01/09 01:33:17.263] 	recv: [2b: 33 43]
[01/01/09 01:33:17.274] send: [3b: 32 72 21]
[01/01/09 01:33:17.281] 	recv: [7b: 32 72 21 FF FF FD E7]
[01/01/09 01:33:17.294] send: [3b: 33 72 21]
[01/01/09 01:33:17.301] 	recv: [7b: 33 72 21 FF FF FF B0]
[01/01/09 01:33:17.315] send: [5b: 32 71 13 00 14]
[01/01/09 01:33:17.321] 	recv: [3b: 32 71 13]
[01/01/09 01:33:17.333] send: [5b: 33 71 13 00 64]
[01/01/09 01:33:17.340] 	recv: [3b: 33 71 13]
[01/01/09 01:33:17.354] send: [3b: 32 72 21]
[01/01/09 01:33:17.361] 	recv: [7b: 32 72 21 FF FF FD E6]
[01/01/09 01:33:17.374] send: [6b: 33 43 FF FF FF B2]
[01/01/09 01:33:17.380] 	recv: [2b: 33 43]
[01/01/09 01:33:17.394] send: [5b: 32 71 13 00 14]
[01/01/09 01:33:17.401] 	recv: [3b: 32 71 13]
[01/01/09 01:33:17.414] send: [3b: 33 72 21]
[01/01/09 01:33:17.421] 	recv: [7b: 33 72 21 FF FF FF B2]
[01/01/09 01:33:17.434] send: [3b: 32 72 21]
[01/01/09 01:33:17.441] 	recv: [7b: 32 72 21 FF FF FD E6]
[01/01/09 01:33:17.453] send: [5b: 33 71 13 00 64]
[01/01/09 01:33:17.460] 	recv: [3b: 33 71 13]
[01/01/09 01:33:17.474] send: [5b: 32 71 13 00 14]
[01/01/09 01:33:17.480] 	recv: [3b: 32 71 13]
[01/01/09 01:33:17.495] send: [6b: 33 43 FF FF FF B6]
[01/01/09 01:33:17.502] 	recv: [2b: 33 43]
[01/01/09 01:33:17.513] send: [3b: 32 72 21]
[01/01/09 01:33:17.520] 	recv: [7b: 32 72 21 FF FF FD E6]
[01/01/09 01:33:17.536] send: [3b: 33 72 21]
[01/01/09 01:33:17.542] 	recv: [7b: 33 72 21 FF FF FF B5]
[01/01/09 01:33:17.544] send: [5b: 32 71 13 00 14]
[01/01/09 01:33:17.549] 	recv: [3b: 32 71 13]
[01/01/09 01:33:17.566] send: [5b: 33 71 13 00 64]
[01/01/09 01:33:17.573] 	recv: [3b: 33 71 13]
[01/01/09 01:33:17.583] send: [3b: 32 72 21]
[01/01/09 01:33:17.590] 	recv: [7b: 32 72 21 FF FF FD E6]
[01/01/09 01:33:17.608] send: [6b: 33 43 FF FF FF BA]
[01/01/09 01:33:17.613] 	recv: [2b: 33 43]
[01/01/09 01:33:17.627] send: [5b: 32 71 13 00 14]
[01/01/09 01:33:17.633] 	recv: [3b: 32 71 13]
[01/01/09 01:33:17.644] send: [3b: 33 72 21]
[01/01/09 01:33:17.651] 	recv: [7b: 33 72 21 FF FF FF B9]
[01/01/09 01:33:17.665] send: [3b: 32 72 21]
[01/01/09 01:33:17.671] 	recv: [7b: 32 72 21 FF FF FD E6]
[01/01/09 01:33:17.684] send: [5b: 33 71 13 00 64]
[01/01/09 01:33:17.690] 	recv: [3b: 33 71 13]
[01/01/09 01:33:17.703] send: [5b: 32 71 13 00 14]
[01/01/09 01:33:17.709] 	recv: [3b: 32 71 13]
[01/01/09 01:33:17.724] send: [6b: 33 43 FF FF FF C0]
[01/01/09 01:33:17.729] 	recv: [2b: 33 43]
[01/01/09 01:33:17.745] send: [6b: 32 43 FF FF FD E5]
[01/01/09 01:33:17.752] 	recv: [2b: 32 43]
[01/01/09 01:33:17.764] send: [3b: 33 72 21]
[01/01/09 01:33:17.770] 	recv: [7b: 33 72 21 FF FF FF BD]
[01/01/09 01:33:17.783] send: [3b: 32 72 21]
[01/01/09 01:33:17.790] 	recv: [7b: 32 72 21 FF FF FD E6]
[01/01/09 01:33:17.805] send: [5b: 33 71 13 00 64]
[01/01/09 01:33:17.811] 	recv: [3b: 33 71 13]
[01/01/09 01:33:17.825] send: [5b: 32 71 13 00 14]
[01/01/09 01:33:17.831] 	recv: [3b: 32 71 13]
[01/01/09 01:33:17.845] send: [6b: 33 43 FF FF FF C6]
[01/01/09 01:33:17.852] 	recv: [2b: 33 43]
[01/01/09 01:33:17.865] send: [3b: 32 72 21]
[01/01/09 01:33:17.872] 	recv: [7b: 32 72 21 FF FF FD E5]
[01/01/09 01:33:17.883] send: [3b: 33 72 21]
[01/01/09 01:33:17.890] 	recv: [7b: 33 72 21 FF FF FF C3]
[01/01/09 01:33:17.892] send: [5b: 32 71 13 00 14]
[01/01/09 01:33:17.897] 	recv: [3b: 32 71 13]
[01/01/09 01:33:17.914] send: [5b: 33 71 13 00 64]
[01/01/09 01:33:17.920] 	recv: [3b: 33 71 13]
[01/01/09 01:33:17.933] send: [3b: 32 72 21]
[01/01/09 01:33:17.940] 	recv: [7b: 32 72 21 FF FF FD E5]
[01/01/09 01:33:17.956] send: [6b: 33 43 FF FF FF CC]
[01/01/09 01:33:17.962] 	recv: [2b: 33 43]
[01/01/09 01:33:17.974] send: [5b: 32 71 13 00 14]
[01/01/09 01:33:17.980] 	recv: [3b: 32 71 13]
[01/01/09 01:33:17.988] send: [3b: 33 72 21]
[01/01/09 01:33:17.993] 	recv: [7b: 33 72 21 FF FF FF C9]
[01/01/09 01:33:18.007] send: [3b: 32 72 21]
[01/01/09 01:33:18.012] 	recv: [7b: 32 72 21 FF FF FD E5]
[01/01/09 01:33:18.026] send: [5b: 33 71 13 00 64]
[01/01/09 01:33:18.032] 	recv: [3b: 33 71 13]
[01/01/09 01:33:18.043] send: [5b: 32 71 13 00 14]
[01/01/09 01:33:18.050] 	recv: [3b: 32 71 13]
[01/01/09 01:33:18.064] send: [6b: 33 43 FF FF FF D2]
[01/01/09 01:33:18.071] 	recv: [2b: 33 43]
[01/01/09 01:33:18.085] send: [6b: 32 43 FF FF FD E6]
[01/01/09 01:33:18.091] 	recv: [2b: 32 43]
[01/01/09 01:33:18.105] send: [3b: 33 72 21]
[01/01/09 01:33:18.112] 	recv: [7b: 33 72 21 FF FF FF CF]
[01/01/09 01:33:18.125] send: [3b: 32 72 21]
[01/01/09 01:33:18.132] 	recv: [7b: 32 72 21 FF FF FD E5]
[01/01/09 01:33:18.146] send: [5b: 33 71 13 00 64]
[01/01/09 01:33:18.152] 	recv: [3b: 33 71 13]
[01/01/09 01:33:18.163] send: [5b: 32 71 13 00 3C]
[01/01/09 01:33:18.170] 	recv: [3b: 32 71 13]
[01/01/09 01:33:18.183] send: [6b: 33 43 FF FF FF D9]
[01/01/09 01:33:18.189] 	recv: [2b: 33 43]
[01/01/09 01:33:18.204] send: [6b: 32 43 FF FF FD FC]
[01/01/09 01:33:18.211] 	recv: [2b: 32 43]
[01/01/09 01:33:18.224] send: [3b: 33 72 21]
[01/01/09 01:33:18.231] 	recv: [7b: 33 72 21 FF FF FF D6]
[01/01/09 01:33:18.245] send: [3b: 32 72 21]
[01/01/09 01:33:18.252] 	recv: [7b: 32 72 21 FF FF FD E6]
[01/01/09 01:33:18.263] send: [5b: 33 71 13 00 64]
[01/01/09 01:33:18.269] 	recv: [3b: 33 71 13]
[01/01/09 01:33:18.284] send: [5b: 32 71 13 00 B4]
[01/01/09 01:33:18.290] 	recv: [3b: 32 71 13]
[01/01/09 01:33:18.304] send: [6b: 33 43 FF FF FF E0]
[01/01/09 01:33:18.310] 	recv: [2b: 33 43]
[01/01/09 01:33:18.324] send: [6b: 32 43 FF FF FE 26]
[01/01/09 01:33:18.330] 	recv: [2b: 32 43]
[01/01/09 01:33:18.345] send: [3b: 33 72 21]
[01/01/09 01:33:18.351] 	recv: [7b: 33 72 21 FF FF FF DD]
[01/01/09 01:33:18.364] send: [3b: 32 72 21]
[01/01/09 01:33:18.371] 	recv: [7b: 32 72 21 FF FF FD F2]
[01/01/09 01:33:18.384] send: [5b: 33 71 13 00 64]
[01/01/09 01:33:18.390] 	recv: [3b: 33 71 13]
[01/01/09 01:33:18.404] send: [5b: 32 71 13 01 2C]
[01/01/09 01:33:18.411] 	recv: [3b: 32 71 13]
[01/01/09 01:33:18.425] send: [6b: 33 43 FF FF FF E6]
[01/01/09 01:33:18.433] 	recv: [2b: 33 43]
[01/01/09 01:33:18.444] send: [6b: 32 43 FF FF FE 59]
[01/01/09 01:33:18.449] 	recv: [2b: 32 43]
[01/01/09 01:33:18.464] send: [3b: 33 72 21]
[01/01/09 01:33:18.471] 	recv: [7b: 33 72 21 FF FF FF E3]
[01/01/09 01:33:18.485] send: [3b: 32 72 21]
[01/01/09 01:33:18.491] 	recv: [7b: 32 72 21 FF FF FE 10]
[01/01/09 01:33:18.503] send: [5b: 33 71 13 00 64]
[01/01/09 01:33:18.510] 	recv: [3b: 33 71 13]
[01/01/09 01:33:18.524] send: [5b: 32 71 13 01 68]
[01/01/09 01:33:18.530] 	recv: [3b: 32 71 13]
[01/01/09 01:33:18.544] send: [6b: 33 43 FF FF FF EC]
[01/01/09 01:33:18.550] 	recv: [2b: 33 43]
[01/01/09 01:33:18.567] send: [6b: 32 43 FF FF FE 8F]
[01/01/09 01:33:18.573] 	recv: [2b: 32 43]
[01/01/09 01:33:18.584] send: [3b: 33 72 21]
[01/01/09 01:33:18.591] 	recv: [7b: 33 72 21 FF FF FF E9]
[01/01/09 01:33:18.606] send: [3b: 32 72 21]
[01/01/09 01:33:18.613] 	recv: [7b: 32 72 21 FF FF FE 39]
[01/01/09 01:33:18.626] send: [5b: 33 71 13 00 64]
[01/01/09 01:33:18.631] 	recv: [3b: 33 71 13]
[01/01/09 01:33:18.645] send: [5b: 32 71 13 01 90]
[01/01/09 01:33:18.650] 	recv: [3b: 32 71 13]
[01/01/09 01:33:18.665] send: [6b: 33 43 FF FF FF F2]
[01/01/09 01:33:18.670] 	recv: [2b: 33 43]
[01/01/09 01:33:18.685] send: [6b: 32 43 FF FF FE C4]
[01/01/09 01:33:18.691] 	recv: [2b: 32 43]
[01/01/09 01:33:18.705] send: [3b: 33 72 21]
[01/01/09 01:33:18.711] 	recv: [7b: 33 72 21 FF FF FF F0]
[01/01/09 01:33:18.725] send: [3b: 32 72 21]
[01/01/09 01:33:18.732] 	recv: [7b: 32 72 21 FF FF FE 67]
[01/01/09 01:33:18.744] send: [5b: 33 71 13 00 64]
[01/01/09 01:33:18.750] 	recv: [3b: 33 71 13]
[01/01/09 01:33:18.764] send: [5b: 32 71 13 01 A4]
[01/01/09 01:33:18.770] 	recv: [3b: 32 71 13]
[01/01/09 01:33:18.783] send: [6b: 33 43 FF FF FF F7]
[01/01/09 01:33:18.790] 	recv: [2b: 33 43]
[01/01/09 01:33:18.804] send: [6b: 32 43 FF FF FE F4]
[01/01/09 01:33:18.810] 	recv: [2b: 32 43]
[01/01/09 01:33:18.817] send: [3b: 33 72 21]
[01/01/09 01:33:18.823] 	recv: [7b: 33 72 21 FF FF FF F5]
[01/01/09 01:33:18.833] send: [3b: 32 72 21]
[01/01/09 01:33:18.840] 	recv: [7b: 32 72 21 FF FF FE 93]
[01/01/09 01:33:18.854] send: [5b: 33 71 13 00 64]
[01/01/09 01:33:18.860] 	recv: [3b: 33 71 13]
[01/01/09 01:33:18.874] send: [5b: 32 71 13 01 90]
[01/01/09 01:33:18.881] 	recv: [3b: 32 71 13]
[01/01/09 01:33:18.894] send: [6b: 33 43 FF FF FF FB]
[01/01/09 01:33:18.901] 	recv: [2b: 33 43]
[01/01/09 01:33:18.916] send: [6b: 32 43 FF FF FF 1A]
[01/01/09 01:33:18.923] 	recv: [2b: 32 43]
[01/01/09 01:33:18.933] send: [3b: 33 72 21]
[01/01/09 01:33:18.940] 	recv: [7b: 33 72 21 FF FF FF FA]
[01/01/09 01:33:18.955] send: [3b: 32 72 21]
[01/01/09 01:33:18.962] 	recv: [7b: 32 72 21 FF FF FE C5]
[01/01/09 01:33:18.973] send: [5b: 33 71 13 00 64]
[01/01/09 01:33:18.982] 	recv: [3b: 33 71 13]
[01/01/09 01:33:18.993] send: [5b: 32 71 13 01 54]
[01/01/09 01:33:19.001] 	recv: [3b: 32 71 13]
[01/01/09 01:33:19.014] send: [6b: 33 43 FF FF FF FE]
[01/01/09 01:33:19.021] 	recv: [2b: 33 43]
[01/01/09 01:33:19.033] send: [6b: 32 43 FF FF FF 3B]
[01/01/09 01:33:19.039] 	recv: [2b: 32 43]
[01/01/09 01:33:19.054] send: [3b: 33 72 21]
[01/01/09 01:33:19.061] 	recv: [7b: 33 72 21 FF FF FF FE]
[01/01/09 01:33:19.074] send: [3b: 32 72 21]
[01/01/09 01:33:19.082] 	recv: [7b: 32 72 21 FF FF FE F0]
[01/01/09 01:33:19.094] send: [5b: 33 71 13 00 64]
[01/01/09 01:33:19.101] 	recv: [3b: 33 71 13]
[01/01/09 01:33:19.114] send: [5b: 32 71 13 01 18]
[01/01/09 01:33:19.121] 	recv: [3b: 32 71 13]
[01/01/09 01:33:19.134] send: [6b: 33 43 00 00 00 00]
[01/01/09 01:33:19.141] 	recv: [2b: 33 43]
[01/01/09 01:33:19.155] send: [6b: 32 43 FF FF FF 51]
[01/01/09 01:33:19.161] 	recv: [2b: 32 43]
[01/01/09 01:33:19.174] send: [3b: 33 72 21]
[01/01/09 01:33:19.182] 	recv: [7b: 33 72 21 00 00 00 00]
[01/01/09 01:33:19.195] send: [3b: 32 72 21]
[01/01/09 01:33:19.203] 	recv: [7b: 32 72 21 FF FF FF 15]
[01/01/09 01:33:19.214] send: [5b: 33 71 13 00 64]
[01/01/09 01:33:19.220] 	recv: [3b: 33 71 13]
[01/01/09 01:33:19.234] send: [5b: 32 71 13 00 C8]
[01/01/09 01:33:19.240] 	recv: [3b: 32 71 13]
[01/01/09 01:33:19.254] send: [6b: 33 43 00 00 00 03]
[01/01/09 01:33:19.261] 	recv: [2b: 33 43]
[01/01/09 01:33:19.275] send: [6b: 32 43 FF FF FF 5B]
[01/01/09 01:33:19.282] 	recv: [2b: 32 43]
[01/01/09 01:33:19.294] send: [3b: 33 72 21]
[01/01/09 01:33:19.302] 	recv: [7b: 33 72 21 00 00 00 03]
[01/01/09 01:33:19.314] send: [3b: 32 72 21]
[01/01/09 01:33:19.322] 	recv: [7b: 32 72 21 FF FF FF 31]
[01/01/09 01:33:19.334] send: [5b: 33 71 13 00 64]
[01/01/09 01:33:19.341] 	recv: [3b: 33 71 13]
[01/01/09 01:33:19.354] send: [5b: 32 71 13 00 78]
[01/01/09 01:33:19.362] 	recv: [3b: 32 71 13]
[01/01/09 01:33:19.374] send: [6b: 33 43 00 00 00 04]
[01/01/09 01:33:19.379] 	recv: [2b: 33 43]
[01/01/09 01:33:19.396] send: [6b: 32 43 FF FF FF 5E]
[01/01/09 01:33:19.402] 	recv: [2b: 32 43]
[01/01/09 01:33:19.414] send: [3b: 33 72 21]
[01/01/09 01:33:19.420] 	recv: [7b: 33 72 21 00 00 00 04]
[01/01/09 01:33:19.435] send: [3b: 32 72 21]
[01/01/09 01:33:19.442] 	recv: [7b: 32 72 21 FF FF FF 43]
[01/01/09 01:33:19.454] send: [5b: 33 71 13 00 64]
[01/01/09 01:33:19.461] 	recv: [3b: 33 71 13]
[01/01/09 01:33:19.474] send: [5b: 32 71 13 00 50]
[01/01/09 01:33:19.480] 	recv: [3b: 32 71 13]
[01/01/09 01:33:19.494] send: [3b: 33 72 21]
[01/01/09 01:33:19.500] 	recv: [7b: 33 72 21 00 00 00 04]
[01/01/09 01:33:19.514] send: [6b: 32 43 FF FF FF 5F]
[01/01/09 01:33:19.521] 	recv: [2b: 32 43]
[01/01/09 01:33:19.535] send: [5b: 33 71 13 00 64]
[01/01/09 01:33:19.543] 	recv: [3b: 33 71 13]
[01/01/09 01:33:19.554] send: [3b: 32 72 21]
[01/01/09 01:33:19.560] 	recv: [7b: 32 72 21 FF FF FF 4F]
[01/01/09 01:33:19.574] send: [3b: 33 72 21]
[01/01/09 01:33:19.580] 	recv: [7b: 33 72 21 00 00 00 04]
[01/01/09 01:33:19.593] send: [5b: 32 71 13 00 3C]
[01/01/09 01:33:19.599] 	recv: [3b: 32 71 13]
[01/01/09 01:33:19.614] send: [5b: 33 71 13 00 64]
[01/01/09 01:33:19.620] 	recv: [3b: 33 71 13]
[01/01/09 01:33:19.634] send: [6b: 32 43 FF FF FF 66]
[01/01/09 01:33:19.640] 	recv: [2b: 32 43]
[01/01/09 01:33:19.653] send: [3b: 33 72 21]
[01/01/09 01:33:19.659] 	recv: [7b: 33 72 21 00 00 00 04]
[01/01/09 01:33:19.674] send: [3b: 32 72 21]
[01/01/09 01:33:19.680] 	recv: [7b: 32 72 21 FF FF FF 57]
[01/01/09 01:33:19.683] send: [5b: 33 71 13 00 64]
[01/01/09 01:33:19.688] 	recv: [3b: 33 71 13]
[01/01/09 01:33:19.704] send: [5b: 32 71 13 00 46]
[01/01/09 01:33:19.711] 	recv: [3b: 32 71 13]
[01/01/09 01:33:19.725] send: [3b: 33 72 21]
[01/01/09 01:33:19.732] 	recv: [7b: 33 72 21 00 00 00 04]
[01/01/09 01:33:19.747] send: [6b: 32 43 FF FF FF 70]
[01/01/09 01:33:19.753] 	recv: [2b: 32 43]
[01/01/09 01:33:19.765] send: [5b: 33 71 13 00 64]
[01/01/09 01:33:19.771] 	recv: [3b: 33 71 13]
[01/01/09 01:33:19.784] send: [3b: 32 72 21]
[01/01/09 01:33:19.789] 	recv: [7b: 32 72 21 FF FF FF 5E]
[01/01/09 01:33:19.804] send: [3b: 33 72 21]
[01/01/09 01:33:19.810] 	recv: [7b: 33 72 21 00 00 00 04]
[01/01/09 01:33:19.825] send: [5b: 32 71 13 00 50]
[01/01/09 01:33:19.831] 	recv: [3b: 32 71 13]
[01/01/09 01:33:19.844] send: [5b: 33 71 13 00 64]
[01/01/09 01:33:19.850] 	recv: [3b: 33 71 13]
[01/01/09 01:33:19.863] send: [6b: 32 43 FF FF FF 7B]
[01/01/09 01:33:19.870] 	recv: [2b: 32 43]
[01/01/09 01:33:19.885] send: [6b: 33 43 00 00 00 02]
[01/01/09 01:33:19.892] 	recv: [2b: 33 43]
[01/01/09 01:33:19.903] send: [3b: 32 72 21]
[01/01/09 01:33:19.910] 	recv: [7b: 32 72 21 FF FF FF 67]
[01/01/09 01:33:19.924] send: [3b: 33 72 21]
[01/01/09 01:33:19.931] 	recv: [7b: 33 72 21 00 00 00 02]
[01/01/09 01:33:19.944] send: [5b: 32 71 13 00 50]
[01/01/09 01:33:19.951] 	recv: [3b: 32 71 13]
[01/01/09 01:33:19.963] send: [5b: 33 71 13 00 64]
[01/01/09 01:33:19.969] 	recv: [3b: 33 71 13]
[01/01/09 01:33:19.983] send: [6b: 32 43 FF FF FF 85]
[01/01/09 01:33:19.990] 	recv: [2b: 32 43]
[01/01/09 01:33:20.004] send: [6b: 33 43 00 00 00 01]
[01/01/09 01:33:20.011] 	recv: [2b: 33 43]
[01/01/09 01:33:20.023] send: [3b: 32 72 21]
[01/01/09 01:33:20.030] 	recv: [7b: 32 72 21 FF FF FF 71]
[01/01/09 01:33:20.045] send: [3b: 33 72 21]
[01/01/09 01:33:20.052] 	recv: [7b: 33 72 21 00 00 00 01]
[01/01/09 01:33:20.065] send: [5b: 32 71 13 00 50]
[01/01/09 01:33:20.071] 	recv: [3b: 32 71 13]
[01/01/09 01:33:20.085] send: [5b: 33 71 13 00 64]
[01/01/09 01:33:20.092] 	recv: [3b: 33 71 13]
[01/01/09 01:33:20.105] send: [6b: 32 43 FF FF FF 8F]
[01/01/09 01:33:20.112] 	recv: [2b: 32 43]
[01/01/09 01:33:20.125] send: [6b: 33 43 00 00 00 00]
[01/01/09 01:33:20.130] 	recv: [2b: 33 43]
[01/01/09 01:33:20.145] send: [3b: 32 72 21]
[01/01/09 01:33:20.152] 	recv: [7b: 32 72 21 FF FF FF 7B]
[01/01/09 01:33:20.165] send: [3b: 33 72 21]
[01/01/09 01:33:20.173] 	recv: [7b: 33 72 21 00 00 00 00]
[01/01/09 01:33:20.184] send: [5b: 32 71 13 00 50]
[01/01/09 01:33:20.191] 	recv: [3b: 32 71 13]
[01/01/09 01:33:20.205] send: [5b: 33 71 13 00 64]
[01/01/09 01:33:20.211] 	recv: [3b: 33 71 13]
[01/01/09 01:33:20.224] send: [6b: 32 43 FF FF FF 97]
[01/01/09 01:33:20.230] 	recv: [2b: 32 43]
[01/01/09 01:33:20.243] send: [6b: 33 43 00 00 00 00]
[01/01/09 01:33:20.249] 	recv: [2b: 33 43]
[01/01/09 01:33:20.264] send: [3b: 32 72 21]
[01/01/09 01:33:20.271] 	recv: [7b: 32 72 21 FF FF FF 84]
[01/01/09 01:33:20.286] send: [3b: 33 72 21]
[01/01/09 01:33:20.291] 	recv: [7b: 33 72 21 00 00 00 00]
[01/01/09 01:33:20.306] send: [5b: 32 71 13 00 3C]
[01/01/09 01:33:20.311] 	recv: [3b: 32 71 13]
[01/01/09 01:33:20.326] send: [5b: 33 71 13 00 64]
[01/01/09 01:33:20.332] 	recv: [3b: 33 71 13]
[01/01/09 01:33:20.346] send: [6b: 32 43 FF FF FF 9B]
[01/01/09 01:33:20.352] 	recv: [2b: 32 43]
[01/01/09 01:33:20.366] send: [6b: 33 43 FF FF FF FE]
[01/01/09 01:33:20.372] 	recv: [2b: 33 43]
[01/01/09 01:33:20.385] send: [3b: 32 72 21]
[01/01/09 01:33:20.392] 	recv: [7b: 32 72 21 FF FF FF 8C]
[01/01/09 01:33:20.406] send: [3b: 33 72 21]
[01/01/09 01:33:20.413] 	recv: [7b: 33 72 21 FF FF FF FE]
[01/01/09 01:33:20.424] send: [5b: 32 71 13 00 1E]
[01/01/09 01:33:20.432] 	recv: [3b: 32 71 13]
[01/01/09 01:33:20.444] send: [5b: 33 71 13 00 64]
[01/01/09 01:33:20.452] 	recv: [3b: 33 71 13]
[01/01/09 01:33:20.464] send: [6b: 32 43 FF FF FF 99]
[01/01/09 01:33:20.471] 	recv: [2b: 32 43]
[01/01/09 01:33:20.484] send: [6b: 33 43 FF FF FF FC]
[01/01/09 01:33:20.491] 	recv: [2b: 33 43]
[01/01/09 01:33:20.505] send: [3b: 32 72 21]
[01/01/09 01:33:20.512] 	recv: [7b: 32 72 21 FF FF FF 92]
[01/01/09 01:33:20.524] send: [3b: 33 72 21]
[01/01/09 01:33:20.531] 	recv: [7b: 33 72 21 FF FF FF FC]
[01/01/09 01:33:20.546] send: [5b: 32 71 13 00 14]
[01/01/09 01:33:20.556] send: [6b: 32 43 FF FF FF 92]
[01/01/09 01:33:20.557] 	recv: [3b: 32 71 13]
[01/01/09 01:33:20.563] 	recv: [2b: 32 43]
[01/01/09 01:33:20.577] send: [6b: 33 43 FF FF FF FB]
[01/01/09 01:33:20.583] 	recv: [2b: 33 43]
[01/01/09 01:33:20.598] send: [3b: 32 72 21]
[01/01/09 01:33:20.604] 	recv: [7b: 32 72 21 FF FF FF 93]
[01/01/09 01:33:20.614] send: [3b: 33 72 21]
[01/01/09 01:33:20.620] 	recv: [7b: 33 72 21 FF FF FF FB]
[01/01/09 01:33:20.635] send: [5b: 32 71 13 00 1E]
[01/01/09 01:33:20.640] 	recv: [3b: 32 71 13]
[01/01/09 01:33:20.654] send: [5b: 33 71 13 00 64]
[01/01/09 01:33:20.660] 	recv: [3b: 33 71 13]
[01/01/09 01:33:20.673] send: [6b: 32 43 FF FF FF 88]
[01/01/09 01:33:20.680] 	recv: [2b: 32 43]
[01/01/09 01:33:20.695] error: bus thread interrupted
[01/01/09 01:33:20.722] resources: ut=0.15 st=0.06
[01/01/09 01:33:20.722] log finished
