[01/01/09 01:33:07.332] log started
[01/01/09 01:33:07.333] 	[ BusInterface ]
[01/01/09 01:33:07.333] 	cycle = 20
[01/01/09 01:33:07.333] 	delayWriteTime = 6
[01/01/09 01:33:07.333] 	href = cout_4016
[01/01/09 01:33:07.333] 	interface = ethernet
[01/01/09 01:33:07.333] 	localAddr = 10.0.0.1
[01/01/09 01:33:07.333] 	localPort = 4016
[01/01/09 01:33:07.333] 	log:path = 
[01/01/09 01:33:07.333] 	log:size = 
[01/01/09 01:33:07.333] 	log:type = info
[01/01/09 01:33:07.333] 	name = TCP/UDP/UnixSocket Network Bus
[01/01/09 01:33:07.333] 	protocol = udp
[01/01/09 01:33:07.333] 	remoteAddr = 10.0.0.2
[01/01/09 01:33:07.333] 	remotePort = 4016
[01/01/09 01:33:07.333] 	sym = bus_4016
[01/01/09 01:33:07.333] 	type = ethernet
[01/01/09 01:33:07.333] 	vendor = Spetstekhnika
[01/01/09 01:33:07.333] 	writeDelay = async
[01/01/09 01:33:07.333] tid = 6422
[01/01/09 01:33:07.354] udp connection started (cycle=20, receive size=10240)
[01/01/09 01:33:07.354] 	local  = 10.0.0.1:4016
[01/01/09 01:33:07.354] 	remote = 10.0.0.2:4016
[01/01/09 01:33:07.354] 	SO_RCVBUF = 63488
[01/01/09 01:33:07.354] 	SO_SNDBUF = 63488
[01/01/09 01:33:07.386] connection: receive timeout (1,1 10240/10240,0/0)
[01/01/09 01:33:07.387] send: [2b: 31 47]
[01/01/09 01:33:07.393] 	recv: [2b: 31 47]
[01/01/09 01:33:07.404] send: [2b: 32 47]
[01/01/09 01:33:07.409] 	recv: [2b: 32 47]
[01/01/09 01:33:07.426] send: [5b: 31 71 13 0F 3C]
[01/01/09 01:33:07.431] 	recv: [3b: 31 71 13]
[01/01/09 01:33:07.446] send: [5b: 32 71 13 07 6C]
[01/01/09 01:33:07.451] 	recv: [3b: 32 71 13]
[01/01/09 01:33:07.465] send: [5b: 31 71 12 01 90]
[01/01/09 01:33:07.470] 	recv: [3b: 31 71 12]
[01/01/09 01:33:07.486] send: [5b: 32 71 12 00 64]
[01/01/09 01:33:07.491] 	recv: [3b: 32 71 12]
[01/01/09 01:33:07.505] send: [4b: 31 71 14 FA]
[01/01/09 01:33:07.511] 	recv: [3b: 31 71 14]
[01/01/09 01:33:07.525] send: [4b: 32 71 14 33]
[01/01/09 01:33:07.531] 	recv: [3b: 32 71 14]
[01/01/09 01:33:07.545] send: [4b: 31 71 15 32]
[01/01/09 01:33:07.551] 	recv: [3b: 31 71 15]
[01/01/09 01:33:07.564] send: [4b: 32 71 15 59]
[01/01/09 01:33:07.570] 	recv: [3b: 32 71 15]
[01/01/09 01:33:07.573] send: [3b: 31 41 80]
[01/01/09 01:33:07.578] 	recv: [2b: 31 41]
[01/01/09 01:33:07.586] send: [3b: 31 72 01]
[01/01/09 01:33:07.592] 	recv: [4b: 31 72 01 81]
[01/01/09 01:33:07.605] send: [3b: 32 41 80]
[01/01/09 01:33:07.610] 	recv: [2b: 32 41]
[01/01/09 01:33:07.624] send: [3b: 31 72 02]
[01/01/09 01:33:07.631] 	recv: [4b: 31 72 02 13]
[01/01/09 01:33:07.644] send: [3b: 32 72 01]
[01/01/09 01:33:07.651] 	recv: [4b: 32 72 01 81]
[01/01/09 01:33:07.664] send: [3b: 31 72 02]
[01/01/09 01:33:07.671] 	recv: [4b: 31 72 02 13]
[01/01/09 01:33:07.684] send: [3b: 32 72 02]
[01/01/09 01:33:07.690] 	recv: [4b: 32 72 02 13]
[01/01/09 01:33:07.704] send: [3b: 31 72 02]
[01/01/09 01:33:07.711] 	recv: [4b: 31 72 02 13]
[01/01/09 01:33:07.724] send: [3b: 32 72 02]
[01/01/09 01:33:07.729] 	recv: [4b: 32 72 02 13]
[01/01/09 01:33:07.737] send: [3b: 31 72 02]
[01/01/09 01:33:07.742] 	recv: [4b: 31 72 02 13]
[01/01/09 01:33:07.757] send: [3b: 32 72 02]
[01/01/09 01:33:07.762] 	recv: [4b: 32 72 02 13]
[01/01/09 01:33:07.774] send: [3b: 31 72 02]
[01/01/09 01:33:07.779] 	recv: [4b: 31 72 02 13]
[01/01/09 01:33:07.795] send: [3b: 32 72 02]
[01/01/09 01:33:07.801] 	recv: [4b: 32 72 02 13]
[01/01/09 01:33:07.814] send: [3b: 31 72 02]
[01/01/09 01:33:07.820] 	recv: [4b: 31 72 02 13]
[01/01/09 01:33:07.833] send: [3b: 32 72 02]
[01/01/09 01:33:07.839] 	recv: [4b: 32 72 02 13]
[01/01/09 01:33:07.854] send: [3b: 31 72 02]
[01/01/09 01:33:07.860] 	recv: [4b: 31 72 02 13]
[01/01/09 01:33:07.875] send: [3b: 32 72 02]
[01/01/09 01:33:07.881] 	recv: [4b: 32 72 02 13]
[01/01/09 01:33:07.894] send: [3b: 31 72 02]
[01/01/09 01:33:07.900] 	recv: [4b: 31 72 02 13]
[01/01/09 01:33:07.914] send: [3b: 32 72 02]
[01/01/09 01:33:07.920] 	recv: [4b: 32 72 02 13]
[01/01/09 01:33:07.934] send: [3b: 31 72 02]
[01/01/09 01:33:07.940] 	recv: [4b: 31 72 02 13]
[01/01/09 01:33:07.954] send: [3b: 32 72 02]
[01/01/09 01:33:07.960] 	recv: [4b: 32 72 02 13]
[01/01/09 01:33:07.974] send: [3b: 31 72 02]
[01/01/09 01:33:07.979] 	recv: [4b: 31 72 02 13]
[01/01/09 01:33:07.996] send: [3b: 32 72 02]
[01/01/09 01:33:08.002] 	recv: [4b: 32 72 02 13]
[01/01/09 01:33:08.013] send: [3b: 31 72 02]
[01/01/09 01:33:08.020] 	recv: [4b: 31 72 02 13]
[01/01/09 01:33:08.033] send: [3b: 32 72 02]
[01/01/09 01:33:08.039] 	recv: [4b: 32 72 02 13]
[01/01/09 01:33:08.056] send: [3b: 31 72 02]
[01/01/09 01:33:08.062] 	recv: [4b: 31 72 02 13]
[01/01/09 01:33:08.074] send: [3b: 32 72 02]
[01/01/09 01:33:08.080] 	recv: [4b: 32 72 02 13]
[01/01/09 01:33:08.094] send: [3b: 31 72 02]
[01/01/09 01:33:08.101] 	recv: [4b: 31 72 02 13]
[01/01/09 01:33:08.114] send: [3b: 32 72 02]
[01/01/09 01:33:08.120] 	recv: [4b: 32 72 02 13]
[01/01/09 01:33:08.135] send: [3b: 31 72 02]
[01/01/09 01:33:08.141] 	recv: [4b: 31 72 02 13]
[01/01/09 01:33:08.155] send: [3b: 32 72 02]
[01/01/09 01:33:08.160] 	recv: [4b: 32 72 02 13]
[01/01/09 01:33:08.175] send: [3b: 31 72 02]
[01/01/09 01:33:08.181] 	recv: [4b: 31 72 02 13]
[01/01/09 01:33:08.195] send: [3b: 32 72 02]
[01/01/09 01:33:08.201] 	recv: [4b: 32 72 02 13]
[01/01/09 01:33:08.215] send: [3b: 31 72 02]
[01/01/09 01:33:08.221] 	recv: [4b: 31 72 02 13]
[01/01/09 01:33:08.236] send: [3b: 32 72 02]
[01/01/09 01:33:08.242] 	recv: [4b: 32 72 02 13]
[01/01/09 01:33:08.255] send: [3b: 31 72 02]
[01/01/09 01:33:08.261] 	recv: [4b: 31 72 02 13]
[01/01/09 01:33:08.274] send: [3b: 32 72 02]
[01/01/09 01:33:08.280] 	recv: [4b: 32 72 02 13]
[01/01/09 01:33:08.293] send: [3b: 31 72 02]
[01/01/09 01:33:08.299] 	recv: [4b: 31 72 02 13]
[01/01/09 01:33:08.313] send: [3b: 32 72 02]
[01/01/09 01:33:08.320] 	recv: [4b: 32 72 02 13]
[01/01/09 01:33:08.334] send: [3b: 31 72 02]
[01/01/09 01:33:08.341] 	recv: [4b: 31 72 02 13]
[01/01/09 01:33:08.348] send: [3b: 32 72 02]
[01/01/09 01:33:08.355] send: [3b: 32 72 02]
[01/01/09 01:33:08.358] 	recv: [4b: 32 72 02 13]
[01/01/09 01:33:08.365] 	recv: [4b: 32 72 02 13]
[01/01/09 01:33:08.384] send: [3b: 31 72 02]
[01/01/09 01:33:08.390] 	recv: [4b: 31 72 02 13]
[01/01/09 01:33:08.406] send: [3b: 32 72 02]
[01/01/09 01:33:08.411] 	recv: [4b: 32 72 02 13]
[01/01/09 01:33:08.426] send: [3b: 31 72 02]
[01/01/09 01:33:08.432] 	recv: [4b: 31 72 02 13]
[01/01/09 01:33:08.444] send: [3b: 32 72 02]
[01/01/09 01:33:08.450] 	recv: [4b: 32 72 02 13]
[01/01/09 01:33:08.463] send: [3b: 31 72 02]
[01/01/09 01:33:08.468] 	recv: [4b: 31 72 02 13]
[01/01/09 01:33:08.483] send: [3b: 32 72 02]
[01/01/09 01:33:08.489] 	recv: [4b: 32 72 02 13]
[01/01/09 01:33:08.505] send: [3b: 31 72 02]
[01/01/09 01:33:08.509] 	recv: [4b: 31 72 02 13]
[01/01/09 01:33:08.523] send: [3b: 32 72 02]
[01/01/09 01:33:08.529] 	recv: [4b: 32 72 02 13]
[01/01/09 01:33:08.546] send: [3b: 31 72 02]
[01/01/09 01:33:08.551] 	recv: [4b: 31 72 02 13]
[01/01/09 01:33:08.564] send: [3b: 32 72 02]
[01/01/09 01:33:08.570] 	recv: [4b: 32 72 02 13]
[01/01/09 01:33:08.583] send: [3b: 31 72 02]
[01/01/09 01:33:08.589] 	recv: [4b: 31 72 02 13]
[01/01/09 01:33:08.603] send: [3b: 32 72 02]
[01/01/09 01:33:08.610] 	recv: [4b: 32 72 02 13]
[01/01/09 01:33:08.624] send: [3b: 31 72 02]
[01/01/09 01:33:08.630] 	recv: [4b: 31 72 02 13]
[01/01/09 01:33:08.643] send: [3b: 32 72 02]
[01/01/09 01:33:08.649] 	recv: [4b: 32 72 02 13]
[01/01/09 01:33:08.663] send: [3b: 31 72 02]
[01/01/09 01:33:08.669] 	recv: [4b: 31 72 02 12]
[01/01/09 01:33:08.684] send: [3b: 32 72 02]
[01/01/09 01:33:08.690] 	recv: [4b: 32 72 02 13]
[01/01/09 01:33:08.703] send: [3b: 32 72 02]
[01/01/09 01:33:08.710] 	recv: [4b: 32 72 02 13]
[01/01/09 01:33:08.723] send: [6b: 31 42 00 00 06 40]
[01/01/09 01:33:08.729] 	recv: [2b: 31 42]
[01/01/09 01:33:08.744] send: [3b: 32 72 02]
[01/01/09 01:33:08.750] 	recv: [4b: 32 72 02 13]
[01/01/09 01:33:08.764] send: [3b: 31 72 01]
[01/01/09 01:33:08.770] 	recv: [4b: 31 72 01 05]
[01/01/09 01:33:08.784] send: [3b: 32 72 02]
[01/01/09 01:33:08.790] 	recv: [4b: 32 72 02 13]
[01/01/09 01:33:08.803] send: [3b: 31 72 01]
[01/01/09 01:33:08.809] 	recv: [4b: 31 72 01 05]
[01/01/09 01:33:08.823] send: [3b: 32 72 02]
[01/01/09 01:33:08.829] 	recv: [4b: 32 72 02 13]
[01/01/09 01:33:08.844] send: [3b: 31 72 01]
[01/01/09 01:33:08.850] 	recv: [4b: 31 72 01 05]
[01/01/09 01:33:08.864] send: [3b: 32 72 02]
[01/01/09 01:33:08.871] 	recv: [4b: 32 72 02 13]
[01/01/09 01:33:08.884] send: [3b: 31 72 01]
[01/01/09 01:33:08.890] 	recv: [4b: 31 72 01 05]
[01/01/09 01:33:08.904] send: [3b: 32 72 02]
[01/01/09 01:33:08.910] 	recv: [4b: 32 72 02 13]
[01/01/09 01:33:08.923] send: [3b: 31 72 01]
[01/01/09 01:33:08.929] 	recv: [4b: 31 72 01 05]
[01/01/09 01:33:08.944] send: [3b: 32 72 02]
[01/01/09 01:33:08.950] 	recv: [4b: 32 72 02 13]
[01/01/09 01:33:08.958] send: [3b: 31 72 01]
[01/01/09 01:33:08.963] 	recv: [4b: 31 72 01 05]
[01/01/09 01:33:08.978] send: [3b: 32 72 02]
[01/01/09 01:33:08.985] 	recv: [4b: 32 72 02 13]
[01/01/09 01:33:08.998] send: [3b: 31 72 01]
[01/01/09 01:33:09.004] send: [3b: 31 72 01]
[01/01/09 01:33:09.004] 	recv: [4b: 31 72 01 05]
[01/01/09 01:33:09.011] 	recv: [4b: 31 72 01 05]
[01/01/09 01:33:09.024] send: [3b: 32 72 02]
[01/01/09 01:33:09.030] 	recv: [4b: 32 72 02 13]
[01/01/09 01:33:09.044] send: [3b: 31 72 01]
[01/01/09 01:33:09.050] 	recv: [4b: 31 72 01 05]
[01/01/09 01:33:09.063] send: [3b: 32 72 02]
[01/01/09 01:33:09.070] 	recv: [4b: 32 72 02 13]
[01/01/09 01:33:09.084] send: [3b: 31 72 01]
[01/01/09 01:33:09.090] 	recv: [4b: 31 72 01 05]
[01/01/09 01:33:09.104] send: [3b: 32 72 02]
[01/01/09 01:33:09.111] 	recv: [4b: 32 72 02 13]
[01/01/09 01:33:09.124] send: [3b: 31 72 01]
[01/01/09 01:33:09.130] 	recv: [4b: 31 72 01 05]
[01/01/09 01:33:09.144] send: [3b: 32 72 02]
[01/01/09 01:33:09.151] 	recv: [4b: 32 72 02 13]
[01/01/09 01:33:09.164] send: [3b: 31 72 01]
[01/01/09 01:33:09.171] 	recv: [4b: 31 72 01 00]
[01/01/09 01:33:09.183] send: [3b: 32 72 02]
[01/01/09 01:33:09.190] 	recv: [4b: 32 72 02 13]
[01/01/09 01:33:09.205] send: [3b: 32 72 02]
[01/01/09 01:33:09.211] 	recv: [4b: 32 72 02 13]
[01/01/09 01:33:09.225] send: [5b: 31 71 13 0F 3C]
[01/01/09 01:33:09.231] 	recv: [3b: 31 71 13]
[01/01/09 01:33:09.245] send: [3b: 32 72 02]
[01/01/09 01:33:09.252] 	recv: [4b: 32 72 02 13]
[01/01/09 01:33:09.266] send: [3b: 32 72 02]
[01/01/09 01:33:09.272] 	recv: [4b: 32 72 02 13]
[01/01/09 01:33:09.285] send: [7b: 31 71 21 00 00 00 00]
[01/01/09 01:33:09.291] 	recv: [3b: 31 71 21]
[01/01/09 01:33:09.303] send: [3b: 32 72 02]
[01/01/09 01:33:09.309] 	recv: [4b: 32 72 02 12]
[01/01/09 01:33:09.324] send: [3b: 31 72 21]
[01/01/09 01:33:09.330] 	recv: [7b: 31 72 21 00 00 00 00]
[01/01/09 01:33:09.345] send: [6b: 32 42 00 00 09 38]
[01/01/09 01:33:09.351] 	recv: [2b: 32 42]
[01/01/09 01:33:09.365] send: [3b: 32 72 01]
[01/01/09 01:33:09.371] 	recv: [4b: 32 72 01 05]
[01/01/09 01:33:09.385] send: [3b: 32 72 01]
[01/01/09 01:33:09.391] 	recv: [4b: 32 72 01 05]
[01/01/09 01:33:09.405] send: [5b: 31 71 13 13 88]
[01/01/09 01:33:09.412] 	recv: [3b: 31 71 13]
[01/01/09 01:33:09.425] send: [3b: 32 72 01]
[01/01/09 01:33:09.430] 	recv: [4b: 32 72 01 05]
[01/01/09 01:33:09.445] send: [3b: 32 72 01]
[01/01/09 01:33:09.451] 	recv: [4b: 32 72 01 05]
[01/01/09 01:33:09.464] send: [6b: 31 43 00 00 10 63]
[01/01/09 01:33:09.471] 	recv: [2b: 31 43]
[01/01/09 01:33:09.485] send: [3b: 32 72 01]
[01/01/09 01:33:09.491] 	recv: [4b: 32 72 01 05]
[01/01/09 01:33:09.504] send: [3b: 32 72 01]
[01/01/09 01:33:09.509] 	recv: [4b: 32 72 01 05]
[01/01/09 01:33:09.525] send: [3b: 31 72 21]
[01/01/09 01:33:09.532] 	recv: [7b: 31 72 21 00 00 01 08]
[01/01/09 01:33:09.545] send: [3b: 32 72 01]
[01/01/09 01:33:09.552] 	recv: [4b: 32 72 01 05]
[01/01/09 01:33:09.563] send: [3b: 32 72 01]
[01/01/09 01:33:09.569] 	recv: [4b: 32 72 01 05]
[01/01/09 01:33:09.586] send: [3b: 32 72 01]
[01/01/09 01:33:09.592] 	recv: [4b: 32 72 01 05]
[01/01/09 01:33:09.614] send: [5b: 31 71 13 13 88]
[01/01/09 01:33:09.620] 	recv: [3b: 31 71 13]
[01/01/09 01:33:09.633] send: [3b: 32 72 01]
[01/01/09 01:33:09.639] 	recv: [4b: 32 72 01 05]
[01/01/09 01:33:09.655] send: [3b: 32 72 01]
[01/01/09 01:33:09.661] 	recv: [4b: 32 72 01 05]
[01/01/09 01:33:09.675] send: [3b: 31 72 21]
[01/01/09 01:33:09.681] 	recv: [7b: 31 72 21 00 00 03 EE]
[01/01/09 01:33:09.695] send: [3b: 32 72 01]
[01/01/09 01:33:09.700] 	recv: [4b: 32 72 01 05]
[01/01/09 01:33:09.714] send: [3b: 32 72 01]
[01/01/09 01:33:09.720] 	recv: [4b: 32 72 01 05]
[01/01/09 01:33:09.734] send: [3b: 32 72 01]
[01/01/09 01:33:09.740] 	recv: [4b: 32 72 01 05]
[01/01/09 01:33:09.754] send: [5b: 31 71 13 13 88]
[01/01/09 01:33:09.760] 	recv: [3b: 31 71 13]
[01/01/09 01:33:09.773] send: [3b: 32 72 01]
[01/01/09 01:33:09.778] 	recv: [4b: 32 72 01 05]
[01/01/09 01:33:09.793] send: [3b: 32 72 01]
[01/01/09 01:33:09.799] 	recv: [4b: 32 72 01 05]
[01/01/09 01:33:09.814] send: [3b: 31 72 21]
[01/01/09 01:33:09.821] 	recv: [7b: 31 72 21 00 00 06 A6]
[01/01/09 01:33:09.834] send: [3b: 32 72 01]
[01/01/09 01:33:09.840] 	recv: [4b: 32 72 01 05]
[01/01/09 01:33:09.854] send: [3b: 32 72 01]
[01/01/09 01:33:09.860] 	recv: [4b: 32 72 01 05]
[01/01/09 01:33:09.873] send: [3b: 32 72 01]
[01/01/09 01:33:09.880] 	recv: [4b: 32 72 01 05]
[01/01/09 01:33:09.894] send: [5b: 31 71 13 13 88]
[01/01/09 01:33:09.900] 	recv: [3b: 31 71 13]
[01/01/09 01:33:09.914] send: [3b: 32 72 01]
[01/01/09 01:33:09.920] 	recv: [4b: 32 72 01 05]
[01/01/09 01:33:09.935] send: [3b: 32 72 01]
[01/01/09 01:33:09.941] 	recv: [4b: 32 72 01 05]
[01/01/09 01:33:09.953] send: [3b: 31 72 21]
[01/01/09 01:33:09.960] 	recv: [7b: 31 72 21 00 00 09 5C]
[01/01/09 01:33:09.974] send: [3b: 32 72 01]
[01/01/09 01:33:09.980] 	recv: [4b: 32 72 01 05]
[01/01/09 01:33:09.993] send: [3b: 32 72 01]
[01/01/09 01:33:10.000] 	recv: [4b: 32 72 01 05]
[01/01/09 01:33:10.014] send: [3b: 32 72 01]
[01/01/09 01:33:10.020] 	recv: [4b: 32 72 01 05]
[01/01/09 01:33:10.035] send: [5b: 31 71 13 13 88]
[01/01/09 01:33:10.042] 	recv: [3b: 31 71 13]
[01/01/09 01:33:10.055] send: [3b: 32 72 01]
[01/01/09 01:33:10.062] 	recv: [4b: 32 72 01 05]
[01/01/09 01:33:10.074] send: [3b: 32 72 01]
[01/01/09 01:33:10.081] 	recv: [4b: 32 72 01 05]
[01/01/09 01:33:10.095] send: [3b: 31 72 21]
[01/01/09 01:33:10.102] 	recv: [7b: 31 72 21 00 00 0C 20]
[01/01/09 01:33:10.115] send: [3b: 32 72 01]
[01/01/09 01:33:10.121] 	recv: [4b: 32 72 01 05]
[01/01/09 01:33:10.134] send: [3b: 32 72 01]
[01/01/09 01:33:10.141] 	recv: [4b: 32 72 01 05]
[01/01/09 01:33:10.154] send: [3b: 32 72 01]
[01/01/09 01:33:10.159] 	recv: [4b: 32 72 01 05]
[01/01/09 01:33:10.175] send: [5b: 31 71 13 0C BC]
[01/01/09 01:33:10.181] 	recv: [3b: 31 71 13]
[01/01/09 01:33:10.196] send: [3b: 32 72 01]
[01/01/09 01:33:10.202] 	recv: [4b: 32 72 01 05]
[01/01/09 01:33:10.217] send: [3b: 32 72 01]
[01/01/09 01:33:10.222] 	recv: [4b: 32 72 01 05]
[01/01/09 01:33:10.238] send: [3b: 31 72 21]
[01/01/09 01:33:10.244] 	recv: [7b: 31 72 21 00 00 0E 79]
[01/01/09 01:33:10.254] send: [3b: 32 72 01]
[01/01/09 01:33:10.259] 	recv: [4b: 32 72 01 05]
[01/01/09 01:33:10.276] send: [3b: 32 72 01]
[01/01/09 01:33:10.282] 	recv: [4b: 32 72 01 05]
[01/01/09 01:33:10.296] send: [3b: 32 72 01]
[01/01/09 01:33:10.303] 	recv: [4b: 32 72 01 05]
[01/01/09 01:33:10.316] send: [5b: 31 71 13 05 B4]
[01/01/09 01:33:10.322] 	recv: [3b: 31 71 13]
[01/01/09 01:33:10.337] send: [3b: 32 72 01]
[01/01/09 01:33:10.343] 	recv: [4b: 32 72 01 05]
[01/01/09 01:33:10.353] send: [3b: 32 72 01]
[01/01/09 01:33:10.360] 	recv: [4b: 32 72 01 05]
[01/01/09 01:33:10.374] send: [3b: 31 72 21]
[01/01/09 01:33:10.380] 	recv: [7b: 31 72 21 00 00 0F CE]
[01/01/09 01:33:10.394] send: [3b: 32 72 01]
[01/01/09 01:33:10.400] 	recv: [4b: 32 72 01 05]
[01/01/09 01:33:10.415] send: [3b: 32 72 01]
[01/01/09 01:33:10.421] 	recv: [4b: 32 72 01 05]
[01/01/09 01:33:10.434] send: [3b: 32 72 01]
[01/01/09 01:33:10.440] 	recv: [4b: 32 72 01 05]
[01/01/09 01:33:10.454] send: [5b: 31 71 13 01 B8]
[01/01/09 01:33:10.460] 	recv: [3b: 31 71 13]
[01/01/09 01:33:10.474] send: [3b: 32 72 01]
[01/01/09 01:33:10.480] 	recv: [4b: 32 72 01 05]
[01/01/09 01:33:10.494] send: [3b: 32 72 01]
[01/01/09 01:33:10.500] 	recv: [4b: 32 72 01 05]
[01/01/09 01:33:10.514] send: [3b: 31 72 21]
[01/01/09 01:33:10.521] 	recv: [7b: 31 72 21 00 00 10 60]
[01/01/09 01:33:10.534] send: [3b: 32 72 01]
[01/01/09 01:33:10.540] 	recv: [4b: 32 72 01 05]
[01/01/09 01:33:10.555] send: [3b: 32 72 01]
[01/01/09 01:33:10.561] 	recv: [4b: 32 72 01 05]
[01/01/09 01:33:10.575] send: [3b: 32 72 01]
[01/01/09 01:33:10.581] 	recv: [4b: 32 72 01 05]
[01/01/09 01:33:10.594] send: [5b: 31 71 13 01 90]
[01/01/09 01:33:10.600] 	recv: [3b: 31 71 13]
[01/01/09 01:33:10.615] send: [3b: 32 72 01]
[01/01/09 01:33:10.620] 	recv: [4b: 32 72 01 05]
[01/01/09 01:33:10.636] send: [3b: 32 72 01]
[01/01/09 01:33:10.641] 	recv: [4b: 32 72 01 00]
[01/01/09 01:33:10.656] send: [6b: 31 43 00 00 0F FF]
[01/01/09 01:33:10.663] 	recv: [2b: 31 43]
[01/01/09 01:33:10.673] send: [5b: 32 71 13 0B 54]
[01/01/09 01:33:10.680] 	recv: [3b: 32 71 13]
[01/01/09 01:33:10.694] send: [3b: 31 72 21]
[01/01/09 01:33:10.700] 	recv: [7b: 31 72 21 00 00 10 55]
[01/01/09 01:33:10.714] send: [7b: 32 71 21 00 00 00 00]
[01/01/09 01:33:10.720] 	recv: [3b: 32 71 21]
[01/01/09 01:33:10.734] send: [5b: 31 71 13 03 0C]
[01/01/09 01:33:10.740] 	recv: [3b: 31 71 13]
[01/01/09 01:33:10.753] send: [3b: 32 72 21]
[01/01/09 01:33:10.760] 	recv: [7b: 32 72 21 00 00 00 00]
[01/01/09 01:33:10.774] send: [6b: 31 43 00 00 0F 4A]
[01/01/09 01:33:10.780] 	recv: [2b: 31 43]
[01/01/09 01:33:10.795] send: [5b: 32 71 13 02 44]
[01/01/09 01:33:10.801] 	recv: [3b: 32 71 13]
[01/01/09 01:33:10.815] send: [3b: 31 72 21]
[01/01/09 01:33:10.821] 	recv: [7b: 31 72 21 00 00 10 06]
[01/01/09 01:33:10.833] send: [6b: 32 43 00 00 02 48]
[01/01/09 01:33:10.839] 	recv: [2b: 32 43]
[01/01/09 01:33:10.854] send: [5b: 31 71 13 04 24]
[01/01/09 01:33:10.860] 	recv: [3b: 31 71 13]
[01/01/09 01:33:10.873] send: [3b: 32 72 21]
[01/01/09 01:33:10.880] 	recv: [7b: 32 72 21 00 00 00 09]
[01/01/09 01:33:10.894] send: [6b: 31 43 00 00 0E A0]
[01/01/09 01:33:10.901] 	recv: [2b: 31 43]
[01/01/09 01:33:10.914] send: [5b: 32 71 13 02 1C]
[01/01/09 01:33:10.920] 	recv: [3b: 32 71 13]
[01/01/09 01:33:10.934] send: [3b: 31 72 21]
[01/01/09 01:33:10.940] 	recv: [7b: 31 72 21 00 00 0F 93]
[01/01/09 01:33:10.955] send: [6b: 32 43 00 00 02 34]
[01/01/09 01:33:10.960] 	recv: [2b: 32 43]
[01/01/09 01:33:10.974] send: [5b: 31 71 13 05 14]
[01/01/09 01:33:10.979] 	recv: [3b: 31 71 13]
[01/01/09 01:33:10.994] send: [3b: 32 72 21]
[01/01/09 01:33:11.000] 	recv: [7b: 32 72 21 00 00 00 4C]
[01/01/09 01:33:11.014] send: [6b: 31 43 00 00 0D DD]
[01/01/09 01:33:11.021] 	recv: [2b: 31 43]
[01/01/09 01:33:11.034] send: [5b: 32 71 13 01 CC]
[01/01/09 01:33:11.041] 	recv: [3b: 32 71 13]
[01/01/09 01:33:11.055] send: [3b: 31 72 21]
[01/01/09 01:33:11.062] 	recv: [7b: 31 72 21 00 00 0E FE]
[01/01/09 01:33:11.073] send: [6b: 32 43 00 00 02 18]
[01/01/09 01:33:11.080] 	recv: [2b: 32 43]
[01/01/09 01:33:11.095] send: [5b: 31 71 13 05 DC]
[01/01/09 01:33:11.101] 	recv: [3b: 31 71 13]
[01/01/09 01:33:11.114] send: [3b: 32 72 21]
[01/01/09 01:33:11.120] 	recv: [7b: 32 72 21 00 00 00 87]
[01/01/09 01:33:11.135] send: [6b: 31 43 00 00 0D 07]
[01/01/09 01:33:11.141] 	recv: [2b: 31 43]
[01/01/09 01:33:11.155] send: [5b: 32 71 13 01 68]
[01/01/09 01:33:11.162] 	recv: [3b: 32 71 13]
[01/01/09 01:33:11.176] send: [3b: 31 72 21]
[01/01/09 01:33:11.182] 	recv: [7b: 31 72 21 00 00 0E 52]
[01/01/09 01:33:11.195] send: [6b: 32 43 00 00 01 F9]
[01/01/09 01:33:11.202] 	recv: [2b: 32 43]
[01/01/09 01:33:11.216] send: [5b: 31 71 13 06 7C]
[01/01/09 01:33:11.224] 	recv: [3b: 31 71 13]
[01/01/09 01:33:11.236] send: [3b: 32 72 21]
[01/01/09 01:33:11.242] 	recv: [7b: 32 72 21 00 00 00 B7]
[01/01/09 01:33:11.256] send: [6b: 31 43 00 00 0C 27]
[01/01/09 01:33:11.263] 	recv: [2b: 31 43]
[01/01/09 01:33:11.275] send: [5b: 32 71 13 01 18]
[01/01/09 01:33:11.281] 	recv: [3b: 32 71 13]
[01/01/09 01:33:11.294] send: [3b: 31 72 21]
[01/01/09 01:33:11.300] 	recv: [7b: 31 72 21 00 00 0D 95]
[01/01/09 01:33:11.313] send: [6b: 32 43 00 00 01 D1]
[01/01/09 01:33:11.320] 	recv: [2b: 32 43]
[01/01/09 01:33:11.334] send: [5b: 31 71 13 06 E0]
[01/01/09 01:33:11.340] 	recv: [3b: 31 71 13]
[01/01/09 01:33:11.353] send: [3b: 32 72 21]
[01/01/09 01:33:11.360] 	recv: [7b: 32 72 21 00 00 00 DB]
[01/01/09 01:33:11.373] send: [6b: 31 43 00 00 0B 45]
[01/01/09 01:33:11.379] 	recv: [2b: 31 43]
[01/01/09 01:33:11.394] send: [5b: 32 71 13 00 C8]
[01/01/09 01:33:11.400] 	recv: [3b: 32 71 13]
[01/01/09 01:33:11.415] send: [3b: 31 72 21]
[01/01/09 01:33:11.422] 	recv: [7b: 31 72 21 00 00 0C C4]
[01/01/09 01:33:11.434] send: [6b: 32 43 00 00 01 AA]
[01/01/09 01:33:11.440] 	recv: [2b: 32 43]
[01/01/09 01:33:11.453] send: [5b: 31 71 13 07 08]
[01/01/09 01:33:11.460] 	recv: [3b: 31 71 13]
[01/01/09 01:33:11.475] send: [3b: 32 72 21]
[01/01/09 01:33:11.481] 	recv: [7b: 32 72 21 00 00 00 F7]
[01/01/09 01:33:11.493] send: [6b: 31 43 00 00 0A 69]
[01/01/09 01:33:11.500] 	recv: [2b: 31 43]
[01/01/09 01:33:11.515] send: [5b: 32 71 13 00 8C]
[01/01/09 01:33:11.521] 	recv: [3b: 32 71 13]
[01/01/09 01:33:11.535] send: [3b: 31 72 21]
[01/01/09 01:33:11.542] 	recv: [7b: 31 72 21 00 00 0B ED]
[01/01/09 01:33:11.555] send: [6b: 32 43 00 00 01 87]
[01/01/09 01:33:11.562] 	recv: [2b: 32 43]
[01/01/09 01:33:11.574] send: [5b: 31 71 13 06 F4]
[01/01/09 01:33:11.580] 	recv: [3b: 31 71 13]
[01/01/09 01:33:11.595] send: [3b: 32 72 21]
[01/01/09 01:33:11.601] 	recv: [7b: 32 72 21 00 00 01 0B]
[01/01/09 01:33:11.613] send: [6b: 31 43 00 00 09 9A]
[01/01/09 01:33:11.620] 	recv: [2b: 31 43]
[01/01/09 01:33:11.635] send: [5b: 32 71 13 00 64]
[01/01/09 01:33:11.641] 	recv: [3b: 32 71 13]
[01/01/09 01:33:11.655] send: [3b: 31 72 21]
[01/01/09 01:33:11.662] 	recv: [7b: 31 72 21 00 00 0B 17]
[01/01/09 01:33:11.673] send: [6b: 32 43 00 00 01 67]
[01/01/09 01:33:11.679] 	recv: [2b: 32 43]
[01/01/09 01:33:11.694] send: [5b: 31 71 13 06 A4]
[01/01/09 01:33:11.700] 	recv: [3b: 31 71 13]
[01/01/09 01:33:11.714] send: [3b: 32 72 21]
[01/01/09 01:33:11.721] 	recv: [7b: 32 72 21 00 00 01 18]
[01/01/09 01:33:11.735] send: [6b: 31 43 00 00 08 DC]
[01/01/09 01:33:11.741] 	recv: [2b: 31 43]
[01/01/09 01:33:11.753] send: [5b: 32 71 13 00 64]
[01/01/09 01:33:11.760] 	recv: [3b: 32 71 13]
[01/01/09 01:33:11.774] send: [3b: 31 72 21]
[01/01/09 01:33:11.780] 	recv: [7b: 31 72 21 00 00 0A 4B]
[01/01/09 01:33:11.794] send: [6b: 32 43 00 00 01 4C]
[01/01/09 01:33:11.801] 	recv: [2b: 32 43]
[01/01/09 01:33:11.815] send: [5b: 31 71 13 06 40]
[01/01/09 01:33:11.821] 	recv: [3b: 31 71 13]
[01/01/09 01:33:11.834] send: [3b: 32 72 21]
[01/01/09 01:33:11.841] 	recv: [7b: 32 72 21 00 00 01 24]
[01/01/09 01:33:11.854] send: [6b: 31 43 00 00 08 32]
[01/01/09 01:33:11.860] 	recv: [2b: 31 43]
[01/01/09 01:33:11.874] send: [5b: 32 71 13 00 64]
[01/01/09 01:33:11.880] 	recv: [3b: 32 71 13]
[01/01/09 01:33:11.894] send: [3b: 31 72 21]
[01/01/09 01:33:11.901] 	recv: [7b: 31 72 21 00 00 09 86]
[01/01/09 01:33:11.916] send: [6b: 32 43 00 00 01 36]
[01/01/09 01:33:11.922] 	recv: [2b: 32 43]
[01/01/09 01:33:11.935] send: [5b: 31 71 13 05 B4]
[01/01/09 01:33:11.941] 	recv: [3b: 31 71 13]
[01/01/09 01:33:11.955] send: [3b: 32 72 21]
[01/01/09 01:33:11.962] 	recv: [7b: 32 72 21 00 00 01 30]
[01/01/09 01:33:11.975] send: [6b: 31 43 00 00 07 9E]
[01/01/09 01:33:11.980] 	recv: [2b: 31 43]
[01/01/09 01:33:11.995] send: [5b: 32 71 13 00 64]
[01/01/09 01:33:12.001] 	recv: [3b: 32 71 13]
[01/01/09 01:33:12.017] send: [3b: 31 72 21]
[01/01/09 01:33:12.026] 	recv: [7b: 31 72 21 00 00 08 CB]
[01/01/09 01:33:12.034] send: [6b: 32 43 00 00 01 23]
[01/01/09 01:33:12.040] 	recv: [2b: 32 43]
[01/01/09 01:33:12.055] send: [5b: 31 71 13 06 E0]
[01/01/09 01:33:12.060] 	recv: [3b: 31 71 13]
[01/01/09 01:33:12.075] send: [3b: 32 72 21]
[01/01/09 01:33:12.080] 	recv: [7b: 32 72 21 00 00 01 33]
[01/01/09 01:33:12.093] send: [6b: 31 43 00 00 07 34]
[01/01/09 01:33:12.099] 	recv: [2b: 31 43]
[01/01/09 01:33:12.100] send: [5b: 32 71 13 00 64]
[01/01/09 01:33:12.107] 	recv: [3b: 32 71 13]
[01/01/09 01:33:12.114] send: [3b: 31 72 21]
[01/01/09 01:33:12.120] 	recv: [7b: 31 72 21 00 00 08 2E]
[01/01/09 01:33:12.134] send: [6b: 32 43 00 00 01 13]
[01/01/09 01:33:12.140] 	recv: [2b: 32 43]
[01/01/09 01:33:12.155] send: [5b: 31 71 13 04 24]
[01/01/09 01:33:12.162] 	recv: [3b: 31 71 13]
[01/01/09 01:33:12.174] send: [3b: 32 72 21]
[01/01/09 01:33:12.180] 	recv: [7b: 32 72 21 00 00 01 29]
[01/01/09 01:33:12.195] send: [6b: 31 43 00 00 06 C7]
[01/01/09 01:33:12.200] 	recv: [2b: 31 43]
[01/01/09 01:33:12.208] send: [5b: 32 71 13 00 64]
[01/01/09 01:33:12.214] 	recv: [3b: 32 71 13]
[01/01/09 01:33:12.228] send: [3b: 31 72 21]
[01/01/09 01:33:12.235] 	recv: [7b: 31 72 21 00 00 07 97]
[01/01/09 01:33:12.247] send: [6b: 32 43 00 00 01 09]
[01/01/09 01:33:12.254] 	recv: [2b: 32 43]
[01/01/09 01:33:12.267] send: [5b: 31 71 13 04 EC]
[01/01/09 01:33:12.278] send: [6b: 31 43 00 00 06 83]
[01/01/09 01:33:12.278] 	recv: [3b: 31 71 13]
[01/01/09 01:33:12.283] 	recv: [2b: 31 43]
[01/01/09 01:33:12.285] send: [5b: 32 71 13 00 64]
[01/01/09 01:33:12.290] 	recv: [3b: 32 71 13]
[01/01/09 01:33:12.291] send: [3b: 31 72 21]
[01/01/09 01:33:12.297] 	recv: [7b: 31 72 21 00 00 07 50]
[01/01/09 01:33:12.305] send: [6b: 32 43 00 00 01 02]
[01/01/09 01:33:12.311] 	recv: [2b: 32 43]
[01/01/09 01:33:12.324] send: [5b: 31 71 13 02 F8]
[01/01/09 01:33:12.331] 	recv: [3b: 31 71 13]
[01/01/09 01:33:12.347] send: [3b: 32 72 21]
[01/01/09 01:33:12.353] 	recv: [7b: 32 72 21 00 00 01 17]
[01/01/09 01:33:12.364] send: [6b: 31 43 00 00 06 50]
[01/01/09 01:33:12.369] 	recv: [2b: 31 43]
[01/01/09 01:33:12.384] send: [5b: 32 71 13 00 64]
[01/01/09 01:33:12.391] 	recv: [3b: 32 71 13]
[01/01/09 01:33:12.405] send: [3b: 31 72 21]
[01/01/09 01:33:12.412] 	recv: [7b: 31 72 21 00 00 06 E8]
[01/01/09 01:33:12.425] send: [6b: 32 43 00 00 00 FC]
[01/01/09 01:33:12.431] 	recv: [2b: 32 43]
[01/01/09 01:33:12.444] send: [5b: 31 71 13 02 80]
[01/01/09 01:33:12.449] 	recv: [3b: 31 71 13]
[01/01/09 01:33:12.466] send: [3b: 32 72 21]
[01/01/09 01:33:12.472] 	recv: [7b: 32 72 21 00 00 01 0B]
[01/01/09 01:33:12.485] send: [6b: 31 43 00 00 06 10]
[01/01/09 01:33:12.492] 	recv: [2b: 31 43]
[01/01/09 01:33:12.505] send: [5b: 32 71 13 00 64]
[01/01/09 01:33:12.512] 	recv: [3b: 32 71 13]
[01/01/09 01:33:12.524] send: [3b: 31 72 21]
[01/01/09 01:33:12.530] 	recv: [7b: 31 72 21 00 00 06 97]
[01/01/09 01:33:12.545] send: [6b: 32 43 00 00 00 F5]
[01/01/09 01:33:12.551] 	recv: [2b: 32 43]
[01/01/09 01:33:12.563] send: [5b: 31 71 13 02 1C]
[01/01/09 01:33:12.570] 	recv: [3b: 31 71 13]
[01/01/09 01:33:12.584] send: [3b: 32 72 21]
[01/01/09 01:33:12.591] 	recv: [7b: 32 72 21 00 00 01 00]
[01/01/09 01:33:12.604] send: [6b: 31 43 00 00 05 E1]
[01/01/09 01:33:12.611] 	recv: [2b: 31 43]
[01/01/09 01:33:12.624] send: [5b: 32 71 13 00 64]
[01/01/09 01:33:12.631] 	recv: [3b: 32 71 13]
[01/01/09 01:33:12.643] send: [3b: 31 72 21]
[01/01/09 01:33:12.651] 	recv: [7b: 31 72 21 00 00 06 53]
[01/01/09 01:33:12.664] send: [6b: 32 43 00 00 00 F1]
[01/01/09 01:33:12.671] 	recv: [2b: 32 43]
[01/01/09 01:33:12.684] send: [5b: 31 71 13 01 A4]
[01/01/09 01:33:12.690] 	recv: [3b: 31 71 13]
[01/01/09 01:33:12.705] send: [3b: 32 72 21]
[01/01/09 01:33:12.712] 	recv: [7b: 32 72 21 00 00 00 F3]
[01/01/09 01:33:12.725] send: [6b: 31 43 00 00 05 C2]
[01/01/09 01:33:12.732] 	recv: [2b: 31 43]
[01/01/09 01:33:12.745] send: [5b: 32 71 13 00 64]
[01/01/09 01:33:12.751] 	recv: [3b: 32 71 13]
[01/01/09 01:33:12.764] send: [3b: 31 72 21]
[01/01/09 01:33:12.770] 	recv: [7b: 31 72 21 00 00 06 1C]
[01/01/09 01:33:12.784] send: [6b: 32 43 00 00 00 EE]
[01/01/09 01:33:12.791] 	recv: [2b: 32 43]
[01/01/09 01:33:12.805] send: [5b: 31 71 13 01 90]
[01/01/09 01:33:12.812] 	recv: [3b: 31 71 13]
[01/01/09 01:33:12.825] send: [3b: 32 72 21]
[01/01/09 01:33:12.832] 	recv: [7b: 32 72 21 00 00 00 EE]
[01/01/09 01:33:12.844] send: [6b: 31 43 00 00 05 B1]
[01/01/09 01:33:12.851] 	recv: [2b: 31 43]
[01/01/09 01:33:12.864] send: [5b: 32 71 13 00 64]
[01/01/09 01:33:12.869] 	recv: [3b: 32 71 13]
[01/01/09 01:33:12.884] send: [3b: 31 72 21]
[01/01/09 01:33:12.890] 	recv: [7b: 31 72 21 00 00 05 EA]
[01/01/09 01:33:12.904] send: [6b: 32 43 00 00 00 ED]
[01/01/09 01:33:12.910] 	recv: [2b: 32 43]
[01/01/09 01:33:12.924] send: [5b: 31 71 13 01 90]
[01/01/09 01:33:12.931] 	recv: [3b: 31 71 13]
[01/01/09 01:33:12.944] send: [3b: 32 72 21]
[01/01/09 01:33:12.951] 	recv: [7b: 32 72 21 00 00 00 ED]
[01/01/09 01:33:12.964] send: [6b: 31 43 00 00 05 AC]
[01/01/09 01:33:12.971] 	recv: [2b: 31 43]
[01/01/09 01:33:12.984] send: [5b: 32 71 13 00 64]
[01/01/09 01:33:12.990] 	recv: [3b: 32 71 13]
[01/01/09 01:33:13.004] send: [3b: 31 72 21]
[01/01/09 01:33:13.010] 	recv: [7b: 31 72 21 00 00 05 BA]
[01/01/09 01:33:13.024] send: [3b: 32 72 21]
[01/01/09 01:33:13.031] 	recv: [7b: 32 72 21 00 00 00 ED]
[01/01/09 01:33:13.044] send: [5b: 31 71 13 01 90]
[01/01/09 01:33:13.049] 	recv: [3b: 31 71 13]
[01/01/09 01:33:13.065] send: [5b: 32 71 13 00 64]
[01/01/09 01:33:13.072] 	recv: [3b: 32 71 13]
[01/01/09 01:33:13.083] send: [6b: 31 43 00 00 05 B2]
[01/01/09 01:33:13.090] 	recv: [2b: 31 43]
[01/01/09 01:33:13.103] send: [6b: 32 43 00 00 00 EE]
[01/01/09 01:33:13.109] 	recv: [2b: 32 43]
[01/01/09 01:33:13.124] send: [3b: 31 72 21]
[01/01/09 01:33:13.130] 	recv: [7b: 31 72 21 00 00 05 B2]
[01/01/09 01:33:13.144] send: [3b: 32 72 21]
[01/01/09 01:33:13.151] 	recv: [7b: 32 72 21 00 00 00 EE]
[01/01/09 01:33:13.165] send: [5b: 31 71 13 01 90]
[01/01/09 01:33:13.172] 	recv: [3b: 31 71 13]
[01/01/09 01:33:13.185] send: [5b: 32 71 13 00 64]
[01/01/09 01:33:13.191] 	recv: [3b: 32 71 13]
[01/01/09 01:33:13.204] send: [6b: 31 43 00 00 05 C1]
[01/01/09 01:33:13.211] 	recv: [2b: 31 43]
[01/01/09 01:33:13.224] send: [6b: 32 43 00 00 00 F0]
[01/01/09 01:33:13.231] 	recv: [2b: 32 43]
[01/01/09 01:33:13.244] send: [3b: 31 72 21]
[01/01/09 01:33:13.250] 	recv: [7b: 31 72 21 00 00 05 C1]
[01/01/09 01:33:13.263] send: [3b: 32 72 21]
[01/01/09 01:33:13.270] 	recv: [7b: 32 72 21 00 00 00 F0]
[01/01/09 01:33:13.283] send: [5b: 31 71 13 01 90]
[01/01/09 01:33:13.290] 	recv: [3b: 31 71 13]
[01/01/09 01:33:13.304] send: [5b: 32 71 13 00 64]
[01/01/09 01:33:13.311] 	recv: [3b: 32 71 13]
[01/01/09 01:33:13.324] send: [6b: 31 43 00 00 05 D8]
[01/01/09 01:33:13.331] 	recv: [2b: 31 43]
[01/01/09 01:33:13.344] send: [6b: 32 43 00 00 00 F2]
[01/01/09 01:33:13.351] 	recv: [2b: 32 43]
[01/01/09 01:33:13.364] send: [3b: 31 72 21]
[01/01/09 01:33:13.371] 	recv: [7b: 31 72 21 00 00 05 D0]
[01/01/09 01:33:13.383] send: [3b: 32 72 21]
[01/01/09 01:33:13.391] 	recv: [7b: 32 72 21 00 00 00 F2]
[01/01/09 01:33:13.405] send: [5b: 31 71 13 01 90]
[01/01/09 01:33:13.412] 	recv: [3b: 31 71 13]
[01/01/09 01:33:13.424] send: [5b: 32 71 13 00 64]
[01/01/09 01:33:13.431] 	recv: [3b: 32 71 13]
[01/01/09 01:33:13.445] send: [6b: 31 43 00 00 05 F3]
[01/01/09 01:33:13.451] 	recv: [2b: 31 43]
[01/01/09 01:33:13.465] send: [6b: 32 43 00 00 00 F5]
[01/01/09 01:33:13.471] 	recv: [2b: 32 43]
[01/01/09 01:33:13.483] send: [3b: 31 72 21]
[01/01/09 01:33:13.489] 	recv: [7b: 31 72 21 00 00 05 E6]
[01/01/09 01:33:13.506] send: [3b: 32 72 21]
[01/01/09 01:33:13.513] 	recv: [7b: 32 72 21 00 00 00 F5]
[01/01/09 01:33:13.523] send: [5b: 31 71 13 01 90]
[01/01/09 01:33:13.531] 	recv: [3b: 31 71 13]
[01/01/09 01:33:13.544] send: [5b: 32 71 13 00 64]
[01/01/09 01:33:13.552] 	recv: [3b: 32 71 13]
[01/01/09 01:33:13.564] send: [6b: 31 43 00 00 06 12]
[01/01/09 01:33:13.569] 	recv: [2b: 31 43]
[01/01/09 01:33:13.584] send: [6b: 32 43 00 00 00 F9]
[01/01/09 01:33:13.591] 	recv: [2b: 32 43]
[01/01/09 01:33:13.604] send: [3b: 31 72 21]
[01/01/09 01:33:13.611] 	recv: [7b: 31 72 21 00 00 06 03]
[01/01/09 01:33:13.624] send: [3b: 32 72 21]
[01/01/09 01:33:13.631] 	recv: [7b: 32 72 21 00 00 00 F8]
[01/01/09 01:33:13.644] send: [5b: 31 71 13 01 90]
[01/01/09 01:33:13.651] 	recv: [3b: 31 71 13]
[01/01/09 01:33:13.664] send: [5b: 32 71 13 00 64]
[01/01/09 01:33:13.671] 	recv: [3b: 32 71 13]
[01/01/09 01:33:13.684] send: [6b: 31 43 00 00 06 33]
[01/01/09 01:33:13.691] 	recv: [2b: 31 43]
[01/01/09 01:33:13.704] send: [6b: 32 43 00 00 00 FC]
[01/01/09 01:33:13.711] 	recv: [2b: 32 43]
[01/01/09 01:33:13.725] send: [3b: 31 72 21]
[01/01/09 01:33:13.732] 	recv: [7b: 31 72 21 00 00 06 22]
[01/01/09 01:33:13.745] send: [3b: 32 72 21]
[01/01/09 01:33:13.752] 	recv: [7b: 32 72 21 00 00 00 FC]
[01/01/09 01:33:13.764] send: [5b: 31 71 13 01 90]
[01/01/09 01:33:13.772] 	recv: [3b: 31 71 13]
[01/01/09 01:33:13.784] send: [5b: 32 71 13 00 64]
[01/01/09 01:33:13.791] 	recv: [3b: 32 71 13]
[01/01/09 01:33:13.804] send: [6b: 31 43 00 00 06 54]
[01/01/09 01:33:13.811] 	recv: [2b: 31 43]
[01/01/09 01:33:13.824] send: [6b: 32 43 00 00 01 00]
[01/01/09 01:33:13.831] 	recv: [2b: 32 43]
[01/01/09 01:33:13.844] send: [3b: 31 72 21]
[01/01/09 01:33:13.851] 	recv: [7b: 31 72 21 00 00 06 42]
[01/01/09 01:33:13.863] send: [3b: 32 72 21]
[01/01/09 01:33:13.871] 	recv: [7b: 32 72 21 00 00 00 FF]
[01/01/09 01:33:13.884] send: [5b: 31 71 13 01 90]
[01/01/09 01:33:13.891] 	recv: [3b: 31 71 13]
[01/01/09 01:33:13.904] send: [5b: 32 71 13 00 64]
[01/01/09 01:33:13.911] 	recv: [3b: 32 71 13]
[01/01/09 01:33:13.924] send: [6b: 31 43 00 00 06 75]
[01/01/09 01:33:13.931] 	recv: [2b: 31 43]
[01/01/09 01:33:13.944] send: [6b: 32 43 00 00 01 03]
[01/01/09 01:33:13.951] 	recv: [2b: 32 43]
[01/01/09 01:33:13.964] send: [3b: 31 72 21]
[01/01/09 01:33:13.972] 	recv: [7b: 31 72 21 00 00 06 63]
[01/01/09 01:33:13.986] send: [3b: 32 72 21]
[01/01/09 01:33:13.994] 	recv: [7b: 32 72 21 00 00 01 03]
[01/01/09 01:33:14.007] send: [5b: 31 71 13 01 90]
[01/01/09 01:33:14.014] 	recv: [3b: 31 71 13]
[01/01/09 01:33:14.023] send: [5b: 32 71 13 00 64]
[01/01/09 01:33:14.031] 	recv: [3b: 32 71 13]
[01/01/09 01:33:14.048] send: [6b: 31 43 00 00 06 94]
[01/01/09 01:33:14.055] 	recv: [2b: 31 43]
[01/01/09 01:33:14.067] send: [6b: 32 43 00 00 01 06]
[01/01/09 01:33:14.074] 	recv: [2b: 32 43]
[01/01/09 01:33:14.087] send: [3b: 31 72 21]
[01/01/09 01:33:14.095] 	recv: [7b: 31 72 21 00 00 06 84]
[01/01/09 01:33:14.114] send: [3b: 32 72 21]
[01/01/09 01:33:14.121] 	recv: [7b: 32 72 21 00 00 01 06]
[01/01/09 01:33:14.134] send: [5b: 31 71 13 01 90]
[01/01/09 01:33:14.141] 	recv: [3b: 31 71 13]
[01/01/09 01:33:14.143] send: [5b: 32 71 13 00 64]
[01/01/09 01:33:14.148] 	recv: [3b: 32 71 13]
[01/01/09 01:33:14.158] send: [6b: 31 43 00 00 06 AC]
[01/01/09 01:33:14.167] send: [3b: 31 72 21]
[01/01/09 01:33:14.167] 	recv: [2b: 31 43]
[01/01/09 01:33:14.174] 	recv: [7b: 31 72 21 00 00 06 97]
[01/01/09 01:33:14.185] send: [3b: 32 72 21]
[01/01/09 01:33:14.191] 	recv: [7b: 32 72 21 00 00 01 06]
[01/01/09 01:33:14.204] send: [5b: 31 71 13 01 90]
[01/01/09 01:33:14.210] 	recv: [3b: 31 71 13]
[01/01/09 01:33:14.225] send: [5b: 32 71 13 00 64]
[01/01/09 01:33:14.233] 	recv: [3b: 32 71 13]
[01/01/09 01:33:14.244] send: [6b: 31 43 00 00 06 C3]
[01/01/09 01:33:14.252] 	recv: [2b: 31 43]
[01/01/09 01:33:14.265] send: [6b: 32 43 00 00 01 0B]
[01/01/09 01:33:14.272] 	recv: [2b: 32 43]
[01/01/09 01:33:14.284] send: [3b: 31 72 21]
[01/01/09 01:33:14.293] 	recv: [7b: 31 72 21 00 00 06 BB]
[01/01/09 01:33:14.304] send: [3b: 32 72 21]
[01/01/09 01:33:14.312] 	recv: [7b: 32 72 21 00 00 01 09]
[01/01/09 01:33:14.325] send: [5b: 31 71 13 01 90]
[01/01/09 01:33:14.333] 	recv: [3b: 31 71 13]
[01/01/09 01:33:14.345] send: [5b: 32 71 13 00 64]
[01/01/09 01:33:14.352] 	recv: [3b: 32 71 13]
[01/01/09 01:33:14.364] send: [6b: 31 43 00 00 06 DC]
[01/01/09 01:33:14.370] 	recv: [2b: 31 43]
[01/01/09 01:33:14.385] send: [6b: 32 43 00 00 01 0E]
[01/01/09 01:33:14.392] 	recv: [2b: 32 43]
[01/01/09 01:33:14.405] send: [3b: 31 72 21]
[01/01/09 01:33:14.412] 	recv: [7b: 31 72 21 00 00 06 D3]
[01/01/09 01:33:14.425] send: [3b: 32 72 21]
[01/01/09 01:33:14.433] 	recv: [7b: 32 72 21 00 00 01 0E]
[01/01/09 01:33:14.455] send: [5b: 31 71 13 01 90]
[01/01/09 01:33:14.462] 	recv: [3b: 31 71 13]
[01/01/09 01:33:14.475] send: [5b: 32 71 13 00 64]
[01/01/09 01:33:14.480] 	recv: [3b: 32 71 13]
[01/01/09 01:33:14.493] send: [6b: 31 43 00 00 06 F3]
[01/01/09 01:33:14.499] 	recv: [2b: 31 43]
[01/01/09 01:33:14.515] send: [6b: 32 43 00 00 01 10]
[01/01/09 01:33:14.520] 	recv: [2b: 32 43]
[01/01/09 01:33:14.535] send: [3b: 31 72 21]
[01/01/09 01:33:14.541] 	recv: [7b: 31 72 21 00 00 06 EC]
[01/01/09 01:33:14.556] send: [3b: 32 72 21]
[01/01/09 01:33:14.563] 	recv: [7b: 32 72 21 00 00 01 10]
[01/01/09 01:33:14.577] send: [5b: 31 71 13 01 90]
[01/01/09 01:33:14.585] send: [6b: 31 43 00 00 07 09]
[01/01/09 01:33:14.586] 	recv: [3b: 31 71 13]
[01/01/09 01:33:14.592] 	recv: [2b: 31 43]
[01/01/09 01:33:14.607] send: [6b: 32 43 00 00 01 12]
[01/01/09 01:33:14.615] 	recv: [2b: 32 43]
[01/01/09 01:33:14.627] send: [3b: 31 72 21]
[01/01/09 01:33:14.637] 	recv: [7b: 31 72 21 00 00 07 03]
[01/01/09 01:33:14.647] send: [3b: 32 72 21]
[01/01/09 01:33:14.654] 	recv: [7b: 32 72 21 00 00 01 12]
[01/01/09 01:33:14.667] send: [5b: 31 71 13 01 90]
[01/01/09 01:33:14.673] 	recv: [3b: 31 71 13]
[01/01/09 01:33:14.676] send: [5b: 32 71 13 00 64]
[01/01/09 01:33:14.681] 	recv: [3b: 32 71 13]
[01/01/09 01:33:14.694] send: [6b: 31 43 00 00 07 15]
[01/01/09 01:33:14.701] 	recv: [2b: 31 43]
[01/01/09 01:33:14.714] send: [6b: 32 43 00 00 01 13]
[01/01/09 01:33:14.721] 	recv: [2b: 32 43]
[01/01/09 01:33:14.733] send: [3b: 31 72 21]
[01/01/09 01:33:14.741] 	recv: [7b: 31 72 21 00 00 07 15]
[01/01/09 01:33:14.754] send: [3b: 32 72 21]
[01/01/09 01:33:14.761] 	recv: [7b: 32 72 21 00 00 01 13]
[01/01/09 01:33:14.775] send: [5b: 31 71 13 01 90]
[01/01/09 01:33:14.782] 	recv: [3b: 31 71 13]
[01/01/09 01:33:14.794] send: [5b: 32 71 13 00 64]
[01/01/09 01:33:14.800] 	recv: [3b: 32 71 13]
[01/01/09 01:33:14.815] send: [6b: 31 43 00 00 07 24]
[01/01/09 01:33:14.820] 	recv: [2b: 31 43]
[01/01/09 01:33:14.834] send: [6b: 32 43 00 00 01 15]
[01/01/09 01:33:14.841] 	recv: [2b: 32 43]
[01/01/09 01:33:14.854] send: [3b: 31 72 21]
[01/01/09 01:33:14.861] 	recv: [7b: 31 72 21 00 00 07 24]
[01/01/09 01:33:14.874] send: [3b: 32 72 21]
[01/01/09 01:33:14.881] 	recv: [7b: 32 72 21 00 00 01 15]
[01/01/09 01:33:14.894] send: [5b: 31 71 13 01 90]
[01/01/09 01:33:14.900] 	recv: [3b: 31 71 13]
[01/01/09 01:33:14.913] send: [5b: 32 71 13 00 64]
[01/01/09 01:33:14.919] 	recv: [3b: 32 71 13]
[01/01/09 01:33:14.934] send: [6b: 31 43 00 00 07 30]
[01/01/09 01:33:14.939] 	recv: [2b: 31 43]
[01/01/09 01:33:14.955] send: [6b: 32 43 00 00 01 16]
[01/01/09 01:33:14.962] 	recv: [2b: 32 43]
[01/01/09 01:33:14.977] send: [3b: 31 72 21]
[01/01/09 01:33:14.984] 	recv: [7b: 31 72 21 00 00 07 30]
[01/01/09 01:33:14.993] send: [3b: 32 72 21]
[01/01/09 01:33:14.999] 	recv: [7b: 32 72 21 00 00 01 16]
[01/01/09 01:33:15.014] send: [5b: 31 71 13 01 90]
[01/01/09 01:33:15.020] 	recv: [3b: 31 71 13]
[01/01/09 01:33:15.035] send: [5b: 32 71 13 00 64]
[01/01/09 01:33:15.042] 	recv: [3b: 32 71 13]
[01/01/09 01:33:15.055] send: [6b: 31 43 00 00 07 38]
[01/01/09 01:33:15.061] 	recv: [2b: 31 43]
[01/01/09 01:33:15.075] send: [3b: 32 72 21]
[01/01/09 01:33:15.082] 	recv: [7b: 32 72 21 00 00 01 16]
[01/01/09 01:33:15.095] send: [3b: 31 72 21]
[01/01/09 01:33:15.102] 	recv: [7b: 31 72 21 00 00 07 38]
[01/01/09 01:33:15.103] send: [5b: 32 71 13 00 64]
[01/01/09 01:33:15.109] 	recv: [3b: 32 71 13]
[01/01/09 01:33:15.116] send: [5b: 31 71 13 01 90]
[01/01/09 01:33:15.123] 	recv: [3b: 31 71 13]
[01/01/09 01:33:15.135] send: [6b: 32 43 00 00 01 14]
[01/01/09 01:33:15.141] 	recv: [2b: 32 43]
[01/01/09 01:33:15.157] send: [6b: 31 43 00 00 07 3F]
[01/01/09 01:33:15.164] 	recv: [2b: 31 43]
[01/01/09 01:33:15.174] send: [3b: 32 72 21]
[01/01/09 01:33:15.181] 	recv: [7b: 32 72 21 00 00 01 14]
[01/01/09 01:33:15.195] send: [3b: 31 72 21]
[01/01/09 01:33:15.202] 	recv: [7b: 31 72 21 00 00 07 3F]
[01/01/09 01:33:15.215] send: [5b: 32 71 13 00 64]
[01/01/09 01:33:15.222] 	recv: [3b: 32 71 13]
[01/01/09 01:33:15.235] send: [5b: 31 71 13 01 90]
[01/01/09 01:33:15.241] 	recv: [3b: 31 71 13]
[01/01/09 01:33:15.254] send: [3b: 32 72 21]
[01/01/09 01:33:15.260] 	recv: [7b: 32 72 21 00 00 01 14]
[01/01/09 01:33:15.275] send: [6b: 31 43 00 00 07 47]
[01/01/09 01:33:15.283] 	recv: [2b: 31 43]
[01/01/09 01:33:15.296] send: [5b: 32 71 13 00 64]
[01/01/09 01:33:15.303] 	recv: [3b: 32 71 13]
[01/01/09 01:33:15.316] send: [3b: 31 72 21]
[01/01/09 01:33:15.323] 	recv: [7b: 31 72 21 00 00 07 47]
[01/01/09 01:33:15.335] send: [6b: 32 43 00 00 01 13]
[01/01/09 01:33:15.341] 	recv: [2b: 32 43]
[01/01/09 01:33:15.353] send: [5b: 31 71 13 01 90]
[01/01/09 01:33:15.359] 	recv: [3b: 31 71 13]
[01/01/09 01:33:15.373] send: [3b: 32 72 21]
[01/01/09 01:33:15.380] 	recv: [7b: 32 72 21 00 00 01 13]
[01/01/09 01:33:15.394] send: [6b: 31 43 00 00 07 59]
[01/01/09 01:33:15.400] 	recv: [2b: 31 43]
[01/01/09 01:33:15.414] send: [5b: 32 71 13 00 64]
[01/01/09 01:33:15.420] 	recv: [3b: 32 71 13]
[01/01/09 01:33:15.434] send: [3b: 31 72 21]
[01/01/09 01:33:15.440] 	recv: [7b: 31 72 21 00 00 07 56]
[01/01/09 01:33:15.453] send: [3b: 32 72 21]
[01/01/09 01:33:15.459] 	recv: [7b: 32 72 21 00 00 01 13]
[01/01/09 01:33:15.475] send: [5b: 31 71 13 01 90]
[01/01/09 01:33:15.480] 	recv: [3b: 31 71 13]
[01/01/09 01:33:15.494] send: [5b: 32 71 13 00 64]
[01/01/09 01:33:15.500] 	recv: [3b: 32 71 13]
[01/01/09 01:33:15.515] send: [6b: 31 43 00 00 07 7D]
[01/01/09 01:33:15.520] 	recv: [2b: 31 43]
[01/01/09 01:33:15.535] send: [6b: 32 43 00 00 01 15]
[01/01/09 01:33:15.541] 	recv: [2b: 32 43]
[01/01/09 01:33:15.553] send: [3b: 31 72 21]
[01/01/09 01:33:15.560] 	recv: [7b: 31 72 21 00 00 07 68]
[01/01/09 01:33:15.574] send: [3b: 32 72 21]
[01/01/09 01:33:15.580] 	recv: [7b: 32 72 21 00 00 01 15]
[01/01/09 01:33:15.594] send: [5b: 31 71 13 01 90]
[01/01/09 01:33:15.599] 	recv: [3b: 31 71 13]
[01/01/09 01:33:15.616] send: [5b: 32 71 13 00 64]
[01/01/09 01:33:15.621] 	recv: [3b: 32 71 13]
[01/01/09 01:33:15.634] send: [6b: 31 43 00 00 07 BF]
[01/01/09 01:33:15.641] 	recv: [2b: 31 43]
[01/01/09 01:33:15.655] send: [6b: 32 43 00 00 01 20]
[01/01/09 01:33:15.661] 	recv: [2b: 32 43]
[01/01/09 01:33:15.674] send: [3b: 31 72 21]
[01/01/09 01:33:15.680] 	recv: [7b: 31 72 21 00 00 07 8C]
[01/01/09 01:33:15.695] send: [3b: 32 72 21]
[01/01/09 01:33:15.703] 	recv: [7b: 32 72 21 00 00 01 18]
[01/01/09 01:33:15.714] send: [5b: 31 71 13 01 CC]
[01/01/09 01:33:15.720] 	recv: [3b: 31 71 13]
[01/01/09 01:33:15.734] send: [5b: 32 71 13 00 64]
[01/01/09 01:33:15.741] 	recv: [3b: 32 71 13]
[01/01/09 01:33:15.754] send: [6b: 31 43 00 00 08 27]
[01/01/09 01:33:15.761] 	recv: [2b: 31 43]
[01/01/09 01:33:15.785] send: [6b: 32 43 00 00 01 33]
[01/01/09 01:33:15.791] 	recv: [2b: 32 43]
[01/01/09 01:33:15.806] send: [3b: 31 72 21]
[01/01/09 01:33:15.813] 	recv: [7b: 31 72 21 00 00 07 C6]
[01/01/09 01:33:15.826] send: [3b: 32 72 21]
[01/01/09 01:33:15.833] 	recv: [7b: 32 72 21 00 00 01 24]
[01/01/09 01:33:15.844] send: [5b: 31 71 13 02 E4]
[01/01/09 01:33:15.851] 	recv: [3b: 31 71 13]
[01/01/09 01:33:15.865] send: [5b: 32 71 13 00 64]
[01/01/09 01:33:15.872] 	recv: [3b: 32 71 13]
[01/01/09 01:33:15.884] send: [6b: 31 43 00 00 08 C3]
[01/01/09 01:33:15.892] 	recv: [2b: 31 43]
[01/01/09 01:33:15.904] send: [6b: 32 43 00 00 01 4F]
[01/01/09 01:33:15.911] 	recv: [2b: 32 43]
[01/01/09 01:33:15.924] send: [3b: 31 72 21]
[01/01/09 01:33:15.931] 	recv: [7b: 31 72 21 00 00 08 13]
[01/01/09 01:33:15.944] send: [3b: 32 72 21]
[01/01/09 01:33:15.950] 	recv: [7b: 32 72 21 00 00 01 2F]
[01/01/09 01:33:15.964] send: [5b: 31 71 13 04 24]
[01/01/09 01:33:15.971] 	recv: [3b: 31 71 13]
[01/01/09 01:33:15.984] send: [5b: 32 71 13 00 64]
[01/01/09 01:33:15.991] 	recv: [3b: 32 71 13]
[01/01/09 01:33:16.004] send: [6b: 31 43 00 00 09 76]
[01/01/09 01:33:16.012] 	recv: [2b: 31 43]
[01/01/09 01:33:16.024] send: [6b: 32 43 00 00 01 6C]
[01/01/09 01:33:16.029] 	recv: [2b: 32 43]
[01/01/09 01:33:16.044] send: [3b: 31 72 21]
[01/01/09 01:33:16.050] 	recv: [7b: 31 72 21 00 00 08 84]
[01/01/09 01:33:16.063] send: [3b: 32 72 21]
[01/01/09 01:33:16.069] 	recv: [7b: 32 72 21 00 00 01 3B]
[01/01/09 01:33:16.084] send: [5b: 31 71 13 05 3C]
[01/01/09 01:33:16.091] 	recv: [3b: 31 71 13]
[01/01/09 01:33:16.105] send: [5b: 32 71 13 00 64]
[01/01/09 01:33:16.112] 	recv: [3b: 32 71 13]
[01/01/09 01:33:16.124] send: [6b: 31 43 00 00 0A 45]
[01/01/09 01:33:16.131] 	recv: [2b: 31 43]
[01/01/09 01:33:16.144] send: [6b: 32 43 00 00 01 8D]
[01/01/09 01:33:16.151] 	recv: [2b: 32 43]
[01/01/09 01:33:16.164] send: [3b: 31 72 21]
[01/01/09 01:33:16.171] 	recv: [7b: 31 72 21 00 00 09 1A]
[01/01/09 01:33:16.184] send: [3b: 32 72 21]
[01/01/09 01:33:16.191] 	recv: [7b: 32 72 21 00 00 01 47]
[01/01/09 01:33:16.204] send: [5b: 31 71 13 06 2C]
[01/01/09 01:33:16.211] 	recv: [3b: 31 71 13]
[01/01/09 01:33:16.224] send: [5b: 32 71 13 00 64]
[01/01/09 01:33:16.231] 	recv: [3b: 32 71 13]
[01/01/09 01:33:16.245] send: [6b: 31 43 00 00 0B 2A]
[01/01/09 01:33:16.253] 	recv: [2b: 31 43]
[01/01/09 01:33:16.264] send: [6b: 32 43 00 00 01 B1]
[01/01/09 01:33:16.271] 	recv: [2b: 32 43]
[01/01/09 01:33:16.284] send: [3b: 31 72 21]
[01/01/09 01:33:16.291] 	recv: [7b: 31 72 21 00 00 09 CF]
[01/01/09 01:33:16.304] send: [3b: 32 72 21]
[01/01/09 01:33:16.311] 	recv: [7b: 32 72 21 00 00 01 53]
[01/01/09 01:33:16.324] send: [5b: 31 71 13 06 E0]
[01/01/09 01:33:16.331] 	recv: [3b: 31 71 13]
[01/01/09 01:33:16.345] send: [5b: 32 71 13 00 64]
[01/01/09 01:33:16.352] 	recv: [3b: 32 71 13]
[01/01/09 01:33:16.364] send: [6b: 31 43 00 00 0C 1F]
[01/01/09 01:33:16.372] 	recv: [2b: 31 43]
[01/01/09 01:33:16.385] send: [6b: 32 43 00 00 01 C8]
[01/01/09 01:33:16.391] 	recv: [2b: 32 43]
[01/01/09 01:33:16.403] send: [3b: 31 72 21]
[01/01/09 01:33:16.410] 	recv: [7b: 31 72 21 00 00 0A 98]
[01/01/09 01:33:16.424] send: [3b: 32 72 21]
[01/01/09 01:33:16.431] 	recv: [7b: 32 72 21 00 00 01 5F]
[01/01/09 01:33:16.444] send: [5b: 31 71 13 07 94]
[01/01/09 01:33:16.451] 	recv: [3b: 31 71 13]
[01/01/09 01:33:16.465] send: [5b: 32 71 13 00 78]
[01/01/09 01:33:16.475] send: [6b: 31 43 00 00 0D 20]
[01/01/09 01:33:16.475] 	recv: [3b: 32 71 13]
[01/01/09 01:33:16.480] 	recv: [2b: 31 43]
[01/01/09 01:33:16.494] send: [3b: 31 72 21]
[01/01/09 01:33:16.500] 	recv: [7b: 31 72 21 00 00 0B 3F]
[01/01/09 01:33:16.515] send: [3b: 32 72 21]
[01/01/09 01:33:16.522] 	recv: [7b: 32 72 21 00 00 01 69]
[01/01/09 01:33:16.524] send: [5b: 31 71 13 07 F8]
[01/01/09 01:33:16.531] 	recv: [3b: 31 71 13]
[01/01/09 01:33:16.544] send: [5b: 32 71 13 00 78]
[01/01/09 01:33:16.551] 	recv: [3b: 32 71 13]
[01/01/09 01:33:16.564] send: [6b: 31 43 00 00 0D E7]
[01/01/09 01:33:16.570] 	recv: [2b: 31 43]
[01/01/09 01:33:16.584] send: [6b: 32 43 00 00 01 E7]
[01/01/09 01:33:16.589] 	recv: [2b: 32 43]
[01/01/09 01:33:16.604] send: [3b: 31 72 21]
[01/01/09 01:33:16.612] 	recv: [7b: 31 72 21 00 00 0C 20]
[01/01/09 01:33:16.624] send: [3b: 32 72 21]
[01/01/09 01:33:16.630] 	recv: [7b: 32 72 21 00 00 01 76]
[01/01/09 01:33:16.644] send: [5b: 31 71 13 08 34]
[01/01/09 01:33:16.650] 	recv: [3b: 31 71 13]
[01/01/09 01:33:16.664] send: [5b: 32 71 13 00 78]
[01/01/09 01:33:16.671] 	recv: [3b: 32 71 13]
[01/01/09 01:33:16.685] send: [6b: 31 43 00 00 0E DE]
[01/01/09 01:33:16.691] 	recv: [2b: 31 43]
[01/01/09 01:33:16.705] send: [6b: 32 43 00 00 01 F2]
[01/01/09 01:33:16.710] 	recv: [2b: 32 43]
[01/01/09 01:33:16.723] send: [3b: 31 72 21]
[01/01/09 01:33:16.731] 	recv: [7b: 31 72 21 00 00 0D 16]
[01/01/09 01:33:16.746] send: [3b: 32 72 21]
[01/01/09 01:33:16.753] 	recv: [7b: 32 72 21 00 00 01 85]
[01/01/09 01:33:16.764] send: [5b: 31 71 13 08 84]
[01/01/09 01:33:16.771] 	recv: [3b: 31 71 13]
[01/01/09 01:33:16.784] send: [5b: 32 71 13 00 64]
[01/01/09 01:33:16.790] 	recv: [3b: 32 71 13]
[01/01/09 01:33:16.805] send: [6b: 31 43 00 00 0F ED]
[01/01/09 01:33:16.812] 	recv: [2b: 31 43]
[01/01/09 01:33:16.824] send: [6b: 32 43 00 00 01 F3]
[01/01/09 01:33:16.830] 	recv: [2b: 32 43]
[01/01/09 01:33:16.845] send: [3b: 31 72 21]
[01/01/09 01:33:16.852] 	recv: [7b: 31 72 21 00 00 0E 1C]
[01/01/09 01:33:16.865] send: [3b: 32 72 21]
[01/01/09 01:33:16.873] 	recv: [7b: 32 72 21 00 00 01 92]
[01/01/09 01:33:16.887] send: [5b: 31 71 13 06 CC]
[01/01/09 01:33:16.893] 	recv: [3b: 31 71 13]
[01/01/09 01:33:16.906] send: [5b: 32 71 13 00 64]
[01/01/09 01:33:16.913] 	recv: [3b: 32 71 13]
[01/01/09 01:33:16.926] send: [6b: 31 43 00 00 10 63]
[01/01/09 01:33:16.933] 	recv: [2b: 31 43]
[01/01/09 01:33:16.948] send: [3b: 32 72 21]
[01/01/09 01:33:16.953] 	recv: [7b: 32 72 21 00 00 01 9A]
[01/01/09 01:33:16.964] send: [3b: 31 72 21]
[01/01/09 01:33:16.971] 	recv: [7b: 31 72 21 00 00 0E FD]
[01/01/09 01:33:16.972] send: [5b: 32 71 13 00 64]
[01/01/09 01:33:16.978] 	recv: [3b: 32 71 13]
[01/01/09 01:33:16.998] send: [5b: 31 71 13 04 24]
[01/01/09 01:33:17.003] 	recv: [3b: 31 71 13]
[01/01/09 01:33:17.015] send: [6b: 32 43 00 00 01 EE]
[01/01/09 01:33:17.022] 	recv: [2b: 32 43]
[01/01/09 01:33:17.036] send: [3b: 31 72 21]
[01/01/09 01:33:17.043] 	recv: [7b: 31 72 21 00 00 0F 5F]
[01/01/09 01:33:17.055] send: [3b: 32 72 21]
[01/01/09 01:33:17.063] 	recv: [7b: 32 72 21 00 00 01 A5]
[01/01/09 01:33:17.066] send: [5b: 31 71 13 03 0C]
[01/01/09 01:33:17.071] 	recv: [3b: 31 71 13]
[01/01/09 01:33:17.085] send: [5b: 32 71 13 00 64]
[01/01/09 01:33:17.090] 	recv: [3b: 32 71 13]
[01/01/09 01:33:17.104] send: [3b: 31 72 21]
[01/01/09 01:33:17.109] 	recv: [7b: 31 72 21 00 00 0F 9D]
[01/01/09 01:33:17.123] send: [6b: 32 43 00 00 01 E7]
[01/01/09 01:33:17.129] 	recv: [2b: 32 43]
[01/01/09 01:33:17.143] send: [5b: 31 71 13 02 44]
[01/01/09 01:33:17.149] 	recv: [3b: 31 71 13]
[01/01/09 01:33:17.156] send: [3b: 32 72 21]
[01/01/09 01:33:17.165] 	recv: [7b: 32 72 21 00 00 01 AF]
[01/01/09 01:33:17.176] send: [3b: 31 72 21]
[01/01/09 01:33:17.182] 	recv: [7b: 31 72 21 00 00 0F CF]
[01/01/09 01:33:17.197] send: [5b: 32 71 13 00 64]
[01/01/09 01:33:17.206] send: [6b: 32 43 00 00 01 E2]
[01/01/09 01:33:17.206] 	recv: [3b: 32 71 13]
[01/01/09 01:33:17.212] 	recv: [2b: 32 43]
[01/01/09 01:33:17.224] send: [3b: 31 72 21]
[01/01/09 01:33:17.230] 	recv: [7b: 31 72 21 00 00 0F EB]
[01/01/09 01:33:17.244] send: [3b: 32 72 21]
[01/01/09 01:33:17.250] 	recv: [7b: 32 72 21 00 00 01 B8]
[01/01/09 01:33:17.253] send: [5b: 31 71 13 01 90]
[01/01/09 01:33:17.258] 	recv: [3b: 31 71 13]
[01/01/09 01:33:17.274] send: [5b: 32 71 13 00 64]
[01/01/09 01:33:17.280] 	recv: [3b: 32 71 13]
[01/01/09 01:33:17.294] send: [3b: 31 72 21]
[01/01/09 01:33:17.301] 	recv: [7b: 31 72 21 00 00 10 0C]
[01/01/09 01:33:17.315] send: [6b: 32 43 00 00 01 E0]
[01/01/09 01:33:17.321] 	recv: [2b: 32 43]
[01/01/09 01:33:17.334] send: [5b: 31 71 13 01 90]
[01/01/09 01:33:17.340] 	recv: [3b: 31 71 13]
[01/01/09 01:33:17.354] send: [3b: 32 72 21]
[01/01/09 01:33:17.361] 	recv: [7b: 32 72 21 00 00 01 C3]
[01/01/09 01:33:17.374] send: [3b: 31 72 21]
[01/01/09 01:33:17.381] 	recv: [7b: 31 72 21 00 00 10 2C]
[01/01/09 01:33:17.394] send: [5b: 32 71 13 00 64]
[01/01/09 01:33:17.399] 	recv: [3b: 32 71 13]
[01/01/09 01:33:17.414] send: [5b: 31 71 13 01 90]
[01/01/09 01:33:17.421] 	recv: [3b: 31 71 13]
[01/01/09 01:33:17.434] send: [6b: 32 43 00 00 01 DD]
[01/01/09 01:33:17.440] 	recv: [2b: 32 43]
[01/01/09 01:33:17.454] send: [3b: 31 72 21]
[01/01/09 01:33:17.460] 	recv: [7b: 31 72 21 00 00 10 4C]
[01/01/09 01:33:17.474] send: [3b: 32 72 21]
[01/01/09 01:33:17.480] 	recv: [7b: 32 72 21 00 00 01 CF]
[01/01/09 01:33:17.482] send: [5b: 31 71 13 01 90]
[01/01/09 01:33:17.487] 	recv: [3b: 31 71 13]
[01/01/09 01:33:17.495] send: [5b: 32 71 13 00 64]
[01/01/09 01:33:17.501] 	recv: [3b: 32 71 13]
[01/01/09 01:33:17.513] send: [3b: 31 72 21]
[01/01/09 01:33:17.520] 	recv: [7b: 31 72 21 00 00 10 63]
[01/01/09 01:33:17.536] send: [6b: 32 43 00 00 01 DB]
[01/01/09 01:33:17.541] 	recv: [2b: 32 43]
[01/01/09 01:33:17.556] send: [5b: 31 71 13 01 90]
[01/01/09 01:33:17.561] 	recv: [3b: 31 71 13]
[01/01/09 01:33:17.573] send: [3b: 32 72 21]
[01/01/09 01:33:17.580] 	recv: [7b: 32 72 21 00 00 01 D9]
[01/01/09 01:33:17.596] send: [3b: 31 72 21]
[01/01/09 01:33:17.601] 	recv: [7b: 31 72 21 00 00 10 63]
[01/01/09 01:33:17.617] send: [5b: 32 71 13 00 64]
[01/01/09 01:33:17.623] 	recv: [3b: 32 71 13]
[01/01/09 01:33:17.633] send: [5b: 31 71 13 01 90]
[01/01/09 01:33:17.640] 	recv: [3b: 31 71 13]
[01/01/09 01:33:17.654] send: [6b: 32 43 00 00 01 D9]
[01/01/09 01:33:17.661] 	recv: [2b: 32 43]
[01/01/09 01:33:17.674] send: [3b: 31 72 21]
[01/01/09 01:33:17.680] 	recv: [7b: 31 72 21 00 00 10 63]
[01/01/09 01:33:17.694] send: [3b: 32 72 21]
[01/01/09 01:33:17.701] 	recv: [7b: 32 72 21 00 00 01 D9]
[01/01/09 01:33:17.703] send: [5b: 31 71 13 01 90]
[01/01/09 01:33:17.708] 	recv: [3b: 31 71 13]
[01/01/09 01:33:17.724] send: [5b: 32 71 13 00 64]
[01/01/09 01:33:17.730] 	recv: [3b: 32 71 13]
[01/01/09 01:33:17.745] send: [3b: 31 72 21]
[01/01/09 01:33:17.752] 	recv: [7b: 31 72 21 00 00 10 63]
[01/01/09 01:33:17.764] send: [6b: 32 43 00 00 01 D7]
[01/01/09 01:33:17.770] 	recv: [2b: 32 43]
[01/01/09 01:33:17.783] send: [5b: 31 71 13 01 90]
[01/01/09 01:33:17.790] 	recv: [3b: 31 71 13]
[01/01/09 01:33:17.805] send: [3b: 32 72 21]
[01/01/09 01:33:17.813] 	recv: [7b: 32 72 21 00 00 01 D7]
[01/01/09 01:33:17.825] send: [3b: 31 72 21]
[01/01/09 01:33:17.833] 	recv: [7b: 31 72 21 00 00 10 63]
[01/01/09 01:33:17.845] send: [5b: 32 71 13 00 64]
[01/01/09 01:33:17.850] 	recv: [3b: 32 71 13]
[01/01/09 01:33:17.865] send: [5b: 31 71 13 01 90]
[01/01/09 01:33:17.871] 	recv: [3b: 31 71 13]
[01/01/09 01:33:17.883] send: [6b: 32 43 00 00 01 D5]
[01/01/09 01:33:17.890] 	recv: [2b: 32 43]
[01/01/09 01:33:17.904] send: [3b: 31 72 21]
[01/01/09 01:33:17.910] 	recv: [7b: 31 72 21 00 00 10 63]
[01/01/09 01:33:17.925] send: [3b: 32 72 21]
[01/01/09 01:33:17.932] 	recv: [7b: 32 72 21 00 00 01 D5]
[01/01/09 01:33:17.935] send: [5b: 31 71 13 01 90]
[01/01/09 01:33:17.941] 	recv: [3b: 31 71 13]
[01/01/09 01:33:17.955] send: [5b: 32 71 13 00 64]
[01/01/09 01:33:17.962] 	recv: [3b: 32 71 13]
[01/01/09 01:33:17.974] send: [3b: 31 72 21]
[01/01/09 01:33:17.980] 	recv: [7b: 31 72 21 00 00 10 63]
[01/01/09 01:33:17.993] send: [6b: 32 43 00 00 01 D4]
[01/01/09 01:33:18.000] 	recv: [2b: 32 43]
[01/01/09 01:33:18.015] send: [5b: 31 71 13 01 90]
[01/01/09 01:33:18.022] 	recv: [3b: 31 71 13]
[01/01/09 01:33:18.035] send: [3b: 32 72 21]
[01/01/09 01:33:18.042] 	recv: [7b: 32 72 21 00 00 01 D4]
[01/01/09 01:33:18.054] send: [3b: 31 72 21]
[01/01/09 01:33:18.061] 	recv: [7b: 31 72 21 00 00 10 63]
[01/01/09 01:33:18.074] send: [5b: 32 71 13 00 64]
[01/01/09 01:33:18.081] 	recv: [3b: 32 71 13]
[01/01/09 01:33:18.095] send: [5b: 31 71 13 01 90]
[01/01/09 01:33:18.101] 	recv: [3b: 31 71 13]
[01/01/09 01:33:18.114] send: [3b: 32 72 21]
[01/01/09 01:33:18.121] 	recv: [7b: 32 72 21 00 00 01 D4]
[01/01/09 01:33:18.135] send: [3b: 31 72 21]
[01/01/09 01:33:18.140] 	recv: [7b: 31 72 21 00 00 10 63]
[01/01/09 01:33:18.153] send: [5b: 32 71 13 00 64]
[01/01/09 01:33:18.160] 	recv: [3b: 32 71 13]
[01/01/09 01:33:18.175] send: [5b: 31 71 13 01 90]
[01/01/09 01:33:18.182] 	recv: [3b: 31 71 13]
[01/01/09 01:33:18.194] send: [6b: 32 43 00 00 01 D3]
[01/01/09 01:33:18.202] 	recv: [2b: 32 43]
[01/01/09 01:33:18.214] send: [3b: 31 72 21]
[01/01/09 01:33:18.220] 	recv: [7b: 31 72 21 00 00 10 63]
[01/01/09 01:33:18.233] send: [3b: 32 72 21]
[01/01/09 01:33:18.239] 	recv: [7b: 32 72 21 00 00 01 D3]
[01/01/09 01:33:18.242] send: [5b: 31 71 13 01 90]
[01/01/09 01:33:18.247] 	recv: [3b: 31 71 13]
[01/01/09 01:33:18.255] send: [5b: 32 71 13 00 64]
[01/01/09 01:33:18.261] 	recv: [3b: 32 71 13]
[01/01/09 01:33:18.276] send: [3b: 31 72 21]
[01/01/09 01:33:18.282] 	recv: [7b: 31 72 21 00 00 10 63]
[01/01/09 01:33:18.294] send: [3b: 32 72 21]
[01/01/09 01:33:18.301] 	recv: [7b: 32 72 21 00 00 01 D3]
[01/01/09 01:33:18.314] send: [5b: 31 71 13 01 90]
[01/01/09 01:33:18.320] 	recv: [3b: 31 71 13]
[01/01/09 01:33:18.334] send: [5b: 32 71 13 00 64]
[01/01/09 01:33:18.340] 	recv: [3b: 32 71 13]
[01/01/09 01:33:18.354] send: [3b: 31 72 21]
[01/01/09 01:33:18.361] 	recv: [7b: 31 72 21 00 00 10 63]
[01/01/09 01:33:18.374] send: [3b: 32 72 21]
[01/01/09 01:33:18.380] 	recv: [7b: 32 72 21 00 00 01 D3]
[01/01/09 01:33:18.394] send: [5b: 31 71 13 01 90]
[01/01/09 01:33:18.400] 	recv: [3b: 31 71 13]
[01/01/09 01:33:18.414] send: [5b: 32 71 13 00 64]
[01/01/09 01:33:18.420] 	recv: [3b: 32 71 13]
[01/01/09 01:33:18.433] send: [3b: 31 72 21]
[01/01/09 01:33:18.440] 	recv: [7b: 31 72 21 00 00 10 63]
[01/01/09 01:33:18.454] send: [3b: 32 72 21]
[01/01/09 01:33:18.461] 	recv: [7b: 32 72 21 00 00 01 D3]
[01/01/09 01:33:18.474] send: [5b: 31 71 13 01 90]
[01/01/09 01:33:18.481] 	recv: [3b: 31 71 13]
[01/01/09 01:33:18.495] send: [5b: 32 71 13 00 64]
[01/01/09 01:33:18.501] 	recv: [3b: 32 71 13]
[01/01/09 01:33:18.515] send: [3b: 31 72 21]
[01/01/09 01:33:18.521] 	recv: [7b: 31 72 21 00 00 10 63]
[01/01/09 01:33:18.535] send: [3b: 32 72 21]
[01/01/09 01:33:18.541] 	recv: [7b: 32 72 21 00 00 01 D3]
[01/01/09 01:33:18.556] send: [5b: 31 71 13 01 90]
[01/01/09 01:33:18.563] 	recv: [3b: 31 71 13]
[01/01/09 01:33:18.573] send: [5b: 32 71 13 00 64]
[01/01/09 01:33:18.579] 	recv: [3b: 32 71 13]
[01/01/09 01:33:18.596] send: [3b: 31 72 21]
[01/01/09 01:33:18.603] 	recv: [7b: 31 72 21 00 00 10 63]
[01/01/09 01:33:18.613] send: [6b: 32 43 00 00 01 D6]
[01/01/09 01:33:18.620] 	recv: [2b: 32 43]
[01/01/09 01:33:18.633] send: [5b: 31 71 13 01 90]
[01/01/09 01:33:18.639] 	recv: [3b: 31 71 13]
[01/01/09 01:33:18.655] send: [3b: 32 72 21]
[01/01/09 01:33:18.661] 	recv: [7b: 32 72 21 00 00 01 D6]
[01/01/09 01:33:18.677] send: [3b: 31 72 21]
[01/01/09 01:33:18.683] 	recv: [7b: 31 72 21 00 00 10 63]
[01/01/09 01:33:18.695] send: [5b: 32 71 13 00 64]
[01/01/09 01:33:18.700] 	recv: [3b: 32 71 13]
[01/01/09 01:33:18.715] send: [5b: 31 71 13 01 90]
[01/01/09 01:33:18.721] 	recv: [3b: 31 71 13]
[01/01/09 01:33:18.735] send: [6b: 32 43 00 00 01 DB]
[01/01/09 01:33:18.741] 	recv: [2b: 32 43]
[01/01/09 01:33:18.753] send: [3b: 31 72 21]
[01/01/09 01:33:18.760] 	recv: [7b: 31 72 21 00 00 10 63]
[01/01/09 01:33:18.776] send: [3b: 32 72 21]
[01/01/09 01:33:18.787] 	recv: [7b: 32 72 21 00 00 01 DA]
[01/01/09 01:33:18.797] send: [5b: 32 71 13 00 64]
[01/01/09 01:33:18.803] 	recv: [3b: 32 71 13]
[01/01/09 01:33:18.816] send: [5b: 31 71 13 01 90]
[01/01/09 01:33:18.823] 	recv: [3b: 31 71 13]
[01/01/09 01:33:18.834] send: [6b: 32 43 00 00 01 E1]
[01/01/09 01:33:18.840] 	recv: [2b: 32 43]
[01/01/09 01:33:18.854] send: [3b: 31 72 21]
[01/01/09 01:33:18.860] 	recv: [7b: 31 72 21 00 00 10 63]
[01/01/09 01:33:18.874] send: [3b: 32 72 21]
[01/01/09 01:33:18.881] 	recv: [7b: 32 72 21 00 00 01 DF]
[01/01/09 01:33:18.894] send: [5b: 31 71 13 01 90]
[01/01/09 01:33:18.901] 	recv: [3b: 31 71 13]
[01/01/09 01:33:18.918] send: [5b: 32 71 13 00 64]
[01/01/09 01:33:18.924] 	recv: [3b: 32 71 13]
[01/01/09 01:33:18.933] send: [3b: 31 72 21]
[01/01/09 01:33:18.940] 	recv: [7b: 31 72 21 00 00 10 63]
[01/01/09 01:33:18.957] send: [3b: 32 72 21]
[01/01/09 01:33:18.963] 	recv: [7b: 32 72 21 00 00 01 E1]
[01/01/09 01:33:18.973] send: [5b: 31 71 13 01 90]
[01/01/09 01:33:18.982] 	recv: [3b: 31 71 13]
[01/01/09 01:33:18.994] send: [5b: 32 71 13 00 64]
[01/01/09 01:33:19.001] 	recv: [3b: 32 71 13]
[01/01/09 01:33:19.014] send: [3b: 31 72 21]
[01/01/09 01:33:19.022] 	recv: [7b: 31 72 21 00 00 10 63]
[01/01/09 01:33:19.034] send: [3b: 32 72 21]
[01/01/09 01:33:19.041] 	recv: [7b: 32 72 21 00 00 01 E1]
[01/01/09 01:33:19.054] send: [5b: 31 71 13 01 90]
[01/01/09 01:33:19.061] 	recv: [3b: 31 71 13]
[01/01/09 01:33:19.074] send: [5b: 32 71 13 00 64]
[01/01/09 01:33:19.082] 	recv: [3b: 32 71 13]
[01/01/09 01:33:19.094] send: [3b: 31 72 21]
[01/01/09 01:33:19.100] 	recv: [7b: 31 72 21 00 00 10 63]
[01/01/09 01:33:19.114] send: [3b: 32 72 21]
[01/01/09 01:33:19.121] 	recv: [7b: 32 72 21 00 00 01 E1]
[01/01/09 01:33:19.134] send: [5b: 31 71 13 01 90]
[01/01/09 01:33:19.141] 	recv: [3b: 31 71 13]
[01/01/09 01:33:19.154] send: [5b: 32 71 13 00 64]
[01/01/09 01:33:19.162] 	recv: [3b: 32 71 13]
[01/01/09 01:33:19.174] send: [3b: 31 72 21]
[01/01/09 01:33:19.182] 	recv: [7b: 31 72 21 00 00 10 63]
[01/01/09 01:33:19.195] send: [6b: 32 43 00 00 01 DE]
[01/01/09 01:33:19.202] 	recv: [2b: 32 43]
[01/01/09 01:33:19.214] send: [5b: 31 71 13 01 90]
[01/01/09 01:33:19.220] 	recv: [3b: 31 71 13]
[01/01/09 01:33:19.234] send: [3b: 32 72 21]
[01/01/09 01:33:19.241] 	recv: [7b: 32 72 21 00 00 01 DE]
[01/01/09 01:33:19.254] send: [6b: 31 43 00 00 10 04]
[01/01/09 01:33:19.261] 	recv: [2b: 31 43]
[01/01/09 01:33:19.274] send: [5b: 32 71 13 00 64]
[01/01/09 01:33:19.282] 	recv: [3b: 32 71 13]
[01/01/09 01:33:19.294] send: [3b: 31 72 21]
[01/01/09 01:33:19.302] 	recv: [7b: 31 72 21 00 00 10 54]
[01/01/09 01:33:19.314] send: [6b: 32 43 00 00 01 DA]
[01/01/09 01:33:19.319] 	recv: [2b: 32 43]
[01/01/09 01:33:19.334] send: [5b: 31 71 13 02 E4]
[01/01/09 01:33:19.342] 	recv: [3b: 31 71 13]
[01/01/09 01:33:19.354] send: [3b: 32 72 21]
[01/01/09 01:33:19.362] 	recv: [7b: 32 72 21 00 00 01 DA]
[01/01/09 01:33:19.375] send: [6b: 31 43 00 00 0F 59]
[01/01/09 01:33:19.382] 	recv: [2b: 31 43]
[01/01/09 01:33:19.396] send: [5b: 32 71 13 00 64]
[01/01/09 01:33:19.402] 	recv: [3b: 32 71 13]
[01/01/09 01:33:19.414] send: [3b: 31 72 21]
[01/01/09 01:33:19.420] 	recv: [7b: 31 72 21 00 00 10 09]
[01/01/09 01:33:19.435] send: [3b: 32 72 21]
[01/01/09 01:33:19.442] 	recv: [7b: 32 72 21 00 00 01 DA]
[01/01/09 01:33:19.454] send: [5b: 31 71 13 03 D4]
[01/01/09 01:33:19.461] 	recv: [3b: 31 71 13]
[01/01/09 01:33:19.474] send: [5b: 32 71 13 00 64]
[01/01/09 01:33:19.481] 	recv: [3b: 32 71 13]
[01/01/09 01:33:19.494] send: [6b: 31 43 00 00 0E BF]
[01/01/09 01:33:19.500] 	recv: [2b: 31 43]
[01/01/09 01:33:19.514] send: [3b: 32 72 21]
[01/01/09 01:33:19.521] 	recv: [7b: 32 72 21 00 00 01 DA]
[01/01/09 01:33:19.535] send: [3b: 31 72 21]
[01/01/09 01:33:19.543] 	recv: [7b: 31 72 21 00 00 0F 9C]
[01/01/09 01:33:19.545] send: [5b: 32 71 13 00 64]
[01/01/09 01:33:19.550] 	recv: [3b: 32 71 13]
[01/01/09 01:33:19.563] send: [5b: 31 71 13 04 10]
[01/01/09 01:33:19.570] 	recv: [3b: 31 71 13]
[01/01/09 01:33:19.587] send: [6b: 32 43 00 00 01 D6]
[01/01/09 01:33:19.592] 	recv: [2b: 32 43]
[01/01/09 01:33:19.603] send: [6b: 31 43 00 00 0E 3A]
[01/01/09 01:33:19.610] 	recv: [2b: 31 43]
[01/01/09 01:33:19.624] send: [3b: 32 72 21]
[01/01/09 01:33:19.632] 	recv: [7b: 32 72 21 00 00 01 D7]
[01/01/09 01:33:19.644] send: [3b: 31 72 21]
[01/01/09 01:33:19.652] 	recv: [7b: 31 72 21 00 00 0F 2C]
[01/01/09 01:33:19.664] send: [5b: 32 71 13 00 64]
[01/01/09 01:33:19.671] 	recv: [3b: 32 71 13]
[01/01/09 01:33:19.683] send: [5b: 31 71 13 04 74]
[01/01/09 01:33:19.689] 	recv: [3b: 31 71 13]
[01/01/09 01:33:19.704] send: [6b: 32 43 00 00 01 CC]
[01/01/09 01:33:19.711] 	recv: [2b: 32 43]
[01/01/09 01:33:19.725] send: [6b: 31 43 00 00 0D AF]
[01/01/09 01:33:19.732] 	recv: [2b: 31 43]
[01/01/09 01:33:19.744] send: [3b: 32 72 21]
[01/01/09 01:33:19.750] 	recv: [7b: 32 72 21 00 00 01 D3]
[01/01/09 01:33:19.765] send: [3b: 31 72 21]
[01/01/09 01:33:19.772] 	recv: [7b: 31 72 21 00 00 0E A6]
[01/01/09 01:33:19.784] send: [5b: 32 71 13 00 64]
[01/01/09 01:33:19.790] 	recv: [3b: 32 71 13]
[01/01/09 01:33:19.804] send: [5b: 31 71 13 04 74]
[01/01/09 01:33:19.811] 	recv: [3b: 31 71 13]
[01/01/09 01:33:19.825] send: [6b: 32 43 00 00 01 C3]
[01/01/09 01:33:19.831] 	recv: [2b: 32 43]
[01/01/09 01:33:19.844] send: [6b: 31 43 00 00 0D 29]
[01/01/09 01:33:19.851] 	recv: [2b: 31 43]
[01/01/09 01:33:19.863] send: [3b: 32 72 21]
[01/01/09 01:33:19.870] 	recv: [7b: 32 72 21 00 00 01 C9]
[01/01/09 01:33:19.885] send: [3b: 31 72 21]
[01/01/09 01:33:19.895] 	recv: [7b: 31 72 21 00 00 0E 1D]
[01/01/09 01:33:19.904] send: [5b: 32 71 13 00 64]
[01/01/09 01:33:19.911] 	recv: [3b: 32 71 13]
[01/01/09 01:33:19.924] send: [5b: 31 71 13 05 A0]
[01/01/09 01:33:19.931] 	recv: [3b: 31 71 13]
[01/01/09 01:33:19.944] send: [6b: 32 43 00 00 01 BB]
[01/01/09 01:33:19.951] 	recv: [2b: 32 43]
[01/01/09 01:33:19.964] send: [6b: 31 43 00 00 0C C0]
[01/01/09 01:33:19.971] 	recv: [2b: 31 43]
[01/01/09 01:33:19.983] send: [3b: 32 72 21]
[01/01/09 01:33:19.989] 	recv: [7b: 32 72 21 00 00 01 C0]
[01/01/09 01:33:20.004] send: [3b: 31 72 21]
[01/01/09 01:33:20.011] 	recv: [7b: 31 72 21 00 00 0D 7F]
[01/01/09 01:33:20.014] send: [5b: 32 71 13 00 64]
[01/01/09 01:33:20.019] 	recv: [3b: 32 71 13]
[01/01/09 01:33:20.034] send: [5b: 31 71 13 03 C0]
[01/01/09 01:33:20.040] 	recv: [3b: 31 71 13]
[01/01/09 01:33:20.054] send: [6b: 32 43 00 00 01 B1]
[01/01/09 01:33:20.060] 	recv: [2b: 32 43]
[01/01/09 01:33:20.075] send: [6b: 31 43 00 00 0C 3C]
[01/01/09 01:33:20.081] 	recv: [2b: 31 43]
[01/01/09 01:33:20.095] send: [3b: 32 72 21]
[01/01/09 01:33:20.102] 	recv: [7b: 32 72 21 00 00 01 B7]
[01/01/09 01:33:20.115] send: [3b: 31 72 21]
[01/01/09 01:33:20.122] 	recv: [7b: 31 72 21 00 00 0D 06]
[01/01/09 01:33:20.134] send: [5b: 32 71 13 00 64]
[01/01/09 01:33:20.141] 	recv: [3b: 32 71 13]
[01/01/09 01:33:20.153] send: [5b: 31 71 13 03 AC]
[01/01/09 01:33:20.160] 	recv: [3b: 31 71 13]
[01/01/09 01:33:20.173] send: [6b: 32 43 00 00 01 A4]
[01/01/09 01:33:20.179] 	recv: [2b: 32 43]
[01/01/09 01:33:20.195] send: [6b: 31 43 00 00 0B CA]
[01/01/09 01:33:20.201] 	recv: [2b: 31 43]
[01/01/09 01:33:20.216] send: [3b: 32 72 21]
[01/01/09 01:33:20.223] 	recv: [7b: 32 72 21 00 00 01 AD]
[01/01/09 01:33:20.236] send: [3b: 31 72 21]
[01/01/09 01:33:20.246] 	recv: [7b: 31 72 21 00 00 0C 92]
[01/01/09 01:33:20.256] send: [5b: 32 71 13 00 64]
[01/01/09 01:33:20.263] 	recv: [3b: 32 71 13]
[01/01/09 01:33:20.284] send: [5b: 31 71 13 04 C4]
[01/01/09 01:33:20.289] 	recv: [3b: 31 71 13]
[01/01/09 01:33:20.308] send: [6b: 32 43 00 00 01 98]
[01/01/09 01:33:20.313] 	recv: [2b: 32 43]
[01/01/09 01:33:20.326] send: [6b: 31 43 00 00 0B 69]
[01/01/09 01:33:20.332] 	recv: [2b: 31 43]
[01/01/09 01:33:20.346] send: [3b: 32 72 21]
[01/01/09 01:33:20.353] 	recv: [7b: 32 72 21 00 00 01 A1]
[01/01/09 01:33:20.366] send: [3b: 31 72 21]
[01/01/09 01:33:20.376] 	recv: [7b: 31 72 21 00 00 0C 01]
[01/01/09 01:33:20.384] send: [5b: 31 71 13 05 F0]
[01/01/09 01:33:20.391] 	recv: [3b: 31 71 13]
[01/01/09 01:33:20.406] send: [5b: 32 71 13 00 64]
[01/01/09 01:33:20.413] 	recv: [3b: 32 71 13]
[01/01/09 01:33:20.424] send: [6b: 31 43 00 00 0B 09]
[01/01/09 01:33:20.432] 	recv: [2b: 31 43]
[01/01/09 01:33:20.444] send: [6b: 32 43 00 00 01 8C]
[01/01/09 01:33:20.453] 	recv: [2b: 32 43]
[01/01/09 01:33:20.464] send: [3b: 31 72 21]
[01/01/09 01:33:20.472] 	recv: [7b: 31 72 21 00 00 0B 72]
[01/01/09 01:33:20.484] send: [3b: 32 72 21]
[01/01/09 01:33:20.490] 	recv: [7b: 32 72 21 00 00 01 95]
[01/01/09 01:33:20.492] send: [5b: 31 71 13 02 30]
[01/01/09 01:33:20.497] 	recv: [3b: 31 71 13]
[01/01/09 01:33:20.516] send: [5b: 32 71 13 00 64]
[01/01/09 01:33:20.522] 	recv: [3b: 32 71 13]
[01/01/09 01:33:20.533] send: [6b: 31 43 00 00 0A B5]
[01/01/09 01:33:20.539] 	recv: [2b: 31 43]
[01/01/09 01:33:20.554] send: [6b: 32 43 00 00 01 84]
[01/01/09 01:33:20.560] 	recv: [2b: 32 43]
[01/01/09 01:33:20.567] send: [3b: 31 72 21]
[01/01/09 01:33:20.574] 	recv: [7b: 31 72 21 00 00 0B 1D]
[01/01/09 01:33:20.587] send: [3b: 32 72 21]
[01/01/09 01:33:20.593] 	recv: [7b: 32 72 21 00 00 01 8A]
[01/01/09 01:33:20.605] send: [5b: 31 71 13 01 E0]
[01/01/09 01:33:20.612] 	recv: [3b: 31 71 13]
[01/01/09 01:33:20.624] send: [5b: 32 71 13 00 64]
[01/01/09 01:33:20.631] 	recv: [3b: 32 71 13]
[01/01/09 01:33:20.644] send: [6b: 31 43 00 00 0A 79]
[01/01/09 01:33:20.650] 	recv: [2b: 31 43]
[01/01/09 01:33:20.663] send: [6b: 32 43 00 00 01 7D]
[01/01/09 01:33:20.669] 	recv: [2b: 32 43]
[01/01/09 01:33:20.684] send: [3b: 31 72 21]
[01/01/09 01:33:20.691] 	recv: [7b: 31 72 21 00 00 0A E2]
[01/01/09 01:33:20.705] error: bus thread interrupted
[01/01/09 01:33:20.741] resources: ut=0.15 st=0.06
[01/01/09 01:33:20.741] log finished
