[01/01/09 01:33:07.310] log started
[01/01/09 01:33:07.310] 	[ BusInterface ]
[01/01/09 01:33:07.310] 	cycle = 20
[01/01/09 01:33:07.310] 	delayWriteTime = 6
[01/01/09 01:33:07.310] 	href = cout_4006
[01/01/09 01:33:07.311] 	interface = ethernet
[01/01/09 01:33:07.311] 	localAddr = 10.0.0.1
[01/01/09 01:33:07.311] 	localPort = 4006
[01/01/09 01:33:07.311] 	log:path = 
[01/01/09 01:33:07.311] 	log:size = 
[01/01/09 01:33:07.311] 	log:type = info
[01/01/09 01:33:07.311] 	name = TCP/UDP/UnixSocket Network Bus
[01/01/09 01:33:07.311] 	protocol = udp
[01/01/09 01:33:07.311] 	remoteAddr = 10.0.0.2
[01/01/09 01:33:07.311] 	remotePort = 4006
[01/01/09 01:33:07.311] 	sym = bus_4006
[01/01/09 01:33:07.311] 	type = ethernet
[01/01/09 01:33:07.311] 	vendor = Spetstekhnika
[01/01/09 01:33:07.311] 	writeDelay = async
[01/01/09 01:33:07.311] tid = 6412
[01/01/09 01:33:07.346] udp connection started (cycle=20, receive size=10240)
[01/01/09 01:33:07.346] 	local  = 10.0.0.1:4006
[01/01/09 01:33:07.346] 	remote = 10.0.0.2:4006
[01/01/09 01:33:07.347] 	SO_RCVBUF = 63488
[01/01/09 01:33:07.347] 	SO_SNDBUF = 63488
[01/01/09 01:33:07.377] connection: receive timeout (1,1 10240/10240,2/2)
[01/01/09 01:33:07.377] send: [2b: 32 47]
[01/01/09 01:33:07.382] 	recv: [2b: 32 47]
[01/01/09 01:33:07.396] send: [2b: 31 47]
[01/01/09 01:33:07.401] 	recv: [2b: 31 47]
[01/01/09 01:33:07.416] send: [5b: 32 71 13 01 F4]
[01/01/09 01:33:07.421] 	recv: [3b: 32 71 13]
[01/01/09 01:33:07.435] send: [5b: 31 71 13 13 24]
[01/01/09 01:33:07.440] 	recv: [3b: 31 71 13]
[01/01/09 01:33:07.455] send: [5b: 32 71 12 00 14]
[01/01/09 01:33:07.461] 	recv: [3b: 32 71 12]
[01/01/09 01:33:07.475] send: [5b: 31 71 12 00 C8]
[01/01/09 01:33:07.481] 	recv: [3b: 31 71 12]
[01/01/09 01:33:07.494] send: [4b: 32 71 14 06]
[01/01/09 01:33:07.500] 	recv: [3b: 32 71 14]
[01/01/09 01:33:07.515] send: [4b: 31 71 14 FA]
[01/01/09 01:33:07.521] 	recv: [3b: 31 71 14]
[01/01/09 01:33:07.534] send: [4b: 32 71 15 45]
[01/01/09 01:33:07.540] 	recv: [3b: 32 71 15]
[01/01/09 01:33:07.556] send: [4b: 31 71 15 50]
[01/01/09 01:33:07.563] 	recv: [3b: 31 71 15]
[01/01/09 01:33:07.565] send: [3b: 32 72 02]
[01/01/09 01:33:07.570] 	recv: [4b: 32 72 02 03]
[01/01/09 01:33:07.586] send: [6b: 31 42 FF FF F8 30]
[01/01/09 01:33:07.591] 	recv: [2b: 31 42]
[01/01/09 01:33:07.605] send: [3b: 31 72 01]
[01/01/09 01:33:07.611] 	recv: [4b: 31 72 01 85]
[01/01/09 01:33:07.624] send: [3b: 32 44 80]
[01/01/09 01:33:07.630] 	recv: [2b: 32 44]
[01/01/09 01:33:07.644] send: [3b: 31 72 01]
[01/01/09 01:33:07.651] 	recv: [4b: 31 72 01 85]
[01/01/09 01:33:07.664] send: [3b: 32 72 01]
[01/01/09 01:33:07.671] 	recv: [4b: 32 72 01 89]
[01/01/09 01:33:07.684] send: [3b: 31 72 01]
[01/01/09 01:33:07.690] 	recv: [4b: 31 72 01 85]
[01/01/09 01:33:07.704] send: [3b: 32 72 02]
[01/01/09 01:33:07.711] 	recv: [4b: 32 72 02 03]
[01/01/09 01:33:07.726] send: [3b: 31 72 01]
[01/01/09 01:33:07.731] 	recv: [4b: 31 72 01 85]
[01/01/09 01:33:07.747] send: [3b: 32 72 02]
[01/01/09 01:33:07.752] 	recv: [4b: 32 72 02 03]
[01/01/09 01:33:07.766] send: [3b: 31 72 01]
[01/01/09 01:33:07.771] 	recv: [4b: 31 72 01 85]
[01/01/09 01:33:07.784] send: [3b: 32 72 02]
[01/01/09 01:33:07.791] 	recv: [4b: 32 72 02 03]
[01/01/09 01:33:07.805] send: [3b: 31 72 01]
[01/01/09 01:33:07.811] 	recv: [4b: 31 72 01 85]
[01/01/09 01:33:07.824] send: [3b: 32 72 02]
[01/01/09 01:33:07.831] 	recv: [4b: 32 72 02 03]
[01/01/09 01:33:07.844] send: [3b: 31 72 01]
[01/01/09 01:33:07.851] 	recv: [4b: 31 72 01 85]
[01/01/09 01:33:07.864] send: [3b: 32 72 02]
[01/01/09 01:33:07.870] 	recv: [4b: 32 72 02 03]
[01/01/09 01:33:07.883] send: [3b: 31 72 01]
[01/01/09 01:33:07.890] 	recv: [4b: 31 72 01 85]
[01/01/09 01:33:07.905] send: [3b: 32 72 02]
[01/01/09 01:33:07.910] 	recv: [4b: 32 72 02 03]
[01/01/09 01:33:07.924] send: [3b: 31 72 01]
[01/01/09 01:33:07.931] 	recv: [4b: 31 72 01 85]
[01/01/09 01:33:07.944] send: [3b: 32 72 02]
[01/01/09 01:33:07.950] 	recv: [4b: 32 72 02 03]
[01/01/09 01:33:07.965] send: [3b: 31 72 01]
[01/01/09 01:33:07.971] 	recv: [4b: 31 72 01 85]
[01/01/09 01:33:07.984] send: [3b: 32 72 02]
[01/01/09 01:33:07.990] 	recv: [4b: 32 72 02 03]
[01/01/09 01:33:08.005] send: [3b: 31 72 01]
[01/01/09 01:33:08.011] 	recv: [4b: 31 72 01 85]
[01/01/09 01:33:08.026] send: [3b: 32 72 02]
[01/01/09 01:33:08.031] 	recv: [4b: 32 72 02 03]
[01/01/09 01:33:08.047] send: [3b: 31 72 01]
[01/01/09 01:33:08.052] 	recv: [4b: 31 72 01 00]
[01/01/09 01:33:08.066] send: [3b: 32 72 02]
[01/01/09 01:33:08.072] 	recv: [4b: 32 72 02 03]
[01/01/09 01:33:08.084] send: [3b: 32 72 02]
[01/01/09 01:33:08.089] 	recv: [4b: 32 72 02 03]
[01/01/09 01:33:08.104] send: [3b: 31 72 02]
[01/01/09 01:33:08.110] 	recv: [4b: 31 72 02 03]
[01/01/09 01:33:08.125] send: [3b: 32 72 02]
[01/01/09 01:33:08.131] 	recv: [4b: 32 72 02 03]
[01/01/09 01:33:08.145] send: [3b: 32 72 02]
[01/01/09 01:33:08.152] 	recv: [4b: 32 72 02 03]
[01/01/09 01:33:08.164] send: [3b: 31 44 00]
[01/01/09 01:33:08.169] 	recv: [2b: 31 44]
[01/01/09 01:33:08.184] send: [3b: 32 72 02]
[01/01/09 01:33:08.190] 	recv: [4b: 32 72 02 03]
[01/01/09 01:33:08.205] send: [3b: 31 72 01]
[01/01/09 01:33:08.211] 	recv: [4b: 31 72 01 09]
[01/01/09 01:33:08.225] send: [3b: 32 72 02]
[01/01/09 01:33:08.231] 	recv: [4b: 32 72 02 03]
[01/01/09 01:33:08.243] send: [3b: 31 72 02]
[01/01/09 01:33:08.250] 	recv: [4b: 31 72 02 03]
[01/01/09 01:33:08.265] send: [3b: 32 72 02]
[01/01/09 01:33:08.270] 	recv: [4b: 32 72 02 03]
[01/01/09 01:33:08.285] send: [3b: 31 72 02]
[01/01/09 01:33:08.291] 	recv: [4b: 31 72 02 03]
[01/01/09 01:33:08.305] send: [3b: 32 72 02]
[01/01/09 01:33:08.311] 	recv: [4b: 32 72 02 03]
[01/01/09 01:33:08.325] send: [3b: 31 72 02]
[01/01/09 01:33:08.331] 	recv: [4b: 31 72 02 03]
[01/01/09 01:33:08.348] send: [3b: 32 72 02]
[01/01/09 01:33:08.355] send: [3b: 32 72 02]
[01/01/09 01:33:08.358] 	recv: [4b: 32 72 02 03]
[01/01/09 01:33:08.365] 	recv: [4b: 32 72 02 03]
[01/01/09 01:33:08.375] send: [3b: 31 72 02]
[01/01/09 01:33:08.380] 	recv: [4b: 31 72 02 03]
[01/01/09 01:33:08.394] send: [3b: 32 72 02]
[01/01/09 01:33:08.399] 	recv: [4b: 32 72 02 03]
[01/01/09 01:33:08.416] send: [3b: 31 72 02]
[01/01/09 01:33:08.422] 	recv: [4b: 31 72 02 03]
[01/01/09 01:33:08.436] send: [3b: 32 72 02]
[01/01/09 01:33:08.443] 	recv: [4b: 32 72 02 03]
[01/01/09 01:33:08.456] send: [3b: 31 72 02]
[01/01/09 01:33:08.462] 	recv: [4b: 31 72 02 03]
[01/01/09 01:33:08.474] send: [3b: 32 72 02]
[01/01/09 01:33:08.481] 	recv: [4b: 32 72 02 03]
[01/01/09 01:33:08.494] send: [3b: 31 72 02]
[01/01/09 01:33:08.501] 	recv: [4b: 31 72 02 03]
[01/01/09 01:33:08.515] send: [3b: 32 72 02]
[01/01/09 01:33:08.520] 	recv: [4b: 32 72 02 03]
[01/01/09 01:33:08.534] send: [3b: 31 72 02]
[01/01/09 01:33:08.541] 	recv: [4b: 31 72 02 03]
[01/01/09 01:33:08.548] send: [3b: 32 72 02]
[01/01/09 01:33:08.553] 	recv: [4b: 32 72 02 03]
[01/01/09 01:33:08.565] send: [3b: 31 72 02]
[01/01/09 01:33:08.570] 	recv: [4b: 31 72 02 03]
[01/01/09 01:33:08.583] send: [3b: 32 72 02]
[01/01/09 01:33:08.589] 	recv: [4b: 32 72 02 03]
[01/01/09 01:33:08.604] send: [3b: 31 72 02]
[01/01/09 01:33:08.610] 	recv: [4b: 31 72 02 03]
[01/01/09 01:33:08.624] send: [3b: 32 72 02]
[01/01/09 01:33:08.629] 	recv: [4b: 32 72 02 03]
[01/01/09 01:33:08.643] send: [3b: 31 72 02]
[01/01/09 01:33:08.649] 	recv: [4b: 31 72 02 03]
[01/01/09 01:33:08.663] send: [3b: 32 72 02]
[01/01/09 01:33:08.669] 	recv: [4b: 32 72 02 03]
[01/01/09 01:33:08.683] send: [3b: 31 72 02]
[01/01/09 01:33:08.688] 	recv: [4b: 31 72 02 03]
[01/01/09 01:33:08.703] send: [3b: 32 72 02]
[01/01/09 01:33:08.708] 	recv: [4b: 32 72 02 03]
[01/01/09 01:33:08.724] send: [3b: 31 72 02]
[01/01/09 01:33:08.729] 	recv: [4b: 31 72 02 03]
[01/01/09 01:33:08.744] send: [3b: 32 72 02]
[01/01/09 01:33:08.749] 	recv: [4b: 32 72 02 03]
[01/01/09 01:33:08.764] send: [3b: 31 72 02]
[01/01/09 01:33:08.769] 	recv: [4b: 31 72 02 03]
[01/01/09 01:33:08.784] send: [3b: 32 72 02]
[01/01/09 01:33:08.789] 	recv: [4b: 32 72 02 03]
[01/01/09 01:33:08.804] send: [3b: 31 72 02]
[01/01/09 01:33:08.809] 	recv: [4b: 31 72 02 03]
[01/01/09 01:33:08.823] send: [3b: 32 72 02]
[01/01/09 01:33:08.829] 	recv: [4b: 32 72 02 03]
[01/01/09 01:33:08.844] send: [3b: 31 72 02]
[01/01/09 01:33:08.849] 	recv: [4b: 31 72 02 03]
[01/01/09 01:33:08.864] send: [3b: 32 72 02]
[01/01/09 01:33:08.869] 	recv: [4b: 32 72 02 03]
[01/01/09 01:33:08.883] send: [3b: 31 72 02]
[01/01/09 01:33:08.890] 	recv: [4b: 31 72 02 03]
[01/01/09 01:33:08.904] send: [3b: 32 72 02]
[01/01/09 01:33:08.910] 	recv: [4b: 32 72 02 03]
[01/01/09 01:33:08.924] send: [3b: 31 72 02]
[01/01/09 01:33:08.929] 	recv: [4b: 31 72 02 03]
[01/01/09 01:33:08.944] send: [3b: 32 72 02]
[01/01/09 01:33:08.949] 	recv: [4b: 32 72 02 03]
[01/01/09 01:33:08.964] send: [3b: 31 72 02]
[01/01/09 01:33:08.970] 	recv: [4b: 31 72 02 03]
[01/01/09 01:33:08.978] send: [3b: 32 72 02]
[01/01/09 01:33:08.985] send: [3b: 32 72 02]
[01/01/09 01:33:08.985] 	recv: [4b: 32 72 02 03]
[01/01/09 01:33:08.991] 	recv: [4b: 32 72 02 03]
[01/01/09 01:33:09.004] send: [3b: 31 72 02]
[01/01/09 01:33:09.011] 	recv: [4b: 31 72 02 03]
[01/01/09 01:33:09.024] send: [3b: 32 72 02]
[01/01/09 01:33:09.030] 	recv: [4b: 32 72 02 03]
[01/01/09 01:33:09.044] send: [3b: 31 72 02]
[01/01/09 01:33:09.050] 	recv: [4b: 31 72 02 03]
[01/01/09 01:33:09.063] send: [3b: 32 72 02]
[01/01/09 01:33:09.070] 	recv: [4b: 32 72 02 03]
[01/01/09 01:33:09.083] send: [3b: 31 72 02]
[01/01/09 01:33:09.090] 	recv: [4b: 31 72 02 03]
[01/01/09 01:33:09.104] send: [3b: 32 72 02]
[01/01/09 01:33:09.111] 	recv: [4b: 32 72 02 03]
[01/01/09 01:33:09.123] send: [3b: 31 72 02]
[01/01/09 01:33:09.130] 	recv: [4b: 31 72 02 03]
[01/01/09 01:33:09.144] send: [3b: 32 72 02]
[01/01/09 01:33:09.149] 	recv: [4b: 32 72 02 03]
[01/01/09 01:33:09.164] send: [3b: 31 72 02]
[01/01/09 01:33:09.171] 	recv: [4b: 31 72 02 03]
[01/01/09 01:33:09.183] send: [3b: 32 72 02]
[01/01/09 01:33:09.190] 	recv: [4b: 32 72 02 03]
[01/01/09 01:33:09.205] send: [3b: 31 72 02]
[01/01/09 01:33:09.211] 	recv: [4b: 31 72 02 03]
[01/01/09 01:33:09.225] send: [3b: 32 72 02]
[01/01/09 01:33:09.231] 	recv: [4b: 32 72 02 03]
[01/01/09 01:33:09.245] send: [3b: 31 72 02]
[01/01/09 01:33:09.252] 	recv: [4b: 31 72 02 03]
[01/01/09 01:33:09.266] send: [3b: 32 72 02]
[01/01/09 01:33:09.272] 	recv: [4b: 32 72 02 03]
[01/01/09 01:33:09.285] send: [3b: 31 72 02]
[01/01/09 01:33:09.291] 	recv: [4b: 31 72 02 03]
[01/01/09 01:33:09.303] send: [3b: 32 72 02]
[01/01/09 01:33:09.309] 	recv: [4b: 32 72 02 03]
[01/01/09 01:33:09.325] send: [3b: 31 72 02]
[01/01/09 01:33:09.331] 	recv: [4b: 31 72 02 03]
[01/01/09 01:33:09.344] send: [3b: 32 72 02]
[01/01/09 01:33:09.350] 	recv: [4b: 32 72 02 03]
[01/01/09 01:33:09.365] send: [3b: 31 72 02]
[01/01/09 01:33:09.371] 	recv: [4b: 31 72 02 03]
[01/01/09 01:33:09.384] send: [3b: 32 72 02]
[01/01/09 01:33:09.390] 	recv: [4b: 32 72 02 03]
[01/01/09 01:33:09.405] send: [3b: 31 72 02]
[01/01/09 01:33:09.411] 	recv: [4b: 31 72 02 03]
[01/01/09 01:33:09.425] send: [3b: 32 72 02]
[01/01/09 01:33:09.431] 	recv: [4b: 32 72 02 03]
[01/01/09 01:33:09.445] send: [3b: 31 72 02]
[01/01/09 01:33:09.452] 	recv: [4b: 31 72 02 03]
[01/01/09 01:33:09.464] send: [3b: 32 72 02]
[01/01/09 01:33:09.470] 	recv: [4b: 32 72 02 03]
[01/01/09 01:33:09.485] send: [3b: 31 72 02]
[01/01/09 01:33:09.491] 	recv: [4b: 31 72 02 03]
[01/01/09 01:33:09.504] send: [3b: 32 72 02]
[01/01/09 01:33:09.510] 	recv: [4b: 32 72 02 03]
[01/01/09 01:33:09.525] send: [3b: 31 72 02]
[01/01/09 01:33:09.531] 	recv: [4b: 31 72 02 03]
[01/01/09 01:33:09.546] send: [3b: 32 72 02]
[01/01/09 01:33:09.552] 	recv: [4b: 32 72 02 03]
[01/01/09 01:33:09.564] send: [3b: 31 72 02]
[01/01/09 01:33:09.570] 	recv: [4b: 31 72 02 03]
[01/01/09 01:33:09.586] send: [3b: 32 72 02]
[01/01/09 01:33:09.592] 	recv: [4b: 32 72 02 03]
[01/01/09 01:33:09.606] send: [3b: 31 72 02]
[01/01/09 01:33:09.611] 	recv: [4b: 31 72 02 03]
[01/01/09 01:33:09.626] send: [3b: 32 72 02]
[01/01/09 01:33:09.631] 	recv: [4b: 32 72 02 03]
[01/01/09 01:33:09.645] send: [3b: 31 72 02]
[01/01/09 01:33:09.651] 	recv: [4b: 31 72 02 03]
[01/01/09 01:33:09.666] send: [3b: 32 72 02]
[01/01/09 01:33:09.672] 	recv: [4b: 32 72 02 03]
[01/01/09 01:33:09.685] send: [3b: 31 72 02]
[01/01/09 01:33:09.692] 	recv: [4b: 31 72 02 03]
[01/01/09 01:33:09.704] send: [3b: 32 72 02]
[01/01/09 01:33:09.710] 	recv: [4b: 32 72 02 03]
[01/01/09 01:33:09.724] send: [3b: 31 72 02]
[01/01/09 01:33:09.729] 	recv: [4b: 31 72 02 03]
[01/01/09 01:33:09.745] send: [3b: 32 72 02]
[01/01/09 01:33:09.752] 	recv: [4b: 32 72 02 03]
[01/01/09 01:33:09.765] send: [3b: 31 72 02]
[01/01/09 01:33:09.771] 	recv: [4b: 31 72 02 03]
[01/01/09 01:33:09.784] send: [3b: 32 72 02]
[01/01/09 01:33:09.789] 	recv: [4b: 32 72 02 03]
[01/01/09 01:33:09.803] send: [3b: 31 72 02]
[01/01/09 01:33:09.809] 	recv: [4b: 31 72 02 03]
[01/01/09 01:33:09.824] send: [3b: 32 72 02]
[01/01/09 01:33:09.831] 	recv: [4b: 32 72 02 03]
[01/01/09 01:33:09.844] send: [3b: 31 72 02]
[01/01/09 01:33:09.850] 	recv: [4b: 31 72 02 03]
[01/01/09 01:33:09.864] send: [3b: 32 72 02]
[01/01/09 01:33:09.870] 	recv: [4b: 32 72 02 03]
[01/01/09 01:33:09.883] send: [3b: 31 72 02]
[01/01/09 01:33:09.890] 	recv: [4b: 31 72 02 03]
[01/01/09 01:33:09.904] send: [3b: 32 72 02]
[01/01/09 01:33:09.910] 	recv: [4b: 32 72 02 03]
[01/01/09 01:33:09.923] send: [3b: 31 72 02]
[01/01/09 01:33:09.929] 	recv: [4b: 31 72 02 03]
[01/01/09 01:33:09.943] send: [3b: 32 72 02]
[01/01/09 01:33:09.950] 	recv: [4b: 32 72 02 03]
[01/01/09 01:33:09.963] send: [3b: 31 72 02]
[01/01/09 01:33:09.968] 	recv: [4b: 31 72 02 03]
[01/01/09 01:33:09.985] send: [3b: 32 72 02]
[01/01/09 01:33:09.991] 	recv: [4b: 32 72 02 03]
[01/01/09 01:33:10.004] send: [3b: 31 72 02]
[01/01/09 01:33:10.009] 	recv: [4b: 31 72 02 03]
[01/01/09 01:33:10.025] send: [3b: 32 72 02]
[01/01/09 01:33:10.031] 	recv: [4b: 32 72 02 13]
[01/01/09 01:33:10.045] send: [3b: 31 72 02]
[01/01/09 01:33:10.052] 	recv: [4b: 31 72 02 03]
[01/01/09 01:33:10.063] send: [3b: 31 72 02]
[01/01/09 01:33:10.069] 	recv: [4b: 31 72 02 03]
[01/01/09 01:33:10.085] send: [6b: 32 42 00 00 04 10]
[01/01/09 01:33:10.092] 	recv: [2b: 32 42]
[01/01/09 01:33:10.104] send: [3b: 31 72 02]
[01/01/09 01:33:10.110] 	recv: [4b: 31 72 02 03]
[01/01/09 01:33:10.124] send: [3b: 32 72 01]
[01/01/09 01:33:10.130] 	recv: [4b: 32 72 01 05]
[01/01/09 01:33:10.144] send: [3b: 31 72 02]
[01/01/09 01:33:10.150] 	recv: [4b: 31 72 02 03]
[01/01/09 01:33:10.165] send: [3b: 32 72 01]
[01/01/09 01:33:10.170] 	recv: [4b: 32 72 01 05]
[01/01/09 01:33:10.185] send: [3b: 31 72 02]
[01/01/09 01:33:10.191] 	recv: [4b: 31 72 02 03]
[01/01/09 01:33:10.204] send: [3b: 32 72 01]
[01/01/09 01:33:10.210] 	recv: [4b: 32 72 01 05]
[01/01/09 01:33:10.224] send: [3b: 31 72 02]
[01/01/09 01:33:10.230] 	recv: [4b: 31 72 02 03]
[01/01/09 01:33:10.255] send: [3b: 32 72 01]
[01/01/09 01:33:10.261] 	recv: [4b: 32 72 01 05]
[01/01/09 01:33:10.274] send: [3b: 31 72 02]
[01/01/09 01:33:10.279] 	recv: [4b: 31 72 02 03]
[01/01/09 01:33:10.286] send: [3b: 32 72 01]
[01/01/09 01:33:10.292] 	recv: [4b: 32 72 01 05]
[01/01/09 01:33:10.304] send: [3b: 31 72 02]
[01/01/09 01:33:10.310] 	recv: [4b: 31 72 02 03]
[01/01/09 01:33:10.327] send: [3b: 32 72 01]
[01/01/09 01:33:10.334] 	recv: [4b: 32 72 01 05]
[01/01/09 01:33:10.344] send: [3b: 31 72 02]
[01/01/09 01:33:10.350] 	recv: [4b: 31 72 02 03]
[01/01/09 01:33:10.365] send: [3b: 32 72 01]
[01/01/09 01:33:10.372] 	recv: [4b: 32 72 01 05]
[01/01/09 01:33:10.384] send: [3b: 31 72 02]
[01/01/09 01:33:10.390] 	recv: [4b: 31 72 02 03]
[01/01/09 01:33:10.403] send: [3b: 32 72 01]
[01/01/09 01:33:10.410] 	recv: [4b: 32 72 01 05]
[01/01/09 01:33:10.423] send: [3b: 31 72 02]
[01/01/09 01:33:10.430] 	recv: [4b: 31 72 02 03]
[01/01/09 01:33:10.443] send: [3b: 32 72 01]
[01/01/09 01:33:10.450] 	recv: [4b: 32 72 01 05]
[01/01/09 01:33:10.463] send: [3b: 31 72 02]
[01/01/09 01:33:10.470] 	recv: [4b: 31 72 02 03]
[01/01/09 01:33:10.484] send: [3b: 32 72 01]
[01/01/09 01:33:10.491] 	recv: [4b: 32 72 01 05]
[01/01/09 01:33:10.505] send: [3b: 31 72 02]
[01/01/09 01:33:10.510] 	recv: [4b: 31 72 02 03]
[01/01/09 01:33:10.525] send: [3b: 32 72 01]
[01/01/09 01:33:10.530] 	recv: [4b: 32 72 01 05]
[01/01/09 01:33:10.544] send: [3b: 31 72 02]
[01/01/09 01:33:10.549] 	recv: [4b: 31 72 02 03]
[01/01/09 01:33:10.563] send: [3b: 32 72 01]
[01/01/09 01:33:10.569] 	recv: [4b: 32 72 01 05]
[01/01/09 01:33:10.585] send: [3b: 31 72 02]
[01/01/09 01:33:10.592] 	recv: [4b: 31 72 02 03]
[01/01/09 01:33:10.605] send: [3b: 32 72 01]
[01/01/09 01:33:10.612] 	recv: [4b: 32 72 01 05]
[01/01/09 01:33:10.625] send: [3b: 31 72 02]
[01/01/09 01:33:10.632] 	recv: [4b: 31 72 02 03]
[01/01/09 01:33:10.646] send: [3b: 32 72 01]
[01/01/09 01:33:10.652] 	recv: [4b: 32 72 01 05]
[01/01/09 01:33:10.666] send: [3b: 31 72 02]
[01/01/09 01:33:10.672] 	recv: [4b: 31 72 02 03]
[01/01/09 01:33:10.684] send: [3b: 32 72 01]
[01/01/09 01:33:10.690] 	recv: [4b: 32 72 01 05]
[01/01/09 01:33:10.704] send: [3b: 31 72 02]
[01/01/09 01:33:10.711] 	recv: [4b: 31 72 02 03]
[01/01/09 01:33:10.724] send: [3b: 32 72 01]
[01/01/09 01:33:10.731] 	recv: [4b: 32 72 01 05]
[01/01/09 01:33:10.744] send: [3b: 31 72 02]
[01/01/09 01:33:10.749] 	recv: [4b: 31 72 02 03]
[01/01/09 01:33:10.764] send: [3b: 32 72 01]
[01/01/09 01:33:10.770] 	recv: [4b: 32 72 01 05]
[01/01/09 01:33:10.784] send: [3b: 31 72 02]
[01/01/09 01:33:10.790] 	recv: [4b: 31 72 02 03]
[01/01/09 01:33:10.804] send: [3b: 32 72 01]
[01/01/09 01:33:10.811] 	recv: [4b: 32 72 01 05]
[01/01/09 01:33:10.824] send: [3b: 31 72 02]
[01/01/09 01:33:10.831] 	recv: [4b: 31 72 02 03]
[01/01/09 01:33:10.844] send: [3b: 32 72 01]
[01/01/09 01:33:10.851] 	recv: [4b: 32 72 01 05]
[01/01/09 01:33:10.864] send: [3b: 31 72 02]
[01/01/09 01:33:10.871] 	recv: [4b: 31 72 02 13]
[01/01/09 01:33:10.884] send: [3b: 32 72 01]
[01/01/09 01:33:10.890] 	recv: [4b: 32 72 01 05]
[01/01/09 01:33:10.904] send: [3b: 32 72 01]
[01/01/09 01:33:10.910] 	recv: [4b: 32 72 01 05]
[01/01/09 01:33:10.924] send: [6b: 31 42 FF FF D6 B6]
[01/01/09 01:33:10.931] 	recv: [2b: 31 42]
[01/01/09 01:33:10.944] send: [3b: 32 72 01]
[01/01/09 01:33:10.951] 	recv: [4b: 32 72 01 05]
[01/01/09 01:33:10.964] send: [3b: 31 72 01]
[01/01/09 01:33:10.971] 	recv: [4b: 31 72 01 85]
[01/01/09 01:33:10.984] send: [3b: 32 72 01]
[01/01/09 01:33:10.990] 	recv: [4b: 32 72 01 05]
[01/01/09 01:33:11.004] send: [3b: 31 72 01]
[01/01/09 01:33:11.010] 	recv: [4b: 31 72 01 85]
[01/01/09 01:33:11.024] send: [3b: 32 72 01]
[01/01/09 01:33:11.029] 	recv: [4b: 32 72 01 05]
[01/01/09 01:33:11.044] send: [3b: 31 72 01]
[01/01/09 01:33:11.051] 	recv: [4b: 31 72 01 85]
[01/01/09 01:33:11.065] send: [3b: 32 72 01]
[01/01/09 01:33:11.071] 	recv: [4b: 32 72 01 05]
[01/01/09 01:33:11.085] send: [3b: 31 72 01]
[01/01/09 01:33:11.091] 	recv: [4b: 31 72 01 85]
[01/01/09 01:33:11.105] send: [3b: 32 72 01]
[01/01/09 01:33:11.110] 	recv: [4b: 32 72 01 05]
[01/01/09 01:33:11.124] send: [3b: 31 72 01]
[01/01/09 01:33:11.130] 	recv: [4b: 31 72 01 85]
[01/01/09 01:33:11.144] send: [3b: 32 72 01]
[01/01/09 01:33:11.150] 	recv: [4b: 32 72 01 05]
[01/01/09 01:33:11.165] send: [3b: 31 72 01]
[01/01/09 01:33:11.171] 	recv: [4b: 31 72 01 85]
[01/01/09 01:33:11.185] send: [3b: 32 72 01]
[01/01/09 01:33:11.191] 	recv: [4b: 32 72 01 05]
[01/01/09 01:33:11.203] send: [3b: 31 72 01]
[01/01/09 01:33:11.209] 	recv: [4b: 31 72 01 85]
[01/01/09 01:33:11.216] send: [3b: 32 72 01]
[01/01/09 01:33:11.222] 	recv: [4b: 32 72 01 05]
[01/01/09 01:33:11.236] send: [3b: 31 72 01]
[01/01/09 01:33:11.243] 	recv: [4b: 31 72 01 85]
[01/01/09 01:33:11.257] send: [3b: 32 72 01]
[01/01/09 01:33:11.262] 	recv: [4b: 32 72 01 05]
[01/01/09 01:33:11.284] send: [3b: 31 72 01]
[01/01/09 01:33:11.289] 	recv: [4b: 31 72 01 85]
[01/01/09 01:33:11.306] send: [3b: 32 72 01]
[01/01/09 01:33:11.312] 	recv: [4b: 32 72 01 05]
[01/01/09 01:33:11.324] send: [3b: 31 72 01]
[01/01/09 01:33:11.330] 	recv: [4b: 31 72 01 85]
[01/01/09 01:33:11.345] send: [3b: 32 72 01]
[01/01/09 01:33:11.351] 	recv: [4b: 32 72 01 05]
[01/01/09 01:33:11.364] send: [3b: 31 72 01]
[01/01/09 01:33:11.370] 	recv: [4b: 31 72 01 85]
[01/01/09 01:33:11.384] send: [3b: 32 72 01]
[01/01/09 01:33:11.390] 	recv: [4b: 32 72 01 05]
[01/01/09 01:33:11.404] send: [3b: 31 72 01]
[01/01/09 01:33:11.410] 	recv: [4b: 31 72 01 85]
[01/01/09 01:33:11.423] send: [3b: 32 72 01]
[01/01/09 01:33:11.428] 	recv: [4b: 32 72 01 05]
[01/01/09 01:33:11.445] send: [3b: 31 72 01]
[01/01/09 01:33:11.451] 	recv: [4b: 31 72 01 85]
[01/01/09 01:33:11.465] send: [3b: 32 72 01]
[01/01/09 01:33:11.471] 	recv: [4b: 32 72 01 05]
[01/01/09 01:33:11.485] send: [3b: 31 72 01]
[01/01/09 01:33:11.491] 	recv: [4b: 31 72 01 85]
[01/01/09 01:33:11.504] send: [3b: 32 72 01]
[01/01/09 01:33:11.509] 	recv: [4b: 32 72 01 05]
[01/01/09 01:33:11.525] send: [3b: 31 72 01]
[01/01/09 01:33:11.531] 	recv: [4b: 31 72 01 85]
[01/01/09 01:33:11.543] send: [3b: 32 72 01]
[01/01/09 01:33:11.550] 	recv: [4b: 32 72 01 05]
[01/01/09 01:33:11.564] send: [3b: 31 72 01]
[01/01/09 01:33:11.570] 	recv: [4b: 31 72 01 85]
[01/01/09 01:33:11.583] send: [3b: 32 72 01]
[01/01/09 01:33:11.589] 	recv: [4b: 32 72 01 05]
[01/01/09 01:33:11.604] send: [3b: 31 72 01]
[01/01/09 01:33:11.610] 	recv: [4b: 31 72 01 85]
[01/01/09 01:33:11.625] send: [3b: 32 72 01]
[01/01/09 01:33:11.631] 	recv: [4b: 32 72 01 05]
[01/01/09 01:33:11.644] send: [3b: 31 72 01]
[01/01/09 01:33:11.650] 	recv: [4b: 31 72 01 85]
[01/01/09 01:33:11.663] send: [3b: 32 72 01]
[01/01/09 01:33:11.670] 	recv: [4b: 32 72 01 05]
[01/01/09 01:33:11.683] send: [3b: 31 72 01]
[01/01/09 01:33:11.690] 	recv: [4b: 31 72 01 85]
[01/01/09 01:33:11.704] send: [3b: 32 72 01]
[01/01/09 01:33:11.709] 	recv: [4b: 32 72 01 05]
[01/01/09 01:33:11.724] send: [3b: 31 72 01]
[01/01/09 01:33:11.730] 	recv: [4b: 31 72 01 85]
[01/01/09 01:33:11.745] send: [3b: 32 72 01]
[01/01/09 01:33:11.752] 	recv: [4b: 32 72 01 05]
[01/01/09 01:33:11.765] send: [3b: 31 72 01]
[01/01/09 01:33:11.771] 	recv: [4b: 31 72 01 85]
[01/01/09 01:33:11.784] send: [3b: 32 72 01]
[01/01/09 01:33:11.790] 	recv: [4b: 32 72 01 05]
[01/01/09 01:33:11.804] send: [3b: 31 72 01]
[01/01/09 01:33:11.811] 	recv: [4b: 31 72 01 85]
[01/01/09 01:33:11.823] send: [3b: 32 72 01]
[01/01/09 01:33:11.829] 	recv: [4b: 32 72 01 05]
[01/01/09 01:33:11.844] send: [3b: 31 72 01]
[01/01/09 01:33:11.850] 	recv: [4b: 31 72 01 85]
[01/01/09 01:33:11.865] send: [3b: 32 72 01]
[01/01/09 01:33:11.871] 	recv: [4b: 32 72 01 05]
[01/01/09 01:33:11.885] send: [3b: 31 72 01]
[01/01/09 01:33:11.891] 	recv: [4b: 31 72 01 85]
[01/01/09 01:33:11.904] send: [3b: 32 72 01]
[01/01/09 01:33:11.909] 	recv: [4b: 32 72 01 05]
[01/01/09 01:33:11.924] send: [3b: 31 72 01]
[01/01/09 01:33:11.930] 	recv: [4b: 31 72 01 85]
[01/01/09 01:33:11.944] send: [3b: 32 72 01]
[01/01/09 01:33:11.950] 	recv: [4b: 32 72 01 05]
[01/01/09 01:33:11.963] send: [3b: 31 72 01]
[01/01/09 01:33:11.970] 	recv: [4b: 31 72 01 85]
[01/01/09 01:33:11.985] send: [3b: 32 72 01]
[01/01/09 01:33:11.991] 	recv: [4b: 32 72 01 05]
[01/01/09 01:33:12.004] send: [3b: 31 72 01]
[01/01/09 01:33:12.009] 	recv: [4b: 31 72 01 85]
[01/01/09 01:33:12.017] send: [3b: 32 72 01]
[01/01/09 01:33:12.025] send: [3b: 32 72 01]
[01/01/09 01:33:12.025] 	recv: [4b: 32 72 01 05]
[01/01/09 01:33:12.032] 	recv: [4b: 32 72 01 05]
[01/01/09 01:33:12.045] send: [3b: 31 72 01]
[01/01/09 01:33:12.050] 	recv: [4b: 31 72 01 85]
[01/01/09 01:33:12.065] send: [3b: 32 72 01]
[01/01/09 01:33:12.070] 	recv: [4b: 32 72 01 05]
[01/01/09 01:33:12.084] send: [3b: 31 72 01]
[01/01/09 01:33:12.091] 	recv: [4b: 31 72 01 85]
[01/01/09 01:33:12.113] send: [3b: 32 72 01]
[01/01/09 01:33:12.119] 	recv: [4b: 32 72 01 05]
[01/01/09 01:33:12.134] send: [3b: 31 72 01]
[01/01/09 01:33:12.140] 	recv: [4b: 31 72 01 85]
[01/01/09 01:33:12.155] send: [3b: 32 72 01]
[01/01/09 01:33:12.162] 	recv: [4b: 32 72 01 05]
[01/01/09 01:33:12.174] send: [3b: 31 72 01]
[01/01/09 01:33:12.180] 	recv: [4b: 31 72 01 85]
[01/01/09 01:33:12.187] send: [3b: 32 72 01]
[01/01/09 01:33:12.192] 	recv: [4b: 32 72 01 05]
[01/01/09 01:33:12.206] send: [3b: 31 72 01]
[01/01/09 01:33:12.212] 	recv: [4b: 31 72 01 85]
[01/01/09 01:33:12.226] send: [3b: 32 72 01]
[01/01/09 01:33:12.232] 	recv: [4b: 32 72 01 05]
[01/01/09 01:33:12.247] send: [3b: 31 72 01]
[01/01/09 01:33:12.253] 	recv: [4b: 31 72 01 85]
[01/01/09 01:33:12.267] send: [3b: 32 72 01]
[01/01/09 01:33:12.274] 	recv: [4b: 32 72 01 05]
[01/01/09 01:33:12.287] send: [3b: 31 72 01]
[01/01/09 01:33:12.293] 	recv: [4b: 31 72 01 85]
[01/01/09 01:33:12.306] send: [3b: 32 72 01]
[01/01/09 01:33:12.311] 	recv: [4b: 32 72 01 05]
[01/01/09 01:33:12.324] send: [3b: 31 72 01]
[01/01/09 01:33:12.331] 	recv: [4b: 31 72 01 85]
[01/01/09 01:33:12.345] send: [3b: 32 72 01]
[01/01/09 01:33:12.350] 	recv: [4b: 32 72 01 05]
[01/01/09 01:33:12.364] send: [3b: 31 72 01]
[01/01/09 01:33:12.371] 	recv: [4b: 31 72 01 85]
[01/01/09 01:33:12.384] send: [3b: 32 72 01]
[01/01/09 01:33:12.390] 	recv: [4b: 32 72 01 05]
[01/01/09 01:33:12.405] send: [3b: 31 72 01]
[01/01/09 01:33:12.411] 	recv: [4b: 31 72 01 85]
[01/01/09 01:33:12.425] send: [3b: 32 72 01]
[01/01/09 01:33:12.431] 	recv: [4b: 32 72 01 05]
[01/01/09 01:33:12.444] send: [3b: 31 72 01]
[01/01/09 01:33:12.449] 	recv: [4b: 31 72 01 85]
[01/01/09 01:33:12.465] send: [3b: 32 72 01]
[01/01/09 01:33:12.471] 	recv: [4b: 32 72 01 05]
[01/01/09 01:33:12.485] send: [3b: 31 72 01]
[01/01/09 01:33:12.491] 	recv: [4b: 31 72 01 85]
[01/01/09 01:33:12.505] send: [3b: 32 72 01]
[01/01/09 01:33:12.511] 	recv: [4b: 32 72 01 05]
[01/01/09 01:33:12.525] send: [3b: 31 72 01]
[01/01/09 01:33:12.530] 	recv: [4b: 31 72 01 85]
[01/01/09 01:33:12.544] send: [3b: 32 72 01]
[01/01/09 01:33:12.550] 	recv: [4b: 32 72 01 05]
[01/01/09 01:33:12.563] send: [3b: 31 72 01]
[01/01/09 01:33:12.569] 	recv: [4b: 31 72 01 85]
[01/01/09 01:33:12.584] send: [3b: 32 72 01]
[01/01/09 01:33:12.591] 	recv: [4b: 32 72 01 00]
[01/01/09 01:33:12.604] send: [3b: 31 72 01]
[01/01/09 01:33:12.611] 	recv: [4b: 31 72 01 85]
[01/01/09 01:33:12.624] send: [3b: 31 72 01]
[01/01/09 01:33:12.629] 	recv: [4b: 31 72 01 85]
[01/01/09 01:33:12.644] send: [5b: 32 71 13 04 4C]
[01/01/09 01:33:12.651] 	recv: [3b: 32 71 13]
[01/01/09 01:33:12.664] send: [3b: 31 72 01]
[01/01/09 01:33:12.670] 	recv: [4b: 31 72 01 85]
[01/01/09 01:33:12.684] send: [3b: 31 72 01]
[01/01/09 01:33:12.691] 	recv: [4b: 31 72 01 85]
[01/01/09 01:33:12.705] send: [7b: 32 71 21 00 00 00 00]
[01/01/09 01:33:12.710] 	recv: [3b: 32 71 21]
[01/01/09 01:33:12.725] send: [3b: 31 72 01]
[01/01/09 01:33:12.731] 	recv: [4b: 31 72 01 85]
[01/01/09 01:33:12.745] send: [3b: 31 72 01]
[01/01/09 01:33:12.751] 	recv: [4b: 31 72 01 85]
[01/01/09 01:33:12.764] send: [3b: 32 72 21]
[01/01/09 01:33:12.771] 	recv: [7b: 32 72 21 00 00 00 00]
[01/01/09 01:33:12.784] send: [3b: 31 72 01]
[01/01/09 01:33:12.791] 	recv: [4b: 31 72 01 85]
[01/01/09 01:33:12.805] send: [3b: 31 72 01]
[01/01/09 01:33:12.811] 	recv: [4b: 31 72 01 85]
[01/01/09 01:33:12.825] send: [3b: 31 72 01]
[01/01/09 01:33:12.831] 	recv: [4b: 31 72 01 85]
[01/01/09 01:33:12.844] send: [5b: 32 71 13 00 14]
[01/01/09 01:33:12.851] 	recv: [3b: 32 71 13]
[01/01/09 01:33:12.864] send: [3b: 31 72 01]
[01/01/09 01:33:12.870] 	recv: [4b: 31 72 01 85]
[01/01/09 01:33:12.884] send: [3b: 31 72 01]
[01/01/09 01:33:12.891] 	recv: [4b: 31 72 01 85]
[01/01/09 01:33:12.903] send: [6b: 32 43 FF FF FF FF]
[01/01/09 01:33:12.910] 	recv: [2b: 32 43]
[01/01/09 01:33:12.924] send: [3b: 31 72 01]
[01/01/09 01:33:12.930] 	recv: [4b: 31 72 01 85]
[01/01/09 01:33:12.944] send: [3b: 31 72 01]
[01/01/09 01:33:12.950] 	recv: [4b: 31 72 01 85]
[01/01/09 01:33:12.964] send: [3b: 32 72 21]
[01/01/09 01:33:12.970] 	recv: [7b: 32 72 21 FF FF FF FF]
[01/01/09 01:33:12.984] send: [3b: 31 72 01]
[01/01/09 01:33:12.990] 	recv: [4b: 31 72 01 85]
[01/01/09 01:33:13.004] send: [3b: 31 72 01]
[01/01/09 01:33:13.011] 	recv: [4b: 31 72 01 85]
[01/01/09 01:33:13.024] send: [3b: 31 72 01]
[01/01/09 01:33:13.030] 	recv: [4b: 31 72 01 85]
[01/01/09 01:33:13.044] send: [5b: 32 71 13 00 14]
[01/01/09 01:33:13.050] 	recv: [3b: 32 71 13]
[01/01/09 01:33:13.065] send: [3b: 31 72 01]
[01/01/09 01:33:13.072] 	recv: [4b: 31 72 01 85]
[01/01/09 01:33:13.083] send: [3b: 31 72 01]
[01/01/09 01:33:13.090] 	recv: [4b: 31 72 01 85]
[01/01/09 01:33:13.103] send: [6b: 32 43 FF FF FF FD]
[01/01/09 01:33:13.110] 	recv: [2b: 32 43]
[01/01/09 01:33:13.124] send: [3b: 31 72 01]
[01/01/09 01:33:13.130] 	recv: [4b: 31 72 01 00]
[01/01/09 01:33:13.144] send: [3b: 32 72 21]
[01/01/09 01:33:13.151] 	recv: [7b: 32 72 21 FF FF FF FF]
[01/01/09 01:33:13.165] send: [5b: 31 71 13 13 88]
[01/01/09 01:33:13.172] 	recv: [3b: 31 71 13]
[01/01/09 01:33:13.174] send: [5b: 32 71 13 00 14]
[01/01/09 01:33:13.180] 	recv: [3b: 32 71 13]
[01/01/09 01:33:13.194] send: [7b: 31 71 21 00 00 00 00]
[01/01/09 01:33:13.201] 	recv: [3b: 31 71 21]
[01/01/09 01:33:13.214] send: [6b: 32 43 FF FF FF FB]
[01/01/09 01:33:13.220] 	recv: [2b: 32 43]
[01/01/09 01:33:13.234] send: [3b: 31 72 21]
[01/01/09 01:33:13.241] 	recv: [7b: 31 72 21 00 00 00 00]
[01/01/09 01:33:13.254] send: [3b: 32 72 21]
[01/01/09 01:33:13.261] 	recv: [7b: 32 72 21 FF FF FF FD]
[01/01/09 01:33:13.273] send: [5b: 31 71 13 01 F4]
[01/01/09 01:33:13.278] 	recv: [3b: 31 71 13]
[01/01/09 01:33:13.294] send: [5b: 32 71 13 00 14]
[01/01/09 01:33:13.300] 	recv: [3b: 32 71 13]
[01/01/09 01:33:13.313] send: [6b: 31 43 FF FF FF 54]
[01/01/09 01:33:13.319] 	recv: [2b: 31 43]
[01/01/09 01:33:13.334] send: [6b: 32 43 FF FF FF FA]
[01/01/09 01:33:13.340] 	recv: [2b: 32 43]
[01/01/09 01:33:13.355] send: [3b: 31 72 21]
[01/01/09 01:33:13.362] 	recv: [7b: 31 72 21 FF FF FF ED]
[01/01/09 01:33:13.375] send: [3b: 32 72 21]
[01/01/09 01:33:13.380] 	recv: [7b: 32 72 21 FF FF FF FB]
[01/01/09 01:33:13.395] send: [5b: 31 71 13 01 40]
[01/01/09 01:33:13.401] 	recv: [3b: 31 71 13]
[01/01/09 01:33:13.414] send: [5b: 32 71 13 00 14]
[01/01/09 01:33:13.420] 	recv: [3b: 32 71 13]
[01/01/09 01:33:13.435] send: [6b: 31 43 FF FF FF 7D]
[01/01/09 01:33:13.441] 	recv: [2b: 31 43]
[01/01/09 01:33:13.454] send: [6b: 32 43 FF FF FF F8]
[01/01/09 01:33:13.460] 	recv: [2b: 32 43]
[01/01/09 01:33:13.476] send: [3b: 31 72 21]
[01/01/09 01:33:13.481] 	recv: [7b: 31 72 21 FF FF FF BF]
[01/01/09 01:33:13.493] send: [3b: 32 72 21]
[01/01/09 01:33:13.499] 	recv: [7b: 32 72 21 FF FF FF FA]
[01/01/09 01:33:13.517] send: [5b: 31 71 13 00 C8]
[01/01/09 01:33:13.522] 	recv: [3b: 31 71 13]
[01/01/09 01:33:13.533] send: [5b: 32 71 13 00 14]
[01/01/09 01:33:13.539] 	recv: [3b: 32 71 13]
[01/01/09 01:33:13.554] send: [6b: 31 43 FF FF FF A3]
[01/01/09 01:33:13.559] 	recv: [2b: 31 43]
[01/01/09 01:33:13.573] send: [6b: 32 43 FF FF FF F6]
[01/01/09 01:33:13.579] 	recv: [2b: 32 43]
[01/01/09 01:33:13.594] send: [3b: 31 72 21]
[01/01/09 01:33:13.600] 	recv: [7b: 31 72 21 FF FF FF A3]
[01/01/09 01:33:13.613] send: [3b: 32 72 21]
[01/01/09 01:33:13.619] 	recv: [7b: 32 72 21 FF FF FF F8]
[01/01/09 01:33:13.634] send: [5b: 31 71 13 00 C8]
[01/01/09 01:33:13.639] 	recv: [3b: 31 71 13]
[01/01/09 01:33:13.654] send: [5b: 32 71 13 00 14]
[01/01/09 01:33:13.660] 	recv: [3b: 32 71 13]
[01/01/09 01:33:13.675] send: [6b: 31 43 FF FF FF C7]
[01/01/09 01:33:13.681] 	recv: [2b: 31 43]
[01/01/09 01:33:13.694] send: [6b: 32 43 FF FF FF F4]
[01/01/09 01:33:13.699] 	recv: [2b: 32 43]
[01/01/09 01:33:13.714] send: [3b: 31 72 21]
[01/01/09 01:33:13.720] 	recv: [7b: 31 72 21 FF FF FF AA]
[01/01/09 01:33:13.735] send: [3b: 32 72 21]
[01/01/09 01:33:13.741] 	recv: [7b: 32 72 21 FF FF FF F6]
[01/01/09 01:33:13.753] send: [5b: 31 71 13 00 C8]
[01/01/09 01:33:13.759] 	recv: [3b: 31 71 13]
[01/01/09 01:33:13.773] send: [5b: 32 71 13 00 14]
[01/01/09 01:33:13.779] 	recv: [3b: 32 71 13]
[01/01/09 01:33:13.794] send: [6b: 31 43 FF FF FF EB]
[01/01/09 01:33:13.800] 	recv: [2b: 31 43]
[01/01/09 01:33:13.813] send: [6b: 32 43 FF FF FF F2]
[01/01/09 01:33:13.819] 	recv: [2b: 32 43]
[01/01/09 01:33:13.834] send: [3b: 31 72 21]
[01/01/09 01:33:13.841] 	recv: [7b: 31 72 21 FF FF FF C2]
[01/01/09 01:33:13.855] send: [3b: 32 72 21]
[01/01/09 01:33:13.861] 	recv: [7b: 32 72 21 FF FF FF F4]
[01/01/09 01:33:13.874] send: [5b: 31 71 13 00 DC]
[01/01/09 01:33:13.881] 	recv: [3b: 31 71 13]
[01/01/09 01:33:13.894] send: [5b: 32 71 13 00 14]
[01/01/09 01:33:13.900] 	recv: [3b: 32 71 13]
[01/01/09 01:33:13.914] send: [6b: 31 43 00 00 00 0F]
[01/01/09 01:33:13.920] 	recv: [2b: 31 43]
[01/01/09 01:33:13.934] send: [6b: 32 43 FF FF FF EF]
[01/01/09 01:33:13.939] 	recv: [2b: 32 43]
[01/01/09 01:33:13.954] send: [3b: 31 72 21]
[01/01/09 01:33:13.960] 	recv: [7b: 31 72 21 FF FF FF DC]
[01/01/09 01:33:13.976] send: [3b: 32 72 21]
[01/01/09 01:33:13.983] 	recv: [7b: 32 72 21 FF FF FF F2]
[01/01/09 01:33:13.994] send: [5b: 31 71 13 01 04]
[01/01/09 01:33:13.999] 	recv: [3b: 31 71 13]
[01/01/09 01:33:14.007] send: [5b: 32 71 13 00 14]
[01/01/09 01:33:14.013] 	recv: [3b: 32 71 13]
[01/01/09 01:33:14.023] send: [6b: 31 43 00 00 00 36]
[01/01/09 01:33:14.031] 	recv: [2b: 31 43]
[01/01/09 01:33:14.048] send: [6b: 32 43 FF FF FF ED]
[01/01/09 01:33:14.055] 	recv: [2b: 32 43]
[01/01/09 01:33:14.067] send: [3b: 31 72 21]
[01/01/09 01:33:14.077] 	recv: [7b: 31 72 21 FF FF FF F8]
[01/01/09 01:33:14.094] send: [3b: 32 72 21]
[01/01/09 01:33:14.101] 	recv: [7b: 32 72 21 FF FF FF EF]
[01/01/09 01:33:14.117] send: [5b: 31 71 13 01 68]
[01/01/09 01:33:14.123] 	recv: [3b: 31 71 13]
[01/01/09 01:33:14.124] send: [5b: 32 71 13 00 14]
[01/01/09 01:33:14.130] 	recv: [3b: 32 71 13]
[01/01/09 01:33:14.144] send: [6b: 31 43 00 00 00 57]
[01/01/09 01:33:14.150] 	recv: [2b: 31 43]
[01/01/09 01:33:14.158] send: [6b: 32 43 FF FF FF EA]
[01/01/09 01:33:14.166] send: [3b: 31 72 21]
[01/01/09 01:33:14.167] 	recv: [2b: 32 43]
[01/01/09 01:33:14.173] 	recv: [7b: 31 72 21 00 00 00 16]
[01/01/09 01:33:14.175] send: [5b: 32 71 13 00 14]
[01/01/09 01:33:14.180] 	recv: [3b: 32 71 13]
[01/01/09 01:33:14.194] send: [5b: 31 71 13 01 18]
[01/01/09 01:33:14.200] 	recv: [3b: 31 71 13]
[01/01/09 01:33:14.214] send: [6b: 32 43 FF FF FF E9]
[01/01/09 01:33:14.220] 	recv: [2b: 32 43]
[01/01/09 01:33:14.234] send: [6b: 31 43 00 00 00 75]
[01/01/09 01:33:14.240] 	recv: [2b: 31 43]
[01/01/09 01:33:14.253] send: [3b: 32 72 21]
[01/01/09 01:33:14.259] 	recv: [7b: 32 72 21 FF FF FF EC]
[01/01/09 01:33:14.274] send: [3b: 31 72 21]
[01/01/09 01:33:14.279] 	recv: [7b: 31 72 21 00 00 00 36]
[01/01/09 01:33:14.281] send: [5b: 32 71 13 00 14]
[01/01/09 01:33:14.287] 	recv: [3b: 32 71 13]
[01/01/09 01:33:14.304] send: [5b: 31 71 13 01 2C]
[01/01/09 01:33:14.311] 	recv: [3b: 31 71 13]
[01/01/09 01:33:14.325] send: [6b: 32 43 FF FF FF E7]
[01/01/09 01:33:14.332] 	recv: [2b: 32 43]
[01/01/09 01:33:14.345] send: [6b: 31 43 00 00 00 9C]
[01/01/09 01:33:14.352] 	recv: [2b: 31 43]
[01/01/09 01:33:14.363] send: [3b: 32 72 21]
[01/01/09 01:33:14.370] 	recv: [7b: 32 72 21 FF FF FF EA]
[01/01/09 01:33:14.385] send: [3b: 31 72 21]
[01/01/09 01:33:14.393] 	recv: [7b: 31 72 21 00 00 00 57]
[01/01/09 01:33:14.405] send: [5b: 32 71 13 00 14]
[01/01/09 01:33:14.411] 	recv: [3b: 32 71 13]
[01/01/09 01:33:14.425] send: [5b: 31 71 13 01 40]
[01/01/09 01:33:14.433] 	recv: [3b: 31 71 13]
[01/01/09 01:33:14.446] send: [6b: 32 43 FF FF FF E4]
[01/01/09 01:33:14.452] 	recv: [2b: 32 43]
[01/01/09 01:33:14.464] send: [6b: 31 43 00 00 00 C4]
[01/01/09 01:33:14.471] 	recv: [2b: 31 43]
[01/01/09 01:33:14.485] send: [3b: 32 72 21]
[01/01/09 01:33:14.492] 	recv: [7b: 32 72 21 FF FF FF E7]
[01/01/09 01:33:14.505] send: [3b: 31 72 21]
[01/01/09 01:33:14.511] 	recv: [7b: 31 72 21 00 00 00 7D]
[01/01/09 01:33:14.525] send: [5b: 32 71 13 00 14]
[01/01/09 01:33:14.532] 	recv: [3b: 32 71 13]
[01/01/09 01:33:14.545] send: [5b: 31 71 13 01 40]
[01/01/09 01:33:14.551] 	recv: [3b: 31 71 13]
[01/01/09 01:33:14.566] send: [6b: 32 43 FF FF FF E1]
[01/01/09 01:33:14.573] 	recv: [2b: 32 43]
[01/01/09 01:33:14.584] send: [6b: 31 43 00 00 00 EC]
[01/01/09 01:33:14.591] 	recv: [2b: 31 43]
[01/01/09 01:33:14.607] send: [3b: 32 72 21]
[01/01/09 01:33:14.615] 	recv: [7b: 32 72 21 FF FF FF E5]
[01/01/09 01:33:14.626] send: [3b: 31 72 21]
[01/01/09 01:33:14.636] 	recv: [7b: 31 72 21 00 00 00 A4]
[01/01/09 01:33:14.647] send: [5b: 32 71 13 00 14]
[01/01/09 01:33:14.654] 	recv: [3b: 32 71 13]
[01/01/09 01:33:14.667] send: [5b: 31 71 13 01 A4]
[01/01/09 01:33:14.673] 	recv: [3b: 31 71 13]
[01/01/09 01:33:14.684] send: [6b: 32 43 FF FF FF DF]
[01/01/09 01:33:14.690] 	recv: [2b: 32 43]
[01/01/09 01:33:14.705] send: [6b: 31 43 00 00 01 0F]
[01/01/09 01:33:14.712] 	recv: [2b: 31 43]
[01/01/09 01:33:14.724] send: [3b: 32 72 21]
[01/01/09 01:33:14.731] 	recv: [7b: 32 72 21 FF FF FF E3]
[01/01/09 01:33:14.744] send: [3b: 31 72 21]
[01/01/09 01:33:14.751] 	recv: [7b: 31 72 21 00 00 00 D1]
[01/01/09 01:33:14.752] send: [5b: 32 71 13 00 14]
[01/01/09 01:33:14.758] 	recv: [3b: 32 71 13]
[01/01/09 01:33:14.765] send: [5b: 31 71 13 01 40]
[01/01/09 01:33:14.771] 	recv: [3b: 31 71 13]
[01/01/09 01:33:14.784] send: [6b: 32 43 FF FF FF DC]
[01/01/09 01:33:14.789] 	recv: [2b: 32 43]
[01/01/09 01:33:14.805] send: [6b: 31 43 00 00 01 3C]
[01/01/09 01:33:14.812] 	recv: [2b: 31 43]
[01/01/09 01:33:14.824] send: [3b: 32 72 21]
[01/01/09 01:33:14.830] 	recv: [7b: 32 72 21 FF FF FF E1]
[01/01/09 01:33:14.844] send: [3b: 31 72 21]
[01/01/09 01:33:14.851] 	recv: [7b: 31 72 21 00 00 00 F3]
[01/01/09 01:33:14.864] send: [5b: 32 71 13 00 14]
[01/01/09 01:33:14.871] 	recv: [3b: 32 71 13]
[01/01/09 01:33:14.883] send: [5b: 31 71 13 01 54]
[01/01/09 01:33:14.890] 	recv: [3b: 31 71 13]
[01/01/09 01:33:14.903] send: [6b: 32 43 FF FF FF DA]
[01/01/09 01:33:14.910] 	recv: [2b: 32 43]
[01/01/09 01:33:14.924] send: [6b: 31 43 00 00 01 65]
[01/01/09 01:33:14.931] 	recv: [2b: 31 43]
[01/01/09 01:33:14.944] send: [3b: 32 72 21]
[01/01/09 01:33:14.950] 	recv: [7b: 32 72 21 FF FF FF DE]
[01/01/09 01:33:14.965] send: [3b: 31 72 21]
[01/01/09 01:33:14.971] 	recv: [7b: 31 72 21 00 00 01 1B]
[01/01/09 01:33:14.987] send: [5b: 32 71 13 00 14]
[01/01/09 01:33:14.993] 	recv: [3b: 32 71 13]
[01/01/09 01:33:15.004] send: [5b: 31 71 13 01 54]
[01/01/09 01:33:15.010] 	recv: [3b: 31 71 13]
[01/01/09 01:33:15.025] send: [6b: 32 43 FF FF FF D8]
[01/01/09 01:33:15.031] 	recv: [2b: 32 43]
[01/01/09 01:33:15.045] send: [6b: 31 43 00 00 01 91]
[01/01/09 01:33:15.051] 	recv: [2b: 31 43]
[01/01/09 01:33:15.063] send: [3b: 32 72 21]
[01/01/09 01:33:15.069] 	recv: [7b: 32 72 21 FF FF FF DC]
[01/01/09 01:33:15.085] send: [3b: 31 72 21]
[01/01/09 01:33:15.091] 	recv: [7b: 31 72 21 00 00 01 44]
[01/01/09 01:33:15.105] send: [5b: 32 71 13 00 14]
[01/01/09 01:33:15.111] 	recv: [3b: 32 71 13]
[01/01/09 01:33:15.123] send: [5b: 31 71 13 01 68]
[01/01/09 01:33:15.130] 	recv: [3b: 31 71 13]
[01/01/09 01:33:15.138] send: [6b: 32 43 FF FF FF D5]
[01/01/09 01:33:15.144] 	recv: [2b: 32 43]
[01/01/09 01:33:15.157] send: [6b: 31 43 00 00 01 BE]
[01/01/09 01:33:15.164] 	recv: [2b: 31 43]
[01/01/09 01:33:15.174] send: [3b: 32 72 21]
[01/01/09 01:33:15.181] 	recv: [7b: 32 72 21 FF FF FF DA]
[01/01/09 01:33:15.195] send: [3b: 31 72 21]
[01/01/09 01:33:15.202] 	recv: [7b: 31 72 21 00 00 01 6B]
[01/01/09 01:33:15.215] send: [5b: 32 71 13 00 14]
[01/01/09 01:33:15.222] 	recv: [3b: 32 71 13]
[01/01/09 01:33:15.235] send: [5b: 31 71 13 01 68]
[01/01/09 01:33:15.241] 	recv: [3b: 31 71 13]
[01/01/09 01:33:15.253] send: [6b: 32 43 FF FF FF D2]
[01/01/09 01:33:15.258] 	recv: [2b: 32 43]
[01/01/09 01:33:15.275] send: [6b: 31 43 00 00 01 E6]
[01/01/09 01:33:15.283] 	recv: [2b: 31 43]
[01/01/09 01:33:15.296] send: [3b: 32 72 21]
[01/01/09 01:33:15.305] 	recv: [7b: 32 72 21 FF FF FF D7]
[01/01/09 01:33:15.316] send: [3b: 31 72 21]
[01/01/09 01:33:15.323] 	recv: [7b: 31 72 21 00 00 01 96]
[01/01/09 01:33:15.335] send: [5b: 32 71 13 00 14]
[01/01/09 01:33:15.341] 	recv: [3b: 32 71 13]
[01/01/09 01:33:15.343] send: [5b: 31 71 13 01 54]
[01/01/09 01:33:15.348] 	recv: [3b: 31 71 13]
[01/01/09 01:33:15.364] send: [6b: 32 43 FF FF FF D0]
[01/01/09 01:33:15.371] 	recv: [2b: 32 43]
[01/01/09 01:33:15.384] send: [6b: 31 43 00 00 02 0A]
[01/01/09 01:33:15.391] 	recv: [2b: 31 43]
[01/01/09 01:33:15.404] send: [3b: 32 72 21]
[01/01/09 01:33:15.411] 	recv: [7b: 32 72 21 FF FF FF D5]
[01/01/09 01:33:15.424] send: [3b: 31 72 21]
[01/01/09 01:33:15.431] 	recv: [7b: 31 72 21 00 00 01 BC]
[01/01/09 01:33:15.443] send: [5b: 32 71 13 00 14]
[01/01/09 01:33:15.451] 	recv: [3b: 32 71 13]
[01/01/09 01:33:15.464] send: [5b: 31 71 13 01 2C]
[01/01/09 01:33:15.471] 	recv: [3b: 31 71 13]
[01/01/09 01:33:15.484] send: [6b: 32 43 FF FF FF CE]
[01/01/09 01:33:15.491] 	recv: [2b: 32 43]
[01/01/09 01:33:15.504] send: [6b: 31 43 00 00 02 22]
[01/01/09 01:33:15.511] 	recv: [2b: 31 43]
[01/01/09 01:33:15.525] send: [3b: 32 72 21]
[01/01/09 01:33:15.532] 	recv: [7b: 32 72 21 FF FF FF D3]
[01/01/09 01:33:15.544] send: [3b: 31 72 21]
[01/01/09 01:33:15.551] 	recv: [7b: 31 72 21 00 00 01 E1]
[01/01/09 01:33:15.564] send: [5b: 32 71 13 00 14]
[01/01/09 01:33:15.571] 	recv: [3b: 32 71 13]
[01/01/09 01:33:15.585] send: [5b: 31 71 13 00 DC]
[01/01/09 01:33:15.593] 	recv: [3b: 31 71 13]
[01/01/09 01:33:15.606] send: [6b: 32 43 FF FF FF CC]
[01/01/09 01:33:15.617] send: [3b: 32 72 21]
[01/01/09 01:33:15.617] 	recv: [2b: 32 43]
[01/01/09 01:33:15.623] 	recv: [7b: 32 72 21 FF FF FF D1]
[01/01/09 01:33:15.634] send: [3b: 31 72 21]
[01/01/09 01:33:15.641] 	recv: [7b: 31 72 21 00 00 01 F9]
[01/01/09 01:33:15.655] send: [5b: 32 71 13 00 14]
[01/01/09 01:33:15.661] 	recv: [3b: 32 71 13]
[01/01/09 01:33:15.674] send: [5b: 31 71 13 00 C8]
[01/01/09 01:33:15.680] 	recv: [3b: 31 71 13]
[01/01/09 01:33:15.695] send: [6b: 32 43 FF FF FF CA]
[01/01/09 01:33:15.702] 	recv: [2b: 32 43]
[01/01/09 01:33:15.713] send: [6b: 31 43 00 00 02 24]
[01/01/09 01:33:15.720] 	recv: [2b: 31 43]
[01/01/09 01:33:15.734] send: [3b: 32 72 21]
[01/01/09 01:33:15.740] 	recv: [7b: 32 72 21 FF FF FF CF]
[01/01/09 01:33:15.753] send: [3b: 31 72 21]
[01/01/09 01:33:15.760] 	recv: [7b: 31 72 21 00 00 02 11]
[01/01/09 01:33:15.775] send: [5b: 32 71 13 00 14]
[01/01/09 01:33:15.780] 	recv: [3b: 32 71 13]
[01/01/09 01:33:15.794] send: [5b: 31 71 13 00 C8]
[01/01/09 01:33:15.799] 	recv: [3b: 31 71 13]
[01/01/09 01:33:15.816] send: [6b: 32 43 FF FF FF C6]
[01/01/09 01:33:15.822] 	recv: [2b: 32 43]
[01/01/09 01:33:15.833] send: [6b: 31 43 00 00 02 09]
[01/01/09 01:33:15.840] 	recv: [2b: 31 43]
[01/01/09 01:33:15.854] send: [3b: 32 72 21]
[01/01/09 01:33:15.860] 	recv: [7b: 32 72 21 FF FF FF CC]
[01/01/09 01:33:15.874] send: [3b: 31 72 21]
[01/01/09 01:33:15.880] 	recv: [7b: 31 72 21 00 00 02 1A]
[01/01/09 01:33:15.894] send: [5b: 32 71 13 00 14]
[01/01/09 01:33:15.900] 	recv: [3b: 32 71 13]
[01/01/09 01:33:15.914] send: [5b: 31 71 13 00 C8]
[01/01/09 01:33:15.920] 	recv: [3b: 31 71 13]
[01/01/09 01:33:15.934] send: [6b: 32 43 FF FF FF C0]
[01/01/09 01:33:15.940] 	recv: [2b: 32 43]
[01/01/09 01:33:15.955] send: [6b: 31 43 00 00 01 DD]
[01/01/09 01:33:15.961] 	recv: [2b: 31 43]
[01/01/09 01:33:15.975] send: [3b: 32 72 21]
[01/01/09 01:33:15.981] 	recv: [7b: 32 72 21 FF FF FF CA]
[01/01/09 01:33:15.993] send: [3b: 31 72 21]
[01/01/09 01:33:16.000] 	recv: [7b: 31 72 21 00 00 02 02]
[01/01/09 01:33:16.014] send: [5b: 32 71 13 00 1E]
[01/01/09 01:33:16.020] 	recv: [3b: 32 71 13]
[01/01/09 01:33:16.034] send: [5b: 31 71 13 01 18]
[01/01/09 01:33:16.040] 	recv: [3b: 31 71 13]
[01/01/09 01:33:16.054] send: [6b: 32 43 FF FF FF B9]
[01/01/09 01:33:16.059] 	recv: [2b: 32 43]
[01/01/09 01:33:16.074] send: [6b: 31 43 00 00 01 A2]
[01/01/09 01:33:16.080] 	recv: [2b: 31 43]
[01/01/09 01:33:16.093] send: [3b: 32 72 21]
[01/01/09 01:33:16.099] 	recv: [7b: 32 72 21 FF FF FF C7]
[01/01/09 01:33:16.113] send: [3b: 31 72 21]
[01/01/09 01:33:16.120] 	recv: [7b: 31 72 21 00 00 01 E4]
[01/01/09 01:33:16.133] send: [5b: 32 71 13 00 28]
[01/01/09 01:33:16.139] 	recv: [3b: 32 71 13]
[01/01/09 01:33:16.153] send: [5b: 31 71 13 01 90]
[01/01/09 01:33:16.159] 	recv: [3b: 31 71 13]
[01/01/09 01:33:16.174] send: [6b: 32 43 FF FF FF B1]
[01/01/09 01:33:16.181] 	recv: [2b: 32 43]
[01/01/09 01:33:16.193] send: [6b: 31 43 00 00 01 5B]
[01/01/09 01:33:16.200] 	recv: [2b: 31 43]
[01/01/09 01:33:16.213] send: [3b: 32 72 21]
[01/01/09 01:33:16.220] 	recv: [7b: 32 72 21 FF FF FF C3]
[01/01/09 01:33:16.233] send: [3b: 31 72 21]
[01/01/09 01:33:16.240] 	recv: [7b: 31 72 21 00 00 01 B8]
[01/01/09 01:33:16.254] send: [5b: 32 71 13 00 32]
[01/01/09 01:33:16.259] 	recv: [3b: 32 71 13]
[01/01/09 01:33:16.274] send: [5b: 31 71 13 02 08]
[01/01/09 01:33:16.279] 	recv: [3b: 31 71 13]
[01/01/09 01:33:16.295] send: [6b: 32 43 FF FF FF A9]
[01/01/09 01:33:16.300] 	recv: [2b: 32 43]
[01/01/09 01:33:16.315] send: [6b: 31 43 00 00 01 09]
[01/01/09 01:33:16.321] 	recv: [2b: 31 43]
[01/01/09 01:33:16.335] send: [3b: 32 72 21]
[01/01/09 01:33:16.341] 	recv: [7b: 32 72 21 FF FF FF BD]
[01/01/09 01:33:16.353] send: [3b: 31 72 21]
[01/01/09 01:33:16.359] 	recv: [7b: 31 72 21 00 00 01 7F]
[01/01/09 01:33:16.374] send: [5b: 32 71 13 00 32]
[01/01/09 01:33:16.379] 	recv: [3b: 32 71 13]
[01/01/09 01:33:16.394] send: [5b: 31 71 13 02 58]
[01/01/09 01:33:16.399] 	recv: [3b: 31 71 13]
[01/01/09 01:33:16.415] send: [6b: 32 43 FF FF FF A2]
[01/01/09 01:33:16.420] 	recv: [2b: 32 43]
[01/01/09 01:33:16.434] send: [6b: 31 43 00 00 00 B1]
[01/01/09 01:33:16.441] 	recv: [2b: 31 43]
[01/01/09 01:33:16.453] send: [3b: 32 72 21]
[01/01/09 01:33:16.459] 	recv: [7b: 32 72 21 FF FF FF B7]
[01/01/09 01:33:16.474] send: [3b: 31 72 21]
[01/01/09 01:33:16.480] 	recv: [7b: 31 72 21 00 00 01 3A]
[01/01/09 01:33:16.493] send: [5b: 32 71 13 00 32]
[01/01/09 01:33:16.499] 	recv: [3b: 32 71 13]
[01/01/09 01:33:16.514] send: [5b: 31 71 13 02 A8]
[01/01/09 01:33:16.520] 	recv: [3b: 31 71 13]
[01/01/09 01:33:16.534] send: [6b: 32 43 FF FF FF 9B]
[01/01/09 01:33:16.540] 	recv: [2b: 32 43]
[01/01/09 01:33:16.555] send: [6b: 31 43 00 00 00 55]
[01/01/09 01:33:16.561] 	recv: [2b: 31 43]
[01/01/09 01:33:16.574] send: [3b: 32 72 21]
[01/01/09 01:33:16.581] 	recv: [7b: 32 72 21 FF FF FF B1]
[01/01/09 01:33:16.594] send: [3b: 31 72 21]
[01/01/09 01:33:16.600] 	recv: [7b: 31 72 21 00 00 00 EC]
[01/01/09 01:33:16.614] send: [5b: 32 71 13 00 32]
[01/01/09 01:33:16.620] 	recv: [3b: 32 71 13]
[01/01/09 01:33:16.633] send: [5b: 31 71 13 02 D0]
[01/01/09 01:33:16.639] 	recv: [3b: 31 71 13]
[01/01/09 01:33:16.654] send: [6b: 32 43 FF FF FF 97]
[01/01/09 01:33:16.659] 	recv: [2b: 32 43]
[01/01/09 01:33:16.674] send: [6b: 31 43 FF FF FF FA]
[01/01/09 01:33:16.680] 	recv: [2b: 31 43]
[01/01/09 01:33:16.694] send: [3b: 32 72 21]
[01/01/09 01:33:16.700] 	recv: [7b: 32 72 21 FF FF FF AB]
[01/01/09 01:33:16.713] send: [3b: 31 72 21]
[01/01/09 01:33:16.720] 	recv: [7b: 31 72 21 00 00 00 98]
[01/01/09 01:33:16.734] send: [5b: 32 71 13 00 28]
[01/01/09 01:33:16.740] 	recv: [3b: 32 71 13]
[01/01/09 01:33:16.757] send: [5b: 31 71 13 02 BC]
[01/01/09 01:33:16.763] 	recv: [3b: 31 71 13]
[01/01/09 01:33:16.774] send: [6b: 32 43 FF FF FF 95]
[01/01/09 01:33:16.780] 	recv: [2b: 32 43]
[01/01/09 01:33:16.795] send: [6b: 31 43 FF FF FF AC]
[01/01/09 01:33:16.801] 	recv: [2b: 31 43]
[01/01/09 01:33:16.815] send: [3b: 32 72 21]
[01/01/09 01:33:16.821] 	recv: [7b: 32 72 21 FF FF FF A6]
[01/01/09 01:33:16.834] send: [3b: 31 72 21]
[01/01/09 01:33:16.841] 	recv: [7b: 31 72 21 00 00 00 42]
[01/01/09 01:33:16.854] send: [5b: 32 71 13 00 1E]
[01/01/09 01:33:16.860] 	recv: [3b: 32 71 13]
[01/01/09 01:33:16.875] send: [5b: 31 71 13 02 94]
[01/01/09 01:33:16.881] 	recv: [3b: 31 71 13]
[01/01/09 01:33:16.895] send: [3b: 32 72 21]
[01/01/09 01:33:16.902] 	recv: [7b: 32 72 21 FF FF FF A3]
[01/01/09 01:33:16.913] send: [6b: 31 43 FF FF FF 63]
[01/01/09 01:33:16.919] 	recv: [2b: 31 43]
[01/01/09 01:33:16.934] send: [5b: 32 71 13 00 14]
[01/01/09 01:33:16.940] 	recv: [3b: 32 71 13]
[01/01/09 01:33:16.953] send: [3b: 31 72 21]
[01/01/09 01:33:16.960] 	recv: [7b: 31 72 21 FF FF FF F2]
[01/01/09 01:33:16.974] send: [6b: 32 43 FF FF FF 97]
[01/01/09 01:33:16.980] 	recv: [2b: 32 43]
[01/01/09 01:33:16.994] send: [5b: 31 71 13 02 6C]
[01/01/09 01:33:17.000] 	recv: [3b: 31 71 13]
[01/01/09 01:33:17.015] send: [3b: 32 72 21]
[01/01/09 01:33:17.020] 	recv: [7b: 32 72 21 FF FF FF 9F]
[01/01/09 01:33:17.035] send: [6b: 31 43 FF FF FF 23]
[01/01/09 01:33:17.042] 	recv: [2b: 31 43]
[01/01/09 01:33:17.055] send: [5b: 32 71 13 00 14]
[01/01/09 01:33:17.060] 	recv: [3b: 32 71 13]
[01/01/09 01:33:17.074] send: [3b: 31 72 21]
[01/01/09 01:33:17.081] 	recv: [7b: 31 72 21 FF FF FF A5]
[01/01/09 01:33:17.096] send: [6b: 32 43 FF FF FF 9B]
[01/01/09 01:33:17.102] 	recv: [2b: 32 43]
[01/01/09 01:33:17.115] send: [5b: 31 71 13 02 1C]
[01/01/09 01:33:17.120] 	recv: [3b: 31 71 13]
[01/01/09 01:33:17.136] send: [3b: 32 72 21]
[01/01/09 01:33:17.143] 	recv: [7b: 32 72 21 FF FF FF 9D]
[01/01/09 01:33:17.156] send: [6b: 31 43 FF FF FE EE]
[01/01/09 01:33:17.163] 	recv: [2b: 31 43]
[01/01/09 01:33:17.176] send: [5b: 32 71 13 00 14]
[01/01/09 01:33:17.183] 	recv: [3b: 32 71 13]
[01/01/09 01:33:17.197] send: [3b: 31 72 21]
[01/01/09 01:33:17.206] 	recv: [7b: 31 72 21 FF FF FF 5F]
[01/01/09 01:33:17.213] send: [6b: 32 43 FF FF FF A0]
[01/01/09 01:33:17.220] 	recv: [2b: 32 43]
[01/01/09 01:33:17.234] send: [5b: 31 71 13 02 94]
[01/01/09 01:33:17.241] 	recv: [3b: 31 71 13]
[01/01/09 01:33:17.254] send: [3b: 32 72 21]
[01/01/09 01:33:17.260] 	recv: [7b: 32 72 21 FF FF FF 9B]
[01/01/09 01:33:17.274] send: [6b: 31 43 FF FF FE C8]
[01/01/09 01:33:17.280] 	recv: [2b: 31 43]
[01/01/09 01:33:17.282] send: [5b: 32 71 13 00 14]
[01/01/09 01:33:17.287] 	recv: [3b: 32 71 13]
[01/01/09 01:33:17.304] send: [3b: 31 72 21]
[01/01/09 01:33:17.310] 	recv: [7b: 31 72 21 FF FF FF 1E]
[01/01/09 01:33:17.325] send: [6b: 32 43 FF FF FF A6]
[01/01/09 01:33:17.332] 	recv: [2b: 32 43]
[01/01/09 01:33:17.344] send: [5b: 31 71 13 01 40]
[01/01/09 01:33:17.350] 	recv: [3b: 31 71 13]
[01/01/09 01:33:17.364] send: [3b: 32 72 21]
[01/01/09 01:33:17.371] 	recv: [7b: 32 72 21 FF FF FF 9E]
[01/01/09 01:33:17.383] send: [6b: 31 43 FF FF FE AD]
[01/01/09 01:33:17.389] 	recv: [2b: 31 43]
[01/01/09 01:33:17.404] send: [5b: 32 71 13 00 14]
[01/01/09 01:33:17.411] 	recv: [3b: 32 71 13]
[01/01/09 01:33:17.424] send: [3b: 31 72 21]
[01/01/09 01:33:17.430] 	recv: [7b: 31 72 21 FF FF FE E9]
[01/01/09 01:33:17.445] send: [6b: 32 43 FF FF FF AD]
[01/01/09 01:33:17.453] 	recv: [2b: 32 43]
[01/01/09 01:33:17.465] send: [5b: 31 71 13 00 C8]
[01/01/09 01:33:17.472] 	recv: [3b: 31 71 13]
[01/01/09 01:33:17.484] send: [3b: 32 72 21]
[01/01/09 01:33:17.491] 	recv: [7b: 32 72 21 FF FF FF A0]
[01/01/09 01:33:17.506] send: [6b: 31 43 FF FF FE A2]
[01/01/09 01:33:17.513] 	recv: [2b: 31 43]
[01/01/09 01:33:17.526] send: [5b: 32 71 13 00 28]
[01/01/09 01:33:17.533] 	recv: [3b: 32 71 13]
[01/01/09 01:33:17.546] send: [3b: 31 72 21]
[01/01/09 01:33:17.554] 	recv: [7b: 31 72 21 FF FF FE CB]
[01/01/09 01:33:17.566] send: [6b: 32 43 FF FF FF B5]
[01/01/09 01:33:17.573] 	recv: [2b: 32 43]
[01/01/09 01:33:17.583] send: [5b: 31 71 13 00 C8]
[01/01/09 01:33:17.589] 	recv: [3b: 31 71 13]
[01/01/09 01:33:17.596] send: [3b: 32 72 21]
[01/01/09 01:33:17.603] 	recv: [7b: 32 72 21 FF FF FF A2]
[01/01/09 01:33:17.617] send: [6b: 31 43 FF FF FE A7]
[01/01/09 01:33:17.623] 	recv: [2b: 31 43]
[01/01/09 01:33:17.633] send: [5b: 32 71 13 00 32]
[01/01/09 01:33:17.640] 	recv: [3b: 32 71 13]
[01/01/09 01:33:17.654] send: [3b: 31 72 21]
[01/01/09 01:33:17.660] 	recv: [7b: 31 72 21 FF FF FE B6]
[01/01/09 01:33:17.674] send: [6b: 32 43 FF FF FF BE]
[01/01/09 01:33:17.680] 	recv: [2b: 32 43]
[01/01/09 01:33:17.694] send: [5b: 31 71 13 00 C8]
[01/01/09 01:33:17.700] 	recv: [3b: 31 71 13]
[01/01/09 01:33:17.713] send: [3b: 32 72 21]
[01/01/09 01:33:17.720] 	recv: [7b: 32 72 21 FF FF FF A7]
[01/01/09 01:33:17.733] send: [6b: 31 43 FF FF FE B9]
[01/01/09 01:33:17.740] 	recv: [2b: 31 43]
[01/01/09 01:33:17.754] send: [5b: 32 71 13 00 3C]
[01/01/09 01:33:17.759] 	recv: [3b: 32 71 13]
[01/01/09 01:33:17.775] send: [3b: 31 72 21]
[01/01/09 01:33:17.782] 	recv: [7b: 31 72 21 FF FF FE AF]
[01/01/09 01:33:17.795] send: [6b: 32 43 FF FF FF C7]
[01/01/09 01:33:17.801] 	recv: [2b: 32 43]
[01/01/09 01:33:17.813] send: [5b: 31 71 13 00 C8]
[01/01/09 01:33:17.820] 	recv: [3b: 31 71 13]
[01/01/09 01:33:17.834] send: [3b: 32 72 21]
[01/01/09 01:33:17.840] 	recv: [7b: 32 72 21 FF FF FF AE]
[01/01/09 01:33:17.857] send: [6b: 31 43 FF FF FE DB]
[01/01/09 01:33:17.862] 	recv: [2b: 31 43]
[01/01/09 01:33:17.875] send: [5b: 32 71 13 00 3C]
[01/01/09 01:33:17.882] 	recv: [3b: 32 71 13]
[01/01/09 01:33:17.894] send: [3b: 31 72 21]
[01/01/09 01:33:17.900] 	recv: [7b: 31 72 21 FF FF FE C0]
[01/01/09 01:33:17.913] send: [6b: 32 43 FF FF FF D1]
[01/01/09 01:33:17.918] 	recv: [2b: 32 43]
[01/01/09 01:33:17.933] send: [5b: 31 71 13 00 DC]
[01/01/09 01:33:17.940] 	recv: [3b: 31 71 13]
[01/01/09 01:33:17.955] send: [3b: 32 72 21]
[01/01/09 01:33:17.961] 	recv: [7b: 32 72 21 FF FF FF B5]
[01/01/09 01:33:17.973] send: [6b: 31 43 FF FF FF 0B]
[01/01/09 01:33:17.979] 	recv: [2b: 31 43]
[01/01/09 01:33:17.994] send: [5b: 32 71 13 00 46]
[01/01/09 01:33:18.000] 	recv: [3b: 32 71 13]
[01/01/09 01:33:18.015] send: [3b: 31 72 21]
[01/01/09 01:33:18.023] 	recv: [7b: 31 72 21 FF FF FE DA]
[01/01/09 01:33:18.035] send: [6b: 32 43 FF FF FF DA]
[01/01/09 01:33:18.041] 	recv: [2b: 32 43]
[01/01/09 01:33:18.054] send: [5b: 31 71 13 01 40]
[01/01/09 01:33:18.060] 	recv: [3b: 31 71 13]
[01/01/09 01:33:18.074] send: [3b: 32 72 21]
[01/01/09 01:33:18.081] 	recv: [7b: 32 72 21 FF FF FF BD]
[01/01/09 01:33:18.095] send: [6b: 31 43 FF FF FF 49]
[01/01/09 01:33:18.101] 	recv: [2b: 31 43]
[01/01/09 01:33:18.114] send: [5b: 32 71 13 00 46]
[01/01/09 01:33:18.121] 	recv: [3b: 32 71 13]
[01/01/09 01:33:18.135] send: [3b: 31 72 21]
[01/01/09 01:33:18.142] 	recv: [7b: 31 72 21 FF FF FE FC]
[01/01/09 01:33:18.153] send: [6b: 32 43 FF FF FF E2]
[01/01/09 01:33:18.160] 	recv: [2b: 32 43]
[01/01/09 01:33:18.175] send: [5b: 31 71 13 01 B8]
[01/01/09 01:33:18.180] 	recv: [3b: 31 71 13]
[01/01/09 01:33:18.194] send: [3b: 32 72 21]
[01/01/09 01:33:18.201] 	recv: [7b: 32 72 21 FF FF FF C5]
[01/01/09 01:33:18.214] send: [6b: 31 43 FF FF FF 94]
[01/01/09 01:33:18.220] 	recv: [2b: 31 43]
[01/01/09 01:33:18.234] send: [5b: 32 71 13 00 46]
[01/01/09 01:33:18.240] 	recv: [3b: 32 71 13]
[01/01/09 01:33:18.256] send: [3b: 31 72 21]
[01/01/09 01:33:18.262] 	recv: [7b: 31 72 21 FF FF FF 2C]
[01/01/09 01:33:18.275] send: [6b: 32 43 FF FF FF EA]
[01/01/09 01:33:18.282] 	recv: [2b: 32 43]
[01/01/09 01:33:18.294] send: [5b: 31 71 13 02 30]
[01/01/09 01:33:18.300] 	recv: [3b: 31 71 13]
[01/01/09 01:33:18.314] send: [3b: 32 72 21]
[01/01/09 01:33:18.320] 	recv: [7b: 32 72 21 FF FF FF CE]
[01/01/09 01:33:18.334] send: [6b: 31 43 FF FF FF E8]
[01/01/09 01:33:18.340] 	recv: [2b: 31 43]
[01/01/09 01:33:18.354] send: [5b: 32 71 13 00 3C]
[01/01/09 01:33:18.360] 	recv: [3b: 32 71 13]
[01/01/09 01:33:18.374] send: [3b: 31 72 21]
[01/01/09 01:33:18.381] 	recv: [7b: 31 72 21 FF FF FF 6A]
[01/01/09 01:33:18.394] send: [6b: 32 43 FF FF FF F1]
[01/01/09 01:33:18.400] 	recv: [2b: 32 43]
[01/01/09 01:33:18.415] send: [5b: 31 71 13 02 A8]
[01/01/09 01:33:18.420] 	recv: [3b: 31 71 13]
[01/01/09 01:33:18.434] send: [3b: 32 72 21]
[01/01/09 01:33:18.440] 	recv: [7b: 32 72 21 FF FF FF D5]
[01/01/09 01:33:18.454] send: [6b: 31 43 00 00 00 52]
[01/01/09 01:33:18.460] 	recv: [2b: 31 43]
[01/01/09 01:33:18.474] send: [5b: 32 71 13 00 3C]
[01/01/09 01:33:18.481] 	recv: [3b: 32 71 13]
[01/01/09 01:33:18.495] send: [3b: 31 72 21]
[01/01/09 01:33:18.502] 	recv: [7b: 31 72 21 FF FF FF B7]
[01/01/09 01:33:18.515] send: [6b: 32 43 FF FF FF F8]
[01/01/09 01:33:18.521] 	recv: [2b: 32 43]
[01/01/09 01:33:18.536] send: [5b: 31 71 13 03 20]
[01/01/09 01:33:18.542] 	recv: [3b: 31 71 13]
[01/01/09 01:33:18.556] send: [3b: 32 72 21]
[01/01/09 01:33:18.562] 	recv: [7b: 32 72 21 FF FF FF DD]
[01/01/09 01:33:18.573] send: [6b: 31 43 00 00 00 C8]
[01/01/09 01:33:18.579] 	recv: [2b: 31 43]
[01/01/09 01:33:18.595] send: [5b: 32 71 13 00 3C]
[01/01/09 01:33:18.602] 	recv: [3b: 32 71 13]
[01/01/09 01:33:18.613] send: [3b: 31 72 21]
[01/01/09 01:33:18.621] 	recv: [7b: 31 72 21 00 00 00 11]
[01/01/09 01:33:18.634] send: [6b: 32 43 FF FF FF FD]
[01/01/09 01:33:18.640] 	recv: [2b: 32 43]
[01/01/09 01:33:18.655] send: [5b: 31 71 13 03 98]
[01/01/09 01:33:18.662] 	recv: [3b: 31 71 13]
[01/01/09 01:33:18.675] send: [3b: 32 72 21]
[01/01/09 01:33:18.681] 	recv: [7b: 32 72 21 FF FF FF E4]
[01/01/09 01:33:18.695] send: [6b: 31 43 00 00 01 45]
[01/01/09 01:33:18.701] 	recv: [2b: 31 43]
[01/01/09 01:33:18.715] send: [5b: 32 71 13 00 32]
[01/01/09 01:33:18.720] 	recv: [3b: 32 71 13]
[01/01/09 01:33:18.735] send: [3b: 31 72 21]
[01/01/09 01:33:18.741] 	recv: [7b: 31 72 21 00 00 00 7C]
[01/01/09 01:33:18.754] send: [6b: 32 43 00 00 00 01]
[01/01/09 01:33:18.760] 	recv: [2b: 32 43]
[01/01/09 01:33:18.776] send: [5b: 31 71 13 03 D4]
[01/01/09 01:33:18.786] send: [3b: 32 72 21]
[01/01/09 01:33:18.786] 	recv: [3b: 31 71 13]
[01/01/09 01:33:18.791] 	recv: [7b: 32 72 21 FF FF FF EA]
[01/01/09 01:33:18.806] send: [3b: 31 72 21]
[01/01/09 01:33:18.811] 	recv: [7b: 31 72 21 00 00 00 BE]
[01/01/09 01:33:18.824] send: [5b: 32 71 13 00 32]
[01/01/09 01:33:18.830] 	recv: [3b: 32 71 13]
[01/01/09 01:33:18.831] send: [5b: 31 71 13 03 E8]
[01/01/09 01:33:18.837] 	recv: [3b: 31 71 13]
[01/01/09 01:33:18.854] send: [6b: 32 43 00 00 00 03]
[01/01/09 01:33:18.860] 	recv: [2b: 32 43]
[01/01/09 01:33:18.874] send: [6b: 31 43 00 00 02 10]
[01/01/09 01:33:18.881] 	recv: [2b: 31 43]
[01/01/09 01:33:18.894] send: [3b: 32 72 21]
[01/01/09 01:33:18.902] 	recv: [7b: 32 72 21 FF FF FF EF]
[01/01/09 01:33:18.915] send: [3b: 31 72 21]
[01/01/09 01:33:18.922] 	recv: [7b: 31 72 21 00 00 01 2B]
[01/01/09 01:33:18.938] send: [5b: 32 71 13 00 28]
[01/01/09 01:33:18.943] 	recv: [3b: 32 71 13]
[01/01/09 01:33:18.955] send: [5b: 31 71 13 03 FC]
[01/01/09 01:33:18.961] 	recv: [3b: 31 71 13]
[01/01/09 01:33:18.974] send: [6b: 32 43 00 00 00 06]
[01/01/09 01:33:18.982] 	recv: [2b: 32 43]
[01/01/09 01:33:18.994] send: [6b: 31 43 00 00 02 84]
[01/01/09 01:33:19.001] 	recv: [2b: 31 43]
[01/01/09 01:33:19.014] send: [3b: 32 72 21]
[01/01/09 01:33:19.022] 	recv: [7b: 32 72 21 FF FF FF F5]
[01/01/09 01:33:19.033] send: [3b: 31 72 21]
[01/01/09 01:33:19.039] 	recv: [7b: 31 72 21 00 00 01 A2]
[01/01/09 01:33:19.054] send: [5b: 32 71 13 00 1E]
[01/01/09 01:33:19.061] 	recv: [3b: 32 71 13]
[01/01/09 01:33:19.074] send: [5b: 31 71 13 04 10]
[01/01/09 01:33:19.082] 	recv: [3b: 31 71 13]
[01/01/09 01:33:19.094] send: [6b: 32 43 00 00 00 08]
[01/01/09 01:33:19.101] 	recv: [2b: 32 43]
[01/01/09 01:33:19.114] send: [6b: 31 43 00 00 02 FD]
[01/01/09 01:33:19.121] 	recv: [2b: 31 43]
[01/01/09 01:33:19.134] send: [3b: 32 72 21]
[01/01/09 01:33:19.142] 	recv: [7b: 32 72 21 FF FF FF F9]
[01/01/09 01:33:19.154] send: [3b: 31 72 21]
[01/01/09 01:33:19.162] 	recv: [7b: 31 72 21 00 00 02 20]
[01/01/09 01:33:19.174] send: [5b: 32 71 13 00 1E]
[01/01/09 01:33:19.181] 	recv: [3b: 32 71 13]
[01/01/09 01:33:19.194] send: [5b: 31 71 13 03 E8]
[01/01/09 01:33:19.200] 	recv: [3b: 31 71 13]
[01/01/09 01:33:19.214] send: [6b: 32 43 00 00 00 09]
[01/01/09 01:33:19.220] 	recv: [2b: 32 43]
[01/01/09 01:33:19.234] send: [6b: 31 43 00 00 03 6F]
[01/01/09 01:33:19.241] 	recv: [2b: 31 43]
[01/01/09 01:33:19.254] send: [3b: 32 72 21]
[01/01/09 01:33:19.262] 	recv: [7b: 32 72 21 FF FF FF FC]
[01/01/09 01:33:19.274] send: [3b: 31 72 21]
[01/01/09 01:33:19.281] 	recv: [7b: 31 72 21 00 00 02 99]
[01/01/09 01:33:19.294] send: [5b: 32 71 13 00 14]
[01/01/09 01:33:19.300] 	recv: [3b: 32 71 13]
[01/01/09 01:33:19.314] send: [5b: 31 71 13 03 AC]
[01/01/09 01:33:19.321] 	recv: [3b: 31 71 13]
[01/01/09 01:33:19.334] send: [3b: 32 72 21]
[01/01/09 01:33:19.342] 	recv: [7b: 32 72 21 FF FF FF FF]
[01/01/09 01:33:19.354] send: [6b: 31 43 00 00 03 D7]
[01/01/09 01:33:19.362] 	recv: [2b: 31 43]
[01/01/09 01:33:19.375] send: [5b: 32 71 13 00 14]
[01/01/09 01:33:19.382] 	recv: [3b: 32 71 13]
[01/01/09 01:33:19.398] send: [3b: 31 72 21]
[01/01/09 01:33:19.406] 	recv: [7b: 31 72 21 00 00 03 10]
[01/01/09 01:33:19.415] send: [3b: 32 72 21]
[01/01/09 01:33:19.421] 	recv: [7b: 32 72 21 00 00 00 00]
[01/01/09 01:33:19.435] send: [5b: 31 71 13 04 9C]
[01/01/09 01:33:19.442] 	recv: [3b: 31 71 13]
[01/01/09 01:33:19.444] send: [5b: 32 71 13 00 14]
[01/01/09 01:33:19.450] 	recv: [3b: 32 71 13]
[01/01/09 01:33:19.464] send: [6b: 31 43 00 00 04 27]
[01/01/09 01:33:19.469] 	recv: [2b: 31 43]
[01/01/09 01:33:19.483] send: [6b: 32 43 00 00 00 07]
[01/01/09 01:33:19.489] 	recv: [2b: 32 43]
[01/01/09 01:33:19.504] send: [3b: 31 72 21]
[01/01/09 01:33:19.510] 	recv: [7b: 31 72 21 00 00 03 84]
[01/01/09 01:33:19.524] send: [3b: 32 72 21]
[01/01/09 01:33:19.531] 	recv: [7b: 32 72 21 00 00 00 03]
[01/01/09 01:33:19.545] send: [5b: 31 71 13 03 0C]
[01/01/09 01:33:19.552] 	recv: [3b: 31 71 13]
[01/01/09 01:33:19.567] send: [5b: 32 71 13 00 14]
[01/01/09 01:33:19.572] 	recv: [3b: 32 71 13]
[01/01/09 01:33:19.583] send: [6b: 31 43 00 00 04 8A]
[01/01/09 01:33:19.590] 	recv: [2b: 31 43]
[01/01/09 01:33:19.604] send: [6b: 32 43 00 00 00 04]
[01/01/09 01:33:19.610] 	recv: [2b: 32 43]
[01/01/09 01:33:19.624] send: [3b: 31 72 21]
[01/01/09 01:33:19.630] 	recv: [7b: 31 72 21 00 00 03 F3]
[01/01/09 01:33:19.644] send: [3b: 32 72 21]
[01/01/09 01:33:19.650] 	recv: [7b: 32 72 21 00 00 00 04]
[01/01/09 01:33:19.664] send: [5b: 31 71 13 02 D0]
[01/01/09 01:33:19.671] 	recv: [3b: 31 71 13]
[01/01/09 01:33:19.683] send: [5b: 32 71 13 00 14]
[01/01/09 01:33:19.689] 	recv: [3b: 32 71 13]
[01/01/09 01:33:19.704] send: [6b: 31 43 00 00 04 E4]
[01/01/09 01:33:19.711] 	recv: [2b: 31 43]
[01/01/09 01:33:19.725] send: [6b: 32 43 00 00 00 02]
[01/01/09 01:33:19.732] 	recv: [2b: 32 43]
[01/01/09 01:33:19.744] send: [3b: 31 72 21]
[01/01/09 01:33:19.750] 	recv: [7b: 31 72 21 00 00 04 4C]
[01/01/09 01:33:19.764] send: [3b: 32 72 21]
[01/01/09 01:33:19.770] 	recv: [7b: 32 72 21 00 00 00 04]
[01/01/09 01:33:19.785] send: [5b: 31 71 13 02 D0]
[01/01/09 01:33:19.791] 	recv: [3b: 31 71 13]
[01/01/09 01:33:19.804] send: [5b: 32 71 13 00 14]
[01/01/09 01:33:19.810] 	recv: [3b: 32 71 13]
[01/01/09 01:33:19.825] send: [6b: 31 43 00 00 05 3C]
[01/01/09 01:33:19.830] 	recv: [2b: 31 43]
[01/01/09 01:33:19.844] send: [6b: 32 43 00 00 00 01]
[01/01/09 01:33:19.851] 	recv: [2b: 32 43]
[01/01/09 01:33:19.863] send: [3b: 31 72 21]
[01/01/09 01:33:19.870] 	recv: [7b: 31 72 21 00 00 04 A2]
[01/01/09 01:33:19.885] send: [3b: 32 72 21]
[01/01/09 01:33:19.893] 	recv: [7b: 32 72 21 00 00 00 02]
[01/01/09 01:33:19.904] send: [5b: 31 71 13 02 BC]
[01/01/09 01:33:19.911] 	recv: [3b: 31 71 13]
[01/01/09 01:33:19.924] send: [5b: 32 71 13 00 14]
[01/01/09 01:33:19.929] 	recv: [3b: 32 71 13]
[01/01/09 01:33:19.944] send: [6b: 31 43 00 00 05 8F]
[01/01/09 01:33:19.951] 	recv: [2b: 31 43]
[01/01/09 01:33:19.963] send: [6b: 32 43 00 00 00 00]
[01/01/09 01:33:19.969] 	recv: [2b: 32 43]
[01/01/09 01:33:19.984] send: [3b: 31 72 21]
[01/01/09 01:33:19.991] 	recv: [7b: 31 72 21 00 00 04 F7]
[01/01/09 01:33:20.004] send: [3b: 32 72 21]
[01/01/09 01:33:20.010] 	recv: [7b: 32 72 21 00 00 00 01]
[01/01/09 01:33:20.024] send: [5b: 31 71 13 02 BC]
[01/01/09 01:33:20.030] 	recv: [3b: 31 71 13]
[01/01/09 01:33:20.045] send: [5b: 32 71 13 00 14]
[01/01/09 01:33:20.051] 	recv: [3b: 32 71 13]
[01/01/09 01:33:20.065] send: [6b: 31 43 00 00 05 E1]
[01/01/09 01:33:20.071] 	recv: [2b: 31 43]
[01/01/09 01:33:20.085] send: [6b: 32 43 FF FF FF FE]
[01/01/09 01:33:20.092] 	recv: [2b: 32 43]
[01/01/09 01:33:20.105] send: [3b: 31 72 21]
[01/01/09 01:33:20.112] 	recv: [7b: 31 72 21 00 00 05 4C]
[01/01/09 01:33:20.125] send: [3b: 32 72 21]
[01/01/09 01:33:20.130] 	recv: [7b: 32 72 21 00 00 00 00]
[01/01/09 01:33:20.145] send: [5b: 31 71 13 02 A8]
[01/01/09 01:33:20.151] 	recv: [3b: 31 71 13]
[01/01/09 01:33:20.165] send: [5b: 32 71 13 00 14]
[01/01/09 01:33:20.171] 	recv: [3b: 32 71 13]
[01/01/09 01:33:20.184] send: [6b: 31 43 00 00 06 30]
[01/01/09 01:33:20.191] 	recv: [2b: 31 43]
[01/01/09 01:33:20.205] send: [6b: 32 43 FF FF FF FB]
[01/01/09 01:33:20.212] 	recv: [2b: 32 43]
[01/01/09 01:33:20.223] send: [3b: 31 72 21]
[01/01/09 01:33:20.229] 	recv: [7b: 31 72 21 00 00 05 9D]
[01/01/09 01:33:20.243] send: [3b: 32 72 21]
[01/01/09 01:33:20.250] 	recv: [7b: 32 72 21 FF FF FF FE]
[01/01/09 01:33:20.266] send: [5b: 31 71 13 02 94]
[01/01/09 01:33:20.271] 	recv: [3b: 31 71 13]
[01/01/09 01:33:20.284] send: [5b: 32 71 13 00 14]
[01/01/09 01:33:20.289] 	recv: [3b: 32 71 13]
[01/01/09 01:33:20.306] send: [6b: 31 43 00 00 06 7D]
[01/01/09 01:33:20.311] 	recv: [2b: 31 43]
[01/01/09 01:33:20.326] send: [6b: 32 43 FF FF FF F9]
[01/01/09 01:33:20.333] 	recv: [2b: 32 43]
[01/01/09 01:33:20.346] send: [3b: 31 72 21]
[01/01/09 01:33:20.353] 	recv: [7b: 31 72 21 00 00 05 EF]
[01/01/09 01:33:20.366] send: [3b: 32 72 21]
[01/01/09 01:33:20.376] 	recv: [7b: 32 72 21 FF FF FF FB]
[01/01/09 01:33:20.385] send: [5b: 31 71 13 02 80]
[01/01/09 01:33:20.391] 	recv: [3b: 31 71 13]
[01/01/09 01:33:20.406] send: [5b: 32 71 13 00 14]
[01/01/09 01:33:20.413] 	recv: [3b: 32 71 13]
[01/01/09 01:33:20.424] send: [6b: 31 43 00 00 06 C5]
[01/01/09 01:33:20.432] 	recv: [2b: 31 43]
[01/01/09 01:33:20.444] send: [6b: 32 43 FF FF FF F8]
[01/01/09 01:33:20.452] 	recv: [2b: 32 43]
[01/01/09 01:33:20.464] send: [3b: 31 72 21]
[01/01/09 01:33:20.472] 	recv: [7b: 31 72 21 00 00 06 3B]
[01/01/09 01:33:20.484] send: [3b: 32 72 21]
[01/01/09 01:33:20.491] 	recv: [7b: 32 72 21 FF FF FF F9]
[01/01/09 01:33:20.493] send: [5b: 31 71 13 02 58]
[01/01/09 01:33:20.498] 	recv: [3b: 31 71 13]
[01/01/09 01:33:20.516] send: [5b: 32 71 13 00 14]
[01/01/09 01:33:20.522] 	recv: [3b: 32 71 13]
[01/01/09 01:33:20.533] send: [6b: 31 43 00 00 07 09]
[01/01/09 01:33:20.539] 	recv: [2b: 31 43]
[01/01/09 01:33:20.554] send: [6b: 32 43 FF FF FF F6]
[01/01/09 01:33:20.560] 	recv: [2b: 32 43]
[01/01/09 01:33:20.567] send: [3b: 31 72 21]
[01/01/09 01:33:20.574] 	recv: [7b: 31 72 21 00 00 06 7A]
[01/01/09 01:33:20.583] send: [3b: 32 72 21]
[01/01/09 01:33:20.589] 	recv: [7b: 32 72 21 FF FF FF F8]
[01/01/09 01:33:20.605] send: [5b: 31 71 13 02 44]
[01/01/09 01:33:20.612] 	recv: [3b: 31 71 13]
[01/01/09 01:33:20.624] send: [5b: 32 71 13 00 14]
[01/01/09 01:33:20.631] 	recv: [3b: 32 71 13]
[01/01/09 01:33:20.643] send: [6b: 31 43 00 00 07 3C]
[01/01/09 01:33:20.649] 	recv: [2b: 31 43]
[01/01/09 01:33:20.664] send: [6b: 32 43 FF FF FF F4]
[01/01/09 01:33:20.669] 	recv: [2b: 32 43]
[01/01/09 01:33:20.684] send: [3b: 31 72 21]
[01/01/09 01:33:20.691] 	recv: [7b: 31 72 21 00 00 06 BF]
[01/01/09 01:33:20.708] error: bus thread interrupted
[01/01/09 01:33:20.727] resources: ut=0.15 st=0.06
[01/01/09 01:33:20.727] log finished
