[01/01/09 01:33:07.320] log started
[01/01/09 01:33:07.320] 	[ BusInterface ]
[01/01/09 01:33:07.320] 	cycle = 10
[01/01/09 01:33:07.320] 	delayWriteTime = 6
[01/01/09 01:33:07.320] 	href = cout_4012
[01/01/09 01:33:07.320] 	interface = ethernet
[01/01/09 01:33:07.321] 	localAddr = 10.0.0.1
[01/01/09 01:33:07.321] 	localPort = 4012
[01/01/09 01:33:07.321] 	log:path = 
[01/01/09 01:33:07.321] 	log:size = 
[01/01/09 01:33:07.321] 	log:type = info
[01/01/09 01:33:07.321] 	name = TCP/UDP/UnixSocket Network Bus
[01/01/09 01:33:07.321] 	protocol = udp
[01/01/09 01:33:07.321] 	remoteAddr = 10.0.0.2
[01/01/09 01:33:07.321] 	remotePort = 4012
[01/01/09 01:33:07.321] 	sym = bus_4012
[01/01/09 01:33:07.321] 	type = ethernet
[01/01/09 01:33:07.321] 	vendor = Spetstekhnika
[01/01/09 01:33:07.321] 	writeDelay = async
[01/01/09 01:33:07.322] tid = 6418
[01/01/09 01:33:07.346] udp connection started (cycle=10, receive size=10240)
[01/01/09 01:33:07.354] 	local  = 10.0.0.1:4012
[01/01/09 01:33:07.354] 	remote = 10.0.0.2:4012
[01/01/09 01:33:07.354] 	SO_RCVBUF = 63488
[01/01/09 01:33:07.354] 	SO_SNDBUF = 63488
[01/01/09 01:33:07.366] connection: receive timeout (1,1 10240/10240,0/0)
[01/01/09 01:33:07.368] send: [5b: 01 46 00 12 60]
[01/01/09 01:33:07.372] 	recv: [9b: 01 46 00 00 70 17 2A 8A 92]
[01/01/09 01:33:07.387] send: [8b: 01 05 01 14 00 00 8C 32]
[01/01/09 01:33:07.398] 	recv: [8b: 01 05 01 14 00 00 8C 32]
[01/01/09 01:33:07.416] send: [9b: 01 46 26 00 00 00 F0 0C E5]
[01/01/09 01:33:07.427] 	recv: [6b: 01 46 26 00 FA 6D]
[01/01/09 01:33:07.445] send: [6b: 01 46 2A 20 FE B5]
[01/01/09 01:33:07.448] 	recv: [6b: 01 46 2A 00 FF 6D]
[01/01/09 01:33:07.464] send: [8b: 01 05 01 0C FF 00 4D C5]
[01/01/09 01:33:07.493] 	recv: [8b: 01 05 01 0C FF 00 4D C5]
[01/01/09 01:33:07.504] send: [8b: 01 46 08 00 05 08 88 F3]
[01/01/09 01:33:07.517] 	recv: [6b: 01 46 08 00 E7 CD]
[01/01/09 01:33:07.525] send: [8b: 01 46 08 00 04 08 89 63]
[01/01/09 01:33:07.531] 	recv: [6b: 01 46 08 00 E7 CD]
[01/01/09 01:33:07.545] send: [8b: 01 46 08 00 06 08 88 03]
[01/01/09 01:33:07.549] 	recv: [6b: 01 46 08 00 E7 CD]
[01/01/09 01:33:07.556] send: [8b: 01 46 08 00 07 08 89 93]
[01/01/09 01:33:07.562] 	recv: [6b: 01 46 08 00 E7 CD]
[01/01/09 01:33:07.565] send: [8b: 01 04 00 05 00 01 21 CB]
[01/01/09 01:33:07.576] 	recv: [7b: 01 04 02 0E 75 7C B7]
[01/01/09 01:33:07.586] send: [8b: 01 04 00 04 00 01 70 0B]
[01/01/09 01:33:07.591] 	recv: [7b: 01 04 02 14 AA 36 4F]
[01/01/09 01:33:07.606] send: [8b: 01 04 00 06 00 01 D1 CB]
[01/01/09 01:33:07.610] 	recv: [7b: 01 04 02 00 02 38 F1]
[01/01/09 01:33:07.624] send: [8b: 01 04 00 07 00 01 80 0B]
[01/01/09 01:33:07.636] 	recv: [7b: 01 04 02 03 1A 38 0B]
[01/01/09 01:33:07.645] send: [8b: 01 04 00 05 00 01 21 CB]
[01/01/09 01:33:07.651] 	recv: [7b: 01 04 02 0E 76 3C B6]
[01/01/09 01:33:07.664] send: [8b: 01 04 00 04 00 01 70 0B]
[01/01/09 01:33:07.669] 	recv: [7b: 01 04 02 14 AA 36 4F]
[01/01/09 01:33:07.684] send: [8b: 01 04 00 06 00 01 D1 CB]
[01/01/09 01:33:07.696] 	recv: [7b: 01 04 02 00 03 F9 31]
[01/01/09 01:33:07.704] send: [8b: 01 04 00 07 00 01 80 0B]
[01/01/09 01:33:07.711] 	recv: [7b: 01 04 02 03 1B F9 CB]
[01/01/09 01:33:07.714] send: [8b: 01 04 00 05 00 01 21 CB]
[01/01/09 01:33:07.718] 	recv: [7b: 01 04 02 0E 76 3C B6]
[01/01/09 01:33:07.725] send: [8b: 01 04 00 04 00 01 70 0B]
[01/01/09 01:33:07.730] 	recv: [7b: 01 04 02 14 AA 36 4F]
[01/01/09 01:33:07.747] send: [8b: 01 04 00 06 00 01 D1 CB]
[01/01/09 01:33:07.756] 	recv: [7b: 01 04 02 00 02 38 F1]
[01/01/09 01:33:07.764] send: [8b: 01 04 00 07 00 01 80 0B]
[01/01/09 01:33:07.771] 	recv: [7b: 01 04 02 03 1A 38 0B]
[01/01/09 01:33:07.773] send: [8b: 01 04 00 05 00 01 21 CB]
[01/01/09 01:33:07.777] 	recv: [7b: 01 04 02 0E 77 FD 76]
[01/01/09 01:33:07.784] send: [8b: 01 04 00 04 00 01 70 0B]
[01/01/09 01:33:07.789] 	recv: [7b: 01 04 02 14 AA 36 4F]
[01/01/09 01:33:07.804] send: [8b: 01 04 00 06 00 01 D1 CB]
[01/01/09 01:33:07.816] 	recv: [7b: 01 04 02 00 03 F9 31]
[01/01/09 01:33:07.824] send: [8b: 01 04 00 07 00 01 80 0B]
[01/01/09 01:33:07.831] 	recv: [7b: 01 04 02 03 1B F9 CB]
[01/01/09 01:33:07.833] send: [8b: 01 04 00 05 00 01 21 CB]
[01/01/09 01:33:07.836] 	recv: [7b: 01 04 02 0E 76 3C B6]
[01/01/09 01:33:07.844] send: [8b: 01 04 00 04 00 01 70 0B]
[01/01/09 01:33:07.848] 	recv: [7b: 01 04 02 14 AA 36 4F]
[01/01/09 01:33:07.864] send: [8b: 01 04 00 06 00 01 D1 CB]
[01/01/09 01:33:07.877] 	recv: [7b: 01 04 02 00 02 38 F1]
[01/01/09 01:33:07.884] send: [8b: 01 04 00 07 00 01 80 0B]
[01/01/09 01:33:07.891] 	recv: [7b: 01 04 02 03 1B F9 CB]
[01/01/09 01:33:07.892] send: [8b: 01 04 00 05 00 01 21 CB]
[01/01/09 01:33:07.896] 	recv: [7b: 01 04 02 0E 77 FD 76]
[01/01/09 01:33:07.905] send: [8b: 01 04 00 04 00 01 70 0B]
[01/01/09 01:33:07.909] 	recv: [7b: 01 04 02 14 AB F7 8F]
[01/01/09 01:33:07.924] send: [8b: 01 04 00 06 00 01 D1 CB]
[01/01/09 01:33:07.936] 	recv: [7b: 01 04 02 00 02 38 F1]
[01/01/09 01:33:07.944] send: [8b: 01 04 00 07 00 01 80 0B]
[01/01/09 01:33:07.951] 	recv: [7b: 01 04 02 03 1B F9 CB]
[01/01/09 01:33:07.953] send: [8b: 01 04 00 05 00 01 21 CB]
[01/01/09 01:33:07.956] 	recv: [7b: 01 04 02 0E 76 3C B6]
[01/01/09 01:33:07.965] send: [8b: 01 04 00 04 00 01 70 0B]
[01/01/09 01:33:07.968] 	recv: [7b: 01 04 02 14 AA 36 4F]
[01/01/09 01:33:07.984] send: [8b: 01 04 00 06 00 01 D1 CB]
[01/01/09 01:33:07.995] 	recv: [7b: 01 04 02 00 02 38 F1]
[01/01/09 01:33:08.007] send: [8b: 01 04 00 07 00 01 80 0B]
[01/01/09 01:33:08.011] 	recv: [7b: 01 04 02 03 1A 38 0B]
[01/01/09 01:33:08.014] send: [8b: 01 04 00 05 00 01 21 CB]
[01/01/09 01:33:08.026] 	recv: [7b: 01 04 02 0E 77 FD 76]
[01/01/09 01:33:08.034] send: [8b: 01 04 00 04 00 01 70 0B]
[01/01/09 01:33:08.041] 	recv: [7b: 01 04 02 14 AB F7 8F]
[01/01/09 01:33:08.056] send: [8b: 01 04 00 06 00 01 D1 CB]
[01/01/09 01:33:08.060] 	recv: [7b: 01 04 02 00 03 F9 31]
[01/01/09 01:33:08.074] send: [8b: 01 04 00 07 00 01 80 0B]
[01/01/09 01:33:08.086] 	recv: [7b: 01 04 02 03 1A 38 0B]
[01/01/09 01:33:08.095] send: [8b: 01 04 00 05 00 01 21 CB]
[01/01/09 01:33:08.101] 	recv: [7b: 01 04 02 0E 75 7C B7]
[01/01/09 01:33:08.114] send: [8b: 01 04 00 04 00 01 70 0B]
[01/01/09 01:33:08.119] 	recv: [7b: 01 04 02 14 A8 B7 8E]
[01/01/09 01:33:08.135] send: [8b: 01 04 00 06 00 01 D1 CB]
[01/01/09 01:33:08.147] 	recv: [7b: 01 04 02 00 04 B8 F3]
[01/01/09 01:33:08.155] send: [8b: 01 04 00 07 00 01 80 0B]
[01/01/09 01:33:08.162] 	recv: [7b: 01 04 02 03 1B F9 CB]
[01/01/09 01:33:08.164] send: [8b: 01 04 00 05 00 01 21 CB]
[01/01/09 01:33:08.177] 	recv: [7b: 01 04 02 0E 78 BD 72]
[01/01/09 01:33:08.195] send: [8b: 01 04 00 04 00 01 70 0B]
[01/01/09 01:33:08.207] 	recv: [7b: 01 04 02 14 AB F7 8F]
[01/01/09 01:33:08.215] send: [8b: 01 04 00 06 00 01 D1 CB]
[01/01/09 01:33:08.221] 	recv: [7b: 01 04 02 00 03 F9 31]
[01/01/09 01:33:08.236] send: [8b: 01 04 00 07 00 01 80 0B]
[01/01/09 01:33:08.240] 	recv: [7b: 01 04 02 03 1A 38 0B]
[01/01/09 01:33:08.242] send: [8b: 01 04 00 05 00 01 21 CB]
[01/01/09 01:33:08.251] 	recv: [7b: 01 04 02 0E 77 FD 76]
[01/01/09 01:33:08.265] send: [8b: 01 04 00 04 00 01 70 0B]
[01/01/09 01:33:08.269] 	recv: [7b: 01 04 02 14 AA 36 4F]
[01/01/09 01:33:08.284] send: [8b: 01 04 00 06 00 01 D1 CB]
[01/01/09 01:33:08.296] 	recv: [7b: 01 04 02 00 04 B8 F3]
[01/01/09 01:33:08.305] send: [8b: 01 04 00 07 00 01 80 0B]
[01/01/09 01:33:08.311] 	recv: [7b: 01 04 02 03 1A 38 0B]
[01/01/09 01:33:08.313] send: [8b: 01 04 00 05 00 01 21 CB]
[01/01/09 01:33:08.317] 	recv: [7b: 01 04 02 0E 76 3C B6]
[01/01/09 01:33:08.326] send: [8b: 01 04 00 04 00 01 70 0B]
[01/01/09 01:33:08.329] 	recv: [7b: 01 04 02 14 A9 76 4E]
[01/01/09 01:33:08.348] send: [8b: 01 04 00 06 00 01 D1 CB]
[01/01/09 01:33:08.358] 	recv: [7b: 01 04 02 00 03 F9 31]
[01/01/09 01:33:08.384] send: [8b: 01 04 00 07 00 01 80 0B]
[01/01/09 01:33:08.387] 	recv: [7b: 01 04 02 03 1B F9 CB]
[01/01/09 01:33:08.396] send: [8b: 01 04 00 05 00 01 21 CB]
[01/01/09 01:33:08.401] 	recv: [7b: 01 04 02 0E 77 FD 76]
[01/01/09 01:33:08.415] send: [8b: 01 04 00 04 00 01 70 0B]
[01/01/09 01:33:08.419] 	recv: [7b: 01 04 02 14 AA 36 4F]
[01/01/09 01:33:08.436] send: [8b: 01 04 00 06 00 01 D1 CB]
[01/01/09 01:33:08.446] 	recv: [7b: 01 04 02 00 03 F9 31]
[01/01/09 01:33:08.456] send: [8b: 01 04 00 07 00 01 80 0B]
[01/01/09 01:33:08.461] 	recv: [7b: 01 04 02 03 1A 38 0B]
[01/01/09 01:33:08.464] send: [8b: 01 04 00 05 00 01 21 CB]
[01/01/09 01:33:08.477] 	recv: [7b: 01 04 02 0E 77 FD 76]
[01/01/09 01:33:08.484] send: [8b: 01 04 00 04 00 01 70 0B]
[01/01/09 01:33:08.490] 	recv: [7b: 01 04 02 14 AA 36 4F]
[01/01/09 01:33:08.504] send: [8b: 01 04 00 06 00 01 D1 CB]
[01/01/09 01:33:08.507] 	recv: [7b: 01 04 02 00 05 79 33]
[01/01/09 01:33:08.515] send: [8b: 01 04 00 07 00 01 80 0B]
[01/01/09 01:33:08.521] 	recv: [7b: 01 04 02 03 1B F9 CB]
[01/01/09 01:33:08.523] send: [8b: 01 04 00 05 00 01 21 CB]
[01/01/09 01:33:08.527] 	recv: [7b: 01 04 02 0E 77 FD 76]
[01/01/09 01:33:08.534] send: [8b: 01 04 00 04 00 01 70 0B]
[01/01/09 01:33:08.538] 	recv: [7b: 01 04 02 14 AA 36 4F]
[01/01/09 01:33:08.553] send: [8b: 01 04 00 06 00 01 D1 CB]
[01/01/09 01:33:08.558] 	recv: [7b: 01 04 02 00 05 79 33]
[01/01/09 01:33:08.565] send: [8b: 01 04 00 07 00 01 80 0B]
[01/01/09 01:33:08.569] 	recv: [7b: 01 04 02 03 1B F9 CB]
[01/01/09 01:33:08.571] send: [8b: 01 04 00 05 00 01 21 CB]
[01/01/09 01:33:08.581] 	recv: [7b: 01 04 02 0E 77 FD 76]
[01/01/09 01:33:08.594] send: [8b: 01 04 00 04 00 01 70 0B]
[01/01/09 01:33:08.599] 	recv: [7b: 01 04 02 14 A9 76 4E]
[01/01/09 01:33:08.614] send: [8b: 01 04 00 06 00 01 D1 CB]
[01/01/09 01:33:08.626] 	recv: [7b: 01 04 02 00 02 38 F1]
[01/01/09 01:33:08.633] send: [8b: 01 04 00 07 00 01 80 0B]
[01/01/09 01:33:08.641] 	recv: [7b: 01 04 02 03 1B F9 CB]
[01/01/09 01:33:08.643] send: [8b: 01 04 00 05 00 01 21 CB]
[01/01/09 01:33:08.646] 	recv: [7b: 01 04 02 0E 76 3C B6]
[01/01/09 01:33:08.654] send: [8b: 01 04 00 04 00 01 70 0B]
[01/01/09 01:33:08.658] 	recv: [7b: 01 04 02 14 AA 36 4F]
[01/01/09 01:33:08.674] send: [8b: 01 04 00 06 00 01 D1 CB]
[01/01/09 01:33:08.685] 	recv: [7b: 01 04 02 00 02 38 F1]
[01/01/09 01:33:08.693] send: [8b: 01 04 00 07 00 01 80 0B]
[01/01/09 01:33:08.701] 	recv: [7b: 01 04 02 03 1A 38 0B]
[01/01/09 01:33:08.703] send: [8b: 01 04 00 05 00 01 21 CB]
[01/01/09 01:33:08.706] 	recv: [7b: 01 04 02 0E 76 3C B6]
[01/01/09 01:33:08.714] send: [8b: 01 04 00 04 00 01 70 0B]
[01/01/09 01:33:08.719] 	recv: [7b: 01 04 02 14 AA 36 4F]
[01/01/09 01:33:08.733] send: [8b: 01 04 00 06 00 01 D1 CB]
[01/01/09 01:33:08.737] 	recv: [7b: 01 04 02 00 02 38 F1]
[01/01/09 01:33:08.753] send: [8b: 01 04 00 07 00 01 80 0B]
[01/01/09 01:33:08.761] 	recv: [7b: 01 04 02 03 1B F9 CB]
[01/01/09 01:33:08.763] send: [8b: 01 04 00 05 00 01 21 CB]
[01/01/09 01:33:08.766] 	recv: [7b: 01 04 02 0E 77 FD 76]
[01/01/09 01:33:08.773] send: [8b: 01 04 00 04 00 01 70 0B]
[01/01/09 01:33:08.779] 	recv: [7b: 01 04 02 14 AB F7 8F]
[01/01/09 01:33:08.793] send: [8b: 01 04 00 06 00 01 D1 CB]
[01/01/09 01:33:08.806] 	recv: [7b: 01 04 02 00 03 F9 31]
[01/01/09 01:33:08.814] send: [8b: 01 04 00 07 00 01 80 0B]
[01/01/09 01:33:08.821] 	recv: [7b: 01 04 02 03 1B F9 CB]
[01/01/09 01:33:08.823] send: [8b: 01 04 00 05 00 01 21 CB]
[01/01/09 01:33:08.827] 	recv: [7b: 01 04 02 0E 77 FD 76]
[01/01/09 01:33:08.844] send: [8b: 01 04 00 04 00 01 70 0B]
[01/01/09 01:33:08.851] 	recv: [7b: 01 04 02 14 AB F7 8F]
[01/01/09 01:33:08.864] send: [8b: 01 04 00 06 00 01 D1 CB]
[01/01/09 01:33:08.868] 	recv: [7b: 01 04 02 00 02 38 F1]
[01/01/09 01:33:08.884] send: [8b: 01 04 00 07 00 01 80 0B]
[01/01/09 01:33:08.896] 	recv: [7b: 01 04 02 03 1B F9 CB]
[01/01/09 01:33:08.905] send: [8b: 01 04 00 05 00 01 21 CB]
[01/01/09 01:33:08.911] 	recv: [7b: 01 04 02 0E 76 3C B6]
[01/01/09 01:33:08.923] send: [8b: 01 04 00 04 00 01 70 0B]
[01/01/09 01:33:08.928] 	recv: [7b: 01 04 02 14 A9 76 4E]
[01/01/09 01:33:08.944] send: [8b: 01 04 00 06 00 01 D1 CB]
[01/01/09 01:33:08.956] 	recv: [7b: 01 04 02 00 03 F9 31]
[01/01/09 01:33:08.964] send: [8b: 01 04 00 07 00 01 80 0B]
[01/01/09 01:33:08.971] 	recv: [7b: 01 04 02 03 1B F9 CB]
[01/01/09 01:33:08.973] send: [8b: 01 04 00 05 00 01 21 CB]
[01/01/09 01:33:08.976] 	recv: [7b: 01 04 02 0E 76 3C B6]
[01/01/09 01:33:08.984] send: [8b: 01 04 00 04 00 01 70 0B]
[01/01/09 01:33:08.989] 	recv: [7b: 01 04 02 14 AA 36 4F]
[01/01/09 01:33:09.003] send: [8b: 01 04 00 06 00 01 D1 CB]
[01/01/09 01:33:09.016] 	recv: [7b: 01 04 02 00 03 F9 31]
[01/01/09 01:33:09.024] send: [8b: 01 04 00 07 00 01 80 0B]
[01/01/09 01:33:09.031] 	recv: [7b: 01 04 02 03 1A 38 0B]
[01/01/09 01:33:09.033] send: [8b: 01 04 00 05 00 01 21 CB]
[01/01/09 01:33:09.036] 	recv: [7b: 01 04 02 0E 77 FD 76]
[01/01/09 01:33:09.045] send: [8b: 01 04 00 04 00 01 70 0B]
[01/01/09 01:33:09.049] 	recv: [7b: 01 04 02 14 AA 36 4F]
[01/01/09 01:33:09.063] send: [8b: 01 04 00 06 00 01 D1 CB]
[01/01/09 01:33:09.076] 	recv: [7b: 01 04 02 00 02 38 F1]
[01/01/09 01:33:09.084] send: [8b: 01 04 00 07 00 01 80 0B]
[01/01/09 01:33:09.091] 	recv: [7b: 01 04 02 03 1A 38 0B]
[01/01/09 01:33:09.093] send: [8b: 01 04 00 05 00 01 21 CB]
[01/01/09 01:33:09.096] 	recv: [7b: 01 04 02 0E 76 3C B6]
[01/01/09 01:33:09.104] send: [8b: 01 04 00 04 00 01 70 0B]
[01/01/09 01:33:09.109] 	recv: [7b: 01 04 02 14 AB F7 8F]
[01/01/09 01:33:09.124] send: [8b: 01 04 00 06 00 01 D1 CB]
[01/01/09 01:33:09.135] 	recv: [7b: 01 04 02 00 03 F9 31]
[01/01/09 01:33:09.144] send: [8b: 01 04 00 07 00 01 80 0B]
[01/01/09 01:33:09.151] 	recv: [7b: 01 04 02 03 1B F9 CB]
[01/01/09 01:33:09.153] send: [8b: 01 04 00 05 00 01 21 CB]
[01/01/09 01:33:09.157] 	recv: [7b: 01 04 02 0E 76 3C B6]
[01/01/09 01:33:09.175] send: [8b: 01 04 00 04 00 01 70 0B]
[01/01/09 01:33:09.181] 	recv: [7b: 01 04 02 14 AB F7 8F]
[01/01/09 01:33:09.194] send: [8b: 01 04 00 06 00 01 D1 CB]
[01/01/09 01:33:09.199] 	recv: [7b: 01 04 02 00 05 79 33]
[01/01/09 01:33:09.213] send: [8b: 01 04 00 07 00 01 80 0B]
[01/01/09 01:33:09.226] 	recv: [7b: 01 04 02 03 1A 38 0B]
[01/01/09 01:33:09.227] send: [8b: 01 04 00 05 00 01 21 CB]
[01/01/09 01:33:09.231] 	recv: [7b: 01 04 02 0E 76 3C B6]
[01/01/09 01:33:09.245] send: [8b: 01 04 00 04 00 01 70 0B]
[01/01/09 01:33:09.255] 	recv: [7b: 01 04 02 14 A9 76 4E]
[01/01/09 01:33:09.266] send: [8b: 01 04 00 06 00 01 D1 CB]
[01/01/09 01:33:09.270] 	recv: [7b: 01 04 02 00 02 38 F1]
[01/01/09 01:33:09.285] send: [8b: 01 04 00 07 00 01 80 0B]
[01/01/09 01:33:09.289] 	recv: [7b: 01 04 02 03 1C B8 09]
[01/01/09 01:33:09.290] send: [8b: 01 04 00 05 00 01 21 CB]
[01/01/09 01:33:09.301] 	recv: [7b: 01 04 02 0E 76 3C B6]
[01/01/09 01:33:09.314] send: [8b: 01 04 00 04 00 01 70 0B]
[01/01/09 01:33:09.318] 	recv: [7b: 01 04 02 14 AA 36 4F]
[01/01/09 01:33:09.334] send: [8b: 01 04 00 06 00 01 D1 CB]
[01/01/09 01:33:09.347] 	recv: [7b: 01 04 02 00 01 78 F0]
[01/01/09 01:33:09.364] send: [8b: 01 04 00 07 00 01 80 0B]
[01/01/09 01:33:09.377] 	recv: [7b: 01 04 02 03 1B F9 CB]
[01/01/09 01:33:09.386] send: [8b: 01 04 00 05 00 01 21 CB]
[01/01/09 01:33:09.390] 	recv: [7b: 01 04 02 0E 77 FD 76]
[01/01/09 01:33:09.405] send: [8b: 01 04 00 04 00 01 70 0B]
[01/01/09 01:33:09.409] 	recv: [7b: 01 04 02 14 AA 36 4F]
[01/01/09 01:33:09.425] send: [8b: 01 04 00 06 00 01 D1 CB]
[01/01/09 01:33:09.436] 	recv: [7b: 01 04 02 00 03 F9 31]
[01/01/09 01:33:09.444] send: [8b: 01 04 00 07 00 01 80 0B]
[01/01/09 01:33:09.451] 	recv: [7b: 01 04 02 03 1B F9 CB]
[01/01/09 01:33:09.453] send: [8b: 01 04 00 05 00 01 21 CB]
[01/01/09 01:33:09.457] 	recv: [7b: 01 04 02 0E 77 FD 76]
[01/01/09 01:33:09.464] send: [8b: 01 04 00 04 00 01 70 0B]
[01/01/09 01:33:09.468] 	recv: [7b: 01 04 02 14 AB F7 8F]
[01/01/09 01:33:09.485] send: [8b: 01 04 00 06 00 01 D1 CB]
[01/01/09 01:33:09.496] 	recv: [7b: 01 04 02 00 02 38 F1]
[01/01/09 01:33:09.504] send: [8b: 01 04 00 07 00 01 80 0B]
[01/01/09 01:33:09.511] 	recv: [7b: 01 04 02 03 1B F9 CB]
[01/01/09 01:33:09.513] send: [8b: 01 04 00 05 00 01 21 CB]
[01/01/09 01:33:09.517] 	recv: [7b: 01 04 02 0E 76 3C B6]
[01/01/09 01:33:09.525] send: [8b: 01 04 00 04 00 01 70 0B]
[01/01/09 01:33:09.530] 	recv: [7b: 01 04 02 14 AB F7 8F]
[01/01/09 01:33:09.546] send: [8b: 01 04 00 06 00 01 D1 CB]
[01/01/09 01:33:09.555] 	recv: [7b: 01 04 02 00 03 F9 31]
[01/01/09 01:33:09.563] send: [8b: 01 04 00 07 00 01 80 0B]
[01/01/09 01:33:09.570] 	recv: [7b: 01 04 02 03 1B F9 CB]
[01/01/09 01:33:09.572] send: [8b: 01 04 00 05 00 01 21 CB]
[01/01/09 01:33:09.575] 	recv: [7b: 01 04 02 0E 76 3C B6]
[01/01/09 01:33:09.586] send: [8b: 01 04 00 04 00 01 70 0B]
[01/01/09 01:33:09.590] 	recv: [7b: 01 04 02 14 AB F7 8F]
[01/01/09 01:33:09.606] send: [8b: 01 04 00 06 00 01 D1 CB]
[01/01/09 01:33:09.615] 	recv: [7b: 01 04 02 00 02 38 F1]
[01/01/09 01:33:09.626] send: [8b: 01 04 00 07 00 01 80 0B]
[01/01/09 01:33:09.630] 	recv: [7b: 01 04 02 03 1B F9 CB]
[01/01/09 01:33:09.632] send: [8b: 01 04 00 05 00 01 21 CB]
[01/01/09 01:33:09.636] 	recv: [7b: 01 04 02 0E 76 3C B6]
[01/01/09 01:33:09.644] send: [8b: 01 04 00 04 00 01 70 0B]
[01/01/09 01:33:09.648] 	recv: [7b: 01 04 02 14 A8 B7 8E]
[01/01/09 01:33:09.655] send: [8b: 01 04 00 06 00 01 D1 CB]
[01/01/09 01:33:09.661] 	recv: [7b: 01 04 02 00 02 38 F1]
[01/01/09 01:33:09.675] send: [8b: 01 04 00 07 00 01 80 0B]
[01/01/09 01:33:09.680] 	recv: [7b: 01 04 02 03 1B F9 CB]
[01/01/09 01:33:09.682] send: [8b: 01 04 00 05 00 01 21 CB]
[01/01/09 01:33:09.691] 	recv: [7b: 01 04 02 0E 77 FD 76]
[01/01/09 01:33:09.704] send: [8b: 01 04 00 04 00 01 70 0B]
[01/01/09 01:33:09.708] 	recv: [7b: 01 04 02 14 AA 36 4F]
[01/01/09 01:33:09.724] send: [8b: 01 04 00 06 00 01 D1 CB]
[01/01/09 01:33:09.736] 	recv: [7b: 01 04 02 00 03 F9 31]
[01/01/09 01:33:09.745] send: [8b: 01 04 00 07 00 01 80 0B]
[01/01/09 01:33:09.751] 	recv: [7b: 01 04 02 03 1B F9 CB]
[01/01/09 01:33:09.753] send: [8b: 01 04 00 05 00 01 21 CB]
[01/01/09 01:33:09.757] 	recv: [7b: 01 04 02 0E 76 3C B6]
[01/01/09 01:33:09.765] send: [8b: 01 04 00 04 00 01 70 0B]
[01/01/09 01:33:09.769] 	recv: [7b: 01 04 02 14 A9 76 4E]
[01/01/09 01:33:09.785] send: [8b: 01 04 00 06 00 01 D1 CB]
[01/01/09 01:33:09.796] 	recv: [7b: 01 04 02 00 04 B8 F3]
[01/01/09 01:33:09.803] send: [8b: 01 04 00 07 00 01 80 0B]
[01/01/09 01:33:09.811] 	recv: [7b: 01 04 02 03 1B F9 CB]
[01/01/09 01:33:09.812] send: [8b: 01 04 00 05 00 01 21 CB]
[01/01/09 01:33:09.816] 	recv: [7b: 01 04 02 0E 76 3C B6]
[01/01/09 01:33:09.824] send: [8b: 01 04 00 04 00 01 70 0B]
[01/01/09 01:33:09.829] 	recv: [7b: 01 04 02 14 AA 36 4F]
[01/01/09 01:33:09.844] send: [8b: 01 04 00 06 00 01 D1 CB]
[01/01/09 01:33:09.855] 	recv: [7b: 01 04 02 00 03 F9 31]
[01/01/09 01:33:09.864] send: [8b: 01 04 00 07 00 01 80 0B]
[01/01/09 01:33:09.870] 	recv: [7b: 01 04 02 03 1A 38 0B]
[01/01/09 01:33:09.872] send: [8b: 01 04 00 05 00 01 21 CB]
[01/01/09 01:33:09.876] 	recv: [7b: 01 04 02 0E 76 3C B6]
[01/01/09 01:33:09.883] send: [8b: 01 04 00 04 00 01 70 0B]
[01/01/09 01:33:09.888] 	recv: [7b: 01 04 02 14 A9 76 4E]
[01/01/09 01:33:09.904] send: [8b: 01 04 00 06 00 01 D1 CB]
[01/01/09 01:33:09.916] 	recv: [7b: 01 04 02 00 04 B8 F3]
[01/01/09 01:33:09.924] send: [8b: 01 04 00 07 00 01 80 0B]
[01/01/09 01:33:09.931] 	recv: [7b: 01 04 02 03 1A 38 0B]
[01/01/09 01:33:09.933] send: [8b: 01 04 00 05 00 01 21 CB]
[01/01/09 01:33:09.937] 	recv: [7b: 01 04 02 0E 78 BD 72]
[01/01/09 01:33:09.944] send: [8b: 01 04 00 04 00 01 70 0B]
[01/01/09 01:33:09.948] 	recv: [7b: 01 04 02 14 A9 76 4E]
[01/01/09 01:33:09.964] send: [8b: 01 04 00 06 00 01 D1 CB]
[01/01/09 01:33:09.976] 	recv: [7b: 01 04 02 00 03 F9 31]
[01/01/09 01:33:09.985] send: [8b: 01 04 00 07 00 01 80 0B]
[01/01/09 01:33:09.990] 	recv: [7b: 01 04 02 03 1B F9 CB]
[01/01/09 01:33:09.993] send: [8b: 01 04 00 05 00 01 21 CB]
[01/01/09 01:33:09.996] 	recv: [7b: 01 04 02 0E 76 3C B6]
[01/01/09 01:33:10.004] send: [8b: 01 04 00 04 00 01 70 0B]
[01/01/09 01:33:10.009] 	recv: [7b: 01 04 02 14 AA 36 4F]
[01/01/09 01:33:10.025] send: [8b: 01 04 00 06 00 01 D1 CB]
[01/01/09 01:33:10.037] 	recv: [7b: 01 04 02 00 03 F9 31]
[01/01/09 01:33:10.045] send: [8b: 01 04 00 07 00 01 80 0B]
[01/01/09 01:33:10.050] 	recv: [7b: 01 04 02 03 1B F9 CB]
[01/01/09 01:33:10.052] send: [8b: 01 04 00 05 00 01 21 CB]
[01/01/09 01:33:10.057] 	recv: [7b: 01 04 02 0E 76 3C B6]
[01/01/09 01:33:10.074] send: [8b: 01 04 00 04 00 01 70 0B]
[01/01/09 01:33:10.081] 	recv: [7b: 01 04 02 14 A9 76 4E]
[01/01/09 01:33:10.096] send: [8b: 01 04 00 06 00 01 D1 CB]
[01/01/09 01:33:10.100] 	recv: [7b: 01 04 02 00 04 B8 F3]
[01/01/09 01:33:10.116] send: [8b: 01 04 00 07 00 01 80 0B]
[01/01/09 01:33:10.126] 	recv: [7b: 01 04 02 03 1B F9 CB]
[01/01/09 01:33:10.135] send: [8b: 01 04 00 05 00 01 21 CB]
[01/01/09 01:33:10.141] 	recv: [7b: 01 04 02 0E 77 FD 76]
[01/01/09 01:33:10.154] send: [8b: 01 04 00 04 00 01 70 0B]
[01/01/09 01:33:10.159] 	recv: [7b: 01 04 02 14 AA 36 4F]
[01/01/09 01:33:10.175] send: [8b: 01 04 00 06 00 01 D1 CB]
[01/01/09 01:33:10.186] 	recv: [7b: 01 04 02 00 04 B8 F3]
[01/01/09 01:33:10.195] send: [8b: 01 04 00 07 00 01 80 0B]
[01/01/09 01:33:10.200] 	recv: [7b: 01 04 02 03 1B F9 CB]
[01/01/09 01:33:10.203] send: [8b: 01 04 00 05 00 01 21 CB]
[01/01/09 01:33:10.207] 	recv: [7b: 01 04 02 0E 77 FD 76]
[01/01/09 01:33:10.217] send: [8b: 01 04 00 04 00 01 70 0B]
[01/01/09 01:33:10.222] 	recv: [7b: 01 04 02 14 A8 B7 8E]
[01/01/09 01:33:10.237] send: [8b: 01 04 00 06 00 01 D1 CB]
[01/01/09 01:33:10.246] 	recv: [7b: 01 04 02 00 04 B8 F3]
[01/01/09 01:33:10.254] send: [8b: 01 04 00 07 00 01 80 0B]
[01/01/09 01:33:10.261] 	recv: [7b: 01 04 02 03 1B F9 CB]
[01/01/09 01:33:10.262] send: [8b: 01 04 00 05 00 01 21 CB]
[01/01/09 01:33:10.266] 	recv: [7b: 01 04 02 0E 78 BD 72]
[01/01/09 01:33:10.277] send: [8b: 01 04 00 04 00 01 70 0B]
[01/01/09 01:33:10.281] 	recv: [7b: 01 04 02 14 A9 76 4E]
[01/01/09 01:33:10.297] send: [8b: 01 04 00 06 00 01 D1 CB]
[01/01/09 01:33:10.306] 	recv: [7b: 01 04 02 00 03 F9 31]
[01/01/09 01:33:10.315] send: [8b: 01 04 00 07 00 01 80 0B]
[01/01/09 01:33:10.321] 	recv: [7b: 01 04 02 03 1B F9 CB]
[01/01/09 01:33:10.323] send: [8b: 01 04 00 05 00 01 21 CB]
[01/01/09 01:33:10.326] 	recv: [7b: 01 04 02 0E 77 FD 76]
[01/01/09 01:33:10.336] send: [8b: 01 04 00 04 00 01 70 0B]
[01/01/09 01:33:10.341] 	recv: [7b: 01 04 02 14 AA 36 4F]
[01/01/09 01:33:10.354] send: [8b: 01 04 00 06 00 01 D1 CB]
[01/01/09 01:33:10.365] 	recv: [7b: 01 04 02 00 03 F9 31]
[01/01/09 01:33:10.374] send: [8b: 01 04 00 07 00 01 80 0B]
[01/01/09 01:33:10.381] 	recv: [7b: 01 04 02 03 1C B8 09]
[01/01/09 01:33:10.382] send: [8b: 01 04 00 05 00 01 21 CB]
[01/01/09 01:33:10.386] 	recv: [7b: 01 04 02 0E 76 3C B6]
[01/01/09 01:33:10.394] send: [8b: 01 04 00 04 00 01 70 0B]
[01/01/09 01:33:10.398] 	recv: [7b: 01 04 02 14 A9 76 4E]
[01/01/09 01:33:10.415] send: [8b: 01 04 00 06 00 01 D1 CB]
[01/01/09 01:33:10.426] 	recv: [7b: 01 04 02 00 03 F9 31]
[01/01/09 01:33:10.434] send: [8b: 01 04 00 07 00 01 80 0B]
[01/01/09 01:33:10.441] 	recv: [7b: 01 04 02 03 1C B8 09]
[01/01/09 01:33:10.442] send: [8b: 01 04 00 05 00 01 21 CB]
[01/01/09 01:33:10.446] 	recv: [7b: 01 04 02 0E 76 3C B6]
[01/01/09 01:33:10.454] send: [8b: 01 04 00 04 00 01 70 0B]
[01/01/09 01:33:10.458] 	recv: [7b: 01 04 02 14 A9 76 4E]
[01/01/09 01:33:10.474] send: [8b: 01 04 00 06 00 01 D1 CB]
[01/01/09 01:33:10.486] 	recv: [7b: 01 04 02 00 03 F9 31]
[01/01/09 01:33:10.494] send: [8b: 01 04 00 07 00 01 80 0B]
[01/01/09 01:33:10.501] 	recv: [7b: 01 04 02 03 1B F9 CB]
[01/01/09 01:33:10.503] send: [8b: 01 04 00 05 00 01 21 CB]
[01/01/09 01:33:10.507] 	recv: [7b: 01 04 02 0E 76 3C B6]
[01/01/09 01:33:10.515] send: [8b: 01 04 00 04 00 01 70 0B]
[01/01/09 01:33:10.519] 	recv: [7b: 01 04 02 14 AA 36 4F]
[01/01/09 01:33:10.534] send: [8b: 01 04 00 06 00 01 D1 CB]
[01/01/09 01:33:10.546] 	recv: [7b: 01 04 02 00 03 F9 31]
[01/01/09 01:33:10.555] send: [8b: 01 04 00 07 00 01 80 0B]
[01/01/09 01:33:10.561] 	recv: [7b: 01 04 02 03 1B F9 CB]
[01/01/09 01:33:10.564] send: [8b: 01 04 00 05 00 01 21 CB]
[01/01/09 01:33:10.576] 	recv: [7b: 01 04 02 0E 76 3C B6]
[01/01/09 01:33:10.585] send: [8b: 01 04 00 04 00 01 70 0B]
[01/01/09 01:33:10.591] 	recv: [7b: 01 04 02 14 AB F7 8F]
[01/01/09 01:33:10.605] send: [8b: 01 04 00 06 00 01 D1 CB]
[01/01/09 01:33:10.610] 	recv: [7b: 01 04 02 00 03 F9 31]
[01/01/09 01:33:10.625] send: [8b: 01 04 00 07 00 01 80 0B]
[01/01/09 01:33:10.635] 	recv: [7b: 01 04 02 03 1A 38 0B]
[01/01/09 01:33:10.637] send: [8b: 01 04 00 05 00 01 21 CB]
[01/01/09 01:33:10.641] 	recv: [7b: 01 04 02 0E 77 FD 76]
[01/01/09 01:33:10.656] send: [8b: 01 04 00 04 00 01 70 0B]
[01/01/09 01:33:10.665] 	recv: [7b: 01 04 02 14 AA 36 4F]
[01/01/09 01:33:10.674] send: [8b: 01 04 00 06 00 01 D1 CB]
[01/01/09 01:33:10.681] 	recv: [7b: 01 04 02 00 03 F9 31]
[01/01/09 01:33:10.694] send: [8b: 01 04 00 07 00 01 80 0B]
[01/01/09 01:33:10.698] 	recv: [7b: 01 04 02 03 1B F9 CB]
[01/01/09 01:33:10.701] send: [8b: 01 04 00 05 00 01 21 CB]
[01/01/09 01:33:10.711] 	recv: [7b: 01 04 02 0E 76 3C B6]
[01/01/09 01:33:10.724] send: [8b: 01 04 00 04 00 01 70 0B]
[01/01/09 01:33:10.729] 	recv: [7b: 01 04 02 14 AB F7 8F]
[01/01/09 01:33:10.744] send: [8b: 01 04 00 06 00 01 D1 CB]
[01/01/09 01:33:10.756] 	recv: [7b: 01 04 02 00 02 38 F1]
[01/01/09 01:33:10.764] send: [8b: 01 04 00 07 00 01 80 0B]
[01/01/09 01:33:10.771] 	recv: [7b: 01 04 02 03 1A 38 0B]
[01/01/09 01:33:10.772] send: [8b: 01 04 00 05 00 01 21 CB]
[01/01/09 01:33:10.776] 	recv: [7b: 01 04 02 0E 76 3C B6]
[01/01/09 01:33:10.784] send: [8b: 01 04 00 04 00 01 70 0B]
[01/01/09 01:33:10.789] 	recv: [7b: 01 04 02 14 AB F7 8F]
[01/01/09 01:33:10.804] send: [8b: 01 04 00 06 00 01 D1 CB]
[01/01/09 01:33:10.816] 	recv: [7b: 01 04 02 00 03 F9 31]
[01/01/09 01:33:10.824] send: [8b: 01 04 00 07 00 01 80 0B]
[01/01/09 01:33:10.831] 	recv: [7b: 01 04 02 03 1D 79 C9]
[01/01/09 01:33:10.834] send: [8b: 01 04 00 05 00 01 21 CB]
[01/01/09 01:33:10.847] 	recv: [7b: 01 04 02 0E 77 FD 76]
[01/01/09 01:33:10.854] send: [8b: 01 04 00 04 00 01 70 0B]
[01/01/09 01:33:10.861] 	recv: [7b: 01 04 02 14 AB F7 8F]
[01/01/09 01:33:10.873] send: [8b: 01 04 00 06 00 01 D1 CB]
[01/01/09 01:33:10.877] 	recv: [7b: 01 04 02 00 03 F9 31]
[01/01/09 01:33:10.894] send: [8b: 01 04 00 07 00 01 80 0B]
[01/01/09 01:33:10.905] 	recv: [7b: 01 04 02 03 1C B8 09]
[01/01/09 01:33:10.915] send: [8b: 01 04 00 05 00 01 21 CB]
[01/01/09 01:33:10.921] 	recv: [7b: 01 04 02 0E 77 FD 76]
[01/01/09 01:33:10.934] send: [8b: 01 04 00 04 00 01 70 0B]
[01/01/09 01:33:10.938] 	recv: [7b: 01 04 02 14 AA 36 4F]
[01/01/09 01:33:10.955] send: [8b: 01 04 00 06 00 01 D1 CB]
[01/01/09 01:33:10.966] 	recv: [7b: 01 04 02 00 03 F9 31]
[01/01/09 01:33:10.974] send: [8b: 01 04 00 07 00 01 80 0B]
[01/01/09 01:33:10.981] 	recv: [7b: 01 04 02 03 1B F9 CB]
[01/01/09 01:33:10.983] send: [8b: 01 04 00 05 00 01 21 CB]
[01/01/09 01:33:10.987] 	recv: [7b: 01 04 02 0E 77 FD 76]
[01/01/09 01:33:10.994] send: [8b: 01 04 00 04 00 01 70 0B]
[01/01/09 01:33:10.998] 	recv: [7b: 01 04 02 14 AB F7 8F]
[01/01/09 01:33:11.014] send: [8b: 01 04 00 06 00 01 D1 CB]
[01/01/09 01:33:11.026] 	recv: [7b: 01 04 02 00 02 38 F1]
[01/01/09 01:33:11.034] send: [8b: 01 04 00 07 00 01 80 0B]
[01/01/09 01:33:11.041] 	recv: [7b: 01 04 02 03 1C B8 09]
[01/01/09 01:33:11.043] send: [8b: 01 04 00 05 00 01 21 CB]
[01/01/09 01:33:11.046] 	recv: [7b: 01 04 02 0E 77 FD 76]
[01/01/09 01:33:11.055] send: [8b: 01 04 00 04 00 01 70 0B]
[01/01/09 01:33:11.060] 	recv: [7b: 01 04 02 14 AB F7 8F]
[01/01/09 01:33:11.073] send: [8b: 01 04 00 06 00 01 D1 CB]
[01/01/09 01:33:11.086] 	recv: [7b: 01 04 02 00 03 F9 31]
[01/01/09 01:33:11.095] send: [8b: 01 04 00 07 00 01 80 0B]
[01/01/09 01:33:11.101] 	recv: [7b: 01 04 02 03 1B F9 CB]
[01/01/09 01:33:11.104] send: [8b: 01 04 00 05 00 01 21 CB]
[01/01/09 01:33:11.107] 	recv: [7b: 01 04 02 0E 76 3C B6]
[01/01/09 01:33:11.125] send: [8b: 01 04 00 04 00 01 70 0B]
[01/01/09 01:33:11.130] 	recv: [7b: 01 04 02 14 AA 36 4F]
[01/01/09 01:33:11.144] send: [8b: 01 04 00 06 00 01 D1 CB]
[01/01/09 01:33:11.148] 	recv: [7b: 01 04 02 00 02 38 F1]
[01/01/09 01:33:11.164] send: [8b: 01 04 00 07 00 01 80 0B]
[01/01/09 01:33:11.175] 	recv: [7b: 01 04 02 03 1B F9 CB]
[01/01/09 01:33:11.177] send: [8b: 01 04 00 05 00 01 21 CB]
[01/01/09 01:33:11.182] 	recv: [7b: 01 04 02 0E 75 7C B7]
[01/01/09 01:33:11.195] send: [8b: 01 04 00 04 00 01 70 0B]
[01/01/09 01:33:11.206] 	recv: [7b: 01 04 02 14 AA 36 4F]
[01/01/09 01:33:11.216] send: [8b: 01 04 00 06 00 01 D1 CB]
[01/01/09 01:33:11.222] 	recv: [7b: 01 04 02 00 03 F9 31]
[01/01/09 01:33:11.236] send: [8b: 01 04 00 07 00 01 80 0B]
[01/01/09 01:33:11.241] 	recv: [7b: 01 04 02 03 1B F9 CB]
[01/01/09 01:33:11.243] send: [8b: 01 04 00 05 00 01 21 CB]
[01/01/09 01:33:11.251] 	recv: [7b: 01 04 02 0E 76 3C B6]
[01/01/09 01:33:11.263] send: [8b: 01 04 00 04 00 01 70 0B]
[01/01/09 01:33:11.268] 	recv: [7b: 01 04 02 14 A9 76 4E]
[01/01/09 01:33:11.284] send: [8b: 01 04 00 06 00 01 D1 CB]
[01/01/09 01:33:11.296] 	recv: [7b: 01 04 02 00 02 38 F1]
[01/01/09 01:33:11.306] send: [8b: 01 04 00 07 00 01 80 0B]
[01/01/09 01:33:11.310] 	recv: [7b: 01 04 02 03 1C B8 09]
[01/01/09 01:33:11.312] send: [8b: 01 04 00 05 00 01 21 CB]
[01/01/09 01:33:11.316] 	recv: [7b: 01 04 02 0E 76 3C B6]
[01/01/09 01:33:11.325] send: [8b: 01 04 00 04 00 01 70 0B]
[01/01/09 01:33:11.329] 	recv: [7b: 01 04 02 14 A8 B7 8E]
[01/01/09 01:33:11.345] send: [8b: 01 04 00 06 00 01 D1 CB]
[01/01/09 01:33:11.356] 	recv: [7b: 01 04 02 00 04 B8 F3]
[01/01/09 01:33:11.364] send: [8b: 01 04 00 07 00 01 80 0B]
[01/01/09 01:33:11.371] 	recv: [7b: 01 04 02 03 1B F9 CB]
[01/01/09 01:33:11.372] send: [8b: 01 04 00 05 00 01 21 CB]
[01/01/09 01:33:11.376] 	recv: [7b: 01 04 02 0E 76 3C B6]
[01/01/09 01:33:11.384] send: [8b: 01 04 00 04 00 01 70 0B]
[01/01/09 01:33:11.388] 	recv: [7b: 01 04 02 14 AA 36 4F]
[01/01/09 01:33:11.404] send: [8b: 01 04 00 06 00 01 D1 CB]
[01/01/09 01:33:11.416] 	recv: [7b: 01 04 02 00 02 38 F1]
[01/01/09 01:33:11.424] send: [8b: 01 04 00 07 00 01 80 0B]
[01/01/09 01:33:11.430] 	recv: [7b: 01 04 02 03 1A 38 0B]
[01/01/09 01:33:11.432] send: [8b: 01 04 00 05 00 01 21 CB]
[01/01/09 01:33:11.436] 	recv: [7b: 01 04 02 0E 76 3C B6]
[01/01/09 01:33:11.445] send: [8b: 01 04 00 04 00 01 70 0B]
[01/01/09 01:33:11.449] 	recv: [7b: 01 04 02 14 AC B6 4D]
[01/01/09 01:33:11.465] send: [8b: 01 04 00 06 00 01 D1 CB]
[01/01/09 01:33:11.476] 	recv: [7b: 01 04 02 00 03 F9 31]
[01/01/09 01:33:11.485] send: [8b: 01 04 00 07 00 01 80 0B]
[01/01/09 01:33:11.490] 	recv: [7b: 01 04 02 03 1B F9 CB]
[01/01/09 01:33:11.492] send: [8b: 01 04 00 05 00 01 21 CB]
[01/01/09 01:33:11.496] 	recv: [7b: 01 04 02 0E 76 3C B6]
[01/01/09 01:33:11.504] send: [8b: 01 04 00 04 00 01 70 0B]
[01/01/09 01:33:11.508] 	recv: [7b: 01 04 02 14 AA 36 4F]
[01/01/09 01:33:11.525] send: [8b: 01 04 00 06 00 01 D1 CB]
[01/01/09 01:33:11.536] 	recv: [7b: 01 04 02 00 03 F9 31]
[01/01/09 01:33:11.544] send: [8b: 01 04 00 07 00 01 80 0B]
[01/01/09 01:33:11.551] 	recv: [7b: 01 04 02 03 1A 38 0B]
[01/01/09 01:33:11.552] send: [8b: 01 04 00 05 00 01 21 CB]
[01/01/09 01:33:11.557] 	recv: [7b: 01 04 02 0E 77 FD 76]
[01/01/09 01:33:11.563] send: [8b: 01 04 00 04 00 01 70 0B]
[01/01/09 01:33:11.568] 	recv: [7b: 01 04 02 14 AA 36 4F]
[01/01/09 01:33:11.584] send: [8b: 01 04 00 06 00 01 D1 CB]
[01/01/09 01:33:11.595] 	recv: [7b: 01 04 02 00 03 F9 31]
[01/01/09 01:33:11.603] send: [8b: 01 04 00 07 00 01 80 0B]
[01/01/09 01:33:11.611] 	recv: [7b: 01 04 02 03 1C B8 09]
[01/01/09 01:33:11.612] send: [8b: 01 04 00 05 00 01 21 CB]
[01/01/09 01:33:11.616] 	recv: [7b: 01 04 02 0E 76 3C B6]
[01/01/09 01:33:11.625] send: [8b: 01 04 00 04 00 01 70 0B]
[01/01/09 01:33:11.629] 	recv: [7b: 01 04 02 14 AA 36 4F]
[01/01/09 01:33:11.643] send: [8b: 01 04 00 06 00 01 D1 CB]
[01/01/09 01:33:11.655] 	recv: [7b: 01 04 02 00 03 F9 31]
[01/01/09 01:33:11.664] send: [8b: 01 04 00 07 00 01 80 0B]
[01/01/09 01:33:11.671] 	recv: [7b: 01 04 02 03 1B F9 CB]
[01/01/09 01:33:11.673] send: [8b: 01 04 00 05 00 01 21 CB]
[01/01/09 01:33:11.677] 	recv: [7b: 01 04 02 0E 76 3C B6]
[01/01/09 01:33:11.694] send: [8b: 01 04 00 04 00 01 70 0B]
[01/01/09 01:33:11.701] 	recv: [7b: 01 04 02 14 AA 36 4F]
[01/01/09 01:33:11.714] send: [8b: 01 04 00 06 00 01 D1 CB]
[01/01/09 01:33:11.719] 	recv: [7b: 01 04 02 00 03 F9 31]
[01/01/09 01:33:11.735] send: [8b: 01 04 00 07 00 01 80 0B]
[01/01/09 01:33:11.746] 	recv: [7b: 01 04 02 03 1B F9 CB]
[01/01/09 01:33:11.754] send: [8b: 01 04 00 05 00 01 21 CB]
[01/01/09 01:33:11.760] 	recv: [7b: 01 04 02 0E 75 7C B7]
[01/01/09 01:33:11.774] send: [8b: 01 04 00 04 00 01 70 0B]
[01/01/09 01:33:11.778] 	recv: [7b: 01 04 02 14 AA 36 4F]
[01/01/09 01:33:11.794] send: [8b: 01 04 00 06 00 01 D1 CB]
[01/01/09 01:33:11.806] 	recv: [7b: 01 04 02 00 03 F9 31]
[01/01/09 01:33:11.814] send: [8b: 01 04 00 07 00 01 80 0B]
[01/01/09 01:33:11.821] 	recv: [7b: 01 04 02 03 1C B8 09]
[01/01/09 01:33:11.823] send: [8b: 01 04 00 05 00 01 21 CB]
[01/01/09 01:33:11.827] 	recv: [7b: 01 04 02 0E 77 FD 76]
[01/01/09 01:33:11.834] send: [8b: 01 04 00 04 00 01 70 0B]
[01/01/09 01:33:11.839] 	recv: [7b: 01 04 02 14 A9 76 4E]
[01/01/09 01:33:11.854] send: [8b: 01 04 00 06 00 01 D1 CB]
[01/01/09 01:33:11.865] 	recv: [7b: 01 04 02 00 03 F9 31]
[01/01/09 01:33:11.874] send: [8b: 01 04 00 07 00 01 80 0B]
[01/01/09 01:33:11.881] 	recv: [7b: 01 04 02 03 1B F9 CB]
[01/01/09 01:33:11.883] send: [8b: 01 04 00 05 00 01 21 CB]
[01/01/09 01:33:11.887] 	recv: [7b: 01 04 02 0E 76 3C B6]
[01/01/09 01:33:11.894] send: [8b: 01 04 00 04 00 01 70 0B]
[01/01/09 01:33:11.898] 	recv: [7b: 01 04 02 14 A9 76 4E]
[01/01/09 01:33:11.915] send: [8b: 01 04 00 06 00 01 D1 CB]
[01/01/09 01:33:11.926] 	recv: [7b: 01 04 02 00 02 38 F1]
[01/01/09 01:33:11.935] send: [8b: 01 04 00 07 00 01 80 0B]
[01/01/09 01:33:11.940] 	recv: [7b: 01 04 02 03 1A 38 0B]
[01/01/09 01:33:11.942] send: [8b: 01 04 00 05 00 01 21 CB]
[01/01/09 01:33:11.947] 	recv: [7b: 01 04 02 0E 78 BD 72]
[01/01/09 01:33:11.955] send: [8b: 01 04 00 04 00 01 70 0B]
[01/01/09 01:33:11.959] 	recv: [7b: 01 04 02 14 A9 76 4E]
[01/01/09 01:33:11.975] send: [8b: 01 04 00 06 00 01 D1 CB]
[01/01/09 01:33:11.987] 	recv: [7b: 01 04 02 00 03 F9 31]
[01/01/09 01:33:11.995] send: [8b: 01 04 00 07 00 01 80 0B]
[01/01/09 01:33:12.001] 	recv: [7b: 01 04 02 03 1A 38 0B]
[01/01/09 01:33:12.003] send: [8b: 01 04 00 05 00 01 21 CB]
[01/01/09 01:33:12.007] 	recv: [7b: 01 04 02 0E 78 BD 72]
[01/01/09 01:33:12.017] send: [8b: 01 04 00 04 00 01 70 0B]
[01/01/09 01:33:12.022] 	recv: [7b: 01 04 02 14 AA 36 4F]
[01/01/09 01:33:12.035] send: [8b: 01 04 00 06 00 01 D1 CB]
[01/01/09 01:33:12.046] 	recv: [7b: 01 04 02 00 03 F9 31]
[01/01/09 01:33:12.055] send: [8b: 01 04 00 07 00 01 80 0B]
[01/01/09 01:33:12.061] 	recv: [7b: 01 04 02 03 1B F9 CB]
[01/01/09 01:33:12.063] send: [8b: 01 04 00 05 00 01 21 CB]
[01/01/09 01:33:12.067] 	recv: [7b: 01 04 02 0E 76 3C B6]
[01/01/09 01:33:12.075] send: [8b: 01 04 00 04 00 01 70 0B]
[01/01/09 01:33:12.079] 	recv: [7b: 01 04 02 14 AA 36 4F]
[01/01/09 01:33:12.093] send: [8b: 01 04 00 06 00 01 D1 CB]
[01/01/09 01:33:12.106] 	recv: [7b: 01 04 02 00 04 B8 F3]
[01/01/09 01:33:12.114] send: [8b: 01 04 00 07 00 01 80 0B]
[01/01/09 01:33:12.121] 	recv: [7b: 01 04 02 03 1B F9 CB]
[01/01/09 01:33:12.122] send: [8b: 01 04 00 05 00 01 21 CB]
[01/01/09 01:33:12.126] 	recv: [7b: 01 04 02 0E 77 FD 76]
[01/01/09 01:33:12.134] send: [8b: 01 04 00 04 00 01 70 0B]
[01/01/09 01:33:12.138] 	recv: [7b: 01 04 02 14 AA 36 4F]
[01/01/09 01:33:12.155] send: [8b: 01 04 00 06 00 01 D1 CB]
[01/01/09 01:33:12.165] 	recv: [7b: 01 04 02 00 03 F9 31]
[01/01/09 01:33:12.174] send: [8b: 01 04 00 07 00 01 80 0B]
[01/01/09 01:33:12.181] 	recv: [7b: 01 04 02 03 1A 38 0B]
[01/01/09 01:33:12.182] send: [8b: 01 04 00 05 00 01 21 CB]
[01/01/09 01:33:12.186] 	recv: [7b: 01 04 02 0E 76 3C B6]
[01/01/09 01:33:12.195] send: [8b: 01 04 00 04 00 01 70 0B]
[01/01/09 01:33:12.199] 	recv: [7b: 01 04 02 14 AB F7 8F]
[01/01/09 01:33:12.206] send: [8b: 01 04 00 06 00 01 D1 CB]
[01/01/09 01:33:12.210] 	recv: [7b: 01 04 02 00 03 F9 31]
[01/01/09 01:33:12.226] send: [8b: 01 04 00 07 00 01 80 0B]
[01/01/09 01:33:12.230] 	recv: [7b: 01 04 02 03 1A 38 0B]
[01/01/09 01:33:12.233] send: [8b: 01 04 00 05 00 01 21 CB]
[01/01/09 01:33:12.241] 	recv: [7b: 01 04 02 0E 78 BD 72]
[01/01/09 01:33:12.254] send: [8b: 01 04 00 04 00 01 70 0B]
[01/01/09 01:33:12.258] 	recv: [7b: 01 04 02 14 AB F7 8F]
[01/01/09 01:33:12.266] send: [8b: 01 04 00 06 00 01 D1 CB]
[01/01/09 01:33:12.272] 	recv: [7b: 01 04 02 00 03 F9 31]
[01/01/09 01:33:12.286] send: [8b: 01 04 00 07 00 01 80 0B]
[01/01/09 01:33:12.290] 	recv: [7b: 01 04 02 03 1B F9 CB]
[01/01/09 01:33:12.298] send: [8b: 01 04 00 05 00 01 21 CB]
[01/01/09 01:33:12.302] 	recv: [7b: 01 04 02 0E 77 FD 76]
[01/01/09 01:33:12.316] send: [8b: 01 04 00 04 00 01 70 0B]
[01/01/09 01:33:12.320] 	recv: [7b: 01 04 02 14 A8 B7 8E]
[01/01/09 01:33:12.337] send: [8b: 01 04 00 06 00 01 D1 CB]
[01/01/09 01:33:12.346] 	recv: [7b: 01 04 02 00 03 F9 31]
[01/01/09 01:33:12.353] send: [8b: 01 04 00 07 00 01 80 0B]
[01/01/09 01:33:12.360] 	recv: [7b: 01 04 02 03 1A 38 0B]
[01/01/09 01:33:12.361] send: [8b: 01 04 00 05 00 01 21 CB]
[01/01/09 01:33:12.366] 	recv: [7b: 01 04 02 0E 76 3C B6]
[01/01/09 01:33:12.374] send: [8b: 01 04 00 04 00 01 70 0B]
[01/01/09 01:33:12.378] 	recv: [7b: 01 04 02 14 AA 36 4F]
[01/01/09 01:33:12.395] send: [8b: 01 04 00 06 00 01 D1 CB]
[01/01/09 01:33:12.406] 	recv: [7b: 01 04 02 00 03 F9 31]
[01/01/09 01:33:12.415] send: [8b: 01 04 00 07 00 01 80 0B]
[01/01/09 01:33:12.421] 	recv: [7b: 01 04 02 03 1A 38 0B]
[01/01/09 01:33:12.423] send: [8b: 01 04 00 05 00 01 21 CB]
[01/01/09 01:33:12.427] 	recv: [7b: 01 04 02 0E 76 3C B6]
[01/01/09 01:33:12.434] send: [8b: 01 04 00 04 00 01 70 0B]
[01/01/09 01:33:12.439] 	recv: [7b: 01 04 02 14 AB F7 8F]
[01/01/09 01:33:12.454] send: [8b: 01 04 00 06 00 01 D1 CB]
[01/01/09 01:33:12.465] 	recv: [7b: 01 04 02 00 03 F9 31]
[01/01/09 01:33:12.473] send: [8b: 01 04 00 07 00 01 80 0B]
[01/01/09 01:33:12.480] 	recv: [7b: 01 04 02 03 1B F9 CB]
[01/01/09 01:33:12.482] send: [8b: 01 04 00 05 00 01 21 CB]
[01/01/09 01:33:12.487] 	recv: [7b: 01 04 02 0E 75 7C B7]
[01/01/09 01:33:12.505] send: [8b: 01 04 00 04 00 01 70 0B]
[01/01/09 01:33:12.510] 	recv: [7b: 01 04 02 14 AA 36 4F]
[01/01/09 01:33:12.525] send: [8b: 01 04 00 06 00 01 D1 CB]
[01/01/09 01:33:12.529] 	recv: [7b: 01 04 02 00 03 F9 31]
[01/01/09 01:33:12.545] send: [8b: 01 04 00 07 00 01 80 0B]
[01/01/09 01:33:12.555] 	recv: [7b: 01 04 02 03 1A 38 0B]
[01/01/09 01:33:12.564] send: [8b: 01 04 00 05 00 01 21 CB]
[01/01/09 01:33:12.571] 	recv: [7b: 01 04 02 0E 77 FD 76]
[01/01/09 01:33:12.584] send: [8b: 01 04 00 04 00 01 70 0B]
[01/01/09 01:33:12.589] 	recv: [7b: 01 04 02 14 AC B6 4D]
[01/01/09 01:33:12.604] send: [8b: 01 04 00 06 00 01 D1 CB]
[01/01/09 01:33:12.615] 	recv: [7b: 01 04 02 00 03 F9 31]
[01/01/09 01:33:12.624] send: [8b: 01 04 00 07 00 01 80 0B]
[01/01/09 01:33:12.630] 	recv: [7b: 01 04 02 03 1B F9 CB]
[01/01/09 01:33:12.632] send: [8b: 01 04 00 05 00 01 21 CB]
[01/01/09 01:33:12.636] 	recv: [7b: 01 04 02 0E 76 3C B6]
[01/01/09 01:33:12.644] send: [8b: 01 04 00 04 00 01 70 0B]
[01/01/09 01:33:12.648] 	recv: [7b: 01 04 02 14 AA 36 4F]
[01/01/09 01:33:12.664] send: [8b: 01 04 00 06 00 01 D1 CB]
[01/01/09 01:33:12.676] 	recv: [7b: 01 04 02 00 03 F9 31]
[01/01/09 01:33:12.684] send: [8b: 01 04 00 07 00 01 80 0B]
[01/01/09 01:33:12.691] 	recv: [7b: 01 04 02 03 1A 38 0B]
[01/01/09 01:33:12.693] send: [8b: 01 04 00 05 00 01 21 CB]
[01/01/09 01:33:12.697] 	recv: [7b: 01 04 02 0E 76 3C B6]
[01/01/09 01:33:12.705] send: [8b: 01 04 00 04 00 01 70 0B]
[01/01/09 01:33:12.710] 	recv: [7b: 01 04 02 14 AA 36 4F]
[01/01/09 01:33:12.725] send: [8b: 01 04 00 06 00 01 D1 CB]
[01/01/09 01:33:12.736] 	recv: [7b: 01 04 02 00 02 38 F1]
[01/01/09 01:33:12.745] send: [8b: 01 04 00 07 00 01 80 0B]
[01/01/09 01:33:12.751] 	recv: [7b: 01 04 02 03 1B F9 CB]
[01/01/09 01:33:12.753] send: [8b: 01 04 00 05 00 01 21 CB]
[01/01/09 01:33:12.757] 	recv: [7b: 01 04 02 0E 77 FD 76]
[01/01/09 01:33:12.775] send: [8b: 01 04 00 04 00 01 70 0B]
[01/01/09 01:33:12.780] 	recv: [7b: 01 04 02 14 A9 76 4E]
[01/01/09 01:33:12.796] send: [8b: 01 04 00 06 00 01 D1 CB]
[01/01/09 01:33:12.800] 	recv: [7b: 01 04 02 00 02 38 F1]
[01/01/09 01:33:12.814] send: [8b: 01 04 00 07 00 01 80 0B]
[01/01/09 01:33:12.825] 	recv: [7b: 01 04 02 03 1A 38 0B]
[01/01/09 01:33:12.835] send: [8b: 01 04 00 05 00 01 21 CB]
[01/01/09 01:33:12.840] 	recv: [7b: 01 04 02 0E 76 3C B6]
[01/01/09 01:33:12.853] send: [8b: 01 04 00 04 00 01 70 0B]
[01/01/09 01:33:12.858] 	recv: [7b: 01 04 02 14 AA 36 4F]
[01/01/09 01:33:12.874] send: [8b: 01 04 00 06 00 01 D1 CB]
[01/01/09 01:33:12.886] 	recv: [7b: 01 04 02 00 02 38 F1]
[01/01/09 01:33:12.894] send: [8b: 01 04 00 07 00 01 80 0B]
[01/01/09 01:33:12.901] 	recv: [7b: 01 04 02 03 1B F9 CB]
[01/01/09 01:33:12.903] send: [8b: 01 04 00 05 00 01 21 CB]
[01/01/09 01:33:12.906] 	recv: [7b: 01 04 02 0E 76 3C B6]
[01/01/09 01:33:12.914] send: [8b: 01 04 00 04 00 01 70 0B]
[01/01/09 01:33:12.918] 	recv: [7b: 01 04 02 14 AA 36 4F]
[01/01/09 01:33:12.934] send: [8b: 01 04 00 06 00 01 D1 CB]
[01/01/09 01:33:12.946] 	recv: [7b: 01 04 02 00 03 F9 31]
[01/01/09 01:33:12.954] send: [8b: 01 04 00 07 00 01 80 0B]
[01/01/09 01:33:12.961] 	recv: [7b: 01 04 02 03 1A 38 0B]
[01/01/09 01:33:12.963] send: [8b: 01 04 00 05 00 01 21 CB]
[01/01/09 01:33:12.966] 	recv: [7b: 01 04 02 0E 77 FD 76]
[01/01/09 01:33:12.974] send: [8b: 01 04 00 04 00 01 70 0B]
[01/01/09 01:33:12.978] 	recv: [7b: 01 04 02 14 AA 36 4F]
[01/01/09 01:33:12.994] send: [8b: 01 04 00 06 00 01 D1 CB]
[01/01/09 01:33:13.006] 	recv: [7b: 01 04 02 00 03 F9 31]
[01/01/09 01:33:13.014] send: [8b: 01 04 00 07 00 01 80 0B]
[01/01/09 01:33:13.021] 	recv: [7b: 01 04 02 03 1B F9 CB]
[01/01/09 01:33:13.022] send: [8b: 01 04 00 05 00 01 21 CB]
[01/01/09 01:33:13.026] 	recv: [7b: 01 04 02 0E 76 3C B6]
[01/01/09 01:33:13.034] send: [8b: 01 04 00 04 00 01 70 0B]
[01/01/09 01:33:13.038] 	recv: [7b: 01 04 02 14 A9 76 4E]
[01/01/09 01:33:13.055] send: [8b: 01 04 00 06 00 01 D1 CB]
[01/01/09 01:33:13.066] 	recv: [7b: 01 04 02 00 04 B8 F3]
[01/01/09 01:33:13.076] send: [8b: 01 04 00 07 00 01 80 0B]
[01/01/09 01:33:13.080] 	recv: [7b: 01 04 02 03 1B F9 CB]
[01/01/09 01:33:13.082] send: [8b: 01 04 00 05 00 01 21 CB]
[01/01/09 01:33:13.086] 	recv: [7b: 01 04 02 0E 77 FD 76]
[01/01/09 01:33:13.094] send: [8b: 01 04 00 04 00 01 70 0B]
[01/01/09 01:33:13.098] 	recv: [7b: 01 04 02 14 A7 F7 8A]
[01/01/09 01:33:13.114] send: [8b: 01 04 00 06 00 01 D1 CB]
[01/01/09 01:33:13.126] 	recv: [7b: 01 04 02 00 03 F9 31]
[01/01/09 01:33:13.134] send: [8b: 01 04 00 07 00 01 80 0B]
[01/01/09 01:33:13.141] 	recv: [7b: 01 04 02 03 1A 38 0B]
[01/01/09 01:33:13.143] send: [8b: 01 04 00 05 00 01 21 CB]
[01/01/09 01:33:13.146] 	recv: [7b: 01 04 02 0E 75 7C B7]
[01/01/09 01:33:13.155] send: [8b: 01 04 00 04 00 01 70 0B]
[01/01/09 01:33:13.159] 	recv: [7b: 01 04 02 14 A9 76 4E]
[01/01/09 01:33:13.173] send: [8b: 01 04 00 06 00 01 D1 CB]
[01/01/09 01:33:13.185] 	recv: [7b: 01 04 02 00 04 B8 F3]
[01/01/09 01:33:13.194] send: [8b: 01 04 00 07 00 01 80 0B]
[01/01/09 01:33:13.201] 	recv: [7b: 01 04 02 03 1B F9 CB]
[01/01/09 01:33:13.202] send: [8b: 01 04 00 05 00 01 21 CB]
[01/01/09 01:33:13.207] 	recv: [7b: 01 04 02 0E 76 3C B6]
[01/01/09 01:33:13.214] send: [8b: 01 04 00 04 00 01 70 0B]
[01/01/09 01:33:13.218] 	recv: [7b: 01 04 02 14 AA 36 4F]
[01/01/09 01:33:13.234] send: [8b: 01 04 00 06 00 01 D1 CB]
[01/01/09 01:33:13.246] 	recv: [7b: 01 04 02 00 04 B8 F3]
[01/01/09 01:33:13.254] send: [8b: 01 04 00 07 00 01 80 0B]
[01/01/09 01:33:13.261] 	recv: [7b: 01 04 02 03 1C B8 09]
[01/01/09 01:33:13.264] send: [8b: 01 04 00 05 00 01 21 CB]
[01/01/09 01:33:13.275] 	recv: [7b: 01 04 02 0E 77 FD 76]
[01/01/09 01:33:13.284] send: [8b: 01 04 00 04 00 01 70 0B]
[01/01/09 01:33:13.290] 	recv: [7b: 01 04 02 14 AB F7 8F]
[01/01/09 01:33:13.304] send: [8b: 01 04 00 06 00 01 D1 CB]
[01/01/09 01:33:13.309] 	recv: [7b: 01 04 02 00 03 F9 31]
[01/01/09 01:33:13.324] send: [8b: 01 04 00 07 00 01 80 0B]
[01/01/09 01:33:13.335] 	recv: [7b: 01 04 02 03 1B F9 CB]
[01/01/09 01:33:13.345] send: [8b: 01 04 00 05 00 01 21 CB]
[01/01/09 01:33:13.351] 	recv: [7b: 01 04 02 0E 76 3C B6]
[01/01/09 01:33:13.364] send: [8b: 01 04 00 04 00 01 70 0B]
[01/01/09 01:33:13.368] 	recv: [7b: 01 04 02 14 AB F7 8F]
[01/01/09 01:33:13.383] send: [8b: 01 04 00 06 00 01 D1 CB]
[01/01/09 01:33:13.395] 	recv: [7b: 01 04 02 00 03 F9 31]
[01/01/09 01:33:13.405] send: [8b: 01 04 00 07 00 01 80 0B]
[01/01/09 01:33:13.411] 	recv: [7b: 01 04 02 03 1A 38 0B]
[01/01/09 01:33:13.414] send: [8b: 01 04 00 05 00 01 21 CB]
[01/01/09 01:33:13.426] 	recv: [7b: 01 04 02 0E 77 FD 76]
[01/01/09 01:33:13.435] send: [8b: 01 04 00 04 00 01 70 0B]
[01/01/09 01:33:13.441] 	recv: [7b: 01 04 02 14 AB F7 8F]
[01/01/09 01:33:13.453] send: [8b: 01 04 00 06 00 01 D1 CB]
[01/01/09 01:33:13.457] 	recv: [7b: 01 04 02 00 03 F9 31]
[01/01/09 01:33:13.466] send: [8b: 01 04 00 07 00 01 80 0B]
[01/01/09 01:33:13.470] 	recv: [7b: 01 04 02 03 1A 38 0B]
[01/01/09 01:33:13.472] send: [8b: 01 04 00 05 00 01 21 CB]
[01/01/09 01:33:13.476] 	recv: [7b: 01 04 02 0E 77 FD 76]
[01/01/09 01:33:13.486] send: [8b: 01 04 00 04 00 01 70 0B]
[01/01/09 01:33:13.491] 	recv: [7b: 01 04 02 14 AA 36 4F]
[01/01/09 01:33:13.506] send: [8b: 01 04 00 06 00 01 D1 CB]
[01/01/09 01:33:13.515] 	recv: [7b: 01 04 02 00 04 B8 F3]
[01/01/09 01:33:13.524] send: [8b: 01 04 00 07 00 01 80 0B]
[01/01/09 01:33:13.532] 	recv: [7b: 01 04 02 03 1C B8 09]
[01/01/09 01:33:13.534] send: [8b: 01 04 00 05 00 01 21 CB]
[01/01/09 01:33:13.547] 	recv: [7b: 01 04 02 0E 76 3C B6]
[01/01/09 01:33:13.564] send: [8b: 01 04 00 04 00 01 70 0B]
[01/01/09 01:33:13.575] 	recv: [7b: 01 04 02 14 A9 76 4E]
[01/01/09 01:33:13.584] send: [8b: 01 04 00 06 00 01 D1 CB]
[01/01/09 01:33:13.591] 	recv: [7b: 01 04 02 00 03 F9 31]
[01/01/09 01:33:13.604] send: [8b: 01 04 00 07 00 01 80 0B]
[01/01/09 01:33:13.609] 	recv: [7b: 01 04 02 03 1C B8 09]
[01/01/09 01:33:13.611] send: [8b: 01 04 00 05 00 01 21 CB]
[01/01/09 01:33:13.621] 	recv: [7b: 01 04 02 0E 77 FD 76]
[01/01/09 01:33:13.634] send: [8b: 01 04 00 04 00 01 70 0B]
[01/01/09 01:33:13.638] 	recv: [7b: 01 04 02 14 A9 76 4E]
[01/01/09 01:33:13.654] send: [8b: 01 04 00 06 00 01 D1 CB]
[01/01/09 01:33:13.666] 	recv: [7b: 01 04 02 00 03 F9 31]
[01/01/09 01:33:13.675] send: [8b: 01 04 00 07 00 01 80 0B]
[01/01/09 01:33:13.681] 	recv: [7b: 01 04 02 03 1A 38 0B]
[01/01/09 01:33:13.683] send: [8b: 01 04 00 05 00 01 21 CB]
[01/01/09 01:33:13.687] 	recv: [7b: 01 04 02 0E 77 FD 76]
[01/01/09 01:33:13.694] send: [8b: 01 04 00 04 00 01 70 0B]
[01/01/09 01:33:13.698] 	recv: [7b: 01 04 02 14 AA 36 4F]
[01/01/09 01:33:13.714] send: [8b: 01 04 00 06 00 01 D1 CB]
[01/01/09 01:33:13.726] 	recv: [7b: 01 04 02 00 03 F9 31]
[01/01/09 01:33:13.735] send: [8b: 01 04 00 07 00 01 80 0B]
[01/01/09 01:33:13.740] 	recv: [7b: 01 04 02 03 1A 38 0B]
[01/01/09 01:33:13.742] send: [8b: 01 04 00 05 00 01 21 CB]
[01/01/09 01:33:13.747] 	recv: [7b: 01 04 02 0E 76 3C B6]
[01/01/09 01:33:13.764] send: [8b: 01 04 00 04 00 01 70 0B]
[01/01/09 01:33:13.771] 	recv: [7b: 01 04 02 14 AA 36 4F]
[01/01/09 01:33:13.784] send: [8b: 01 04 00 06 00 01 D1 CB]
[01/01/09 01:33:13.789] 	recv: [7b: 01 04 02 00 04 B8 F3]
[01/01/09 01:33:13.804] send: [8b: 01 04 00 07 00 01 80 0B]
[01/01/09 01:33:13.815] 	recv: [7b: 01 04 02 03 1A 38 0B]
[01/01/09 01:33:13.825] send: [8b: 01 04 00 05 00 01 21 CB]
[01/01/09 01:33:13.830] 	recv: [7b: 01 04 02 0E 76 3C B6]
[01/01/09 01:33:13.843] send: [8b: 01 04 00 04 00 01 70 0B]
[01/01/09 01:33:13.848] 	recv: [7b: 01 04 02 14 A9 76 4E]
[01/01/09 01:33:13.855] send: [8b: 01 04 00 06 00 01 D1 CB]
[01/01/09 01:33:13.860] 	recv: [7b: 01 04 02 00 04 B8 F3]
[01/01/09 01:33:13.877] send: [8b: 01 04 00 07 00 01 80 0B]
[01/01/09 01:33:13.881] 	recv: [7b: 01 04 02 03 1B F9 CB]
[01/01/09 01:33:13.883] send: [8b: 01 04 00 05 00 01 21 CB]
[01/01/09 01:33:13.890] 	recv: [7b: 01 04 02 0E 77 FD 76]
[01/01/09 01:33:13.904] send: [8b: 01 04 00 04 00 01 70 0B]
[01/01/09 01:33:13.908] 	recv: [7b: 01 04 02 14 AA 36 4F]
[01/01/09 01:33:13.924] send: [8b: 01 04 00 06 00 01 D1 CB]
[01/01/09 01:33:13.936] 	recv: [7b: 01 04 02 00 03 F9 31]
[01/01/09 01:33:13.944] send: [8b: 01 04 00 07 00 01 80 0B]
[01/01/09 01:33:13.950] 	recv: [7b: 01 04 02 03 1B F9 CB]
[01/01/09 01:33:13.953] send: [8b: 01 04 00 05 00 01 21 CB]
[01/01/09 01:33:13.956] 	recv: [7b: 01 04 02 0E 76 3C B6]
[01/01/09 01:33:13.964] send: [8b: 01 04 00 04 00 01 70 0B]
[01/01/09 01:33:13.968] 	recv: [7b: 01 04 02 14 AB F7 8F]
[01/01/09 01:33:13.976] send: [8b: 01 04 00 06 00 01 D1 CB]
[01/01/09 01:33:13.980] 	recv: [7b: 01 04 02 00 02 38 F1]
[01/01/09 01:33:13.994] send: [8b: 01 04 00 07 00 01 80 0B]
[01/01/09 01:33:13.998] 	recv: [7b: 01 04 02 03 1B F9 CB]
[01/01/09 01:33:14.008] send: [8b: 01 04 00 05 00 01 21 CB]
[01/01/09 01:33:14.014] 	recv: [7b: 01 04 02 0E 76 3C B6]
[01/01/09 01:33:14.023] send: [8b: 01 04 00 04 00 01 70 0B]
[01/01/09 01:33:14.028] 	recv: [7b: 01 04 02 14 AB F7 8F]
[01/01/09 01:33:14.038] send: [8b: 01 04 00 06 00 01 D1 CB]
[01/01/09 01:33:14.042] 	recv: [7b: 01 04 02 00 03 F9 31]
[01/01/09 01:33:14.058] send: [8b: 01 04 00 07 00 01 80 0B]
[01/01/09 01:33:14.061] 	recv: [7b: 01 04 02 03 1C B8 09]
[01/01/09 01:33:14.068] send: [8b: 01 04 00 05 00 01 21 CB]
[01/01/09 01:33:14.072] 	recv: [7b: 01 04 02 0E 76 3C B6]
[01/01/09 01:33:14.094] send: [8b: 01 04 00 04 00 01 70 0B]
[01/01/09 01:33:14.100] 	recv: [7b: 01 04 02 14 AA 36 4F]
[01/01/09 01:33:14.123] send: [8b: 01 04 00 06 00 01 D1 CB]
[01/01/09 01:33:14.130] 	recv: [7b: 01 04 02 00 03 F9 31]
[01/01/09 01:33:14.144] send: [8b: 01 04 00 07 00 01 80 0B]
[01/01/09 01:33:14.149] 	recv: [7b: 01 04 02 03 1B F9 CB]
[01/01/09 01:33:14.151] send: [8b: 01 04 00 05 00 01 21 CB]
[01/01/09 01:33:14.161] 	recv: [7b: 01 04 02 0E 76 3C B6]
[01/01/09 01:33:14.174] send: [8b: 01 04 00 04 00 01 70 0B]
[01/01/09 01:33:14.178] 	recv: [7b: 01 04 02 14 A9 76 4E]
[01/01/09 01:33:14.195] send: [8b: 01 04 00 06 00 01 D1 CB]
[01/01/09 01:33:14.206] 	recv: [7b: 01 04 02 00 04 B8 F3]
[01/01/09 01:33:14.214] send: [8b: 01 04 00 07 00 01 80 0B]
[01/01/09 01:33:14.220] 	recv: [7b: 01 04 02 03 1C B8 09]
[01/01/09 01:33:14.222] send: [8b: 01 04 00 05 00 01 21 CB]
[01/01/09 01:33:14.227] 	recv: [7b: 01 04 02 0E 76 3C B6]
[01/01/09 01:33:14.234] send: [8b: 01 04 00 04 00 01 70 0B]
[01/01/09 01:33:14.237] 	recv: [7b: 01 04 02 14 AA 36 4F]
[01/01/09 01:33:14.244] send: [8b: 01 04 00 06 00 01 D1 CB]
[01/01/09 01:33:14.250] 	recv: [7b: 01 04 02 00 04 B8 F3]
[01/01/09 01:33:14.264] send: [8b: 01 04 00 07 00 01 80 0B]
[01/01/09 01:33:14.270] 	recv: [7b: 01 04 02 03 1C B8 09]
[01/01/09 01:33:14.272] send: [8b: 01 04 00 05 00 01 21 CB]
[01/01/09 01:33:14.280] 	recv: [7b: 01 04 02 0E 76 3C B6]
[01/01/09 01:33:14.293] send: [8b: 01 04 00 04 00 01 70 0B]
[01/01/09 01:33:14.297] 	recv: [7b: 01 04 02 14 AB F7 8F]
[01/01/09 01:33:14.304] send: [8b: 01 04 00 06 00 01 D1 CB]
[01/01/09 01:33:14.310] 	recv: [7b: 01 04 02 00 02 38 F1]
[01/01/09 01:33:14.325] send: [8b: 01 04 00 07 00 01 80 0B]
[01/01/09 01:33:14.330] 	recv: [7b: 01 04 02 03 1B F9 CB]
[01/01/09 01:33:14.331] send: [8b: 01 04 00 05 00 01 21 CB]
[01/01/09 01:33:14.340] 	recv: [7b: 01 04 02 0E 76 3C B6]
[01/01/09 01:33:14.355] send: [8b: 01 04 00 04 00 01 70 0B]
[01/01/09 01:33:14.358] 	recv: [7b: 01 04 02 14 AA 36 4F]
[01/01/09 01:33:14.375] send: [8b: 01 04 00 06 00 01 D1 CB]
[01/01/09 01:33:14.385] 	recv: [7b: 01 04 02 00 04 B8 F3]
[01/01/09 01:33:14.394] send: [8b: 01 04 00 07 00 01 80 0B]
[01/01/09 01:33:14.400] 	recv: [7b: 01 04 02 03 1B F9 CB]
[01/01/09 01:33:14.402] send: [8b: 01 04 00 05 00 01 21 CB]
[01/01/09 01:33:14.407] 	recv: [7b: 01 04 02 0E 76 3C B6]
[01/01/09 01:33:14.425] send: [8b: 01 04 00 04 00 01 70 0B]
[01/01/09 01:33:14.430] 	recv: [7b: 01 04 02 14 A8 B7 8E]
[01/01/09 01:33:14.446] send: [8b: 01 04 00 06 00 01 D1 CB]
[01/01/09 01:33:14.450] 	recv: [7b: 01 04 02 00 02 38 F1]
[01/01/09 01:33:14.464] send: [8b: 01 04 00 07 00 01 80 0B]
[01/01/09 01:33:14.475] 	recv: [7b: 01 04 02 03 1C B8 09]
[01/01/09 01:33:14.486] send: [8b: 01 04 00 05 00 01 21 CB]
[01/01/09 01:33:14.491] 	recv: [7b: 01 04 02 0E 77 FD 76]
[01/01/09 01:33:14.505] send: [8b: 01 04 00 04 00 01 70 0B]
[01/01/09 01:33:14.509] 	recv: [7b: 01 04 02 14 A8 B7 8E]
[01/01/09 01:33:14.525] send: [8b: 01 04 00 06 00 01 D1 CB]
[01/01/09 01:33:14.535] 	recv: [7b: 01 04 02 00 03 F9 31]
[01/01/09 01:33:14.545] send: [8b: 01 04 00 07 00 01 80 0B]
[01/01/09 01:33:14.550] 	recv: [7b: 01 04 02 03 1C B8 09]
[01/01/09 01:33:14.552] send: [8b: 01 04 00 05 00 01 21 CB]
[01/01/09 01:33:14.557] 	recv: [7b: 01 04 02 0E 76 3C B6]
[01/01/09 01:33:14.566] send: [8b: 01 04 00 04 00 01 70 0B]
[01/01/09 01:33:14.571] 	recv: [7b: 01 04 02 14 A9 76 4E]
[01/01/09 01:33:14.584] send: [8b: 01 04 00 06 00 01 D1 CB]
[01/01/09 01:33:14.595] 	recv: [7b: 01 04 02 00 02 38 F1]
[01/01/09 01:33:14.607] send: [8b: 01 04 00 07 00 01 80 0B]
[01/01/09 01:33:14.612] 	recv: [7b: 01 04 02 03 1C B8 09]
[01/01/09 01:33:14.613] send: [8b: 01 04 00 05 00 01 21 CB]
[01/01/09 01:33:14.625] 	recv: [7b: 01 04 02 0E 77 FD 76]
[01/01/09 01:33:14.634] send: [8b: 01 04 00 04 00 01 70 0B]
[01/01/09 01:33:14.640] 	recv: [7b: 01 04 02 14 AB F7 8F]
[01/01/09 01:33:14.656] send: [8b: 01 04 00 06 00 01 D1 CB]
[01/01/09 01:33:14.659] 	recv: [7b: 01 04 02 00 03 F9 31]
[01/01/09 01:33:14.667] send: [8b: 01 04 00 07 00 01 80 0B]
[01/01/09 01:33:14.671] 	recv: [7b: 01 04 02 03 1C B8 09]
[01/01/09 01:33:14.675] send: [8b: 01 04 00 05 00 01 21 CB]
[01/01/09 01:33:14.686] 	recv: [7b: 01 04 02 0E 76 3C B6]
[01/01/09 01:33:14.694] send: [8b: 01 04 00 04 00 01 70 0B]
[01/01/09 01:33:14.701] 	recv: [7b: 01 04 02 14 AA 36 4F]
[01/01/09 01:33:14.714] send: [8b: 01 04 00 06 00 01 D1 CB]
[01/01/09 01:33:14.718] 	recv: [7b: 01 04 02 00 03 F9 31]
[01/01/09 01:33:14.733] send: [8b: 01 04 00 07 00 01 80 0B]
[01/01/09 01:33:14.746] 	recv: [7b: 01 04 02 03 1C B8 09]
[01/01/09 01:33:14.755] send: [8b: 01 04 00 05 00 01 21 CB]
[01/01/09 01:33:14.761] 	recv: [7b: 01 04 02 0E 75 7C B7]
[01/01/09 01:33:14.775] send: [8b: 01 04 00 04 00 01 70 0B]
[01/01/09 01:33:14.779] 	recv: [7b: 01 04 02 14 AA 36 4F]
[01/01/09 01:33:14.794] send: [8b: 01 04 00 06 00 01 D1 CB]
[01/01/09 01:33:14.805] 	recv: [7b: 01 04 02 00 03 F9 31]
[01/01/09 01:33:14.815] send: [8b: 01 04 00 07 00 01 80 0B]
[01/01/09 01:33:14.821] 	recv: [7b: 01 04 02 03 1B F9 CB]
[01/01/09 01:33:14.823] send: [8b: 01 04 00 05 00 01 21 CB]
[01/01/09 01:33:14.827] 	recv: [7b: 01 04 02 0E 76 3C B6]
[01/01/09 01:33:14.834] send: [8b: 01 04 00 04 00 01 70 0B]
[01/01/09 01:33:14.838] 	recv: [7b: 01 04 02 14 AA 36 4F]
[01/01/09 01:33:14.854] send: [8b: 01 04 00 06 00 01 D1 CB]
[01/01/09 01:33:14.866] 	recv: [7b: 01 04 02 00 03 F9 31]
[01/01/09 01:33:14.874] send: [8b: 01 04 00 07 00 01 80 0B]
[01/01/09 01:33:14.881] 	recv: [7b: 01 04 02 03 1B F9 CB]
[01/01/09 01:33:14.883] send: [8b: 01 04 00 05 00 01 21 CB]
[01/01/09 01:33:14.896] 	recv: [7b: 01 04 02 0E 78 BD 72]
[01/01/09 01:33:14.903] send: [8b: 01 04 00 04 00 01 70 0B]
[01/01/09 01:33:14.910] 	recv: [7b: 01 04 02 14 AA 36 4F]
[01/01/09 01:33:14.924] send: [8b: 01 04 00 06 00 01 D1 CB]
[01/01/09 01:33:14.928] 	recv: [7b: 01 04 02 00 03 F9 31]
[01/01/09 01:33:14.944] send: [8b: 01 04 00 07 00 01 80 0B]
[01/01/09 01:33:14.955] 	recv: [7b: 01 04 02 03 1B F9 CB]
[01/01/09 01:33:14.966] send: [8b: 01 04 00 05 00 01 21 CB]
[01/01/09 01:33:14.970] 	recv: [7b: 01 04 02 0E 77 FD 76]
[01/01/09 01:33:14.987] send: [8b: 01 04 00 04 00 01 70 0B]
[01/01/09 01:33:14.991] 	recv: [7b: 01 04 02 14 AA 36 4F]
[01/01/09 01:33:15.005] send: [8b: 01 04 00 06 00 01 D1 CB]
[01/01/09 01:33:15.016] 	recv: [7b: 01 04 02 00 03 F9 31]
[01/01/09 01:33:15.025] send: [8b: 01 04 00 07 00 01 80 0B]
[01/01/09 01:33:15.030] 	recv: [7b: 01 04 02 03 1B F9 CB]
[01/01/09 01:33:15.032] send: [8b: 01 04 00 05 00 01 21 CB]
[01/01/09 01:33:15.037] 	recv: [7b: 01 04 02 0E 77 FD 76]
[01/01/09 01:33:15.045] send: [8b: 01 04 00 04 00 01 70 0B]
[01/01/09 01:33:15.049] 	recv: [7b: 01 04 02 14 AB F7 8F]
[01/01/09 01:33:15.063] send: [8b: 01 04 00 06 00 01 D1 CB]
[01/01/09 01:33:15.075] 	recv: [7b: 01 04 02 00 02 38 F1]
[01/01/09 01:33:15.083] send: [8b: 01 04 00 07 00 01 80 0B]
[01/01/09 01:33:15.090] 	recv: [7b: 01 04 02 03 1B F9 CB]
[01/01/09 01:33:15.091] send: [8b: 01 04 00 05 00 01 21 CB]
[01/01/09 01:33:15.095] 	recv: [7b: 01 04 02 0E 77 FD 76]
[01/01/09 01:33:15.105] send: [8b: 01 04 00 04 00 01 70 0B]
[01/01/09 01:33:15.110] 	recv: [7b: 01 04 02 14 AB F7 8F]
[01/01/09 01:33:15.123] send: [8b: 01 04 00 06 00 01 D1 CB]
[01/01/09 01:33:15.135] 	recv: [7b: 01 04 02 00 03 F9 31]
[01/01/09 01:33:15.145] send: [8b: 01 04 00 07 00 01 80 0B]
[01/01/09 01:33:15.150] 	recv: [7b: 01 04 02 03 1B F9 CB]
[01/01/09 01:33:15.152] send: [8b: 01 04 00 05 00 01 21 CB]
[01/01/09 01:33:15.155] 	recv: [7b: 01 04 02 0E 76 3C B6]
[01/01/09 01:33:15.165] send: [8b: 01 04 00 04 00 01 70 0B]
[01/01/09 01:33:15.169] 	recv: [7b: 01 04 02 14 AA 36 4F]
[01/01/09 01:33:15.185] send: [8b: 01 04 00 06 00 01 D1 CB]
[01/01/09 01:33:15.195] 	recv: [7b: 01 04 02 00 03 F9 31]
[01/01/09 01:33:15.203] send: [8b: 01 04 00 07 00 01 80 0B]
[01/01/09 01:33:15.210] 	recv: [7b: 01 04 02 03 1B F9 CB]
[01/01/09 01:33:15.212] send: [8b: 01 04 00 05 00 01 21 CB]
[01/01/09 01:33:15.217] 	recv: [7b: 01 04 02 0E 76 3C B6]
[01/01/09 01:33:15.235] send: [8b: 01 04 00 04 00 01 70 0B]
[01/01/09 01:33:15.240] 	recv: [7b: 01 04 02 14 AA 36 4F]
[01/01/09 01:33:15.253] send: [8b: 01 04 00 06 00 01 D1 CB]
[01/01/09 01:33:15.258] 	recv: [7b: 01 04 02 00 03 F9 31]
[01/01/09 01:33:15.265] send: [8b: 01 04 00 07 00 01 80 0B]
[01/01/09 01:33:15.270] 	recv: [7b: 01 04 02 03 1A 38 0B]
[01/01/09 01:33:15.272] send: [8b: 01 04 00 05 00 01 21 CB]
[01/01/09 01:33:15.276] 	recv: [7b: 01 04 02 0E 76 3C B6]
[01/01/09 01:33:15.283] send: [8b: 01 04 00 04 00 01 70 0B]
[01/01/09 01:33:15.287] 	recv: [7b: 01 04 02 14 AA 36 4F]
[01/01/09 01:33:15.296] send: [8b: 01 04 00 06 00 01 D1 CB]
[01/01/09 01:33:15.302] 	recv: [7b: 01 04 02 00 03 F9 31]
[01/01/09 01:33:15.316] send: [8b: 01 04 00 07 00 01 80 0B]
[01/01/09 01:33:15.321] 	recv: [7b: 01 04 02 03 1C B8 09]
[01/01/09 01:33:15.323] send: [8b: 01 04 00 05 00 01 21 CB]
[01/01/09 01:33:15.331] 	recv: [7b: 01 04 02 0E 76 3C B6]
[01/01/09 01:33:15.344] send: [8b: 01 04 00 04 00 01 70 0B]
[01/01/09 01:33:15.348] 	recv: [7b: 01 04 02 14 AB F7 8F]
[01/01/09 01:33:15.364] send: [8b: 01 04 00 06 00 01 D1 CB]
[01/01/09 01:33:15.375] 	recv: [7b: 01 04 02 00 03 F9 31]
[01/01/09 01:33:15.384] send: [8b: 01 04 00 07 00 01 80 0B]
[01/01/09 01:33:15.390] 	recv: [7b: 01 04 02 03 1B F9 CB]
[01/01/09 01:33:15.392] send: [8b: 01 04 00 05 00 01 21 CB]
[01/01/09 01:33:15.396] 	recv: [7b: 01 04 02 0E 77 FD 76]
[01/01/09 01:33:15.404] send: [8b: 01 04 00 04 00 01 70 0B]
[01/01/09 01:33:15.408] 	recv: [7b: 01 04 02 14 A8 B7 8E]
[01/01/09 01:33:15.424] send: [8b: 01 04 00 06 00 01 D1 CB]
[01/01/09 01:33:15.435] 	recv: [7b: 01 04 02 00 03 F9 31]
[01/01/09 01:33:15.444] send: [8b: 01 04 00 07 00 01 80 0B]
[01/01/09 01:33:15.451] 	recv: [7b: 01 04 02 03 1B F9 CB]
[01/01/09 01:33:15.454] send: [8b: 01 04 00 05 00 01 21 CB]
[01/01/09 01:33:15.467] 	recv: [7b: 01 04 02 0E 76 3C B6]
[01/01/09 01:33:15.474] send: [8b: 01 04 00 04 00 01 70 0B]
[01/01/09 01:33:15.480] 	recv: [7b: 01 04 02 14 AB F7 8F]
[01/01/09 01:33:15.493] send: [8b: 01 04 00 06 00 01 D1 CB]
[01/01/09 01:33:15.497] 	recv: [7b: 01 04 02 00 03 F9 31]
[01/01/09 01:33:15.505] send: [8b: 01 04 00 07 00 01 80 0B]
[01/01/09 01:33:15.510] 	recv: [7b: 01 04 02 03 1B F9 CB]
[01/01/09 01:33:15.513] send: [8b: 01 04 00 05 00 01 21 CB]
[01/01/09 01:33:15.516] 	recv: [7b: 01 04 02 0E 77 FD 76]
[01/01/09 01:33:15.525] send: [8b: 01 04 00 04 00 01 70 0B]
[01/01/09 01:33:15.529] 	recv: [7b: 01 04 02 14 AA 36 4F]
[01/01/09 01:33:15.545] send: [8b: 01 04 00 06 00 01 D1 CB]
[01/01/09 01:33:15.556] 	recv: [7b: 01 04 02 00 05 79 33]
[01/01/09 01:33:15.564] send: [8b: 01 04 00 07 00 01 80 0B]
[01/01/09 01:33:15.570] 	recv: [7b: 01 04 02 03 1A 38 0B]
[01/01/09 01:33:15.572] send: [8b: 01 04 00 05 00 01 21 CB]
[01/01/09 01:33:15.576] 	recv: [7b: 01 04 02 0E 76 3C B6]
[01/01/09 01:33:15.585] send: [8b: 01 04 00 04 00 01 70 0B]
[01/01/09 01:33:15.590] 	recv: [7b: 01 04 02 14 AB F7 8F]
[01/01/09 01:33:15.606] send: [8b: 01 04 00 06 00 01 D1 CB]
[01/01/09 01:33:15.616] 	recv: [7b: 01 04 02 00 02 38 F1]
[01/01/09 01:33:15.626] send: [8b: 01 04 00 07 00 01 80 0B]
[01/01/09 01:33:15.631] 	recv: [7b: 01 04 02 03 1C B8 09]
[01/01/09 01:33:15.632] send: [8b: 01 04 00 05 00 01 21 CB]
[01/01/09 01:33:15.637] 	recv: [7b: 01 04 02 0E 77 FD 76]
[01/01/09 01:33:15.655] send: [8b: 01 04 00 04 00 01 70 0B]
[01/01/09 01:33:15.661] 	recv: [7b: 01 04 02 14 AA 36 4F]
[01/01/09 01:33:15.673] send: [8b: 01 04 00 06 00 01 D1 CB]
[01/01/09 01:33:15.678] 	recv: [7b: 01 04 02 00 02 38 F1]
[01/01/09 01:33:15.695] send: [8b: 01 04 00 07 00 01 80 0B]
[01/01/09 01:33:15.705] 	recv: [7b: 01 04 02 03 1B F9 CB]
[01/01/09 01:33:15.715] send: [8b: 01 04 00 05 00 01 21 CB]
[01/01/09 01:33:15.721] 	recv: [7b: 01 04 02 0E 76 3C B6]
[01/01/09 01:33:15.734] send: [8b: 01 04 00 04 00 01 70 0B]
[01/01/09 01:33:15.739] 	recv: [7b: 01 04 02 14 AA 36 4F]
[01/01/09 01:33:15.753] send: [8b: 01 04 00 06 00 01 D1 CB]
[01/01/09 01:33:15.765] 	recv: [7b: 01 04 02 00 01 78 F0]
[01/01/09 01:33:15.775] send: [8b: 01 04 00 07 00 01 80 0B]
[01/01/09 01:33:15.780] 	recv: [7b: 01 04 02 03 1C B8 09]
[01/01/09 01:33:15.782] send: [8b: 01 04 00 05 00 01 21 CB]
[01/01/09 01:33:15.787] 	recv: [7b: 01 04 02 0E 77 FD 76]
[01/01/09 01:33:15.797] send: [8b: 01 04 00 04 00 01 70 0B]
[01/01/09 01:33:15.801] 	recv: [7b: 01 04 02 14 AB F7 8F]
[01/01/09 01:33:15.816] send: [8b: 01 04 00 06 00 01 D1 CB]
[01/01/09 01:33:15.825] 	recv: [7b: 01 04 02 00 03 F9 31]
[01/01/09 01:33:15.834] send: [8b: 01 04 00 07 00 01 80 0B]
[01/01/09 01:33:15.840] 	recv: [7b: 01 04 02 03 1B F9 CB]
[01/01/09 01:33:15.842] send: [8b: 01 04 00 05 00 01 21 CB]
[01/01/09 01:33:15.847] 	recv: [7b: 01 04 02 0E 76 3C B6]
[01/01/09 01:33:15.854] send: [8b: 01 04 00 04 00 01 70 0B]
[01/01/09 01:33:15.858] 	recv: [7b: 01 04 02 14 AA 36 4F]
[01/01/09 01:33:15.865] send: [8b: 01 04 00 06 00 01 D1 CB]
[01/01/09 01:33:15.870] 	recv: [7b: 01 04 02 00 03 F9 31]
[01/01/09 01:33:15.884] send: [8b: 01 04 00 07 00 01 80 0B]
[01/01/09 01:33:15.888] 	recv: [7b: 01 04 02 03 1B F9 CB]
[01/01/09 01:33:15.890] send: [8b: 01 04 00 05 00 01 21 CB]
[01/01/09 01:33:15.900] 	recv: [7b: 01 04 02 0E 77 FD 76]
[01/01/09 01:33:15.914] send: [8b: 01 04 00 04 00 01 70 0B]
[01/01/09 01:33:15.919] 	recv: [7b: 01 04 02 14 A9 76 4E]
[01/01/09 01:33:15.934] send: [8b: 01 04 00 06 00 01 D1 CB]
[01/01/09 01:33:15.946] 	recv: [7b: 01 04 02 00 03 F9 31]
[01/01/09 01:33:15.954] send: [8b: 01 04 00 07 00 01 80 0B]
[01/01/09 01:33:15.960] 	recv: [7b: 01 04 02 03 1B F9 CB]
[01/01/09 01:33:15.962] send: [8b: 01 04 00 05 00 01 21 CB]
[01/01/09 01:33:15.966] 	recv: [7b: 01 04 02 0E 78 BD 72]
[01/01/09 01:33:15.975] send: [8b: 01 04 00 04 00 01 70 0B]
[01/01/09 01:33:15.979] 	recv: [7b: 01 04 02 14 A8 B7 8E]
[01/01/09 01:33:15.993] send: [8b: 01 04 00 06 00 01 D1 CB]
[01/01/09 01:33:16.007] 	recv: [7b: 01 04 02 00 03 F9 31]
[01/01/09 01:33:16.014] send: [8b: 01 04 00 07 00 01 80 0B]
[01/01/09 01:33:16.020] 	recv: [7b: 01 04 02 03 1A 38 0B]
[01/01/09 01:33:16.022] send: [8b: 01 04 00 05 00 01 21 CB]
[01/01/09 01:33:16.027] 	recv: [7b: 01 04 02 0E 76 3C B6]
[01/01/09 01:33:16.034] send: [8b: 01 04 00 04 00 01 70 0B]
[01/01/09 01:33:16.038] 	recv: [7b: 01 04 02 14 AA 36 4F]
[01/01/09 01:33:16.054] send: [8b: 01 04 00 06 00 01 D1 CB]
[01/01/09 01:33:16.066] 	recv: [7b: 01 04 02 00 04 B8 F3]
[01/01/09 01:33:16.074] send: [8b: 01 04 00 07 00 01 80 0B]
[01/01/09 01:33:16.080] 	recv: [7b: 01 04 02 03 1A 38 0B]
[01/01/09 01:33:16.082] send: [8b: 01 04 00 05 00 01 21 CB]
[01/01/09 01:33:16.086] 	recv: [7b: 01 04 02 0E 76 3C B6]
[01/01/09 01:33:16.093] send: [8b: 01 04 00 04 00 01 70 0B]
[01/01/09 01:33:16.097] 	recv: [7b: 01 04 02 14 AA 36 4F]
[01/01/09 01:33:16.113] send: [8b: 01 04 00 06 00 01 D1 CB]
[01/01/09 01:33:16.125] 	recv: [7b: 01 04 02 00 03 F9 31]
[01/01/09 01:33:16.133] send: [8b: 01 04 00 07 00 01 80 0B]
[01/01/09 01:33:16.140] 	recv: [7b: 01 04 02 03 1B F9 CB]
[01/01/09 01:33:16.142] send: [8b: 01 04 00 05 00 01 21 CB]
[01/01/09 01:33:16.147] 	recv: [7b: 01 04 02 0E 76 3C B6]
[01/01/09 01:33:16.153] send: [8b: 01 04 00 04 00 01 70 0B]
[01/01/09 01:33:16.158] 	recv: [7b: 01 04 02 14 AB F7 8F]
[01/01/09 01:33:16.174] send: [8b: 01 04 00 06 00 01 D1 CB]
[01/01/09 01:33:16.186] 	recv: [7b: 01 04 02 00 03 F9 31]
[01/01/09 01:33:16.194] send: [8b: 01 04 00 07 00 01 80 0B]
[01/01/09 01:33:16.200] 	recv: [7b: 01 04 02 03 1A 38 0B]
[01/01/09 01:33:16.202] send: [8b: 01 04 00 05 00 01 21 CB]
[01/01/09 01:33:16.206] 	recv: [7b: 01 04 02 0E 77 FD 76]
[01/01/09 01:33:16.213] send: [8b: 01 04 00 04 00 01 70 0B]
[01/01/09 01:33:16.218] 	recv: [7b: 01 04 02 14 AA 36 4F]
[01/01/09 01:33:16.233] send: [8b: 01 04 00 06 00 01 D1 CB]
[01/01/09 01:33:16.237] 	recv: [7b: 01 04 02 00 03 F9 31]
[01/01/09 01:33:16.245] send: [8b: 01 04 00 07 00 01 80 0B]
[01/01/09 01:33:16.249] 	recv: [7b: 01 04 02 03 1A 38 0B]
[01/01/09 01:33:16.252] send: [8b: 01 04 00 05 00 01 21 CB]
[01/01/09 01:33:16.260] 	recv: [7b: 01 04 02 0E 75 7C B7]
[01/01/09 01:33:16.274] send: [8b: 01 04 00 04 00 01 70 0B]
[01/01/09 01:33:16.278] 	recv: [7b: 01 04 02 14 AA 36 4F]
[01/01/09 01:33:16.295] send: [8b: 01 04 00 06 00 01 D1 CB]
[01/01/09 01:33:16.306] 	recv: [7b: 01 04 02 00 03 F9 31]
[01/01/09 01:33:16.315] send: [8b: 01 04 00 07 00 01 80 0B]
[01/01/09 01:33:16.320] 	recv: [7b: 01 04 02 03 1A 38 0B]
[01/01/09 01:33:16.322] send: [8b: 01 04 00 05 00 01 21 CB]
[01/01/09 01:33:16.326] 	recv: [7b: 01 04 02 0E 78 BD 72]
[01/01/09 01:33:16.335] send: [8b: 01 04 00 04 00 01 70 0B]
[01/01/09 01:33:16.338] 	recv: [7b: 01 04 02 14 AA 36 4F]
[01/01/09 01:33:16.353] send: [8b: 01 04 00 06 00 01 D1 CB]
[01/01/09 01:33:16.357] 	recv: [7b: 01 04 02 00 03 F9 31]
[01/01/09 01:33:16.364] send: [8b: 01 04 00 07 00 01 80 0B]
[01/01/09 01:33:16.369] 	recv: [7b: 01 04 02 03 1A 38 0B]
[01/01/09 01:33:16.372] send: [8b: 01 04 00 05 00 01 21 CB]
[01/01/09 01:33:16.380] 	recv: [7b: 01 04 02 0E 75 7C B7]
[01/01/09 01:33:16.394] send: [8b: 01 04 00 04 00 01 70 0B]
[01/01/09 01:33:16.397] 	recv: [7b: 01 04 02 14 AA 36 4F]
[01/01/09 01:33:16.415] send: [8b: 01 04 00 06 00 01 D1 CB]
[01/01/09 01:33:16.426] 	recv: [7b: 01 04 02 00 01 78 F0]
[01/01/09 01:33:16.434] send: [8b: 01 04 00 07 00 01 80 0B]
[01/01/09 01:33:16.440] 	recv: [7b: 01 04 02 03 1A 38 0B]
[01/01/09 01:33:16.442] send: [8b: 01 04 00 05 00 01 21 CB]
[01/01/09 01:33:16.446] 	recv: [7b: 01 04 02 0E 76 3C B6]
[01/01/09 01:33:16.453] send: [8b: 01 04 00 04 00 01 70 0B]
[01/01/09 01:33:16.458] 	recv: [7b: 01 04 02 14 AA 36 4F]
[01/01/09 01:33:16.465] send: [8b: 01 04 00 06 00 01 D1 CB]
[01/01/09 01:33:16.470] 	recv: [7b: 01 04 02 00 01 78 F0]
[01/01/09 01:33:16.485] send: [8b: 01 04 00 07 00 01 80 0B]
[01/01/09 01:33:16.489] 	recv: [7b: 01 04 02 03 1A 38 0B]
[01/01/09 01:33:16.492] send: [8b: 01 04 00 05 00 01 21 CB]
[01/01/09 01:33:16.500] 	recv: [7b: 01 04 02 0E 77 FD 76]
[01/01/09 01:33:16.515] send: [8b: 01 04 00 04 00 01 70 0B]
[01/01/09 01:33:16.519] 	recv: [7b: 01 04 02 14 A9 76 4E]
[01/01/09 01:33:16.534] send: [8b: 01 04 00 06 00 01 D1 CB]
[01/01/09 01:33:16.546] 	recv: [7b: 01 04 02 00 03 F9 31]
[01/01/09 01:33:16.555] send: [8b: 01 04 00 07 00 01 80 0B]
[01/01/09 01:33:16.560] 	recv: [7b: 01 04 02 03 1B F9 CB]
[01/01/09 01:33:16.562] send: [8b: 01 04 00 05 00 01 21 CB]
[01/01/09 01:33:16.566] 	recv: [7b: 01 04 02 0E 76 3C B6]
[01/01/09 01:33:16.574] send: [8b: 01 04 00 04 00 01 70 0B]
[01/01/09 01:33:16.578] 	recv: [7b: 01 04 02 14 AA 36 4F]
[01/01/09 01:33:16.594] send: [8b: 01 04 00 06 00 01 D1 CB]
[01/01/09 01:33:16.606] 	recv: [7b: 01 04 02 00 03 F9 31]
[01/01/09 01:33:16.614] send: [8b: 01 04 00 07 00 01 80 0B]
[01/01/09 01:33:16.620] 	recv: [7b: 01 04 02 03 1B F9 CB]
[01/01/09 01:33:16.622] send: [8b: 01 04 00 05 00 01 21 CB]
[01/01/09 01:33:16.627] 	recv: [7b: 01 04 02 0E 77 FD 76]
[01/01/09 01:33:16.634] send: [8b: 01 04 00 04 00 01 70 0B]
[01/01/09 01:33:16.638] 	recv: [7b: 01 04 02 14 AA 36 4F]
[01/01/09 01:33:16.654] send: [8b: 01 04 00 06 00 01 D1 CB]
[01/01/09 01:33:16.666] 	recv: [7b: 01 04 02 00 04 B8 F3]
[01/01/09 01:33:16.674] send: [8b: 01 04 00 07 00 01 80 0B]
[01/01/09 01:33:16.680] 	recv: [7b: 01 04 02 03 19 78 0A]
[01/01/09 01:33:16.683] send: [8b: 01 04 00 05 00 01 21 CB]
[01/01/09 01:33:16.687] 	recv: [7b: 01 04 02 0E 76 3C B6]
[01/01/09 01:33:16.695] send: [8b: 01 04 00 04 00 01 70 0B]
[01/01/09 01:33:16.699] 	recv: [7b: 01 04 02 14 AA 36 4F]
[01/01/09 01:33:16.713] send: [8b: 01 04 00 06 00 01 D1 CB]
[01/01/09 01:33:16.726] 	recv: [7b: 01 04 02 00 03 F9 31]
[01/01/09 01:33:16.734] send: [8b: 01 04 00 07 00 01 80 0B]
[01/01/09 01:33:16.740] 	recv: [7b: 01 04 02 03 1B F9 CB]
[01/01/09 01:33:16.742] send: [8b: 01 04 00 05 00 01 21 CB]
[01/01/09 01:33:16.745] 	recv: [7b: 01 04 02 0E 76 3C B6]
[01/01/09 01:33:16.756] send: [8b: 01 04 00 04 00 01 70 0B]
[01/01/09 01:33:16.760] 	recv: [7b: 01 04 02 14 A9 76 4E]
[01/01/09 01:33:16.774] send: [8b: 01 04 00 06 00 01 D1 CB]
[01/01/09 01:33:16.786] 	recv: [7b: 01 04 02 00 03 F9 31]
[01/01/09 01:33:16.795] send: [8b: 01 04 00 07 00 01 80 0B]
[01/01/09 01:33:16.800] 	recv: [7b: 01 04 02 03 1A 38 0B]
[01/01/09 01:33:16.802] send: [8b: 01 04 00 05 00 01 21 CB]
[01/01/09 01:33:16.807] 	recv: [7b: 01 04 02 0E 77 FD 76]
[01/01/09 01:33:16.814] send: [8b: 01 04 00 04 00 01 70 0B]
[01/01/09 01:33:16.818] 	recv: [7b: 01 04 02 14 A9 76 4E]
[01/01/09 01:33:16.834] send: [8b: 01 04 00 06 00 01 D1 CB]
[01/01/09 01:33:16.845] 	recv: [7b: 01 04 02 00 02 38 F1]
[01/01/09 01:33:16.854] send: [8b: 01 04 00 07 00 01 80 0B]
[01/01/09 01:33:16.860] 	recv: [7b: 01 04 02 03 1B F9 CB]
[01/01/09 01:33:16.862] send: [8b: 01 04 00 05 00 01 21 CB]
[01/01/09 01:33:16.866] 	recv: [7b: 01 04 02 0E 75 7C B7]
[01/01/09 01:33:16.875] send: [8b: 01 04 00 04 00 01 70 0B]
[01/01/09 01:33:16.879] 	recv: [7b: 01 04 02 14 AA 36 4F]
[01/01/09 01:33:16.895] send: [8b: 01 04 00 06 00 01 D1 CB]
[01/01/09 01:33:16.905] 	recv: [7b: 01 04 02 00 03 F9 31]
[01/01/09 01:33:16.914] send: [8b: 01 04 00 07 00 01 80 0B]
[01/01/09 01:33:16.920] 	recv: [7b: 01 04 02 03 1A 38 0B]
[01/01/09 01:33:16.922] send: [8b: 01 04 00 05 00 01 21 CB]
[01/01/09 01:33:16.925] 	recv: [7b: 01 04 02 0E 76 3C B6]
[01/01/09 01:33:16.933] send: [8b: 01 04 00 04 00 01 70 0B]
[01/01/09 01:33:16.937] 	recv: [7b: 01 04 02 14 AA 36 4F]
[01/01/09 01:33:16.944] send: [8b: 01 04 00 06 00 01 D1 CB]
[01/01/09 01:33:16.950] 	recv: [7b: 01 04 02 00 03 F9 31]
[01/01/09 01:33:16.964] send: [8b: 01 04 00 07 00 01 80 0B]
[01/01/09 01:33:16.968] 	recv: [7b: 01 04 02 03 1A 38 0B]
[01/01/09 01:33:16.975] send: [8b: 01 04 00 05 00 01 21 CB]
[01/01/09 01:33:16.980] 	recv: [7b: 01 04 02 0E 76 3C B6]
[01/01/09 01:33:16.994] send: [8b: 01 04 00 04 00 01 70 0B]
[01/01/09 01:33:16.999] 	recv: [7b: 01 04 02 14 A9 76 4E]
[01/01/09 01:33:17.015] send: [8b: 01 04 00 06 00 01 D1 CB]
[01/01/09 01:33:17.025] 	recv: [7b: 01 04 02 00 05 79 33]
[01/01/09 01:33:17.036] send: [8b: 01 04 00 07 00 01 80 0B]
[01/01/09 01:33:17.040] 	recv: [7b: 01 04 02 03 1A 38 0B]
[01/01/09 01:33:17.042] send: [8b: 01 04 00 05 00 01 21 CB]
[01/01/09 01:33:17.046] 	recv: [7b: 01 04 02 0E 76 3C B6]
[01/01/09 01:33:17.056] send: [8b: 01 04 00 04 00 01 70 0B]
[01/01/09 01:33:17.060] 	recv: [7b: 01 04 02 14 AB F7 8F]
[01/01/09 01:33:17.074] send: [8b: 01 04 00 06 00 01 D1 CB]
[01/01/09 01:33:17.085] 	recv: [7b: 01 04 02 00 03 F9 31]
[01/01/09 01:33:17.096] send: [8b: 01 04 00 07 00 01 80 0B]
[01/01/09 01:33:17.102] 	recv: [7b: 01 04 02 03 1A 38 0B]
[01/01/09 01:33:17.104] send: [8b: 01 04 00 05 00 01 21 CB]
[01/01/09 01:33:17.115] 	recv: [7b: 01 04 02 0E 77 FD 76]
[01/01/09 01:33:17.125] send: [8b: 01 04 00 04 00 01 70 0B]
[01/01/09 01:33:17.130] 	recv: [7b: 01 04 02 14 A8 B7 8E]
[01/01/09 01:33:17.143] send: [8b: 01 04 00 06 00 01 D1 CB]
[01/01/09 01:33:17.147] 	recv: [7b: 01 04 02 00 03 F9 31]
[01/01/09 01:33:17.156] send: [8b: 01 04 00 07 00 01 80 0B]
[01/01/09 01:33:17.161] 	recv: [7b: 01 04 02 03 1B F9 CB]
[01/01/09 01:33:17.162] send: [8b: 01 04 00 05 00 01 21 CB]
[01/01/09 01:33:17.175] 	recv: [7b: 01 04 02 0E 76 3C B6]
[01/01/09 01:33:17.184] send: [8b: 01 04 00 04 00 01 70 0B]
[01/01/09 01:33:17.190] 	recv: [7b: 01 04 02 14 AA 36 4F]
[01/01/09 01:33:17.198] send: [8b: 01 04 00 06 00 01 D1 CB]
[01/01/09 01:33:17.207] 	recv: [7b: 01 04 02 00 02 38 F1]
[01/01/09 01:33:17.226] send: [8b: 01 04 00 07 00 01 80 0B]
[01/01/09 01:33:17.235] 	recv: [7b: 01 04 02 03 1A 38 0B]
[01/01/09 01:33:17.245] send: [8b: 01 04 00 05 00 01 21 CB]
[01/01/09 01:33:17.250] 	recv: [7b: 01 04 02 0E 78 BD 72]
[01/01/09 01:33:17.264] send: [8b: 01 04 00 04 00 01 70 0B]
[01/01/09 01:33:17.268] 	recv: [7b: 01 04 02 14 AA 36 4F]
[01/01/09 01:33:17.284] send: [8b: 01 04 00 06 00 01 D1 CB]
[01/01/09 01:33:17.295] 	recv: [7b: 01 04 02 00 02 38 F1]
[01/01/09 01:33:17.304] send: [8b: 01 04 00 07 00 01 80 0B]
[01/01/09 01:33:17.310] 	recv: [7b: 01 04 02 03 1C B8 09]
[01/01/09 01:33:17.312] send: [8b: 01 04 00 05 00 01 21 CB]
[01/01/09 01:33:17.316] 	recv: [7b: 01 04 02 0E 77 FD 76]
[01/01/09 01:33:17.324] send: [8b: 01 04 00 04 00 01 70 0B]
[01/01/09 01:33:17.328] 	recv: [7b: 01 04 02 14 A9 76 4E]
[01/01/09 01:33:17.344] send: [8b: 01 04 00 06 00 01 D1 CB]
[01/01/09 01:33:17.355] 	recv: [7b: 01 04 02 00 03 F9 31]
[01/01/09 01:33:17.364] send: [8b: 01 04 00 07 00 01 80 0B]
[01/01/09 01:33:17.370] 	recv: [7b: 01 04 02 03 1A 38 0B]
[01/01/09 01:33:17.372] send: [8b: 01 04 00 05 00 01 21 CB]
[01/01/09 01:33:17.376] 	recv: [7b: 01 04 02 0E 77 FD 76]
[01/01/09 01:33:17.384] send: [8b: 01 04 00 04 00 01 70 0B]
[01/01/09 01:33:17.388] 	recv: [7b: 01 04 02 14 AC B6 4D]
[01/01/09 01:33:17.404] send: [8b: 01 04 00 06 00 01 D1 CB]
[01/01/09 01:33:17.415] 	recv: [7b: 01 04 02 00 02 38 F1]
[01/01/09 01:33:17.424] send: [8b: 01 04 00 07 00 01 80 0B]
[01/01/09 01:33:17.430] 	recv: [7b: 01 04 02 03 1B F9 CB]
[01/01/09 01:33:17.433] send: [8b: 01 04 00 05 00 01 21 CB]
[01/01/09 01:33:17.436] 	recv: [7b: 01 04 02 0E 77 FD 76]
[01/01/09 01:33:17.446] send: [8b: 01 04 00 04 00 01 70 0B]
[01/01/09 01:33:17.450] 	recv: [7b: 01 04 02 14 AB F7 8F]
[01/01/09 01:33:17.465] send: [8b: 01 04 00 06 00 01 D1 CB]
[01/01/09 01:33:17.475] 	recv: [7b: 01 04 02 00 03 F9 31]
[01/01/09 01:33:17.484] send: [8b: 01 04 00 07 00 01 80 0B]
[01/01/09 01:33:17.490] 	recv: [7b: 01 04 02 03 1A 38 0B]
[01/01/09 01:33:17.492] send: [8b: 01 04 00 05 00 01 21 CB]
[01/01/09 01:33:17.495] 	recv: [7b: 01 04 02 0E 78 BD 72]
[01/01/09 01:33:17.506] send: [8b: 01 04 00 04 00 01 70 0B]
[01/01/09 01:33:17.510] 	recv: [7b: 01 04 02 14 AB F7 8F]
[01/01/09 01:33:17.526] send: [8b: 01 04 00 06 00 01 D1 CB]
[01/01/09 01:33:17.535] 	recv: [7b: 01 04 02 00 04 B8 F3]
[01/01/09 01:33:17.546] send: [8b: 01 04 00 07 00 01 80 0B]
[01/01/09 01:33:17.551] 	recv: [7b: 01 04 02 03 1B F9 CB]
[01/01/09 01:33:17.553] send: [8b: 01 04 00 05 00 01 21 CB]
[01/01/09 01:33:17.564] 	recv: [7b: 01 04 02 0E 75 7C B7]
[01/01/09 01:33:17.573] send: [8b: 01 04 00 04 00 01 70 0B]
[01/01/09 01:33:17.580] 	recv: [7b: 01 04 02 14 AA 36 4F]
[01/01/09 01:33:17.596] send: [8b: 01 04 00 06 00 01 D1 CB]
[01/01/09 01:33:17.600] 	recv: [7b: 01 04 02 00 03 F9 31]
[01/01/09 01:33:17.617] send: [8b: 01 04 00 07 00 01 80 0B]
[01/01/09 01:33:17.625] 	recv: [7b: 01 04 02 03 1A 38 0B]
[01/01/09 01:33:17.627] send: [8b: 01 04 00 05 00 01 21 CB]
[01/01/09 01:33:17.631] 	recv: [7b: 01 04 02 0E 76 3C B6]
[01/01/09 01:33:17.644] send: [8b: 01 04 00 04 00 01 70 0B]
[01/01/09 01:33:17.656] 	recv: [7b: 01 04 02 14 AA 36 4F]
[01/01/09 01:33:17.665] send: [8b: 01 04 00 06 00 01 D1 CB]
[01/01/09 01:33:17.670] 	recv: [7b: 01 04 02 00 03 F9 31]
[01/01/09 01:33:17.683] send: [8b: 01 04 00 07 00 01 80 0B]
[01/01/09 01:33:17.688] 	recv: [7b: 01 04 02 03 1B F9 CB]
[01/01/09 01:33:17.689] send: [8b: 01 04 00 05 00 01 21 CB]
[01/01/09 01:33:17.700] 	recv: [7b: 01 04 02 0E 77 FD 76]
[01/01/09 01:33:17.713] send: [8b: 01 04 00 04 00 01 70 0B]
[01/01/09 01:33:17.717] 	recv: [7b: 01 04 02 14 AB F7 8F]
[01/01/09 01:33:17.734] send: [8b: 01 04 00 06 00 01 D1 CB]
[01/01/09 01:33:17.745] 	recv: [7b: 01 04 02 00 03 F9 31]
[01/01/09 01:33:17.754] send: [8b: 01 04 00 07 00 01 80 0B]
[01/01/09 01:33:17.760] 	recv: [7b: 01 04 02 03 1A 38 0B]
[01/01/09 01:33:17.762] send: [8b: 01 04 00 05 00 01 21 CB]
[01/01/09 01:33:17.766] 	recv: [7b: 01 04 02 0E 77 FD 76]
[01/01/09 01:33:17.776] send: [8b: 01 04 00 04 00 01 70 0B]
[01/01/09 01:33:17.780] 	recv: [7b: 01 04 02 14 AA 36 4F]
[01/01/09 01:33:17.795] send: [8b: 01 04 00 06 00 01 D1 CB]
[01/01/09 01:33:17.805] 	recv: [7b: 01 04 02 00 03 F9 31]
[01/01/09 01:33:17.814] send: [8b: 01 04 00 07 00 01 80 0B]
[01/01/09 01:33:17.820] 	recv: [7b: 01 04 02 03 1B F9 CB]
[01/01/09 01:33:17.822] send: [8b: 01 04 00 05 00 01 21 CB]
[01/01/09 01:33:17.826] 	recv: [7b: 01 04 02 0E 76 3C B6]
[01/01/09 01:33:17.834] send: [8b: 01 04 00 04 00 01 70 0B]
[01/01/09 01:33:17.838] 	recv: [7b: 01 04 02 14 AA 36 4F]
[01/01/09 01:33:17.845] send: [8b: 01 04 00 06 00 01 D1 CB]
[01/01/09 01:33:17.850] 	recv: [7b: 01 04 02 00 03 F9 31]
[01/01/09 01:33:17.865] send: [8b: 01 04 00 07 00 01 80 0B]
[01/01/09 01:33:17.869] 	recv: [7b: 01 04 02 03 1B F9 CB]
[01/01/09 01:33:17.871] send: [8b: 01 04 00 05 00 01 21 CB]
[01/01/09 01:33:17.880] 	recv: [7b: 01 04 02 0E 77 FD 76]
[01/01/09 01:33:17.894] send: [8b: 01 04 00 04 00 01 70 0B]
[01/01/09 01:33:17.898] 	recv: [7b: 01 04 02 14 AA 36 4F]
[01/01/09 01:33:17.914] send: [8b: 01 04 00 06 00 01 D1 CB]
[01/01/09 01:33:17.925] 	recv: [7b: 01 04 02 00 02 38 F1]
[01/01/09 01:33:17.934] send: [8b: 01 04 00 07 00 01 80 0B]
[01/01/09 01:33:17.941] 	recv: [7b: 01 04 02 03 1B F9 CB]
[01/01/09 01:33:17.942] send: [8b: 01 04 00 05 00 01 21 CB]
[01/01/09 01:33:17.946] 	recv: [7b: 01 04 02 0E 76 3C B6]
[01/01/09 01:33:17.957] send: [8b: 01 04 00 04 00 01 70 0B]
[01/01/09 01:33:17.960] 	recv: [7b: 01 04 02 14 AB F7 8F]
[01/01/09 01:33:17.975] send: [8b: 01 04 00 06 00 01 D1 CB]
[01/01/09 01:33:17.985] 	recv: [7b: 01 04 02 00 03 F9 31]
[01/01/09 01:33:17.995] send: [8b: 01 04 00 07 00 01 80 0B]
[01/01/09 01:33:18.000] 	recv: [7b: 01 04 02 03 1B F9 CB]
[01/01/09 01:33:18.002] send: [8b: 01 04 00 05 00 01 21 CB]
[01/01/09 01:33:18.006] 	recv: [7b: 01 04 02 0E 76 3C B6]
[01/01/09 01:33:18.015] send: [8b: 01 04 00 04 00 01 70 0B]
[01/01/09 01:33:18.019] 	recv: [7b: 01 04 02 14 AA 36 4F]
[01/01/09 01:33:18.035] send: [8b: 01 04 00 06 00 01 D1 CB]
[01/01/09 01:33:18.045] 	recv: [7b: 01 04 02 00 03 F9 31]
[01/01/09 01:33:18.054] send: [8b: 01 04 00 07 00 01 80 0B]
[01/01/09 01:33:18.060] 	recv: [7b: 01 04 02 03 1B F9 CB]
[01/01/09 01:33:18.062] send: [8b: 01 04 00 05 00 01 21 CB]
[01/01/09 01:33:18.066] 	recv: [7b: 01 04 02 0E 76 3C B6]
[01/01/09 01:33:18.074] send: [8b: 01 04 00 04 00 01 70 0B]
[01/01/09 01:33:18.078] 	recv: [7b: 01 04 02 14 AB F7 8F]
[01/01/09 01:33:18.095] send: [8b: 01 04 00 06 00 01 D1 CB]
[01/01/09 01:33:18.105] 	recv: [7b: 01 04 02 00 04 B8 F3]
[01/01/09 01:33:18.114] send: [8b: 01 04 00 07 00 01 80 0B]
[01/01/09 01:33:18.120] 	recv: [7b: 01 04 02 03 1A 38 0B]
[01/01/09 01:33:18.122] send: [8b: 01 04 00 05 00 01 21 CB]
[01/01/09 01:33:18.127] 	recv: [7b: 01 04 02 0E 77 FD 76]
[01/01/09 01:33:18.135] send: [8b: 01 04 00 04 00 01 70 0B]
[01/01/09 01:33:18.139] 	recv: [7b: 01 04 02 14 AA 36 4F]
[01/01/09 01:33:18.153] send: [8b: 01 04 00 06 00 01 D1 CB]
[01/01/09 01:33:18.165] 	recv: [7b: 01 04 02 00 03 F9 31]
[01/01/09 01:33:18.175] send: [8b: 01 04 00 07 00 01 80 0B]
[01/01/09 01:33:18.180] 	recv: [7b: 01 04 02 03 1B F9 CB]
[01/01/09 01:33:18.182] send: [8b: 01 04 00 05 00 01 21 CB]
[01/01/09 01:33:18.186] 	recv: [7b: 01 04 02 0E 76 3C B6]
[01/01/09 01:33:18.194] send: [8b: 01 04 00 04 00 01 70 0B]
[01/01/09 01:33:18.199] 	recv: [7b: 01 04 02 14 A9 76 4E]
[01/01/09 01:33:18.213] send: [8b: 01 04 00 06 00 01 D1 CB]
[01/01/09 01:33:18.225] 	recv: [7b: 01 04 02 00 03 F9 31]
[01/01/09 01:33:18.233] send: [8b: 01 04 00 07 00 01 80 0B]
[01/01/09 01:33:18.240] 	recv: [7b: 01 04 02 03 1C B8 09]
[01/01/09 01:33:18.242] send: [8b: 01 04 00 05 00 01 21 CB]
[01/01/09 01:33:18.247] 	recv: [7b: 01 04 02 0E 76 3C B6]
[01/01/09 01:33:18.255] send: [8b: 01 04 00 04 00 01 70 0B]
[01/01/09 01:33:18.259] 	recv: [7b: 01 04 02 14 A9 76 4E]
[01/01/09 01:33:18.275] send: [8b: 01 04 00 06 00 01 D1 CB]
[01/01/09 01:33:18.286] 	recv: [7b: 01 04 02 00 03 F9 31]
[01/01/09 01:33:18.294] send: [8b: 01 04 00 07 00 01 80 0B]
[01/01/09 01:33:18.300] 	recv: [7b: 01 04 02 03 1B F9 CB]
[01/01/09 01:33:18.302] send: [8b: 01 04 00 05 00 01 21 CB]
[01/01/09 01:33:18.306] 	recv: [7b: 01 04 02 0E 77 FD 76]
[01/01/09 01:33:18.314] send: [8b: 01 04 00 04 00 01 70 0B]
[01/01/09 01:33:18.318] 	recv: [7b: 01 04 02 14 A8 B7 8E]
[01/01/09 01:33:18.334] send: [8b: 01 04 00 06 00 01 D1 CB]
[01/01/09 01:33:18.345] 	recv: [7b: 01 04 02 00 03 F9 31]
[01/01/09 01:33:18.354] send: [8b: 01 04 00 07 00 01 80 0B]
[01/01/09 01:33:18.361] 	recv: [7b: 01 04 02 03 1C B8 09]
[01/01/09 01:33:18.362] send: [8b: 01 04 00 05 00 01 21 CB]
[01/01/09 01:33:18.367] 	recv: [7b: 01 04 02 0E 77 FD 76]
[01/01/09 01:33:18.374] send: [8b: 01 04 00 04 00 01 70 0B]
[01/01/09 01:33:18.378] 	recv: [7b: 01 04 02 14 A9 76 4E]
[01/01/09 01:33:18.394] send: [8b: 01 04 00 06 00 01 D1 CB]
[01/01/09 01:33:18.406] 	recv: [7b: 01 04 02 00 03 F9 31]
[01/01/09 01:33:18.415] send: [8b: 01 04 00 07 00 01 80 0B]
[01/01/09 01:33:18.420] 	recv: [7b: 01 04 02 03 1B F9 CB]
[01/01/09 01:33:18.422] send: [8b: 01 04 00 05 00 01 21 CB]
[01/01/09 01:33:18.426] 	recv: [7b: 01 04 02 0E 77 FD 76]
[01/01/09 01:33:18.434] send: [8b: 01 04 00 04 00 01 70 0B]
[01/01/09 01:33:18.438] 	recv: [7b: 01 04 02 14 AA 36 4F]
[01/01/09 01:33:18.454] send: [8b: 01 04 00 06 00 01 D1 CB]
[01/01/09 01:33:18.466] 	recv: [7b: 01 04 02 00 03 F9 31]
[01/01/09 01:33:18.474] send: [8b: 01 04 00 07 00 01 80 0B]
[01/01/09 01:33:18.480] 	recv: [7b: 01 04 02 03 1C B8 09]
[01/01/09 01:33:18.482] send: [8b: 01 04 00 05 00 01 21 CB]
[01/01/09 01:33:18.487] 	recv: [7b: 01 04 02 0E 76 3C B6]
[01/01/09 01:33:18.495] send: [8b: 01 04 00 04 00 01 70 0B]
[01/01/09 01:33:18.499] 	recv: [7b: 01 04 02 14 AA 36 4F]
[01/01/09 01:33:18.515] send: [8b: 01 04 00 06 00 01 D1 CB]
[01/01/09 01:33:18.526] 	recv: [7b: 01 04 02 00 02 38 F1]
[01/01/09 01:33:18.535] send: [8b: 01 04 00 07 00 01 80 0B]
[01/01/09 01:33:18.540] 	recv: [7b: 01 04 02 03 1B F9 CB]
[01/01/09 01:33:18.542] send: [8b: 01 04 00 05 00 01 21 CB]
[01/01/09 01:33:18.546] 	recv: [7b: 01 04 02 0E 77 FD 76]
[01/01/09 01:33:18.556] send: [8b: 01 04 00 04 00 01 70 0B]
[01/01/09 01:33:18.559] 	recv: [7b: 01 04 02 14 AA 36 4F]
[01/01/09 01:33:18.567] send: [8b: 01 04 00 06 00 01 D1 CB]
[01/01/09 01:33:18.571] 	recv: [7b: 01 04 02 00 02 38 F1]
[01/01/09 01:33:18.584] send: [8b: 01 04 00 07 00 01 80 0B]
[01/01/09 01:33:18.587] 	recv: [7b: 01 04 02 03 1B F9 CB]
[01/01/09 01:33:18.597] send: [8b: 01 04 00 05 00 01 21 CB]
[01/01/09 01:33:18.602] 	recv: [7b: 01 04 02 0E 77 FD 76]
[01/01/09 01:33:18.613] send: [8b: 01 04 00 04 00 01 70 0B]
[01/01/09 01:33:18.618] 	recv: [7b: 01 04 02 14 A9 76 4E]
[01/01/09 01:33:18.634] send: [8b: 01 04 00 06 00 01 D1 CB]
[01/01/09 01:33:18.644] 	recv: [7b: 01 04 02 00 03 F9 31]
[01/01/09 01:33:18.655] send: [8b: 01 04 00 07 00 01 80 0B]
[01/01/09 01:33:18.660] 	recv: [7b: 01 04 02 03 1B F9 CB]
[01/01/09 01:33:18.662] send: [8b: 01 04 00 05 00 01 21 CB]
[01/01/09 01:33:18.666] 	recv: [7b: 01 04 02 0E 77 FD 76]
[01/01/09 01:33:18.675] send: [8b: 01 04 00 04 00 01 70 0B]
[01/01/09 01:33:18.679] 	recv: [7b: 01 04 02 14 AB F7 8F]
[01/01/09 01:33:18.697] send: [8b: 01 04 00 06 00 01 D1 CB]
[01/01/09 01:33:18.705] 	recv: [7b: 01 04 02 00 05 79 33]
[01/01/09 01:33:18.715] send: [8b: 01 04 00 07 00 01 80 0B]
[01/01/09 01:33:18.720] 	recv: [7b: 01 04 02 03 1A 38 0B]
[01/01/09 01:33:18.722] send: [8b: 01 04 00 05 00 01 21 CB]
[01/01/09 01:33:18.726] 	recv: [7b: 01 04 02 0E 76 3C B6]
[01/01/09 01:33:18.735] send: [8b: 01 04 00 04 00 01 70 0B]
[01/01/09 01:33:18.739] 	recv: [7b: 01 04 02 14 AA 36 4F]
[01/01/09 01:33:18.753] send: [8b: 01 04 00 06 00 01 D1 CB]
[01/01/09 01:33:18.765] 	recv: [7b: 01 04 02 00 03 F9 31]
[01/01/09 01:33:18.776] send: [8b: 01 04 00 07 00 01 80 0B]
[01/01/09 01:33:18.782] 	recv: [7b: 01 04 02 03 1B F9 CB]
[01/01/09 01:33:18.785] send: [8b: 01 04 00 05 00 01 21 CB]
[01/01/09 01:33:18.795] 	recv: [7b: 01 04 02 0E 76 3C B6]
[01/01/09 01:33:18.804] send: [8b: 01 04 00 04 00 01 70 0B]
[01/01/09 01:33:18.810] 	recv: [7b: 01 04 02 14 A9 76 4E]
[01/01/09 01:33:18.824] send: [8b: 01 04 00 06 00 01 D1 CB]
[01/01/09 01:33:18.828] 	recv: [7b: 01 04 02 00 03 F9 31]
[01/01/09 01:33:18.843] send: [8b: 01 04 00 07 00 01 80 0B]
[01/01/09 01:33:18.855] 	recv: [7b: 01 04 02 03 1C B8 09]
[01/01/09 01:33:18.865] send: [8b: 01 04 00 05 00 01 21 CB]
[01/01/09 01:33:18.870] 	recv: [7b: 01 04 02 0E 77 FD 76]
[01/01/09 01:33:18.884] send: [8b: 01 04 00 04 00 01 70 0B]
[01/01/09 01:33:18.888] 	recv: [7b: 01 04 02 14 A9 76 4E]
[01/01/09 01:33:18.903] send: [8b: 01 04 00 06 00 01 D1 CB]
[01/01/09 01:33:18.915] 	recv: [7b: 01 04 02 00 03 F9 31]
[01/01/09 01:33:18.923] send: [8b: 01 04 00 07 00 01 80 0B]
[01/01/09 01:33:18.930] 	recv: [7b: 01 04 02 03 1B F9 CB]
[01/01/09 01:33:18.931] send: [8b: 01 04 00 05 00 01 21 CB]
[01/01/09 01:33:18.936] 	recv: [7b: 01 04 02 0E 76 3C B6]
[01/01/09 01:33:18.945] send: [8b: 01 04 00 04 00 01 70 0B]
[01/01/09 01:33:18.948] 	recv: [7b: 01 04 02 14 AA 36 4F]
[01/01/09 01:33:18.955] send: [8b: 01 04 00 06 00 01 D1 CB]
[01/01/09 01:33:18.960] 	recv: [7b: 01 04 02 00 03 F9 31]
[01/01/09 01:33:18.974] send: [8b: 01 04 00 07 00 01 80 0B]
[01/01/09 01:33:18.978] 	recv: [7b: 01 04 02 03 1B F9 CB]
[01/01/09 01:33:18.980] send: [8b: 01 04 00 05 00 01 21 CB]
[01/01/09 01:33:18.990] 	recv: [7b: 01 04 02 0E 76 3C B6]
[01/01/09 01:33:19.003] send: [8b: 01 04 00 04 00 01 70 0B]
[01/01/09 01:33:19.007] 	recv: [7b: 01 04 02 14 AB F7 8F]
[01/01/09 01:33:19.014] send: [8b: 01 04 00 06 00 01 D1 CB]
[01/01/09 01:33:19.020] 	recv: [7b: 01 04 02 00 02 38 F1]
[01/01/09 01:33:19.033] send: [8b: 01 04 00 07 00 01 80 0B]
[01/01/09 01:33:19.038] 	recv: [7b: 01 04 02 03 1B F9 CB]
[01/01/09 01:33:19.041] send: [8b: 01 04 00 05 00 01 21 CB]
[01/01/09 01:33:19.050] 	recv: [7b: 01 04 02 0E 76 3C B6]
[01/01/09 01:33:19.063] send: [8b: 01 04 00 04 00 01 70 0B]
[01/01/09 01:33:19.067] 	recv: [7b: 01 04 02 14 AA 36 4F]
[01/01/09 01:33:19.074] send: [8b: 01 04 00 06 00 01 D1 CB]
[01/01/09 01:33:19.080] 	recv: [7b: 01 04 02 00 03 F9 31]
[01/01/09 01:33:19.094] send: [8b: 01 04 00 07 00 01 80 0B]
[01/01/09 01:33:19.098] 	recv: [7b: 01 04 02 03 1B F9 CB]
[01/01/09 01:33:19.105] send: [8b: 01 04 00 05 00 01 21 CB]
[01/01/09 01:33:19.110] 	recv: [7b: 01 04 02 0E 77 FD 76]
[01/01/09 01:33:19.124] send: [8b: 01 04 00 04 00 01 70 0B]
[01/01/09 01:33:19.128] 	recv: [7b: 01 04 02 14 A8 B7 8E]
[01/01/09 01:33:19.143] send: [8b: 01 04 00 06 00 01 D1 CB]
[01/01/09 01:33:19.155] 	recv: [7b: 01 04 02 00 04 B8 F3]
[01/01/09 01:33:19.163] send: [8b: 01 04 00 07 00 01 80 0B]
[01/01/09 01:33:19.170] 	recv: [7b: 01 04 02 03 1A 38 0B]
[01/01/09 01:33:19.172] send: [8b: 01 04 00 05 00 01 21 CB]
[01/01/09 01:33:19.176] 	recv: [7b: 01 04 02 0E 76 3C B6]
[01/01/09 01:33:19.184] send: [8b: 01 04 00 04 00 01 70 0B]
[01/01/09 01:33:19.188] 	recv: [7b: 01 04 02 14 AA 36 4F]
[01/01/09 01:33:19.195] send: [8b: 01 04 00 06 00 01 D1 CB]
[01/01/09 01:33:19.200] 	recv: [7b: 01 04 02 00 03 F9 31]
[01/01/09 01:33:19.214] send: [8b: 01 04 00 07 00 01 80 0B]
[01/01/09 01:33:19.218] 	recv: [7b: 01 04 02 03 1B F9 CB]
[01/01/09 01:33:19.225] send: [8b: 01 04 00 05 00 01 21 CB]
[01/01/09 01:33:19.230] 	recv: [7b: 01 04 02 0E 76 3C B6]
[01/01/09 01:33:19.244] send: [8b: 01 04 00 04 00 01 70 0B]
[01/01/09 01:33:19.248] 	recv: [7b: 01 04 02 14 AA 36 4F]
[01/01/09 01:33:19.264] send: [8b: 01 04 00 06 00 01 D1 CB]
[01/01/09 01:33:19.275] 	recv: [7b: 01 04 02 00 03 F9 31]
[01/01/09 01:33:19.284] send: [8b: 01 04 00 07 00 01 80 0B]
[01/01/09 01:33:19.290] 	recv: [7b: 01 04 02 03 1B F9 CB]
[01/01/09 01:33:19.292] send: [8b: 01 04 00 05 00 01 21 CB]
[01/01/09 01:33:19.297] 	recv: [7b: 01 04 02 0E 77 FD 76]
[01/01/09 01:33:19.304] send: [8b: 01 04 00 04 00 01 70 0B]
[01/01/09 01:33:19.308] 	recv: [7b: 01 04 02 14 AA 36 4F]
[01/01/09 01:33:19.323] send: [8b: 01 04 00 06 00 01 D1 CB]
[01/01/09 01:33:19.335] 	recv: [7b: 01 04 02 00 03 F9 31]
[01/01/09 01:33:19.344] send: [8b: 01 04 00 07 00 01 80 0B]
[01/01/09 01:33:19.350] 	recv: [7b: 01 04 02 03 1B F9 CB]
[01/01/09 01:33:19.352] send: [8b: 01 04 00 05 00 01 21 CB]
[01/01/09 01:33:19.357] 	recv: [7b: 01 04 02 0E 76 3C B6]
[01/01/09 01:33:19.364] send: [8b: 01 04 00 04 00 01 70 0B]
[01/01/09 01:33:19.368] 	recv: [7b: 01 04 02 14 AB F7 8F]
[01/01/09 01:33:19.378] send: [8b: 01 04 00 06 00 01 D1 CB]
[01/01/09 01:33:19.382] 	recv: [7b: 01 04 02 00 03 F9 31]
[01/01/09 01:33:19.396] send: [8b: 01 04 00 07 00 01 80 0B]
[01/01/09 01:33:19.400] 	recv: [7b: 01 04 02 03 1B F9 CB]
[01/01/09 01:33:19.403] send: [8b: 01 04 00 05 00 01 21 CB]
[01/01/09 01:33:19.409] 	recv: [7b: 01 04 02 0E 76 3C B6]
[01/01/09 01:33:19.424] send: [8b: 01 04 00 04 00 01 70 0B]
[01/01/09 01:33:19.427] 	recv: [7b: 01 04 02 14 AA 36 4F]
[01/01/09 01:33:19.435] send: [8b: 01 04 00 06 00 01 D1 CB]
[01/01/09 01:33:19.440] 	recv: [7b: 01 04 02 00 02 38 F1]
[01/01/09 01:33:19.454] send: [8b: 01 04 00 07 00 01 80 0B]
[01/01/09 01:33:19.459] 	recv: [7b: 01 04 02 03 1B F9 CB]
[01/01/09 01:33:19.461] send: [8b: 01 04 00 05 00 01 21 CB]
[01/01/09 01:33:19.470] 	recv: [7b: 01 04 02 0E 76 3C B6]
[01/01/09 01:33:19.483] send: [8b: 01 04 00 04 00 01 70 0B]
[01/01/09 01:33:19.488] 	recv: [7b: 01 04 02 14 AA 36 4F]
[01/01/09 01:33:19.503] send: [8b: 01 04 00 06 00 01 D1 CB]
[01/01/09 01:33:19.515] 	recv: [7b: 01 04 02 00 04 B8 F3]
[01/01/09 01:33:19.524] send: [8b: 01 04 00 07 00 01 80 0B]
[01/01/09 01:33:19.530] 	recv: [7b: 01 04 02 03 1A 38 0B]
[01/01/09 01:33:19.532] send: [8b: 01 04 00 05 00 01 21 CB]
[01/01/09 01:33:19.536] 	recv: [7b: 01 04 02 0E 76 3C B6]
[01/01/09 01:33:19.545] send: [8b: 01 04 00 04 00 01 70 0B]
[01/01/09 01:33:19.550] 	recv: [7b: 01 04 02 14 AA 36 4F]
[01/01/09 01:33:19.563] send: [8b: 01 04 00 06 00 01 D1 CB]
[01/01/09 01:33:19.575] 	recv: [7b: 01 04 02 00 02 38 F1]
[01/01/09 01:33:19.587] send: [8b: 01 04 00 07 00 01 80 0B]
[01/01/09 01:33:19.592] 	recv: [7b: 01 04 02 03 1C B8 09]
[01/01/09 01:33:19.593] send: [8b: 01 04 00 05 00 01 21 CB]
[01/01/09 01:33:19.605] 	recv: [7b: 01 04 02 0E 76 3C B6]
[01/01/09 01:33:19.614] send: [8b: 01 04 00 04 00 01 70 0B]
[01/01/09 01:33:19.620] 	recv: [7b: 01 04 02 14 AB F7 8F]
[01/01/09 01:33:19.634] send: [8b: 01 04 00 06 00 01 D1 CB]
[01/01/09 01:33:19.638] 	recv: [7b: 01 04 02 00 03 F9 31]
[01/01/09 01:33:19.654] send: [8b: 01 04 00 07 00 01 80 0B]
[01/01/09 01:33:19.666] 	recv: [7b: 01 04 02 03 1C B8 09]
[01/01/09 01:33:19.675] send: [8b: 01 04 00 05 00 01 21 CB]
[01/01/09 01:33:19.680] 	recv: [7b: 01 04 02 0E 76 3C B6]
[01/01/09 01:33:19.695] send: [8b: 01 04 00 04 00 01 70 0B]
[01/01/09 01:33:19.699] 	recv: [7b: 01 04 02 14 A9 76 4E]
[01/01/09 01:33:19.714] send: [8b: 01 04 00 06 00 01 D1 CB]
[01/01/09 01:33:19.724] 	recv: [7b: 01 04 02 00 04 B8 F3]
[01/01/09 01:33:19.733] send: [8b: 01 04 00 07 00 01 80 0B]
[01/01/09 01:33:19.740] 	recv: [7b: 01 04 02 03 1A 38 0B]
[01/01/09 01:33:19.742] send: [8b: 01 04 00 05 00 01 21 CB]
[01/01/09 01:33:19.746] 	recv: [7b: 01 04 02 0E 77 FD 76]
[01/01/09 01:33:19.754] send: [8b: 01 04 00 04 00 01 70 0B]
[01/01/09 01:33:19.757] 	recv: [7b: 01 04 02 14 AA 36 4F]
[01/01/09 01:33:19.765] send: [8b: 01 04 00 06 00 01 D1 CB]
[01/01/09 01:33:19.769] 	recv: [7b: 01 04 02 00 04 B8 F3]
[01/01/09 01:33:19.784] send: [8b: 01 04 00 07 00 01 80 0B]
[01/01/09 01:33:19.788] 	recv: [7b: 01 04 02 03 1A 38 0B]
[01/01/09 01:33:19.791] send: [8b: 01 04 00 05 00 01 21 CB]
[01/01/09 01:33:19.800] 	recv: [7b: 01 04 02 0E 77 FD 76]
[01/01/09 01:33:19.814] send: [8b: 01 04 00 04 00 01 70 0B]
[01/01/09 01:33:19.819] 	recv: [7b: 01 04 02 14 AA 36 4F]
[01/01/09 01:33:19.833] send: [8b: 01 04 00 06 00 01 D1 CB]
[01/01/09 01:33:19.844] 	recv: [7b: 01 04 02 00 03 F9 31]
[01/01/09 01:33:19.855] send: [8b: 01 04 00 07 00 01 80 0B]
[01/01/09 01:33:19.860] 	recv: [7b: 01 04 02 03 1C B8 09]
[01/01/09 01:33:19.862] send: [8b: 01 04 00 05 00 01 21 CB]
[01/01/09 01:33:19.866] 	recv: [7b: 01 04 02 0E 75 7C B7]
[01/01/09 01:33:19.874] send: [8b: 01 04 00 04 00 01 70 0B]
[01/01/09 01:33:19.878] 	recv: [7b: 01 04 02 14 A9 76 4E]
[01/01/09 01:33:19.885] send: [8b: 01 04 00 06 00 01 D1 CB]
[01/01/09 01:33:19.890] 	recv: [7b: 01 04 02 00 03 F9 31]
[01/01/09 01:33:19.904] send: [8b: 01 04 00 07 00 01 80 0B]
[01/01/09 01:33:19.908] 	recv: [7b: 01 04 02 03 1C B8 09]
[01/01/09 01:33:19.910] send: [8b: 01 04 00 05 00 01 21 CB]
[01/01/09 01:33:19.920] 	recv: [7b: 01 04 02 0E 77 FD 76]
[01/01/09 01:33:19.934] send: [8b: 01 04 00 04 00 01 70 0B]
[01/01/09 01:33:19.938] 	recv: [7b: 01 04 02 14 A9 76 4E]
[01/01/09 01:33:19.954] send: [8b: 01 04 00 06 00 01 D1 CB]
[01/01/09 01:33:19.966] 	recv: [7b: 01 04 02 00 03 F9 31]
[01/01/09 01:33:19.973] send: [8b: 01 04 00 07 00 01 80 0B]
[01/01/09 01:33:19.980] 	recv: [7b: 01 04 02 03 1C B8 09]
[01/01/09 01:33:19.982] send: [8b: 01 04 00 05 00 01 21 CB]
[01/01/09 01:33:19.986] 	recv: [7b: 01 04 02 0E 75 7C B7]
[01/01/09 01:33:19.994] send: [8b: 01 04 00 04 00 01 70 0B]
[01/01/09 01:33:19.998] 	recv: [7b: 01 04 02 14 AB F7 8F]
[01/01/09 01:33:20.015] send: [8b: 01 04 00 06 00 01 D1 CB]
[01/01/09 01:33:20.025] 	recv: [7b: 01 04 02 00 03 F9 31]
[01/01/09 01:33:20.034] send: [8b: 01 04 00 07 00 01 80 0B]
[01/01/09 01:33:20.040] 	recv: [7b: 01 04 02 03 1A 38 0B]
[01/01/09 01:33:20.042] send: [8b: 01 04 00 05 00 01 21 CB]
[01/01/09 01:33:20.047] 	recv: [7b: 01 04 02 0E 77 FD 76]
[01/01/09 01:33:20.054] send: [8b: 01 04 00 04 00 01 70 0B]
[01/01/09 01:33:20.058] 	recv: [7b: 01 04 02 14 AA 36 4F]
[01/01/09 01:33:20.075] send: [8b: 01 04 00 06 00 01 D1 CB]
[01/01/09 01:33:20.085] 	recv: [7b: 01 04 02 00 04 B8 F3]
[01/01/09 01:33:20.095] send: [8b: 01 04 00 07 00 01 80 0B]
[01/01/09 01:33:20.100] 	recv: [7b: 01 04 02 03 1B F9 CB]
[01/01/09 01:33:20.102] send: [8b: 01 04 00 05 00 01 21 CB]
[01/01/09 01:33:20.106] 	recv: [7b: 01 04 02 0E 76 3C B6]
[01/01/09 01:33:20.115] send: [8b: 01 04 00 04 00 01 70 0B]
[01/01/09 01:33:20.119] 	recv: [7b: 01 04 02 14 AB F7 8F]
[01/01/09 01:33:20.134] send: [8b: 01 04 00 06 00 01 D1 CB]
[01/01/09 01:33:20.144] 	recv: [7b: 01 04 02 00 02 38 F1]
[01/01/09 01:33:20.154] send: [8b: 01 04 00 07 00 01 80 0B]
[01/01/09 01:33:20.160] 	recv: [7b: 01 04 02 03 1B F9 CB]
[01/01/09 01:33:20.162] send: [8b: 01 04 00 05 00 01 21 CB]
[01/01/09 01:33:20.167] 	recv: [7b: 01 04 02 0E 77 FD 76]
[01/01/09 01:33:20.184] send: [8b: 01 04 00 04 00 01 70 0B]
[01/01/09 01:33:20.190] 	recv: [7b: 01 04 02 14 AA 36 4F]
[01/01/09 01:33:20.206] send: [8b: 01 04 00 06 00 01 D1 CB]
[01/01/09 01:33:20.210] 	recv: [7b: 01 04 02 00 03 F9 31]
[01/01/09 01:33:20.224] send: [8b: 01 04 00 07 00 01 80 0B]
[01/01/09 01:33:20.234] 	recv: [7b: 01 04 02 03 1B F9 CB]
[01/01/09 01:33:20.237] send: [8b: 01 04 00 05 00 01 21 CB]
[01/01/09 01:33:20.241] 	recv: [7b: 01 04 02 0E 75 7C B7]
[01/01/09 01:33:20.256] send: [8b: 01 04 00 04 00 01 70 0B]
[01/01/09 01:33:20.265] 	recv: [7b: 01 04 02 14 AB F7 8F]
[01/01/09 01:33:20.276] send: [8b: 01 04 00 06 00 01 D1 CB]
[01/01/09 01:33:20.281] 	recv: [7b: 01 04 02 00 03 F9 31]
[01/01/09 01:33:20.294] send: [8b: 01 04 00 07 00 01 80 0B]
[01/01/09 01:33:20.298] 	recv: [7b: 01 04 02 03 1B F9 CB]
[01/01/09 01:33:20.307] send: [8b: 01 04 00 05 00 01 21 CB]
[01/01/09 01:33:20.310] 	recv: [7b: 01 04 02 0E 76 3C B6]
[01/01/09 01:33:20.326] send: [8b: 01 04 00 04 00 01 70 0B]
[01/01/09 01:33:20.330] 	recv: [7b: 01 04 02 14 AA 36 4F]
[01/01/09 01:33:20.346] send: [8b: 01 04 00 06 00 01 D1 CB]
[01/01/09 01:33:20.356] 	recv: [7b: 01 04 02 00 02 38 F1]
[01/01/09 01:33:20.366] send: [8b: 01 04 00 07 00 01 80 0B]
[01/01/09 01:33:20.370] 	recv: [7b: 01 04 02 03 1B F9 CB]
[01/01/09 01:33:20.375] send: [8b: 01 04 00 05 00 01 21 CB]
[01/01/09 01:33:20.384] 	recv: [7b: 01 04 02 0E 76 3C B6]
[01/01/09 01:33:20.395] send: [8b: 01 04 00 04 00 01 70 0B]
[01/01/09 01:33:20.400] 	recv: [7b: 01 04 02 14 AC B6 4D]
[01/01/09 01:33:20.415] send: [8b: 01 04 00 06 00 01 D1 CB]
[01/01/09 01:33:20.418] 	recv: [7b: 01 04 02 00 03 F9 31]
[01/01/09 01:33:20.434] send: [8b: 01 04 00 07 00 01 80 0B]
[01/01/09 01:33:20.445] 	recv: [7b: 01 04 02 03 1A 38 0B]
[01/01/09 01:33:20.455] send: [8b: 01 04 00 05 00 01 21 CB]
[01/01/09 01:33:20.460] 	recv: [7b: 01 04 02 0E 76 3C B6]
[01/01/09 01:33:20.474] send: [8b: 01 04 00 04 00 01 70 0B]
[01/01/09 01:33:20.478] 	recv: [7b: 01 04 02 14 AA 36 4F]
[01/01/09 01:33:20.493] send: [8b: 01 04 00 06 00 01 D1 CB]
[01/01/09 01:33:20.504] 	recv: [7b: 01 04 02 00 03 F9 31]
[01/01/09 01:33:20.516] send: [8b: 01 04 00 07 00 01 80 0B]
[01/01/09 01:33:20.520] 	recv: [7b: 01 04 02 03 1C B8 09]
[01/01/09 01:33:20.522] send: [8b: 01 04 00 05 00 01 21 CB]
[01/01/09 01:33:20.527] 	recv: [7b: 01 04 02 0E 76 3C B6]
[01/01/09 01:33:20.533] send: [8b: 01 04 00 04 00 01 70 0B]
[01/01/09 01:33:20.537] 	recv: [7b: 01 04 02 14 AB F7 8F]
[01/01/09 01:33:20.546] send: [8b: 01 04 00 06 00 01 D1 CB]
[01/01/09 01:33:20.552] 	recv: [7b: 01 04 02 00 03 F9 31]
[01/01/09 01:33:20.567] send: [8b: 01 04 00 07 00 01 80 0B]
[01/01/09 01:33:20.570] 	recv: [7b: 01 04 02 03 1C B8 09]
[01/01/09 01:33:20.577] send: [8b: 01 04 00 05 00 01 21 CB]
[01/01/09 01:33:20.581] 	recv: [7b: 01 04 02 0E 76 3C B6]
[01/01/09 01:33:20.596] send: [8b: 01 04 00 04 00 01 70 0B]
[01/01/09 01:33:20.601] 	recv: [7b: 01 04 02 14 AA 36 4F]
[01/01/09 01:33:20.614] send: [8b: 01 04 00 06 00 01 D1 CB]
[01/01/09 01:33:20.625] 	recv: [7b: 01 04 02 00 03 F9 31]
[01/01/09 01:33:20.635] send: [8b: 01 04 00 07 00 01 80 0B]
[01/01/09 01:33:20.640] 	recv: [7b: 01 04 02 03 1A 38 0B]
[01/01/09 01:33:20.641] send: [8b: 01 04 00 05 00 01 21 CB]
[01/01/09 01:33:20.645] 	recv: [7b: 01 04 02 0E 76 3C B6]
[01/01/09 01:33:20.654] send: [8b: 01 04 00 04 00 01 70 0B]
[01/01/09 01:33:20.658] 	recv: [7b: 01 04 02 14 AA 36 4F]
[01/01/09 01:33:20.674] send: [8b: 01 04 00 06 00 01 D1 CB]
[01/01/09 01:33:20.685] 	recv: [7b: 01 04 02 00 03 F9 31]
[01/01/09 01:33:20.694] send: [8b: 01 04 00 07 00 01 80 0B]
[01/01/09 01:33:20.700] 	recv: [7b: 01 04 02 03 1A 38 0B]
[01/01/09 01:33:20.700] error: bus thread interrupted
[01/01/09 01:33:20.735] resources: ut=0.15 st=0.06
[01/01/09 01:33:20.735] log finished
