[01/01/09 01:33:07.304] log started
[01/01/09 01:33:07.304] 	[ BusInterface ]
[01/01/09 01:33:07.304] 	cycle = 20
[01/01/09 01:33:07.304] 	delayWriteTime = 6
[01/01/09 01:33:07.304] 	href = cout_4007
[01/01/09 01:33:07.304] 	interface = ethernet
[01/01/09 01:33:07.304] 	localAddr = 10.0.0.1
[01/01/09 01:33:07.304] 	localPort = 4007
[01/01/09 01:33:07.304] 	log:path = 
[01/01/09 01:33:07.304] 	log:size = 
[01/01/09 01:33:07.304] 	log:type = info
[01/01/09 01:33:07.304] 	name = TCP/UDP/UnixSocket Network Bus
[01/01/09 01:33:07.304] 	protocol = udp
[01/01/09 01:33:07.305] 	remoteAddr = 10.0.0.2
[01/01/09 01:33:07.305] 	remotePort = 4007
[01/01/09 01:33:07.305] 	sym = bus_4007
[01/01/09 01:33:07.305] 	type = ethernet
[01/01/09 01:33:07.305] 	vendor = Spetstekhnika
[01/01/09 01:33:07.305] 	writeDelay = async
[01/01/09 01:33:07.305] tid = 6414
[01/01/09 01:33:07.346] udp connection started (cycle=20, receive size=10240)
[01/01/09 01:33:07.346] 	local  = 10.0.0.1:4007
[01/01/09 01:33:07.346] 	remote = 10.0.0.2:4007
[01/01/09 01:33:07.346] 	SO_RCVBUF = 63488
[01/01/09 01:33:07.346] 	SO_SNDBUF = 63488
[01/01/09 01:33:07.368] send: [2b: 31 47]
[01/01/09 01:33:07.369] connection: receive timeout (1,1 10240/10240,0/0)
[01/01/09 01:33:07.369] send: [3b: 31 72 21]
[01/01/09 01:33:07.373] 	recv: [1b: F1]
[01/01/09 01:33:07.386] send: [2b: 32 47]
[01/01/09 01:33:07.390] 	recv: [2b: 32 47]
[01/01/09 01:33:07.392] send: [3b: 31 72 21]
[01/01/09 01:33:07.398] 	recv: [7b: 31 72 21 00 00 03 88]
[01/01/09 01:33:07.414] send: [5b: 32 71 13 13 24]
[01/01/09 01:33:07.420] 	recv: [3b: 32 71 13]
[01/01/09 01:33:07.436] send: [5b: 31 71 13 07 6C]
[01/01/09 01:33:07.442] 	recv: [3b: 31 71 13]
[01/01/09 01:33:07.454] send: [5b: 32 71 12 0F 3C]
[01/01/09 01:33:07.459] 	recv: [3b: 32 71 12]
[01/01/09 01:33:07.476] send: [5b: 31 71 12 00 14]
[01/01/09 01:33:07.481] 	recv: [3b: 31 71 12]
[01/01/09 01:33:07.494] send: [4b: 32 71 14 C9]
[01/01/09 01:33:07.500] 	recv: [3b: 32 71 14]
[01/01/09 01:33:07.515] send: [4b: 31 71 14 15]
[01/01/09 01:33:07.521] 	recv: [3b: 31 71 14]
[01/01/09 01:33:07.534] send: [4b: 32 71 15 28]
[01/01/09 01:33:07.540] 	recv: [3b: 32 71 15]
[01/01/09 01:33:07.556] send: [4b: 31 71 15 45]
[01/01/09 01:33:07.563] 	recv: [3b: 31 71 15]
[01/01/09 01:33:07.576] send: [6b: 32 42 FF FF E0 C0]
[01/01/09 01:33:07.582] 	recv: [2b: 32 42]
[01/01/09 01:33:07.593] send: [3b: 32 72 01]
[01/01/09 01:33:07.599] 	recv: [4b: 32 72 01 85]
[01/01/09 01:33:07.615] send: [3b: 32 72 01]
[01/01/09 01:33:07.621] 	recv: [4b: 32 72 01 85]
[01/01/09 01:33:07.634] send: [3b: 31 72 02]
[01/01/09 01:33:07.640] 	recv: [4b: 31 72 02 03]
[01/01/09 01:33:07.654] send: [3b: 32 72 01]
[01/01/09 01:33:07.659] 	recv: [4b: 32 72 01 85]
[01/01/09 01:33:07.674] send: [3b: 32 72 01]
[01/01/09 01:33:07.680] 	recv: [4b: 32 72 01 85]
[01/01/09 01:33:07.694] send: [3b: 31 44 00]
[01/01/09 01:33:07.700] 	recv: [2b: 31 44]
[01/01/09 01:33:07.716] send: [3b: 32 72 01]
[01/01/09 01:33:07.721] 	recv: [4b: 32 72 01 85]
[01/01/09 01:33:07.734] send: [3b: 31 72 01]
[01/01/09 01:33:07.739] 	recv: [4b: 31 72 01 09]
[01/01/09 01:33:07.754] send: [3b: 32 72 01]
[01/01/09 01:33:07.759] 	recv: [4b: 32 72 01 85]
[01/01/09 01:33:07.774] send: [3b: 31 72 02]
[01/01/09 01:33:07.780] 	recv: [4b: 31 72 02 03]
[01/01/09 01:33:07.795] send: [3b: 32 72 01]
[01/01/09 01:33:07.801] 	recv: [4b: 32 72 01 85]
[01/01/09 01:33:07.814] send: [3b: 31 72 02]
[01/01/09 01:33:07.820] 	recv: [4b: 31 72 02 03]
[01/01/09 01:33:07.833] send: [3b: 32 72 01]
[01/01/09 01:33:07.839] 	recv: [4b: 32 72 01 85]
[01/01/09 01:33:07.854] send: [3b: 31 72 02]
[01/01/09 01:33:07.860] 	recv: [4b: 31 72 02 03]
[01/01/09 01:33:07.875] send: [3b: 32 72 01]
[01/01/09 01:33:07.881] 	recv: [4b: 32 72 01 85]
[01/01/09 01:33:07.894] send: [3b: 31 72 02]
[01/01/09 01:33:07.900] 	recv: [4b: 31 72 02 03]
[01/01/09 01:33:07.914] send: [3b: 32 72 01]
[01/01/09 01:33:07.920] 	recv: [4b: 32 72 01 85]
[01/01/09 01:33:07.934] send: [3b: 31 72 02]
[01/01/09 01:33:07.940] 	recv: [4b: 31 72 02 03]
[01/01/09 01:33:07.954] send: [3b: 32 72 01]
[01/01/09 01:33:07.960] 	recv: [4b: 32 72 01 85]
[01/01/09 01:33:07.974] send: [3b: 31 72 02]
[01/01/09 01:33:07.979] 	recv: [4b: 31 72 02 03]
[01/01/09 01:33:07.996] send: [3b: 32 72 01]
[01/01/09 01:33:08.001] 	recv: [4b: 32 72 01 85]
[01/01/09 01:33:08.014] send: [3b: 31 72 02]
[01/01/09 01:33:08.020] 	recv: [4b: 31 72 02 03]
[01/01/09 01:33:08.034] send: [3b: 32 72 01]
[01/01/09 01:33:08.040] 	recv: [4b: 32 72 01 85]
[01/01/09 01:33:08.056] send: [3b: 31 72 02]
[01/01/09 01:33:08.062] 	recv: [4b: 31 72 02 03]
[01/01/09 01:33:08.073] send: [3b: 32 72 01]
[01/01/09 01:33:08.080] 	recv: [4b: 32 72 01 85]
[01/01/09 01:33:08.094] send: [3b: 31 72 02]
[01/01/09 01:33:08.101] 	recv: [4b: 31 72 02 03]
[01/01/09 01:33:08.114] send: [3b: 32 72 01]
[01/01/09 01:33:08.120] 	recv: [4b: 32 72 01 85]
[01/01/09 01:33:08.135] send: [3b: 31 72 02]
[01/01/09 01:33:08.141] 	recv: [4b: 31 72 02 03]
[01/01/09 01:33:08.155] send: [3b: 32 72 01]
[01/01/09 01:33:08.161] 	recv: [4b: 32 72 01 85]
[01/01/09 01:33:08.175] send: [3b: 31 72 02]
[01/01/09 01:33:08.182] 	recv: [4b: 31 72 02 03]
[01/01/09 01:33:08.195] send: [3b: 32 72 01]
[01/01/09 01:33:08.201] 	recv: [4b: 32 72 01 85]
[01/01/09 01:33:08.215] send: [3b: 31 72 02]
[01/01/09 01:33:08.221] 	recv: [4b: 31 72 02 03]
[01/01/09 01:33:08.236] send: [3b: 32 72 01]
[01/01/09 01:33:08.242] 	recv: [4b: 32 72 01 85]
[01/01/09 01:33:08.255] send: [3b: 31 72 02]
[01/01/09 01:33:08.261] 	recv: [4b: 31 72 02 03]
[01/01/09 01:33:08.274] send: [3b: 32 72 01]
[01/01/09 01:33:08.280] 	recv: [4b: 32 72 01 85]
[01/01/09 01:33:08.294] send: [3b: 31 72 02]
[01/01/09 01:33:08.300] 	recv: [4b: 31 72 02 03]
[01/01/09 01:33:08.313] send: [3b: 32 72 01]
[01/01/09 01:33:08.320] 	recv: [4b: 32 72 01 85]
[01/01/09 01:33:08.334] send: [3b: 31 72 02]
[01/01/09 01:33:08.341] 	recv: [4b: 31 72 02 03]
[01/01/09 01:33:08.348] send: [3b: 32 72 01]
[01/01/09 01:33:08.353] 	recv: [4b: 32 72 01 85]
[01/01/09 01:33:08.366] send: [3b: 31 72 02]
[01/01/09 01:33:08.371] 	recv: [4b: 31 72 02 03]
[01/01/09 01:33:08.384] send: [3b: 32 72 01]
[01/01/09 01:33:08.390] 	recv: [4b: 32 72 01 85]
[01/01/09 01:33:08.405] send: [3b: 31 72 02]
[01/01/09 01:33:08.410] 	recv: [4b: 31 72 02 03]
[01/01/09 01:33:08.426] send: [3b: 32 72 01]
[01/01/09 01:33:08.432] 	recv: [4b: 32 72 01 85]
[01/01/09 01:33:08.444] send: [3b: 31 72 02]
[01/01/09 01:33:08.450] 	recv: [4b: 31 72 02 03]
[01/01/09 01:33:08.463] send: [3b: 32 72 01]
[01/01/09 01:33:08.469] 	recv: [4b: 32 72 01 85]
[01/01/09 01:33:08.493] send: [3b: 31 72 02]
[01/01/09 01:33:08.499] 	recv: [4b: 31 72 02 03]
[01/01/09 01:33:08.515] send: [3b: 32 72 01]
[01/01/09 01:33:08.523] 	recv: [4b: 32 72 01 85]
[01/01/09 01:33:08.533] send: [3b: 31 72 02]
[01/01/09 01:33:08.539] 	recv: [4b: 31 72 02 03]
[01/01/09 01:33:08.553] send: [3b: 32 72 01]
[01/01/09 01:33:08.560] 	recv: [4b: 32 72 01 85]
[01/01/09 01:33:08.573] send: [3b: 31 72 02]
[01/01/09 01:33:08.579] 	recv: [4b: 31 72 02 03]
[01/01/09 01:33:08.594] send: [3b: 32 72 01]
[01/01/09 01:33:08.601] 	recv: [4b: 32 72 01 85]
[01/01/09 01:33:08.614] send: [3b: 31 72 02]
[01/01/09 01:33:08.620] 	recv: [4b: 31 72 02 03]
[01/01/09 01:33:08.633] send: [3b: 32 72 01]
[01/01/09 01:33:08.639] 	recv: [4b: 32 72 01 85]
[01/01/09 01:33:08.654] send: [3b: 31 72 02]
[01/01/09 01:33:08.660] 	recv: [4b: 31 72 02 03]
[01/01/09 01:33:08.674] send: [3b: 32 72 01]
[01/01/09 01:33:08.681] 	recv: [4b: 32 72 01 85]
[01/01/09 01:33:08.694] send: [3b: 31 72 02]
[01/01/09 01:33:08.700] 	recv: [4b: 31 72 02 03]
[01/01/09 01:33:08.714] send: [3b: 32 72 01]
[01/01/09 01:33:08.721] 	recv: [4b: 32 72 01 85]
[01/01/09 01:33:08.733] send: [3b: 31 72 02]
[01/01/09 01:33:08.739] 	recv: [4b: 31 72 02 03]
[01/01/09 01:33:08.754] send: [3b: 32 72 01]
[01/01/09 01:33:08.759] 	recv: [4b: 32 72 01 85]
[01/01/09 01:33:08.774] send: [3b: 31 72 02]
[01/01/09 01:33:08.781] 	recv: [4b: 31 72 02 03]
[01/01/09 01:33:08.794] send: [3b: 32 72 01]
[01/01/09 01:33:08.800] 	recv: [4b: 32 72 01 85]
[01/01/09 01:33:08.814] send: [3b: 31 72 02]
[01/01/09 01:33:08.820] 	recv: [4b: 31 72 02 03]
[01/01/09 01:33:08.834] send: [3b: 32 72 01]
[01/01/09 01:33:08.840] 	recv: [4b: 32 72 01 85]
[01/01/09 01:33:08.854] send: [3b: 31 72 02]
[01/01/09 01:33:08.860] 	recv: [4b: 31 72 02 03]
[01/01/09 01:33:08.874] send: [3b: 32 72 01]
[01/01/09 01:33:08.880] 	recv: [4b: 32 72 01 85]
[01/01/09 01:33:08.893] send: [3b: 31 72 02]
[01/01/09 01:33:08.900] 	recv: [4b: 31 72 02 03]
[01/01/09 01:33:08.913] send: [3b: 32 72 01]
[01/01/09 01:33:08.920] 	recv: [4b: 32 72 01 85]
[01/01/09 01:33:08.934] send: [3b: 31 72 02]
[01/01/09 01:33:08.940] 	recv: [4b: 31 72 02 03]
[01/01/09 01:33:08.948] send: [3b: 32 72 01]
[01/01/09 01:33:08.952] 	recv: [4b: 32 72 01 85]
[01/01/09 01:33:08.964] send: [3b: 31 72 02]
[01/01/09 01:33:08.970] 	recv: [4b: 31 72 02 03]
[01/01/09 01:33:08.984] send: [3b: 32 72 01]
[01/01/09 01:33:08.990] 	recv: [4b: 32 72 01 85]
[01/01/09 01:33:09.004] send: [3b: 31 72 02]
[01/01/09 01:33:09.010] 	recv: [4b: 31 72 02 03]
[01/01/09 01:33:09.024] send: [3b: 32 72 01]
[01/01/09 01:33:09.030] 	recv: [4b: 32 72 01 85]
[01/01/09 01:33:09.044] send: [3b: 31 72 02]
[01/01/09 01:33:09.051] 	recv: [4b: 31 72 02 03]
[01/01/09 01:33:09.063] send: [3b: 32 72 01]
[01/01/09 01:33:09.070] 	recv: [4b: 32 72 01 85]
[01/01/09 01:33:09.084] send: [3b: 31 72 02]
[01/01/09 01:33:09.090] 	recv: [4b: 31 72 02 03]
[01/01/09 01:33:09.104] send: [3b: 32 72 01]
[01/01/09 01:33:09.111] 	recv: [4b: 32 72 01 85]
[01/01/09 01:33:09.123] send: [3b: 31 72 02]
[01/01/09 01:33:09.130] 	recv: [4b: 31 72 02 03]
[01/01/09 01:33:09.144] send: [3b: 32 72 01]
[01/01/09 01:33:09.151] 	recv: [4b: 32 72 01 85]
[01/01/09 01:33:09.164] send: [3b: 31 72 02]
[01/01/09 01:33:09.171] 	recv: [4b: 31 72 02 03]
[01/01/09 01:33:09.183] send: [3b: 32 72 01]
[01/01/09 01:33:09.190] 	recv: [4b: 32 72 01 85]
[01/01/09 01:33:09.205] send: [3b: 31 72 02]
[01/01/09 01:33:09.211] 	recv: [4b: 31 72 02 03]
[01/01/09 01:33:09.228] send: [3b: 32 72 01]
[01/01/09 01:33:09.233] 	recv: [4b: 32 72 01 00]
[01/01/09 01:33:09.245] send: [3b: 31 72 02]
[01/01/09 01:33:09.252] 	recv: [4b: 31 72 02 03]
[01/01/09 01:33:09.266] send: [3b: 31 72 02]
[01/01/09 01:33:09.272] 	recv: [4b: 31 72 02 03]
[01/01/09 01:33:09.285] send: [3b: 32 72 02]
[01/01/09 01:33:09.291] 	recv: [4b: 32 72 02 03]
[01/01/09 01:33:09.303] send: [3b: 31 72 02]
[01/01/09 01:33:09.309] 	recv: [4b: 31 72 02 03]
[01/01/09 01:33:09.325] send: [3b: 31 72 02]
[01/01/09 01:33:09.331] 	recv: [4b: 31 72 02 03]
[01/01/09 01:33:09.345] send: [3b: 32 44 00]
[01/01/09 01:33:09.351] 	recv: [2b: 32 44]
[01/01/09 01:33:09.365] send: [3b: 31 72 02]
[01/01/09 01:33:09.371] 	recv: [4b: 31 72 02 03]
[01/01/09 01:33:09.385] send: [3b: 32 72 01]
[01/01/09 01:33:09.390] 	recv: [4b: 32 72 01 09]
[01/01/09 01:33:09.405] send: [3b: 31 72 02]
[01/01/09 01:33:09.411] 	recv: [4b: 31 72 02 03]
[01/01/09 01:33:09.425] send: [3b: 32 72 02]
[01/01/09 01:33:09.431] 	recv: [4b: 32 72 02 03]
[01/01/09 01:33:09.445] send: [3b: 31 72 02]
[01/01/09 01:33:09.452] 	recv: [4b: 31 72 02 03]
[01/01/09 01:33:09.464] send: [3b: 32 72 02]
[01/01/09 01:33:09.470] 	recv: [4b: 32 72 02 03]
[01/01/09 01:33:09.485] send: [3b: 31 72 02]
[01/01/09 01:33:09.491] 	recv: [4b: 31 72 02 03]
[01/01/09 01:33:09.504] send: [3b: 32 72 02]
[01/01/09 01:33:09.510] 	recv: [4b: 32 72 02 03]
[01/01/09 01:33:09.525] send: [3b: 31 72 02]
[01/01/09 01:33:09.531] 	recv: [4b: 31 72 02 03]
[01/01/09 01:33:09.546] send: [3b: 32 72 02]
[01/01/09 01:33:09.552] 	recv: [4b: 32 72 02 03]
[01/01/09 01:33:09.563] send: [3b: 31 72 02]
[01/01/09 01:33:09.569] 	recv: [4b: 31 72 02 03]
[01/01/09 01:33:09.586] send: [3b: 32 72 02]
[01/01/09 01:33:09.592] 	recv: [4b: 32 72 02 03]
[01/01/09 01:33:09.606] send: [3b: 31 72 02]
[01/01/09 01:33:09.612] 	recv: [4b: 31 72 02 03]
[01/01/09 01:33:09.626] send: [3b: 32 72 02]
[01/01/09 01:33:09.632] 	recv: [4b: 32 72 02 03]
[01/01/09 01:33:09.645] send: [3b: 31 72 02]
[01/01/09 01:33:09.651] 	recv: [4b: 31 72 02 03]
[01/01/09 01:33:09.666] send: [3b: 32 72 02]
[01/01/09 01:33:09.672] 	recv: [4b: 32 72 02 03]
[01/01/09 01:33:09.685] send: [3b: 31 72 02]
[01/01/09 01:33:09.691] 	recv: [4b: 31 72 02 03]
[01/01/09 01:33:09.703] send: [3b: 32 72 02]
[01/01/09 01:33:09.710] 	recv: [4b: 32 72 02 03]
[01/01/09 01:33:09.724] send: [3b: 31 72 02]
[01/01/09 01:33:09.731] 	recv: [4b: 31 72 02 03]
[01/01/09 01:33:09.744] send: [3b: 32 72 02]
[01/01/09 01:33:09.750] 	recv: [4b: 32 72 02 03]
[01/01/09 01:33:09.765] send: [3b: 31 72 02]
[01/01/09 01:33:09.771] 	recv: [4b: 31 72 02 03]
[01/01/09 01:33:09.785] send: [3b: 32 72 02]
[01/01/09 01:33:09.791] 	recv: [4b: 32 72 02 03]
[01/01/09 01:33:09.804] send: [3b: 31 72 02]
[01/01/09 01:33:09.810] 	recv: [4b: 31 72 02 03]
[01/01/09 01:33:09.824] send: [3b: 32 72 02]
[01/01/09 01:33:09.831] 	recv: [4b: 32 72 02 03]
[01/01/09 01:33:09.843] send: [3b: 31 72 02]
[01/01/09 01:33:09.848] 	recv: [4b: 31 72 02 03]
[01/01/09 01:33:09.863] send: [3b: 32 72 02]
[01/01/09 01:33:09.869] 	recv: [4b: 32 72 02 03]
[01/01/09 01:33:09.883] send: [3b: 31 72 02]
[01/01/09 01:33:09.890] 	recv: [4b: 31 72 02 03]
[01/01/09 01:33:09.904] send: [3b: 32 72 02]
[01/01/09 01:33:09.910] 	recv: [4b: 32 72 02 03]
[01/01/09 01:33:09.924] send: [3b: 31 72 02]
[01/01/09 01:33:09.930] 	recv: [4b: 31 72 02 03]
[01/01/09 01:33:09.943] send: [3b: 32 72 02]
[01/01/09 01:33:09.950] 	recv: [4b: 32 72 02 03]
[01/01/09 01:33:09.963] send: [3b: 31 72 02]
[01/01/09 01:33:09.970] 	recv: [4b: 31 72 02 03]
[01/01/09 01:33:09.985] send: [3b: 32 72 02]
[01/01/09 01:33:09.990] 	recv: [4b: 32 72 02 03]
[01/01/09 01:33:10.004] send: [3b: 31 72 02]
[01/01/09 01:33:10.009] 	recv: [4b: 31 72 02 03]
[01/01/09 01:33:10.025] send: [3b: 32 72 02]
[01/01/09 01:33:10.031] 	recv: [4b: 32 72 02 03]
[01/01/09 01:33:10.045] send: [3b: 31 72 02]
[01/01/09 01:33:10.052] 	recv: [4b: 31 72 02 03]
[01/01/09 01:33:10.063] send: [3b: 32 72 02]
[01/01/09 01:33:10.069] 	recv: [4b: 32 72 02 03]
[01/01/09 01:33:10.085] send: [3b: 31 72 02]
[01/01/09 01:33:10.091] 	recv: [4b: 31 72 02 03]
[01/01/09 01:33:10.103] send: [3b: 32 72 02]
[01/01/09 01:33:10.109] 	recv: [4b: 32 72 02 03]
[01/01/09 01:33:10.123] send: [3b: 31 72 02]
[01/01/09 01:33:10.130] 	recv: [4b: 31 72 02 03]
[01/01/09 01:33:10.144] send: [3b: 32 72 02]
[01/01/09 01:33:10.150] 	recv: [4b: 32 72 02 03]
[01/01/09 01:33:10.165] send: [3b: 31 72 02]
[01/01/09 01:33:10.171] 	recv: [4b: 31 72 02 03]
[01/01/09 01:33:10.185] send: [3b: 32 72 02]
[01/01/09 01:33:10.191] 	recv: [4b: 32 72 02 03]
[01/01/09 01:33:10.204] send: [3b: 31 72 02]
[01/01/09 01:33:10.210] 	recv: [4b: 31 72 02 03]
[01/01/09 01:33:10.224] send: [3b: 32 72 02]
[01/01/09 01:33:10.230] 	recv: [4b: 32 72 02 03]
[01/01/09 01:33:10.244] send: [3b: 31 72 02]
[01/01/09 01:33:10.250] 	recv: [4b: 31 72 02 03]
[01/01/09 01:33:10.258] send: [3b: 32 72 02]
[01/01/09 01:33:10.262] 	recv: [4b: 32 72 02 03]
[01/01/09 01:33:10.275] send: [3b: 31 72 02]
[01/01/09 01:33:10.282] 	recv: [4b: 31 72 02 03]
[01/01/09 01:33:10.296] send: [3b: 32 72 02]
[01/01/09 01:33:10.303] 	recv: [4b: 32 72 02 03]
[01/01/09 01:33:10.315] send: [3b: 31 72 02]
[01/01/09 01:33:10.321] 	recv: [4b: 31 72 02 03]
[01/01/09 01:33:10.337] send: [3b: 32 72 02]
[01/01/09 01:33:10.343] 	recv: [4b: 32 72 02 03]
[01/01/09 01:33:10.353] send: [3b: 31 72 02]
[01/01/09 01:33:10.358] 	recv: [4b: 31 72 02 03]
[01/01/09 01:33:10.373] send: [3b: 32 72 02]
[01/01/09 01:33:10.379] 	recv: [4b: 32 72 02 03]
[01/01/09 01:33:10.393] send: [3b: 31 72 02]
[01/01/09 01:33:10.400] 	recv: [4b: 31 72 02 03]
[01/01/09 01:33:10.415] send: [3b: 32 72 02]
[01/01/09 01:33:10.420] 	recv: [4b: 32 72 02 03]
[01/01/09 01:33:10.434] send: [3b: 31 72 02]
[01/01/09 01:33:10.440] 	recv: [4b: 31 72 02 03]
[01/01/09 01:33:10.454] send: [3b: 32 72 02]
[01/01/09 01:33:10.460] 	recv: [4b: 32 72 02 03]
[01/01/09 01:33:10.474] send: [3b: 31 72 02]
[01/01/09 01:33:10.480] 	recv: [4b: 31 72 02 03]
[01/01/09 01:33:10.494] send: [3b: 32 72 02]
[01/01/09 01:33:10.500] 	recv: [4b: 32 72 02 03]
[01/01/09 01:33:10.513] send: [3b: 31 72 02]
[01/01/09 01:33:10.518] 	recv: [4b: 31 72 02 03]
[01/01/09 01:33:10.534] send: [3b: 32 72 02]
[01/01/09 01:33:10.540] 	recv: [4b: 32 72 02 03]
[01/01/09 01:33:10.555] send: [3b: 31 72 02]
[01/01/09 01:33:10.561] 	recv: [4b: 31 72 02 03]
[01/01/09 01:33:10.574] send: [3b: 32 72 02]
[01/01/09 01:33:10.580] 	recv: [4b: 32 72 02 03]
[01/01/09 01:33:10.594] send: [3b: 31 72 02]
[01/01/09 01:33:10.599] 	recv: [4b: 31 72 02 03]
[01/01/09 01:33:10.615] send: [3b: 32 72 02]
[01/01/09 01:33:10.621] 	recv: [4b: 32 72 02 03]
[01/01/09 01:33:10.636] send: [3b: 31 72 02]
[01/01/09 01:33:10.641] 	recv: [4b: 31 72 02 03]
[01/01/09 01:33:10.656] send: [3b: 32 72 02]
[01/01/09 01:33:10.661] 	recv: [4b: 32 72 02 03]
[01/01/09 01:33:10.674] send: [3b: 31 72 02]
[01/01/09 01:33:10.680] 	recv: [4b: 31 72 02 03]
[01/01/09 01:33:10.694] send: [3b: 32 72 02]
[01/01/09 01:33:10.699] 	recv: [4b: 32 72 02 03]
[01/01/09 01:33:10.714] send: [3b: 31 72 02]
[01/01/09 01:33:10.720] 	recv: [4b: 31 72 02 03]
[01/01/09 01:33:10.734] send: [3b: 32 72 02]
[01/01/09 01:33:10.740] 	recv: [4b: 32 72 02 03]
[01/01/09 01:33:10.753] send: [3b: 31 72 02]
[01/01/09 01:33:10.759] 	recv: [4b: 31 72 02 03]
[01/01/09 01:33:10.774] send: [3b: 32 72 02]
[01/01/09 01:33:10.780] 	recv: [4b: 32 72 02 03]
[01/01/09 01:33:10.794] send: [3b: 31 72 02]
[01/01/09 01:33:10.799] 	recv: [4b: 31 72 02 03]
[01/01/09 01:33:10.815] send: [3b: 32 72 02]
[01/01/09 01:33:10.821] 	recv: [4b: 32 72 02 03]
[01/01/09 01:33:10.833] send: [3b: 31 72 02]
[01/01/09 01:33:10.839] 	recv: [4b: 31 72 02 03]
[01/01/09 01:33:10.854] send: [3b: 32 72 02]
[01/01/09 01:33:10.859] 	recv: [4b: 32 72 02 03]
[01/01/09 01:33:10.874] send: [3b: 31 72 02]
[01/01/09 01:33:10.880] 	recv: [4b: 31 72 02 03]
[01/01/09 01:33:10.894] send: [3b: 32 72 02]
[01/01/09 01:33:10.899] 	recv: [4b: 32 72 02 03]
[01/01/09 01:33:10.914] send: [3b: 31 72 02]
[01/01/09 01:33:10.920] 	recv: [4b: 31 72 02 03]
[01/01/09 01:33:10.934] send: [3b: 32 72 02]
[01/01/09 01:33:10.940] 	recv: [4b: 32 72 02 03]
[01/01/09 01:33:10.955] send: [3b: 31 72 02]
[01/01/09 01:33:10.962] 	recv: [4b: 31 72 02 03]
[01/01/09 01:33:10.974] send: [3b: 32 72 02]
[01/01/09 01:33:10.981] 	recv: [4b: 32 72 02 03]
[01/01/09 01:33:10.994] send: [3b: 31 72 02]
[01/01/09 01:33:10.999] 	recv: [4b: 31 72 02 03]
[01/01/09 01:33:11.014] send: [3b: 32 72 02]
[01/01/09 01:33:11.021] 	recv: [4b: 32 72 02 03]
[01/01/09 01:33:11.034] send: [3b: 31 72 02]
[01/01/09 01:33:11.040] 	recv: [4b: 31 72 02 03]
[01/01/09 01:33:11.055] send: [3b: 32 72 02]
[01/01/09 01:33:11.061] 	recv: [4b: 32 72 02 03]
[01/01/09 01:33:11.074] send: [3b: 31 72 02]
[01/01/09 01:33:11.079] 	recv: [4b: 31 72 02 03]
[01/01/09 01:33:11.095] send: [3b: 32 72 02]
[01/01/09 01:33:11.101] 	recv: [4b: 32 72 02 03]
[01/01/09 01:33:11.113] send: [3b: 31 72 02]
[01/01/09 01:33:11.119] 	recv: [4b: 31 72 02 03]
[01/01/09 01:33:11.135] send: [3b: 32 72 02]
[01/01/09 01:33:11.141] 	recv: [4b: 32 72 02 03]
[01/01/09 01:33:11.154] send: [3b: 31 72 02]
[01/01/09 01:33:11.160] 	recv: [4b: 31 72 02 03]
[01/01/09 01:33:11.175] send: [3b: 32 72 02]
[01/01/09 01:33:11.181] 	recv: [4b: 32 72 02 03]
[01/01/09 01:33:11.195] send: [3b: 31 72 02]
[01/01/09 01:33:11.201] 	recv: [4b: 31 72 02 03]
[01/01/09 01:33:11.216] send: [3b: 32 72 02]
[01/01/09 01:33:11.224] 	recv: [4b: 32 72 02 03]
[01/01/09 01:33:11.236] send: [3b: 31 72 02]
[01/01/09 01:33:11.242] 	recv: [4b: 31 72 02 03]
[01/01/09 01:33:11.256] send: [3b: 32 72 02]
[01/01/09 01:33:11.262] 	recv: [4b: 32 72 02 03]
[01/01/09 01:33:11.275] send: [3b: 31 72 02]
[01/01/09 01:33:11.281] 	recv: [4b: 31 72 02 03]
[01/01/09 01:33:11.295] send: [3b: 32 72 02]
[01/01/09 01:33:11.301] 	recv: [4b: 32 72 02 03]
[01/01/09 01:33:11.313] send: [3b: 31 72 02]
[01/01/09 01:33:11.319] 	recv: [4b: 31 72 02 03]
[01/01/09 01:33:11.333] send: [3b: 32 72 02]
[01/01/09 01:33:11.339] 	recv: [4b: 32 72 02 03]
[01/01/09 01:33:11.354] send: [3b: 31 72 02]
[01/01/09 01:33:11.360] 	recv: [4b: 31 72 02 03]
[01/01/09 01:33:11.373] send: [3b: 32 72 02]
[01/01/09 01:33:11.380] 	recv: [4b: 32 72 02 03]
[01/01/09 01:33:11.394] send: [3b: 31 72 02]
[01/01/09 01:33:11.400] 	recv: [4b: 31 72 02 03]
[01/01/09 01:33:11.415] send: [3b: 32 72 02]
[01/01/09 01:33:11.421] 	recv: [4b: 32 72 02 03]
[01/01/09 01:33:11.434] send: [3b: 31 72 02]
[01/01/09 01:33:11.440] 	recv: [4b: 31 72 02 13]
[01/01/09 01:33:11.454] send: [3b: 32 72 02]
[01/01/09 01:33:11.460] 	recv: [4b: 32 72 02 03]
[01/01/09 01:33:11.475] send: [3b: 32 72 02]
[01/01/09 01:33:11.481] 	recv: [4b: 32 72 02 03]
[01/01/09 01:33:11.494] send: [6b: 31 42 00 00 00 DC]
[01/01/09 01:33:11.500] 	recv: [2b: 31 42]
[01/01/09 01:33:11.515] send: [3b: 32 72 02]
[01/01/09 01:33:11.521] 	recv: [4b: 32 72 02 03]
[01/01/09 01:33:11.535] send: [3b: 31 72 01]
[01/01/09 01:33:11.541] 	recv: [4b: 31 72 01 05]
[01/01/09 01:33:11.555] send: [3b: 32 72 02]
[01/01/09 01:33:11.562] 	recv: [4b: 32 72 02 03]
[01/01/09 01:33:11.573] send: [3b: 31 72 01]
[01/01/09 01:33:11.579] 	recv: [4b: 31 72 01 05]
[01/01/09 01:33:11.594] send: [3b: 32 72 02]
[01/01/09 01:33:11.601] 	recv: [4b: 32 72 02 03]
[01/01/09 01:33:11.614] send: [3b: 31 72 01]
[01/01/09 01:33:11.620] 	recv: [4b: 31 72 01 05]
[01/01/09 01:33:11.634] send: [3b: 32 72 02]
[01/01/09 01:33:11.640] 	recv: [4b: 32 72 02 03]
[01/01/09 01:33:11.655] send: [3b: 31 72 01]
[01/01/09 01:33:11.661] 	recv: [4b: 31 72 01 05]
[01/01/09 01:33:11.674] send: [3b: 32 72 02]
[01/01/09 01:33:11.680] 	recv: [4b: 32 72 02 03]
[01/01/09 01:33:11.694] send: [3b: 31 72 01]
[01/01/09 01:33:11.700] 	recv: [4b: 31 72 01 05]
[01/01/09 01:33:11.714] send: [3b: 32 72 02]
[01/01/09 01:33:11.719] 	recv: [4b: 32 72 02 03]
[01/01/09 01:33:11.735] send: [3b: 31 72 01]
[01/01/09 01:33:11.741] 	recv: [4b: 31 72 01 05]
[01/01/09 01:33:11.753] send: [3b: 32 72 02]
[01/01/09 01:33:11.759] 	recv: [4b: 32 72 02 03]
[01/01/09 01:33:11.774] send: [3b: 31 72 01]
[01/01/09 01:33:11.780] 	recv: [4b: 31 72 01 05]
[01/01/09 01:33:11.794] send: [3b: 32 72 02]
[01/01/09 01:33:11.800] 	recv: [4b: 32 72 02 03]
[01/01/09 01:33:11.815] send: [3b: 31 72 01]
[01/01/09 01:33:11.820] 	recv: [4b: 31 72 01 00]
[01/01/09 01:33:11.834] send: [3b: 32 72 02]
[01/01/09 01:33:11.839] 	recv: [4b: 32 72 02 03]
[01/01/09 01:33:11.854] send: [3b: 32 72 02]
[01/01/09 01:33:11.860] 	recv: [4b: 32 72 02 03]
[01/01/09 01:33:11.873] send: [5b: 31 71 13 07 6C]
[01/01/09 01:33:11.879] 	recv: [3b: 31 71 13]
[01/01/09 01:33:11.894] send: [3b: 32 72 02]
[01/01/09 01:33:11.900] 	recv: [4b: 32 72 02 03]
[01/01/09 01:33:11.915] send: [3b: 32 72 02]
[01/01/09 01:33:11.922] 	recv: [4b: 32 72 02 03]
[01/01/09 01:33:11.935] send: [7b: 31 71 21 00 00 00 00]
[01/01/09 01:33:11.942] 	recv: [3b: 31 71 21]
[01/01/09 01:33:11.955] send: [3b: 32 72 02]
[01/01/09 01:33:11.961] 	recv: [4b: 32 72 02 03]
[01/01/09 01:33:11.975] send: [3b: 32 72 02]
[01/01/09 01:33:11.981] 	recv: [4b: 32 72 02 03]
[01/01/09 01:33:11.995] send: [3b: 31 72 21]
[01/01/09 01:33:12.002] 	recv: [7b: 31 72 21 00 00 00 00]
[01/01/09 01:33:12.017] send: [3b: 32 72 02]
[01/01/09 01:33:12.025] send: [3b: 32 72 02]
[01/01/09 01:33:12.025] 	recv: [4b: 32 72 02 03]
[01/01/09 01:33:12.032] 	recv: [4b: 32 72 02 03]
[01/01/09 01:33:12.045] send: [3b: 32 72 02]
[01/01/09 01:33:12.052] 	recv: [4b: 32 72 02 03]
[01/01/09 01:33:12.065] send: [5b: 31 71 13 09 D8]
[01/01/09 01:33:12.070] 	recv: [3b: 31 71 13]
[01/01/09 01:33:12.084] send: [3b: 32 72 02]
[01/01/09 01:33:12.091] 	recv: [4b: 32 72 02 03]
[01/01/09 01:33:12.104] send: [3b: 32 72 02]
[01/01/09 01:33:12.110] 	recv: [4b: 32 72 02 03]
[01/01/09 01:33:12.126] send: [6b: 31 43 00 00 03 4C]
[01/01/09 01:33:12.131] 	recv: [2b: 31 43]
[01/01/09 01:33:12.144] send: [3b: 32 72 02]
[01/01/09 01:33:12.150] 	recv: [4b: 32 72 02 03]
[01/01/09 01:33:12.166] send: [3b: 32 72 02]
[01/01/09 01:33:12.172] 	recv: [4b: 32 72 02 03]
[01/01/09 01:33:12.186] send: [3b: 31 72 21]
[01/01/09 01:33:12.193] 	recv: [7b: 31 72 21 00 00 00 01]
[01/01/09 01:33:12.208] send: [3b: 32 72 02]
[01/01/09 01:33:12.214] 	recv: [4b: 32 72 02 03]
[01/01/09 01:33:12.228] send: [3b: 32 72 02]
[01/01/09 01:33:12.235] send: [3b: 32 72 02]
[01/01/09 01:33:12.235] 	recv: [4b: 32 72 02 03]
[01/01/09 01:33:12.241] 	recv: [4b: 32 72 02 03]
[01/01/09 01:33:12.254] send: [5b: 31 71 13 08 FC]
[01/01/09 01:33:12.259] 	recv: [3b: 31 71 13]
[01/01/09 01:33:12.266] send: [3b: 32 72 02]
[01/01/09 01:33:12.274] 	recv: [4b: 32 72 02 03]
[01/01/09 01:33:12.295] send: [3b: 32 72 02]
[01/01/09 01:33:12.300] 	recv: [4b: 32 72 02 03]
[01/01/09 01:33:12.315] send: [6b: 31 43 00 00 03 03]
[01/01/09 01:33:12.321] 	recv: [2b: 31 43]
[01/01/09 01:33:12.337] send: [3b: 32 72 02]
[01/01/09 01:33:12.342] 	recv: [4b: 32 72 02 03]
[01/01/09 01:33:12.353] send: [3b: 32 72 02]
[01/01/09 01:33:12.359] 	recv: [4b: 32 72 02 03]
[01/01/09 01:33:12.374] send: [3b: 31 72 21]
[01/01/09 01:33:12.381] 	recv: [7b: 31 72 21 00 00 00 5E]
[01/01/09 01:33:12.396] send: [3b: 32 72 02]
[01/01/09 01:33:12.402] 	recv: [4b: 32 72 02 03]
[01/01/09 01:33:12.415] send: [3b: 32 72 02]
[01/01/09 01:33:12.421] 	recv: [4b: 32 72 02 03]
[01/01/09 01:33:12.433] send: [3b: 32 72 02]
[01/01/09 01:33:12.439] 	recv: [4b: 32 72 02 03]
[01/01/09 01:33:12.455] send: [5b: 31 71 13 07 08]
[01/01/09 01:33:12.461] 	recv: [3b: 31 71 13]
[01/01/09 01:33:12.474] send: [3b: 32 72 02]
[01/01/09 01:33:12.479] 	recv: [4b: 32 72 02 03]
[01/01/09 01:33:12.493] send: [3b: 32 72 02]
[01/01/09 01:33:12.499] 	recv: [4b: 32 72 02 03]
[01/01/09 01:33:12.513] send: [6b: 31 43 00 00 02 BA]
[01/01/09 01:33:12.519] 	recv: [2b: 31 43]
[01/01/09 01:33:12.533] send: [3b: 32 72 02]
[01/01/09 01:33:12.539] 	recv: [4b: 32 72 02 03]
[01/01/09 01:33:12.553] send: [3b: 32 72 02]
[01/01/09 01:33:12.559] 	recv: [4b: 32 72 02 03]
[01/01/09 01:33:12.574] send: [3b: 31 72 21]
[01/01/09 01:33:12.581] 	recv: [7b: 31 72 21 00 00 01 F0]
[01/01/09 01:33:12.593] send: [3b: 32 72 02]
[01/01/09 01:33:12.599] 	recv: [4b: 32 72 02 03]
[01/01/09 01:33:12.613] send: [3b: 32 72 02]
[01/01/09 01:33:12.619] 	recv: [4b: 32 72 02 03]
[01/01/09 01:33:12.635] send: [3b: 32 72 02]
[01/01/09 01:33:12.641] 	recv: [4b: 32 72 02 03]
[01/01/09 01:33:12.653] send: [5b: 31 71 13 01 68]
[01/01/09 01:33:12.659] 	recv: [3b: 31 71 13]
[01/01/09 01:33:12.674] send: [3b: 32 72 02]
[01/01/09 01:33:12.680] 	recv: [4b: 32 72 02 03]
[01/01/09 01:33:12.693] send: [3b: 32 72 02]
[01/01/09 01:33:12.699] 	recv: [4b: 32 72 02 03]
[01/01/09 01:33:12.713] send: [6b: 31 43 00 00 02 6A]
[01/01/09 01:33:12.719] 	recv: [2b: 31 43]
[01/01/09 01:33:12.735] send: [3b: 32 72 02]
[01/01/09 01:33:12.741] 	recv: [4b: 32 72 02 03]
[01/01/09 01:33:12.755] send: [3b: 32 72 02]
[01/01/09 01:33:12.760] 	recv: [4b: 32 72 02 03]
[01/01/09 01:33:12.775] send: [3b: 31 72 21]
[01/01/09 01:33:12.781] 	recv: [7b: 31 72 21 00 00 02 B9]
[01/01/09 01:33:12.795] send: [3b: 32 72 02]
[01/01/09 01:33:12.800] 	recv: [4b: 32 72 02 03]
[01/01/09 01:33:12.814] send: [3b: 32 72 02]
[01/01/09 01:33:12.819] 	recv: [4b: 32 72 02 03]
[01/01/09 01:33:12.834] send: [3b: 32 72 02]
[01/01/09 01:33:12.839] 	recv: [4b: 32 72 02 03]
[01/01/09 01:33:12.853] send: [5b: 31 71 13 01 E0]
[01/01/09 01:33:12.858] 	recv: [3b: 31 71 13]
[01/01/09 01:33:12.874] send: [3b: 32 72 02]
[01/01/09 01:33:12.880] 	recv: [4b: 32 72 02 03]
[01/01/09 01:33:12.894] send: [3b: 32 72 02]
[01/01/09 01:33:12.900] 	recv: [4b: 32 72 02 03]
[01/01/09 01:33:12.914] send: [6b: 31 43 00 00 02 17]
[01/01/09 01:33:12.920] 	recv: [2b: 31 43]
[01/01/09 01:33:12.933] send: [3b: 32 72 02]
[01/01/09 01:33:12.938] 	recv: [4b: 32 72 02 03]
[01/01/09 01:33:12.954] send: [3b: 32 72 02]
[01/01/09 01:33:12.959] 	recv: [4b: 32 72 02 03]
[01/01/09 01:33:12.974] send: [3b: 31 72 21]
[01/01/09 01:33:12.981] 	recv: [7b: 31 72 21 00 00 02 7D]
[01/01/09 01:33:12.994] send: [3b: 32 72 02]
[01/01/09 01:33:13.000] 	recv: [4b: 32 72 02 03]
[01/01/09 01:33:13.014] send: [3b: 32 72 02]
[01/01/09 01:33:13.019] 	recv: [4b: 32 72 02 03]
[01/01/09 01:33:13.034] send: [3b: 32 72 02]
[01/01/09 01:33:13.040] 	recv: [4b: 32 72 02 03]
[01/01/09 01:33:13.055] send: [5b: 31 71 13 02 1C]
[01/01/09 01:33:13.061] 	recv: [3b: 31 71 13]
[01/01/09 01:33:13.076] send: [3b: 32 72 02]
[01/01/09 01:33:13.082] 	recv: [4b: 32 72 02 03]
[01/01/09 01:33:13.094] send: [3b: 32 72 02]
[01/01/09 01:33:13.099] 	recv: [4b: 32 72 02 03]
[01/01/09 01:33:13.114] send: [6b: 31 43 00 00 01 C5]
[01/01/09 01:33:13.120] 	recv: [2b: 31 43]
[01/01/09 01:33:13.134] send: [3b: 32 72 02]
[01/01/09 01:33:13.141] 	recv: [4b: 32 72 02 03]
[01/01/09 01:33:13.155] send: [3b: 32 72 02]
[01/01/09 01:33:13.160] 	recv: [4b: 32 72 02 03]
[01/01/09 01:33:13.173] send: [3b: 31 72 21]
[01/01/09 01:33:13.180] 	recv: [7b: 31 72 21 00 00 02 17]
[01/01/09 01:33:13.194] send: [3b: 32 72 02]
[01/01/09 01:33:13.199] 	recv: [4b: 32 72 02 03]
[01/01/09 01:33:13.214] send: [3b: 32 72 02]
[01/01/09 01:33:13.220] 	recv: [4b: 32 72 02 03]
[01/01/09 01:33:13.234] send: [3b: 32 72 02]
[01/01/09 01:33:13.240] 	recv: [4b: 32 72 02 03]
[01/01/09 01:33:13.254] send: [5b: 31 71 13 01 E0]
[01/01/09 01:33:13.259] 	recv: [3b: 31 71 13]
[01/01/09 01:33:13.273] send: [3b: 32 72 02]
[01/01/09 01:33:13.279] 	recv: [4b: 32 72 02 03]
[01/01/09 01:33:13.294] send: [3b: 32 72 02]
[01/01/09 01:33:13.299] 	recv: [4b: 32 72 02 03]
[01/01/09 01:33:13.313] send: [6b: 31 43 00 00 01 72]
[01/01/09 01:33:13.319] 	recv: [2b: 31 43]
[01/01/09 01:33:13.333] send: [3b: 32 72 02]
[01/01/09 01:33:13.338] 	recv: [4b: 32 72 02 03]
[01/01/09 01:33:13.355] send: [3b: 32 72 02]
[01/01/09 01:33:13.361] 	recv: [4b: 32 72 02 03]
[01/01/09 01:33:13.375] send: [3b: 31 72 21]
[01/01/09 01:33:13.381] 	recv: [7b: 31 72 21 00 00 01 B1]
[01/01/09 01:33:13.395] send: [3b: 32 72 02]
[01/01/09 01:33:13.400] 	recv: [4b: 32 72 02 03]
[01/01/09 01:33:13.414] send: [3b: 32 72 02]
[01/01/09 01:33:13.420] 	recv: [4b: 32 72 02 03]
[01/01/09 01:33:13.435] send: [3b: 32 72 02]
[01/01/09 01:33:13.440] 	recv: [4b: 32 72 02 03]
[01/01/09 01:33:13.453] send: [5b: 31 71 13 01 A4]
[01/01/09 01:33:13.460] 	recv: [3b: 31 71 13]
[01/01/09 01:33:13.476] send: [3b: 32 72 02]
[01/01/09 01:33:13.481] 	recv: [4b: 32 72 02 03]
[01/01/09 01:33:13.493] send: [3b: 32 72 02]
[01/01/09 01:33:13.499] 	recv: [4b: 32 72 02 03]
[01/01/09 01:33:13.506] send: [6b: 31 43 00 00 01 23]
[01/01/09 01:33:13.512] 	recv: [2b: 31 43]
[01/01/09 01:33:13.524] send: [3b: 32 72 02]
[01/01/09 01:33:13.531] 	recv: [4b: 32 72 02 03]
[01/01/09 01:33:13.544] send: [3b: 32 72 02]
[01/01/09 01:33:13.551] 	recv: [4b: 32 72 02 03]
[01/01/09 01:33:13.564] send: [3b: 31 72 21]
[01/01/09 01:33:13.571] 	recv: [7b: 31 72 21 00 00 01 5D]
[01/01/09 01:33:13.584] send: [3b: 32 72 02]
[01/01/09 01:33:13.591] 	recv: [4b: 32 72 02 03]
[01/01/09 01:33:13.604] send: [3b: 32 72 02]
[01/01/09 01:33:13.611] 	recv: [4b: 32 72 02 03]
[01/01/09 01:33:13.624] send: [3b: 32 72 02]
[01/01/09 01:33:13.630] 	recv: [4b: 32 72 02 03]
[01/01/09 01:33:13.644] send: [5b: 31 71 13 01 7C]
[01/01/09 01:33:13.651] 	recv: [3b: 31 71 13]
[01/01/09 01:33:13.664] send: [3b: 32 72 02]
[01/01/09 01:33:13.671] 	recv: [4b: 32 72 02 03]
[01/01/09 01:33:13.684] send: [3b: 32 72 02]
[01/01/09 01:33:13.689] 	recv: [4b: 32 72 02 03]
[01/01/09 01:33:13.704] send: [6b: 31 43 00 00 00 D9]
[01/01/09 01:33:13.711] 	recv: [2b: 31 43]
[01/01/09 01:33:13.725] send: [3b: 32 72 02]
[01/01/09 01:33:13.732] 	recv: [4b: 32 72 02 03]
[01/01/09 01:33:13.745] send: [3b: 32 72 02]
[01/01/09 01:33:13.751] 	recv: [4b: 32 72 02 03]
[01/01/09 01:33:13.764] send: [3b: 31 72 21]
[01/01/09 01:33:13.771] 	recv: [7b: 31 72 21 00 00 01 0E]
[01/01/09 01:33:13.784] send: [3b: 32 72 02]
[01/01/09 01:33:13.791] 	recv: [4b: 32 72 02 03]
[01/01/09 01:33:13.804] send: [3b: 32 72 02]
[01/01/09 01:33:13.811] 	recv: [4b: 32 72 02 03]
[01/01/09 01:33:13.824] send: [3b: 32 72 02]
[01/01/09 01:33:13.831] 	recv: [4b: 32 72 02 03]
[01/01/09 01:33:13.844] send: [5b: 31 71 13 01 7C]
[01/01/09 01:33:13.850] 	recv: [3b: 31 71 13]
[01/01/09 01:33:13.863] send: [3b: 32 72 02]
[01/01/09 01:33:13.869] 	recv: [4b: 32 72 02 03]
[01/01/09 01:33:13.883] send: [3b: 32 72 02]
[01/01/09 01:33:13.889] 	recv: [4b: 32 72 02 03]
[01/01/09 01:33:13.904] send: [6b: 31 43 00 00 00 8D]
[01/01/09 01:33:13.912] 	recv: [2b: 31 43]
[01/01/09 01:33:13.924] send: [3b: 32 72 02]
[01/01/09 01:33:13.931] 	recv: [4b: 32 72 02 03]
[01/01/09 01:33:13.944] send: [3b: 32 72 02]
[01/01/09 01:33:13.951] 	recv: [4b: 32 72 02 03]
[01/01/09 01:33:13.964] send: [3b: 31 72 21]
[01/01/09 01:33:13.972] 	recv: [7b: 31 72 21 00 00 00 D8]
[01/01/09 01:33:13.986] send: [3b: 32 72 02]
[01/01/09 01:33:13.993] 	recv: [4b: 32 72 02 03]
[01/01/09 01:33:14.007] send: [3b: 32 72 02]
[01/01/09 01:33:14.015] 	recv: [4b: 32 72 02 03]
[01/01/09 01:33:14.023] send: [3b: 32 72 02]
[01/01/09 01:33:14.031] 	recv: [4b: 32 72 02 03]
[01/01/09 01:33:14.048] send: [5b: 31 71 13 01 B8]
[01/01/09 01:33:14.055] 	recv: [3b: 31 71 13]
[01/01/09 01:33:14.067] send: [3b: 32 72 02]
[01/01/09 01:33:14.074] 	recv: [4b: 32 72 02 03]
[01/01/09 01:33:14.093] send: [3b: 32 72 02]
[01/01/09 01:33:14.099] 	recv: [4b: 32 72 02 03]
[01/01/09 01:33:14.114] send: [6b: 31 43 00 00 00 42]
[01/01/09 01:33:14.121] 	recv: [2b: 31 43]
[01/01/09 01:33:14.133] send: [3b: 32 72 02]
[01/01/09 01:33:14.139] 	recv: [4b: 32 72 02 03]
[01/01/09 01:33:14.157] send: [3b: 32 72 02]
[01/01/09 01:33:14.166] send: [3b: 32 72 02]
[01/01/09 01:33:14.166] 	recv: [4b: 32 72 02 03]
[01/01/09 01:33:14.172] 	recv: [4b: 32 72 02 03]
[01/01/09 01:33:14.185] send: [3b: 32 72 02]
[01/01/09 01:33:14.190] 	recv: [4b: 32 72 02 03]
[01/01/09 01:33:14.203] send: [3b: 32 72 02]
[01/01/09 01:33:14.210] 	recv: [4b: 32 72 02 03]
[01/01/09 01:33:14.225] send: [5b: 31 71 13 02 80]
[01/01/09 01:33:14.233] 	recv: [3b: 31 71 13]
[01/01/09 01:33:14.244] send: [3b: 32 72 02]
[01/01/09 01:33:14.252] 	recv: [4b: 32 72 02 03]
[01/01/09 01:33:14.264] send: [3b: 32 72 02]
[01/01/09 01:33:14.271] 	recv: [4b: 32 72 02 03]
[01/01/09 01:33:14.284] send: [6b: 31 43 00 00 00 00]
[01/01/09 01:33:14.292] 	recv: [2b: 31 43]
[01/01/09 01:33:14.304] send: [3b: 32 72 02]
[01/01/09 01:33:14.311] 	recv: [4b: 32 72 02 03]
[01/01/09 01:33:14.325] send: [3b: 32 72 02]
[01/01/09 01:33:14.330] 	recv: [4b: 32 72 02 03]
[01/01/09 01:33:14.345] send: [3b: 31 72 21]
[01/01/09 01:33:14.352] 	recv: [7b: 31 72 21 00 00 00 3B]
[01/01/09 01:33:14.364] send: [3b: 32 72 02]
[01/01/09 01:33:14.370] 	recv: [4b: 32 72 02 03]
[01/01/09 01:33:14.385] send: [3b: 32 72 02]
[01/01/09 01:33:14.392] 	recv: [4b: 32 72 02 03]
[01/01/09 01:33:14.405] send: [3b: 32 72 02]
[01/01/09 01:33:14.412] 	recv: [4b: 32 72 02 03]
[01/01/09 01:33:14.425] send: [5b: 31 71 13 01 7C]
[01/01/09 01:33:14.433] 	recv: [3b: 31 71 13]
[01/01/09 01:33:14.446] send: [3b: 32 72 02]
[01/01/09 01:33:14.452] 	recv: [4b: 32 72 02 03]
[01/01/09 01:33:14.463] send: [3b: 32 72 02]
[01/01/09 01:33:14.470] 	recv: [4b: 32 72 02 03]
[01/01/09 01:33:14.485] send: [6b: 31 43 FF FF FF B9]
[01/01/09 01:33:14.492] 	recv: [2b: 31 43]
[01/01/09 01:33:14.505] send: [3b: 32 72 02]
[01/01/09 01:33:14.511] 	recv: [4b: 32 72 02 03]
[01/01/09 01:33:14.525] send: [3b: 32 72 02]
[01/01/09 01:33:14.531] 	recv: [4b: 32 72 02 03]
[01/01/09 01:33:14.545] send: [3b: 31 72 21]
[01/01/09 01:33:14.553] 	recv: [7b: 31 72 21 FF FF FF FF]
[01/01/09 01:33:14.566] send: [3b: 32 72 02]
[01/01/09 01:33:14.571] 	recv: [4b: 32 72 02 03]
[01/01/09 01:33:14.583] send: [3b: 32 72 02]
[01/01/09 01:33:14.589] 	recv: [4b: 32 72 02 03]
[01/01/09 01:33:14.607] send: [3b: 32 72 02]
[01/01/09 01:33:14.614] 	recv: [4b: 32 72 02 03]
[01/01/09 01:33:14.626] send: [5b: 31 71 13 01 A4]
[01/01/09 01:33:14.635] send: [3b: 32 72 02]
[01/01/09 01:33:14.636] 	recv: [3b: 31 71 13]
[01/01/09 01:33:14.641] 	recv: [4b: 32 72 02 03]
[01/01/09 01:33:14.657] send: [6b: 31 43 FF FF FF 71]
[01/01/09 01:33:14.664] 	recv: [2b: 31 43]
[01/01/09 01:33:14.676] send: [3b: 32 72 02]
[01/01/09 01:33:14.681] 	recv: [4b: 32 72 02 03]
[01/01/09 01:33:14.694] send: [3b: 32 72 02]
[01/01/09 01:33:14.701] 	recv: [4b: 32 72 02 03]
[01/01/09 01:33:14.713] send: [3b: 31 72 21]
[01/01/09 01:33:14.720] 	recv: [7b: 31 72 21 FF FF FF D7]
[01/01/09 01:33:14.733] send: [3b: 32 72 02]
[01/01/09 01:33:14.740] 	recv: [4b: 32 72 02 03]
[01/01/09 01:33:14.754] send: [3b: 32 72 02]
[01/01/09 01:33:14.759] 	recv: [4b: 32 72 02 13]
[01/01/09 01:33:14.775] send: [5b: 31 71 13 01 E0]
[01/01/09 01:33:14.780] 	recv: [3b: 31 71 13]
[01/01/09 01:33:14.794] send: [6b: 32 42 FF FF 8B 34]
[01/01/09 01:33:14.800] 	recv: [2b: 32 42]
[01/01/09 01:33:14.815] send: [3b: 32 72 01]
[01/01/09 01:33:14.821] 	recv: [4b: 32 72 01 85]
[01/01/09 01:33:14.833] send: [6b: 31 43 FF FF FF 35]
[01/01/09 01:33:14.840] 	recv: [2b: 31 43]
[01/01/09 01:33:14.854] send: [3b: 32 72 01]
[01/01/09 01:33:14.860] 	recv: [4b: 32 72 01 85]
[01/01/09 01:33:14.874] send: [3b: 32 72 01]
[01/01/09 01:33:14.881] 	recv: [4b: 32 72 01 85]
[01/01/09 01:33:14.894] send: [3b: 31 72 21]
[01/01/09 01:33:14.901] 	recv: [7b: 31 72 21 FF FF FF 84]
[01/01/09 01:33:14.914] send: [3b: 32 72 01]
[01/01/09 01:33:14.920] 	recv: [4b: 32 72 01 85]
[01/01/09 01:33:14.934] send: [3b: 32 72 01]
[01/01/09 01:33:14.940] 	recv: [4b: 32 72 01 85]
[01/01/09 01:33:14.955] send: [3b: 32 72 01]
[01/01/09 01:33:14.962] 	recv: [4b: 32 72 01 85]
[01/01/09 01:33:14.977] send: [5b: 31 71 13 01 A4]
[01/01/09 01:33:14.983] 	recv: [3b: 31 71 13]
[01/01/09 01:33:14.994] send: [3b: 32 72 01]
[01/01/09 01:33:15.000] 	recv: [4b: 32 72 01 85]
[01/01/09 01:33:15.015] send: [3b: 32 72 01]
[01/01/09 01:33:15.022] 	recv: [4b: 32 72 01 85]
[01/01/09 01:33:15.035] send: [6b: 31 43 FF FF FE F5]
[01/01/09 01:33:15.042] 	recv: [2b: 31 43]
[01/01/09 01:33:15.054] send: [3b: 32 72 01]
[01/01/09 01:33:15.060] 	recv: [4b: 32 72 01 85]
[01/01/09 01:33:15.075] send: [3b: 32 72 01]
[01/01/09 01:33:15.081] 	recv: [4b: 32 72 01 85]
[01/01/09 01:33:15.095] send: [3b: 31 72 21]
[01/01/09 01:33:15.102] 	recv: [7b: 31 72 21 FF FF FF 2A]
[01/01/09 01:33:15.116] send: [3b: 32 72 01]
[01/01/09 01:33:15.123] 	recv: [4b: 32 72 01 85]
[01/01/09 01:33:15.135] send: [3b: 32 72 01]
[01/01/09 01:33:15.140] 	recv: [4b: 32 72 01 85]
[01/01/09 01:33:15.153] send: [3b: 32 72 01]
[01/01/09 01:33:15.159] 	recv: [4b: 32 72 01 85]
[01/01/09 01:33:15.173] send: [5b: 31 71 13 01 68]
[01/01/09 01:33:15.179] 	recv: [3b: 31 71 13]
[01/01/09 01:33:15.195] send: [3b: 32 72 01]
[01/01/09 01:33:15.200] 	recv: [4b: 32 72 01 85]
[01/01/09 01:33:15.215] send: [3b: 32 72 01]
[01/01/09 01:33:15.221] 	recv: [4b: 32 72 01 85]
[01/01/09 01:33:15.234] send: [6b: 31 43 FF FF FE AF]
[01/01/09 01:33:15.240] 	recv: [2b: 31 43]
[01/01/09 01:33:15.254] send: [3b: 32 72 01]
[01/01/09 01:33:15.259] 	recv: [4b: 32 72 01 85]
[01/01/09 01:33:15.275] send: [3b: 32 72 01]
[01/01/09 01:33:15.281] 	recv: [4b: 32 72 01 85]
[01/01/09 01:33:15.296] send: [3b: 31 72 21]
[01/01/09 01:33:15.305] send: [3b: 32 72 01]
[01/01/09 01:33:15.305] 	recv: [7b: 31 72 21 FF FF FE F4]
[01/01/09 01:33:15.310] 	recv: [4b: 32 72 01 85]
[01/01/09 01:33:15.324] send: [3b: 32 72 01]
[01/01/09 01:33:15.331] 	recv: [4b: 32 72 01 85]
[01/01/09 01:33:15.343] send: [5b: 31 71 13 01 7C]
[01/01/09 01:33:15.350] 	recv: [3b: 31 71 13]
[01/01/09 01:33:15.364] send: [3b: 32 72 01]
[01/01/09 01:33:15.371] 	recv: [4b: 32 72 01 85]
[01/01/09 01:33:15.384] send: [3b: 32 72 01]
[01/01/09 01:33:15.389] 	recv: [4b: 32 72 01 85]
[01/01/09 01:33:15.404] send: [6b: 31 43 FF FF FE 72]
[01/01/09 01:33:15.410] 	recv: [2b: 31 43]
[01/01/09 01:33:15.424] send: [3b: 32 72 01]
[01/01/09 01:33:15.430] 	recv: [4b: 32 72 01 85]
[01/01/09 01:33:15.444] send: [3b: 32 72 01]
[01/01/09 01:33:15.450] 	recv: [4b: 32 72 01 85]
[01/01/09 01:33:15.464] send: [3b: 31 72 21]
[01/01/09 01:33:15.470] 	recv: [7b: 31 72 21 FF FF FE CD]
[01/01/09 01:33:15.484] send: [3b: 32 72 01]
[01/01/09 01:33:15.489] 	recv: [4b: 32 72 01 85]
[01/01/09 01:33:15.504] send: [3b: 32 72 01]
[01/01/09 01:33:15.509] 	recv: [4b: 32 72 01 85]
[01/01/09 01:33:15.524] send: [3b: 32 72 01]
[01/01/09 01:33:15.530] 	recv: [4b: 32 72 01 85]
[01/01/09 01:33:15.545] send: [5b: 31 71 13 01 E0]
[01/01/09 01:33:15.551] 	recv: [3b: 31 71 13]
[01/01/09 01:33:15.564] send: [3b: 32 72 01]
[01/01/09 01:33:15.569] 	recv: [4b: 32 72 01 85]
[01/01/09 01:33:15.586] send: [3b: 32 72 01]
[01/01/09 01:33:15.592] 	recv: [4b: 32 72 01 85]
[01/01/09 01:33:15.606] send: [6b: 31 43 FF FF FE 2A]
[01/01/09 01:33:15.613] 	recv: [2b: 31 43]
[01/01/09 01:33:15.626] send: [3b: 32 72 01]
[01/01/09 01:33:15.632] 	recv: [4b: 32 72 01 85]
[01/01/09 01:33:15.644] send: [3b: 32 72 01]
[01/01/09 01:33:15.650] 	recv: [4b: 32 72 01 85]
[01/01/09 01:33:15.665] send: [3b: 31 72 21]
[01/01/09 01:33:15.671] 	recv: [7b: 31 72 21 FF FF FE 76]
[01/01/09 01:33:15.685] send: [3b: 32 72 01]
[01/01/09 01:33:15.691] 	recv: [4b: 32 72 01 85]
[01/01/09 01:33:15.703] send: [3b: 32 72 01]
[01/01/09 01:33:15.709] 	recv: [4b: 32 72 01 85]
[01/01/09 01:33:15.724] send: [3b: 32 72 01]
[01/01/09 01:33:15.730] 	recv: [4b: 32 72 01 85]
[01/01/09 01:33:15.746] send: [5b: 31 71 13 01 A4]
[01/01/09 01:33:15.752] 	recv: [3b: 31 71 13]
[01/01/09 01:33:15.763] send: [3b: 32 72 01]
[01/01/09 01:33:15.769] 	recv: [4b: 32 72 01 85]
[01/01/09 01:33:15.785] send: [3b: 32 72 01]
[01/01/09 01:33:15.793] 	recv: [4b: 32 72 01 85]
[01/01/09 01:33:15.806] send: [6b: 31 43 FF FF FD E4]
[01/01/09 01:33:15.813] 	recv: [2b: 31 43]
[01/01/09 01:33:15.826] send: [3b: 32 72 01]
[01/01/09 01:33:15.832] 	recv: [4b: 32 72 01 85]
[01/01/09 01:33:15.844] send: [3b: 32 72 01]
[01/01/09 01:33:15.851] 	recv: [4b: 32 72 01 85]
[01/01/09 01:33:15.865] send: [3b: 31 72 21]
[01/01/09 01:33:15.872] 	recv: [7b: 31 72 21 FF FF FE 1C]
[01/01/09 01:33:15.884] send: [3b: 32 72 01]
[01/01/09 01:33:15.890] 	recv: [4b: 32 72 01 85]
[01/01/09 01:33:15.904] send: [3b: 32 72 01]
[01/01/09 01:33:15.911] 	recv: [4b: 32 72 01 85]
[01/01/09 01:33:15.924] send: [3b: 32 72 01]
[01/01/09 01:33:15.929] 	recv: [4b: 32 72 01 85]
[01/01/09 01:33:15.943] send: [5b: 31 71 13 01 68]
[01/01/09 01:33:15.949] 	recv: [3b: 31 71 13]
[01/01/09 01:33:15.964] send: [3b: 32 72 01]
[01/01/09 01:33:15.971] 	recv: [4b: 32 72 01 85]
[01/01/09 01:33:15.984] send: [3b: 32 72 01]
[01/01/09 01:33:15.989] 	recv: [4b: 32 72 01 85]
[01/01/09 01:33:16.004] send: [6b: 31 43 FF FF FD A3]
[01/01/09 01:33:16.012] 	recv: [2b: 31 43]
[01/01/09 01:33:16.024] send: [3b: 32 72 01]
[01/01/09 01:33:16.031] 	recv: [4b: 32 72 01 85]
[01/01/09 01:33:16.044] send: [3b: 32 72 01]
[01/01/09 01:33:16.051] 	recv: [4b: 32 72 01 85]
[01/01/09 01:33:16.064] send: [3b: 31 72 21]
[01/01/09 01:33:16.071] 	recv: [7b: 31 72 21 FF FF FD E3]
[01/01/09 01:33:16.083] send: [3b: 32 72 01]
[01/01/09 01:33:16.090] 	recv: [4b: 32 72 01 85]
[01/01/09 01:33:16.105] send: [3b: 32 72 01]
[01/01/09 01:33:16.112] 	recv: [4b: 32 72 01 85]
[01/01/09 01:33:16.124] send: [3b: 32 72 01]
[01/01/09 01:33:16.131] 	recv: [4b: 32 72 01 85]
[01/01/09 01:33:16.144] send: [5b: 31 71 13 01 54]
[01/01/09 01:33:16.149] 	recv: [3b: 31 71 13]
[01/01/09 01:33:16.164] send: [3b: 32 72 01]
[01/01/09 01:33:16.170] 	recv: [4b: 32 72 01 85]
[01/01/09 01:33:16.184] send: [3b: 32 72 01]
[01/01/09 01:33:16.190] 	recv: [4b: 32 72 01 85]
[01/01/09 01:33:16.204] send: [6b: 31 43 FF FF FD 6C]
[01/01/09 01:33:16.211] 	recv: [2b: 31 43]
[01/01/09 01:33:16.224] send: [3b: 32 72 01]
[01/01/09 01:33:16.231] 	recv: [4b: 32 72 01 85]
[01/01/09 01:33:16.245] send: [3b: 32 72 01]
[01/01/09 01:33:16.251] 	recv: [4b: 32 72 01 85]
[01/01/09 01:33:16.264] send: [3b: 31 72 21]
[01/01/09 01:33:16.270] 	recv: [7b: 31 72 21 FF FF FD B5]
[01/01/09 01:33:16.284] send: [3b: 32 72 01]
[01/01/09 01:33:16.291] 	recv: [4b: 32 72 01 85]
[01/01/09 01:33:16.304] send: [3b: 32 72 01]
[01/01/09 01:33:16.310] 	recv: [4b: 32 72 01 85]
[01/01/09 01:33:16.323] send: [3b: 32 72 01]
[01/01/09 01:33:16.328] 	recv: [4b: 32 72 01 85]
[01/01/09 01:33:16.344] send: [5b: 31 71 13 01 54]
[01/01/09 01:33:16.350] 	recv: [3b: 31 71 13]
[01/01/09 01:33:16.364] send: [3b: 32 72 01]
[01/01/09 01:33:16.372] 	recv: [4b: 32 72 01 85]
[01/01/09 01:33:16.385] send: [3b: 32 72 01]
[01/01/09 01:33:16.393] 	recv: [4b: 32 72 01 85]
[01/01/09 01:33:16.408] send: [6b: 31 43 FF FF FD 40]
[01/01/09 01:33:16.413] 	recv: [2b: 31 43]
[01/01/09 01:33:16.423] send: [3b: 32 72 01]
[01/01/09 01:33:16.430] 	recv: [4b: 32 72 01 85]
[01/01/09 01:33:16.444] send: [3b: 32 72 01]
[01/01/09 01:33:16.450] 	recv: [4b: 32 72 01 85]
[01/01/09 01:33:16.466] send: [3b: 31 72 21]
[01/01/09 01:33:16.473] 	recv: [7b: 31 72 21 FF FF FD 70]
[01/01/09 01:33:16.485] send: [3b: 32 72 01]
[01/01/09 01:33:16.491] 	recv: [4b: 32 72 01 85]
[01/01/09 01:33:16.504] send: [3b: 32 72 01]
[01/01/09 01:33:16.510] 	recv: [4b: 32 72 01 85]
[01/01/09 01:33:16.523] send: [3b: 32 72 01]
[01/01/09 01:33:16.529] 	recv: [4b: 32 72 01 85]
[01/01/09 01:33:16.544] send: [5b: 31 71 13 00 F0]
[01/01/09 01:33:16.551] 	recv: [3b: 31 71 13]
[01/01/09 01:33:16.564] send: [3b: 32 72 01]
[01/01/09 01:33:16.569] 	recv: [4b: 32 72 01 85]
[01/01/09 01:33:16.584] send: [3b: 32 72 01]
[01/01/09 01:33:16.590] 	recv: [4b: 32 72 01 85]
[01/01/09 01:33:16.604] send: [6b: 31 43 FF FF FD 1E]
[01/01/09 01:33:16.612] 	recv: [2b: 31 43]
[01/01/09 01:33:16.624] send: [3b: 32 72 01]
[01/01/09 01:33:16.631] 	recv: [4b: 32 72 01 85]
[01/01/09 01:33:16.644] send: [3b: 32 72 01]
[01/01/09 01:33:16.649] 	recv: [4b: 32 72 01 85]
[01/01/09 01:33:16.664] send: [3b: 31 72 21]
[01/01/09 01:33:16.671] 	recv: [7b: 31 72 21 FF FF FD 38]
[01/01/09 01:33:16.685] send: [3b: 32 72 01]
[01/01/09 01:33:16.691] 	recv: [4b: 32 72 01 85]
[01/01/09 01:33:16.705] send: [3b: 32 72 01]
[01/01/09 01:33:16.712] 	recv: [4b: 32 72 01 85]
[01/01/09 01:33:16.723] send: [3b: 32 72 01]
[01/01/09 01:33:16.730] 	recv: [4b: 32 72 01 85]
[01/01/09 01:33:16.746] send: [5b: 31 71 13 00 8C]
[01/01/09 01:33:16.753] 	recv: [3b: 31 71 13]
[01/01/09 01:33:16.764] send: [3b: 32 72 01]
[01/01/09 01:33:16.769] 	recv: [4b: 32 72 01 85]
[01/01/09 01:33:16.784] send: [3b: 32 72 01]
[01/01/09 01:33:16.791] 	recv: [4b: 32 72 01 85]
[01/01/09 01:33:16.805] send: [6b: 31 43 FF FF FD 03]
[01/01/09 01:33:16.811] 	recv: [2b: 31 43]
[01/01/09 01:33:16.823] send: [3b: 32 72 01]
[01/01/09 01:33:16.829] 	recv: [4b: 32 72 01 85]
[01/01/09 01:33:16.845] send: [3b: 32 72 01]
[01/01/09 01:33:16.851] 	recv: [4b: 32 72 01 85]
[01/01/09 01:33:16.866] send: [3b: 31 72 21]
[01/01/09 01:33:16.873] 	recv: [7b: 31 72 21 FF FF FD 1D]
[01/01/09 01:33:16.885] send: [3b: 32 72 01]
[01/01/09 01:33:16.891] 	recv: [4b: 32 72 01 85]
[01/01/09 01:33:16.905] send: [3b: 32 72 01]
[01/01/09 01:33:16.911] 	recv: [4b: 32 72 01 85]
[01/01/09 01:33:16.926] send: [3b: 32 72 01]
[01/01/09 01:33:16.934] send: [3b: 32 72 01]
[01/01/09 01:33:16.935] 	recv: [4b: 32 72 01 85]
[01/01/09 01:33:16.940] 	recv: [4b: 32 72 01 85]
[01/01/09 01:33:16.953] send: [3b: 32 72 01]
[01/01/09 01:33:16.959] 	recv: [4b: 32 72 01 85]
[01/01/09 01:33:16.974] send: [6b: 31 43 FF FF FC E9]
[01/01/09 01:33:16.980] 	recv: [2b: 31 43]
[01/01/09 01:33:16.994] send: [3b: 32 72 01]
[01/01/09 01:33:17.001] 	recv: [4b: 32 72 01 85]
[01/01/09 01:33:17.015] send: [3b: 32 72 01]
[01/01/09 01:33:17.022] 	recv: [4b: 32 72 01 85]
[01/01/09 01:33:17.036] send: [3b: 31 72 21]
[01/01/09 01:33:17.043] 	recv: [7b: 31 72 21 FF FF FD 09]
[01/01/09 01:33:17.056] send: [3b: 32 72 01]
[01/01/09 01:33:17.062] 	recv: [4b: 32 72 01 85]
[01/01/09 01:33:17.074] send: [3b: 32 72 01]
[01/01/09 01:33:17.080] 	recv: [4b: 32 72 01 85]
[01/01/09 01:33:17.096] send: [3b: 32 72 01]
[01/01/09 01:33:17.103] 	recv: [4b: 32 72 01 85]
[01/01/09 01:33:17.115] send: [5b: 31 71 13 00 A0]
[01/01/09 01:33:17.120] 	recv: [3b: 31 71 13]
[01/01/09 01:33:17.135] send: [3b: 32 72 01]
[01/01/09 01:33:17.142] 	recv: [4b: 32 72 01 85]
[01/01/09 01:33:17.156] send: [3b: 32 72 01]
[01/01/09 01:33:17.163] 	recv: [4b: 32 72 01 85]
[01/01/09 01:33:17.176] send: [6b: 31 43 FF FF FC D3]
[01/01/09 01:33:17.183] 	recv: [2b: 31 43]
[01/01/09 01:33:17.196] send: [3b: 32 72 01]
[01/01/09 01:33:17.202] 	recv: [4b: 32 72 01 85]
[01/01/09 01:33:17.213] send: [3b: 32 72 01]
[01/01/09 01:33:17.219] 	recv: [4b: 32 72 01 85]
[01/01/09 01:33:17.234] send: [3b: 31 72 21]
[01/01/09 01:33:17.240] 	recv: [7b: 31 72 21 FF FF FC EB]
[01/01/09 01:33:17.254] send: [3b: 32 72 01]
[01/01/09 01:33:17.260] 	recv: [4b: 32 72 01 85]
[01/01/09 01:33:17.274] send: [3b: 32 72 01]
[01/01/09 01:33:17.279] 	recv: [4b: 32 72 01 85]
[01/01/09 01:33:17.294] send: [3b: 32 72 01]
[01/01/09 01:33:17.300] 	recv: [4b: 32 72 01 85]
[01/01/09 01:33:17.315] send: [5b: 31 71 13 00 8C]
[01/01/09 01:33:17.321] 	recv: [3b: 31 71 13]
[01/01/09 01:33:17.333] send: [3b: 32 72 01]
[01/01/09 01:33:17.339] 	recv: [4b: 32 72 01 85]
[01/01/09 01:33:17.354] send: [3b: 32 72 01]
[01/01/09 01:33:17.360] 	recv: [4b: 32 72 01 85]
[01/01/09 01:33:17.374] send: [6b: 31 43 FF FF FC B6]
[01/01/09 01:33:17.379] 	recv: [2b: 31 43]
[01/01/09 01:33:17.394] send: [3b: 32 72 01]
[01/01/09 01:33:17.401] 	recv: [4b: 32 72 01 85]
[01/01/09 01:33:17.414] send: [3b: 32 72 01]
[01/01/09 01:33:17.421] 	recv: [4b: 32 72 01 85]
[01/01/09 01:33:17.434] send: [3b: 31 72 21]
[01/01/09 01:33:17.440] 	recv: [7b: 31 72 21 FF FF FC CD]
[01/01/09 01:33:17.454] send: [3b: 32 72 01]
[01/01/09 01:33:17.460] 	recv: [4b: 32 72 01 85]
[01/01/09 01:33:17.473] send: [3b: 32 72 01]
[01/01/09 01:33:17.479] 	recv: [4b: 32 72 01 85]
[01/01/09 01:33:17.495] send: [3b: 32 72 01]
[01/01/09 01:33:17.500] 	recv: [4b: 32 72 01 85]
[01/01/09 01:33:17.513] send: [5b: 31 71 13 00 A0]
[01/01/09 01:33:17.519] 	recv: [3b: 31 71 13]
[01/01/09 01:33:17.526] send: [3b: 32 72 01]
[01/01/09 01:33:17.533] 	recv: [4b: 32 72 01 85]
[01/01/09 01:33:17.546] send: [3b: 32 72 01]
[01/01/09 01:33:17.553] 	recv: [4b: 32 72 01 85]
[01/01/09 01:33:17.566] send: [6b: 31 43 FF FF FC 97]
[01/01/09 01:33:17.573] 	recv: [2b: 31 43]
[01/01/09 01:33:17.583] send: [3b: 32 72 01]
[01/01/09 01:33:17.589] 	recv: [4b: 32 72 01 85]
[01/01/09 01:33:17.606] send: [3b: 32 72 01]
[01/01/09 01:33:17.611] 	recv: [4b: 32 72 01 85]
[01/01/09 01:33:17.626] send: [3b: 31 72 21]
[01/01/09 01:33:17.633] 	recv: [7b: 31 72 21 FF FF FC B0]
[01/01/09 01:33:17.644] send: [3b: 32 72 01]
[01/01/09 01:33:17.651] 	recv: [4b: 32 72 01 85]
[01/01/09 01:33:17.665] send: [3b: 32 72 01]
[01/01/09 01:33:17.670] 	recv: [4b: 32 72 01 85]
[01/01/09 01:33:17.683] send: [3b: 32 72 01]
[01/01/09 01:33:17.689] 	recv: [4b: 32 72 01 85]
[01/01/09 01:33:17.704] send: [5b: 31 71 13 00 A0]
[01/01/09 01:33:17.710] 	recv: [3b: 31 71 13]
[01/01/09 01:33:17.724] send: [3b: 32 72 01]
[01/01/09 01:33:17.729] 	recv: [4b: 32 72 01 85]
[01/01/09 01:33:17.745] send: [3b: 32 72 01]
[01/01/09 01:33:17.751] 	recv: [4b: 32 72 01 85]
[01/01/09 01:33:17.763] send: [6b: 31 43 FF FF FC 78]
[01/01/09 01:33:17.769] 	recv: [2b: 31 43]
[01/01/09 01:33:17.783] send: [3b: 32 72 01]
[01/01/09 01:33:17.788] 	recv: [4b: 32 72 01 85]
[01/01/09 01:33:17.805] send: [3b: 32 72 01]
[01/01/09 01:33:17.810] 	recv: [4b: 32 72 01 85]
[01/01/09 01:33:17.825] send: [3b: 31 72 21]
[01/01/09 01:33:17.832] 	recv: [7b: 31 72 21 FF FF FC 90]
[01/01/09 01:33:17.845] send: [3b: 32 72 01]
[01/01/09 01:33:17.851] 	recv: [4b: 32 72 01 85]
[01/01/09 01:33:17.864] send: [3b: 32 72 01]
[01/01/09 01:33:17.869] 	recv: [4b: 32 72 01 85]
[01/01/09 01:33:17.883] send: [3b: 32 72 01]
[01/01/09 01:33:17.890] 	recv: [4b: 32 72 01 85]
[01/01/09 01:33:17.905] send: [5b: 31 71 13 00 A0]
[01/01/09 01:33:17.911] 	recv: [3b: 31 71 13]
[01/01/09 01:33:17.924] send: [3b: 32 72 01]
[01/01/09 01:33:17.930] 	recv: [4b: 32 72 01 85]
[01/01/09 01:33:17.944] send: [3b: 32 72 01]
[01/01/09 01:33:17.950] 	recv: [4b: 32 72 01 85]
[01/01/09 01:33:17.964] send: [6b: 31 43 FF FF FC 57]
[01/01/09 01:33:17.970] 	recv: [2b: 31 43]
[01/01/09 01:33:17.985] send: [3b: 32 72 01]
[01/01/09 01:33:17.991] 	recv: [4b: 32 72 01 85]
[01/01/09 01:33:18.006] send: [3b: 32 72 01]
[01/01/09 01:33:18.012] 	recv: [4b: 32 72 01 85]
[01/01/09 01:33:18.025] send: [3b: 31 72 21]
[01/01/09 01:33:18.031] 	recv: [7b: 31 72 21 FF FF FC 71]
[01/01/09 01:33:18.046] send: [3b: 32 72 01]
[01/01/09 01:33:18.052] 	recv: [4b: 32 72 01 85]
[01/01/09 01:33:18.064] send: [3b: 32 72 01]
[01/01/09 01:33:18.069] 	recv: [4b: 32 72 01 85]
[01/01/09 01:33:18.085] send: [3b: 32 72 01]
[01/01/09 01:33:18.091] 	recv: [4b: 32 72 01 85]
[01/01/09 01:33:18.105] send: [5b: 31 71 13 00 B4]
[01/01/09 01:33:18.111] 	recv: [3b: 31 71 13]
[01/01/09 01:33:18.125] send: [3b: 32 72 01]
[01/01/09 01:33:18.131] 	recv: [4b: 32 72 01 85]
[01/01/09 01:33:18.146] send: [3b: 32 72 01]
[01/01/09 01:33:18.152] 	recv: [4b: 32 72 01 85]
[01/01/09 01:33:18.164] send: [6b: 31 43 FF FF FC 35]
[01/01/09 01:33:18.170] 	recv: [2b: 31 43]
[01/01/09 01:33:18.183] send: [3b: 32 72 01]
[01/01/09 01:33:18.189] 	recv: [4b: 32 72 01 85]
[01/01/09 01:33:18.204] send: [3b: 32 72 01]
[01/01/09 01:33:18.210] 	recv: [4b: 32 72 01 85]
[01/01/09 01:33:18.224] send: [3b: 31 72 21]
[01/01/09 01:33:18.231] 	recv: [7b: 31 72 21 FF FF FC 4E]
[01/01/09 01:33:18.245] send: [3b: 32 72 01]
[01/01/09 01:33:18.251] 	recv: [4b: 32 72 01 85]
[01/01/09 01:33:18.264] send: [3b: 32 72 01]
[01/01/09 01:33:18.270] 	recv: [4b: 32 72 01 85]
[01/01/09 01:33:18.284] send: [3b: 32 72 01]
[01/01/09 01:33:18.290] 	recv: [4b: 32 72 01 85]
[01/01/09 01:33:18.307] send: [5b: 31 71 13 00 A0]
[01/01/09 01:33:18.312] 	recv: [3b: 31 71 13]
[01/01/09 01:33:18.324] send: [3b: 32 72 01]
[01/01/09 01:33:18.329] 	recv: [4b: 32 72 01 85]
[01/01/09 01:33:18.345] send: [3b: 32 72 01]
[01/01/09 01:33:18.350] 	recv: [4b: 32 72 01 85]
[01/01/09 01:33:18.364] send: [6b: 31 43 FF FF FC 14]
[01/01/09 01:33:18.370] 	recv: [2b: 31 43]
[01/01/09 01:33:18.384] send: [3b: 32 72 01]
[01/01/09 01:33:18.389] 	recv: [4b: 32 72 01 85]
[01/01/09 01:33:18.404] send: [3b: 32 72 01]
[01/01/09 01:33:18.411] 	recv: [4b: 32 72 01 85]
[01/01/09 01:33:18.425] send: [3b: 31 72 21]
[01/01/09 01:33:18.433] 	recv: [7b: 31 72 21 FF FF FC 2C]
[01/01/09 01:33:18.444] send: [3b: 32 72 01]
[01/01/09 01:33:18.450] 	recv: [4b: 32 72 01 85]
[01/01/09 01:33:18.464] send: [3b: 32 72 01]
[01/01/09 01:33:18.470] 	recv: [4b: 32 72 01 85]
[01/01/09 01:33:18.484] send: [3b: 32 72 01]
[01/01/09 01:33:18.490] 	recv: [4b: 32 72 01 85]
[01/01/09 01:33:18.504] send: [5b: 31 71 13 00 A0]
[01/01/09 01:33:18.510] 	recv: [3b: 31 71 13]
[01/01/09 01:33:18.524] send: [3b: 32 72 01]
[01/01/09 01:33:18.530] 	recv: [4b: 32 72 01 85]
[01/01/09 01:33:18.544] send: [3b: 32 72 01]
[01/01/09 01:33:18.550] 	recv: [4b: 32 72 01 85]
[01/01/09 01:33:18.567] send: [6b: 31 43 FF FF FB F3]
[01/01/09 01:33:18.575] send: [3b: 32 72 01]
[01/01/09 01:33:18.575] 	recv: [2b: 31 43]
[01/01/09 01:33:18.581] 	recv: [4b: 32 72 01 85]
[01/01/09 01:33:18.596] send: [3b: 31 72 21]
[01/01/09 01:33:18.603] 	recv: [7b: 31 72 21 FF FF FC 11]
[01/01/09 01:33:18.613] send: [3b: 32 72 01]
[01/01/09 01:33:18.620] 	recv: [4b: 32 72 01 85]
[01/01/09 01:33:18.636] send: [3b: 32 72 01]
[01/01/09 01:33:18.641] 	recv: [4b: 32 72 01 85]
[01/01/09 01:33:18.655] send: [3b: 32 72 01]
[01/01/09 01:33:18.662] 	recv: [4b: 32 72 01 85]
[01/01/09 01:33:18.675] send: [5b: 31 71 13 00 A0]
[01/01/09 01:33:18.680] 	recv: [3b: 31 71 13]
[01/01/09 01:33:18.695] send: [3b: 32 72 01]
[01/01/09 01:33:18.700] 	recv: [4b: 32 72 01 85]
[01/01/09 01:33:18.715] send: [3b: 32 72 01]
[01/01/09 01:33:18.721] 	recv: [4b: 32 72 01 85]
[01/01/09 01:33:18.735] send: [6b: 31 43 FF FF FB D8]
[01/01/09 01:33:18.740] 	recv: [2b: 31 43]
[01/01/09 01:33:18.753] send: [3b: 32 72 01]
[01/01/09 01:33:18.759] 	recv: [4b: 32 72 01 85]
[01/01/09 01:33:18.776] send: [3b: 32 72 01]
[01/01/09 01:33:18.783] 	recv: [4b: 32 72 01 85]
[01/01/09 01:33:18.798] send: [3b: 31 72 21]
[01/01/09 01:33:18.804] 	recv: [7b: 31 72 21 FF FF FB F1]
[01/01/09 01:33:18.824] send: [3b: 32 72 01]
[01/01/09 01:33:18.829] 	recv: [4b: 32 72 01 85]
[01/01/09 01:33:18.843] send: [3b: 32 72 01]
[01/01/09 01:33:18.849] 	recv: [4b: 32 72 01 85]
[01/01/09 01:33:18.864] send: [3b: 32 72 01]
[01/01/09 01:33:18.871] 	recv: [4b: 32 72 01 85]
[01/01/09 01:33:18.884] send: [5b: 31 71 13 00 A0]
[01/01/09 01:33:18.890] 	recv: [3b: 31 71 13]
[01/01/09 01:33:18.903] send: [3b: 32 72 01]
[01/01/09 01:33:18.909] 	recv: [4b: 32 72 01 85]
[01/01/09 01:33:18.925] send: [3b: 32 72 01]
[01/01/09 01:33:18.930] 	recv: [4b: 32 72 01 85]
[01/01/09 01:33:18.944] send: [6b: 31 43 FF FF FB B8]
[01/01/09 01:33:18.949] 	recv: [2b: 31 43]
[01/01/09 01:33:18.963] send: [3b: 32 72 01]
[01/01/09 01:33:18.969] 	recv: [4b: 32 72 01 85]
[01/01/09 01:33:18.983] send: [3b: 32 72 01]
[01/01/09 01:33:18.989] 	recv: [4b: 32 72 01 85]
[01/01/09 01:33:19.003] send: [3b: 31 72 21]
[01/01/09 01:33:19.009] 	recv: [7b: 31 72 21 FF FF FB D0]
[01/01/09 01:33:19.024] send: [3b: 32 72 01]
[01/01/09 01:33:19.029] 	recv: [4b: 32 72 01 85]
[01/01/09 01:33:19.043] send: [3b: 32 72 01]
[01/01/09 01:33:19.049] 	recv: [4b: 32 72 01 85]
[01/01/09 01:33:19.063] send: [3b: 32 72 01]
[01/01/09 01:33:19.069] 	recv: [4b: 32 72 01 85]
[01/01/09 01:33:19.084] send: [5b: 31 71 13 00 A0]
[01/01/09 01:33:19.089] 	recv: [3b: 31 71 13]
[01/01/09 01:33:19.104] send: [3b: 32 72 01]
[01/01/09 01:33:19.110] 	recv: [4b: 32 72 01 85]
[01/01/09 01:33:19.124] send: [3b: 32 72 01]
[01/01/09 01:33:19.129] 	recv: [4b: 32 72 01 85]
[01/01/09 01:33:19.143] send: [6b: 31 43 FF FF FB 9A]
[01/01/09 01:33:19.150] 	recv: [2b: 31 43]
[01/01/09 01:33:19.163] send: [3b: 32 72 01]
[01/01/09 01:33:19.168] 	recv: [4b: 32 72 01 85]
[01/01/09 01:33:19.183] send: [3b: 32 72 01]
[01/01/09 01:33:19.188] 	recv: [4b: 32 72 01 85]
[01/01/09 01:33:19.204] send: [3b: 31 72 21]
[01/01/09 01:33:19.210] 	recv: [7b: 31 72 21 FF FF FB B0]
[01/01/09 01:33:19.224] send: [3b: 32 72 01]
[01/01/09 01:33:19.229] 	recv: [4b: 32 72 01 85]
[01/01/09 01:33:19.243] send: [3b: 32 72 01]
[01/01/09 01:33:19.249] 	recv: [4b: 32 72 01 85]
[01/01/09 01:33:19.264] send: [3b: 32 72 01]
[01/01/09 01:33:19.270] 	recv: [4b: 32 72 01 85]
[01/01/09 01:33:19.284] send: [5b: 31 71 13 00 8C]
[01/01/09 01:33:19.290] 	recv: [3b: 31 71 13]
[01/01/09 01:33:19.305] send: [3b: 32 72 01]
[01/01/09 01:33:19.310] 	recv: [4b: 32 72 01 85]
[01/01/09 01:33:19.323] send: [3b: 32 72 01]
[01/01/09 01:33:19.329] 	recv: [4b: 32 72 01 85]
[01/01/09 01:33:19.344] send: [6b: 31 43 FF FF FB 7D]
[01/01/09 01:33:19.349] 	recv: [2b: 31 43]
[01/01/09 01:33:19.363] send: [3b: 32 72 01]
[01/01/09 01:33:19.368] 	recv: [4b: 32 72 01 85]
[01/01/09 01:33:19.385] send: [3b: 32 72 01]
[01/01/09 01:33:19.390] 	recv: [4b: 32 72 01 85]
[01/01/09 01:33:19.403] send: [3b: 31 72 21]
[01/01/09 01:33:19.410] 	recv: [7b: 31 72 21 FF FF FB 99]
[01/01/09 01:33:19.424] send: [3b: 32 72 01]
[01/01/09 01:33:19.430] 	recv: [4b: 32 72 01 85]
[01/01/09 01:33:19.443] send: [3b: 32 72 01]
[01/01/09 01:33:19.449] 	recv: [4b: 32 72 01 85]
[01/01/09 01:33:19.464] send: [3b: 32 72 01]
[01/01/09 01:33:19.469] 	recv: [4b: 32 72 01 85]
[01/01/09 01:33:19.484] send: [5b: 31 71 13 00 A0]
[01/01/09 01:33:19.490] 	recv: [3b: 31 71 13]
[01/01/09 01:33:19.504] send: [3b: 32 72 01]
[01/01/09 01:33:19.510] 	recv: [4b: 32 72 01 85]
[01/01/09 01:33:19.524] send: [3b: 32 72 01]
[01/01/09 01:33:19.529] 	recv: [4b: 32 72 01 85]
[01/01/09 01:33:19.545] send: [6b: 31 43 FF FF FB 5E]
[01/01/09 01:33:19.552] 	recv: [2b: 31 43]
[01/01/09 01:33:19.563] send: [3b: 32 72 01]
[01/01/09 01:33:19.569] 	recv: [4b: 32 72 01 85]
[01/01/09 01:33:19.583] send: [3b: 32 72 01]
[01/01/09 01:33:19.589] 	recv: [4b: 32 72 01 85]
[01/01/09 01:33:19.603] send: [3b: 31 72 21]
[01/01/09 01:33:19.611] 	recv: [7b: 31 72 21 FF FF FB 7F]
[01/01/09 01:33:19.624] send: [3b: 32 72 01]
[01/01/09 01:33:19.629] 	recv: [4b: 32 72 01 85]
[01/01/09 01:33:19.644] send: [3b: 32 72 01]
[01/01/09 01:33:19.650] 	recv: [4b: 32 72 01 85]
[01/01/09 01:33:19.664] send: [3b: 32 72 01]
[01/01/09 01:33:19.670] 	recv: [4b: 32 72 01 85]
[01/01/09 01:33:19.684] send: [5b: 31 71 13 00 B4]
[01/01/09 01:33:19.690] 	recv: [3b: 31 71 13]
[01/01/09 01:33:19.704] send: [3b: 32 72 01]
[01/01/09 01:33:19.711] 	recv: [4b: 32 72 01 85]
[01/01/09 01:33:19.725] send: [3b: 32 72 01]
[01/01/09 01:33:19.732] 	recv: [4b: 32 72 01 85]
[01/01/09 01:33:19.744] send: [6b: 31 43 FF FF FB 3E]
[01/01/09 01:33:19.749] 	recv: [2b: 31 43]
[01/01/09 01:33:19.765] send: [3b: 32 72 01]
[01/01/09 01:33:19.771] 	recv: [4b: 32 72 01 85]
[01/01/09 01:33:19.784] send: [3b: 32 72 01]
[01/01/09 01:33:19.790] 	recv: [4b: 32 72 01 85]
[01/01/09 01:33:19.804] send: [3b: 31 72 21]
[01/01/09 01:33:19.811] 	recv: [7b: 31 72 21 FF FF FB 5C]
[01/01/09 01:33:19.825] send: [3b: 32 72 01]
[01/01/09 01:33:19.831] 	recv: [4b: 32 72 01 85]
[01/01/09 01:33:19.844] send: [3b: 32 72 01]
[01/01/09 01:33:19.850] 	recv: [4b: 32 72 01 85]
[01/01/09 01:33:19.863] send: [3b: 32 72 01]
[01/01/09 01:33:19.869] 	recv: [4b: 32 72 01 85]
[01/01/09 01:33:19.885] send: [5b: 31 71 13 00 B4]
[01/01/09 01:33:19.892] 	recv: [3b: 31 71 13]
[01/01/09 01:33:19.903] send: [3b: 32 72 01]
[01/01/09 01:33:19.911] 	recv: [4b: 32 72 01 85]
[01/01/09 01:33:19.924] send: [3b: 32 72 01]
[01/01/09 01:33:19.930] 	recv: [4b: 32 72 01 85]
[01/01/09 01:33:19.944] send: [6b: 31 43 FF FF FB 1B]
[01/01/09 01:33:19.951] 	recv: [2b: 31 43]
[01/01/09 01:33:19.964] send: [3b: 32 72 01]
[01/01/09 01:33:19.970] 	recv: [4b: 32 72 01 85]
[01/01/09 01:33:19.983] send: [3b: 32 72 01]
[01/01/09 01:33:19.990] 	recv: [4b: 32 72 01 85]
[01/01/09 01:33:20.004] send: [3b: 31 72 21]
[01/01/09 01:33:20.010] 	recv: [7b: 31 72 21 FF FF FB 38]
[01/01/09 01:33:20.023] send: [3b: 32 72 01]
[01/01/09 01:33:20.029] 	recv: [4b: 32 72 01 85]
[01/01/09 01:33:20.044] send: [3b: 32 72 01]
[01/01/09 01:33:20.049] 	recv: [4b: 32 72 01 85]
[01/01/09 01:33:20.065] send: [3b: 32 72 01]
[01/01/09 01:33:20.071] 	recv: [4b: 32 72 01 85]
[01/01/09 01:33:20.085] send: [5b: 31 71 13 00 C8]
[01/01/09 01:33:20.092] 	recv: [3b: 31 71 13]
[01/01/09 01:33:20.105] send: [3b: 32 72 01]
[01/01/09 01:33:20.110] 	recv: [4b: 32 72 01 85]
[01/01/09 01:33:20.125] send: [3b: 32 72 01]
[01/01/09 01:33:20.130] 	recv: [4b: 32 72 01 85]
[01/01/09 01:33:20.145] send: [6b: 31 43 FF FF FA F5]
[01/01/09 01:33:20.151] 	recv: [2b: 31 43]
[01/01/09 01:33:20.165] send: [3b: 32 72 01]
[01/01/09 01:33:20.170] 	recv: [4b: 32 72 01 85]
[01/01/09 01:33:20.184] send: [3b: 32 72 01]
[01/01/09 01:33:20.189] 	recv: [4b: 32 72 01 85]
[01/01/09 01:33:20.205] send: [3b: 31 72 21]
[01/01/09 01:33:20.211] 	recv: [7b: 31 72 21 FF FF FB 12]
[01/01/09 01:33:20.223] send: [3b: 32 72 01]
[01/01/09 01:33:20.229] 	recv: [4b: 32 72 01 85]
[01/01/09 01:33:20.236] send: [3b: 32 72 01]
[01/01/09 01:33:20.244] 	recv: [4b: 32 72 01 85]
[01/01/09 01:33:20.256] send: [3b: 32 72 01]
[01/01/09 01:33:20.263] 	recv: [4b: 32 72 01 85]
[01/01/09 01:33:20.276] send: [5b: 31 71 13 00 C8]
[01/01/09 01:33:20.283] 	recv: [3b: 31 71 13]
[01/01/09 01:33:20.296] send: [3b: 32 72 01]
[01/01/09 01:33:20.302] 	recv: [4b: 32 72 01 85]
[01/01/09 01:33:20.314] send: [3b: 32 72 01]
[01/01/09 01:33:20.320] 	recv: [4b: 32 72 01 85]
[01/01/09 01:33:20.334] send: [6b: 31 43 FF FF FA CC]
[01/01/09 01:33:20.340] 	recv: [2b: 31 43]
[01/01/09 01:33:20.353] send: [3b: 32 72 01]
[01/01/09 01:33:20.359] 	recv: [4b: 32 72 01 85]
[01/01/09 01:33:20.367] send: [3b: 32 72 01]
[01/01/09 01:33:20.373] 	recv: [4b: 32 72 01 85]
[01/01/09 01:33:20.385] send: [3b: 31 72 21]
[01/01/09 01:33:20.392] 	recv: [7b: 31 72 21 FF FF FA EE]
[01/01/09 01:33:20.404] send: [3b: 32 72 01]
[01/01/09 01:33:20.410] 	recv: [4b: 32 72 01 85]
[01/01/09 01:33:20.424] send: [3b: 32 72 01]
[01/01/09 01:33:20.430] 	recv: [4b: 32 72 01 85]
[01/01/09 01:33:20.444] send: [3b: 32 72 01]
[01/01/09 01:33:20.449] 	recv: [4b: 32 72 01 85]
[01/01/09 01:33:20.464] send: [5b: 31 71 13 00 DC]
[01/01/09 01:33:20.469] 	recv: [3b: 31 71 13]
[01/01/09 01:33:20.484] send: [3b: 32 72 01]
[01/01/09 01:33:20.489] 	recv: [4b: 32 72 01 85]
[01/01/09 01:33:20.505] send: [3b: 32 72 01]
[01/01/09 01:33:20.512] 	recv: [4b: 32 72 01 85]
[01/01/09 01:33:20.524] send: [6b: 31 43 FF FF FA 9F]
[01/01/09 01:33:20.530] 	recv: [2b: 31 43]
[01/01/09 01:33:20.546] send: [3b: 32 72 01]
[01/01/09 01:33:20.554] send: [3b: 32 72 01]
[01/01/09 01:33:20.555] 	recv: [4b: 32 72 01 85]
[01/01/09 01:33:20.561] 	recv: [4b: 32 72 01 85]
[01/01/09 01:33:20.576] send: [3b: 31 72 21]
[01/01/09 01:33:20.582] 	recv: [7b: 31 72 21 FF FF FA C5]
[01/01/09 01:33:20.596] send: [3b: 32 72 01]
[01/01/09 01:33:20.603] 	recv: [4b: 32 72 01 85]
[01/01/09 01:33:20.614] send: [3b: 32 72 01]
[01/01/09 01:33:20.620] 	recv: [4b: 32 72 01 85]
[01/01/09 01:33:20.635] send: [3b: 32 72 01]
[01/01/09 01:33:20.641] 	recv: [4b: 32 72 01 85]
[01/01/09 01:33:20.654] send: [5b: 31 71 13 00 A0]
[01/01/09 01:33:20.660] 	recv: [3b: 31 71 13]
[01/01/09 01:33:20.674] send: [3b: 32 72 01]
[01/01/09 01:33:20.680] 	recv: [4b: 32 72 01 85]
[01/01/09 01:33:20.694] send: [3b: 32 72 01]
[01/01/09 01:33:20.701] 	recv: [4b: 32 72 01 85]
[01/01/09 01:33:20.702] error: bus thread interrupted
[01/01/09 01:33:20.729] resources: ut=0.15 st=0.06
[01/01/09 01:33:20.729] log finished
