[01/01/09 01:33:07.297] log started
[01/01/09 01:33:07.297] 	[ BusInterface ]
[01/01/09 01:33:07.297] 	cycle = 20
[01/01/09 01:33:07.297] 	delayWriteTime = 6
[01/01/09 01:33:07.297] 	href = cout_4004
[01/01/09 01:33:07.297] 	interface = ethernet
[01/01/09 01:33:07.297] 	localAddr = 10.0.0.1
[01/01/09 01:33:07.297] 	localPort = 4004
[01/01/09 01:33:07.297] 	log:path = 
[01/01/09 01:33:07.297] 	log:size = 
[01/01/09 01:33:07.297] 	log:type = info
[01/01/09 01:33:07.297] 	name = TCP/UDP/UnixSocket Network Bus
[01/01/09 01:33:07.297] 	protocol = udp
[01/01/09 01:33:07.297] 	remoteAddr = 10.0.0.2
[01/01/09 01:33:07.298] 	remotePort = 4004
[01/01/09 01:33:07.298] 	sym = bus_4004
[01/01/09 01:33:07.298] 	type = ethernet
[01/01/09 01:33:07.298] 	vendor = Spetstekhnika
[01/01/09 01:33:07.298] 	writeDelay = async
[01/01/09 01:33:07.298] tid = 6410
[01/01/09 01:33:07.345] udp connection started (cycle=20, receive size=10240)
[01/01/09 01:33:07.346] 	local  = 10.0.0.1:4004
[01/01/09 01:33:07.346] 	remote = 10.0.0.2:4004
[01/01/09 01:33:07.346] 	SO_RCVBUF = 63488
[01/01/09 01:33:07.346] 	SO_SNDBUF = 63488
[01/01/09 01:33:07.367] connection: receive timeout (1,1 10240/10240,0/0)
[01/01/09 01:33:07.369] send: [2b: 31 47]
[01/01/09 01:33:07.376] 	recv: [2b: 31 47]
[01/01/09 01:33:07.384] send: [2b: 32 47]
[01/01/09 01:33:07.389] 	recv: [2b: 32 47]
[01/01/09 01:33:07.405] send: [2b: 33 47]
[01/01/09 01:33:07.410] 	recv: [2b: 33 47]
[01/01/09 01:33:07.418] send: [5b: 31 71 13 01 90]
[01/01/09 01:33:07.423] 	recv: [3b: 31 71 13]
[01/01/09 01:33:07.438] send: [5b: 32 71 13 03 84]
[01/01/09 01:33:07.443] 	recv: [3b: 32 71 13]
[01/01/09 01:33:07.455] send: [5b: 33 71 13 0B 54]
[01/01/09 01:33:07.461] 	recv: [3b: 33 71 13]
[01/01/09 01:33:07.475] send: [5b: 31 71 12 00 64]
[01/01/09 01:33:07.481] 	recv: [3b: 31 71 12]
[01/01/09 01:33:07.494] send: [5b: 32 71 12 00 64]
[01/01/09 01:33:07.500] 	recv: [3b: 32 71 12]
[01/01/09 01:33:07.515] send: [5b: 33 71 12 00 32]
[01/01/09 01:33:07.521] 	recv: [3b: 33 71 12]
[01/01/09 01:33:07.534] send: [4b: 31 71 14 15]
[01/01/09 01:33:07.539] 	recv: [3b: 31 71 14]
[01/01/09 01:33:07.556] send: [4b: 32 71 14 15]
[01/01/09 01:33:07.562] 	recv: [3b: 32 71 14]
[01/01/09 01:33:07.576] send: [4b: 33 71 14 15]
[01/01/09 01:33:07.582] 	recv: [3b: 33 71 14]
[01/01/09 01:33:07.593] send: [4b: 31 71 15 3C]
[01/01/09 01:33:07.599] 	recv: [3b: 31 71 15]
[01/01/09 01:33:07.615] send: [4b: 32 71 15 3C]
[01/01/09 01:33:07.620] 	recv: [3b: 32 71 15]
[01/01/09 01:33:07.634] send: [4b: 33 71 15 45]
[01/01/09 01:33:07.640] 	recv: [3b: 33 71 15]
[01/01/09 01:33:07.642] send: [3b: 31 72 02]
[01/01/09 01:33:07.647] 	recv: [4b: 31 72 02 03]
[01/01/09 01:33:07.664] send: [3b: 32 72 02]
[01/01/09 01:33:07.671] 	recv: [4b: 32 72 02 03]
[01/01/09 01:33:07.684] send: [3b: 33 41 00]
[01/01/09 01:33:07.689] 	recv: [2b: 33 41]
[01/01/09 01:33:07.704] send: [3b: 31 44 80]
[01/01/09 01:33:07.709] 	recv: [2b: 31 44]
[01/01/09 01:33:07.724] send: [3b: 33 72 01]
[01/01/09 01:33:07.729] 	recv: [4b: 33 72 01 01]
[01/01/09 01:33:07.744] send: [3b: 31 72 01]
[01/01/09 01:33:07.749] 	recv: [4b: 31 72 01 89]
[01/01/09 01:33:07.767] send: [3b: 32 44 80]
[01/01/09 01:33:07.772] 	recv: [2b: 32 44]
[01/01/09 01:33:07.784] send: [3b: 33 72 02]
[01/01/09 01:33:07.791] 	recv: [4b: 33 72 02 13]
[01/01/09 01:33:07.804] send: [3b: 31 72 02]
[01/01/09 01:33:07.811] 	recv: [4b: 31 72 02 03]
[01/01/09 01:33:07.824] send: [3b: 32 72 01]
[01/01/09 01:33:07.831] 	recv: [4b: 32 72 01 89]
[01/01/09 01:33:07.844] send: [3b: 33 72 02]
[01/01/09 01:33:07.851] 	recv: [4b: 33 72 02 13]
[01/01/09 01:33:07.863] send: [3b: 31 72 02]
[01/01/09 01:33:07.869] 	recv: [4b: 31 72 02 03]
[01/01/09 01:33:07.883] send: [3b: 32 72 02]
[01/01/09 01:33:07.889] 	recv: [4b: 32 72 02 03]
[01/01/09 01:33:07.905] send: [3b: 33 72 02]
[01/01/09 01:33:07.910] 	recv: [4b: 33 72 02 13]
[01/01/09 01:33:07.924] send: [3b: 31 72 02]
[01/01/09 01:33:07.931] 	recv: [4b: 31 72 02 03]
[01/01/09 01:33:07.944] send: [3b: 32 72 02]
[01/01/09 01:33:07.950] 	recv: [4b: 32 72 02 03]
[01/01/09 01:33:07.965] send: [3b: 33 72 02]
[01/01/09 01:33:07.971] 	recv: [4b: 33 72 02 13]
[01/01/09 01:33:07.984] send: [3b: 31 72 02]
[01/01/09 01:33:07.991] 	recv: [4b: 31 72 02 03]
[01/01/09 01:33:08.005] send: [3b: 32 72 02]
[01/01/09 01:33:08.010] 	recv: [4b: 32 72 02 03]
[01/01/09 01:33:08.025] send: [3b: 33 72 02]
[01/01/09 01:33:08.031] 	recv: [4b: 33 72 02 13]
[01/01/09 01:33:08.045] send: [3b: 31 72 02]
[01/01/09 01:33:08.051] 	recv: [4b: 31 72 02 03]
[01/01/09 01:33:08.066] send: [3b: 32 72 02]
[01/01/09 01:33:08.072] 	recv: [4b: 32 72 02 03]
[01/01/09 01:33:08.084] send: [3b: 33 72 02]
[01/01/09 01:33:08.090] 	recv: [4b: 33 72 02 13]
[01/01/09 01:33:08.104] send: [3b: 31 72 02]
[01/01/09 01:33:08.110] 	recv: [4b: 31 72 02 03]
[01/01/09 01:33:08.125] send: [3b: 32 72 02]
[01/01/09 01:33:08.131] 	recv: [4b: 32 72 02 03]
[01/01/09 01:33:08.145] send: [3b: 33 72 02]
[01/01/09 01:33:08.152] 	recv: [4b: 33 72 02 13]
[01/01/09 01:33:08.163] send: [3b: 31 72 02]
[01/01/09 01:33:08.169] 	recv: [4b: 31 72 02 03]
[01/01/09 01:33:08.183] send: [3b: 32 72 02]
[01/01/09 01:33:08.190] 	recv: [4b: 32 72 02 03]
[01/01/09 01:33:08.205] send: [3b: 33 72 02]
[01/01/09 01:33:08.210] 	recv: [4b: 33 72 02 13]
[01/01/09 01:33:08.225] send: [3b: 31 72 02]
[01/01/09 01:33:08.231] 	recv: [4b: 31 72 02 03]
[01/01/09 01:33:08.243] send: [3b: 32 72 02]
[01/01/09 01:33:08.250] 	recv: [4b: 32 72 02 03]
[01/01/09 01:33:08.265] send: [3b: 33 72 02]
[01/01/09 01:33:08.271] 	recv: [4b: 33 72 02 13]
[01/01/09 01:33:08.285] send: [3b: 31 72 02]
[01/01/09 01:33:08.291] 	recv: [4b: 31 72 02 03]
[01/01/09 01:33:08.305] send: [3b: 32 72 02]
[01/01/09 01:33:08.311] 	recv: [4b: 32 72 02 03]
[01/01/09 01:33:08.335] send: [3b: 33 72 02]
[01/01/09 01:33:08.341] 	recv: [4b: 33 72 02 13]
[01/01/09 01:33:08.348] send: [3b: 31 72 02]
[01/01/09 01:33:08.355] send: [3b: 33 72 02]
[01/01/09 01:33:08.358] 	recv: [4b: 31 72 02 03]
[01/01/09 01:33:08.365] 	recv: [4b: 33 72 02 13]
[01/01/09 01:33:08.377] send: [3b: 31 72 02]
[01/01/09 01:33:08.382] 	recv: [4b: 31 72 02 03]
[01/01/09 01:33:08.395] send: [3b: 32 72 02]
[01/01/09 01:33:08.401] 	recv: [4b: 32 72 02 03]
[01/01/09 01:33:08.415] send: [3b: 33 72 02]
[01/01/09 01:33:08.422] 	recv: [4b: 33 72 02 13]
[01/01/09 01:33:08.436] send: [3b: 31 72 02]
[01/01/09 01:33:08.443] 	recv: [4b: 31 72 02 03]
[01/01/09 01:33:08.456] send: [3b: 32 72 02]
[01/01/09 01:33:08.462] 	recv: [4b: 32 72 02 03]
[01/01/09 01:33:08.475] send: [3b: 33 72 02]
[01/01/09 01:33:08.481] 	recv: [4b: 33 72 02 13]
[01/01/09 01:33:08.494] send: [3b: 31 72 02]
[01/01/09 01:33:08.501] 	recv: [4b: 31 72 02 03]
[01/01/09 01:33:08.515] send: [3b: 32 72 02]
[01/01/09 01:33:08.523] 	recv: [4b: 32 72 02 03]
[01/01/09 01:33:08.533] send: [3b: 33 72 02]
[01/01/09 01:33:08.540] 	recv: [4b: 33 72 02 13]
[01/01/09 01:33:08.553] send: [3b: 31 72 02]
[01/01/09 01:33:08.560] 	recv: [4b: 31 72 02 03]
[01/01/09 01:33:08.574] send: [3b: 32 72 02]
[01/01/09 01:33:08.580] 	recv: [4b: 32 72 02 03]
[01/01/09 01:33:08.594] send: [3b: 33 72 02]
[01/01/09 01:33:08.601] 	recv: [4b: 33 72 02 13]
[01/01/09 01:33:08.613] send: [3b: 31 72 02]
[01/01/09 01:33:08.620] 	recv: [4b: 31 72 02 03]
[01/01/09 01:33:08.633] send: [3b: 32 72 02]
[01/01/09 01:33:08.640] 	recv: [4b: 32 72 02 03]
[01/01/09 01:33:08.654] send: [3b: 33 72 02]
[01/01/09 01:33:08.660] 	recv: [4b: 33 72 02 13]
[01/01/09 01:33:08.674] send: [3b: 31 72 02]
[01/01/09 01:33:08.679] 	recv: [4b: 31 72 02 13]
[01/01/09 01:33:08.693] send: [3b: 32 72 02]
[01/01/09 01:33:08.700] 	recv: [4b: 32 72 02 03]
[01/01/09 01:33:08.714] send: [3b: 33 72 02]
[01/01/09 01:33:08.719] 	recv: [4b: 33 72 02 13]
[01/01/09 01:33:08.734] send: [3b: 32 72 02]
[01/01/09 01:33:08.740] 	recv: [4b: 32 72 02 03]
[01/01/09 01:33:08.754] send: [3b: 33 72 02]
[01/01/09 01:33:08.760] 	recv: [4b: 33 72 02 13]
[01/01/09 01:33:08.774] send: [3b: 32 72 02]
[01/01/09 01:33:08.781] 	recv: [4b: 32 72 02 03]
[01/01/09 01:33:08.794] send: [3b: 33 72 02]
[01/01/09 01:33:08.800] 	recv: [4b: 33 72 02 13]
[01/01/09 01:33:08.814] send: [5b: 31 71 13 01 90]
[01/01/09 01:33:08.821] 	recv: [3b: 31 71 13]
[01/01/09 01:33:08.834] send: [3b: 32 72 02]
[01/01/09 01:33:08.840] 	recv: [4b: 32 72 02 03]
[01/01/09 01:33:08.854] send: [3b: 33 72 02]
[01/01/09 01:33:08.860] 	recv: [4b: 33 72 02 13]
[01/01/09 01:33:08.874] send: [3b: 32 72 02]
[01/01/09 01:33:08.880] 	recv: [4b: 32 72 02 03]
[01/01/09 01:33:08.893] send: [3b: 33 72 02]
[01/01/09 01:33:08.900] 	recv: [4b: 33 72 02 13]
[01/01/09 01:33:08.914] send: [7b: 31 71 21 00 00 00 00]
[01/01/09 01:33:08.921] 	recv: [3b: 31 71 21]
[01/01/09 01:33:08.933] send: [3b: 32 72 02]
[01/01/09 01:33:08.940] 	recv: [4b: 32 72 02 03]
[01/01/09 01:33:08.956] send: [3b: 33 72 02]
[01/01/09 01:33:08.961] 	recv: [4b: 33 72 02 13]
[01/01/09 01:33:08.978] send: [3b: 32 72 02]
[01/01/09 01:33:08.985] send: [3b: 31 72 21]
[01/01/09 01:33:08.985] 	recv: [4b: 32 72 02 03]
[01/01/09 01:33:08.991] 	recv: [7b: 31 72 21 00 00 00 00]
[01/01/09 01:33:09.004] send: [3b: 32 72 02]
[01/01/09 01:33:09.010] 	recv: [4b: 32 72 02 03]
[01/01/09 01:33:09.024] send: [3b: 33 72 02]
[01/01/09 01:33:09.030] 	recv: [4b: 33 72 02 13]
[01/01/09 01:33:09.044] send: [3b: 32 72 02]
[01/01/09 01:33:09.050] 	recv: [4b: 32 72 02 03]
[01/01/09 01:33:09.063] send: [3b: 33 72 02]
[01/01/09 01:33:09.070] 	recv: [4b: 33 72 02 13]
[01/01/09 01:33:09.084] send: [3b: 32 72 02]
[01/01/09 01:33:09.090] 	recv: [4b: 32 72 02 03]
[01/01/09 01:33:09.104] send: [3b: 33 72 02]
[01/01/09 01:33:09.111] 	recv: [4b: 33 72 02 13]
[01/01/09 01:33:09.124] send: [3b: 32 72 02]
[01/01/09 01:33:09.130] 	recv: [4b: 32 72 02 03]
[01/01/09 01:33:09.144] send: [3b: 33 72 02]
[01/01/09 01:33:09.151] 	recv: [4b: 33 72 02 13]
[01/01/09 01:33:09.164] send: [3b: 31 72 21]
[01/01/09 01:33:09.171] 	recv: [7b: 31 72 21 00 00 00 00]
[01/01/09 01:33:09.183] send: [3b: 32 72 02]
[01/01/09 01:33:09.190] 	recv: [4b: 32 72 02 03]
[01/01/09 01:33:09.205] send: [3b: 33 72 02]
[01/01/09 01:33:09.210] 	recv: [4b: 33 72 02 13]
[01/01/09 01:33:09.225] send: [3b: 32 72 02]
[01/01/09 01:33:09.231] 	recv: [4b: 32 72 02 03]
[01/01/09 01:33:09.245] send: [3b: 33 72 02]
[01/01/09 01:33:09.252] 	recv: [4b: 33 72 02 13]
[01/01/09 01:33:09.266] send: [3b: 32 72 02]
[01/01/09 01:33:09.272] 	recv: [4b: 32 72 02 03]
[01/01/09 01:33:09.285] send: [3b: 33 72 02]
[01/01/09 01:33:09.291] 	recv: [4b: 33 72 02 13]
[01/01/09 01:33:09.303] send: [3b: 32 72 02]
[01/01/09 01:33:09.309] 	recv: [4b: 32 72 02 03]
[01/01/09 01:33:09.323] send: [3b: 33 72 02]
[01/01/09 01:33:09.328] 	recv: [4b: 33 72 02 13]
[01/01/09 01:33:09.345] send: [3b: 31 72 21]
[01/01/09 01:33:09.352] 	recv: [7b: 31 72 21 00 00 00 00]
[01/01/09 01:33:09.365] send: [3b: 32 72 02]
[01/01/09 01:33:09.371] 	recv: [4b: 32 72 02 03]
[01/01/09 01:33:09.385] send: [3b: 33 72 02]
[01/01/09 01:33:09.391] 	recv: [4b: 33 72 02 13]
[01/01/09 01:33:09.404] send: [3b: 32 72 02]
[01/01/09 01:33:09.409] 	recv: [4b: 32 72 02 03]
[01/01/09 01:33:09.425] send: [3b: 33 72 02]
[01/01/09 01:33:09.431] 	recv: [4b: 33 72 02 13]
[01/01/09 01:33:09.445] send: [3b: 32 72 02]
[01/01/09 01:33:09.451] 	recv: [4b: 32 72 02 03]
[01/01/09 01:33:09.464] send: [3b: 33 72 02]
[01/01/09 01:33:09.470] 	recv: [4b: 33 72 02 13]
[01/01/09 01:33:09.485] send: [3b: 32 72 02]
[01/01/09 01:33:09.491] 	recv: [4b: 32 72 02 03]
[01/01/09 01:33:09.504] send: [3b: 33 72 02]
[01/01/09 01:33:09.510] 	recv: [4b: 33 72 02 13]
[01/01/09 01:33:09.525] send: [3b: 31 72 21]
[01/01/09 01:33:09.532] 	recv: [7b: 31 72 21 00 00 00 00]
[01/01/09 01:33:09.545] send: [3b: 32 72 02]
[01/01/09 01:33:09.552] 	recv: [4b: 32 72 02 03]
[01/01/09 01:33:09.563] send: [3b: 33 72 02]
[01/01/09 01:33:09.569] 	recv: [4b: 33 72 02 13]
[01/01/09 01:33:09.586] send: [3b: 32 72 02]
[01/01/09 01:33:09.592] 	recv: [4b: 32 72 02 03]
[01/01/09 01:33:09.606] send: [3b: 33 72 02]
[01/01/09 01:33:09.611] 	recv: [4b: 33 72 02 13]
[01/01/09 01:33:09.626] send: [3b: 32 72 02]
[01/01/09 01:33:09.632] 	recv: [4b: 32 72 02 03]
[01/01/09 01:33:09.645] send: [3b: 33 72 02]
[01/01/09 01:33:09.651] 	recv: [4b: 33 72 02 13]
[01/01/09 01:33:09.666] send: [3b: 32 72 02]
[01/01/09 01:33:09.672] 	recv: [4b: 32 72 02 03]
[01/01/09 01:33:09.686] send: [3b: 33 72 02]
[01/01/09 01:33:09.692] 	recv: [4b: 33 72 02 13]
[01/01/09 01:33:09.704] send: [3b: 31 72 21]
[01/01/09 01:33:09.710] 	recv: [7b: 31 72 21 00 00 00 00]
[01/01/09 01:33:09.724] send: [3b: 32 72 02]
[01/01/09 01:33:09.730] 	recv: [4b: 32 72 02 03]
[01/01/09 01:33:09.745] send: [3b: 33 72 02]
[01/01/09 01:33:09.752] 	recv: [4b: 33 72 02 13]
[01/01/09 01:33:09.765] send: [3b: 32 72 02]
[01/01/09 01:33:09.771] 	recv: [4b: 32 72 02 03]
[01/01/09 01:33:09.785] send: [3b: 33 72 02]
[01/01/09 01:33:09.791] 	recv: [4b: 33 72 02 13]
[01/01/09 01:33:09.803] send: [3b: 32 72 02]
[01/01/09 01:33:09.809] 	recv: [4b: 32 72 02 03]
[01/01/09 01:33:09.824] send: [3b: 33 72 02]
[01/01/09 01:33:09.831] 	recv: [4b: 33 72 02 13]
[01/01/09 01:33:09.844] send: [3b: 32 72 02]
[01/01/09 01:33:09.850] 	recv: [4b: 32 72 02 03]
[01/01/09 01:33:09.864] send: [3b: 33 72 02]
[01/01/09 01:33:09.870] 	recv: [4b: 33 72 02 13]
[01/01/09 01:33:09.883] send: [3b: 31 72 21]
[01/01/09 01:33:09.890] 	recv: [7b: 31 72 21 00 00 00 00]
[01/01/09 01:33:09.904] send: [3b: 32 72 02]
[01/01/09 01:33:09.910] 	recv: [4b: 32 72 02 03]
[01/01/09 01:33:09.924] send: [3b: 33 72 02]
[01/01/09 01:33:09.930] 	recv: [4b: 33 72 02 13]
[01/01/09 01:33:09.943] send: [3b: 32 72 02]
[01/01/09 01:33:09.949] 	recv: [4b: 32 72 02 03]
[01/01/09 01:33:09.964] send: [3b: 33 72 02]
[01/01/09 01:33:09.970] 	recv: [4b: 33 72 02 13]
[01/01/09 01:33:09.985] send: [3b: 32 72 02]
[01/01/09 01:33:09.991] 	recv: [4b: 32 72 02 03]
[01/01/09 01:33:10.004] send: [3b: 33 72 02]
[01/01/09 01:33:10.010] 	recv: [4b: 33 72 02 13]
[01/01/09 01:33:10.025] send: [3b: 32 72 02]
[01/01/09 01:33:10.030] 	recv: [4b: 32 72 02 03]
[01/01/09 01:33:10.045] send: [3b: 33 72 02]
[01/01/09 01:33:10.052] 	recv: [4b: 33 72 02 13]
[01/01/09 01:33:10.064] send: [3b: 31 72 21]
[01/01/09 01:33:10.070] 	recv: [7b: 31 72 21 00 00 00 00]
[01/01/09 01:33:10.086] send: [3b: 32 72 02]
[01/01/09 01:33:10.091] 	recv: [4b: 32 72 02 03]
[01/01/09 01:33:10.104] send: [3b: 33 72 02]
[01/01/09 01:33:10.110] 	recv: [4b: 33 72 02 13]
[01/01/09 01:33:10.124] send: [3b: 32 72 02]
[01/01/09 01:33:10.130] 	recv: [4b: 32 72 02 03]
[01/01/09 01:33:10.144] send: [3b: 33 72 02]
[01/01/09 01:33:10.150] 	recv: [4b: 33 72 02 13]
[01/01/09 01:33:10.165] send: [3b: 32 72 02]
[01/01/09 01:33:10.171] 	recv: [4b: 32 72 02 03]
[01/01/09 01:33:10.185] send: [3b: 33 72 02]
[01/01/09 01:33:10.191] 	recv: [4b: 33 72 02 13]
[01/01/09 01:33:10.203] send: [3b: 32 72 02]
[01/01/09 01:33:10.209] 	recv: [4b: 32 72 02 03]
[01/01/09 01:33:10.217] send: [3b: 33 72 02]
[01/01/09 01:33:10.224] 	recv: [4b: 33 72 02 13]
[01/01/09 01:33:10.244] send: [3b: 31 72 21]
[01/01/09 01:33:10.250] 	recv: [7b: 31 72 21 00 00 00 00]
[01/01/09 01:33:10.268] send: [3b: 32 72 02]
[01/01/09 01:33:10.272] 	recv: [4b: 32 72 02 03]
[01/01/09 01:33:10.287] send: [3b: 33 72 02]
[01/01/09 01:33:10.292] 	recv: [4b: 33 72 02 13]
[01/01/09 01:33:10.304] send: [3b: 32 72 02]
[01/01/09 01:33:10.310] 	recv: [4b: 32 72 02 03]
[01/01/09 01:33:10.327] send: [3b: 33 72 02]
[01/01/09 01:33:10.334] 	recv: [4b: 33 72 02 13]
[01/01/09 01:33:10.344] send: [3b: 32 72 02]
[01/01/09 01:33:10.350] 	recv: [4b: 32 72 02 03]
[01/01/09 01:33:10.365] send: [3b: 33 72 02]
[01/01/09 01:33:10.371] 	recv: [4b: 33 72 02 13]
[01/01/09 01:33:10.384] send: [3b: 32 72 02]
[01/01/09 01:33:10.389] 	recv: [4b: 32 72 02 03]
[01/01/09 01:33:10.404] send: [3b: 33 72 02]
[01/01/09 01:33:10.410] 	recv: [4b: 33 72 02 13]
[01/01/09 01:33:10.423] send: [3b: 31 72 21]
[01/01/09 01:33:10.429] 	recv: [7b: 31 72 21 00 00 00 00]
[01/01/09 01:33:10.444] send: [3b: 32 72 02]
[01/01/09 01:33:10.450] 	recv: [4b: 32 72 02 03]
[01/01/09 01:33:10.463] send: [3b: 33 72 02]
[01/01/09 01:33:10.470] 	recv: [4b: 33 72 02 13]
[01/01/09 01:33:10.484] send: [3b: 32 72 02]
[01/01/09 01:33:10.489] 	recv: [4b: 32 72 02 03]
[01/01/09 01:33:10.505] send: [3b: 33 72 02]
[01/01/09 01:33:10.510] 	recv: [4b: 33 72 02 13]
[01/01/09 01:33:10.524] send: [3b: 32 72 02]
[01/01/09 01:33:10.529] 	recv: [4b: 32 72 02 03]
[01/01/09 01:33:10.545] send: [3b: 33 72 02]
[01/01/09 01:33:10.551] 	recv: [4b: 33 72 02 13]
[01/01/09 01:33:10.564] send: [3b: 32 72 02]
[01/01/09 01:33:10.570] 	recv: [4b: 32 72 02 03]
[01/01/09 01:33:10.584] send: [3b: 33 72 02]
[01/01/09 01:33:10.590] 	recv: [4b: 33 72 02 13]
[01/01/09 01:33:10.605] send: [6b: 31 43 00 00 01 68]
[01/01/09 01:33:10.612] 	recv: [2b: 31 43]
[01/01/09 01:33:10.625] send: [3b: 32 72 02]
[01/01/09 01:33:10.632] 	recv: [4b: 32 72 02 03]
[01/01/09 01:33:10.646] send: [3b: 33 72 02]
[01/01/09 01:33:10.652] 	recv: [4b: 33 72 02 13]
[01/01/09 01:33:10.666] send: [3b: 32 72 02]
[01/01/09 01:33:10.672] 	recv: [4b: 32 72 02 03]
[01/01/09 01:33:10.684] send: [3b: 33 72 02]
[01/01/09 01:33:10.690] 	recv: [4b: 33 72 02 13]
[01/01/09 01:33:10.704] send: [3b: 31 72 21]
[01/01/09 01:33:10.712] 	recv: [7b: 31 72 21 00 00 00 19]
[01/01/09 01:33:10.724] send: [3b: 32 72 02]
[01/01/09 01:33:10.731] 	recv: [4b: 32 72 02 03]
[01/01/09 01:33:10.744] send: [3b: 33 72 02]
[01/01/09 01:33:10.750] 	recv: [4b: 33 72 02 13]
[01/01/09 01:33:10.764] send: [3b: 32 72 02]
[01/01/09 01:33:10.770] 	recv: [4b: 32 72 02 03]
[01/01/09 01:33:10.784] send: [3b: 33 72 02]
[01/01/09 01:33:10.791] 	recv: [4b: 33 72 02 13]
[01/01/09 01:33:10.804] send: [3b: 32 72 02]
[01/01/09 01:33:10.811] 	recv: [4b: 32 72 02 03]
[01/01/09 01:33:10.824] send: [3b: 33 72 02]
[01/01/09 01:33:10.831] 	recv: [4b: 33 72 02 13]
[01/01/09 01:33:10.844] send: [3b: 32 72 02]
[01/01/09 01:33:10.850] 	recv: [4b: 32 72 02 03]
[01/01/09 01:33:10.864] send: [3b: 33 72 02]
[01/01/09 01:33:10.869] 	recv: [4b: 33 72 02 13]
[01/01/09 01:33:10.885] send: [3b: 31 72 21]
[01/01/09 01:33:10.890] 	recv: [7b: 31 72 21 00 00 00 61]
[01/01/09 01:33:10.903] send: [3b: 32 72 02]
[01/01/09 01:33:10.910] 	recv: [4b: 32 72 02 03]
[01/01/09 01:33:10.924] send: [3b: 33 72 02]
[01/01/09 01:33:10.929] 	recv: [4b: 33 72 02 13]
[01/01/09 01:33:10.945] send: [3b: 32 72 02]
[01/01/09 01:33:10.951] 	recv: [4b: 32 72 02 03]
[01/01/09 01:33:10.964] send: [3b: 33 72 02]
[01/01/09 01:33:10.969] 	recv: [4b: 33 72 02 13]
[01/01/09 01:33:10.983] send: [3b: 32 72 02]
[01/01/09 01:33:10.990] 	recv: [4b: 32 72 02 03]
[01/01/09 01:33:11.004] send: [3b: 33 72 02]
[01/01/09 01:33:11.010] 	recv: [4b: 33 72 02 13]
[01/01/09 01:33:11.024] send: [3b: 32 72 02]
[01/01/09 01:33:11.031] 	recv: [4b: 32 72 02 03]
[01/01/09 01:33:11.044] send: [3b: 33 72 02]
[01/01/09 01:33:11.050] 	recv: [4b: 33 72 02 13]
[01/01/09 01:33:11.064] send: [3b: 31 72 21]
[01/01/09 01:33:11.070] 	recv: [7b: 31 72 21 00 00 00 A9]
[01/01/09 01:33:11.084] send: [3b: 32 72 02]
[01/01/09 01:33:11.090] 	recv: [4b: 32 72 02 03]
[01/01/09 01:33:11.105] send: [3b: 33 72 02]
[01/01/09 01:33:11.110] 	recv: [4b: 33 72 02 13]
[01/01/09 01:33:11.125] send: [3b: 32 72 02]
[01/01/09 01:33:11.131] 	recv: [4b: 32 72 02 03]
[01/01/09 01:33:11.144] send: [3b: 33 72 02]
[01/01/09 01:33:11.150] 	recv: [4b: 33 72 02 11]
[01/01/09 01:33:11.165] send: [3b: 32 72 02]
[01/01/09 01:33:11.171] 	recv: [4b: 32 72 02 03]
[01/01/09 01:33:11.185] send: [3b: 32 72 02]
[01/01/09 01:33:11.190] 	recv: [4b: 32 72 02 03]
[01/01/09 01:33:11.203] send: [6b: 33 42 FF FF E2 DC]
[01/01/09 01:33:11.209] 	recv: [2b: 33 42]
[01/01/09 01:33:11.216] send: [3b: 31 72 21]
[01/01/09 01:33:11.225] send: [3b: 33 72 01]
[01/01/09 01:33:11.226] 	recv: [7b: 31 72 21 00 00 00 E6]
[01/01/09 01:33:11.230] 	recv: [4b: 33 72 01 85]
[01/01/09 01:33:11.244] send: [3b: 32 72 02]
[01/01/09 01:33:11.250] 	recv: [4b: 32 72 02 03]
[01/01/09 01:33:11.264] send: [3b: 33 72 01]
[01/01/09 01:33:11.270] 	recv: [4b: 33 72 01 85]
[01/01/09 01:33:11.284] send: [3b: 32 72 02]
[01/01/09 01:33:11.290] 	recv: [4b: 32 72 02 03]
[01/01/09 01:33:11.306] send: [3b: 33 72 01]
[01/01/09 01:33:11.312] 	recv: [4b: 33 72 01 85]
[01/01/09 01:33:11.325] send: [3b: 32 72 02]
[01/01/09 01:33:11.331] 	recv: [4b: 32 72 02 03]
[01/01/09 01:33:11.345] send: [3b: 33 72 01]
[01/01/09 01:33:11.350] 	recv: [4b: 33 72 01 85]
[01/01/09 01:33:11.363] send: [3b: 31 72 21]
[01/01/09 01:33:11.370] 	recv: [7b: 31 72 21 00 00 01 21]
[01/01/09 01:33:11.384] send: [3b: 32 72 02]
[01/01/09 01:33:11.390] 	recv: [4b: 32 72 02 03]
[01/01/09 01:33:11.404] send: [3b: 33 72 01]
[01/01/09 01:33:11.410] 	recv: [4b: 33 72 01 85]
[01/01/09 01:33:11.424] send: [3b: 32 72 02]
[01/01/09 01:33:11.430] 	recv: [4b: 32 72 02 03]
[01/01/09 01:33:11.445] send: [3b: 33 72 01]
[01/01/09 01:33:11.451] 	recv: [4b: 33 72 01 85]
[01/01/09 01:33:11.465] send: [3b: 32 72 02]
[01/01/09 01:33:11.471] 	recv: [4b: 32 72 02 03]
[01/01/09 01:33:11.484] send: [3b: 33 72 01]
[01/01/09 01:33:11.490] 	recv: [4b: 33 72 01 85]
[01/01/09 01:33:11.504] send: [3b: 32 72 02]
[01/01/09 01:33:11.510] 	recv: [4b: 32 72 02 03]
[01/01/09 01:33:11.525] send: [3b: 33 72 01]
[01/01/09 01:33:11.530] 	recv: [4b: 33 72 01 85]
[01/01/09 01:33:11.543] send: [3b: 31 72 21]
[01/01/09 01:33:11.551] 	recv: [7b: 31 72 21 00 00 01 68]
[01/01/09 01:33:11.563] send: [3b: 32 72 02]
[01/01/09 01:33:11.569] 	recv: [4b: 32 72 02 03]
[01/01/09 01:33:11.585] send: [3b: 33 72 01]
[01/01/09 01:33:11.590] 	recv: [4b: 33 72 01 85]
[01/01/09 01:33:11.603] send: [3b: 32 72 02]
[01/01/09 01:33:11.610] 	recv: [4b: 32 72 02 03]
[01/01/09 01:33:11.625] send: [3b: 33 72 01]
[01/01/09 01:33:11.631] 	recv: [4b: 33 72 01 85]
[01/01/09 01:33:11.643] send: [3b: 32 72 02]
[01/01/09 01:33:11.650] 	recv: [4b: 32 72 02 03]
[01/01/09 01:33:11.664] send: [3b: 33 72 01]
[01/01/09 01:33:11.670] 	recv: [4b: 33 72 01 85]
[01/01/09 01:33:11.684] send: [3b: 32 72 02]
[01/01/09 01:33:11.690] 	recv: [4b: 32 72 02 03]
[01/01/09 01:33:11.703] send: [3b: 33 72 01]
[01/01/09 01:33:11.708] 	recv: [4b: 33 72 01 85]
[01/01/09 01:33:11.723] send: [3b: 31 72 21]
[01/01/09 01:33:11.730] 	recv: [7b: 31 72 21 00 00 01 68]
[01/01/09 01:33:11.745] send: [3b: 32 72 02]
[01/01/09 01:33:11.752] 	recv: [4b: 32 72 02 03]
[01/01/09 01:33:11.765] send: [3b: 33 72 01]
[01/01/09 01:33:11.770] 	recv: [4b: 33 72 01 85]
[01/01/09 01:33:11.784] send: [3b: 32 72 02]
[01/01/09 01:33:11.790] 	recv: [4b: 32 72 02 03]
[01/01/09 01:33:11.804] send: [3b: 33 72 01]
[01/01/09 01:33:11.811] 	recv: [4b: 33 72 01 85]
[01/01/09 01:33:11.824] send: [3b: 32 72 02]
[01/01/09 01:33:11.829] 	recv: [4b: 32 72 02 03]
[01/01/09 01:33:11.844] send: [3b: 33 72 01]
[01/01/09 01:33:11.850] 	recv: [4b: 33 72 01 85]
[01/01/09 01:33:11.865] send: [3b: 32 72 02]
[01/01/09 01:33:11.871] 	recv: [4b: 32 72 02 03]
[01/01/09 01:33:11.885] send: [3b: 33 72 01]
[01/01/09 01:33:11.890] 	recv: [4b: 33 72 01 85]
[01/01/09 01:33:11.904] send: [3b: 31 72 21]
[01/01/09 01:33:11.910] 	recv: [7b: 31 72 21 00 00 01 68]
[01/01/09 01:33:11.923] send: [3b: 32 72 02]
[01/01/09 01:33:11.929] 	recv: [4b: 32 72 02 03]
[01/01/09 01:33:11.945] send: [3b: 33 72 01]
[01/01/09 01:33:11.951] 	recv: [4b: 33 72 01 85]
[01/01/09 01:33:11.964] send: [3b: 32 72 02]
[01/01/09 01:33:11.970] 	recv: [4b: 32 72 02 03]
[01/01/09 01:33:11.985] send: [3b: 33 72 01]
[01/01/09 01:33:11.992] 	recv: [4b: 33 72 01 85]
[01/01/09 01:33:12.005] send: [3b: 32 72 02]
[01/01/09 01:33:12.011] 	recv: [4b: 32 72 02 03]
[01/01/09 01:33:12.024] send: [3b: 33 72 01]
[01/01/09 01:33:12.031] 	recv: [4b: 33 72 01 85]
[01/01/09 01:33:12.045] send: [3b: 32 72 02]
[01/01/09 01:33:12.052] 	recv: [4b: 32 72 02 03]
[01/01/09 01:33:12.065] send: [3b: 33 72 01]
[01/01/09 01:33:12.071] 	recv: [4b: 33 72 01 85]
[01/01/09 01:33:12.084] send: [3b: 31 72 21]
[01/01/09 01:33:12.092] 	recv: [7b: 31 72 21 00 00 01 68]
[01/01/09 01:33:12.113] send: [3b: 32 72 02]
[01/01/09 01:33:12.118] 	recv: [4b: 32 72 02 03]
[01/01/09 01:33:12.134] send: [3b: 33 72 01]
[01/01/09 01:33:12.140] 	recv: [4b: 33 72 01 85]
[01/01/09 01:33:12.155] send: [3b: 32 72 02]
[01/01/09 01:33:12.162] 	recv: [4b: 32 72 02 03]
[01/01/09 01:33:12.173] send: [3b: 33 72 01]
[01/01/09 01:33:12.179] 	recv: [4b: 33 72 01 85]
[01/01/09 01:33:12.195] send: [3b: 32 72 02]
[01/01/09 01:33:12.200] 	recv: [4b: 32 72 02 03]
[01/01/09 01:33:12.214] send: [3b: 33 72 01]
[01/01/09 01:33:12.219] 	recv: [4b: 33 72 01 85]
[01/01/09 01:33:12.227] send: [3b: 32 72 02]
[01/01/09 01:33:12.234] send: [3b: 31 72 21]
[01/01/09 01:33:12.234] 	recv: [4b: 32 72 02 03]
[01/01/09 01:33:12.241] 	recv: [7b: 31 72 21 00 00 01 68]
[01/01/09 01:33:12.254] send: [3b: 32 72 02]
[01/01/09 01:33:12.260] 	recv: [4b: 32 72 02 03]
[01/01/09 01:33:12.267] send: [3b: 33 72 01]
[01/01/09 01:33:12.274] 	recv: [4b: 33 72 01 85]
[01/01/09 01:33:12.287] send: [3b: 32 72 02]
[01/01/09 01:33:12.293] 	recv: [4b: 32 72 02 03]
[01/01/09 01:33:12.303] send: [3b: 33 72 01]
[01/01/09 01:33:12.308] 	recv: [4b: 33 72 01 85]
[01/01/09 01:33:12.324] send: [3b: 32 72 02]
[01/01/09 01:33:12.331] 	recv: [4b: 32 72 02 03]
[01/01/09 01:33:12.346] send: [3b: 33 72 01]
[01/01/09 01:33:12.351] 	recv: [4b: 33 72 01 85]
[01/01/09 01:33:12.364] send: [3b: 32 72 02]
[01/01/09 01:33:12.369] 	recv: [4b: 32 72 02 03]
[01/01/09 01:33:12.384] send: [3b: 33 72 01]
[01/01/09 01:33:12.390] 	recv: [4b: 33 72 01 85]
[01/01/09 01:33:12.405] send: [3b: 31 72 21]
[01/01/09 01:33:12.412] 	recv: [7b: 31 72 21 00 00 01 68]
[01/01/09 01:33:12.425] send: [3b: 32 72 02]
[01/01/09 01:33:12.431] 	recv: [4b: 32 72 02 03]
[01/01/09 01:33:12.443] send: [3b: 33 72 01]
[01/01/09 01:33:12.449] 	recv: [4b: 33 72 01 85]
[01/01/09 01:33:12.465] send: [3b: 32 72 02]
[01/01/09 01:33:12.471] 	recv: [4b: 32 72 02 03]
[01/01/09 01:33:12.485] send: [3b: 33 72 01]
[01/01/09 01:33:12.491] 	recv: [4b: 33 72 01 85]
[01/01/09 01:33:12.505] send: [3b: 32 72 02]
[01/01/09 01:33:12.511] 	recv: [4b: 32 72 02 03]
[01/01/09 01:33:12.525] send: [3b: 33 72 01]
[01/01/09 01:33:12.532] 	recv: [4b: 33 72 01 85]
[01/01/09 01:33:12.545] send: [3b: 32 72 02]
[01/01/09 01:33:12.551] 	recv: [4b: 32 72 02 03]
[01/01/09 01:33:12.563] send: [3b: 33 72 01]
[01/01/09 01:33:12.569] 	recv: [4b: 33 72 01 85]
[01/01/09 01:33:12.584] send: [3b: 31 72 21]
[01/01/09 01:33:12.589] 	recv: [7b: 31 72 21 00 00 01 68]
[01/01/09 01:33:12.604] send: [3b: 32 72 02]
[01/01/09 01:33:12.611] 	recv: [4b: 32 72 02 03]
[01/01/09 01:33:12.624] send: [3b: 33 72 01]
[01/01/09 01:33:12.629] 	recv: [4b: 33 72 01 85]
[01/01/09 01:33:12.643] send: [3b: 32 72 02]
[01/01/09 01:33:12.650] 	recv: [4b: 32 72 02 03]
[01/01/09 01:33:12.664] send: [3b: 33 72 01]
[01/01/09 01:33:12.670] 	recv: [4b: 33 72 01 85]
[01/01/09 01:33:12.684] send: [3b: 32 72 02]
[01/01/09 01:33:12.691] 	recv: [4b: 32 72 02 03]
[01/01/09 01:33:12.705] send: [3b: 33 72 01]
[01/01/09 01:33:12.711] 	recv: [4b: 33 72 01 85]
[01/01/09 01:33:12.725] send: [3b: 32 72 02]
[01/01/09 01:33:12.731] 	recv: [4b: 32 72 02 03]
[01/01/09 01:33:12.744] send: [3b: 33 72 01]
[01/01/09 01:33:12.751] 	recv: [4b: 33 72 01 85]
[01/01/09 01:33:12.764] send: [6b: 31 43 00 00 00 00]
[01/01/09 01:33:12.771] 	recv: [2b: 31 43]
[01/01/09 01:33:12.784] send: [3b: 32 72 02]
[01/01/09 01:33:12.790] 	recv: [4b: 32 72 02 03]
[01/01/09 01:33:12.805] send: [3b: 33 72 01]
[01/01/09 01:33:12.810] 	recv: [4b: 33 72 01 85]
[01/01/09 01:33:12.825] send: [3b: 32 72 02]
[01/01/09 01:33:12.831] 	recv: [4b: 32 72 02 03]
[01/01/09 01:33:12.844] send: [3b: 33 72 01]
[01/01/09 01:33:12.850] 	recv: [4b: 33 72 01 85]
[01/01/09 01:33:12.864] send: [3b: 31 72 21]
[01/01/09 01:33:12.871] 	recv: [7b: 31 72 21 00 00 01 4E]
[01/01/09 01:33:12.884] send: [3b: 32 72 02]
[01/01/09 01:33:12.890] 	recv: [4b: 32 72 02 03]
[01/01/09 01:33:12.903] send: [3b: 33 72 01]
[01/01/09 01:33:12.909] 	recv: [4b: 33 72 01 85]
[01/01/09 01:33:12.923] send: [3b: 32 72 02]
[01/01/09 01:33:12.928] 	recv: [4b: 32 72 02 03]
[01/01/09 01:33:12.944] send: [3b: 33 72 01]
[01/01/09 01:33:12.949] 	recv: [4b: 33 72 01 85]
[01/01/09 01:33:12.964] send: [3b: 32 72 02]
[01/01/09 01:33:12.971] 	recv: [4b: 32 72 02 03]
[01/01/09 01:33:12.984] send: [3b: 33 72 01]
[01/01/09 01:33:12.990] 	recv: [4b: 33 72 01 85]
[01/01/09 01:33:13.004] send: [3b: 32 72 02]
[01/01/09 01:33:13.011] 	recv: [4b: 32 72 02 03]
[01/01/09 01:33:13.024] send: [3b: 33 72 01]
[01/01/09 01:33:13.030] 	recv: [4b: 33 72 01 85]
[01/01/09 01:33:13.044] send: [3b: 31 72 21]
[01/01/09 01:33:13.051] 	recv: [7b: 31 72 21 00 00 01 06]
[01/01/09 01:33:13.065] send: [3b: 32 72 02]
[01/01/09 01:33:13.072] 	recv: [4b: 32 72 02 03]
[01/01/09 01:33:13.083] send: [3b: 33 72 01]
[01/01/09 01:33:13.090] 	recv: [4b: 33 72 01 85]
[01/01/09 01:33:13.104] send: [3b: 32 72 02]
[01/01/09 01:33:13.110] 	recv: [4b: 32 72 02 03]
[01/01/09 01:33:13.123] send: [3b: 33 72 01]
[01/01/09 01:33:13.129] 	recv: [4b: 33 72 01 85]
[01/01/09 01:33:13.144] send: [3b: 32 72 02]
[01/01/09 01:33:13.150] 	recv: [4b: 32 72 02 03]
[01/01/09 01:33:13.165] send: [3b: 33 72 01]
[01/01/09 01:33:13.170] 	recv: [4b: 33 72 01 85]
[01/01/09 01:33:13.185] send: [3b: 32 72 02]
[01/01/09 01:33:13.191] 	recv: [4b: 32 72 02 03]
[01/01/09 01:33:13.204] send: [3b: 33 72 01]
[01/01/09 01:33:13.209] 	recv: [4b: 33 72 01 85]
[01/01/09 01:33:13.224] send: [3b: 31 72 21]
[01/01/09 01:33:13.231] 	recv: [7b: 31 72 21 00 00 00 BE]
[01/01/09 01:33:13.244] send: [3b: 32 72 02]
[01/01/09 01:33:13.249] 	recv: [4b: 32 72 02 13]
[01/01/09 01:33:13.263] send: [3b: 33 72 01]
[01/01/09 01:33:13.269] 	recv: [4b: 33 72 01 85]
[01/01/09 01:33:13.283] send: [3b: 33 72 01]
[01/01/09 01:33:13.289] 	recv: [4b: 33 72 01 85]
[01/01/09 01:33:13.304] send: [6b: 32 42 00 00 01 40]
[01/01/09 01:33:13.311] 	recv: [2b: 32 42]
[01/01/09 01:33:13.323] send: [3b: 33 72 01]
[01/01/09 01:33:13.330] 	recv: [4b: 33 72 01 85]
[01/01/09 01:33:13.344] send: [3b: 32 72 01]
[01/01/09 01:33:13.350] 	recv: [4b: 32 72 01 05]
[01/01/09 01:33:13.364] send: [3b: 33 72 01]
[01/01/09 01:33:13.370] 	recv: [4b: 33 72 01 85]
[01/01/09 01:33:13.383] send: [3b: 31 72 21]
[01/01/09 01:33:13.391] 	recv: [7b: 31 72 21 00 00 00 7F]
[01/01/09 01:33:13.405] send: [3b: 32 72 01]
[01/01/09 01:33:13.412] 	recv: [4b: 32 72 01 05]
[01/01/09 01:33:13.424] send: [3b: 33 72 01]
[01/01/09 01:33:13.429] 	recv: [4b: 33 72 01 85]
[01/01/09 01:33:13.445] send: [3b: 32 72 01]
[01/01/09 01:33:13.452] 	recv: [4b: 32 72 01 05]
[01/01/09 01:33:13.473] send: [3b: 33 72 01]
[01/01/09 01:33:13.478] 	recv: [4b: 33 72 01 85]
[01/01/09 01:33:13.486] send: [3b: 32 72 01]
[01/01/09 01:33:13.492] 	recv: [4b: 32 72 01 05]
[01/01/09 01:33:13.506] send: [3b: 33 72 01]
[01/01/09 01:33:13.512] 	recv: [4b: 33 72 01 85]
[01/01/09 01:33:13.524] send: [3b: 32 72 01]
[01/01/09 01:33:13.531] 	recv: [4b: 32 72 01 05]
[01/01/09 01:33:13.544] send: [3b: 33 72 01]
[01/01/09 01:33:13.549] 	recv: [4b: 33 72 01 85]
[01/01/09 01:33:13.564] send: [3b: 31 72 21]
[01/01/09 01:33:13.571] 	recv: [7b: 31 72 21 00 00 00 36]
[01/01/09 01:33:13.584] send: [3b: 32 72 01]
[01/01/09 01:33:13.589] 	recv: [4b: 32 72 01 05]
[01/01/09 01:33:13.604] send: [3b: 33 72 01]
[01/01/09 01:33:13.609] 	recv: [4b: 33 72 01 85]
[01/01/09 01:33:13.624] send: [3b: 32 72 01]
[01/01/09 01:33:13.630] 	recv: [4b: 32 72 01 05]
[01/01/09 01:33:13.644] send: [3b: 33 72 01]
[01/01/09 01:33:13.650] 	recv: [4b: 33 72 01 85]
[01/01/09 01:33:13.664] send: [3b: 32 72 01]
[01/01/09 01:33:13.671] 	recv: [4b: 32 72 01 05]
[01/01/09 01:33:13.684] send: [3b: 33 72 01]
[01/01/09 01:33:13.691] 	recv: [4b: 33 72 01 85]
[01/01/09 01:33:13.704] send: [3b: 32 72 01]
[01/01/09 01:33:13.710] 	recv: [4b: 32 72 01 05]
[01/01/09 01:33:13.725] send: [3b: 33 72 01]
[01/01/09 01:33:13.732] 	recv: [4b: 33 72 01 85]
[01/01/09 01:33:13.745] send: [3b: 31 72 21]
[01/01/09 01:33:13.750] 	recv: [7b: 31 72 21 00 00 00 00]
[01/01/09 01:33:13.764] send: [3b: 32 72 01]
[01/01/09 01:33:13.771] 	recv: [4b: 32 72 01 00]
[01/01/09 01:33:13.784] send: [3b: 33 72 01]
[01/01/09 01:33:13.791] 	recv: [4b: 33 72 01 85]
[01/01/09 01:33:13.804] send: [3b: 33 72 01]
[01/01/09 01:33:13.811] 	recv: [4b: 33 72 01 85]
[01/01/09 01:33:13.824] send: [5b: 32 71 13 07 6C]
[01/01/09 01:33:13.830] 	recv: [3b: 32 71 13]
[01/01/09 01:33:13.843] send: [3b: 33 72 01]
[01/01/09 01:33:13.850] 	recv: [4b: 33 72 01 85]
[01/01/09 01:33:13.863] send: [3b: 33 72 01]
[01/01/09 01:33:13.870] 	recv: [4b: 33 72 01 85]
[01/01/09 01:33:13.884] send: [3b: 31 72 21]
[01/01/09 01:33:13.891] 	recv: [7b: 31 72 21 00 00 00 00]
[01/01/09 01:33:13.904] send: [7b: 32 71 21 00 00 00 00]
[01/01/09 01:33:13.912] 	recv: [3b: 32 71 21]
[01/01/09 01:33:13.924] send: [3b: 33 72 01]
[01/01/09 01:33:13.931] 	recv: [4b: 33 72 01 85]
[01/01/09 01:33:13.944] send: [3b: 33 72 01]
[01/01/09 01:33:13.950] 	recv: [4b: 33 72 01 00]
[01/01/09 01:33:13.964] send: [3b: 32 72 21]
[01/01/09 01:33:13.972] 	recv: [7b: 32 72 21 00 00 00 00]
[01/01/09 01:33:13.986] send: [5b: 33 71 13 0B 54]
[01/01/09 01:33:13.993] 	recv: [3b: 33 71 13]
[01/01/09 01:33:14.007] send: [3b: 31 72 21]
[01/01/09 01:33:14.015] 	recv: [7b: 31 72 21 00 00 00 00]
[01/01/09 01:33:14.024] send: [5b: 32 71 13 04 4C]
[01/01/09 01:33:14.031] 	recv: [3b: 32 71 13]
[01/01/09 01:33:14.043] send: [7b: 33 71 21 00 00 00 00]
[01/01/09 01:33:14.051] 	recv: [3b: 33 71 21]
[01/01/09 01:33:14.053] send: [3b: 33 72 21]
[01/01/09 01:33:14.059] 	recv: [7b: 33 72 21 00 00 00 00]
[01/01/09 01:33:14.067] send: [3b: 31 72 21]
[01/01/09 01:33:14.077] send: [6b: 32 43 00 00 11 89]
[01/01/09 01:33:14.077] 	recv: [7b: 31 72 21 00 00 00 00]
[01/01/09 01:33:14.083] 	recv: [2b: 32 43]
[01/01/09 01:33:14.097] send: [5b: 33 71 13 0C F8]
[01/01/09 01:33:14.102] 	recv: [3b: 33 71 13]
[01/01/09 01:33:14.115] send: [3b: 32 72 21]
[01/01/09 01:33:14.121] 	recv: [7b: 32 72 21 00 00 00 05]
[01/01/09 01:33:14.134] send: [6b: 33 43 FF FF F9 80]
[01/01/09 01:33:14.141] 	recv: [2b: 33 43]
[01/01/09 01:33:14.158] send: [3b: 31 72 21]
[01/01/09 01:33:14.165] send: [3b: 33 72 21]
[01/01/09 01:33:14.167] 	recv: [7b: 31 72 21 00 00 00 00]
[01/01/09 01:33:14.173] 	recv: [7b: 33 72 21 FF FF FF FF]
[01/01/09 01:33:14.177] send: [3b: 32 72 21]
[01/01/09 01:33:14.183] 	recv: [7b: 32 72 21 00 00 00 1E]
[01/01/09 01:33:14.194] send: [5b: 33 71 13 0C F8]
[01/01/09 01:33:14.200] 	recv: [3b: 33 71 13]
[01/01/09 01:33:14.214] send: [3b: 31 72 21]
[01/01/09 01:33:14.220] 	recv: [7b: 31 72 21 00 00 00 00]
[01/01/09 01:33:14.223] send: [5b: 32 71 13 04 4C]
[01/01/09 01:33:14.228] 	recv: [3b: 32 71 13]
[01/01/09 01:33:14.244] send: [6b: 33 43 FF FF F9 82]
[01/01/09 01:33:14.252] 	recv: [2b: 33 43]
[01/01/09 01:33:14.264] send: [3b: 31 72 21]
[01/01/09 01:33:14.270] 	recv: [7b: 31 72 21 00 00 00 00]
[01/01/09 01:33:14.284] send: [3b: 32 72 21]
[01/01/09 01:33:14.292] 	recv: [7b: 32 72 21 00 00 00 90]
[01/01/09 01:33:14.304] send: [3b: 33 72 21]
[01/01/09 01:33:14.312] 	recv: [7b: 33 72 21 FF FF FF C0]
[01/01/09 01:33:14.316] send: [5b: 33 71 13 0C 6C]
[01/01/09 01:33:14.321] 	recv: [3b: 33 71 13]
[01/01/09 01:33:14.333] send: [3b: 31 72 21]
[01/01/09 01:33:14.339] 	recv: [7b: 31 72 21 00 00 00 00]
[01/01/09 01:33:14.354] send: [5b: 32 71 13 04 4C]
[01/01/09 01:33:14.359] 	recv: [3b: 32 71 13]
[01/01/09 01:33:14.375] send: [3b: 33 72 21]
[01/01/09 01:33:14.381] 	recv: [7b: 33 72 21 FF FF FF 08]
[01/01/09 01:33:14.394] send: [3b: 32 72 21]
[01/01/09 01:33:14.400] 	recv: [7b: 32 72 21 00 00 01 08]
[01/01/09 01:33:14.402] send: [5b: 33 71 13 0B 04]
[01/01/09 01:33:14.408] 	recv: [3b: 33 71 13]
[01/01/09 01:33:14.425] send: [3b: 31 72 21]
[01/01/09 01:33:14.433] 	recv: [7b: 31 72 21 00 00 00 00]
[01/01/09 01:33:14.446] send: [5b: 32 71 13 04 4C]
[01/01/09 01:33:14.452] 	recv: [3b: 32 71 13]
[01/01/09 01:33:14.464] send: [6b: 33 43 FF FF F9 83]
[01/01/09 01:33:14.470] 	recv: [2b: 33 43]
[01/01/09 01:33:14.485] send: [3b: 32 72 21]
[01/01/09 01:33:14.492] 	recv: [7b: 32 72 21 00 00 01 6D]
[01/01/09 01:33:14.505] send: [3b: 33 72 21]
[01/01/09 01:33:14.512] 	recv: [7b: 33 72 21 FF FF FD 8C]
[01/01/09 01:33:14.525] send: [3b: 31 72 21]
[01/01/09 01:33:14.532] 	recv: [7b: 31 72 21 00 00 00 00]
[01/01/09 01:33:14.546] send: [5b: 32 71 13 04 4C]
[01/01/09 01:33:14.552] 	recv: [3b: 32 71 13]
[01/01/09 01:33:14.566] send: [5b: 33 71 13 07 F8]
[01/01/09 01:33:14.573] 	recv: [3b: 33 71 13]
[01/01/09 01:33:14.584] send: [3b: 32 72 21]
[01/01/09 01:33:14.592] 	recv: [7b: 32 72 21 00 00 01 DA]
[01/01/09 01:33:14.614] send: [6b: 31 43 00 00 01 68]
[01/01/09 01:33:14.620] 	recv: [2b: 31 43]
[01/01/09 01:33:14.634] send: [6b: 33 43 FF FF F9 89]
[01/01/09 01:33:14.640] 	recv: [2b: 33 43]
[01/01/09 01:33:14.664] send: [3b: 31 72 21]
[01/01/09 01:33:14.670] 	recv: [7b: 31 72 21 00 00 00 07]
[01/01/09 01:33:14.684] send: [5b: 32 71 13 04 4C]
[01/01/09 01:33:14.690] 	recv: [3b: 32 71 13]
[01/01/09 01:33:14.705] send: [3b: 33 72 21]
[01/01/09 01:33:14.712] 	recv: [7b: 33 72 21 FF FF FB C1]
[01/01/09 01:33:14.715] send: [3b: 32 72 21]
[01/01/09 01:33:14.721] 	recv: [7b: 32 72 21 00 00 02 69]
[01/01/09 01:33:14.733] send: [5b: 33 71 13 04 74]
[01/01/09 01:33:14.740] 	recv: [3b: 33 71 13]
[01/01/09 01:33:14.754] send: [3b: 31 72 21]
[01/01/09 01:33:14.761] 	recv: [7b: 31 72 21 00 00 00 2A]
[01/01/09 01:33:14.764] send: [5b: 32 71 13 04 4C]
[01/01/09 01:33:14.769] 	recv: [3b: 32 71 13]
[01/01/09 01:33:14.784] send: [6b: 33 43 FF FF F9 85]
[01/01/09 01:33:14.789] 	recv: [2b: 33 43]
[01/01/09 01:33:14.805] send: [3b: 31 72 21]
[01/01/09 01:33:14.812] 	recv: [7b: 31 72 21 00 00 00 3E]
[01/01/09 01:33:14.824] send: [3b: 32 72 21]
[01/01/09 01:33:14.831] 	recv: [7b: 32 72 21 00 00 02 E2]
[01/01/09 01:33:14.844] send: [3b: 33 72 21]
[01/01/09 01:33:14.850] 	recv: [7b: 33 72 21 FF FF FA FD]
[01/01/09 01:33:14.853] send: [5b: 33 71 13 02 E4]
[01/01/09 01:33:14.859] 	recv: [3b: 33 71 13]
[01/01/09 01:33:14.874] send: [3b: 31 72 21]
[01/01/09 01:33:14.879] 	recv: [7b: 31 72 21 00 00 00 59]
[01/01/09 01:33:14.894] send: [5b: 32 71 13 04 4C]
[01/01/09 01:33:14.900] 	recv: [3b: 32 71 13]
[01/01/09 01:33:14.914] send: [6b: 33 43 FF FF F9 89]
[01/01/09 01:33:14.921] 	recv: [2b: 33 43]
[01/01/09 01:33:14.934] send: [3b: 32 72 21]
[01/01/09 01:33:14.941] 	recv: [7b: 32 72 21 00 00 03 5B]
[01/01/09 01:33:14.955] send: [3b: 33 72 21]
[01/01/09 01:33:14.962] 	recv: [7b: 33 72 21 FF FF FA A3]
[01/01/09 01:33:14.977] send: [3b: 31 72 21]
[01/01/09 01:33:14.984] 	recv: [7b: 31 72 21 00 00 00 83]
[01/01/09 01:33:14.994] send: [5b: 32 71 13 04 4C]
[01/01/09 01:33:15.000] 	recv: [3b: 32 71 13]
[01/01/09 01:33:15.015] send: [5b: 33 71 13 02 1C]
[01/01/09 01:33:15.022] 	recv: [3b: 33 71 13]
[01/01/09 01:33:15.035] send: [3b: 32 72 21]
[01/01/09 01:33:15.040] 	recv: [7b: 32 72 21 00 00 03 C9]
[01/01/09 01:33:15.055] send: [3b: 31 72 21]
[01/01/09 01:33:15.062] 	recv: [7b: 31 72 21 00 00 00 A2]
[01/01/09 01:33:15.075] send: [6b: 33 43 FF FF F9 8C]
[01/01/09 01:33:15.082] 	recv: [2b: 33 43]
[01/01/09 01:33:15.084] send: [3b: 33 72 21]
[01/01/09 01:33:15.090] 	recv: [7b: 33 72 21 FF FF FA 50]
[01/01/09 01:33:15.105] send: [5b: 32 71 13 04 4C]
[01/01/09 01:33:15.112] 	recv: [3b: 32 71 13]
[01/01/09 01:33:15.123] send: [3b: 31 72 21]
[01/01/09 01:33:15.130] 	recv: [7b: 31 72 21 00 00 00 BD]
[01/01/09 01:33:15.145] send: [3b: 32 72 21]
[01/01/09 01:33:15.150] 	recv: [7b: 32 72 21 00 00 04 42]
[01/01/09 01:33:15.165] send: [5b: 33 71 13 01 7C]
[01/01/09 01:33:15.170] 	recv: [3b: 33 71 13]
[01/01/09 01:33:15.172] send: [3b: 33 72 21]
[01/01/09 01:33:15.178] 	recv: [7b: 33 72 21 FF FF FA 21]
[01/01/09 01:33:15.185] send: [3b: 31 72 21]
[01/01/09 01:33:15.191] 	recv: [7b: 31 72 21 00 00 00 D6]
[01/01/09 01:33:15.203] send: [5b: 32 71 13 04 4C]
[01/01/09 01:33:15.210] 	recv: [3b: 32 71 13]
[01/01/09 01:33:15.223] send: [5b: 33 71 13 01 18]
[01/01/09 01:33:15.230] 	recv: [3b: 33 71 13]
[01/01/09 01:33:15.245] send: [3b: 32 72 21]
[01/01/09 01:33:15.252] 	recv: [7b: 32 72 21 00 00 04 B1]
[01/01/09 01:33:15.265] send: [3b: 31 72 21]
[01/01/09 01:33:15.271] 	recv: [7b: 31 72 21 00 00 00 F6]
[01/01/09 01:33:15.284] send: [6b: 33 43 FF FF F9 91]
[01/01/09 01:33:15.290] 	recv: [2b: 33 43]
[01/01/09 01:33:15.292] send: [3b: 33 72 21]
[01/01/09 01:33:15.299] 	recv: [7b: 33 72 21 FF FF F9 F9]
[01/01/09 01:33:15.316] send: [5b: 32 71 13 04 4C]
[01/01/09 01:33:15.322] 	recv: [3b: 32 71 13]
[01/01/09 01:33:15.336] send: [3b: 31 72 21]
[01/01/09 01:33:15.342] 	recv: [7b: 31 72 21 00 00 01 12]
[01/01/09 01:33:15.354] send: [3b: 32 72 21]
[01/01/09 01:33:15.360] 	recv: [7b: 32 72 21 00 00 05 28]
[01/01/09 01:33:15.373] send: [5b: 33 71 13 00 C8]
[01/01/09 01:33:15.379] 	recv: [3b: 33 71 13]
[01/01/09 01:33:15.381] send: [6b: 33 43 FF FF F9 95]
[01/01/09 01:33:15.387] 	recv: [2b: 33 43]
[01/01/09 01:33:15.394] send: [3b: 31 72 21]
[01/01/09 01:33:15.400] 	recv: [7b: 31 72 21 00 00 01 29]
[01/01/09 01:33:15.414] send: [5b: 32 71 13 04 4C]
[01/01/09 01:33:15.420] 	recv: [3b: 32 71 13]
[01/01/09 01:33:15.435] send: [3b: 33 72 21]
[01/01/09 01:33:15.442] 	recv: [7b: 33 72 21 FF FF F9 D5]
[01/01/09 01:33:15.445] send: [3b: 31 72 21]
[01/01/09 01:33:15.451] 	recv: [7b: 31 72 21 00 00 01 3E]
[01/01/09 01:33:15.464] send: [3b: 32 72 21]
[01/01/09 01:33:15.472] 	recv: [7b: 32 72 21 00 00 05 A2]
[01/01/09 01:33:15.484] send: [5b: 33 71 13 00 64]
[01/01/09 01:33:15.491] 	recv: [3b: 33 71 13]
[01/01/09 01:33:15.494] send: [6b: 33 43 FF FF F9 9C]
[01/01/09 01:33:15.500] 	recv: [2b: 33 43]
[01/01/09 01:33:15.514] send: [3b: 31 72 21]
[01/01/09 01:33:15.520] 	recv: [7b: 31 72 21 00 00 01 59]
[01/01/09 01:33:15.535] send: [5b: 32 71 13 04 4C]
[01/01/09 01:33:15.541] 	recv: [3b: 32 71 13]
[01/01/09 01:33:15.554] send: [3b: 33 72 21]
[01/01/09 01:33:15.560] 	recv: [7b: 33 72 21 FF FF F9 C3]
[01/01/09 01:33:15.563] send: [3b: 32 72 21]
[01/01/09 01:33:15.568] 	recv: [7b: 32 72 21 00 00 06 0D]
[01/01/09 01:33:15.586] send: [5b: 33 71 13 00 46]
[01/01/09 01:33:15.593] 	recv: [3b: 33 71 13]
[01/01/09 01:33:15.606] send: [3b: 31 72 21]
[01/01/09 01:33:15.614] 	recv: [7b: 31 72 21 00 00 01 68]
[01/01/09 01:33:15.618] send: [5b: 32 71 13 04 4C]
[01/01/09 01:33:15.623] 	recv: [3b: 32 71 13]
[01/01/09 01:33:15.634] send: [3b: 33 72 21]
[01/01/09 01:33:15.641] 	recv: [7b: 33 72 21 FF FF F9 BC]
[01/01/09 01:33:15.655] send: [3b: 31 72 21]
[01/01/09 01:33:15.662] 	recv: [7b: 31 72 21 00 00 01 68]
[01/01/09 01:33:15.673] send: [3b: 32 72 21]
[01/01/09 01:33:15.680] 	recv: [7b: 32 72 21 00 00 06 88]
[01/01/09 01:33:15.696] send: [5b: 33 71 13 00 3C]
[01/01/09 01:33:15.703] 	recv: [3b: 33 71 13]
[01/01/09 01:33:15.706] send: [6b: 33 43 FF FF F9 9E]
[01/01/09 01:33:15.711] 	recv: [2b: 33 43]
[01/01/09 01:33:15.724] send: [3b: 31 72 21]
[01/01/09 01:33:15.731] 	recv: [7b: 31 72 21 00 00 01 68]
[01/01/09 01:33:15.745] send: [5b: 32 71 13 04 4C]
[01/01/09 01:33:15.751] 	recv: [3b: 32 71 13]
[01/01/09 01:33:15.763] send: [3b: 33 72 21]
[01/01/09 01:33:15.770] 	recv: [7b: 33 72 21 FF FF F9 B3]
[01/01/09 01:33:15.785] send: [3b: 32 72 21]
[01/01/09 01:33:15.792] 	recv: [7b: 32 72 21 00 00 07 02]
[01/01/09 01:33:15.795] send: [5b: 33 71 13 00 32]
[01/01/09 01:33:15.800] 	recv: [3b: 33 71 13]
[01/01/09 01:33:15.816] send: [3b: 31 72 21]
[01/01/09 01:33:15.822] 	recv: [7b: 31 72 21 00 00 01 68]
[01/01/09 01:33:15.834] send: [5b: 32 71 13 04 4C]
[01/01/09 01:33:15.840] 	recv: [3b: 32 71 13]
[01/01/09 01:33:15.854] send: [6b: 33 43 FF FF F9 A5]
[01/01/09 01:33:15.859] 	recv: [2b: 33 43]
[01/01/09 01:33:15.874] send: [3b: 32 72 21]
[01/01/09 01:33:15.880] 	recv: [7b: 32 72 21 00 00 07 63]
[01/01/09 01:33:15.893] send: [3b: 33 72 21]
[01/01/09 01:33:15.899] 	recv: [7b: 33 72 21 FF FF F9 AC]
[01/01/09 01:33:15.914] send: [3b: 31 72 21]
[01/01/09 01:33:15.920] 	recv: [7b: 31 72 21 00 00 01 68]
[01/01/09 01:33:15.934] send: [5b: 32 71 13 04 4C]
[01/01/09 01:33:15.940] 	recv: [3b: 32 71 13]
[01/01/09 01:33:15.955] send: [5b: 33 71 13 00 32]
[01/01/09 01:33:15.961] 	recv: [3b: 33 71 13]
[01/01/09 01:33:15.975] send: [3b: 32 72 21]
[01/01/09 01:33:15.980] 	recv: [7b: 32 72 21 00 00 07 D2]
[01/01/09 01:33:15.993] send: [3b: 31 72 21]
[01/01/09 01:33:16.000] 	recv: [7b: 31 72 21 00 00 01 68]
[01/01/09 01:33:16.014] send: [6b: 33 43 FF FF F9 AD]
[01/01/09 01:33:16.020] 	recv: [2b: 33 43]
[01/01/09 01:33:16.022] send: [3b: 33 72 21]
[01/01/09 01:33:16.028] 	recv: [7b: 33 72 21 FF FF F9 A6]
[01/01/09 01:33:16.044] send: [5b: 32 71 13 04 4C]
[01/01/09 01:33:16.051] 	recv: [3b: 32 71 13]
[01/01/09 01:33:16.064] send: [3b: 31 72 21]
[01/01/09 01:33:16.071] 	recv: [7b: 31 72 21 00 00 01 68]
[01/01/09 01:33:16.083] send: [3b: 32 72 21]
[01/01/09 01:33:16.091] 	recv: [7b: 32 72 21 00 00 08 4B]
[01/01/09 01:33:16.105] send: [5b: 33 71 13 00 32]
[01/01/09 01:33:16.112] 	recv: [3b: 33 71 13]
[01/01/09 01:33:16.115] send: [6b: 33 43 FF FF F9 B1]
[01/01/09 01:33:16.120] 	recv: [2b: 33 43]
[01/01/09 01:33:16.134] send: [3b: 31 72 21]
[01/01/09 01:33:16.140] 	recv: [7b: 31 72 21 00 00 01 68]
[01/01/09 01:33:16.153] send: [5b: 32 71 13 04 4C]
[01/01/09 01:33:16.159] 	recv: [3b: 32 71 13]
[01/01/09 01:33:16.174] send: [3b: 33 72 21]
[01/01/09 01:33:16.181] 	recv: [7b: 33 72 21 FF FF F9 AD]
[01/01/09 01:33:16.183] send: [3b: 31 72 21]
[01/01/09 01:33:16.188] 	recv: [7b: 31 72 21 00 00 01 68]
[01/01/09 01:33:16.204] send: [3b: 32 72 21]
[01/01/09 01:33:16.211] 	recv: [7b: 32 72 21 00 00 08 CF]
[01/01/09 01:33:16.224] send: [5b: 33 71 13 00 32]
[01/01/09 01:33:16.231] 	recv: [3b: 33 71 13]
[01/01/09 01:33:16.234] send: [6b: 33 43 FF FF F9 B4]
[01/01/09 01:33:16.240] 	recv: [2b: 33 43]
[01/01/09 01:33:16.253] send: [3b: 31 72 21]
[01/01/09 01:33:16.259] 	recv: [7b: 31 72 21 00 00 01 68]
[01/01/09 01:33:16.274] send: [5b: 32 71 13 04 4C]
[01/01/09 01:33:16.280] 	recv: [3b: 32 71 13]
[01/01/09 01:33:16.298] send: [3b: 33 72 21]
[01/01/09 01:33:16.303] 	recv: [7b: 33 72 21 FF FF F9 B4]
[01/01/09 01:33:16.306] send: [6b: 32 43 00 00 11 88]
[01/01/09 01:33:16.311] 	recv: [2b: 32 43]
[01/01/09 01:33:16.324] send: [5b: 33 71 13 00 32]
[01/01/09 01:33:16.331] 	recv: [3b: 33 71 13]
[01/01/09 01:33:16.345] send: [3b: 31 72 21]
[01/01/09 01:33:16.352] 	recv: [7b: 31 72 21 00 00 01 68]
[01/01/09 01:33:16.364] send: [3b: 32 72 21]
[01/01/09 01:33:16.370] 	recv: [7b: 32 72 21 00 00 09 7E]
[01/01/09 01:33:16.385] send: [6b: 33 43 FF FF F9 BC]
[01/01/09 01:33:16.393] 	recv: [2b: 33 43]
[01/01/09 01:33:16.396] send: [3b: 33 72 21]
[01/01/09 01:33:16.401] 	recv: [7b: 33 72 21 FF FF F9 B4]
[01/01/09 01:33:16.415] send: [3b: 31 72 21]
[01/01/09 01:33:16.421] 	recv: [7b: 31 72 21 00 00 01 68]
[01/01/09 01:33:16.434] send: [5b: 32 71 13 04 4C]
[01/01/09 01:33:16.441] 	recv: [3b: 32 71 13]
[01/01/09 01:33:16.454] send: [5b: 33 71 13 00 32]
[01/01/09 01:33:16.459] 	recv: [3b: 33 71 13]
[01/01/09 01:33:16.475] send: [3b: 32 72 21]
[01/01/09 01:33:16.480] 	recv: [7b: 32 72 21 00 00 09 F8]
[01/01/09 01:33:16.493] send: [3b: 31 72 21]
[01/01/09 01:33:16.500] 	recv: [7b: 31 72 21 00 00 01 68]
[01/01/09 01:33:16.515] send: [6b: 33 43 FF FF F9 C3]
[01/01/09 01:33:16.522] 	recv: [2b: 33 43]
[01/01/09 01:33:16.525] send: [3b: 33 72 21]
[01/01/09 01:33:16.531] 	recv: [7b: 33 72 21 FF FF F9 BA]
[01/01/09 01:33:16.544] send: [5b: 32 71 13 04 4C]
[01/01/09 01:33:16.551] 	recv: [3b: 32 71 13]
[01/01/09 01:33:16.564] send: [6b: 31 43 00 00 00 00]
[01/01/09 01:33:16.570] 	recv: [2b: 31 43]
[01/01/09 01:33:16.584] send: [3b: 32 72 21]
[01/01/09 01:33:16.591] 	recv: [7b: 32 72 21 00 00 0A 71]
[01/01/09 01:33:16.604] send: [5b: 33 71 13 00 32]
[01/01/09 01:33:16.610] 	recv: [3b: 33 71 13]
[01/01/09 01:33:16.624] send: [3b: 31 72 21]
[01/01/09 01:33:16.632] 	recv: [7b: 31 72 21 00 00 01 5E]
[01/01/09 01:33:16.635] send: [5b: 32 71 13 04 4C]
[01/01/09 01:33:16.640] 	recv: [3b: 32 71 13]
[01/01/09 01:33:16.655] send: [6b: 33 43 FF FF F9 CB]
[01/01/09 01:33:16.661] 	recv: [2b: 33 43]
[01/01/09 01:33:16.674] send: [3b: 31 72 21]
[01/01/09 01:33:16.680] 	recv: [7b: 31 72 21 00 00 01 4B]
[01/01/09 01:33:16.695] send: [3b: 32 72 21]
[01/01/09 01:33:16.701] 	recv: [7b: 32 72 21 00 00 0A EB]
[01/01/09 01:33:16.713] send: [3b: 33 72 21]
[01/01/09 01:33:16.720] 	recv: [7b: 33 72 21 FF FF F9 C4]
[01/01/09 01:33:16.724] send: [5b: 33 71 13 00 32]
[01/01/09 01:33:16.730] 	recv: [3b: 33 71 13]
[01/01/09 01:33:16.746] send: [3b: 31 72 21]
[01/01/09 01:33:16.753] 	recv: [7b: 31 72 21 00 00 01 2E]
[01/01/09 01:33:16.764] send: [5b: 32 71 13 04 4C]
[01/01/09 01:33:16.770] 	recv: [3b: 32 71 13]
[01/01/09 01:33:16.784] send: [6b: 33 43 FF FF F9 D1]
[01/01/09 01:33:16.790] 	recv: [2b: 33 43]
[01/01/09 01:33:16.805] send: [3b: 32 72 21]
[01/01/09 01:33:16.812] 	recv: [7b: 32 72 21 00 00 0B 64]
[01/01/09 01:33:16.823] send: [3b: 33 72 21]
[01/01/09 01:33:16.830] 	recv: [7b: 33 72 21 FF FF F9 C9]
[01/01/09 01:33:16.845] send: [3b: 31 72 21]
[01/01/09 01:33:16.852] 	recv: [7b: 31 72 21 00 00 01 06]
[01/01/09 01:33:16.865] send: [5b: 32 71 13 04 4C]
[01/01/09 01:33:16.872] 	recv: [3b: 32 71 13]
[01/01/09 01:33:16.885] send: [5b: 33 71 13 00 32]
[01/01/09 01:33:16.892] 	recv: [3b: 33 71 13]
[01/01/09 01:33:16.906] send: [3b: 32 72 21]
[01/01/09 01:33:16.913] 	recv: [7b: 32 72 21 00 00 0B D3]
[01/01/09 01:33:16.926] send: [3b: 31 72 21]
[01/01/09 01:33:16.933] 	recv: [7b: 31 72 21 00 00 00 E5]
[01/01/09 01:33:16.944] send: [6b: 33 43 FF FF F9 DB]
[01/01/09 01:33:16.951] 	recv: [2b: 33 43]
[01/01/09 01:33:16.953] send: [3b: 33 72 21]
[01/01/09 01:33:16.959] 	recv: [7b: 33 72 21 FF FF F9 D0]
[01/01/09 01:33:16.974] send: [5b: 32 71 13 04 4C]
[01/01/09 01:33:16.980] 	recv: [3b: 32 71 13]
[01/01/09 01:33:16.994] send: [3b: 31 72 21]
[01/01/09 01:33:17.001] 	recv: [7b: 31 72 21 00 00 00 CA]
[01/01/09 01:33:17.015] send: [3b: 32 72 21]
[01/01/09 01:33:17.022] 	recv: [7b: 32 72 21 00 00 0C 4B]
[01/01/09 01:33:17.036] send: [5b: 33 71 13 00 32]
[01/01/09 01:33:17.042] 	recv: [3b: 33 71 13]
[01/01/09 01:33:17.044] send: [6b: 33 43 FF FF F9 E0]
[01/01/09 01:33:17.050] 	recv: [2b: 33 43]
[01/01/09 01:33:17.064] send: [3b: 31 72 21]
[01/01/09 01:33:17.069] 	recv: [7b: 31 72 21 00 00 00 AF]
[01/01/09 01:33:17.085] send: [5b: 32 71 13 04 4C]
[01/01/09 01:33:17.091] 	recv: [3b: 32 71 13]
[01/01/09 01:33:17.104] send: [3b: 33 72 21]
[01/01/09 01:33:17.110] 	recv: [7b: 33 72 21 FF FF F9 D7]
[01/01/09 01:33:17.112] send: [3b: 31 72 21]
[01/01/09 01:33:17.118] 	recv: [7b: 31 72 21 00 00 00 9B]
[01/01/09 01:33:17.144] send: [3b: 32 72 21]
[01/01/09 01:33:17.151] 	recv: [7b: 32 72 21 00 00 0C D9]
[01/01/09 01:33:17.165] send: [5b: 33 71 13 00 32]
[01/01/09 01:33:17.170] 	recv: [3b: 33 71 13]
[01/01/09 01:33:17.171] send: [6b: 33 43 FF FF F9 E5]
[01/01/09 01:33:17.179] 	recv: [2b: 33 43]
[01/01/09 01:33:17.198] send: [3b: 31 72 21]
[01/01/09 01:33:17.205] send: [3b: 33 72 21]
[01/01/09 01:33:17.207] 	recv: [7b: 31 72 21 00 00 00 79]
[01/01/09 01:33:17.212] 	recv: [7b: 33 72 21 FF FF F9 DC]
[01/01/09 01:33:17.214] send: [3b: 32 72 21]
[01/01/09 01:33:17.220] 	recv: [7b: 32 72 21 00 00 0D 26]
[01/01/09 01:33:17.235] send: [5b: 33 71 13 00 32]
[01/01/09 01:33:17.241] 	recv: [3b: 33 71 13]
[01/01/09 01:33:17.254] send: [3b: 31 72 21]
[01/01/09 01:33:17.261] 	recv: [7b: 31 72 21 00 00 00 62]
[01/01/09 01:33:17.263] send: [5b: 32 71 13 04 4C]
[01/01/09 01:33:17.269] 	recv: [3b: 32 71 13]
[01/01/09 01:33:17.284] send: [6b: 33 43 FF FF F9 F0]
[01/01/09 01:33:17.290] 	recv: [2b: 33 43]
[01/01/09 01:33:17.304] send: [3b: 31 72 21]
[01/01/09 01:33:17.311] 	recv: [7b: 31 72 21 00 00 00 4E]
[01/01/09 01:33:17.325] send: [3b: 32 72 21]
[01/01/09 01:33:17.332] 	recv: [7b: 32 72 21 00 00 0D 9F]
[01/01/09 01:33:17.344] send: [3b: 33 72 21]
[01/01/09 01:33:17.351] 	recv: [7b: 33 72 21 FF FF F9 E3]
[01/01/09 01:33:17.354] send: [5b: 33 71 13 00 32]
[01/01/09 01:33:17.359] 	recv: [3b: 33 71 13]
[01/01/09 01:33:17.374] send: [3b: 31 72 21]
[01/01/09 01:33:17.380] 	recv: [7b: 31 72 21 00 00 00 33]
[01/01/09 01:33:17.394] send: [5b: 32 71 13 04 4C]
[01/01/09 01:33:17.401] 	recv: [3b: 32 71 13]
[01/01/09 01:33:17.414] send: [6b: 33 43 FF FF F9 F7]
[01/01/09 01:33:17.419] 	recv: [2b: 33 43]
[01/01/09 01:33:17.434] send: [3b: 32 72 21]
[01/01/09 01:33:17.441] 	recv: [7b: 32 72 21 00 00 0E 18]
[01/01/09 01:33:17.453] send: [3b: 33 72 21]
[01/01/09 01:33:17.459] 	recv: [7b: 33 72 21 FF FF F9 E9]
[01/01/09 01:33:17.473] send: [3b: 31 72 21]
[01/01/09 01:33:17.479] 	recv: [7b: 31 72 21 00 00 00 0B]
[01/01/09 01:33:17.495] send: [5b: 32 71 13 04 4C]
[01/01/09 01:33:17.502] 	recv: [3b: 32 71 13]
[01/01/09 01:33:17.513] send: [5b: 33 71 13 00 32]
[01/01/09 01:33:17.519] 	recv: [3b: 33 71 13]
[01/01/09 01:33:17.526] send: [3b: 32 72 21]
[01/01/09 01:33:17.534] 	recv: [7b: 32 72 21 00 00 0E 7D]
[01/01/09 01:33:17.546] send: [3b: 31 72 21]
[01/01/09 01:33:17.554] 	recv: [7b: 31 72 21 00 00 00 00]
[01/01/09 01:33:17.566] send: [6b: 33 43 FF FF F9 FB]
[01/01/09 01:33:17.573] 	recv: [2b: 33 43]
[01/01/09 01:33:17.577] send: [3b: 33 72 21]
[01/01/09 01:33:17.583] 	recv: [7b: 33 72 21 FF FF F9 EF]
[01/01/09 01:33:17.596] send: [5b: 32 71 13 04 4C]
[01/01/09 01:33:17.602] 	recv: [3b: 32 71 13]
[01/01/09 01:33:17.616] send: [3b: 31 72 21]
[01/01/09 01:33:17.622] 	recv: [7b: 31 72 21 00 00 00 00]
[01/01/09 01:33:17.634] send: [3b: 32 72 21]
[01/01/09 01:33:17.640] 	recv: [7b: 32 72 21 00 00 0E F3]
[01/01/09 01:33:17.663] send: [5b: 33 71 13 00 32]
[01/01/09 01:33:17.669] 	recv: [3b: 33 71 13]
[01/01/09 01:33:17.671] send: [6b: 33 43 FF FF FA 05]
[01/01/09 01:33:17.676] 	recv: [2b: 33 43]
[01/01/09 01:33:17.683] send: [3b: 31 72 21]
[01/01/09 01:33:17.690] 	recv: [7b: 31 72 21 00 00 00 00]
[01/01/09 01:33:17.704] send: [5b: 32 71 13 04 4C]
[01/01/09 01:33:17.710] 	recv: [3b: 32 71 13]
[01/01/09 01:33:17.724] send: [3b: 33 72 21]
[01/01/09 01:33:17.731] 	recv: [7b: 33 72 21 FF FF F9 F6]
[01/01/09 01:33:17.734] send: [3b: 31 72 21]
[01/01/09 01:33:17.740] 	recv: [7b: 31 72 21 00 00 00 00]
[01/01/09 01:33:17.754] send: [3b: 32 72 21]
[01/01/09 01:33:17.761] 	recv: [7b: 32 72 21 00 00 0F 78]
[01/01/09 01:33:17.776] send: [5b: 33 71 13 00 32]
[01/01/09 01:33:17.783] 	recv: [3b: 33 71 13]
[01/01/09 01:33:17.785] send: [6b: 33 43 FF FF FA 0C]
[01/01/09 01:33:17.791] 	recv: [2b: 33 43]
[01/01/09 01:33:17.805] send: [3b: 31 72 21]
[01/01/09 01:33:17.812] 	recv: [7b: 31 72 21 00 00 00 00]
[01/01/09 01:33:17.825] send: [5b: 32 71 13 04 4C]
[01/01/09 01:33:17.830] 	recv: [3b: 32 71 13]
[01/01/09 01:33:17.844] send: [3b: 33 72 21]
[01/01/09 01:33:17.851] 	recv: [7b: 33 72 21 FF FF F9 FC]
[01/01/09 01:33:17.854] send: [3b: 32 72 21]
[01/01/09 01:33:17.860] 	recv: [7b: 32 72 21 00 00 0F E5]
[01/01/09 01:33:17.876] send: [5b: 33 71 13 00 32]
[01/01/09 01:33:17.882] 	recv: [3b: 33 71 13]
[01/01/09 01:33:17.894] send: [3b: 31 72 21]
[01/01/09 01:33:17.900] 	recv: [7b: 31 72 21 00 00 00 00]
[01/01/09 01:33:17.903] send: [5b: 32 71 13 04 4C]
[01/01/09 01:33:17.908] 	recv: [3b: 32 71 13]
[01/01/09 01:33:17.925] send: [6b: 33 43 FF FF FA 13]
[01/01/09 01:33:17.932] 	recv: [2b: 33 43]
[01/01/09 01:33:17.944] send: [3b: 31 72 21]
[01/01/09 01:33:17.950] 	recv: [7b: 31 72 21 00 00 00 00]
[01/01/09 01:33:17.964] send: [3b: 32 72 21]
[01/01/09 01:33:17.970] 	recv: [7b: 32 72 21 00 00 10 5D]
[01/01/09 01:33:17.987] send: [3b: 33 72 21]
[01/01/09 01:33:17.993] 	recv: [7b: 33 72 21 FF FF FA 04]
[01/01/09 01:33:17.997] send: [5b: 33 71 13 00 32]
[01/01/09 01:33:18.002] 	recv: [3b: 33 71 13]
[01/01/09 01:33:18.015] send: [3b: 31 72 21]
[01/01/09 01:33:18.021] 	recv: [7b: 31 72 21 00 00 00 00]
[01/01/09 01:33:18.035] send: [5b: 32 71 13 03 70]
[01/01/09 01:33:18.041] 	recv: [3b: 32 71 13]
[01/01/09 01:33:18.054] send: [6b: 33 43 FF FF FA 1B]
[01/01/09 01:33:18.060] 	recv: [2b: 33 43]
[01/01/09 01:33:18.074] send: [3b: 32 72 21]
[01/01/09 01:33:18.081] 	recv: [7b: 32 72 21 00 00 10 D0]
[01/01/09 01:33:18.095] send: [3b: 33 72 21]
[01/01/09 01:33:18.102] 	recv: [7b: 33 72 21 FF FF FA 09]
[01/01/09 01:33:18.114] send: [3b: 31 72 21]
[01/01/09 01:33:18.121] 	recv: [7b: 31 72 21 00 00 00 00]
[01/01/09 01:33:18.135] send: [5b: 32 71 13 02 1C]
[01/01/09 01:33:18.142] 	recv: [3b: 32 71 13]
[01/01/09 01:33:18.153] send: [5b: 33 71 13 00 32]
[01/01/09 01:33:18.160] 	recv: [3b: 33 71 13]
[01/01/09 01:33:18.175] send: [3b: 32 72 21]
[01/01/09 01:33:18.181] 	recv: [7b: 32 72 21 00 00 11 1E]
[01/01/09 01:33:18.194] send: [3b: 31 72 21]
[01/01/09 01:33:18.201] 	recv: [7b: 31 72 21 00 00 00 00]
[01/01/09 01:33:18.214] send: [6b: 33 43 FF FF FA 25]
[01/01/09 01:33:18.220] 	recv: [2b: 33 43]
[01/01/09 01:33:18.223] send: [3b: 33 72 21]
[01/01/09 01:33:18.228] 	recv: [7b: 33 72 21 FF FF FA 0F]
[01/01/09 01:33:18.244] send: [5b: 32 71 13 01 2C]
[01/01/09 01:33:18.250] 	recv: [3b: 32 71 13]
[01/01/09 01:33:18.264] send: [3b: 31 72 21]
[01/01/09 01:33:18.270] 	recv: [7b: 31 72 21 00 00 00 00]
[01/01/09 01:33:18.284] send: [3b: 32 72 21]
[01/01/09 01:33:18.290] 	recv: [7b: 32 72 21 00 00 11 53]
[01/01/09 01:33:18.307] send: [5b: 33 71 13 00 3C]
[01/01/09 01:33:18.313] 	recv: [3b: 33 71 13]
[01/01/09 01:33:18.316] send: [6b: 33 43 FF FF FA 32]
[01/01/09 01:33:18.321] 	recv: [2b: 33 43]
[01/01/09 01:33:18.334] send: [3b: 31 72 21]
[01/01/09 01:33:18.341] 	recv: [7b: 31 72 21 00 00 00 00]
[01/01/09 01:33:18.357] send: [5b: 32 71 13 00 8C]
[01/01/09 01:33:18.363] 	recv: [3b: 32 71 13]
[01/01/09 01:33:18.374] send: [3b: 33 72 21]
[01/01/09 01:33:18.381] 	recv: [7b: 33 72 21 FF FF FA 17]
[01/01/09 01:33:18.383] send: [3b: 31 72 21]
[01/01/09 01:33:18.388] 	recv: [7b: 31 72 21 00 00 00 00]
[01/01/09 01:33:18.404] send: [3b: 32 72 21]
[01/01/09 01:33:18.411] 	recv: [7b: 32 72 21 00 00 11 72]
[01/01/09 01:33:18.425] send: [5b: 33 71 13 00 46]
[01/01/09 01:33:18.433] 	recv: [3b: 33 71 13]
[01/01/09 01:33:18.436] send: [6b: 33 43 FF FF FA 3B]
[01/01/09 01:33:18.441] 	recv: [2b: 33 43]
[01/01/09 01:33:18.454] send: [3b: 31 72 21]
[01/01/09 01:33:18.461] 	recv: [7b: 31 72 21 00 00 00 00]
[01/01/09 01:33:18.474] send: [5b: 32 71 13 00 64]
[01/01/09 01:33:18.481] 	recv: [3b: 32 71 13]
[01/01/09 01:33:18.495] send: [3b: 33 72 21]
[01/01/09 01:33:18.502] 	recv: [7b: 33 72 21 FF FF FA 1F]
[01/01/09 01:33:18.505] send: [6b: 32 43 00 00 11 87]
[01/01/09 01:33:18.511] 	recv: [2b: 32 43]
[01/01/09 01:33:18.524] send: [5b: 33 71 13 00 3C]
[01/01/09 01:33:18.530] 	recv: [3b: 33 71 13]
[01/01/09 01:33:18.544] send: [3b: 31 72 21]
[01/01/09 01:33:18.550] 	recv: [7b: 31 72 21 00 00 00 00]
[01/01/09 01:33:18.567] send: [3b: 32 72 21]
[01/01/09 01:33:18.576] send: [6b: 33 43 FF FF FA 40]
[01/01/09 01:33:18.576] 	recv: [7b: 32 72 21 00 00 11 86]
[01/01/09 01:33:18.581] 	recv: [2b: 33 43]
[01/01/09 01:33:18.596] send: [6b: 31 43 00 00 01 68]
[01/01/09 01:33:18.603] 	recv: [2b: 31 43]
[01/01/09 01:33:18.614] send: [5b: 32 71 13 00 64]
[01/01/09 01:33:18.620] 	recv: [3b: 32 71 13]
[01/01/09 01:33:18.623] send: [3b: 32 72 21]
[01/01/09 01:33:18.629] 	recv: [7b: 32 72 21 00 00 11 87]
[01/01/09 01:33:18.636] send: [5b: 33 71 13 00 50]
[01/01/09 01:33:18.642] 	recv: [3b: 33 71 13]
[01/01/09 01:33:18.655] send: [3b: 31 72 21]
[01/01/09 01:33:18.661] 	recv: [7b: 31 72 21 00 00 00 0A]
[01/01/09 01:33:18.665] send: [5b: 32 71 13 00 64]
[01/01/09 01:33:18.671] 	recv: [3b: 32 71 13]
[01/01/09 01:33:18.685] send: [6b: 33 43 FF FF FA 49]
[01/01/09 01:33:18.691] 	recv: [2b: 33 43]
[01/01/09 01:33:18.707] send: [3b: 31 72 21]
[01/01/09 01:33:18.712] 	recv: [7b: 31 72 21 00 00 00 1E]
[01/01/09 01:33:18.724] send: [3b: 32 72 21]
[01/01/09 01:33:18.730] 	recv: [7b: 32 72 21 00 00 11 87]
[01/01/09 01:33:18.744] send: [3b: 33 72 21]
[01/01/09 01:33:18.751] 	recv: [7b: 33 72 21 FF FF FA 30]
[01/01/09 01:33:18.754] send: [5b: 33 71 13 00 3C]
[01/01/09 01:33:18.760] 	recv: [3b: 33 71 13]
[01/01/09 01:33:18.776] send: [3b: 31 72 21]
[01/01/09 01:33:18.786] send: [5b: 32 71 13 00 64]
[01/01/09 01:33:18.786] 	recv: [7b: 31 72 21 00 00 00 3A]
[01/01/09 01:33:18.792] 	recv: [3b: 32 71 13]
[01/01/09 01:33:18.808] send: [3b: 31 72 21]
[01/01/09 01:33:18.813] 	recv: [7b: 31 72 21 00 00 00 46]
[01/01/09 01:33:18.824] send: [3b: 32 72 21]
[01/01/09 01:33:18.830] 	recv: [7b: 32 72 21 00 00 11 87]
[01/01/09 01:33:18.844] send: [3b: 33 72 21]
[01/01/09 01:33:18.850] 	recv: [7b: 33 72 21 FF FF FA 37]
[01/01/09 01:33:18.853] send: [5b: 33 71 13 00 46]
[01/01/09 01:33:18.858] 	recv: [3b: 33 71 13]
[01/01/09 01:33:18.874] send: [3b: 31 72 21]
[01/01/09 01:33:18.881] 	recv: [7b: 31 72 21 00 00 00 61]
[01/01/09 01:33:18.894] send: [5b: 32 71 13 00 64]
[01/01/09 01:33:18.901] 	recv: [3b: 32 71 13]
[01/01/09 01:33:18.914] send: [6b: 33 43 FF FF FA 5C]
[01/01/09 01:33:18.921] 	recv: [2b: 33 43]
[01/01/09 01:33:18.936] send: [3b: 32 72 21]
[01/01/09 01:33:18.943] 	recv: [7b: 32 72 21 00 00 11 87]
[01/01/09 01:33:18.955] send: [3b: 33 72 21]
[01/01/09 01:33:18.962] 	recv: [7b: 33 72 21 FF FF FA 3E]
[01/01/09 01:33:18.974] send: [3b: 31 72 21]
[01/01/09 01:33:18.982] 	recv: [7b: 31 72 21 00 00 00 89]
[01/01/09 01:33:18.994] send: [5b: 32 71 13 00 64]
[01/01/09 01:33:19.001] 	recv: [3b: 32 71 13]
[01/01/09 01:33:19.014] send: [5b: 33 71 13 00 46]
[01/01/09 01:33:19.021] 	recv: [3b: 33 71 13]
[01/01/09 01:33:19.034] send: [3b: 32 72 21]
[01/01/09 01:33:19.041] 	recv: [7b: 32 72 21 00 00 11 87]
[01/01/09 01:33:19.054] send: [3b: 31 72 21]
[01/01/09 01:33:19.061] 	recv: [7b: 31 72 21 00 00 00 A9]
[01/01/09 01:33:19.074] send: [6b: 33 43 FF FF FA 66]
[01/01/09 01:33:19.082] 	recv: [2b: 33 43]
[01/01/09 01:33:19.085] send: [3b: 33 72 21]
[01/01/09 01:33:19.090] 	recv: [7b: 33 72 21 FF FF FA 47]
[01/01/09 01:33:19.104] send: [5b: 32 71 13 00 64]
[01/01/09 01:33:19.110] 	recv: [3b: 32 71 13]
[01/01/09 01:33:19.124] send: [3b: 31 72 21]
[01/01/09 01:33:19.131] 	recv: [7b: 31 72 21 00 00 00 C5]
[01/01/09 01:33:19.143] send: [3b: 32 72 21]
[01/01/09 01:33:19.150] 	recv: [7b: 32 72 21 00 00 11 87]
[01/01/09 01:33:19.163] send: [5b: 33 71 13 00 50]
[01/01/09 01:33:19.169] 	recv: [3b: 33 71 13]
[01/01/09 01:33:19.171] send: [6b: 33 43 FF FF FA 71]
[01/01/09 01:33:19.177] 	recv: [2b: 33 43]
[01/01/09 01:33:19.195] send: [3b: 31 72 21]
[01/01/09 01:33:19.203] 	recv: [7b: 31 72 21 00 00 00 E1]
[01/01/09 01:33:19.214] send: [5b: 32 71 13 00 64]
[01/01/09 01:33:19.220] 	recv: [3b: 32 71 13]
[01/01/09 01:33:19.234] send: [3b: 33 72 21]
[01/01/09 01:33:19.241] 	recv: [7b: 33 72 21 FF FF FA 52]
[01/01/09 01:33:19.244] send: [3b: 31 72 21]
[01/01/09 01:33:19.250] 	recv: [7b: 31 72 21 00 00 00 F5]
[01/01/09 01:33:19.264] send: [3b: 32 72 21]
[01/01/09 01:33:19.270] 	recv: [7b: 32 72 21 00 00 11 87]
[01/01/09 01:33:19.284] send: [5b: 33 71 13 00 46]
[01/01/09 01:33:19.290] 	recv: [3b: 33 71 13]
[01/01/09 01:33:19.293] send: [6b: 33 43 FF FF FA 7A]
[01/01/09 01:33:19.298] 	recv: [2b: 33 43]
[01/01/09 01:33:19.314] send: [3b: 31 72 21]
[01/01/09 01:33:19.322] 	recv: [7b: 31 72 21 00 00 01 11]
[01/01/09 01:33:19.334] send: [5b: 32 71 13 00 64]
[01/01/09 01:33:19.341] 	recv: [3b: 32 71 13]
[01/01/09 01:33:19.354] send: [3b: 33 72 21]
[01/01/09 01:33:19.360] 	recv: [7b: 33 72 21 FF FF FA 5B]
[01/01/09 01:33:19.363] send: [3b: 32 72 21]
[01/01/09 01:33:19.369] 	recv: [7b: 32 72 21 00 00 11 87]
[01/01/09 01:33:19.384] send: [5b: 33 71 13 00 50]
[01/01/09 01:33:19.390] 	recv: [3b: 33 71 13]
[01/01/09 01:33:19.404] send: [3b: 31 72 21]
[01/01/09 01:33:19.410] 	recv: [7b: 31 72 21 00 00 01 35]
[01/01/09 01:33:19.413] send: [5b: 32 71 13 00 64]
[01/01/09 01:33:19.418] 	recv: [3b: 32 71 13]
[01/01/09 01:33:19.435] send: [6b: 33 43 FF FF FA 84]
[01/01/09 01:33:19.442] 	recv: [2b: 33 43]
[01/01/09 01:33:19.454] send: [3b: 31 72 21]
[01/01/09 01:33:19.462] 	recv: [7b: 31 72 21 00 00 01 49]
[01/01/09 01:33:19.474] send: [3b: 32 72 21]
[01/01/09 01:33:19.481] 	recv: [7b: 32 72 21 00 00 11 87]
[01/01/09 01:33:19.494] send: [3b: 33 72 21]
[01/01/09 01:33:19.501] 	recv: [7b: 33 72 21 FF FF FA 66]
[01/01/09 01:33:19.505] send: [5b: 33 71 13 00 50]
[01/01/09 01:33:19.510] 	recv: [3b: 33 71 13]
[01/01/09 01:33:19.524] send: [3b: 31 72 21]
[01/01/09 01:33:19.531] 	recv: [7b: 31 72 21 00 00 01 65]
[01/01/09 01:33:19.545] send: [5b: 32 71 13 00 64]
[01/01/09 01:33:19.552] 	recv: [3b: 32 71 13]
[01/01/09 01:33:19.568] send: [6b: 33 43 FF FF FA 90]
[01/01/09 01:33:19.573] 	recv: [2b: 33 43]
[01/01/09 01:33:19.583] send: [3b: 32 72 21]
[01/01/09 01:33:19.590] 	recv: [7b: 32 72 21 00 00 11 87]
[01/01/09 01:33:19.603] send: [3b: 33 72 21]
[01/01/09 01:33:19.611] 	recv: [7b: 33 72 21 FF FF FA 6F]
[01/01/09 01:33:19.624] send: [3b: 31 72 21]
[01/01/09 01:33:19.632] 	recv: [7b: 31 72 21 00 00 01 68]
[01/01/09 01:33:19.644] send: [5b: 32 71 13 00 64]
[01/01/09 01:33:19.652] 	recv: [3b: 32 71 13]
[01/01/09 01:33:19.664] send: [5b: 33 71 13 00 50]
[01/01/09 01:33:19.671] 	recv: [3b: 33 71 13]
[01/01/09 01:33:19.683] send: [3b: 32 72 21]
[01/01/09 01:33:19.690] 	recv: [7b: 32 72 21 00 00 11 87]
[01/01/09 01:33:19.704] send: [3b: 31 72 21]
[01/01/09 01:33:19.711] 	recv: [7b: 31 72 21 00 00 01 68]
[01/01/09 01:33:19.725] send: [6b: 33 43 FF FF FA 9B]
[01/01/09 01:33:19.732] 	recv: [2b: 33 43]
[01/01/09 01:33:19.735] send: [3b: 33 72 21]
[01/01/09 01:33:19.741] 	recv: [7b: 33 72 21 FF FF FA 7A]
[01/01/09 01:33:19.754] send: [5b: 32 71 13 00 64]
[01/01/09 01:33:19.759] 	recv: [3b: 32 71 13]
[01/01/09 01:33:19.775] send: [3b: 31 72 21]
[01/01/09 01:33:19.781] 	recv: [7b: 31 72 21 00 00 01 68]
[01/01/09 01:33:19.793] send: [3b: 32 72 21]
[01/01/09 01:33:19.800] 	recv: [7b: 32 72 21 00 00 11 87]
[01/01/09 01:33:19.814] send: [5b: 33 71 13 00 5A]
[01/01/09 01:33:19.819] 	recv: [3b: 33 71 13]
[01/01/09 01:33:19.822] send: [6b: 33 43 FF FF FA AB]
[01/01/09 01:33:19.827] 	recv: [2b: 33 43]
[01/01/09 01:33:19.844] send: [3b: 31 72 21]
[01/01/09 01:33:19.851] 	recv: [7b: 31 72 21 00 00 01 68]
[01/01/09 01:33:19.863] send: [5b: 32 71 13 00 64]
[01/01/09 01:33:19.870] 	recv: [3b: 32 71 13]
[01/01/09 01:33:19.885] send: [3b: 33 72 21]
[01/01/09 01:33:19.893] 	recv: [7b: 33 72 21 FF FF FA 86]
[01/01/09 01:33:19.897] send: [3b: 31 72 21]
[01/01/09 01:33:19.902] 	recv: [7b: 31 72 21 00 00 01 68]
[01/01/09 01:33:19.914] send: [3b: 32 72 21]
[01/01/09 01:33:19.920] 	recv: [7b: 32 72 21 00 00 11 87]
[01/01/09 01:33:19.934] send: [5b: 33 71 13 00 5A]
[01/01/09 01:33:19.940] 	recv: [3b: 33 71 13]
[01/01/09 01:33:19.942] send: [6b: 33 43 FF FF FA B4]
[01/01/09 01:33:19.948] 	recv: [2b: 33 43]
[01/01/09 01:33:19.964] send: [3b: 31 72 21]
[01/01/09 01:33:19.971] 	recv: [7b: 31 72 21 00 00 01 68]
[01/01/09 01:33:19.983] send: [5b: 32 71 13 00 64]
[01/01/09 01:33:19.990] 	recv: [3b: 32 71 13]
[01/01/09 01:33:20.004] send: [3b: 33 72 21]
[01/01/09 01:33:20.011] 	recv: [7b: 33 72 21 FF FF FA 91]
[01/01/09 01:33:20.014] send: [3b: 32 72 21]
[01/01/09 01:33:20.021] 	recv: [7b: 32 72 21 00 00 11 87]
[01/01/09 01:33:20.037] send: [5b: 33 71 13 00 5A]
[01/01/09 01:33:20.042] 	recv: [3b: 33 71 13]
[01/01/09 01:33:20.054] send: [3b: 31 72 21]
[01/01/09 01:33:20.060] 	recv: [7b: 31 72 21 00 00 01 68]
[01/01/09 01:33:20.063] send: [5b: 32 71 13 00 64]
[01/01/09 01:33:20.068] 	recv: [3b: 32 71 13]
[01/01/09 01:33:20.075] send: [6b: 33 43 FF FF FA C0]
[01/01/09 01:33:20.081] 	recv: [2b: 33 43]
[01/01/09 01:33:20.095] send: [3b: 31 72 21]
[01/01/09 01:33:20.101] 	recv: [7b: 31 72 21 00 00 01 68]
[01/01/09 01:33:20.115] send: [3b: 32 72 21]
[01/01/09 01:33:20.122] 	recv: [7b: 32 72 21 00 00 11 87]
[01/01/09 01:33:20.134] send: [3b: 33 72 21]
[01/01/09 01:33:20.141] 	recv: [7b: 33 72 21 FF FF FA 9D]
[01/01/09 01:33:20.144] send: [5b: 33 71 13 00 50]
[01/01/09 01:33:20.150] 	recv: [3b: 33 71 13]
[01/01/09 01:33:20.165] send: [3b: 31 72 21]
[01/01/09 01:33:20.173] 	recv: [7b: 31 72 21 00 00 01 68]
[01/01/09 01:33:20.184] send: [5b: 32 71 13 00 64]
[01/01/09 01:33:20.191] 	recv: [3b: 32 71 13]
[01/01/09 01:33:20.206] send: [6b: 33 43 FF FF FA CA]
[01/01/09 01:33:20.212] 	recv: [2b: 33 43]
[01/01/09 01:33:20.224] send: [3b: 32 72 21]
[01/01/09 01:33:20.230] 	recv: [7b: 32 72 21 00 00 11 87]
[01/01/09 01:33:20.244] send: [3b: 33 72 21]
[01/01/09 01:33:20.250] 	recv: [7b: 33 72 21 FF FF FA A6]
[01/01/09 01:33:20.264] send: [3b: 31 72 21]
[01/01/09 01:33:20.270] 	recv: [7b: 31 72 21 00 00 01 68]
[01/01/09 01:33:20.286] send: [5b: 32 71 13 00 64]
[01/01/09 01:33:20.292] 	recv: [3b: 32 71 13]
[01/01/09 01:33:20.306] send: [5b: 33 71 13 00 64]
[01/01/09 01:33:20.311] 	recv: [3b: 33 71 13]
[01/01/09 01:33:20.326] send: [3b: 32 72 21]
[01/01/09 01:33:20.333] 	recv: [7b: 32 72 21 00 00 11 87]
[01/01/09 01:33:20.345] send: [3b: 31 72 21]
[01/01/09 01:33:20.351] 	recv: [7b: 31 72 21 00 00 01 68]
[01/01/09 01:33:20.367] send: [6b: 33 43 FF FF FA D9]
[01/01/09 01:33:20.373] 	recv: [2b: 33 43]
[01/01/09 01:33:20.377] send: [3b: 33 72 21]
[01/01/09 01:33:20.382] 	recv: [7b: 33 72 21 FF FF FA B1]
[01/01/09 01:33:20.405] send: [5b: 32 71 13 00 64]
[01/01/09 01:33:20.411] 	recv: [3b: 32 71 13]
[01/01/09 01:33:20.424] send: [3b: 31 72 21]
[01/01/09 01:33:20.432] 	recv: [7b: 31 72 21 00 00 01 68]
[01/01/09 01:33:20.444] send: [3b: 32 72 21]
[01/01/09 01:33:20.452] 	recv: [7b: 32 72 21 00 00 11 87]
[01/01/09 01:33:20.464] send: [5b: 33 71 13 00 5A]
[01/01/09 01:33:20.471] 	recv: [3b: 33 71 13]
[01/01/09 01:33:20.473] send: [6b: 33 43 FF FF FA E2]
[01/01/09 01:33:20.478] 	recv: [2b: 33 43]
[01/01/09 01:33:20.493] send: [3b: 31 72 21]
[01/01/09 01:33:20.499] 	recv: [7b: 31 72 21 00 00 01 68]
[01/01/09 01:33:20.516] send: [5b: 32 71 13 00 64]
[01/01/09 01:33:20.521] 	recv: [3b: 32 71 13]
[01/01/09 01:33:20.533] send: [3b: 33 72 21]
[01/01/09 01:33:20.540] 	recv: [7b: 33 72 21 FF FF FA C0]
[01/01/09 01:33:20.542] send: [6b: 31 43 00 00 00 00]
[01/01/09 01:33:20.549] 	recv: [2b: 31 43]
[01/01/09 01:33:20.567] send: [3b: 32 72 21]
[01/01/09 01:33:20.574] 	recv: [7b: 32 72 21 00 00 11 87]
[01/01/09 01:33:20.588] send: [5b: 33 71 13 00 5A]
[01/01/09 01:33:20.593] 	recv: [3b: 33 71 13]
[01/01/09 01:33:20.605] send: [3b: 31 72 21]
[01/01/09 01:33:20.613] 	recv: [7b: 31 72 21 00 00 01 5C]
[01/01/09 01:33:20.624] send: [6b: 33 43 FF FF FA F2]
[01/01/09 01:33:20.629] 	recv: [2b: 33 43]
[01/01/09 01:33:20.643] send: [5b: 32 71 13 00 64]
[01/01/09 01:33:20.649] 	recv: [3b: 32 71 13]
[01/01/09 01:33:20.663] send: [3b: 33 72 21]
[01/01/09 01:33:20.670] 	recv: [7b: 33 72 21 FF FF FA CC]
[01/01/09 01:33:20.684] send: [6b: 32 43 00 00 11 86]
[01/01/09 01:33:20.690] 	recv: [2b: 32 43]
[01/01/09 01:33:20.706] error: bus thread interrupted
[01/01/09 01:33:20.723] resources: ut=0.15 st=0.06
[01/01/09 01:33:20.723] log finished
