[01/01/09 01:33:07.300] log started
[01/01/09 01:33:07.300] 	[ BusInterface ]
[01/01/09 01:33:07.300] 	cycle = 20
[01/01/09 01:33:07.300] 	delayWriteTime = 6
[01/01/09 01:33:07.300] 	href = cout_4008
[01/01/09 01:33:07.301] 	interface = ethernet
[01/01/09 01:33:07.301] 	localAddr = 10.0.0.1
[01/01/09 01:33:07.301] 	localPort = 4008
[01/01/09 01:33:07.301] 	log:path = 
[01/01/09 01:33:07.301] 	log:size = 
[01/01/09 01:33:07.301] 	log:type = info
[01/01/09 01:33:07.301] 	name = TCP/UDP/UnixSocket Network Bus
[01/01/09 01:33:07.301] 	protocol = udp
[01/01/09 01:33:07.301] 	remoteAddr = 10.0.0.2
[01/01/09 01:33:07.301] 	remotePort = 4008
[01/01/09 01:33:07.301] 	sym = bus_4008
[01/01/09 01:33:07.301] 	type = ethernet
[01/01/09 01:33:07.301] 	vendor = Spetstekhnika
[01/01/09 01:33:07.301] 	writeDelay = async
[01/01/09 01:33:07.301] tid = 6415
[01/01/09 01:33:07.346] udp connection started (cycle=20, receive size=10240)
[01/01/09 01:33:07.346] 	local  = 10.0.0.1:4008
[01/01/09 01:33:07.346] 	remote = 10.0.0.2:4008
[01/01/09 01:33:07.346] 	SO_RCVBUF = 63488
[01/01/09 01:33:07.347] 	SO_SNDBUF = 63488
[01/01/09 01:33:07.365] send: [2b: 31 47]
[01/01/09 01:33:07.367] connection: receive timeout (1,1 10240/10240,0/0)
[01/01/09 01:33:07.368] send: [3b: 31 72 21]
[01/01/09 01:33:07.371] 	recv: [2b: 31 47]
[01/01/09 01:33:07.374] 	recv: [7b: 31 72 21 00 00 05 D1]
[01/01/09 01:33:07.384] send: [5b: 31 71 12 00 14]
[01/01/09 01:33:07.389] 	recv: [3b: 31 71 12]
[01/01/09 01:33:07.405] send: [4b: 31 71 14 47]
[01/01/09 01:33:07.411] 	recv: [3b: 31 71 14]
[01/01/09 01:33:07.426] send: [4b: 31 71 15 45]
[01/01/09 01:33:07.431] 	recv: [3b: 31 71 15]
[01/01/09 01:33:07.432] send: [3b: 31 72 02]
[01/01/09 01:33:07.438] 	recv: [4b: 31 72 02 03]
[01/01/09 01:33:07.448] send: [3b: 31 44 00]
[01/01/09 01:33:07.453] 	recv: [2b: 31 44]
[01/01/09 01:33:07.464] send: [3b: 31 72 01]
[01/01/09 01:33:07.470] 	recv: [4b: 31 72 01 09]
[01/01/09 01:33:07.486] send: [3b: 31 72 02]
[01/01/09 01:33:07.491] 	recv: [4b: 31 72 02 03]
[01/01/09 01:33:07.504] send: [3b: 31 72 02]
[01/01/09 01:33:07.510] 	recv: [4b: 31 72 02 03]
[01/01/09 01:33:07.524] send: [3b: 31 72 02]
[01/01/09 01:33:07.530] 	recv: [4b: 31 72 02 03]
[01/01/09 01:33:07.545] send: [3b: 31 72 02]
[01/01/09 01:33:07.552] 	recv: [4b: 31 72 02 03]
[01/01/09 01:33:07.563] send: [3b: 31 72 02]
[01/01/09 01:33:07.570] 	recv: [4b: 31 72 02 03]
[01/01/09 01:33:07.586] send: [3b: 31 72 02]
[01/01/09 01:33:07.592] 	recv: [4b: 31 72 02 03]
[01/01/09 01:33:07.603] send: [3b: 31 72 02]
[01/01/09 01:33:07.610] 	recv: [4b: 31 72 02 03]
[01/01/09 01:33:07.624] send: [3b: 31 72 02]
[01/01/09 01:33:07.631] 	recv: [4b: 31 72 02 03]
[01/01/09 01:33:07.644] send: [3b: 31 72 02]
[01/01/09 01:33:07.651] 	recv: [4b: 31 72 02 03]
[01/01/09 01:33:07.664] send: [3b: 31 72 02]
[01/01/09 01:33:07.671] 	recv: [4b: 31 72 02 03]
[01/01/09 01:33:07.684] send: [3b: 31 72 02]
[01/01/09 01:33:07.690] 	recv: [4b: 31 72 02 03]
[01/01/09 01:33:07.704] send: [3b: 31 72 02]
[01/01/09 01:33:07.711] 	recv: [4b: 31 72 02 03]
[01/01/09 01:33:07.726] send: [3b: 31 72 02]
[01/01/09 01:33:07.731] 	recv: [4b: 31 72 02 03]
[01/01/09 01:33:07.744] send: [3b: 31 72 02]
[01/01/09 01:33:07.750] 	recv: [4b: 31 72 02 03]
[01/01/09 01:33:07.764] send: [3b: 31 72 02]
[01/01/09 01:33:07.769] 	recv: [4b: 31 72 02 03]
[01/01/09 01:33:07.784] send: [3b: 31 72 02]
[01/01/09 01:33:07.791] 	recv: [4b: 31 72 02 03]
[01/01/09 01:33:07.804] send: [3b: 31 72 02]
[01/01/09 01:33:07.811] 	recv: [4b: 31 72 02 03]
[01/01/09 01:33:07.824] send: [3b: 31 72 02]
[01/01/09 01:33:07.831] 	recv: [4b: 31 72 02 03]
[01/01/09 01:33:07.844] send: [3b: 31 72 02]
[01/01/09 01:33:07.851] 	recv: [4b: 31 72 02 03]
[01/01/09 01:33:07.864] send: [3b: 31 72 02]
[01/01/09 01:33:07.870] 	recv: [4b: 31 72 02 03]
[01/01/09 01:33:07.883] send: [3b: 31 72 02]
[01/01/09 01:33:07.890] 	recv: [4b: 31 72 02 03]
[01/01/09 01:33:07.905] send: [3b: 31 72 02]
[01/01/09 01:33:07.911] 	recv: [4b: 31 72 02 03]
[01/01/09 01:33:07.924] send: [3b: 31 72 02]
[01/01/09 01:33:07.931] 	recv: [4b: 31 72 02 03]
[01/01/09 01:33:07.944] send: [3b: 31 72 02]
[01/01/09 01:33:07.951] 	recv: [4b: 31 72 02 03]
[01/01/09 01:33:07.965] send: [3b: 31 72 02]
[01/01/09 01:33:07.971] 	recv: [4b: 31 72 02 03]
[01/01/09 01:33:07.984] send: [3b: 31 72 02]
[01/01/09 01:33:07.990] 	recv: [4b: 31 72 02 03]
[01/01/09 01:33:08.006] send: [3b: 31 72 02]
[01/01/09 01:33:08.012] 	recv: [4b: 31 72 02 03]
[01/01/09 01:33:08.027] send: [3b: 31 72 02]
[01/01/09 01:33:08.032] 	recv: [4b: 31 72 02 03]
[01/01/09 01:33:08.045] send: [3b: 31 72 02]
[01/01/09 01:33:08.051] 	recv: [4b: 31 72 02 03]
[01/01/09 01:33:08.066] send: [3b: 31 72 02]
[01/01/09 01:33:08.072] 	recv: [4b: 31 72 02 03]
[01/01/09 01:33:08.084] send: [3b: 31 72 02]
[01/01/09 01:33:08.090] 	recv: [4b: 31 72 02 03]
[01/01/09 01:33:08.104] send: [3b: 31 72 02]
[01/01/09 01:33:08.110] 	recv: [4b: 31 72 02 03]
[01/01/09 01:33:08.125] send: [3b: 31 72 02]
[01/01/09 01:33:08.130] 	recv: [4b: 31 72 02 03]
[01/01/09 01:33:08.145] send: [3b: 31 72 02]
[01/01/09 01:33:08.152] 	recv: [4b: 31 72 02 03]
[01/01/09 01:33:08.164] send: [3b: 31 72 02]
[01/01/09 01:33:08.170] 	recv: [4b: 31 72 02 03]
[01/01/09 01:33:08.183] send: [3b: 31 72 02]
[01/01/09 01:33:08.190] 	recv: [4b: 31 72 02 03]
[01/01/09 01:33:08.205] send: [3b: 31 72 02]
[01/01/09 01:33:08.211] 	recv: [4b: 31 72 02 03]
[01/01/09 01:33:08.225] send: [3b: 31 72 02]
[01/01/09 01:33:08.230] 	recv: [4b: 31 72 02 03]
[01/01/09 01:33:08.243] send: [3b: 31 72 02]
[01/01/09 01:33:08.250] 	recv: [4b: 31 72 02 03]
[01/01/09 01:33:08.265] send: [3b: 31 72 02]
[01/01/09 01:33:08.271] 	recv: [4b: 31 72 02 03]
[01/01/09 01:33:08.285] send: [3b: 31 72 02]
[01/01/09 01:33:08.291] 	recv: [4b: 31 72 02 03]
[01/01/09 01:33:08.305] send: [3b: 31 72 02]
[01/01/09 01:33:08.310] 	recv: [4b: 31 72 02 03]
[01/01/09 01:33:08.334] send: [3b: 31 72 02]
[01/01/09 01:33:08.341] 	recv: [4b: 31 72 02 03]
[01/01/09 01:33:08.348] send: [3b: 31 72 02]
[01/01/09 01:33:08.356] send: [3b: 31 72 02]
[01/01/09 01:33:08.358] 	recv: [4b: 31 72 02 03]
[01/01/09 01:33:08.365] 	recv: [4b: 31 72 02 03]
[01/01/09 01:33:08.384] send: [3b: 31 72 02]
[01/01/09 01:33:08.389] 	recv: [4b: 31 72 02 03]
[01/01/09 01:33:08.396] send: [3b: 31 72 02]
[01/01/09 01:33:08.402] 	recv: [4b: 31 72 02 03]
[01/01/09 01:33:08.415] send: [3b: 31 72 02]
[01/01/09 01:33:08.422] 	recv: [4b: 31 72 02 03]
[01/01/09 01:33:08.436] send: [3b: 31 72 02]
[01/01/09 01:33:08.443] 	recv: [4b: 31 72 02 03]
[01/01/09 01:33:08.456] send: [3b: 31 72 02]
[01/01/09 01:33:08.462] 	recv: [4b: 31 72 02 03]
[01/01/09 01:33:08.474] send: [3b: 31 72 02]
[01/01/09 01:33:08.479] 	recv: [4b: 31 72 02 03]
[01/01/09 01:33:08.494] send: [3b: 31 72 02]
[01/01/09 01:33:08.501] 	recv: [4b: 31 72 02 03]
[01/01/09 01:33:08.515] send: [3b: 31 72 02]
[01/01/09 01:33:08.525] send: [3b: 31 72 02]
[01/01/09 01:33:08.525] 	recv: [4b: 31 72 02 03]
[01/01/09 01:33:08.530] 	recv: [4b: 31 72 02 03]
[01/01/09 01:33:08.546] send: [3b: 31 72 02]
[01/01/09 01:33:08.551] 	recv: [4b: 31 72 02 03]
[01/01/09 01:33:08.565] send: [3b: 31 72 02]
[01/01/09 01:33:08.571] 	recv: [4b: 31 72 02 03]
[01/01/09 01:33:08.584] send: [3b: 31 72 02]
[01/01/09 01:33:08.590] 	recv: [4b: 31 72 02 03]
[01/01/09 01:33:08.604] send: [3b: 31 72 02]
[01/01/09 01:33:08.610] 	recv: [4b: 31 72 02 03]
[01/01/09 01:33:08.624] send: [3b: 31 72 02]
[01/01/09 01:33:08.630] 	recv: [4b: 31 72 02 03]
[01/01/09 01:33:08.644] send: [3b: 31 72 02]
[01/01/09 01:33:08.650] 	recv: [4b: 31 72 02 03]
[01/01/09 01:33:08.663] send: [3b: 31 72 02]
[01/01/09 01:33:08.670] 	recv: [4b: 31 72 02 03]
[01/01/09 01:33:08.684] send: [3b: 31 72 02]
[01/01/09 01:33:08.690] 	recv: [4b: 31 72 02 03]
[01/01/09 01:33:08.704] send: [3b: 31 72 02]
[01/01/09 01:33:08.710] 	recv: [4b: 31 72 02 03]
[01/01/09 01:33:08.723] send: [3b: 31 72 02]
[01/01/09 01:33:08.729] 	recv: [4b: 31 72 02 03]
[01/01/09 01:33:08.744] send: [3b: 31 72 02]
[01/01/09 01:33:08.750] 	recv: [4b: 31 72 02 03]
[01/01/09 01:33:08.764] send: [3b: 31 72 02]
[01/01/09 01:33:08.769] 	recv: [4b: 31 72 02 03]
[01/01/09 01:33:08.784] send: [3b: 31 72 02]
[01/01/09 01:33:08.789] 	recv: [4b: 31 72 02 03]
[01/01/09 01:33:08.804] send: [3b: 31 72 02]
[01/01/09 01:33:08.809] 	recv: [4b: 31 72 02 03]
[01/01/09 01:33:08.823] send: [3b: 31 72 02]
[01/01/09 01:33:08.830] 	recv: [4b: 31 72 02 03]
[01/01/09 01:33:08.844] send: [3b: 31 72 02]
[01/01/09 01:33:08.850] 	recv: [4b: 31 72 02 03]
[01/01/09 01:33:08.864] send: [3b: 31 72 02]
[01/01/09 01:33:08.869] 	recv: [4b: 31 72 02 03]
[01/01/09 01:33:08.884] send: [3b: 31 72 02]
[01/01/09 01:33:08.890] 	recv: [4b: 31 72 02 03]
[01/01/09 01:33:08.904] send: [3b: 31 72 02]
[01/01/09 01:33:08.910] 	recv: [4b: 31 72 02 03]
[01/01/09 01:33:08.923] send: [3b: 31 72 02]
[01/01/09 01:33:08.929] 	recv: [4b: 31 72 02 03]
[01/01/09 01:33:08.944] send: [3b: 31 72 02]
[01/01/09 01:33:08.949] 	recv: [4b: 31 72 02 03]
[01/01/09 01:33:08.964] send: [3b: 31 72 02]
[01/01/09 01:33:08.970] 	recv: [4b: 31 72 02 03]
[01/01/09 01:33:08.984] send: [3b: 31 72 02]
[01/01/09 01:33:08.990] 	recv: [4b: 31 72 02 03]
[01/01/09 01:33:08.998] send: [3b: 31 72 02]
[01/01/09 01:33:09.004] send: [3b: 31 72 02]
[01/01/09 01:33:09.004] 	recv: [4b: 31 72 02 03]
[01/01/09 01:33:09.011] 	recv: [4b: 31 72 02 03]
[01/01/09 01:33:09.024] send: [3b: 31 72 02]
[01/01/09 01:33:09.030] 	recv: [4b: 31 72 02 03]
[01/01/09 01:33:09.044] send: [3b: 31 72 02]
[01/01/09 01:33:09.051] 	recv: [4b: 31 72 02 03]
[01/01/09 01:33:09.064] send: [3b: 31 72 02]
[01/01/09 01:33:09.071] 	recv: [4b: 31 72 02 03]
[01/01/09 01:33:09.083] send: [3b: 31 72 02]
[01/01/09 01:33:09.089] 	recv: [4b: 31 72 02 03]
[01/01/09 01:33:09.104] send: [3b: 31 72 02]
[01/01/09 01:33:09.111] 	recv: [4b: 31 72 02 03]
[01/01/09 01:33:09.124] send: [3b: 31 72 02]
[01/01/09 01:33:09.130] 	recv: [4b: 31 72 02 03]
[01/01/09 01:33:09.144] send: [3b: 31 72 02]
[01/01/09 01:33:09.151] 	recv: [4b: 31 72 02 03]
[01/01/09 01:33:09.164] send: [3b: 31 72 02]
[01/01/09 01:33:09.171] 	recv: [4b: 31 72 02 03]
[01/01/09 01:33:09.183] send: [3b: 31 72 02]
[01/01/09 01:33:09.190] 	recv: [4b: 31 72 02 03]
[01/01/09 01:33:09.205] send: [3b: 31 72 02]
[01/01/09 01:33:09.210] 	recv: [4b: 31 72 02 03]
[01/01/09 01:33:09.228] send: [3b: 31 72 02]
[01/01/09 01:33:09.233] 	recv: [4b: 31 72 02 03]
[01/01/09 01:33:09.245] send: [3b: 31 72 02]
[01/01/09 01:33:09.252] 	recv: [4b: 31 72 02 03]
[01/01/09 01:33:09.266] send: [3b: 31 72 02]
[01/01/09 01:33:09.272] 	recv: [4b: 31 72 02 03]
[01/01/09 01:33:09.285] send: [3b: 31 72 02]
[01/01/09 01:33:09.291] 	recv: [4b: 31 72 02 03]
[01/01/09 01:33:09.303] send: [3b: 31 72 02]
[01/01/09 01:33:09.309] 	recv: [4b: 31 72 02 03]
[01/01/09 01:33:09.324] send: [3b: 31 72 02]
[01/01/09 01:33:09.329] 	recv: [4b: 31 72 02 03]
[01/01/09 01:33:09.345] send: [3b: 31 72 02]
[01/01/09 01:33:09.351] 	recv: [4b: 31 72 02 03]
[01/01/09 01:33:09.365] send: [3b: 31 72 02]
[01/01/09 01:33:09.371] 	recv: [4b: 31 72 02 03]
[01/01/09 01:33:09.385] send: [3b: 31 72 02]
[01/01/09 01:33:09.391] 	recv: [4b: 31 72 02 03]
[01/01/09 01:33:09.405] send: [3b: 31 72 02]
[01/01/09 01:33:09.411] 	recv: [4b: 31 72 02 03]
[01/01/09 01:33:09.425] send: [3b: 31 72 02]
[01/01/09 01:33:09.430] 	recv: [4b: 31 72 02 03]
[01/01/09 01:33:09.445] send: [3b: 31 72 02]
[01/01/09 01:33:09.452] 	recv: [4b: 31 72 02 03]
[01/01/09 01:33:09.464] send: [3b: 31 72 02]
[01/01/09 01:33:09.470] 	recv: [4b: 31 72 02 03]
[01/01/09 01:33:09.485] send: [3b: 31 72 02]
[01/01/09 01:33:09.491] 	recv: [4b: 31 72 02 03]
[01/01/09 01:33:09.504] send: [3b: 31 72 02]
[01/01/09 01:33:09.510] 	recv: [4b: 31 72 02 03]
[01/01/09 01:33:09.526] send: [3b: 31 72 02]
[01/01/09 01:33:09.531] 	recv: [4b: 31 72 02 03]
[01/01/09 01:33:09.546] send: [3b: 31 72 02]
[01/01/09 01:33:09.552] 	recv: [4b: 31 72 02 03]
[01/01/09 01:33:09.564] send: [3b: 31 72 02]
[01/01/09 01:33:09.570] 	recv: [4b: 31 72 02 03]
[01/01/09 01:33:09.586] send: [3b: 31 72 02]
[01/01/09 01:33:09.592] 	recv: [4b: 31 72 02 03]
[01/01/09 01:33:09.614] send: [3b: 31 72 02]
[01/01/09 01:33:09.619] 	recv: [4b: 31 72 02 03]
[01/01/09 01:33:09.633] send: [3b: 31 72 02]
[01/01/09 01:33:09.639] 	recv: [4b: 31 72 02 03]
[01/01/09 01:33:09.655] send: [3b: 31 72 02]
[01/01/09 01:33:09.661] 	recv: [4b: 31 72 02 03]
[01/01/09 01:33:09.675] send: [3b: 31 72 02]
[01/01/09 01:33:09.681] 	recv: [4b: 31 72 02 03]
[01/01/09 01:33:09.695] send: [3b: 31 72 02]
[01/01/09 01:33:09.702] 	recv: [4b: 31 72 02 03]
[01/01/09 01:33:09.714] send: [3b: 31 72 02]
[01/01/09 01:33:09.719] 	recv: [4b: 31 72 02 03]
[01/01/09 01:33:09.734] send: [3b: 31 72 02]
[01/01/09 01:33:09.739] 	recv: [4b: 31 72 02 03]
[01/01/09 01:33:09.754] send: [3b: 31 72 02]
[01/01/09 01:33:09.760] 	recv: [4b: 31 72 02 03]
[01/01/09 01:33:09.773] send: [3b: 31 72 02]
[01/01/09 01:33:09.779] 	recv: [4b: 31 72 02 03]
[01/01/09 01:33:09.794] send: [3b: 31 72 02]
[01/01/09 01:33:09.800] 	recv: [4b: 31 72 02 03]
[01/01/09 01:33:09.814] send: [3b: 31 72 02]
[01/01/09 01:33:09.820] 	recv: [4b: 31 72 02 03]
[01/01/09 01:33:09.833] send: [3b: 31 72 02]
[01/01/09 01:33:09.840] 	recv: [4b: 31 72 02 03]
[01/01/09 01:33:09.853] send: [3b: 31 72 02]
[01/01/09 01:33:09.858] 	recv: [4b: 31 72 02 03]
[01/01/09 01:33:09.874] send: [3b: 31 72 02]
[01/01/09 01:33:09.880] 	recv: [4b: 31 72 02 03]
[01/01/09 01:33:09.893] send: [3b: 31 72 02]
[01/01/09 01:33:09.900] 	recv: [4b: 31 72 02 03]
[01/01/09 01:33:09.914] send: [3b: 31 72 02]
[01/01/09 01:33:09.919] 	recv: [4b: 31 72 02 03]
[01/01/09 01:33:09.934] send: [3b: 31 72 02]
[01/01/09 01:33:09.939] 	recv: [4b: 31 72 02 03]
[01/01/09 01:33:09.954] send: [3b: 31 72 02]
[01/01/09 01:33:09.959] 	recv: [4b: 31 72 02 03]
[01/01/09 01:33:09.974] send: [3b: 31 72 02]
[01/01/09 01:33:09.980] 	recv: [4b: 31 72 02 03]
[01/01/09 01:33:09.993] send: [3b: 31 72 02]
[01/01/09 01:33:09.998] 	recv: [4b: 31 72 02 03]
[01/01/09 01:33:10.014] send: [3b: 31 72 02]
[01/01/09 01:33:10.020] 	recv: [4b: 31 72 02 03]
[01/01/09 01:33:10.035] send: [3b: 31 72 02]
[01/01/09 01:33:10.041] 	recv: [4b: 31 72 02 03]
[01/01/09 01:33:10.055] send: [3b: 31 72 02]
[01/01/09 01:33:10.061] 	recv: [4b: 31 72 02 03]
[01/01/09 01:33:10.074] send: [3b: 31 72 02]
[01/01/09 01:33:10.081] 	recv: [4b: 31 72 02 03]
[01/01/09 01:33:10.095] send: [3b: 31 72 02]
[01/01/09 01:33:10.100] 	recv: [4b: 31 72 02 03]
[01/01/09 01:33:10.115] send: [3b: 31 72 02]
[01/01/09 01:33:10.121] 	recv: [4b: 31 72 02 03]
[01/01/09 01:33:10.134] send: [3b: 31 72 02]
[01/01/09 01:33:10.140] 	recv: [4b: 31 72 02 03]
[01/01/09 01:33:10.154] send: [3b: 31 72 02]
[01/01/09 01:33:10.161] 	recv: [4b: 31 72 02 03]
[01/01/09 01:33:10.175] send: [3b: 31 72 02]
[01/01/09 01:33:10.181] 	recv: [4b: 31 72 02 03]
[01/01/09 01:33:10.196] send: [3b: 31 72 02]
[01/01/09 01:33:10.202] 	recv: [4b: 31 72 02 03]
[01/01/09 01:33:10.217] send: [3b: 31 72 02]
[01/01/09 01:33:10.224] 	recv: [4b: 31 72 02 03]
[01/01/09 01:33:10.237] send: [3b: 31 72 02]
[01/01/09 01:33:10.242] 	recv: [4b: 31 72 02 03]
[01/01/09 01:33:10.255] send: [3b: 31 72 02]
[01/01/09 01:33:10.261] 	recv: [4b: 31 72 02 03]
[01/01/09 01:33:10.275] send: [3b: 31 72 02]
[01/01/09 01:33:10.282] 	recv: [4b: 31 72 02 03]
[01/01/09 01:33:10.297] send: [3b: 31 72 02]
[01/01/09 01:33:10.304] 	recv: [4b: 31 72 02 03]
[01/01/09 01:33:10.315] send: [3b: 31 72 02]
[01/01/09 01:33:10.321] 	recv: [4b: 31 72 02 03]
[01/01/09 01:33:10.337] send: [3b: 31 72 02]
[01/01/09 01:33:10.343] 	recv: [4b: 31 72 02 03]
[01/01/09 01:33:10.354] send: [3b: 31 72 02]
[01/01/09 01:33:10.360] 	recv: [4b: 31 72 02 03]
[01/01/09 01:33:10.373] send: [3b: 31 72 02]
[01/01/09 01:33:10.379] 	recv: [4b: 31 72 02 03]
[01/01/09 01:33:10.394] send: [3b: 31 72 02]
[01/01/09 01:33:10.400] 	recv: [4b: 31 72 02 03]
[01/01/09 01:33:10.415] send: [3b: 31 72 02]
[01/01/09 01:33:10.421] 	recv: [4b: 31 72 02 03]
[01/01/09 01:33:10.434] send: [3b: 31 72 02]
[01/01/09 01:33:10.440] 	recv: [4b: 31 72 02 03]
[01/01/09 01:33:10.454] send: [3b: 31 72 02]
[01/01/09 01:33:10.460] 	recv: [4b: 31 72 02 03]
[01/01/09 01:33:10.474] send: [3b: 31 72 02]
[01/01/09 01:33:10.479] 	recv: [4b: 31 72 02 03]
[01/01/09 01:33:10.494] send: [3b: 31 72 02]
[01/01/09 01:33:10.500] 	recv: [4b: 31 72 02 03]
[01/01/09 01:33:10.514] send: [3b: 31 72 02]
[01/01/09 01:33:10.520] 	recv: [4b: 31 72 02 03]
[01/01/09 01:33:10.534] send: [3b: 31 72 02]
[01/01/09 01:33:10.540] 	recv: [4b: 31 72 02 03]
[01/01/09 01:33:10.555] send: [3b: 31 72 02]
[01/01/09 01:33:10.561] 	recv: [4b: 31 72 02 03]
[01/01/09 01:33:10.575] send: [3b: 31 72 02]
[01/01/09 01:33:10.581] 	recv: [4b: 31 72 02 03]
[01/01/09 01:33:10.594] send: [3b: 31 72 02]
[01/01/09 01:33:10.600] 	recv: [4b: 31 72 02 03]
[01/01/09 01:33:10.615] send: [3b: 31 72 02]
[01/01/09 01:33:10.621] 	recv: [4b: 31 72 02 03]
[01/01/09 01:33:10.636] send: [3b: 31 72 02]
[01/01/09 01:33:10.643] 	recv: [4b: 31 72 02 03]
[01/01/09 01:33:10.656] send: [3b: 31 72 02]
[01/01/09 01:33:10.662] 	recv: [4b: 31 72 02 03]
[01/01/09 01:33:10.674] send: [3b: 31 72 02]
[01/01/09 01:33:10.680] 	recv: [4b: 31 72 02 03]
[01/01/09 01:33:10.694] send: [3b: 31 72 02]
[01/01/09 01:33:10.700] 	recv: [4b: 31 72 02 03]
[01/01/09 01:33:10.714] send: [3b: 31 72 02]
[01/01/09 01:33:10.720] 	recv: [4b: 31 72 02 03]
[01/01/09 01:33:10.734] send: [3b: 31 72 02]
[01/01/09 01:33:10.740] 	recv: [4b: 31 72 02 03]
[01/01/09 01:33:10.753] send: [3b: 31 72 02]
[01/01/09 01:33:10.759] 	recv: [4b: 31 72 02 03]
[01/01/09 01:33:10.774] send: [3b: 31 72 02]
[01/01/09 01:33:10.780] 	recv: [4b: 31 72 02 03]
[01/01/09 01:33:10.795] send: [3b: 31 72 02]
[01/01/09 01:33:10.800] 	recv: [4b: 31 72 02 03]
[01/01/09 01:33:10.815] send: [3b: 31 72 02]
[01/01/09 01:33:10.821] 	recv: [4b: 31 72 02 03]
[01/01/09 01:33:10.834] send: [3b: 31 72 02]
[01/01/09 01:33:10.840] 	recv: [4b: 31 72 02 03]
[01/01/09 01:33:10.854] send: [3b: 31 72 02]
[01/01/09 01:33:10.859] 	recv: [4b: 31 72 02 03]
[01/01/09 01:33:10.874] send: [3b: 31 72 02]
[01/01/09 01:33:10.880] 	recv: [4b: 31 72 02 03]
[01/01/09 01:33:10.894] send: [3b: 31 72 02]
[01/01/09 01:33:10.900] 	recv: [4b: 31 72 02 03]
[01/01/09 01:33:10.914] send: [3b: 31 72 02]
[01/01/09 01:33:10.920] 	recv: [4b: 31 72 02 03]
[01/01/09 01:33:10.934] send: [3b: 31 72 02]
[01/01/09 01:33:10.940] 	recv: [4b: 31 72 02 03]
[01/01/09 01:33:10.955] send: [3b: 31 72 02]
[01/01/09 01:33:10.962] 	recv: [4b: 31 72 02 03]
[01/01/09 01:33:10.974] send: [3b: 31 72 02]
[01/01/09 01:33:10.981] 	recv: [4b: 31 72 02 03]
[01/01/09 01:33:10.994] send: [3b: 31 72 02]
[01/01/09 01:33:11.001] 	recv: [4b: 31 72 02 03]
[01/01/09 01:33:11.014] send: [3b: 31 72 02]
[01/01/09 01:33:11.021] 	recv: [4b: 31 72 02 03]
[01/01/09 01:33:11.034] send: [3b: 31 72 02]
[01/01/09 01:33:11.040] 	recv: [4b: 31 72 02 03]
[01/01/09 01:33:11.055] send: [3b: 31 72 02]
[01/01/09 01:33:11.061] 	recv: [4b: 31 72 02 03]
[01/01/09 01:33:11.073] send: [3b: 31 72 02]
[01/01/09 01:33:11.079] 	recv: [4b: 31 72 02 03]
[01/01/09 01:33:11.095] send: [3b: 31 72 02]
[01/01/09 01:33:11.101] 	recv: [4b: 31 72 02 03]
[01/01/09 01:33:11.114] send: [3b: 31 72 02]
[01/01/09 01:33:11.119] 	recv: [4b: 31 72 02 03]
[01/01/09 01:33:11.135] send: [3b: 31 72 02]
[01/01/09 01:33:11.141] 	recv: [4b: 31 72 02 03]
[01/01/09 01:33:11.155] send: [3b: 31 72 02]
[01/01/09 01:33:11.161] 	recv: [4b: 31 72 02 03]
[01/01/09 01:33:11.175] send: [3b: 31 72 02]
[01/01/09 01:33:11.181] 	recv: [4b: 31 72 02 03]
[01/01/09 01:33:11.195] send: [3b: 31 72 02]
[01/01/09 01:33:11.202] 	recv: [4b: 31 72 02 03]
[01/01/09 01:33:11.216] send: [3b: 31 72 02]
[01/01/09 01:33:11.224] 	recv: [4b: 31 72 02 03]
[01/01/09 01:33:11.244] send: [3b: 31 72 02]
[01/01/09 01:33:11.250] 	recv: [4b: 31 72 02 03]
[01/01/09 01:33:11.263] send: [3b: 31 72 02]
[01/01/09 01:33:11.269] 	recv: [4b: 31 72 02 03]
[01/01/09 01:33:11.284] send: [3b: 31 72 02]
[01/01/09 01:33:11.290] 	recv: [4b: 31 72 02 03]
[01/01/09 01:33:11.306] send: [3b: 31 72 02]
[01/01/09 01:33:11.312] 	recv: [4b: 31 72 02 03]
[01/01/09 01:33:11.325] send: [3b: 31 72 02]
[01/01/09 01:33:11.332] 	recv: [4b: 31 72 02 03]
[01/01/09 01:33:11.345] send: [3b: 31 72 02]
[01/01/09 01:33:11.351] 	recv: [4b: 31 72 02 03]
[01/01/09 01:33:11.363] send: [3b: 31 72 02]
[01/01/09 01:33:11.370] 	recv: [4b: 31 72 02 03]
[01/01/09 01:33:11.384] send: [3b: 31 72 02]
[01/01/09 01:33:11.390] 	recv: [4b: 31 72 02 03]
[01/01/09 01:33:11.404] send: [3b: 31 72 02]
[01/01/09 01:33:11.410] 	recv: [4b: 31 72 02 03]
[01/01/09 01:33:11.424] send: [3b: 31 72 02]
[01/01/09 01:33:11.430] 	recv: [4b: 31 72 02 03]
[01/01/09 01:33:11.445] send: [3b: 31 72 02]
[01/01/09 01:33:11.450] 	recv: [4b: 31 72 02 03]
[01/01/09 01:33:11.466] send: [3b: 31 72 02]
[01/01/09 01:33:11.472] 	recv: [4b: 31 72 02 03]
[01/01/09 01:33:11.485] send: [3b: 31 72 02]
[01/01/09 01:33:11.491] 	recv: [4b: 31 72 02 03]
[01/01/09 01:33:11.504] send: [3b: 31 72 02]
[01/01/09 01:33:11.510] 	recv: [4b: 31 72 02 03]
[01/01/09 01:33:11.525] send: [3b: 31 72 02]
[01/01/09 01:33:11.531] 	recv: [4b: 31 72 02 03]
[01/01/09 01:33:11.543] send: [3b: 31 72 02]
[01/01/09 01:33:11.550] 	recv: [4b: 31 72 02 03]
[01/01/09 01:33:11.563] send: [3b: 31 72 02]
[01/01/09 01:33:11.570] 	recv: [4b: 31 72 02 03]
[01/01/09 01:33:11.583] send: [3b: 31 72 02]
[01/01/09 01:33:11.590] 	recv: [4b: 31 72 02 03]
[01/01/09 01:33:11.604] send: [3b: 31 72 02]
[01/01/09 01:33:11.610] 	recv: [4b: 31 72 02 03]
[01/01/09 01:33:11.625] send: [3b: 31 72 02]
[01/01/09 01:33:11.630] 	recv: [4b: 31 72 02 03]
[01/01/09 01:33:11.643] send: [3b: 31 72 02]
[01/01/09 01:33:11.650] 	recv: [4b: 31 72 02 03]
[01/01/09 01:33:11.663] send: [3b: 31 72 02]
[01/01/09 01:33:11.671] 	recv: [4b: 31 72 02 03]
[01/01/09 01:33:11.684] send: [3b: 31 72 02]
[01/01/09 01:33:11.690] 	recv: [4b: 31 72 02 03]
[01/01/09 01:33:11.704] send: [3b: 31 72 02]
[01/01/09 01:33:11.709] 	recv: [4b: 31 72 02 03]
[01/01/09 01:33:11.724] send: [3b: 31 72 02]
[01/01/09 01:33:11.730] 	recv: [4b: 31 72 02 03]
[01/01/09 01:33:11.745] send: [3b: 31 72 02]
[01/01/09 01:33:11.752] 	recv: [4b: 31 72 02 03]
[01/01/09 01:33:11.764] send: [3b: 31 72 02]
[01/01/09 01:33:11.770] 	recv: [4b: 31 72 02 03]
[01/01/09 01:33:11.784] send: [3b: 31 72 02]
[01/01/09 01:33:11.790] 	recv: [4b: 31 72 02 03]
[01/01/09 01:33:11.804] send: [3b: 31 72 02]
[01/01/09 01:33:11.811] 	recv: [4b: 31 72 02 03]
[01/01/09 01:33:11.823] send: [3b: 31 72 02]
[01/01/09 01:33:11.829] 	recv: [4b: 31 72 02 03]
[01/01/09 01:33:11.844] send: [3b: 31 72 02]
[01/01/09 01:33:11.850] 	recv: [4b: 31 72 02 03]
[01/01/09 01:33:11.865] send: [3b: 31 72 02]
[01/01/09 01:33:11.871] 	recv: [4b: 31 72 02 03]
[01/01/09 01:33:11.885] send: [3b: 31 72 02]
[01/01/09 01:33:11.891] 	recv: [4b: 31 72 02 03]
[01/01/09 01:33:11.904] send: [3b: 31 72 02]
[01/01/09 01:33:11.909] 	recv: [4b: 31 72 02 03]
[01/01/09 01:33:11.923] send: [3b: 31 72 02]
[01/01/09 01:33:11.929] 	recv: [4b: 31 72 02 03]
[01/01/09 01:33:11.945] send: [3b: 31 72 02]
[01/01/09 01:33:11.951] 	recv: [4b: 31 72 02 03]
[01/01/09 01:33:11.963] send: [3b: 31 72 02]
[01/01/09 01:33:11.970] 	recv: [4b: 31 72 02 03]
[01/01/09 01:33:11.984] send: [3b: 31 72 02]
[01/01/09 01:33:11.991] 	recv: [4b: 31 72 02 03]
[01/01/09 01:33:12.005] send: [3b: 31 72 02]
[01/01/09 01:33:12.011] 	recv: [4b: 31 72 02 03]
[01/01/09 01:33:12.024] send: [3b: 31 72 02]
[01/01/09 01:33:12.031] 	recv: [4b: 31 72 02 03]
[01/01/09 01:33:12.045] send: [3b: 31 72 02]
[01/01/09 01:33:12.052] 	recv: [4b: 31 72 02 03]
[01/01/09 01:33:12.065] send: [3b: 31 72 02]
[01/01/09 01:33:12.071] 	recv: [4b: 31 72 02 03]
[01/01/09 01:33:12.084] send: [3b: 31 72 02]
[01/01/09 01:33:12.092] 	recv: [4b: 31 72 02 03]
[01/01/09 01:33:12.104] send: [3b: 31 72 02]
[01/01/09 01:33:12.111] 	recv: [4b: 31 72 02 03]
[01/01/09 01:33:12.124] send: [3b: 31 72 02]
[01/01/09 01:33:12.129] 	recv: [4b: 31 72 02 03]
[01/01/09 01:33:12.145] send: [3b: 31 72 02]
[01/01/09 01:33:12.151] 	recv: [4b: 31 72 02 03]
[01/01/09 01:33:12.165] send: [3b: 31 72 02]
[01/01/09 01:33:12.172] 	recv: [4b: 31 72 02 03]
[01/01/09 01:33:12.187] send: [3b: 31 72 02]
[01/01/09 01:33:12.192] 	recv: [4b: 31 72 02 03]
[01/01/09 01:33:12.206] send: [3b: 31 72 02]
[01/01/09 01:33:12.212] 	recv: [4b: 31 72 02 03]
[01/01/09 01:33:12.226] send: [3b: 31 72 02]
[01/01/09 01:33:12.232] 	recv: [4b: 31 72 02 03]
[01/01/09 01:33:12.246] send: [3b: 31 72 02]
[01/01/09 01:33:12.251] 	recv: [4b: 31 72 02 03]
[01/01/09 01:33:12.266] send: [3b: 31 72 02]
[01/01/09 01:33:12.274] 	recv: [4b: 31 72 02 03]
[01/01/09 01:33:12.286] send: [3b: 31 72 02]
[01/01/09 01:33:12.293] 	recv: [4b: 31 72 02 03]
[01/01/09 01:33:12.306] send: [3b: 31 72 02]
[01/01/09 01:33:12.312] 	recv: [4b: 31 72 02 03]
[01/01/09 01:33:12.324] send: [3b: 31 72 02]
[01/01/09 01:33:12.331] 	recv: [4b: 31 72 02 03]
[01/01/09 01:33:12.343] send: [3b: 31 72 02]
[01/01/09 01:33:12.349] 	recv: [4b: 31 72 02 03]
[01/01/09 01:33:12.364] send: [3b: 31 72 02]
[01/01/09 01:33:12.371] 	recv: [4b: 31 72 02 03]
[01/01/09 01:33:12.384] send: [3b: 31 72 02]
[01/01/09 01:33:12.389] 	recv: [4b: 31 72 02 03]
[01/01/09 01:33:12.405] send: [3b: 31 72 02]
[01/01/09 01:33:12.411] 	recv: [4b: 31 72 02 03]
[01/01/09 01:33:12.425] send: [3b: 31 72 02]
[01/01/09 01:33:12.431] 	recv: [4b: 31 72 02 03]
[01/01/09 01:33:12.443] send: [3b: 31 72 02]
[01/01/09 01:33:12.449] 	recv: [4b: 31 72 02 03]
[01/01/09 01:33:12.465] send: [3b: 31 72 02]
[01/01/09 01:33:12.472] 	recv: [4b: 31 72 02 03]
[01/01/09 01:33:12.485] send: [3b: 31 72 02]
[01/01/09 01:33:12.491] 	recv: [4b: 31 72 02 03]
[01/01/09 01:33:12.505] send: [3b: 31 72 02]
[01/01/09 01:33:12.511] 	recv: [4b: 31 72 02 03]
[01/01/09 01:33:12.525] send: [3b: 31 72 02]
[01/01/09 01:33:12.532] 	recv: [4b: 31 72 02 03]
[01/01/09 01:33:12.545] send: [3b: 31 72 02]
[01/01/09 01:33:12.551] 	recv: [4b: 31 72 02 03]
[01/01/09 01:33:12.563] send: [3b: 31 72 02]
[01/01/09 01:33:12.569] 	recv: [4b: 31 72 02 03]
[01/01/09 01:33:12.584] send: [3b: 31 72 02]
[01/01/09 01:33:12.591] 	recv: [4b: 31 72 02 03]
[01/01/09 01:33:12.604] send: [3b: 31 72 02]
[01/01/09 01:33:12.611] 	recv: [4b: 31 72 02 03]
[01/01/09 01:33:12.624] send: [3b: 31 72 02]
[01/01/09 01:33:12.631] 	recv: [4b: 31 72 02 03]
[01/01/09 01:33:12.643] send: [3b: 31 72 02]
[01/01/09 01:33:12.650] 	recv: [4b: 31 72 02 03]
[01/01/09 01:33:12.664] send: [3b: 31 72 02]
[01/01/09 01:33:12.670] 	recv: [4b: 31 72 02 03]
[01/01/09 01:33:12.684] send: [3b: 31 72 02]
[01/01/09 01:33:12.690] 	recv: [4b: 31 72 02 03]
[01/01/09 01:33:12.705] send: [3b: 31 72 02]
[01/01/09 01:33:12.711] 	recv: [4b: 31 72 02 03]
[01/01/09 01:33:12.724] send: [3b: 31 72 02]
[01/01/09 01:33:12.730] 	recv: [4b: 31 72 02 03]
[01/01/09 01:33:12.745] send: [3b: 31 72 02]
[01/01/09 01:33:12.751] 	recv: [4b: 31 72 02 03]
[01/01/09 01:33:12.764] send: [3b: 31 72 02]
[01/01/09 01:33:12.769] 	recv: [4b: 31 72 02 03]
[01/01/09 01:33:12.784] send: [3b: 31 72 02]
[01/01/09 01:33:12.791] 	recv: [4b: 31 72 02 03]
[01/01/09 01:33:12.805] send: [3b: 31 72 02]
[01/01/09 01:33:12.810] 	recv: [4b: 31 72 02 03]
[01/01/09 01:33:12.825] send: [3b: 31 72 02]
[01/01/09 01:33:12.831] 	recv: [4b: 31 72 02 03]
[01/01/09 01:33:12.844] send: [3b: 31 72 02]
[01/01/09 01:33:12.850] 	recv: [4b: 31 72 02 03]
[01/01/09 01:33:12.864] send: [3b: 31 72 02]
[01/01/09 01:33:12.870] 	recv: [4b: 31 72 02 03]
[01/01/09 01:33:12.884] send: [3b: 31 72 02]
[01/01/09 01:33:12.890] 	recv: [4b: 31 72 02 03]
[01/01/09 01:33:12.903] send: [3b: 31 72 02]
[01/01/09 01:33:12.909] 	recv: [4b: 31 72 02 03]
[01/01/09 01:33:12.923] send: [3b: 31 72 02]
[01/01/09 01:33:12.930] 	recv: [4b: 31 72 02 03]
[01/01/09 01:33:12.944] send: [3b: 31 72 02]
[01/01/09 01:33:12.950] 	recv: [4b: 31 72 02 03]
[01/01/09 01:33:12.964] send: [3b: 31 72 02]
[01/01/09 01:33:12.971] 	recv: [4b: 31 72 02 03]
[01/01/09 01:33:12.984] send: [3b: 31 72 02]
[01/01/09 01:33:12.989] 	recv: [4b: 31 72 02 03]
[01/01/09 01:33:13.004] send: [3b: 31 72 02]
[01/01/09 01:33:13.010] 	recv: [4b: 31 72 02 03]
[01/01/09 01:33:13.024] send: [3b: 31 72 02]
[01/01/09 01:33:13.029] 	recv: [4b: 31 72 02 03]
[01/01/09 01:33:13.044] send: [3b: 31 72 02]
[01/01/09 01:33:13.049] 	recv: [4b: 31 72 02 03]
[01/01/09 01:33:13.065] send: [3b: 31 72 02]
[01/01/09 01:33:13.072] 	recv: [4b: 31 72 02 03]
[01/01/09 01:33:13.083] send: [3b: 31 72 02]
[01/01/09 01:33:13.090] 	recv: [4b: 31 72 02 03]
[01/01/09 01:33:13.103] send: [3b: 31 72 02]
[01/01/09 01:33:13.110] 	recv: [4b: 31 72 02 03]
[01/01/09 01:33:13.123] send: [3b: 31 72 02]
[01/01/09 01:33:13.130] 	recv: [4b: 31 72 02 03]
[01/01/09 01:33:13.144] send: [3b: 31 72 02]
[01/01/09 01:33:13.149] 	recv: [4b: 31 72 02 03]
[01/01/09 01:33:13.165] send: [3b: 31 72 02]
[01/01/09 01:33:13.172] 	recv: [4b: 31 72 02 03]
[01/01/09 01:33:13.185] send: [3b: 31 72 02]
[01/01/09 01:33:13.191] 	recv: [4b: 31 72 02 03]
[01/01/09 01:33:13.204] send: [3b: 31 72 02]
[01/01/09 01:33:13.210] 	recv: [4b: 31 72 02 03]
[01/01/09 01:33:13.224] send: [3b: 31 72 02]
[01/01/09 01:33:13.230] 	recv: [4b: 31 72 02 03]
[01/01/09 01:33:13.243] send: [3b: 31 72 02]
[01/01/09 01:33:13.248] 	recv: [4b: 31 72 02 03]
[01/01/09 01:33:13.263] send: [3b: 31 72 02]
[01/01/09 01:33:13.269] 	recv: [4b: 31 72 02 03]
[01/01/09 01:33:13.283] send: [3b: 31 72 02]
[01/01/09 01:33:13.290] 	recv: [4b: 31 72 02 03]
[01/01/09 01:33:13.304] send: [3b: 31 72 02]
[01/01/09 01:33:13.310] 	recv: [4b: 31 72 02 03]
[01/01/09 01:33:13.324] send: [3b: 31 72 02]
[01/01/09 01:33:13.330] 	recv: [4b: 31 72 02 03]
[01/01/09 01:33:13.343] send: [3b: 31 72 02]
[01/01/09 01:33:13.350] 	recv: [4b: 31 72 02 03]
[01/01/09 01:33:13.364] send: [3b: 31 72 02]
[01/01/09 01:33:13.370] 	recv: [4b: 31 72 02 03]
[01/01/09 01:33:13.384] send: [3b: 31 72 02]
[01/01/09 01:33:13.390] 	recv: [4b: 31 72 02 03]
[01/01/09 01:33:13.405] send: [3b: 31 72 02]
[01/01/09 01:33:13.412] 	recv: [4b: 31 72 02 03]
[01/01/09 01:33:13.424] send: [3b: 31 72 02]
[01/01/09 01:33:13.431] 	recv: [4b: 31 72 02 03]
[01/01/09 01:33:13.446] send: [3b: 31 72 02]
[01/01/09 01:33:13.452] 	recv: [4b: 31 72 02 03]
[01/01/09 01:33:13.465] send: [3b: 31 72 02]
[01/01/09 01:33:13.472] 	recv: [4b: 31 72 02 03]
[01/01/09 01:33:13.486] send: [3b: 31 72 02]
[01/01/09 01:33:13.491] 	recv: [4b: 31 72 02 03]
[01/01/09 01:33:13.506] send: [3b: 31 72 02]
[01/01/09 01:33:13.512] 	recv: [4b: 31 72 02 03]
[01/01/09 01:33:13.523] send: [3b: 31 72 02]
[01/01/09 01:33:13.531] 	recv: [4b: 31 72 02 03]
[01/01/09 01:33:13.544] send: [3b: 31 72 02]
[01/01/09 01:33:13.551] 	recv: [4b: 31 72 02 03]
[01/01/09 01:33:13.564] send: [3b: 31 72 02]
[01/01/09 01:33:13.570] 	recv: [4b: 31 72 02 03]
[01/01/09 01:33:13.584] send: [3b: 31 72 02]
[01/01/09 01:33:13.591] 	recv: [4b: 31 72 02 03]
[01/01/09 01:33:13.604] send: [3b: 31 72 02]
[01/01/09 01:33:13.609] 	recv: [4b: 31 72 02 03]
[01/01/09 01:33:13.624] send: [3b: 31 72 02]
[01/01/09 01:33:13.630] 	recv: [4b: 31 72 02 03]
[01/01/09 01:33:13.644] send: [3b: 31 72 02]
[01/01/09 01:33:13.649] 	recv: [4b: 31 72 02 03]
[01/01/09 01:33:13.664] send: [3b: 31 72 02]
[01/01/09 01:33:13.671] 	recv: [4b: 31 72 02 03]
[01/01/09 01:33:13.684] send: [3b: 31 72 02]
[01/01/09 01:33:13.691] 	recv: [4b: 31 72 02 03]
[01/01/09 01:33:13.704] send: [3b: 31 72 02]
[01/01/09 01:33:13.710] 	recv: [4b: 31 72 02 03]
[01/01/09 01:33:13.725] send: [3b: 31 72 02]
[01/01/09 01:33:13.732] 	recv: [4b: 31 72 02 03]
[01/01/09 01:33:13.745] send: [3b: 31 72 02]
[01/01/09 01:33:13.751] 	recv: [4b: 31 72 02 03]
[01/01/09 01:33:13.764] send: [3b: 31 72 02]
[01/01/09 01:33:13.772] 	recv: [4b: 31 72 02 03]
[01/01/09 01:33:13.784] send: [3b: 31 72 02]
[01/01/09 01:33:13.791] 	recv: [4b: 31 72 02 03]
[01/01/09 01:33:13.804] send: [3b: 31 72 02]
[01/01/09 01:33:13.811] 	recv: [4b: 31 72 02 03]
[01/01/09 01:33:13.824] send: [3b: 31 72 02]
[01/01/09 01:33:13.831] 	recv: [4b: 31 72 02 03]
[01/01/09 01:33:13.843] send: [3b: 31 72 02]
[01/01/09 01:33:13.850] 	recv: [4b: 31 72 02 03]
[01/01/09 01:33:13.864] send: [3b: 31 72 02]
[01/01/09 01:33:13.870] 	recv: [4b: 31 72 02 03]
[01/01/09 01:33:13.883] send: [3b: 31 72 02]
[01/01/09 01:33:13.889] 	recv: [4b: 31 72 02 03]
[01/01/09 01:33:13.904] send: [3b: 31 72 02]
[01/01/09 01:33:13.911] 	recv: [4b: 31 72 02 03]
[01/01/09 01:33:13.924] send: [3b: 31 72 02]
[01/01/09 01:33:13.931] 	recv: [4b: 31 72 02 03]
[01/01/09 01:33:13.944] send: [3b: 31 72 02]
[01/01/09 01:33:13.950] 	recv: [4b: 31 72 02 03]
[01/01/09 01:33:13.964] send: [3b: 31 72 02]
[01/01/09 01:33:13.971] 	recv: [4b: 31 72 02 03]
[01/01/09 01:33:13.986] send: [3b: 31 72 02]
[01/01/09 01:33:13.991] 	recv: [4b: 31 72 02 03]
[01/01/09 01:33:14.007] send: [3b: 31 72 02]
[01/01/09 01:33:14.015] 	recv: [4b: 31 72 02 03]
[01/01/09 01:33:14.023] send: [3b: 31 72 02]
[01/01/09 01:33:14.031] 	recv: [4b: 31 72 02 03]
[01/01/09 01:33:14.048] send: [3b: 31 72 02]
[01/01/09 01:33:14.054] 	recv: [4b: 31 72 02 03]
[01/01/09 01:33:14.067] send: [3b: 31 72 02]
[01/01/09 01:33:14.074] 	recv: [4b: 31 72 02 03]
[01/01/09 01:33:14.087] send: [3b: 31 72 02]
[01/01/09 01:33:14.095] send: [3b: 31 72 02]
[01/01/09 01:33:14.095] 	recv: [4b: 31 72 02 03]
[01/01/09 01:33:14.101] 	recv: [4b: 31 72 02 03]
[01/01/09 01:33:14.117] send: [3b: 31 72 02]
[01/01/09 01:33:14.123] 	recv: [4b: 31 72 02 03]
[01/01/09 01:33:14.133] send: [3b: 31 72 02]
[01/01/09 01:33:14.139] 	recv: [4b: 31 72 02 03]
[01/01/09 01:33:14.157] send: [3b: 31 72 02]
[01/01/09 01:33:14.165] send: [3b: 31 72 02]
[01/01/09 01:33:14.165] 	recv: [4b: 31 72 02 03]
[01/01/09 01:33:14.171] 	recv: [4b: 31 72 02 03]
[01/01/09 01:33:14.185] send: [3b: 31 72 02]
[01/01/09 01:33:14.191] 	recv: [4b: 31 72 02 03]
[01/01/09 01:33:14.205] send: [3b: 31 72 02]
[01/01/09 01:33:14.211] 	recv: [4b: 31 72 02 03]
[01/01/09 01:33:14.225] send: [3b: 31 72 02]
[01/01/09 01:33:14.233] 	recv: [4b: 31 72 02 03]
[01/01/09 01:33:14.244] send: [3b: 31 72 02]
[01/01/09 01:33:14.252] 	recv: [4b: 31 72 02 03]
[01/01/09 01:33:14.264] send: [3b: 31 72 02]
[01/01/09 01:33:14.272] 	recv: [4b: 31 72 02 03]
[01/01/09 01:33:14.284] send: [3b: 31 72 02]
[01/01/09 01:33:14.291] 	recv: [4b: 31 72 02 03]
[01/01/09 01:33:14.304] send: [3b: 31 72 02]
[01/01/09 01:33:14.312] 	recv: [4b: 31 72 02 03]
[01/01/09 01:33:14.325] send: [3b: 31 72 02]
[01/01/09 01:33:14.331] 	recv: [4b: 31 72 02 03]
[01/01/09 01:33:14.345] send: [3b: 31 72 02]
[01/01/09 01:33:14.350] 	recv: [4b: 31 72 02 03]
[01/01/09 01:33:14.364] send: [3b: 31 72 02]
[01/01/09 01:33:14.370] 	recv: [4b: 31 72 02 03]
[01/01/09 01:33:14.385] send: [3b: 31 72 02]
[01/01/09 01:33:14.392] 	recv: [4b: 31 72 02 03]
[01/01/09 01:33:14.405] send: [3b: 31 72 02]
[01/01/09 01:33:14.412] 	recv: [4b: 31 72 02 03]
[01/01/09 01:33:14.425] send: [3b: 31 72 02]
[01/01/09 01:33:14.431] 	recv: [4b: 31 72 02 03]
[01/01/09 01:33:14.446] send: [3b: 31 72 02]
[01/01/09 01:33:14.452] 	recv: [4b: 31 72 02 03]
[01/01/09 01:33:14.463] send: [3b: 31 72 02]
[01/01/09 01:33:14.470] 	recv: [4b: 31 72 02 03]
[01/01/09 01:33:14.485] send: [3b: 31 72 02]
[01/01/09 01:33:14.492] 	recv: [4b: 31 72 02 03]
[01/01/09 01:33:14.504] send: [3b: 31 72 02]
[01/01/09 01:33:14.511] 	recv: [4b: 31 72 02 03]
[01/01/09 01:33:14.525] send: [3b: 31 72 02]
[01/01/09 01:33:14.531] 	recv: [4b: 31 72 02 03]
[01/01/09 01:33:14.545] send: [3b: 31 72 02]
[01/01/09 01:33:14.552] 	recv: [4b: 31 72 02 03]
[01/01/09 01:33:14.566] send: [3b: 31 72 02]
[01/01/09 01:33:14.571] 	recv: [4b: 31 72 02 03]
[01/01/09 01:33:14.583] send: [3b: 31 72 02]
[01/01/09 01:33:14.589] 	recv: [4b: 31 72 02 03]
[01/01/09 01:33:14.607] send: [3b: 31 72 02]
[01/01/09 01:33:14.614] 	recv: [4b: 31 72 02 03]
[01/01/09 01:33:14.627] send: [3b: 31 72 02]
[01/01/09 01:33:14.634] 	recv: [4b: 31 72 02 03]
[01/01/09 01:33:14.647] send: [3b: 31 72 02]
[01/01/09 01:33:14.653] 	recv: [4b: 31 72 02 03]
[01/01/09 01:33:14.667] send: [3b: 31 72 02]
[01/01/09 01:33:14.673] 	recv: [4b: 31 72 02 03]
[01/01/09 01:33:14.684] send: [3b: 31 72 02]
[01/01/09 01:33:14.691] 	recv: [4b: 31 72 02 03]
[01/01/09 01:33:14.705] send: [3b: 31 72 02]
[01/01/09 01:33:14.711] 	recv: [4b: 31 72 02 03]
[01/01/09 01:33:14.724] send: [3b: 31 72 02]
[01/01/09 01:33:14.730] 	recv: [4b: 31 72 02 03]
[01/01/09 01:33:14.744] send: [3b: 31 72 02]
[01/01/09 01:33:14.750] 	recv: [4b: 31 72 02 03]
[01/01/09 01:33:14.765] send: [3b: 31 72 02]
[01/01/09 01:33:14.771] 	recv: [4b: 31 72 02 03]
[01/01/09 01:33:14.783] send: [3b: 31 72 02]
[01/01/09 01:33:14.789] 	recv: [4b: 31 72 02 03]
[01/01/09 01:33:14.805] send: [3b: 31 72 02]
[01/01/09 01:33:14.811] 	recv: [4b: 31 72 02 03]
[01/01/09 01:33:14.824] send: [3b: 31 72 02]
[01/01/09 01:33:14.829] 	recv: [4b: 31 72 02 03]
[01/01/09 01:33:14.844] send: [3b: 31 72 02]
[01/01/09 01:33:14.849] 	recv: [4b: 31 72 02 03]
[01/01/09 01:33:14.864] send: [3b: 31 72 02]
[01/01/09 01:33:14.870] 	recv: [4b: 31 72 02 03]
[01/01/09 01:33:14.883] send: [3b: 31 72 02]
[01/01/09 01:33:14.890] 	recv: [4b: 31 72 02 03]
[01/01/09 01:33:14.903] send: [3b: 31 72 02]
[01/01/09 01:33:14.909] 	recv: [4b: 31 72 02 03]
[01/01/09 01:33:14.924] send: [3b: 31 72 02]
[01/01/09 01:33:14.930] 	recv: [4b: 31 72 02 03]
[01/01/09 01:33:14.943] send: [3b: 31 72 02]
[01/01/09 01:33:14.949] 	recv: [4b: 31 72 02 03]
[01/01/09 01:33:14.964] send: [3b: 31 72 02]
[01/01/09 01:33:14.969] 	recv: [4b: 31 72 02 03]
[01/01/09 01:33:14.984] send: [3b: 31 72 02]
[01/01/09 01:33:14.990] 	recv: [4b: 31 72 02 03]
[01/01/09 01:33:15.005] send: [3b: 31 72 02]
[01/01/09 01:33:15.011] 	recv: [4b: 31 72 02 03]
[01/01/09 01:33:15.024] send: [3b: 31 72 02]
[01/01/09 01:33:15.030] 	recv: [4b: 31 72 02 03]
[01/01/09 01:33:15.045] send: [3b: 31 72 02]
[01/01/09 01:33:15.050] 	recv: [4b: 31 72 02 03]
[01/01/09 01:33:15.064] send: [3b: 31 72 02]
[01/01/09 01:33:15.070] 	recv: [4b: 31 72 02 03]
[01/01/09 01:33:15.083] send: [3b: 31 72 02]
[01/01/09 01:33:15.089] 	recv: [4b: 31 72 02 03]
[01/01/09 01:33:15.096] send: [3b: 31 72 02]
[01/01/09 01:33:15.103] 	recv: [4b: 31 72 02 03]
[01/01/09 01:33:15.116] send: [3b: 31 72 02]
[01/01/09 01:33:15.123] 	recv: [4b: 31 72 02 03]
[01/01/09 01:33:15.135] send: [3b: 31 72 02]
[01/01/09 01:33:15.141] 	recv: [4b: 31 72 02 03]
[01/01/09 01:33:15.148] send: [3b: 31 72 02]
[01/01/09 01:33:15.153] 	recv: [4b: 31 72 02 03]
[01/01/09 01:33:15.165] send: [3b: 31 72 02]
[01/01/09 01:33:15.170] 	recv: [4b: 31 72 02 03]
[01/01/09 01:33:15.185] send: [3b: 31 72 02]
[01/01/09 01:33:15.190] 	recv: [4b: 31 72 02 03]
[01/01/09 01:33:15.204] send: [3b: 31 72 02]
[01/01/09 01:33:15.210] 	recv: [4b: 31 72 02 03]
[01/01/09 01:33:15.223] send: [3b: 31 72 02]
[01/01/09 01:33:15.229] 	recv: [4b: 31 72 02 03]
[01/01/09 01:33:15.245] send: [3b: 31 72 02]
[01/01/09 01:33:15.251] 	recv: [4b: 31 72 02 03]
[01/01/09 01:33:15.265] send: [3b: 31 72 02]
[01/01/09 01:33:15.272] 	recv: [4b: 31 72 02 03]
[01/01/09 01:33:15.283] send: [3b: 31 72 02]
[01/01/09 01:33:15.289] 	recv: [4b: 31 72 02 03]
[01/01/09 01:33:15.296] send: [3b: 31 72 02]
[01/01/09 01:33:15.302] 	recv: [4b: 31 72 02 03]
[01/01/09 01:33:15.316] send: [3b: 31 72 02]
[01/01/09 01:33:15.322] 	recv: [4b: 31 72 02 03]
[01/01/09 01:33:15.335] send: [3b: 31 72 02]
[01/01/09 01:33:15.341] 	recv: [4b: 31 72 02 03]
[01/01/09 01:33:15.354] send: [3b: 31 72 02]
[01/01/09 01:33:15.359] 	recv: [4b: 31 72 02 03]
[01/01/09 01:33:15.373] send: [3b: 31 72 02]
[01/01/09 01:33:15.379] 	recv: [4b: 31 72 02 03]
[01/01/09 01:33:15.394] send: [3b: 31 72 02]
[01/01/09 01:33:15.399] 	recv: [4b: 31 72 02 03]
[01/01/09 01:33:15.414] send: [3b: 31 72 02]
[01/01/09 01:33:15.419] 	recv: [4b: 31 72 02 03]
[01/01/09 01:33:15.435] send: [3b: 31 72 02]
[01/01/09 01:33:15.441] 	recv: [4b: 31 72 02 03]
[01/01/09 01:33:15.453] send: [3b: 31 72 02]
[01/01/09 01:33:15.459] 	recv: [4b: 31 72 02 03]
[01/01/09 01:33:15.473] send: [3b: 31 72 02]
[01/01/09 01:33:15.479] 	recv: [4b: 31 72 02 03]
[01/01/09 01:33:15.493] send: [3b: 31 72 02]
[01/01/09 01:33:15.498] 	recv: [4b: 31 72 02 03]
[01/01/09 01:33:15.514] send: [3b: 31 72 02]
[01/01/09 01:33:15.520] 	recv: [4b: 31 72 02 03]
[01/01/09 01:33:15.534] send: [3b: 31 72 02]
[01/01/09 01:33:15.540] 	recv: [4b: 31 72 02 03]
[01/01/09 01:33:15.553] send: [3b: 31 72 02]
[01/01/09 01:33:15.559] 	recv: [4b: 31 72 02 03]
[01/01/09 01:33:15.574] send: [3b: 31 72 02]
[01/01/09 01:33:15.579] 	recv: [4b: 31 72 02 03]
[01/01/09 01:33:15.596] send: [3b: 31 72 02]
[01/01/09 01:33:15.601] 	recv: [4b: 31 72 02 03]
[01/01/09 01:33:15.613] send: [3b: 31 72 02]
[01/01/09 01:33:15.620] 	recv: [4b: 31 72 02 03]
[01/01/09 01:33:15.634] send: [3b: 31 72 02]
[01/01/09 01:33:15.640] 	recv: [4b: 31 72 02 03]
[01/01/09 01:33:15.655] send: [3b: 31 72 02]
[01/01/09 01:33:15.661] 	recv: [4b: 31 72 02 03]
[01/01/09 01:33:15.674] send: [3b: 31 72 02]
[01/01/09 01:33:15.679] 	recv: [4b: 31 72 02 03]
[01/01/09 01:33:15.695] send: [3b: 31 72 02]
[01/01/09 01:33:15.701] 	recv: [4b: 31 72 02 03]
[01/01/09 01:33:15.713] send: [3b: 31 72 02]
[01/01/09 01:33:15.720] 	recv: [4b: 31 72 02 03]
[01/01/09 01:33:15.734] send: [3b: 31 72 02]
[01/01/09 01:33:15.740] 	recv: [4b: 31 72 02 03]
[01/01/09 01:33:15.754] send: [3b: 31 72 02]
[01/01/09 01:33:15.761] 	recv: [4b: 31 72 02 03]
[01/01/09 01:33:15.775] send: [3b: 31 72 02]
[01/01/09 01:33:15.781] 	recv: [4b: 31 72 02 03]
[01/01/09 01:33:15.795] send: [3b: 31 72 02]
[01/01/09 01:33:15.799] 	recv: [4b: 31 72 02 03]
[01/01/09 01:33:15.816] send: [3b: 31 72 02]
[01/01/09 01:33:15.821] 	recv: [4b: 31 72 02 03]
[01/01/09 01:33:15.833] send: [3b: 31 72 02]
[01/01/09 01:33:15.838] 	recv: [4b: 31 72 02 03]
[01/01/09 01:33:15.854] send: [3b: 31 72 02]
[01/01/09 01:33:15.860] 	recv: [4b: 31 72 02 03]
[01/01/09 01:33:15.874] send: [3b: 31 72 02]
[01/01/09 01:33:15.879] 	recv: [4b: 31 72 02 03]
[01/01/09 01:33:15.894] send: [3b: 31 72 02]
[01/01/09 01:33:15.899] 	recv: [4b: 31 72 02 03]
[01/01/09 01:33:15.914] send: [3b: 31 72 02]
[01/01/09 01:33:15.920] 	recv: [4b: 31 72 02 03]
[01/01/09 01:33:15.934] send: [3b: 31 72 02]
[01/01/09 01:33:15.939] 	recv: [4b: 31 72 02 03]
[01/01/09 01:33:15.955] send: [3b: 31 72 02]
[01/01/09 01:33:15.961] 	recv: [4b: 31 72 02 03]
[01/01/09 01:33:15.974] send: [3b: 31 72 02]
[01/01/09 01:33:15.980] 	recv: [4b: 31 72 02 03]
[01/01/09 01:33:15.993] send: [3b: 31 72 02]
[01/01/09 01:33:15.999] 	recv: [4b: 31 72 02 03]
[01/01/09 01:33:16.014] send: [3b: 31 72 02]
[01/01/09 01:33:16.019] 	recv: [4b: 31 72 02 03]
[01/01/09 01:33:16.034] send: [3b: 31 72 02]
[01/01/09 01:33:16.039] 	recv: [4b: 31 72 02 03]
[01/01/09 01:33:16.054] send: [3b: 31 72 02]
[01/01/09 01:33:16.060] 	recv: [4b: 31 72 02 03]
[01/01/09 01:33:16.074] send: [3b: 31 72 02]
[01/01/09 01:33:16.079] 	recv: [4b: 31 72 02 03]
[01/01/09 01:33:16.093] send: [3b: 31 72 02]
[01/01/09 01:33:16.099] 	recv: [4b: 31 72 02 03]
[01/01/09 01:33:16.113] send: [3b: 31 72 02]
[01/01/09 01:33:16.118] 	recv: [4b: 31 72 02 03]
[01/01/09 01:33:16.133] send: [3b: 31 72 02]
[01/01/09 01:33:16.139] 	recv: [4b: 31 72 02 03]
[01/01/09 01:33:16.154] send: [3b: 31 72 02]
[01/01/09 01:33:16.159] 	recv: [4b: 31 72 02 03]
[01/01/09 01:33:16.174] send: [3b: 31 72 02]
[01/01/09 01:33:16.180] 	recv: [4b: 31 72 02 03]
[01/01/09 01:33:16.193] send: [3b: 31 72 02]
[01/01/09 01:33:16.198] 	recv: [4b: 31 72 02 03]
[01/01/09 01:33:16.213] send: [3b: 31 72 02]
[01/01/09 01:33:16.218] 	recv: [4b: 31 72 02 03]
[01/01/09 01:33:16.233] send: [3b: 31 72 02]
[01/01/09 01:33:16.239] 	recv: [4b: 31 72 02 03]
[01/01/09 01:33:16.254] send: [3b: 31 72 02]
[01/01/09 01:33:16.259] 	recv: [4b: 31 72 02 03]
[01/01/09 01:33:16.274] send: [3b: 31 72 02]
[01/01/09 01:33:16.280] 	recv: [4b: 31 72 02 03]
[01/01/09 01:33:16.288] send: [3b: 31 72 02]
[01/01/09 01:33:16.292] 	recv: [4b: 31 72 02 03]
[01/01/09 01:33:16.303] send: [3b: 31 72 02]
[01/01/09 01:33:16.310] 	recv: [4b: 31 72 02 03]
[01/01/09 01:33:16.324] send: [3b: 31 72 02]
[01/01/09 01:33:16.330] 	recv: [4b: 31 72 02 03]
[01/01/09 01:33:16.345] send: [3b: 31 72 02]
[01/01/09 01:33:16.350] 	recv: [4b: 31 72 02 03]
[01/01/09 01:33:16.364] send: [3b: 31 72 02]
[01/01/09 01:33:16.372] 	recv: [4b: 31 72 02 03]
[01/01/09 01:33:16.385] send: [3b: 31 72 02]
[01/01/09 01:33:16.393] 	recv: [4b: 31 72 02 03]
[01/01/09 01:33:16.406] send: [3b: 31 72 02]
[01/01/09 01:33:16.411] 	recv: [4b: 31 72 02 03]
[01/01/09 01:33:16.418] send: [3b: 31 72 02]
[01/01/09 01:33:16.422] 	recv: [4b: 31 72 02 03]
[01/01/09 01:33:16.434] send: [3b: 31 72 02]
[01/01/09 01:33:16.440] 	recv: [4b: 31 72 02 03]
[01/01/09 01:33:16.453] send: [3b: 31 72 02]
[01/01/09 01:33:16.458] 	recv: [4b: 31 72 02 03]
[01/01/09 01:33:16.465] send: [3b: 31 72 02]
[01/01/09 01:33:16.473] 	recv: [4b: 31 72 02 03]
[01/01/09 01:33:16.485] send: [3b: 31 72 02]
[01/01/09 01:33:16.491] 	recv: [4b: 31 72 02 03]
[01/01/09 01:33:16.505] send: [3b: 31 72 02]
[01/01/09 01:33:16.511] 	recv: [4b: 31 72 02 03]
[01/01/09 01:33:16.523] send: [3b: 31 72 02]
[01/01/09 01:33:16.529] 	recv: [4b: 31 72 02 03]
[01/01/09 01:33:16.544] send: [3b: 31 72 02]
[01/01/09 01:33:16.551] 	recv: [4b: 31 72 02 03]
[01/01/09 01:33:16.564] send: [3b: 31 72 02]
[01/01/09 01:33:16.570] 	recv: [4b: 31 72 02 03]
[01/01/09 01:33:16.584] send: [3b: 31 72 02]
[01/01/09 01:33:16.590] 	recv: [4b: 31 72 02 03]
[01/01/09 01:33:16.604] send: [3b: 31 72 02]
[01/01/09 01:33:16.612] 	recv: [4b: 31 72 02 03]
[01/01/09 01:33:16.624] send: [3b: 31 72 02]
[01/01/09 01:33:16.631] 	recv: [4b: 31 72 02 03]
[01/01/09 01:33:16.644] send: [3b: 31 72 02]
[01/01/09 01:33:16.650] 	recv: [4b: 31 72 02 03]
[01/01/09 01:33:16.664] send: [3b: 31 72 02]
[01/01/09 01:33:16.671] 	recv: [4b: 31 72 02 03]
[01/01/09 01:33:16.685] send: [3b: 31 72 02]
[01/01/09 01:33:16.691] 	recv: [4b: 31 72 02 03]
[01/01/09 01:33:16.705] send: [3b: 31 72 02]
[01/01/09 01:33:16.712] 	recv: [4b: 31 72 02 03]
[01/01/09 01:33:16.723] send: [3b: 31 72 02]
[01/01/09 01:33:16.730] 	recv: [4b: 31 72 02 03]
[01/01/09 01:33:16.746] send: [3b: 31 72 02]
[01/01/09 01:33:16.752] 	recv: [4b: 31 72 02 03]
[01/01/09 01:33:16.764] send: [3b: 31 72 02]
[01/01/09 01:33:16.770] 	recv: [4b: 31 72 02 03]
[01/01/09 01:33:16.784] send: [3b: 31 72 02]
[01/01/09 01:33:16.790] 	recv: [4b: 31 72 02 03]
[01/01/09 01:33:16.805] send: [3b: 31 72 02]
[01/01/09 01:33:16.811] 	recv: [4b: 31 72 02 03]
[01/01/09 01:33:16.823] send: [3b: 31 72 02]
[01/01/09 01:33:16.829] 	recv: [4b: 31 72 02 03]
[01/01/09 01:33:16.845] send: [3b: 31 72 02]
[01/01/09 01:33:16.851] 	recv: [4b: 31 72 02 03]
[01/01/09 01:33:16.865] send: [3b: 31 72 02]
[01/01/09 01:33:16.871] 	recv: [4b: 31 72 02 03]
[01/01/09 01:33:16.885] send: [3b: 31 72 02]
[01/01/09 01:33:16.890] 	recv: [4b: 31 72 02 03]
[01/01/09 01:33:16.905] send: [3b: 31 72 02]
[01/01/09 01:33:16.911] 	recv: [4b: 31 72 02 03]
[01/01/09 01:33:16.926] send: [3b: 31 72 02]
[01/01/09 01:33:16.931] 	recv: [4b: 31 72 02 03]
[01/01/09 01:33:16.944] send: [3b: 31 72 02]
[01/01/09 01:33:16.949] 	recv: [4b: 31 72 02 03]
[01/01/09 01:33:16.964] send: [3b: 31 72 02]
[01/01/09 01:33:16.969] 	recv: [4b: 31 72 02 03]
[01/01/09 01:33:16.983] send: [3b: 31 72 02]
[01/01/09 01:33:16.989] 	recv: [4b: 31 72 02 03]
[01/01/09 01:33:17.003] send: [3b: 31 72 02]
[01/01/09 01:33:17.008] 	recv: [4b: 31 72 02 03]
[01/01/09 01:33:17.025] send: [3b: 31 72 02]
[01/01/09 01:33:17.030] 	recv: [4b: 31 72 02 03]
[01/01/09 01:33:17.043] send: [3b: 31 72 02]
[01/01/09 01:33:17.048] 	recv: [4b: 31 72 02 03]
[01/01/09 01:33:17.056] send: [3b: 31 72 02]
[01/01/09 01:33:17.062] 	recv: [4b: 31 72 02 03]
[01/01/09 01:33:17.074] send: [3b: 31 72 02]
[01/01/09 01:33:17.080] 	recv: [4b: 31 72 02 03]
[01/01/09 01:33:17.096] send: [3b: 31 72 02]
[01/01/09 01:33:17.102] 	recv: [4b: 31 72 02 03]
[01/01/09 01:33:17.115] send: [3b: 31 72 02]
[01/01/09 01:33:17.122] 	recv: [4b: 31 72 02 03]
[01/01/09 01:33:17.135] send: [3b: 31 72 02]
[01/01/09 01:33:17.142] 	recv: [4b: 31 72 02 03]
[01/01/09 01:33:17.156] send: [3b: 31 72 02]
[01/01/09 01:33:17.163] 	recv: [4b: 31 72 02 03]
[01/01/09 01:33:17.176] send: [3b: 31 72 02]
[01/01/09 01:33:17.183] 	recv: [4b: 31 72 02 03]
[01/01/09 01:33:17.197] send: [3b: 31 72 02]
[01/01/09 01:33:17.205] send: [3b: 31 72 02]
[01/01/09 01:33:17.205] 	recv: [4b: 31 72 02 03]
[01/01/09 01:33:17.212] 	recv: [4b: 31 72 02 03]
[01/01/09 01:33:17.225] send: [3b: 31 72 02]
[01/01/09 01:33:17.230] 	recv: [4b: 31 72 02 03]
[01/01/09 01:33:17.244] send: [3b: 31 72 02]
[01/01/09 01:33:17.250] 	recv: [4b: 31 72 02 03]
[01/01/09 01:33:17.264] send: [3b: 31 72 02]
[01/01/09 01:33:17.270] 	recv: [4b: 31 72 02 03]
[01/01/09 01:33:17.283] send: [3b: 31 72 02]
[01/01/09 01:33:17.290] 	recv: [4b: 31 72 02 03]
[01/01/09 01:33:17.304] send: [3b: 31 72 02]
[01/01/09 01:33:17.310] 	recv: [4b: 31 72 02 03]
[01/01/09 01:33:17.325] send: [3b: 31 72 02]
[01/01/09 01:33:17.331] 	recv: [4b: 31 72 02 03]
[01/01/09 01:33:17.344] send: [3b: 31 72 02]
[01/01/09 01:33:17.350] 	recv: [4b: 31 72 02 03]
[01/01/09 01:33:17.364] send: [3b: 31 72 02]
[01/01/09 01:33:17.370] 	recv: [4b: 31 72 02 03]
[01/01/09 01:33:17.384] send: [3b: 31 72 02]
[01/01/09 01:33:17.390] 	recv: [4b: 31 72 02 03]
[01/01/09 01:33:17.404] send: [3b: 31 72 02]
[01/01/09 01:33:17.409] 	recv: [4b: 31 72 02 03]
[01/01/09 01:33:17.424] send: [3b: 31 72 02]
[01/01/09 01:33:17.431] 	recv: [4b: 31 72 02 03]
[01/01/09 01:33:17.445] send: [3b: 31 72 02]
[01/01/09 01:33:17.452] 	recv: [4b: 31 72 02 03]
[01/01/09 01:33:17.465] send: [3b: 31 72 02]
[01/01/09 01:33:17.471] 	recv: [4b: 31 72 02 03]
[01/01/09 01:33:17.484] send: [3b: 31 72 02]
[01/01/09 01:33:17.489] 	recv: [4b: 31 72 02 03]
[01/01/09 01:33:17.506] send: [3b: 31 72 02]
[01/01/09 01:33:17.513] 	recv: [4b: 31 72 02 03]
[01/01/09 01:33:17.526] send: [3b: 31 72 02]
[01/01/09 01:33:17.533] 	recv: [4b: 31 72 02 03]
[01/01/09 01:33:17.546] send: [3b: 31 72 02]
[01/01/09 01:33:17.553] 	recv: [4b: 31 72 02 03]
[01/01/09 01:33:17.566] send: [3b: 31 72 02]
[01/01/09 01:33:17.573] 	recv: [4b: 31 72 02 03]
[01/01/09 01:33:17.583] send: [3b: 31 72 02]
[01/01/09 01:33:17.589] 	recv: [4b: 31 72 02 03]
[01/01/09 01:33:17.603] send: [3b: 31 72 02]
[01/01/09 01:33:17.609] 	recv: [4b: 31 72 02 03]
[01/01/09 01:33:17.624] send: [3b: 31 72 02]
[01/01/09 01:33:17.629] 	recv: [4b: 31 72 02 03]
[01/01/09 01:33:17.644] send: [3b: 31 72 02]
[01/01/09 01:33:17.651] 	recv: [4b: 31 72 02 03]
[01/01/09 01:33:17.673] send: [3b: 31 72 02]
[01/01/09 01:33:17.679] 	recv: [4b: 31 72 02 03]
[01/01/09 01:33:17.694] send: [3b: 31 72 02]
[01/01/09 01:33:17.699] 	recv: [4b: 31 72 02 03]
[01/01/09 01:33:17.713] send: [3b: 31 72 02]
[01/01/09 01:33:17.719] 	recv: [4b: 31 72 02 03]
[01/01/09 01:33:17.733] send: [3b: 31 72 02]
[01/01/09 01:33:17.739] 	recv: [4b: 31 72 02 03]
[01/01/09 01:33:17.754] send: [3b: 31 72 02]
[01/01/09 01:33:17.761] 	recv: [4b: 31 72 02 03]
[01/01/09 01:33:17.775] send: [3b: 31 72 02]
[01/01/09 01:33:17.781] 	recv: [4b: 31 72 02 03]
[01/01/09 01:33:17.795] send: [3b: 31 72 02]
[01/01/09 01:33:17.800] 	recv: [4b: 31 72 02 03]
[01/01/09 01:33:17.814] send: [3b: 31 72 02]
[01/01/09 01:33:17.819] 	recv: [4b: 31 72 02 03]
[01/01/09 01:33:17.834] send: [3b: 31 72 02]
[01/01/09 01:33:17.839] 	recv: [4b: 31 72 02 03]
[01/01/09 01:33:17.854] send: [3b: 31 72 02]
[01/01/09 01:33:17.859] 	recv: [4b: 31 72 02 03]
[01/01/09 01:33:17.876] send: [3b: 31 72 02]
[01/01/09 01:33:17.882] 	recv: [4b: 31 72 02 03]
[01/01/09 01:33:17.894] send: [3b: 31 72 02]
[01/01/09 01:33:17.900] 	recv: [4b: 31 72 02 03]
[01/01/09 01:33:17.913] send: [3b: 31 72 02]
[01/01/09 01:33:17.919] 	recv: [4b: 31 72 02 03]
[01/01/09 01:33:17.933] send: [3b: 31 72 02]
[01/01/09 01:33:17.939] 	recv: [4b: 31 72 02 03]
[01/01/09 01:33:17.955] send: [3b: 31 72 02]
[01/01/09 01:33:17.961] 	recv: [4b: 31 72 02 03]
[01/01/09 01:33:17.976] send: [3b: 31 72 02]
[01/01/09 01:33:17.981] 	recv: [4b: 31 72 02 03]
[01/01/09 01:33:17.993] send: [3b: 31 72 02]
[01/01/09 01:33:17.999] 	recv: [4b: 31 72 02 03]
[01/01/09 01:33:18.015] send: [3b: 31 72 02]
[01/01/09 01:33:18.020] 	recv: [4b: 31 72 02 03]
[01/01/09 01:33:18.035] send: [3b: 31 72 02]
[01/01/09 01:33:18.040] 	recv: [4b: 31 72 02 03]
[01/01/09 01:33:18.054] send: [3b: 31 72 02]
[01/01/09 01:33:18.060] 	recv: [4b: 31 72 02 03]
[01/01/09 01:33:18.074] send: [3b: 31 72 02]
[01/01/09 01:33:18.079] 	recv: [4b: 31 72 02 03]
[01/01/09 01:33:18.094] send: [3b: 31 72 02]
[01/01/09 01:33:18.100] 	recv: [4b: 31 72 02 03]
[01/01/09 01:33:18.114] send: [3b: 31 72 02]
[01/01/09 01:33:18.121] 	recv: [4b: 31 72 02 03]
[01/01/09 01:33:18.134] send: [3b: 31 72 02]
[01/01/09 01:33:18.140] 	recv: [4b: 31 72 02 03]
[01/01/09 01:33:18.154] send: [3b: 31 72 02]
[01/01/09 01:33:18.160] 	recv: [4b: 31 72 02 03]
[01/01/09 01:33:18.175] send: [3b: 31 72 02]
[01/01/09 01:33:18.182] 	recv: [4b: 31 72 02 03]
[01/01/09 01:33:18.194] send: [3b: 31 72 02]
[01/01/09 01:33:18.199] 	recv: [4b: 31 72 02 03]
[01/01/09 01:33:18.214] send: [3b: 31 72 02]
[01/01/09 01:33:18.220] 	recv: [4b: 31 72 02 03]
[01/01/09 01:33:18.234] send: [3b: 31 72 02]
[01/01/09 01:33:18.240] 	recv: [4b: 31 72 02 03]
[01/01/09 01:33:18.255] send: [3b: 31 72 02]
[01/01/09 01:33:18.261] 	recv: [4b: 31 72 02 03]
[01/01/09 01:33:18.275] send: [3b: 31 72 02]
[01/01/09 01:33:18.282] 	recv: [4b: 31 72 02 03]
[01/01/09 01:33:18.294] send: [3b: 31 72 02]
[01/01/09 01:33:18.300] 	recv: [4b: 31 72 02 03]
[01/01/09 01:33:18.314] send: [3b: 31 72 02]
[01/01/09 01:33:18.320] 	recv: [4b: 31 72 02 03]
[01/01/09 01:33:18.334] send: [3b: 31 72 02]
[01/01/09 01:33:18.339] 	recv: [4b: 31 72 02 03]
[01/01/09 01:33:18.354] send: [3b: 31 72 02]
[01/01/09 01:33:18.360] 	recv: [4b: 31 72 02 03]
[01/01/09 01:33:18.374] send: [3b: 31 72 02]
[01/01/09 01:33:18.379] 	recv: [4b: 31 72 02 03]
[01/01/09 01:33:18.394] send: [3b: 31 72 02]
[01/01/09 01:33:18.399] 	recv: [4b: 31 72 02 03]
[01/01/09 01:33:18.415] send: [3b: 31 72 02]
[01/01/09 01:33:18.421] 	recv: [4b: 31 72 02 03]
[01/01/09 01:33:18.433] send: [3b: 31 72 02]
[01/01/09 01:33:18.439] 	recv: [4b: 31 72 02 03]
[01/01/09 01:33:18.454] send: [3b: 31 72 02]
[01/01/09 01:33:18.459] 	recv: [4b: 31 72 02 03]
[01/01/09 01:33:18.474] send: [3b: 31 72 02]
[01/01/09 01:33:18.481] 	recv: [4b: 31 72 02 03]
[01/01/09 01:33:18.495] send: [3b: 31 72 02]
[01/01/09 01:33:18.500] 	recv: [4b: 31 72 02 03]
[01/01/09 01:33:18.514] send: [3b: 31 72 02]
[01/01/09 01:33:18.520] 	recv: [4b: 31 72 02 03]
[01/01/09 01:33:18.535] send: [3b: 31 72 02]
[01/01/09 01:33:18.542] 	recv: [4b: 31 72 02 03]
[01/01/09 01:33:18.556] send: [3b: 31 72 02]
[01/01/09 01:33:18.563] 	recv: [4b: 31 72 02 03]
[01/01/09 01:33:18.574] send: [3b: 31 72 02]
[01/01/09 01:33:18.580] 	recv: [4b: 31 72 02 03]
[01/01/09 01:33:18.595] send: [3b: 31 72 02]
[01/01/09 01:33:18.601] 	recv: [4b: 31 72 02 03]
[01/01/09 01:33:18.613] send: [3b: 31 72 02]
[01/01/09 01:33:18.620] 	recv: [4b: 31 72 02 03]
[01/01/09 01:33:18.637] send: [3b: 31 72 02]
[01/01/09 01:33:18.643] 	recv: [4b: 31 72 02 03]
[01/01/09 01:33:18.663] send: [3b: 31 72 02]
[01/01/09 01:33:18.669] 	recv: [4b: 31 72 02 03]
[01/01/09 01:33:18.684] send: [3b: 31 72 02]
[01/01/09 01:33:18.690] 	recv: [4b: 31 72 02 03]
[01/01/09 01:33:18.703] send: [3b: 31 72 02]
[01/01/09 01:33:18.709] 	recv: [4b: 31 72 02 03]
[01/01/09 01:33:18.725] send: [3b: 31 72 02]
[01/01/09 01:33:18.731] 	recv: [4b: 31 72 02 03]
[01/01/09 01:33:18.744] send: [3b: 31 72 02]
[01/01/09 01:33:18.749] 	recv: [4b: 31 72 02 03]
[01/01/09 01:33:18.763] send: [3b: 31 72 02]
[01/01/09 01:33:18.769] 	recv: [4b: 31 72 02 03]
[01/01/09 01:33:18.776] send: [3b: 31 72 02]
[01/01/09 01:33:18.783] 	recv: [4b: 31 72 02 03]
[01/01/09 01:33:18.804] send: [3b: 31 72 02]
[01/01/09 01:33:18.809] 	recv: [4b: 31 72 02 03]
[01/01/09 01:33:18.826] send: [3b: 31 72 02]
[01/01/09 01:33:18.831] 	recv: [4b: 31 72 02 03]
[01/01/09 01:33:18.844] send: [3b: 31 72 02]
[01/01/09 01:33:18.849] 	recv: [4b: 31 72 02 03]
[01/01/09 01:33:18.864] send: [3b: 31 72 02]
[01/01/09 01:33:18.871] 	recv: [4b: 31 72 02 03]
[01/01/09 01:33:18.884] send: [3b: 31 72 02]
[01/01/09 01:33:18.890] 	recv: [4b: 31 72 02 03]
[01/01/09 01:33:18.903] send: [3b: 31 72 02]
[01/01/09 01:33:18.909] 	recv: [4b: 31 72 02 03]
[01/01/09 01:33:18.923] send: [3b: 31 72 02]
[01/01/09 01:33:18.929] 	recv: [4b: 31 72 02 03]
[01/01/09 01:33:18.936] send: [3b: 31 72 02]
[01/01/09 01:33:18.941] 	recv: [4b: 31 72 02 03]
[01/01/09 01:33:18.955] send: [3b: 31 72 02]
[01/01/09 01:33:18.961] 	recv: [4b: 31 72 02 03]
[01/01/09 01:33:18.973] send: [3b: 31 72 02]
[01/01/09 01:33:18.980] 	recv: [4b: 31 72 02 03]
[01/01/09 01:33:18.994] send: [3b: 31 72 02]
[01/01/09 01:33:19.000] 	recv: [4b: 31 72 02 03]
[01/01/09 01:33:19.014] send: [3b: 31 72 02]
[01/01/09 01:33:19.021] 	recv: [4b: 31 72 02 03]
[01/01/09 01:33:19.034] send: [3b: 31 72 02]
[01/01/09 01:33:19.040] 	recv: [4b: 31 72 02 03]
[01/01/09 01:33:19.054] send: [3b: 31 72 02]
[01/01/09 01:33:19.059] 	recv: [4b: 31 72 02 03]
[01/01/09 01:33:19.074] send: [3b: 31 72 02]
[01/01/09 01:33:19.080] 	recv: [4b: 31 72 02 03]
[01/01/09 01:33:19.094] send: [3b: 31 72 02]
[01/01/09 01:33:19.099] 	recv: [4b: 31 72 02 03]
[01/01/09 01:33:19.114] send: [3b: 31 72 02]
[01/01/09 01:33:19.119] 	recv: [4b: 31 72 02 03]
[01/01/09 01:33:19.134] send: [3b: 31 72 02]
[01/01/09 01:33:19.139] 	recv: [4b: 31 72 02 03]
[01/01/09 01:33:19.154] send: [3b: 31 72 02]
[01/01/09 01:33:19.161] 	recv: [4b: 31 72 02 03]
[01/01/09 01:33:19.174] send: [3b: 31 72 02]
[01/01/09 01:33:19.179] 	recv: [4b: 31 72 02 03]
[01/01/09 01:33:19.195] send: [3b: 31 72 02]
[01/01/09 01:33:19.201] 	recv: [4b: 31 72 02 03]
[01/01/09 01:33:19.214] send: [3b: 31 72 02]
[01/01/09 01:33:19.220] 	recv: [4b: 31 72 02 03]
[01/01/09 01:33:19.234] send: [3b: 31 72 02]
[01/01/09 01:33:19.241] 	recv: [4b: 31 72 02 03]
[01/01/09 01:33:19.254] send: [3b: 31 72 02]
[01/01/09 01:33:19.259] 	recv: [4b: 31 72 02 03]
[01/01/09 01:33:19.274] send: [3b: 31 72 02]
[01/01/09 01:33:19.280] 	recv: [4b: 31 72 02 03]
[01/01/09 01:33:19.294] send: [3b: 31 72 02]
[01/01/09 01:33:19.300] 	recv: [4b: 31 72 02 03]
[01/01/09 01:33:19.314] send: [3b: 31 72 02]
[01/01/09 01:33:19.320] 	recv: [4b: 31 72 02 03]
[01/01/09 01:33:19.334] send: [3b: 31 72 02]
[01/01/09 01:33:19.341] 	recv: [4b: 31 72 02 03]
[01/01/09 01:33:19.354] send: [3b: 31 72 02]
[01/01/09 01:33:19.359] 	recv: [4b: 31 72 02 03]
[01/01/09 01:33:19.374] send: [3b: 31 72 02]
[01/01/09 01:33:19.380] 	recv: [4b: 31 72 02 03]
[01/01/09 01:33:19.396] send: [3b: 31 72 02]
[01/01/09 01:33:19.402] 	recv: [4b: 31 72 02 03]
[01/01/09 01:33:19.414] send: [3b: 31 72 02]
[01/01/09 01:33:19.420] 	recv: [4b: 31 72 02 03]
[01/01/09 01:33:19.435] send: [3b: 31 72 02]
[01/01/09 01:33:19.441] 	recv: [4b: 31 72 02 03]
[01/01/09 01:33:19.454] send: [3b: 31 72 02]
[01/01/09 01:33:19.460] 	recv: [4b: 31 72 02 03]
[01/01/09 01:33:19.474] send: [3b: 31 72 02]
[01/01/09 01:33:19.481] 	recv: [4b: 31 72 02 03]
[01/01/09 01:33:19.494] send: [3b: 31 72 02]
[01/01/09 01:33:19.500] 	recv: [4b: 31 72 02 03]
[01/01/09 01:33:19.514] send: [3b: 31 72 02]
[01/01/09 01:33:19.520] 	recv: [4b: 31 72 02 03]
[01/01/09 01:33:19.535] send: [3b: 31 72 02]
[01/01/09 01:33:19.541] 	recv: [4b: 31 72 02 03]
[01/01/09 01:33:19.554] send: [3b: 31 72 02]
[01/01/09 01:33:19.559] 	recv: [4b: 31 72 02 03]
[01/01/09 01:33:19.574] send: [3b: 31 72 02]
[01/01/09 01:33:19.579] 	recv: [4b: 31 72 02 03]
[01/01/09 01:33:19.593] send: [3b: 31 72 02]
[01/01/09 01:33:19.599] 	recv: [4b: 31 72 02 03]
[01/01/09 01:33:19.614] send: [3b: 31 72 02]
[01/01/09 01:33:19.619] 	recv: [4b: 31 72 02 03]
[01/01/09 01:33:19.634] send: [3b: 31 72 02]
[01/01/09 01:33:19.639] 	recv: [4b: 31 72 02 03]
[01/01/09 01:33:19.654] send: [3b: 31 72 02]
[01/01/09 01:33:19.659] 	recv: [4b: 31 72 02 03]
[01/01/09 01:33:19.677] send: [3b: 31 72 02]
[01/01/09 01:33:19.682] 	recv: [4b: 31 72 02 03]
[01/01/09 01:33:19.695] send: [3b: 31 72 02]
[01/01/09 01:33:19.702] 	recv: [4b: 31 72 02 03]
[01/01/09 01:33:19.714] send: [3b: 31 72 02]
[01/01/09 01:33:19.720] 	recv: [4b: 31 72 02 03]
[01/01/09 01:33:19.733] send: [3b: 31 72 02]
[01/01/09 01:33:19.739] 	recv: [4b: 31 72 02 03]
[01/01/09 01:33:19.754] send: [3b: 31 72 02]
[01/01/09 01:33:19.759] 	recv: [4b: 31 72 02 03]
[01/01/09 01:33:19.778] send: [3b: 31 72 02]
[01/01/09 01:33:19.782] 	recv: [4b: 31 72 02 03]
[01/01/09 01:33:19.793] send: [3b: 31 72 02]
[01/01/09 01:33:19.799] 	recv: [4b: 31 72 02 03]
[01/01/09 01:33:19.814] send: [3b: 31 72 02]
[01/01/09 01:33:19.820] 	recv: [4b: 31 72 02 03]
[01/01/09 01:33:19.834] send: [3b: 31 72 02]
[01/01/09 01:33:19.839] 	recv: [4b: 31 72 02 03]
[01/01/09 01:33:19.855] send: [3b: 31 72 02]
[01/01/09 01:33:19.862] 	recv: [4b: 31 72 02 03]
[01/01/09 01:33:19.873] send: [3b: 31 72 02]
[01/01/09 01:33:19.879] 	recv: [4b: 31 72 02 03]
[01/01/09 01:33:19.893] send: [3b: 31 72 02]
[01/01/09 01:33:19.899] 	recv: [4b: 31 72 02 03]
[01/01/09 01:33:19.914] send: [3b: 31 72 02]
[01/01/09 01:33:19.919] 	recv: [4b: 31 72 02 03]
[01/01/09 01:33:19.934] send: [3b: 31 72 02]
[01/01/09 01:33:19.940] 	recv: [4b: 31 72 02 03]
[01/01/09 01:33:19.953] send: [3b: 31 72 02]
[01/01/09 01:33:19.958] 	recv: [4b: 31 72 02 03]
[01/01/09 01:33:19.973] send: [3b: 31 72 02]
[01/01/09 01:33:19.979] 	recv: [4b: 31 72 02 03]
[01/01/09 01:33:19.994] send: [3b: 31 72 02]
[01/01/09 01:33:20.000] 	recv: [4b: 31 72 02 03]
[01/01/09 01:33:20.014] send: [3b: 31 72 02]
[01/01/09 01:33:20.020] 	recv: [4b: 31 72 02 03]
[01/01/09 01:33:20.034] send: [3b: 31 72 02]
[01/01/09 01:33:20.041] 	recv: [4b: 31 72 02 03]
[01/01/09 01:33:20.054] send: [3b: 31 72 02]
[01/01/09 01:33:20.061] 	recv: [4b: 31 72 02 03]
[01/01/09 01:33:20.074] send: [3b: 31 72 02]
[01/01/09 01:33:20.080] 	recv: [4b: 31 72 02 03]
[01/01/09 01:33:20.095] send: [3b: 31 72 02]
[01/01/09 01:33:20.100] 	recv: [4b: 31 72 02 03]
[01/01/09 01:33:20.115] send: [3b: 31 72 02]
[01/01/09 01:33:20.120] 	recv: [4b: 31 72 02 03]
[01/01/09 01:33:20.134] send: [3b: 31 72 02]
[01/01/09 01:33:20.140] 	recv: [4b: 31 72 02 03]
[01/01/09 01:33:20.153] send: [3b: 31 72 02]
[01/01/09 01:33:20.159] 	recv: [4b: 31 72 02 03]
[01/01/09 01:33:20.174] send: [3b: 31 72 02]
[01/01/09 01:33:20.180] 	recv: [4b: 31 72 02 03]
[01/01/09 01:33:20.195] send: [3b: 31 72 02]
[01/01/09 01:33:20.200] 	recv: [4b: 31 72 02 03]
[01/01/09 01:33:20.216] send: [3b: 31 72 02]
[01/01/09 01:33:20.221] 	recv: [4b: 31 72 02 03]
[01/01/09 01:33:20.236] send: [3b: 31 72 02]
[01/01/09 01:33:20.243] 	recv: [4b: 31 72 02 03]
[01/01/09 01:33:20.256] send: [3b: 31 72 02]
[01/01/09 01:33:20.263] 	recv: [4b: 31 72 02 03]
[01/01/09 01:33:20.276] send: [3b: 31 72 02]
[01/01/09 01:33:20.283] 	recv: [4b: 31 72 02 03]
[01/01/09 01:33:20.296] send: [3b: 31 72 02]
[01/01/09 01:33:20.301] 	recv: [4b: 31 72 02 03]
[01/01/09 01:33:20.314] send: [3b: 31 72 02]
[01/01/09 01:33:20.320] 	recv: [4b: 31 72 02 03]
[01/01/09 01:33:20.334] send: [3b: 31 72 02]
[01/01/09 01:33:20.340] 	recv: [4b: 31 72 02 03]
[01/01/09 01:33:20.353] send: [3b: 31 72 02]
[01/01/09 01:33:20.359] 	recv: [4b: 31 72 02 03]
[01/01/09 01:33:20.366] send: [3b: 31 72 02]
[01/01/09 01:33:20.373] 	recv: [4b: 31 72 02 03]
[01/01/09 01:33:20.385] send: [3b: 31 72 02]
[01/01/09 01:33:20.391] 	recv: [4b: 31 72 02 03]
[01/01/09 01:33:20.406] send: [3b: 31 72 02]
[01/01/09 01:33:20.412] 	recv: [4b: 31 72 02 03]
[01/01/09 01:33:20.424] send: [3b: 31 72 02]
[01/01/09 01:33:20.430] 	recv: [4b: 31 72 02 03]
[01/01/09 01:33:20.444] send: [3b: 31 72 02]
[01/01/09 01:33:20.451] 	recv: [4b: 31 72 02 03]
[01/01/09 01:33:20.464] send: [3b: 31 72 02]
[01/01/09 01:33:20.471] 	recv: [4b: 31 72 02 03]
[01/01/09 01:33:20.484] send: [3b: 31 72 02]
[01/01/09 01:33:20.491] 	recv: [4b: 31 72 02 03]
[01/01/09 01:33:20.504] send: [3b: 31 72 02]
[01/01/09 01:33:20.510] 	recv: [4b: 31 72 02 03]
[01/01/09 01:33:20.524] send: [3b: 31 72 02]
[01/01/09 01:33:20.530] 	recv: [4b: 31 72 02 03]
[01/01/09 01:33:20.546] send: [3b: 31 72 02]
[01/01/09 01:33:20.555] send: [3b: 31 72 02]
[01/01/09 01:33:20.555] 	recv: [4b: 31 72 02 03]
[01/01/09 01:33:20.561] 	recv: [4b: 31 72 02 03]
[01/01/09 01:33:20.578] send: [3b: 31 72 02]
[01/01/09 01:33:20.583] 	recv: [4b: 31 72 02 03]
[01/01/09 01:33:20.596] send: [3b: 31 72 02]
[01/01/09 01:33:20.602] 	recv: [4b: 31 72 02 03]
[01/01/09 01:33:20.617] send: [3b: 31 72 02]
[01/01/09 01:33:20.622] 	recv: [4b: 31 72 02 03]
[01/01/09 01:33:20.635] send: [3b: 31 72 02]
[01/01/09 01:33:20.641] 	recv: [4b: 31 72 02 03]
[01/01/09 01:33:20.654] send: [3b: 31 72 02]
[01/01/09 01:33:20.660] 	recv: [4b: 31 72 02 03]
[01/01/09 01:33:20.673] send: [3b: 31 72 02]
[01/01/09 01:33:20.680] 	recv: [4b: 31 72 02 03]
[01/01/09 01:33:20.694] send: [3b: 31 72 02]
[01/01/09 01:33:20.701] 	recv: [4b: 31 72 02 03]
[01/01/09 01:33:20.702] error: bus thread interrupted
[01/01/09 01:33:20.730] resources: ut=0.15 st=0.06
[01/01/09 01:33:20.730] log finished
