[01/01/09 01:33:07.326] log started
[01/01/09 01:33:07.326] 	[ BusInterface ]
[01/01/09 01:33:07.326] 	cycle = 20
[01/01/09 01:33:07.326] 	delayWriteTime = 6
[01/01/09 01:33:07.326] 	href = cout_4015
[01/01/09 01:33:07.327] 	interface = ethernet
[01/01/09 01:33:07.327] 	localAddr = 10.0.0.1
[01/01/09 01:33:07.327] 	localPort = 4015
[01/01/09 01:33:07.327] 	log:path = 
[01/01/09 01:33:07.327] 	log:size = 
[01/01/09 01:33:07.327] 	log:type = info
[01/01/09 01:33:07.327] 	name = TCP/UDP/UnixSocket Network Bus
[01/01/09 01:33:07.327] 	protocol = udp
[01/01/09 01:33:07.327] 	remoteAddr = 10.0.0.2
[01/01/09 01:33:07.327] 	remotePort = 4015
[01/01/09 01:33:07.327] 	sym = bus_4015
[01/01/09 01:33:07.327] 	type = ethernet
[01/01/09 01:33:07.327] 	vendor = Spetstekhnika
[01/01/09 01:33:07.327] 	writeDelay = async
[01/01/09 01:33:07.327] tid = 6420
[01/01/09 01:33:07.346] udp connection started (cycle=20, receive size=10240)
[01/01/09 01:33:07.346] 	local  = 10.0.0.1:4015
[01/01/09 01:33:07.346] 	remote = 10.0.0.2:4015
[01/01/09 01:33:07.347] 	SO_RCVBUF = 63488
[01/01/09 01:33:07.347] 	SO_SNDBUF = 63488
[01/01/09 01:33:07.374] connection: receive timeout (1,1 10240/10240,0/0)
[01/01/09 01:33:07.376] send: [2b: 32 47]
[01/01/09 01:33:07.381] 	recv: [2b: 32 47]
[01/01/09 01:33:07.396] send: [2b: 31 47]
[01/01/09 01:33:07.400] 	recv: [2b: 31 47]
[01/01/09 01:33:07.415] send: [5b: 32 71 13 0B 54]
[01/01/09 01:33:07.421] 	recv: [3b: 32 71 13]
[01/01/09 01:33:07.435] send: [5b: 31 71 13 0B 54]
[01/01/09 01:33:07.441] 	recv: [3b: 31 71 13]
[01/01/09 01:33:07.455] send: [5b: 32 71 12 00 64]
[01/01/09 01:33:07.461] 	recv: [3b: 32 71 12]
[01/01/09 01:33:07.478] send: [5b: 31 71 12 00 64]
[01/01/09 01:33:07.483] 	recv: [3b: 31 71 12]
[01/01/09 01:33:07.504] send: [4b: 32 71 14 33]
[01/01/09 01:33:07.509] 	recv: [3b: 32 71 14]
[01/01/09 01:33:07.525] send: [4b: 31 71 14 15]
[01/01/09 01:33:07.531] 	recv: [3b: 31 71 14]
[01/01/09 01:33:07.545] send: [4b: 32 71 15 32]
[01/01/09 01:33:07.551] 	recv: [3b: 32 71 15]
[01/01/09 01:33:07.564] send: [4b: 31 71 15 32]
[01/01/09 01:33:07.571] 	recv: [3b: 31 71 15]
[01/01/09 01:33:07.586] send: [6b: 32 42 00 00 00 C8]
[01/01/09 01:33:07.593] 	recv: [2b: 32 42]
[01/01/09 01:33:07.605] send: [6b: 31 42 FF FF FF 38]
[01/01/09 01:33:07.611] 	recv: [2b: 31 42]
[01/01/09 01:33:07.624] send: [3b: 32 72 01]
[01/01/09 01:33:07.629] 	recv: [4b: 32 72 01 05]
[01/01/09 01:33:07.644] send: [3b: 31 72 01]
[01/01/09 01:33:07.651] 	recv: [4b: 31 72 01 85]
[01/01/09 01:33:07.664] send: [3b: 32 72 01]
[01/01/09 01:33:07.671] 	recv: [4b: 32 72 01 05]
[01/01/09 01:33:07.684] send: [3b: 31 72 01]
[01/01/09 01:33:07.691] 	recv: [4b: 31 72 01 85]
[01/01/09 01:33:07.704] send: [3b: 32 72 01]
[01/01/09 01:33:07.711] 	recv: [4b: 32 72 01 05]
[01/01/09 01:33:07.726] send: [3b: 31 72 01]
[01/01/09 01:33:07.732] 	recv: [4b: 31 72 01 85]
[01/01/09 01:33:07.745] send: [3b: 32 72 01]
[01/01/09 01:33:07.751] 	recv: [4b: 32 72 01 00]
[01/01/09 01:33:07.765] send: [3b: 31 72 01]
[01/01/09 01:33:07.770] 	recv: [4b: 31 72 01 85]
[01/01/09 01:33:07.784] send: [3b: 31 72 01]
[01/01/09 01:33:07.789] 	recv: [4b: 31 72 01 85]
[01/01/09 01:33:07.804] send: [3b: 32 72 02]
[01/01/09 01:33:07.811] 	recv: [4b: 32 72 02 03]
[01/01/09 01:33:07.824] send: [3b: 31 72 01]
[01/01/09 01:33:07.829] 	recv: [4b: 31 72 01 00]
[01/01/09 01:33:07.844] send: [3b: 32 44 80]
[01/01/09 01:33:07.850] 	recv: [2b: 32 44]
[01/01/09 01:33:07.864] send: [3b: 31 72 02]
[01/01/09 01:33:07.870] 	recv: [4b: 31 72 02 03]
[01/01/09 01:33:07.883] send: [3b: 32 72 01]
[01/01/09 01:33:07.890] 	recv: [4b: 32 72 01 89]
[01/01/09 01:33:07.905] send: [3b: 32 72 02]
[01/01/09 01:33:07.911] 	recv: [4b: 32 72 02 03]
[01/01/09 01:33:07.924] send: [3b: 31 44 00]
[01/01/09 01:33:07.930] 	recv: [2b: 31 44]
[01/01/09 01:33:07.944] send: [3b: 32 72 02]
[01/01/09 01:33:07.950] 	recv: [4b: 32 72 02 03]
[01/01/09 01:33:07.965] send: [3b: 31 72 01]
[01/01/09 01:33:07.971] 	recv: [4b: 31 72 01 09]
[01/01/09 01:33:07.984] send: [3b: 32 72 02]
[01/01/09 01:33:07.990] 	recv: [4b: 32 72 02 03]
[01/01/09 01:33:08.005] send: [3b: 31 72 02]
[01/01/09 01:33:08.011] 	recv: [4b: 31 72 02 03]
[01/01/09 01:33:08.026] send: [3b: 32 72 02]
[01/01/09 01:33:08.032] 	recv: [4b: 32 72 02 03]
[01/01/09 01:33:08.045] send: [3b: 31 72 02]
[01/01/09 01:33:08.051] 	recv: [4b: 31 72 02 03]
[01/01/09 01:33:08.066] send: [3b: 32 72 02]
[01/01/09 01:33:08.073] 	recv: [4b: 32 72 02 03]
[01/01/09 01:33:08.084] send: [3b: 31 72 02]
[01/01/09 01:33:08.089] 	recv: [4b: 31 72 02 03]
[01/01/09 01:33:08.104] send: [3b: 32 72 02]
[01/01/09 01:33:08.109] 	recv: [4b: 32 72 02 03]
[01/01/09 01:33:08.125] send: [3b: 31 72 02]
[01/01/09 01:33:08.130] 	recv: [4b: 31 72 02 03]
[01/01/09 01:33:08.145] send: [3b: 32 72 02]
[01/01/09 01:33:08.150] 	recv: [4b: 32 72 02 03]
[01/01/09 01:33:08.164] send: [3b: 31 72 02]
[01/01/09 01:33:08.170] 	recv: [4b: 31 72 02 03]
[01/01/09 01:33:08.183] send: [3b: 32 72 02]
[01/01/09 01:33:08.188] 	recv: [4b: 32 72 02 03]
[01/01/09 01:33:08.205] send: [3b: 31 72 02]
[01/01/09 01:33:08.212] 	recv: [4b: 31 72 02 03]
[01/01/09 01:33:08.225] send: [3b: 32 72 02]
[01/01/09 01:33:08.230] 	recv: [4b: 32 72 02 03]
[01/01/09 01:33:08.243] send: [3b: 31 72 02]
[01/01/09 01:33:08.250] 	recv: [4b: 31 72 02 03]
[01/01/09 01:33:08.265] send: [3b: 32 72 02]
[01/01/09 01:33:08.270] 	recv: [4b: 32 72 02 03]
[01/01/09 01:33:08.285] send: [3b: 31 72 02]
[01/01/09 01:33:08.292] 	recv: [4b: 31 72 02 03]
[01/01/09 01:33:08.305] send: [3b: 32 72 02]
[01/01/09 01:33:08.310] 	recv: [4b: 32 72 02 03]
[01/01/09 01:33:08.325] send: [3b: 31 72 02]
[01/01/09 01:33:08.331] 	recv: [4b: 31 72 02 03]
[01/01/09 01:33:08.349] send: [3b: 32 72 02]
[01/01/09 01:33:08.355] send: [3b: 32 72 02]
[01/01/09 01:33:08.358] 	recv: [4b: 32 72 02 03]
[01/01/09 01:33:08.365] 	recv: [4b: 32 72 02 03]
[01/01/09 01:33:08.377] send: [3b: 31 72 02]
[01/01/09 01:33:08.383] 	recv: [4b: 31 72 02 03]
[01/01/09 01:33:08.397] send: [3b: 32 72 02]
[01/01/09 01:33:08.402] 	recv: [4b: 32 72 02 03]
[01/01/09 01:33:08.416] send: [3b: 31 72 02]
[01/01/09 01:33:08.422] 	recv: [4b: 31 72 02 03]
[01/01/09 01:33:08.436] send: [3b: 32 72 02]
[01/01/09 01:33:08.444] 	recv: [4b: 32 72 02 03]
[01/01/09 01:33:08.456] send: [3b: 31 72 02]
[01/01/09 01:33:08.463] 	recv: [4b: 31 72 02 13]
[01/01/09 01:33:08.474] send: [3b: 32 72 02]
[01/01/09 01:33:08.481] 	recv: [4b: 32 72 02 03]
[01/01/09 01:33:08.494] send: [3b: 32 72 02]
[01/01/09 01:33:08.501] 	recv: [4b: 32 72 02 03]
[01/01/09 01:33:08.515] send: [6b: 31 42 FF FF F0 DA]
[01/01/09 01:33:08.523] 	recv: [2b: 31 42]
[01/01/09 01:33:08.534] send: [3b: 32 72 02]
[01/01/09 01:33:08.541] 	recv: [4b: 32 72 02 03]
[01/01/09 01:33:08.553] send: [3b: 31 72 01]
[01/01/09 01:33:08.560] 	recv: [4b: 31 72 01 85]
[01/01/09 01:33:08.573] send: [3b: 32 72 02]
[01/01/09 01:33:08.579] 	recv: [4b: 32 72 02 13]
[01/01/09 01:33:08.594] send: [3b: 31 72 01]
[01/01/09 01:33:08.601] 	recv: [4b: 31 72 01 85]
[01/01/09 01:33:08.614] send: [3b: 31 72 01]
[01/01/09 01:33:08.620] 	recv: [4b: 31 72 01 85]
[01/01/09 01:33:08.633] send: [6b: 32 42 00 00 0F 8C]
[01/01/09 01:33:08.641] 	recv: [2b: 32 42]
[01/01/09 01:33:08.654] send: [3b: 31 72 01]
[01/01/09 01:33:08.660] 	recv: [4b: 31 72 01 85]
[01/01/09 01:33:08.674] send: [3b: 32 72 01]
[01/01/09 01:33:08.681] 	recv: [4b: 32 72 01 05]
[01/01/09 01:33:08.694] send: [3b: 31 72 01]
[01/01/09 01:33:08.701] 	recv: [4b: 31 72 01 85]
[01/01/09 01:33:08.714] send: [3b: 32 72 01]
[01/01/09 01:33:08.719] 	recv: [4b: 32 72 01 05]
[01/01/09 01:33:08.734] send: [3b: 31 72 01]
[01/01/09 01:33:08.741] 	recv: [4b: 31 72 01 85]
[01/01/09 01:33:08.753] send: [3b: 32 72 01]
[01/01/09 01:33:08.759] 	recv: [4b: 32 72 01 05]
[01/01/09 01:33:08.773] send: [3b: 31 72 01]
[01/01/09 01:33:08.781] 	recv: [4b: 31 72 01 85]
[01/01/09 01:33:08.793] send: [3b: 32 72 01]
[01/01/09 01:33:08.798] 	recv: [4b: 32 72 01 05]
[01/01/09 01:33:08.814] send: [3b: 31 72 01]
[01/01/09 01:33:08.820] 	recv: [4b: 31 72 01 85]
[01/01/09 01:33:08.834] send: [3b: 32 72 01]
[01/01/09 01:33:08.840] 	recv: [4b: 32 72 01 05]
[01/01/09 01:33:08.854] send: [3b: 31 72 01]
[01/01/09 01:33:08.860] 	recv: [4b: 31 72 01 85]
[01/01/09 01:33:08.874] send: [3b: 32 72 01]
[01/01/09 01:33:08.880] 	recv: [4b: 32 72 01 05]
[01/01/09 01:33:08.893] send: [3b: 31 72 01]
[01/01/09 01:33:08.900] 	recv: [4b: 31 72 01 85]
[01/01/09 01:33:08.913] send: [3b: 32 72 01]
[01/01/09 01:33:08.920] 	recv: [4b: 32 72 01 05]
[01/01/09 01:33:08.934] send: [3b: 31 72 01]
[01/01/09 01:33:08.940] 	recv: [4b: 31 72 01 85]
[01/01/09 01:33:08.954] send: [3b: 32 72 01]
[01/01/09 01:33:08.960] 	recv: [4b: 32 72 01 05]
[01/01/09 01:33:08.974] send: [3b: 31 72 01]
[01/01/09 01:33:08.980] 	recv: [4b: 31 72 01 85]
[01/01/09 01:33:08.996] send: [3b: 32 72 01]
[01/01/09 01:33:09.001] 	recv: [4b: 32 72 01 05]
[01/01/09 01:33:09.013] send: [3b: 31 72 01]
[01/01/09 01:33:09.019] 	recv: [4b: 31 72 01 85]
[01/01/09 01:33:09.034] send: [3b: 32 72 01]
[01/01/09 01:33:09.039] 	recv: [4b: 32 72 01 05]
[01/01/09 01:33:09.054] send: [3b: 31 72 01]
[01/01/09 01:33:09.060] 	recv: [4b: 31 72 01 85]
[01/01/09 01:33:09.074] send: [3b: 32 72 01]
[01/01/09 01:33:09.080] 	recv: [4b: 32 72 01 05]
[01/01/09 01:33:09.094] send: [3b: 31 72 01]
[01/01/09 01:33:09.100] 	recv: [4b: 31 72 01 85]
[01/01/09 01:33:09.113] send: [3b: 32 72 01]
[01/01/09 01:33:09.119] 	recv: [4b: 32 72 01 05]
[01/01/09 01:33:09.133] send: [3b: 31 72 01]
[01/01/09 01:33:09.139] 	recv: [4b: 31 72 01 85]
[01/01/09 01:33:09.154] send: [3b: 32 72 01]
[01/01/09 01:33:09.159] 	recv: [4b: 32 72 01 05]
[01/01/09 01:33:09.175] send: [3b: 31 72 01]
[01/01/09 01:33:09.181] 	recv: [4b: 31 72 01 85]
[01/01/09 01:33:09.194] send: [3b: 32 72 01]
[01/01/09 01:33:09.199] 	recv: [4b: 32 72 01 05]
[01/01/09 01:33:09.214] send: [3b: 31 72 01]
[01/01/09 01:33:09.220] 	recv: [4b: 31 72 01 85]
[01/01/09 01:33:09.233] send: [3b: 32 72 01]
[01/01/09 01:33:09.240] 	recv: [4b: 32 72 01 05]
[01/01/09 01:33:09.256] send: [3b: 31 72 01]
[01/01/09 01:33:09.262] 	recv: [4b: 31 72 01 85]
[01/01/09 01:33:09.273] send: [3b: 32 72 01]
[01/01/09 01:33:09.280] 	recv: [4b: 32 72 01 05]
[01/01/09 01:33:09.294] send: [3b: 31 72 01]
[01/01/09 01:33:09.301] 	recv: [4b: 31 72 01 85]
[01/01/09 01:33:09.314] send: [3b: 32 72 01]
[01/01/09 01:33:09.321] 	recv: [4b: 32 72 01 05]
[01/01/09 01:33:09.335] send: [3b: 31 72 01]
[01/01/09 01:33:09.342] 	recv: [4b: 31 72 01 85]
[01/01/09 01:33:09.354] send: [3b: 32 72 01]
[01/01/09 01:33:09.359] 	recv: [4b: 32 72 01 05]
[01/01/09 01:33:09.375] send: [3b: 31 72 01]
[01/01/09 01:33:09.382] 	recv: [4b: 31 72 01 85]
[01/01/09 01:33:09.395] send: [3b: 32 72 01]
[01/01/09 01:33:09.401] 	recv: [4b: 32 72 01 05]
[01/01/09 01:33:09.415] send: [3b: 31 72 01]
[01/01/09 01:33:09.421] 	recv: [4b: 31 72 01 85]
[01/01/09 01:33:09.434] send: [3b: 32 72 01]
[01/01/09 01:33:09.440] 	recv: [4b: 32 72 01 05]
[01/01/09 01:33:09.454] send: [3b: 31 72 01]
[01/01/09 01:33:09.461] 	recv: [4b: 31 72 01 85]
[01/01/09 01:33:09.474] send: [3b: 32 72 01]
[01/01/09 01:33:09.481] 	recv: [4b: 32 72 01 05]
[01/01/09 01:33:09.494] send: [3b: 31 72 01]
[01/01/09 01:33:09.500] 	recv: [4b: 31 72 01 85]
[01/01/09 01:33:09.514] send: [3b: 32 72 01]
[01/01/09 01:33:09.521] 	recv: [4b: 32 72 01 05]
[01/01/09 01:33:09.535] send: [3b: 31 72 01]
[01/01/09 01:33:09.542] 	recv: [4b: 31 72 01 85]
[01/01/09 01:33:09.556] send: [3b: 32 72 01]
[01/01/09 01:33:09.562] 	recv: [4b: 32 72 01 05]
[01/01/09 01:33:09.576] send: [3b: 31 72 01]
[01/01/09 01:33:09.582] 	recv: [4b: 31 72 01 85]
[01/01/09 01:33:09.596] send: [3b: 32 72 01]
[01/01/09 01:33:09.602] 	recv: [4b: 32 72 01 05]
[01/01/09 01:33:09.616] send: [3b: 31 72 01]
[01/01/09 01:33:09.621] 	recv: [4b: 31 72 01 85]
[01/01/09 01:33:09.633] send: [3b: 32 72 01]
[01/01/09 01:33:09.639] 	recv: [4b: 32 72 01 05]
[01/01/09 01:33:09.655] send: [3b: 31 72 01]
[01/01/09 01:33:09.660] 	recv: [4b: 31 72 01 85]
[01/01/09 01:33:09.675] send: [3b: 32 72 01]
[01/01/09 01:33:09.680] 	recv: [4b: 32 72 01 05]
[01/01/09 01:33:09.695] send: [3b: 31 72 01]
[01/01/09 01:33:09.702] 	recv: [4b: 31 72 01 85]
[01/01/09 01:33:09.714] send: [3b: 32 72 01]
[01/01/09 01:33:09.720] 	recv: [4b: 32 72 01 05]
[01/01/09 01:33:09.734] send: [3b: 31 72 01]
[01/01/09 01:33:09.740] 	recv: [4b: 31 72 01 85]
[01/01/09 01:33:09.754] send: [3b: 32 72 01]
[01/01/09 01:33:09.760] 	recv: [4b: 32 72 01 05]
[01/01/09 01:33:09.773] send: [3b: 31 72 01]
[01/01/09 01:33:09.779] 	recv: [4b: 31 72 01 85]
[01/01/09 01:33:09.794] send: [3b: 32 72 01]
[01/01/09 01:33:09.800] 	recv: [4b: 32 72 01 05]
[01/01/09 01:33:09.814] send: [3b: 31 72 01]
[01/01/09 01:33:09.820] 	recv: [4b: 31 72 01 85]
[01/01/09 01:33:09.833] send: [3b: 32 72 01]
[01/01/09 01:33:09.840] 	recv: [4b: 32 72 01 05]
[01/01/09 01:33:09.853] send: [3b: 31 72 01]
[01/01/09 01:33:09.860] 	recv: [4b: 31 72 01 85]
[01/01/09 01:33:09.873] send: [3b: 32 72 01]
[01/01/09 01:33:09.878] 	recv: [4b: 32 72 01 05]
[01/01/09 01:33:09.893] send: [3b: 31 72 01]
[01/01/09 01:33:09.898] 	recv: [4b: 31 72 01 85]
[01/01/09 01:33:09.914] send: [3b: 32 72 01]
[01/01/09 01:33:09.919] 	recv: [4b: 32 72 01 05]
[01/01/09 01:33:09.935] send: [3b: 31 72 01]
[01/01/09 01:33:09.941] 	recv: [4b: 31 72 01 85]
[01/01/09 01:33:09.953] send: [3b: 32 72 01]
[01/01/09 01:33:09.959] 	recv: [4b: 32 72 01 05]
[01/01/09 01:33:09.974] send: [3b: 31 72 01]
[01/01/09 01:33:09.980] 	recv: [4b: 31 72 01 85]
[01/01/09 01:33:09.994] send: [3b: 32 72 01]
[01/01/09 01:33:10.000] 	recv: [4b: 32 72 01 05]
[01/01/09 01:33:10.014] send: [3b: 31 72 01]
[01/01/09 01:33:10.019] 	recv: [4b: 31 72 01 00]
[01/01/09 01:33:10.035] send: [3b: 32 72 01]
[01/01/09 01:33:10.041] 	recv: [4b: 32 72 01 05]
[01/01/09 01:33:10.055] send: [3b: 32 72 01]
[01/01/09 01:33:10.062] 	recv: [4b: 32 72 01 05]
[01/01/09 01:33:10.074] send: [5b: 31 71 13 0B 54]
[01/01/09 01:33:10.081] 	recv: [3b: 31 71 13]
[01/01/09 01:33:10.096] send: [3b: 32 72 01]
[01/01/09 01:33:10.102] 	recv: [4b: 32 72 01 00]
[01/01/09 01:33:10.115] send: [7b: 31 71 21 00 00 00 00]
[01/01/09 01:33:10.122] 	recv: [3b: 31 71 21]
[01/01/09 01:33:10.134] send: [5b: 32 71 13 0B 54]
[01/01/09 01:33:10.140] 	recv: [3b: 32 71 13]
[01/01/09 01:33:10.154] send: [3b: 31 72 21]
[01/01/09 01:33:10.161] 	recv: [7b: 31 72 21 00 00 00 00]
[01/01/09 01:33:10.175] send: [7b: 32 71 21 00 00 00 00]
[01/01/09 01:33:10.181] 	recv: [3b: 32 71 21]
[01/01/09 01:33:10.184] send: [5b: 31 71 13 04 4C]
[01/01/09 01:33:10.189] 	recv: [3b: 31 71 13]
[01/01/09 01:33:10.204] send: [3b: 32 72 21]
[01/01/09 01:33:10.211] 	recv: [7b: 32 72 21 00 00 00 00]
[01/01/09 01:33:10.224] send: [6b: 31 43 00 00 0B 5B]
[01/01/09 01:33:10.231] 	recv: [2b: 31 43]
[01/01/09 01:33:10.244] send: [5b: 32 71 13 04 4C]
[01/01/09 01:33:10.250] 	recv: [3b: 32 71 13]
[01/01/09 01:33:10.274] send: [3b: 31 72 21]
[01/01/09 01:33:10.280] 	recv: [7b: 31 72 21 00 00 00 07]
[01/01/09 01:33:10.297] send: [6b: 32 43 FF FF F7 35]
[01/01/09 01:33:10.306] send: [3b: 32 72 21]
[01/01/09 01:33:10.306] 	recv: [2b: 32 43]
[01/01/09 01:33:10.312] 	recv: [7b: 32 72 21 00 00 00 00]
[01/01/09 01:33:10.327] send: [3b: 31 72 21]
[01/01/09 01:33:10.334] 	recv: [7b: 31 72 21 00 00 00 20]
[01/01/09 01:33:10.344] send: [5b: 32 71 13 04 4C]
[01/01/09 01:33:10.351] 	recv: [3b: 32 71 13]
[01/01/09 01:33:10.365] send: [5b: 31 71 13 04 4C]
[01/01/09 01:33:10.372] 	recv: [3b: 31 71 13]
[01/01/09 01:33:10.384] send: [3b: 32 72 21]
[01/01/09 01:33:10.391] 	recv: [7b: 32 72 21 FF FF FF C7]
[01/01/09 01:33:10.404] send: [3b: 31 72 21]
[01/01/09 01:33:10.410] 	recv: [7b: 31 72 21 00 00 00 71]
[01/01/09 01:33:10.424] send: [5b: 32 71 13 04 4C]
[01/01/09 01:33:10.430] 	recv: [3b: 32 71 13]
[01/01/09 01:33:10.444] send: [5b: 31 71 13 04 4C]
[01/01/09 01:33:10.450] 	recv: [3b: 31 71 13]
[01/01/09 01:33:10.463] send: [3b: 32 72 21]
[01/01/09 01:33:10.471] 	recv: [7b: 32 72 21 FF FF FF 70]
[01/01/09 01:33:10.484] send: [3b: 31 72 21]
[01/01/09 01:33:10.491] 	recv: [7b: 31 72 21 00 00 00 CA]
[01/01/09 01:33:10.505] send: [5b: 32 71 13 04 4C]
[01/01/09 01:33:10.511] 	recv: [3b: 32 71 13]
[01/01/09 01:33:10.524] send: [5b: 31 71 13 04 4C]
[01/01/09 01:33:10.530] 	recv: [3b: 31 71 13]
[01/01/09 01:33:10.544] send: [3b: 32 72 21]
[01/01/09 01:33:10.549] 	recv: [7b: 32 72 21 FF FF FF 18]
[01/01/09 01:33:10.564] send: [3b: 31 72 21]
[01/01/09 01:33:10.571] 	recv: [7b: 31 72 21 00 00 01 22]
[01/01/09 01:33:10.585] send: [5b: 32 71 13 04 4C]
[01/01/09 01:33:10.591] 	recv: [3b: 32 71 13]
[01/01/09 01:33:10.605] send: [5b: 31 71 13 04 4C]
[01/01/09 01:33:10.612] 	recv: [3b: 31 71 13]
[01/01/09 01:33:10.625] send: [3b: 32 72 21]
[01/01/09 01:33:10.633] 	recv: [7b: 32 72 21 FF FF FE BE]
[01/01/09 01:33:10.646] send: [3b: 31 72 21]
[01/01/09 01:33:10.653] 	recv: [7b: 31 72 21 00 00 01 7B]
[01/01/09 01:33:10.666] send: [5b: 32 71 13 04 4C]
[01/01/09 01:33:10.672] 	recv: [3b: 32 71 13]
[01/01/09 01:33:10.684] send: [5b: 31 71 13 04 4C]
[01/01/09 01:33:10.691] 	recv: [3b: 31 71 13]
[01/01/09 01:33:10.704] send: [3b: 32 72 21]
[01/01/09 01:33:10.710] 	recv: [7b: 32 72 21 FF FF FE 68]
[01/01/09 01:33:10.724] send: [3b: 31 72 21]
[01/01/09 01:33:10.731] 	recv: [7b: 31 72 21 00 00 01 D2]
[01/01/09 01:33:10.745] send: [5b: 32 71 13 04 4C]
[01/01/09 01:33:10.751] 	recv: [3b: 32 71 13]
[01/01/09 01:33:10.764] send: [5b: 31 71 13 04 4C]
[01/01/09 01:33:10.771] 	recv: [3b: 31 71 13]
[01/01/09 01:33:10.784] send: [3b: 32 72 21]
[01/01/09 01:33:10.791] 	recv: [7b: 32 72 21 FF FF FE 0F]
[01/01/09 01:33:10.804] send: [3b: 31 72 21]
[01/01/09 01:33:10.811] 	recv: [7b: 31 72 21 00 00 02 2A]
[01/01/09 01:33:10.824] send: [5b: 32 71 13 04 4C]
[01/01/09 01:33:10.832] 	recv: [3b: 32 71 13]
[01/01/09 01:33:10.844] send: [5b: 31 71 13 04 4C]
[01/01/09 01:33:10.850] 	recv: [3b: 31 71 13]
[01/01/09 01:33:10.864] send: [3b: 32 72 21]
[01/01/09 01:33:10.870] 	recv: [7b: 32 72 21 FF FF FD B8]
[01/01/09 01:33:10.885] send: [3b: 31 72 21]
[01/01/09 01:33:10.891] 	recv: [7b: 31 72 21 00 00 02 82]
[01/01/09 01:33:10.903] send: [5b: 32 71 13 04 4C]
[01/01/09 01:33:10.910] 	recv: [3b: 32 71 13]
[01/01/09 01:33:10.924] send: [5b: 31 71 13 04 4C]
[01/01/09 01:33:10.930] 	recv: [3b: 31 71 13]
[01/01/09 01:33:10.944] send: [3b: 32 72 21]
[01/01/09 01:33:10.950] 	recv: [7b: 32 72 21 FF FF FD 61]
[01/01/09 01:33:10.964] send: [3b: 31 72 21]
[01/01/09 01:33:10.971] 	recv: [7b: 31 72 21 00 00 02 DA]
[01/01/09 01:33:10.983] send: [5b: 32 71 13 04 4C]
[01/01/09 01:33:10.989] 	recv: [3b: 32 71 13]
[01/01/09 01:33:11.004] send: [5b: 31 71 13 04 4C]
[01/01/09 01:33:11.010] 	recv: [3b: 31 71 13]
[01/01/09 01:33:11.024] send: [3b: 32 72 21]
[01/01/09 01:33:11.030] 	recv: [7b: 32 72 21 FF FF FD 08]
[01/01/09 01:33:11.044] send: [3b: 31 72 21]
[01/01/09 01:33:11.051] 	recv: [7b: 31 72 21 00 00 03 32]
[01/01/09 01:33:11.065] send: [5b: 32 71 13 04 4C]
[01/01/09 01:33:11.071] 	recv: [3b: 32 71 13]
[01/01/09 01:33:11.085] send: [5b: 31 71 13 04 4C]
[01/01/09 01:33:11.092] 	recv: [3b: 31 71 13]
[01/01/09 01:33:11.105] send: [3b: 32 72 21]
[01/01/09 01:33:11.111] 	recv: [7b: 32 72 21 FF FF FC B0]
[01/01/09 01:33:11.125] send: [3b: 31 72 21]
[01/01/09 01:33:11.132] 	recv: [7b: 31 72 21 00 00 03 8A]
[01/01/09 01:33:11.144] send: [5b: 32 71 13 04 4C]
[01/01/09 01:33:11.150] 	recv: [3b: 32 71 13]
[01/01/09 01:33:11.165] send: [5b: 31 71 13 04 4C]
[01/01/09 01:33:11.171] 	recv: [3b: 31 71 13]
[01/01/09 01:33:11.185] send: [3b: 32 72 21]
[01/01/09 01:33:11.192] 	recv: [7b: 32 72 21 FF FF FC 56]
[01/01/09 01:33:11.204] send: [3b: 31 72 21]
[01/01/09 01:33:11.210] 	recv: [7b: 31 72 21 00 00 03 E1]
[01/01/09 01:33:11.224] send: [5b: 32 71 13 04 4C]
[01/01/09 01:33:11.229] 	recv: [3b: 32 71 13]
[01/01/09 01:33:11.244] send: [5b: 31 71 13 04 4C]
[01/01/09 01:33:11.250] 	recv: [3b: 31 71 13]
[01/01/09 01:33:11.263] send: [3b: 32 72 21]
[01/01/09 01:33:11.270] 	recv: [7b: 32 72 21 FF FF FC 01]
[01/01/09 01:33:11.294] send: [3b: 31 72 21]
[01/01/09 01:33:11.299] 	recv: [7b: 31 72 21 00 00 04 43]
[01/01/09 01:33:11.313] send: [5b: 32 71 13 04 4C]
[01/01/09 01:33:11.320] 	recv: [3b: 32 71 13]
[01/01/09 01:33:11.333] send: [5b: 31 71 13 04 4C]
[01/01/09 01:33:11.340] 	recv: [3b: 31 71 13]
[01/01/09 01:33:11.353] send: [3b: 32 72 21]
[01/01/09 01:33:11.359] 	recv: [7b: 32 72 21 FF FF FB 9E]
[01/01/09 01:33:11.374] send: [3b: 31 72 21]
[01/01/09 01:33:11.380] 	recv: [7b: 31 72 21 00 00 04 9C]
[01/01/09 01:33:11.394] send: [5b: 32 71 13 04 4C]
[01/01/09 01:33:11.400] 	recv: [3b: 32 71 13]
[01/01/09 01:33:11.415] send: [5b: 31 71 13 04 4C]
[01/01/09 01:33:11.421] 	recv: [3b: 31 71 13]
[01/01/09 01:33:11.434] send: [3b: 32 72 21]
[01/01/09 01:33:11.441] 	recv: [7b: 32 72 21 FF FF FB 45]
[01/01/09 01:33:11.453] send: [3b: 31 72 21]
[01/01/09 01:33:11.460] 	recv: [7b: 31 72 21 00 00 04 F4]
[01/01/09 01:33:11.475] send: [5b: 32 71 13 04 4C]
[01/01/09 01:33:11.481] 	recv: [3b: 32 71 13]
[01/01/09 01:33:11.494] send: [5b: 31 71 13 04 4C]
[01/01/09 01:33:11.500] 	recv: [3b: 31 71 13]
[01/01/09 01:33:11.515] send: [3b: 32 72 21]
[01/01/09 01:33:11.522] 	recv: [7b: 32 72 21 FF FF FA EC]
[01/01/09 01:33:11.534] send: [3b: 31 72 21]
[01/01/09 01:33:11.540] 	recv: [7b: 31 72 21 00 00 05 4C]
[01/01/09 01:33:11.555] send: [5b: 32 71 13 04 4C]
[01/01/09 01:33:11.562] 	recv: [3b: 32 71 13]
[01/01/09 01:33:11.575] send: [5b: 31 71 13 04 4C]
[01/01/09 01:33:11.581] 	recv: [3b: 31 71 13]
[01/01/09 01:33:11.595] send: [3b: 32 72 21]
[01/01/09 01:33:11.602] 	recv: [7b: 32 72 21 FF FF FA 94]
[01/01/09 01:33:11.613] send: [3b: 31 72 21]
[01/01/09 01:33:11.620] 	recv: [7b: 31 72 21 00 00 05 A3]
[01/01/09 01:33:11.635] send: [5b: 32 71 13 04 4C]
[01/01/09 01:33:11.641] 	recv: [3b: 32 71 13]
[01/01/09 01:33:11.655] send: [5b: 31 71 13 04 4C]
[01/01/09 01:33:11.661] 	recv: [3b: 31 71 13]
[01/01/09 01:33:11.673] send: [3b: 32 72 21]
[01/01/09 01:33:11.680] 	recv: [7b: 32 72 21 FF FF FA 3D]
[01/01/09 01:33:11.694] send: [3b: 31 72 21]
[01/01/09 01:33:11.699] 	recv: [7b: 31 72 21 00 00 05 FB]
[01/01/09 01:33:11.714] send: [5b: 32 71 13 04 4C]
[01/01/09 01:33:11.720] 	recv: [3b: 32 71 13]
[01/01/09 01:33:11.735] send: [5b: 31 71 13 04 4C]
[01/01/09 01:33:11.741] 	recv: [3b: 31 71 13]
[01/01/09 01:33:11.753] send: [3b: 32 72 21]
[01/01/09 01:33:11.760] 	recv: [7b: 32 72 21 FF FF F9 E6]
[01/01/09 01:33:11.774] send: [3b: 31 72 21]
[01/01/09 01:33:11.780] 	recv: [7b: 31 72 21 00 00 06 54]
[01/01/09 01:33:11.794] send: [5b: 32 71 13 04 4C]
[01/01/09 01:33:11.801] 	recv: [3b: 32 71 13]
[01/01/09 01:33:11.815] send: [5b: 31 71 13 04 4C]
[01/01/09 01:33:11.822] 	recv: [3b: 31 71 13]
[01/01/09 01:33:11.834] send: [3b: 32 72 21]
[01/01/09 01:33:11.841] 	recv: [7b: 32 72 21 FF FF F9 8D]
[01/01/09 01:33:11.854] send: [3b: 31 72 21]
[01/01/09 01:33:11.861] 	recv: [7b: 31 72 21 00 00 06 AC]
[01/01/09 01:33:11.874] send: [5b: 32 71 13 04 4C]
[01/01/09 01:33:11.880] 	recv: [3b: 32 71 13]
[01/01/09 01:33:11.894] send: [5b: 31 71 13 04 4C]
[01/01/09 01:33:11.900] 	recv: [3b: 31 71 13]
[01/01/09 01:33:11.915] send: [3b: 32 72 21]
[01/01/09 01:33:11.923] 	recv: [7b: 32 72 21 FF FF F9 33]
[01/01/09 01:33:11.935] send: [3b: 31 72 21]
[01/01/09 01:33:11.942] 	recv: [7b: 31 72 21 00 00 07 05]
[01/01/09 01:33:11.955] send: [5b: 32 71 13 04 4C]
[01/01/09 01:33:11.961] 	recv: [3b: 32 71 13]
[01/01/09 01:33:11.975] send: [5b: 31 71 13 04 4C]
[01/01/09 01:33:11.980] 	recv: [3b: 31 71 13]
[01/01/09 01:33:11.995] send: [3b: 32 72 21]
[01/01/09 01:33:12.002] 	recv: [7b: 32 72 21 FF FF F8 DC]
[01/01/09 01:33:12.017] send: [3b: 31 72 21]
[01/01/09 01:33:12.026] 	recv: [7b: 31 72 21 00 00 07 60]
[01/01/09 01:33:12.035] send: [5b: 32 71 13 04 4C]
[01/01/09 01:33:12.041] 	recv: [3b: 32 71 13]
[01/01/09 01:33:12.055] send: [5b: 31 71 13 04 4C]
[01/01/09 01:33:12.061] 	recv: [3b: 31 71 13]
[01/01/09 01:33:12.075] send: [3b: 32 72 21]
[01/01/09 01:33:12.080] 	recv: [7b: 32 72 21 FF FF F8 85]
[01/01/09 01:33:12.093] send: [3b: 31 72 21]
[01/01/09 01:33:12.100] 	recv: [7b: 31 72 21 00 00 07 B3]
[01/01/09 01:33:12.101] send: [5b: 32 71 13 03 E8]
[01/01/09 01:33:12.107] 	recv: [3b: 32 71 13]
[01/01/09 01:33:12.114] send: [5b: 31 71 13 04 4C]
[01/01/09 01:33:12.120] 	recv: [3b: 31 71 13]
[01/01/09 01:33:12.134] send: [3b: 32 72 21]
[01/01/09 01:33:12.139] 	recv: [7b: 32 72 21 FF FF F8 47]
[01/01/09 01:33:12.155] send: [3b: 31 72 21]
[01/01/09 01:33:12.161] 	recv: [7b: 31 72 21 00 00 07 F7]
[01/01/09 01:33:12.173] send: [5b: 32 71 13 03 34]
[01/01/09 01:33:12.179] 	recv: [3b: 32 71 13]
[01/01/09 01:33:12.187] send: [5b: 31 71 13 04 4C]
[01/01/09 01:33:12.194] 	recv: [3b: 31 71 13]
[01/01/09 01:33:12.206] send: [3b: 32 72 21]
[01/01/09 01:33:12.213] 	recv: [7b: 32 72 21 FF FF F8 04]
[01/01/09 01:33:12.226] send: [3b: 31 72 21]
[01/01/09 01:33:12.233] 	recv: [7b: 31 72 21 00 00 08 45]
[01/01/09 01:33:12.247] send: [5b: 32 71 13 02 6C]
[01/01/09 01:33:12.254] 	recv: [3b: 32 71 13]
[01/01/09 01:33:12.267] send: [5b: 31 71 13 04 4C]
[01/01/09 01:33:12.277] send: [3b: 32 72 21]
[01/01/09 01:33:12.277] 	recv: [3b: 31 71 13]
[01/01/09 01:33:12.283] 	recv: [7b: 32 72 21 FF FF F7 D0]
[01/01/09 01:33:12.285] send: [5b: 31 71 13 04 4C]
[01/01/09 01:33:12.290] 	recv: [3b: 31 71 13]
[01/01/09 01:33:12.306] send: [5b: 32 71 13 01 CC]
[01/01/09 01:33:12.312] 	recv: [3b: 32 71 13]
[01/01/09 01:33:12.324] send: [3b: 31 72 21]
[01/01/09 01:33:12.331] 	recv: [7b: 31 72 21 00 00 08 B2]
[01/01/09 01:33:12.344] send: [3b: 32 72 21]
[01/01/09 01:33:12.350] 	recv: [7b: 32 72 21 FF FF F7 AC]
[01/01/09 01:33:12.352] send: [5b: 31 71 13 04 4C]
[01/01/09 01:33:12.357] 	recv: [3b: 31 71 13]
[01/01/09 01:33:12.364] send: [5b: 32 71 13 01 54]
[01/01/09 01:33:12.371] 	recv: [3b: 32 71 13]
[01/01/09 01:33:12.384] send: [3b: 31 72 21]
[01/01/09 01:33:12.391] 	recv: [7b: 31 72 21 00 00 08 F3]
[01/01/09 01:33:12.405] send: [3b: 32 72 21]
[01/01/09 01:33:12.412] 	recv: [7b: 32 72 21 FF FF F7 94]
[01/01/09 01:33:12.425] send: [5b: 31 71 13 04 4C]
[01/01/09 01:33:12.431] 	recv: [3b: 31 71 13]
[01/01/09 01:33:12.444] send: [5b: 32 71 13 01 18]
[01/01/09 01:33:12.450] 	recv: [3b: 32 71 13]
[01/01/09 01:33:12.465] send: [3b: 31 72 21]
[01/01/09 01:33:12.472] 	recv: [7b: 31 72 21 00 00 09 4D]
[01/01/09 01:33:12.485] send: [3b: 32 72 21]
[01/01/09 01:33:12.492] 	recv: [7b: 32 72 21 FF FF F7 7B]
[01/01/09 01:33:12.505] send: [5b: 31 71 13 04 4C]
[01/01/09 01:33:12.512] 	recv: [3b: 31 71 13]
[01/01/09 01:33:12.525] send: [5b: 32 71 13 00 C8]
[01/01/09 01:33:12.532] 	recv: [3b: 32 71 13]
[01/01/09 01:33:12.545] send: [3b: 31 72 21]
[01/01/09 01:33:12.552] 	recv: [7b: 31 72 21 00 00 09 A4]
[01/01/09 01:33:12.563] send: [3b: 32 72 21]
[01/01/09 01:33:12.570] 	recv: [7b: 32 72 21 FF FF F7 68]
[01/01/09 01:33:12.584] send: [5b: 31 71 13 04 4C]
[01/01/09 01:33:12.591] 	recv: [3b: 31 71 13]
[01/01/09 01:33:12.604] send: [5b: 32 71 13 00 8C]
[01/01/09 01:33:12.612] 	recv: [3b: 32 71 13]
[01/01/09 01:33:12.624] send: [3b: 31 72 21]
[01/01/09 01:33:12.632] 	recv: [7b: 31 72 21 00 00 09 FB]
[01/01/09 01:33:12.644] send: [3b: 32 72 21]
[01/01/09 01:33:12.651] 	recv: [7b: 32 72 21 FF FF F7 59]
[01/01/09 01:33:12.664] send: [5b: 31 71 13 04 10]
[01/01/09 01:33:12.671] 	recv: [3b: 31 71 13]
[01/01/09 01:33:12.684] send: [5b: 32 71 13 00 64]
[01/01/09 01:33:12.690] 	recv: [3b: 32 71 13]
[01/01/09 01:33:12.705] send: [3b: 31 72 21]
[01/01/09 01:33:12.712] 	recv: [7b: 31 72 21 00 00 0A 52]
[01/01/09 01:33:12.725] send: [3b: 32 72 21]
[01/01/09 01:33:12.732] 	recv: [7b: 32 72 21 FF FF F7 50]
[01/01/09 01:33:12.745] send: [5b: 31 71 13 03 0C]
[01/01/09 01:33:12.751] 	recv: [3b: 31 71 13]
[01/01/09 01:33:12.764] send: [5b: 32 71 13 00 64]
[01/01/09 01:33:12.771] 	recv: [3b: 32 71 13]
[01/01/09 01:33:12.783] send: [3b: 31 72 21]
[01/01/09 01:33:12.789] 	recv: [7b: 31 72 21 00 00 0A 9A]
[01/01/09 01:33:12.805] send: [3b: 32 72 21]
[01/01/09 01:33:12.812] 	recv: [7b: 32 72 21 FF FF F7 48]
[01/01/09 01:33:12.825] send: [5b: 31 71 13 02 30]
[01/01/09 01:33:12.832] 	recv: [3b: 31 71 13]
[01/01/09 01:33:12.844] send: [5b: 32 71 13 00 64]
[01/01/09 01:33:12.851] 	recv: [3b: 32 71 13]
[01/01/09 01:33:12.864] send: [3b: 31 72 21]
[01/01/09 01:33:12.871] 	recv: [7b: 31 72 21 00 00 0A D3]
[01/01/09 01:33:12.884] send: [3b: 32 72 21]
[01/01/09 01:33:12.891] 	recv: [7b: 32 72 21 FF FF F7 40]
[01/01/09 01:33:12.903] send: [5b: 31 71 13 01 90]
[01/01/09 01:33:12.911] 	recv: [3b: 31 71 13]
[01/01/09 01:33:12.924] send: [5b: 32 71 13 00 64]
[01/01/09 01:33:12.931] 	recv: [3b: 32 71 13]
[01/01/09 01:33:12.944] send: [3b: 31 72 21]
[01/01/09 01:33:12.951] 	recv: [7b: 31 72 21 00 00 0A FB]
[01/01/09 01:33:12.964] send: [3b: 32 72 21]
[01/01/09 01:33:12.970] 	recv: [7b: 32 72 21 FF FF F7 38]
[01/01/09 01:33:12.984] send: [5b: 31 71 13 01 18]
[01/01/09 01:33:12.991] 	recv: [3b: 31 71 13]
[01/01/09 01:33:13.004] send: [5b: 32 71 13 00 64]
[01/01/09 01:33:13.011] 	recv: [3b: 32 71 13]
[01/01/09 01:33:13.024] send: [3b: 31 72 21]
[01/01/09 01:33:13.031] 	recv: [7b: 31 72 21 00 00 0B 17]
[01/01/09 01:33:13.044] send: [3b: 32 72 21]
[01/01/09 01:33:13.051] 	recv: [7b: 32 72 21 FF FF F7 35]
[01/01/09 01:33:13.065] send: [5b: 31 71 13 00 C8]
[01/01/09 01:33:13.072] 	recv: [3b: 31 71 13]
[01/01/09 01:33:13.083] send: [5b: 32 71 13 00 64]
[01/01/09 01:33:13.090] 	recv: [3b: 32 71 13]
[01/01/09 01:33:13.104] send: [3b: 31 72 21]
[01/01/09 01:33:13.110] 	recv: [7b: 31 72 21 00 00 0B 2B]
[01/01/09 01:33:13.123] send: [3b: 32 72 21]
[01/01/09 01:33:13.131] 	recv: [7b: 32 72 21 FF FF F7 35]
[01/01/09 01:33:13.144] send: [5b: 31 71 13 00 8C]
[01/01/09 01:33:13.151] 	recv: [3b: 31 71 13]
[01/01/09 01:33:13.165] send: [5b: 32 71 13 00 64]
[01/01/09 01:33:13.172] 	recv: [3b: 32 71 13]
[01/01/09 01:33:13.184] send: [3b: 31 72 21]
[01/01/09 01:33:13.191] 	recv: [7b: 31 72 21 00 00 0B 39]
[01/01/09 01:33:13.204] send: [3b: 32 72 21]
[01/01/09 01:33:13.211] 	recv: [7b: 32 72 21 FF FF F7 35]
[01/01/09 01:33:13.224] send: [5b: 31 71 13 00 64]
[01/01/09 01:33:13.231] 	recv: [3b: 31 71 13]
[01/01/09 01:33:13.244] send: [5b: 32 71 13 00 64]
[01/01/09 01:33:13.250] 	recv: [3b: 32 71 13]
[01/01/09 01:33:13.263] send: [3b: 31 72 21]
[01/01/09 01:33:13.270] 	recv: [7b: 31 72 21 00 00 0B 43]
[01/01/09 01:33:13.284] send: [3b: 32 72 21]
[01/01/09 01:33:13.290] 	recv: [7b: 32 72 21 FF FF F7 35]
[01/01/09 01:33:13.304] send: [5b: 31 71 13 00 64]
[01/01/09 01:33:13.309] 	recv: [3b: 31 71 13]
[01/01/09 01:33:13.323] send: [5b: 32 71 13 00 64]
[01/01/09 01:33:13.329] 	recv: [3b: 32 71 13]
[01/01/09 01:33:13.344] send: [3b: 31 72 21]
[01/01/09 01:33:13.351] 	recv: [7b: 31 72 21 00 00 0B 4B]
[01/01/09 01:33:13.364] send: [3b: 32 72 21]
[01/01/09 01:33:13.371] 	recv: [7b: 32 72 21 FF FF F7 35]
[01/01/09 01:33:13.384] send: [5b: 31 71 13 00 64]
[01/01/09 01:33:13.391] 	recv: [3b: 31 71 13]
[01/01/09 01:33:13.405] send: [5b: 32 71 13 00 64]
[01/01/09 01:33:13.410] 	recv: [3b: 32 71 13]
[01/01/09 01:33:13.424] send: [3b: 31 72 21]
[01/01/09 01:33:13.431] 	recv: [7b: 31 72 21 00 00 0B 53]
[01/01/09 01:33:13.445] send: [3b: 32 72 21]
[01/01/09 01:33:13.451] 	recv: [7b: 32 72 21 FF FF F7 35]
[01/01/09 01:33:13.465] send: [5b: 31 71 13 00 64]
[01/01/09 01:33:13.471] 	recv: [3b: 31 71 13]
[01/01/09 01:33:13.486] send: [5b: 32 71 13 00 64]
[01/01/09 01:33:13.493] 	recv: [3b: 32 71 13]
[01/01/09 01:33:13.506] send: [3b: 31 72 21]
[01/01/09 01:33:13.513] 	recv: [7b: 31 72 21 00 00 0B 5B]
[01/01/09 01:33:13.524] send: [3b: 32 72 21]
[01/01/09 01:33:13.532] 	recv: [7b: 32 72 21 FF FF F7 35]
[01/01/09 01:33:13.544] send: [5b: 31 71 13 00 64]
[01/01/09 01:33:13.552] 	recv: [3b: 31 71 13]
[01/01/09 01:33:13.568] send: [5b: 32 71 13 00 64]
[01/01/09 01:33:13.575] send: [3b: 31 72 21]
[01/01/09 01:33:13.575] 	recv: [3b: 32 71 13]
[01/01/09 01:33:13.580] 	recv: [7b: 31 72 21 00 00 0B 5B]
[01/01/09 01:33:13.582] send: [5b: 32 71 13 00 64]
[01/01/09 01:33:13.587] 	recv: [3b: 32 71 13]
[01/01/09 01:33:13.594] send: [5b: 31 71 13 00 64]
[01/01/09 01:33:13.601] 	recv: [3b: 31 71 13]
[01/01/09 01:33:13.614] send: [3b: 32 72 21]
[01/01/09 01:33:13.620] 	recv: [7b: 32 72 21 FF FF F7 35]
[01/01/09 01:33:13.634] send: [3b: 31 72 21]
[01/01/09 01:33:13.640] 	recv: [7b: 31 72 21 00 00 0B 5B]
[01/01/09 01:33:13.642] send: [5b: 32 71 13 00 64]
[01/01/09 01:33:13.647] 	recv: [3b: 32 71 13]
[01/01/09 01:33:13.654] send: [5b: 31 71 13 00 64]
[01/01/09 01:33:13.660] 	recv: [3b: 31 71 13]
[01/01/09 01:33:13.675] send: [3b: 32 72 21]
[01/01/09 01:33:13.681] 	recv: [7b: 32 72 21 FF FF F7 35]
[01/01/09 01:33:13.694] send: [3b: 31 72 21]
[01/01/09 01:33:13.700] 	recv: [7b: 31 72 21 00 00 0B 5B]
[01/01/09 01:33:13.714] send: [5b: 32 71 13 00 64]
[01/01/09 01:33:13.720] 	recv: [3b: 32 71 13]
[01/01/09 01:33:13.735] send: [5b: 31 71 13 00 64]
[01/01/09 01:33:13.741] 	recv: [3b: 31 71 13]
[01/01/09 01:33:13.757] send: [3b: 32 72 21]
[01/01/09 01:33:13.763] 	recv: [7b: 32 72 21 FF FF F7 35]
[01/01/09 01:33:13.773] send: [3b: 31 72 21]
[01/01/09 01:33:13.780] 	recv: [7b: 31 72 21 00 00 0B 5B]
[01/01/09 01:33:13.793] send: [5b: 32 71 13 00 64]
[01/01/09 01:33:13.799] 	recv: [3b: 32 71 13]
[01/01/09 01:33:13.813] send: [5b: 31 71 13 00 64]
[01/01/09 01:33:13.819] 	recv: [3b: 31 71 13]
[01/01/09 01:33:13.834] send: [3b: 32 72 21]
[01/01/09 01:33:13.841] 	recv: [7b: 32 72 21 FF FF F7 35]
[01/01/09 01:33:13.855] send: [3b: 31 72 21]
[01/01/09 01:33:13.861] 	recv: [7b: 31 72 21 00 00 0B 5B]
[01/01/09 01:33:13.874] send: [5b: 32 71 13 00 64]
[01/01/09 01:33:13.881] 	recv: [3b: 32 71 13]
[01/01/09 01:33:13.894] send: [5b: 31 71 13 00 64]
[01/01/09 01:33:13.900] 	recv: [3b: 31 71 13]
[01/01/09 01:33:13.914] send: [3b: 32 72 21]
[01/01/09 01:33:13.920] 	recv: [7b: 32 72 21 FF FF F7 35]
[01/01/09 01:33:13.934] send: [3b: 31 72 21]
[01/01/09 01:33:13.940] 	recv: [7b: 31 72 21 00 00 0B 5B]
[01/01/09 01:33:13.953] send: [5b: 32 71 13 00 64]
[01/01/09 01:33:13.959] 	recv: [3b: 32 71 13]
[01/01/09 01:33:13.976] send: [5b: 31 71 13 00 64]
[01/01/09 01:33:13.981] 	recv: [3b: 31 71 13]
[01/01/09 01:33:13.994] send: [3b: 32 72 21]
[01/01/09 01:33:14.000] 	recv: [7b: 32 72 21 FF FF F7 35]
[01/01/09 01:33:14.017] send: [3b: 31 72 21]
[01/01/09 01:33:14.023] 	recv: [7b: 31 72 21 00 00 0B 5B]
[01/01/09 01:33:14.045] send: [5b: 32 71 13 00 64]
[01/01/09 01:33:14.051] 	recv: [3b: 32 71 13]
[01/01/09 01:33:14.067] send: [5b: 31 71 13 00 64]
[01/01/09 01:33:14.077] send: [3b: 32 72 21]
[01/01/09 01:33:14.077] 	recv: [3b: 31 71 13]
[01/01/09 01:33:14.083] 	recv: [7b: 32 72 21 FF FF F7 35]
[01/01/09 01:33:14.084] send: [5b: 31 71 13 00 64]
[01/01/09 01:33:14.089] 	recv: [3b: 31 71 13]
[01/01/09 01:33:14.114] send: [5b: 32 71 13 00 64]
[01/01/09 01:33:14.121] 	recv: [3b: 32 71 13]
[01/01/09 01:33:14.133] send: [3b: 31 72 21]
[01/01/09 01:33:14.140] 	recv: [7b: 31 72 21 00 00 0B 5B]
[01/01/09 01:33:14.157] send: [3b: 32 72 21]
[01/01/09 01:33:14.167] 	recv: [7b: 32 72 21 FF FF F7 35]
[01/01/09 01:33:14.176] send: [5b: 32 71 13 00 64]
[01/01/09 01:33:14.181] 	recv: [3b: 32 71 13]
[01/01/09 01:33:14.194] send: [5b: 31 71 13 00 64]
[01/01/09 01:33:14.199] 	recv: [3b: 31 71 13]
[01/01/09 01:33:14.214] send: [3b: 32 72 21]
[01/01/09 01:33:14.219] 	recv: [7b: 32 72 21 FF FF F7 35]
[01/01/09 01:33:14.234] send: [3b: 31 72 21]
[01/01/09 01:33:14.240] 	recv: [7b: 31 72 21 00 00 0B 5B]
[01/01/09 01:33:14.241] send: [5b: 32 71 13 00 64]
[01/01/09 01:33:14.247] 	recv: [3b: 32 71 13]
[01/01/09 01:33:14.264] send: [5b: 31 71 13 00 64]
[01/01/09 01:33:14.270] 	recv: [3b: 31 71 13]
[01/01/09 01:33:14.284] send: [3b: 32 72 21]
[01/01/09 01:33:14.293] 	recv: [7b: 32 72 21 FF FF F7 35]
[01/01/09 01:33:14.304] send: [3b: 31 72 21]
[01/01/09 01:33:14.312] 	recv: [7b: 31 72 21 00 00 0B 5B]
[01/01/09 01:33:14.325] send: [5b: 32 71 13 00 64]
[01/01/09 01:33:14.333] 	recv: [3b: 32 71 13]
[01/01/09 01:33:14.345] send: [5b: 31 71 13 00 64]
[01/01/09 01:33:14.350] 	recv: [3b: 31 71 13]
[01/01/09 01:33:14.357] send: [3b: 32 72 21]
[01/01/09 01:33:14.363] 	recv: [7b: 32 72 21 FF FF F7 35]
[01/01/09 01:33:14.375] send: [3b: 31 72 21]
[01/01/09 01:33:14.381] 	recv: [7b: 31 72 21 00 00 0B 5B]
[01/01/09 01:33:14.394] send: [5b: 32 71 13 00 64]
[01/01/09 01:33:14.399] 	recv: [3b: 32 71 13]
[01/01/09 01:33:14.413] send: [5b: 31 71 13 00 64]
[01/01/09 01:33:14.419] 	recv: [3b: 31 71 13]
[01/01/09 01:33:14.433] send: [3b: 32 72 21]
[01/01/09 01:33:14.439] 	recv: [7b: 32 72 21 FF FF F7 35]
[01/01/09 01:33:14.446] send: [3b: 31 72 21]
[01/01/09 01:33:14.453] 	recv: [7b: 31 72 21 00 00 0B 5B]
[01/01/09 01:33:14.464] send: [5b: 32 71 13 00 64]
[01/01/09 01:33:14.470] 	recv: [3b: 32 71 13]
[01/01/09 01:33:14.485] send: [5b: 31 71 13 00 64]
[01/01/09 01:33:14.491] 	recv: [3b: 31 71 13]
[01/01/09 01:33:14.505] send: [3b: 32 72 21]
[01/01/09 01:33:14.512] 	recv: [7b: 32 72 21 FF FF F7 35]
[01/01/09 01:33:14.525] send: [3b: 31 72 21]
[01/01/09 01:33:14.532] 	recv: [7b: 31 72 21 00 00 0B 5B]
[01/01/09 01:33:14.546] send: [5b: 32 71 13 00 64]
[01/01/09 01:33:14.552] 	recv: [3b: 32 71 13]
[01/01/09 01:33:14.566] send: [5b: 31 71 13 00 64]
[01/01/09 01:33:14.573] 	recv: [3b: 31 71 13]
[01/01/09 01:33:14.584] send: [3b: 32 72 21]
[01/01/09 01:33:14.592] 	recv: [7b: 32 72 21 FF FF F7 35]
[01/01/09 01:33:14.607] send: [3b: 31 72 21]
[01/01/09 01:33:14.616] 	recv: [7b: 31 72 21 00 00 0B 5B]
[01/01/09 01:33:14.627] send: [5b: 32 71 13 00 64]
[01/01/09 01:33:14.637] send: [3b: 32 72 21]
[01/01/09 01:33:14.637] 	recv: [3b: 32 71 13]
[01/01/09 01:33:14.643] 	recv: [7b: 32 72 21 FF FF F7 35]
[01/01/09 01:33:14.657] send: [3b: 31 72 21]
[01/01/09 01:33:14.664] 	recv: [7b: 31 72 21 00 00 0B 5B]
[01/01/09 01:33:14.674] send: [5b: 32 71 13 00 64]
[01/01/09 01:33:14.680] 	recv: [3b: 32 71 13]
[01/01/09 01:33:14.694] send: [5b: 31 71 13 00 64]
[01/01/09 01:33:14.701] 	recv: [3b: 31 71 13]
[01/01/09 01:33:14.713] send: [3b: 32 72 21]
[01/01/09 01:33:14.720] 	recv: [7b: 32 72 21 FF FF F7 35]
[01/01/09 01:33:14.733] send: [3b: 31 72 21]
[01/01/09 01:33:14.741] 	recv: [7b: 31 72 21 00 00 0B 5B]
[01/01/09 01:33:14.754] send: [5b: 32 71 13 00 64]
[01/01/09 01:33:14.761] 	recv: [3b: 32 71 13]
[01/01/09 01:33:14.775] send: [5b: 31 71 13 00 64]
[01/01/09 01:33:14.782] 	recv: [3b: 31 71 13]
[01/01/09 01:33:14.793] send: [3b: 32 72 21]
[01/01/09 01:33:14.799] 	recv: [7b: 32 72 21 FF FF F7 35]
[01/01/09 01:33:14.815] send: [3b: 31 72 21]
[01/01/09 01:33:14.822] 	recv: [7b: 31 72 21 00 00 0B 5B]
[01/01/09 01:33:14.833] send: [5b: 32 71 13 00 64]
[01/01/09 01:33:14.839] 	recv: [3b: 32 71 13]
[01/01/09 01:33:14.854] send: [5b: 31 71 13 00 64]
[01/01/09 01:33:14.861] 	recv: [3b: 31 71 13]
[01/01/09 01:33:14.874] send: [3b: 32 72 21]
[01/01/09 01:33:14.881] 	recv: [7b: 32 72 21 FF FF F7 35]
[01/01/09 01:33:14.894] send: [3b: 31 72 21]
[01/01/09 01:33:14.902] 	recv: [7b: 31 72 21 00 00 0B 5B]
[01/01/09 01:33:14.913] send: [5b: 32 71 13 00 64]
[01/01/09 01:33:14.921] 	recv: [3b: 32 71 13]
[01/01/09 01:33:14.934] send: [5b: 31 71 13 00 64]
[01/01/09 01:33:14.941] 	recv: [3b: 31 71 13]
[01/01/09 01:33:14.955] send: [3b: 32 72 21]
[01/01/09 01:33:14.962] 	recv: [7b: 32 72 21 FF FF F7 35]
[01/01/09 01:33:14.974] send: [3b: 31 72 21]
[01/01/09 01:33:14.980] 	recv: [7b: 31 72 21 00 00 0B 5B]
[01/01/09 01:33:14.995] send: [5b: 32 71 13 00 64]
[01/01/09 01:33:15.001] 	recv: [3b: 32 71 13]
[01/01/09 01:33:15.014] send: [5b: 31 71 13 00 64]
[01/01/09 01:33:15.020] 	recv: [3b: 31 71 13]
[01/01/09 01:33:15.035] send: [3b: 32 72 21]
[01/01/09 01:33:15.042] 	recv: [7b: 32 72 21 FF FF F7 35]
[01/01/09 01:33:15.055] send: [3b: 31 72 21]
[01/01/09 01:33:15.062] 	recv: [7b: 31 72 21 00 00 0B 5B]
[01/01/09 01:33:15.075] send: [5b: 32 71 13 00 64]
[01/01/09 01:33:15.082] 	recv: [3b: 32 71 13]
[01/01/09 01:33:15.095] send: [5b: 31 71 13 00 64]
[01/01/09 01:33:15.101] 	recv: [3b: 31 71 13]
[01/01/09 01:33:15.118] send: [3b: 32 72 21]
[01/01/09 01:33:15.125] 	recv: [7b: 32 72 21 FF FF F7 35]
[01/01/09 01:33:15.137] send: [3b: 31 72 21]
[01/01/09 01:33:15.143] 	recv: [7b: 31 72 21 00 00 0B 5B]
[01/01/09 01:33:15.157] send: [5b: 32 71 13 00 64]
[01/01/09 01:33:15.163] 	recv: [3b: 32 71 13]
[01/01/09 01:33:15.164] send: [5b: 31 71 13 00 64]
[01/01/09 01:33:15.169] 	recv: [3b: 31 71 13]
[01/01/09 01:33:15.185] send: [3b: 32 72 21]
[01/01/09 01:33:15.191] 	recv: [7b: 32 72 21 FF FF F7 35]
[01/01/09 01:33:15.203] send: [3b: 31 72 21]
[01/01/09 01:33:15.210] 	recv: [7b: 31 72 21 00 00 0B 5B]
[01/01/09 01:33:15.223] send: [5b: 32 71 13 00 64]
[01/01/09 01:33:15.230] 	recv: [3b: 32 71 13]
[01/01/09 01:33:15.245] send: [5b: 31 71 13 00 64]
[01/01/09 01:33:15.252] 	recv: [3b: 31 71 13]
[01/01/09 01:33:15.265] send: [3b: 32 72 21]
[01/01/09 01:33:15.272] 	recv: [7b: 32 72 21 FF FF F7 35]
[01/01/09 01:33:15.283] send: [3b: 31 72 21]
[01/01/09 01:33:15.289] 	recv: [7b: 31 72 21 00 00 0B 5B]
[01/01/09 01:33:15.303] send: [5b: 32 71 13 00 64]
[01/01/09 01:33:15.310] 	recv: [3b: 32 71 13]
[01/01/09 01:33:15.323] send: [5b: 31 71 13 00 64]
[01/01/09 01:33:15.331] 	recv: [3b: 31 71 13]
[01/01/09 01:33:15.344] send: [3b: 32 72 21]
[01/01/09 01:33:15.351] 	recv: [7b: 32 72 21 FF FF F7 35]
[01/01/09 01:33:15.364] send: [3b: 31 72 21]
[01/01/09 01:33:15.372] 	recv: [7b: 31 72 21 00 00 0B 5B]
[01/01/09 01:33:15.384] send: [5b: 32 71 13 00 64]
[01/01/09 01:33:15.392] 	recv: [3b: 32 71 13]
[01/01/09 01:33:15.404] send: [5b: 31 71 13 00 64]
[01/01/09 01:33:15.410] 	recv: [3b: 31 71 13]
[01/01/09 01:33:15.424] send: [3b: 32 72 21]
[01/01/09 01:33:15.431] 	recv: [7b: 32 72 21 FF FF F7 35]
[01/01/09 01:33:15.443] send: [3b: 31 72 21]
[01/01/09 01:33:15.451] 	recv: [7b: 31 72 21 00 00 0B 5B]
[01/01/09 01:33:15.464] send: [5b: 32 71 13 00 64]
[01/01/09 01:33:15.471] 	recv: [3b: 32 71 13]
[01/01/09 01:33:15.484] send: [5b: 31 71 13 00 64]
[01/01/09 01:33:15.491] 	recv: [3b: 31 71 13]
[01/01/09 01:33:15.504] send: [3b: 32 72 21]
[01/01/09 01:33:15.510] 	recv: [7b: 32 72 21 FF FF F7 35]
[01/01/09 01:33:15.525] send: [3b: 31 72 21]
[01/01/09 01:33:15.532] 	recv: [7b: 31 72 21 00 00 0B 5B]
[01/01/09 01:33:15.545] send: [5b: 32 71 13 00 64]
[01/01/09 01:33:15.552] 	recv: [3b: 32 71 13]
[01/01/09 01:33:15.564] send: [5b: 31 71 13 00 64]
[01/01/09 01:33:15.571] 	recv: [3b: 31 71 13]
[01/01/09 01:33:15.586] send: [3b: 32 72 21]
[01/01/09 01:33:15.593] 	recv: [7b: 32 72 21 FF FF F7 35]
[01/01/09 01:33:15.606] send: [3b: 31 72 21]
[01/01/09 01:33:15.616] 	recv: [7b: 31 72 21 00 00 0B 5B]
[01/01/09 01:33:15.626] send: [5b: 32 71 13 00 64]
[01/01/09 01:33:15.633] 	recv: [3b: 32 71 13]
[01/01/09 01:33:15.643] send: [5b: 31 71 13 00 64]
[01/01/09 01:33:15.650] 	recv: [3b: 31 71 13]
[01/01/09 01:33:15.665] send: [3b: 32 72 21]
[01/01/09 01:33:15.671] 	recv: [7b: 32 72 21 FF FF F7 35]
[01/01/09 01:33:15.684] send: [3b: 31 72 21]
[01/01/09 01:33:15.690] 	recv: [7b: 31 72 21 00 00 0B 5B]
[01/01/09 01:33:15.693] send: [5b: 32 71 13 00 64]
[01/01/09 01:33:15.698] 	recv: [3b: 32 71 13]
[01/01/09 01:33:15.713] send: [5b: 31 71 13 00 64]
[01/01/09 01:33:15.720] 	recv: [3b: 31 71 13]
[01/01/09 01:33:15.734] send: [3b: 32 72 21]
[01/01/09 01:33:15.741] 	recv: [7b: 32 72 21 FF FF F7 35]
[01/01/09 01:33:15.753] send: [3b: 31 72 21]
[01/01/09 01:33:15.760] 	recv: [7b: 31 72 21 00 00 0B 5B]
[01/01/09 01:33:15.775] send: [5b: 32 71 13 00 64]
[01/01/09 01:33:15.781] 	recv: [3b: 32 71 13]
[01/01/09 01:33:15.793] send: [5b: 31 71 13 00 64]
[01/01/09 01:33:15.798] 	recv: [3b: 31 71 13]
[01/01/09 01:33:15.806] send: [3b: 32 72 21]
[01/01/09 01:33:15.813] 	recv: [7b: 32 72 21 FF FF F7 35]
[01/01/09 01:33:15.826] send: [3b: 31 72 21]
[01/01/09 01:33:15.833] 	recv: [7b: 31 72 21 00 00 0B 5B]
[01/01/09 01:33:15.844] send: [5b: 32 71 13 00 64]
[01/01/09 01:33:15.850] 	recv: [3b: 32 71 13]
[01/01/09 01:33:15.865] send: [5b: 31 71 13 00 64]
[01/01/09 01:33:15.872] 	recv: [3b: 31 71 13]
[01/01/09 01:33:15.884] send: [3b: 32 72 21]
[01/01/09 01:33:15.892] 	recv: [7b: 32 72 21 FF FF F7 35]
[01/01/09 01:33:15.904] send: [3b: 31 72 21]
[01/01/09 01:33:15.911] 	recv: [7b: 31 72 21 00 00 0B 5B]
[01/01/09 01:33:15.924] send: [5b: 32 71 13 00 64]
[01/01/09 01:33:15.931] 	recv: [3b: 32 71 13]
[01/01/09 01:33:15.944] send: [5b: 31 71 13 00 64]
[01/01/09 01:33:15.951] 	recv: [3b: 31 71 13]
[01/01/09 01:33:15.964] send: [3b: 32 72 21]
[01/01/09 01:33:15.969] 	recv: [7b: 32 72 21 FF FF F7 35]
[01/01/09 01:33:15.984] send: [3b: 31 72 21]
[01/01/09 01:33:15.992] 	recv: [7b: 31 72 21 00 00 0B 5B]
[01/01/09 01:33:16.004] send: [5b: 32 71 13 00 64]
[01/01/09 01:33:16.011] 	recv: [3b: 32 71 13]
[01/01/09 01:33:16.024] send: [5b: 31 71 13 00 64]
[01/01/09 01:33:16.031] 	recv: [3b: 31 71 13]
[01/01/09 01:33:16.044] send: [3b: 32 72 21]
[01/01/09 01:33:16.052] 	recv: [7b: 32 72 21 FF FF F7 35]
[01/01/09 01:33:16.064] send: [3b: 31 72 21]
[01/01/09 01:33:16.071] 	recv: [7b: 31 72 21 00 00 0B 5B]
[01/01/09 01:33:16.084] send: [5b: 32 71 13 00 64]
[01/01/09 01:33:16.091] 	recv: [3b: 32 71 13]
[01/01/09 01:33:16.105] send: [5b: 31 71 13 00 64]
[01/01/09 01:33:16.112] 	recv: [3b: 31 71 13]
[01/01/09 01:33:16.124] send: [3b: 32 72 21]
[01/01/09 01:33:16.132] 	recv: [7b: 32 72 21 FF FF F7 35]
[01/01/09 01:33:16.144] send: [3b: 31 72 21]
[01/01/09 01:33:16.152] 	recv: [7b: 31 72 21 00 00 0B 5B]
[01/01/09 01:33:16.163] send: [5b: 32 71 13 00 64]
[01/01/09 01:33:16.169] 	recv: [3b: 32 71 13]
[01/01/09 01:33:16.184] send: [5b: 31 71 13 00 64]
[01/01/09 01:33:16.190] 	recv: [3b: 31 71 13]
[01/01/09 01:33:16.204] send: [3b: 32 72 21]
[01/01/09 01:33:16.211] 	recv: [7b: 32 72 21 FF FF F7 35]
[01/01/09 01:33:16.223] send: [3b: 31 72 21]
[01/01/09 01:33:16.229] 	recv: [7b: 31 72 21 00 00 0B 5B]
[01/01/09 01:33:16.245] send: [5b: 32 71 13 00 64]
[01/01/09 01:33:16.253] 	recv: [3b: 32 71 13]
[01/01/09 01:33:16.264] send: [5b: 31 71 13 00 64]
[01/01/09 01:33:16.271] 	recv: [3b: 31 71 13]
[01/01/09 01:33:16.284] send: [3b: 32 72 21]
[01/01/09 01:33:16.290] 	recv: [7b: 32 72 21 FF FF F7 35]
[01/01/09 01:33:16.303] send: [3b: 31 72 21]
[01/01/09 01:33:16.311] 	recv: [7b: 31 72 21 00 00 0B 5B]
[01/01/09 01:33:16.324] send: [5b: 32 71 13 00 64]
[01/01/09 01:33:16.331] 	recv: [3b: 32 71 13]
[01/01/09 01:33:16.345] send: [5b: 31 71 13 00 64]
[01/01/09 01:33:16.352] 	recv: [3b: 31 71 13]
[01/01/09 01:33:16.364] send: [3b: 32 72 21]
[01/01/09 01:33:16.373] 	recv: [7b: 32 72 21 FF FF F7 35]
[01/01/09 01:33:16.385] send: [3b: 31 72 21]
[01/01/09 01:33:16.391] 	recv: [7b: 31 72 21 00 00 0B 5B]
[01/01/09 01:33:16.404] send: [5b: 32 71 13 00 64]
[01/01/09 01:33:16.410] 	recv: [3b: 32 71 13]
[01/01/09 01:33:16.424] send: [5b: 31 71 13 00 64]
[01/01/09 01:33:16.430] 	recv: [3b: 31 71 13]
[01/01/09 01:33:16.444] send: [3b: 32 72 21]
[01/01/09 01:33:16.452] 	recv: [7b: 32 72 21 FF FF F7 35]
[01/01/09 01:33:16.465] send: [3b: 31 72 21]
[01/01/09 01:33:16.474] 	recv: [7b: 31 72 21 00 00 0B 5B]
[01/01/09 01:33:16.485] send: [5b: 32 71 13 00 64]
[01/01/09 01:33:16.492] 	recv: [3b: 32 71 13]
[01/01/09 01:33:16.505] send: [5b: 31 71 13 00 64]
[01/01/09 01:33:16.511] 	recv: [3b: 31 71 13]
[01/01/09 01:33:16.523] send: [3b: 32 72 21]
[01/01/09 01:33:16.530] 	recv: [7b: 32 72 21 FF FF F7 35]
[01/01/09 01:33:16.544] send: [3b: 31 72 21]
[01/01/09 01:33:16.551] 	recv: [7b: 31 72 21 00 00 0B 5B]
[01/01/09 01:33:16.563] send: [5b: 32 71 13 00 64]
[01/01/09 01:33:16.569] 	recv: [3b: 32 71 13]
[01/01/09 01:33:16.584] send: [5b: 31 71 13 00 64]
[01/01/09 01:33:16.589] 	recv: [3b: 31 71 13]
[01/01/09 01:33:16.604] send: [3b: 32 72 21]
[01/01/09 01:33:16.611] 	recv: [7b: 32 72 21 FF FF F7 35]
[01/01/09 01:33:16.624] send: [3b: 31 72 21]
[01/01/09 01:33:16.632] 	recv: [7b: 31 72 21 00 00 0B 5B]
[01/01/09 01:33:16.644] send: [5b: 32 71 13 00 64]
[01/01/09 01:33:16.651] 	recv: [3b: 32 71 13]
[01/01/09 01:33:16.664] send: [5b: 31 71 13 00 64]
[01/01/09 01:33:16.669] 	recv: [3b: 31 71 13]
[01/01/09 01:33:16.685] send: [3b: 32 72 21]
[01/01/09 01:33:16.690] 	recv: [7b: 32 72 21 FF FF F7 35]
[01/01/09 01:33:16.705] send: [3b: 31 72 21]
[01/01/09 01:33:16.713] 	recv: [7b: 31 72 21 00 00 0B 5B]
[01/01/09 01:33:16.724] send: [5b: 32 71 13 00 64]
[01/01/09 01:33:16.731] 	recv: [3b: 32 71 13]
[01/01/09 01:33:16.746] send: [5b: 31 71 13 00 64]
[01/01/09 01:33:16.753] 	recv: [3b: 31 71 13]
[01/01/09 01:33:16.764] send: [3b: 32 72 21]
[01/01/09 01:33:16.771] 	recv: [7b: 32 72 21 FF FF F7 35]
[01/01/09 01:33:16.784] send: [3b: 31 72 21]
[01/01/09 01:33:16.791] 	recv: [7b: 31 72 21 00 00 0B 5B]
[01/01/09 01:33:16.805] send: [5b: 32 71 13 00 64]
[01/01/09 01:33:16.811] 	recv: [3b: 32 71 13]
[01/01/09 01:33:16.824] send: [5b: 31 71 13 00 64]
[01/01/09 01:33:16.830] 	recv: [3b: 31 71 13]
[01/01/09 01:33:16.845] send: [3b: 32 72 21]
[01/01/09 01:33:16.852] 	recv: [7b: 32 72 21 FF FF F7 35]
[01/01/09 01:33:16.865] send: [3b: 31 72 21]
[01/01/09 01:33:16.872] 	recv: [7b: 31 72 21 00 00 0B 5B]
[01/01/09 01:33:16.885] send: [5b: 32 71 13 00 64]
[01/01/09 01:33:16.891] 	recv: [3b: 32 71 13]
[01/01/09 01:33:16.906] send: [5b: 31 71 13 00 64]
[01/01/09 01:33:16.913] 	recv: [3b: 31 71 13]
[01/01/09 01:33:16.926] send: [3b: 32 72 21]
[01/01/09 01:33:16.935] 	recv: [7b: 32 72 21 FF FF F7 35]
[01/01/09 01:33:16.948] send: [3b: 31 72 21]
[01/01/09 01:33:16.956] 	recv: [7b: 31 72 21 00 00 0B 5B]
[01/01/09 01:33:16.968] send: [5b: 32 71 13 00 64]
[01/01/09 01:33:16.973] 	recv: [3b: 32 71 13]
[01/01/09 01:33:16.976] send: [5b: 31 71 13 00 64]
[01/01/09 01:33:16.981] 	recv: [3b: 31 71 13]
[01/01/09 01:33:16.994] send: [3b: 32 72 21]
[01/01/09 01:33:17.000] 	recv: [7b: 32 72 21 FF FF F7 35]
[01/01/09 01:33:17.015] send: [3b: 31 72 21]
[01/01/09 01:33:17.023] 	recv: [7b: 31 72 21 00 00 0B 5B]
[01/01/09 01:33:17.036] send: [5b: 32 71 13 00 64]
[01/01/09 01:33:17.043] 	recv: [3b: 32 71 13]
[01/01/09 01:33:17.055] send: [5b: 31 71 13 00 64]
[01/01/09 01:33:17.063] 	recv: [3b: 31 71 13]
[01/01/09 01:33:17.074] send: [3b: 32 72 21]
[01/01/09 01:33:17.081] 	recv: [7b: 32 72 21 FF FF F7 35]
[01/01/09 01:33:17.096] send: [3b: 31 72 21]
[01/01/09 01:33:17.103] 	recv: [7b: 31 72 21 00 00 0B 5B]
[01/01/09 01:33:17.115] send: [5b: 32 71 13 00 64]
[01/01/09 01:33:17.123] 	recv: [3b: 32 71 13]
[01/01/09 01:33:17.136] send: [5b: 31 71 13 00 64]
[01/01/09 01:33:17.142] 	recv: [3b: 31 71 13]
[01/01/09 01:33:17.156] send: [3b: 32 72 21]
[01/01/09 01:33:17.165] 	recv: [7b: 32 72 21 FF FF F7 35]
[01/01/09 01:33:17.176] send: [3b: 31 72 21]
[01/01/09 01:33:17.185] 	recv: [7b: 31 72 21 00 00 0B 5B]
[01/01/09 01:33:17.196] send: [5b: 32 71 13 00 64]
[01/01/09 01:33:17.203] 	recv: [3b: 32 71 13]
[01/01/09 01:33:17.213] send: [5b: 31 71 13 00 64]
[01/01/09 01:33:17.220] 	recv: [3b: 31 71 13]
[01/01/09 01:33:17.234] send: [3b: 32 72 21]
[01/01/09 01:33:17.241] 	recv: [7b: 32 72 21 FF FF F7 35]
[01/01/09 01:33:17.254] send: [3b: 31 72 21]
[01/01/09 01:33:17.260] 	recv: [7b: 31 72 21 00 00 0B 5B]
[01/01/09 01:33:17.263] send: [5b: 32 71 13 00 64]
[01/01/09 01:33:17.269] 	recv: [3b: 32 71 13]
[01/01/09 01:33:17.283] send: [5b: 31 71 13 00 64]
[01/01/09 01:33:17.289] 	recv: [3b: 31 71 13]
[01/01/09 01:33:17.304] send: [3b: 32 72 21]
[01/01/09 01:33:17.311] 	recv: [7b: 32 72 21 FF FF F7 35]
[01/01/09 01:33:17.325] send: [3b: 31 72 21]
[01/01/09 01:33:17.332] 	recv: [7b: 31 72 21 00 00 0B 5B]
[01/01/09 01:33:17.344] send: [5b: 32 71 13 00 64]
[01/01/09 01:33:17.350] 	recv: [3b: 32 71 13]
[01/01/09 01:33:17.364] send: [5b: 31 71 13 00 64]
[01/01/09 01:33:17.371] 	recv: [3b: 31 71 13]
[01/01/09 01:33:17.384] send: [3b: 32 72 21]
[01/01/09 01:33:17.390] 	recv: [7b: 32 72 21 FF FF F7 35]
[01/01/09 01:33:17.404] send: [3b: 31 72 21]
[01/01/09 01:33:17.411] 	recv: [7b: 31 72 21 00 00 0B 5B]
[01/01/09 01:33:17.424] send: [5b: 32 71 13 00 64]
[01/01/09 01:33:17.431] 	recv: [3b: 32 71 13]
[01/01/09 01:33:17.445] send: [5b: 31 71 13 00 64]
[01/01/09 01:33:17.453] 	recv: [3b: 31 71 13]
[01/01/09 01:33:17.466] send: [3b: 32 72 21]
[01/01/09 01:33:17.473] 	recv: [7b: 32 72 21 FF FF F7 35]
[01/01/09 01:33:17.484] send: [3b: 31 72 21]
[01/01/09 01:33:17.491] 	recv: [7b: 31 72 21 00 00 0B 5B]
[01/01/09 01:33:17.506] send: [5b: 32 71 13 00 64]
[01/01/09 01:33:17.513] 	recv: [3b: 32 71 13]
[01/01/09 01:33:17.526] send: [5b: 31 71 13 00 64]
[01/01/09 01:33:17.534] 	recv: [3b: 31 71 13]
[01/01/09 01:33:17.546] send: [3b: 32 72 21]
[01/01/09 01:33:17.554] 	recv: [7b: 32 72 21 FF FF F7 35]
[01/01/09 01:33:17.566] send: [3b: 31 72 21]
[01/01/09 01:33:17.576] 	recv: [7b: 31 72 21 00 00 0B 5B]
[01/01/09 01:33:17.585] send: [5b: 32 71 13 00 64]
[01/01/09 01:33:17.590] 	recv: [3b: 32 71 13]
[01/01/09 01:33:17.608] send: [5b: 31 71 13 00 64]
[01/01/09 01:33:17.613] 	recv: [3b: 31 71 13]
[01/01/09 01:33:17.627] send: [3b: 32 72 21]
[01/01/09 01:33:17.635] send: [3b: 31 72 21]
[01/01/09 01:33:17.635] 	recv: [7b: 32 72 21 FF FF F7 35]
[01/01/09 01:33:17.640] 	recv: [7b: 31 72 21 00 00 0B 5B]
[01/01/09 01:33:17.654] send: [5b: 32 71 13 00 64]
[01/01/09 01:33:17.661] 	recv: [3b: 32 71 13]
[01/01/09 01:33:17.674] send: [5b: 31 71 13 00 64]
[01/01/09 01:33:17.680] 	recv: [3b: 31 71 13]
[01/01/09 01:33:17.694] send: [3b: 32 72 21]
[01/01/09 01:33:17.701] 	recv: [7b: 32 72 21 FF FF F7 35]
[01/01/09 01:33:17.713] send: [3b: 31 72 21]
[01/01/09 01:33:17.720] 	recv: [7b: 31 72 21 00 00 0B 5B]
[01/01/09 01:33:17.722] send: [5b: 32 71 13 00 64]
[01/01/09 01:33:17.727] 	recv: [3b: 32 71 13]
[01/01/09 01:33:17.745] send: [5b: 31 71 13 00 64]
[01/01/09 01:33:17.752] 	recv: [3b: 31 71 13]
[01/01/09 01:33:17.764] send: [3b: 32 72 21]
[01/01/09 01:33:17.770] 	recv: [7b: 32 72 21 FF FF F7 35]
[01/01/09 01:33:17.784] send: [3b: 31 72 21]
[01/01/09 01:33:17.790] 	recv: [7b: 31 72 21 00 00 0B 5B]
[01/01/09 01:33:17.805] send: [5b: 32 71 13 00 64]
[01/01/09 01:33:17.811] 	recv: [3b: 32 71 13]
[01/01/09 01:33:17.825] send: [5b: 31 71 13 00 64]
[01/01/09 01:33:17.833] 	recv: [3b: 31 71 13]
[01/01/09 01:33:17.845] send: [3b: 32 72 21]
[01/01/09 01:33:17.852] 	recv: [7b: 32 72 21 FF FF F7 35]
[01/01/09 01:33:17.865] send: [3b: 31 72 21]
[01/01/09 01:33:17.872] 	recv: [7b: 31 72 21 00 00 0B 5B]
[01/01/09 01:33:17.884] send: [5b: 32 71 13 00 64]
[01/01/09 01:33:17.890] 	recv: [3b: 32 71 13]
[01/01/09 01:33:17.905] send: [5b: 31 71 13 00 64]
[01/01/09 01:33:17.911] 	recv: [3b: 31 71 13]
[01/01/09 01:33:17.925] send: [3b: 32 72 21]
[01/01/09 01:33:17.932] 	recv: [7b: 32 72 21 FF FF F7 35]
[01/01/09 01:33:17.948] send: [3b: 31 72 21]
[01/01/09 01:33:17.953] 	recv: [7b: 31 72 21 00 00 0B 5B]
[01/01/09 01:33:17.967] send: [5b: 32 71 13 00 64]
[01/01/09 01:33:17.972] 	recv: [3b: 32 71 13]
[01/01/09 01:33:17.985] send: [5b: 31 71 13 00 64]
[01/01/09 01:33:17.991] 	recv: [3b: 31 71 13]
[01/01/09 01:33:18.005] send: [3b: 32 72 21]
[01/01/09 01:33:18.011] 	recv: [7b: 32 72 21 FF FF F7 35]
[01/01/09 01:33:18.025] send: [3b: 31 72 21]
[01/01/09 01:33:18.031] 	recv: [7b: 31 72 21 00 00 0B 5B]
[01/01/09 01:33:18.043] send: [5b: 32 71 13 00 64]
[01/01/09 01:33:18.049] 	recv: [3b: 32 71 13]
[01/01/09 01:33:18.064] send: [5b: 31 71 13 00 64]
[01/01/09 01:33:18.070] 	recv: [3b: 31 71 13]
[01/01/09 01:33:18.084] send: [3b: 32 72 21]
[01/01/09 01:33:18.090] 	recv: [7b: 32 72 21 FF FF F7 35]
[01/01/09 01:33:18.105] send: [3b: 31 72 21]
[01/01/09 01:33:18.112] 	recv: [7b: 31 72 21 00 00 0B 5B]
[01/01/09 01:33:18.125] send: [5b: 32 71 13 00 64]
[01/01/09 01:33:18.132] 	recv: [3b: 32 71 13]
[01/01/09 01:33:18.146] send: [5b: 31 71 13 00 64]
[01/01/09 01:33:18.152] 	recv: [3b: 31 71 13]
[01/01/09 01:33:18.163] send: [3b: 32 72 21]
[01/01/09 01:33:18.171] 	recv: [7b: 32 72 21 FF FF F7 35]
[01/01/09 01:33:18.183] send: [3b: 31 72 21]
[01/01/09 01:33:18.190] 	recv: [7b: 31 72 21 00 00 0B 5B]
[01/01/09 01:33:18.204] send: [5b: 32 71 13 00 64]
[01/01/09 01:33:18.211] 	recv: [3b: 32 71 13]
[01/01/09 01:33:18.224] send: [5b: 31 71 13 00 64]
[01/01/09 01:33:18.232] 	recv: [3b: 31 71 13]
[01/01/09 01:33:18.245] send: [3b: 32 72 21]
[01/01/09 01:33:18.252] 	recv: [7b: 32 72 21 FF FF F7 35]
[01/01/09 01:33:18.263] send: [3b: 31 72 21]
[01/01/09 01:33:18.269] 	recv: [7b: 31 72 21 00 00 0B 5B]
[01/01/09 01:33:18.283] send: [5b: 32 71 13 00 64]
[01/01/09 01:33:18.289] 	recv: [3b: 32 71 13]
[01/01/09 01:33:18.307] send: [5b: 31 71 13 00 64]
[01/01/09 01:33:18.313] 	recv: [3b: 31 71 13]
[01/01/09 01:33:18.327] send: [3b: 32 72 21]
[01/01/09 01:33:18.332] 	recv: [7b: 32 72 21 FF FF F7 35]
[01/01/09 01:33:18.347] send: [3b: 31 72 21]
[01/01/09 01:33:18.353] 	recv: [7b: 31 72 21 00 00 0B 5B]
[01/01/09 01:33:18.364] send: [5b: 32 71 13 00 64]
[01/01/09 01:33:18.370] 	recv: [3b: 32 71 13]
[01/01/09 01:33:18.384] send: [5b: 31 71 13 00 64]
[01/01/09 01:33:18.390] 	recv: [3b: 31 71 13]
[01/01/09 01:33:18.404] send: [3b: 32 72 21]
[01/01/09 01:33:18.411] 	recv: [7b: 32 72 21 FF FF F7 35]
[01/01/09 01:33:18.425] send: [3b: 31 72 21]
[01/01/09 01:33:18.431] 	recv: [7b: 31 72 21 00 00 0B 5B]
[01/01/09 01:33:18.444] send: [5b: 32 71 13 00 64]
[01/01/09 01:33:18.451] 	recv: [3b: 32 71 13]
[01/01/09 01:33:18.464] send: [5b: 31 71 13 00 64]
[01/01/09 01:33:18.471] 	recv: [3b: 31 71 13]
[01/01/09 01:33:18.485] send: [3b: 32 72 21]
[01/01/09 01:33:18.490] 	recv: [7b: 32 72 21 FF FF F7 35]
[01/01/09 01:33:18.503] send: [3b: 31 72 21]
[01/01/09 01:33:18.510] 	recv: [7b: 31 72 21 00 00 0B 5B]
[01/01/09 01:33:18.524] send: [5b: 32 71 13 00 64]
[01/01/09 01:33:18.529] 	recv: [3b: 32 71 13]
[01/01/09 01:33:18.544] send: [5b: 31 71 13 00 64]
[01/01/09 01:33:18.550] 	recv: [3b: 31 71 13]
[01/01/09 01:33:18.566] send: [3b: 32 72 21]
[01/01/09 01:33:18.575] 	recv: [7b: 32 72 21 FF FF F7 35]
[01/01/09 01:33:18.584] send: [3b: 31 72 21]
[01/01/09 01:33:18.590] 	recv: [7b: 31 72 21 00 00 0B 5B]
[01/01/09 01:33:18.607] send: [5b: 32 71 13 00 64]
[01/01/09 01:33:18.613] 	recv: [3b: 32 71 13]
[01/01/09 01:33:18.616] send: [5b: 31 71 13 00 64]
[01/01/09 01:33:18.621] 	recv: [3b: 31 71 13]
[01/01/09 01:33:18.635] send: [3b: 32 72 21]
[01/01/09 01:33:18.641] 	recv: [7b: 32 72 21 FF FF F7 35]
[01/01/09 01:33:18.656] send: [3b: 31 72 21]
[01/01/09 01:33:18.663] 	recv: [7b: 31 72 21 00 00 0B 5B]
[01/01/09 01:33:18.675] send: [5b: 32 71 13 00 64]
[01/01/09 01:33:18.681] 	recv: [3b: 32 71 13]
[01/01/09 01:33:18.697] send: [5b: 31 71 13 00 64]
[01/01/09 01:33:18.703] 	recv: [3b: 31 71 13]
[01/01/09 01:33:18.715] send: [3b: 32 72 21]
[01/01/09 01:33:18.721] 	recv: [7b: 32 72 21 FF FF F7 35]
[01/01/09 01:33:18.735] send: [3b: 31 72 21]
[01/01/09 01:33:18.741] 	recv: [7b: 31 72 21 00 00 0B 5B]
[01/01/09 01:33:18.754] send: [5b: 32 71 13 00 64]
[01/01/09 01:33:18.760] 	recv: [3b: 32 71 13]
[01/01/09 01:33:18.776] send: [5b: 31 71 13 00 64]
[01/01/09 01:33:18.786] send: [3b: 32 72 21]
[01/01/09 01:33:18.787] 	recv: [3b: 31 71 13]
[01/01/09 01:33:18.792] 	recv: [7b: 32 72 21 FF FF F7 35]
[01/01/09 01:33:18.794] send: [5b: 31 71 13 00 64]
[01/01/09 01:33:18.799] 	recv: [3b: 31 71 13]
[01/01/09 01:33:18.826] send: [5b: 32 71 13 00 64]
[01/01/09 01:33:18.832] 	recv: [3b: 32 71 13]
[01/01/09 01:33:18.844] send: [3b: 31 72 21]
[01/01/09 01:33:18.850] 	recv: [7b: 31 72 21 00 00 0B 5B]
[01/01/09 01:33:18.864] send: [3b: 32 72 21]
[01/01/09 01:33:18.871] 	recv: [7b: 32 72 21 FF FF F7 35]
[01/01/09 01:33:18.873] send: [5b: 31 71 13 00 64]
[01/01/09 01:33:18.878] 	recv: [3b: 31 71 13]
[01/01/09 01:33:18.894] send: [5b: 32 71 13 00 64]
[01/01/09 01:33:18.901] 	recv: [3b: 32 71 13]
[01/01/09 01:33:18.914] send: [3b: 31 72 21]
[01/01/09 01:33:18.922] 	recv: [7b: 31 72 21 00 00 0B 5B]
[01/01/09 01:33:18.933] send: [3b: 32 72 21]
[01/01/09 01:33:18.940] 	recv: [7b: 32 72 21 FF FF F7 35]
[01/01/09 01:33:18.956] send: [5b: 31 71 13 00 64]
[01/01/09 01:33:18.962] 	recv: [3b: 31 71 13]
[01/01/09 01:33:18.974] send: [5b: 32 71 13 00 64]
[01/01/09 01:33:18.982] 	recv: [3b: 32 71 13]
[01/01/09 01:33:18.994] send: [3b: 31 72 21]
[01/01/09 01:33:19.001] 	recv: [7b: 31 72 21 00 00 0B 5B]
[01/01/09 01:33:19.014] send: [3b: 32 72 21]
[01/01/09 01:33:19.022] 	recv: [7b: 32 72 21 FF FF F7 35]
[01/01/09 01:33:19.033] send: [5b: 31 71 13 00 64]
[01/01/09 01:33:19.041] 	recv: [3b: 31 71 13]
[01/01/09 01:33:19.054] send: [5b: 32 71 13 00 64]
[01/01/09 01:33:19.062] 	recv: [3b: 32 71 13]
[01/01/09 01:33:19.074] send: [3b: 31 72 21]
[01/01/09 01:33:19.082] 	recv: [7b: 31 72 21 00 00 0B 5B]
[01/01/09 01:33:19.094] send: [3b: 32 72 21]
[01/01/09 01:33:19.101] 	recv: [7b: 32 72 21 FF FF F7 35]
[01/01/09 01:33:19.114] send: [5b: 31 71 13 00 64]
[01/01/09 01:33:19.121] 	recv: [3b: 31 71 13]
[01/01/09 01:33:19.134] send: [5b: 32 71 13 00 64]
[01/01/09 01:33:19.141] 	recv: [3b: 32 71 13]
[01/01/09 01:33:19.154] send: [3b: 31 72 21]
[01/01/09 01:33:19.163] 	recv: [7b: 31 72 21 00 00 0B 5B]
[01/01/09 01:33:19.174] send: [3b: 32 72 21]
[01/01/09 01:33:19.182] 	recv: [7b: 32 72 21 FF FF F7 35]
[01/01/09 01:33:19.195] send: [5b: 31 71 13 00 64]
[01/01/09 01:33:19.202] 	recv: [3b: 31 71 13]
[01/01/09 01:33:19.214] send: [5b: 32 71 13 00 64]
[01/01/09 01:33:19.221] 	recv: [3b: 32 71 13]
[01/01/09 01:33:19.234] send: [3b: 31 72 21]
[01/01/09 01:33:19.242] 	recv: [7b: 31 72 21 00 00 0B 5B]
[01/01/09 01:33:19.254] send: [3b: 32 72 21]
[01/01/09 01:33:19.261] 	recv: [7b: 32 72 21 FF FF F7 35]
[01/01/09 01:33:19.274] send: [5b: 31 71 13 00 64]
[01/01/09 01:33:19.282] 	recv: [3b: 31 71 13]
[01/01/09 01:33:19.294] send: [5b: 32 71 13 00 64]
[01/01/09 01:33:19.300] 	recv: [3b: 32 71 13]
[01/01/09 01:33:19.314] send: [3b: 31 72 21]
[01/01/09 01:33:19.322] 	recv: [7b: 31 72 21 00 00 0B 5B]
[01/01/09 01:33:19.334] send: [3b: 32 72 21]
[01/01/09 01:33:19.342] 	recv: [7b: 32 72 21 FF FF F7 35]
[01/01/09 01:33:19.354] send: [5b: 31 71 13 00 64]
[01/01/09 01:33:19.362] 	recv: [3b: 31 71 13]
[01/01/09 01:33:19.374] send: [5b: 32 71 13 00 64]
[01/01/09 01:33:19.381] 	recv: [3b: 32 71 13]
[01/01/09 01:33:19.396] send: [3b: 31 72 21]
[01/01/09 01:33:19.403] 	recv: [7b: 31 72 21 00 00 0B 5B]
[01/01/09 01:33:19.414] send: [3b: 32 72 21]
[01/01/09 01:33:19.420] 	recv: [7b: 32 72 21 FF FF F7 35]
[01/01/09 01:33:19.435] send: [5b: 31 71 13 00 64]
[01/01/09 01:33:19.442] 	recv: [3b: 31 71 13]
[01/01/09 01:33:19.454] send: [5b: 32 71 13 00 64]
[01/01/09 01:33:19.461] 	recv: [3b: 32 71 13]
[01/01/09 01:33:19.474] send: [3b: 31 72 21]
[01/01/09 01:33:19.481] 	recv: [7b: 31 72 21 00 00 0B 5B]
[01/01/09 01:33:19.494] send: [3b: 32 72 21]
[01/01/09 01:33:19.501] 	recv: [7b: 32 72 21 FF FF F7 35]
[01/01/09 01:33:19.514] send: [5b: 31 71 13 00 64]
[01/01/09 01:33:19.520] 	recv: [3b: 31 71 13]
[01/01/09 01:33:19.535] send: [5b: 32 71 13 00 64]
[01/01/09 01:33:19.543] 	recv: [3b: 32 71 13]
[01/01/09 01:33:19.554] send: [3b: 31 72 21]
[01/01/09 01:33:19.560] 	recv: [7b: 31 72 21 00 00 0B 5B]
[01/01/09 01:33:19.577] send: [3b: 32 72 21]
[01/01/09 01:33:19.583] 	recv: [7b: 32 72 21 FF FF F7 35]
[01/01/09 01:33:19.593] send: [5b: 31 71 13 00 64]
[01/01/09 01:33:19.599] 	recv: [3b: 31 71 13]
[01/01/09 01:33:19.614] send: [5b: 32 71 13 00 64]
[01/01/09 01:33:19.620] 	recv: [3b: 32 71 13]
[01/01/09 01:33:19.634] send: [3b: 31 72 21]
[01/01/09 01:33:19.640] 	recv: [7b: 31 72 21 00 00 0B 5B]
[01/01/09 01:33:19.653] send: [3b: 32 72 21]
[01/01/09 01:33:19.660] 	recv: [7b: 32 72 21 FF FF F7 35]
[01/01/09 01:33:19.674] send: [5b: 31 71 13 00 64]
[01/01/09 01:33:19.680] 	recv: [3b: 31 71 13]
[01/01/09 01:33:19.695] send: [5b: 32 71 13 00 64]
[01/01/09 01:33:19.701] 	recv: [3b: 32 71 13]
[01/01/09 01:33:19.714] send: [3b: 31 72 21]
[01/01/09 01:33:19.720] 	recv: [7b: 31 72 21 00 00 0B 5B]
[01/01/09 01:33:19.733] send: [3b: 32 72 21]
[01/01/09 01:33:19.740] 	recv: [7b: 32 72 21 FF FF F7 35]
[01/01/09 01:33:19.754] send: [5b: 31 71 13 00 64]
[01/01/09 01:33:19.759] 	recv: [3b: 31 71 13]
[01/01/09 01:33:19.775] send: [5b: 32 71 13 00 64]
[01/01/09 01:33:19.780] 	recv: [3b: 32 71 13]
[01/01/09 01:33:19.793] send: [3b: 31 72 21]
[01/01/09 01:33:19.800] 	recv: [7b: 31 72 21 00 00 0B 5B]
[01/01/09 01:33:19.814] send: [3b: 32 72 21]
[01/01/09 01:33:19.821] 	recv: [7b: 32 72 21 FF FF F7 35]
[01/01/09 01:33:19.833] send: [5b: 31 71 13 00 64]
[01/01/09 01:33:19.839] 	recv: [3b: 31 71 13]
[01/01/09 01:33:19.855] send: [5b: 32 71 13 00 64]
[01/01/09 01:33:19.862] 	recv: [3b: 32 71 13]
[01/01/09 01:33:19.873] send: [3b: 31 72 21]
[01/01/09 01:33:19.879] 	recv: [7b: 31 72 21 00 00 0B 5B]
[01/01/09 01:33:19.894] send: [3b: 32 72 21]
[01/01/09 01:33:19.899] 	recv: [7b: 32 72 21 FF FF F7 35]
[01/01/09 01:33:19.914] send: [5b: 31 71 13 00 64]
[01/01/09 01:33:19.920] 	recv: [3b: 31 71 13]
[01/01/09 01:33:19.934] send: [5b: 32 71 13 00 64]
[01/01/09 01:33:19.939] 	recv: [3b: 32 71 13]
[01/01/09 01:33:19.954] send: [3b: 31 72 21]
[01/01/09 01:33:19.960] 	recv: [7b: 31 72 21 00 00 0B 5B]
[01/01/09 01:33:19.973] send: [3b: 32 72 21]
[01/01/09 01:33:19.980] 	recv: [7b: 32 72 21 FF FF F7 35]
[01/01/09 01:33:19.994] send: [5b: 31 71 13 00 64]
[01/01/09 01:33:20.000] 	recv: [3b: 31 71 13]
[01/01/09 01:33:20.014] send: [5b: 32 71 13 00 64]
[01/01/09 01:33:20.021] 	recv: [3b: 32 71 13]
[01/01/09 01:33:20.034] send: [3b: 31 72 21]
[01/01/09 01:33:20.041] 	recv: [7b: 31 72 21 00 00 0B 5B]
[01/01/09 01:33:20.054] send: [3b: 32 72 21]
[01/01/09 01:33:20.060] 	recv: [7b: 32 72 21 FF FF F7 35]
[01/01/09 01:33:20.075] send: [5b: 31 71 13 00 64]
[01/01/09 01:33:20.081] 	recv: [3b: 31 71 13]
[01/01/09 01:33:20.095] send: [5b: 32 71 13 00 64]
[01/01/09 01:33:20.101] 	recv: [3b: 32 71 13]
[01/01/09 01:33:20.115] send: [3b: 31 72 21]
[01/01/09 01:33:20.122] 	recv: [7b: 31 72 21 00 00 0B 5B]
[01/01/09 01:33:20.134] send: [3b: 32 72 21]
[01/01/09 01:33:20.141] 	recv: [7b: 32 72 21 FF FF F7 35]
[01/01/09 01:33:20.153] send: [5b: 31 71 13 00 64]
[01/01/09 01:33:20.160] 	recv: [3b: 31 71 13]
[01/01/09 01:33:20.173] send: [5b: 32 71 13 00 64]
[01/01/09 01:33:20.179] 	recv: [3b: 32 71 13]
[01/01/09 01:33:20.195] send: [3b: 31 72 21]
[01/01/09 01:33:20.201] 	recv: [7b: 31 72 21 00 00 0B 5B]
[01/01/09 01:33:20.216] send: [3b: 32 72 21]
[01/01/09 01:33:20.223] 	recv: [7b: 32 72 21 FF FF F7 35]
[01/01/09 01:33:20.236] send: [5b: 31 71 13 00 64]
[01/01/09 01:33:20.246] send: [3b: 31 72 21]
[01/01/09 01:33:20.246] 	recv: [3b: 31 71 13]
[01/01/09 01:33:20.251] 	recv: [7b: 31 72 21 00 00 0B 5B]
[01/01/09 01:33:20.264] send: [3b: 32 72 21]
[01/01/09 01:33:20.270] 	recv: [7b: 32 72 21 FF FF F7 35]
[01/01/09 01:33:20.286] send: [5b: 31 71 13 00 64]
[01/01/09 01:33:20.292] 	recv: [3b: 31 71 13]
[01/01/09 01:33:20.314] send: [5b: 32 71 13 00 64]
[01/01/09 01:33:20.319] 	recv: [3b: 32 71 13]
[01/01/09 01:33:20.333] send: [3b: 31 72 21]
[01/01/09 01:33:20.340] 	recv: [7b: 31 72 21 00 00 0B 5B]
[01/01/09 01:33:20.354] send: [3b: 32 72 21]
[01/01/09 01:33:20.360] 	recv: [7b: 32 72 21 FF FF F7 35]
[01/01/09 01:33:20.373] send: [5b: 31 71 13 00 64]
[01/01/09 01:33:20.380] 	recv: [3b: 31 71 13]
[01/01/09 01:33:20.405] send: [5b: 32 71 13 00 64]
[01/01/09 01:33:20.410] 	recv: [3b: 32 71 13]
[01/01/09 01:33:20.424] send: [3b: 31 72 21]
[01/01/09 01:33:20.432] 	recv: [7b: 31 72 21 00 00 0B 5B]
[01/01/09 01:33:20.444] send: [3b: 32 72 21]
[01/01/09 01:33:20.453] 	recv: [7b: 32 72 21 FF FF F7 35]
[01/01/09 01:33:20.464] send: [5b: 31 71 13 00 64]
[01/01/09 01:33:20.471] 	recv: [3b: 31 71 13]
[01/01/09 01:33:20.484] send: [5b: 32 71 13 00 64]
[01/01/09 01:33:20.491] 	recv: [3b: 32 71 13]
[01/01/09 01:33:20.505] send: [3b: 31 72 21]
[01/01/09 01:33:20.513] 	recv: [7b: 31 72 21 00 00 0B 5B]
[01/01/09 01:33:20.524] send: [3b: 32 72 21]
[01/01/09 01:33:20.531] 	recv: [7b: 32 72 21 FF FF F7 35]
[01/01/09 01:33:20.546] send: [5b: 31 71 13 00 64]
[01/01/09 01:33:20.551] 	recv: [3b: 31 71 13]
[01/01/09 01:33:20.567] send: [5b: 32 71 13 00 64]
[01/01/09 01:33:20.573] 	recv: [3b: 32 71 13]
[01/01/09 01:33:20.586] send: [3b: 31 72 21]
[01/01/09 01:33:20.592] 	recv: [7b: 31 72 21 00 00 0B 5B]
[01/01/09 01:33:20.605] send: [3b: 32 72 21]
[01/01/09 01:33:20.613] 	recv: [7b: 32 72 21 FF FF F7 35]
[01/01/09 01:33:20.624] send: [5b: 31 71 13 00 64]
[01/01/09 01:33:20.631] 	recv: [3b: 31 71 13]
[01/01/09 01:33:20.644] send: [5b: 32 71 13 00 64]
[01/01/09 01:33:20.650] 	recv: [3b: 32 71 13]
[01/01/09 01:33:20.663] send: [3b: 31 72 21]
[01/01/09 01:33:20.670] 	recv: [7b: 31 72 21 00 00 0B 5B]
[01/01/09 01:33:20.684] send: [3b: 32 72 21]
[01/01/09 01:33:20.691] 	recv: [7b: 32 72 21 FF FF F7 35]
[01/01/09 01:33:20.705] error: bus thread interrupted
[01/01/09 01:33:20.738] resources: ut=0.15 st=0.06
[01/01/09 01:33:20.738] log finished
