[01/01/09 01:33:07.271] log started
[01/01/09 01:33:07.271] 	[ CodecInterface ]
[01/01/09 01:33:07.272] 	direction = in
[01/01/09 01:33:07.272] 	interface = sct-pci
[01/01/09 01:33:07.272] 	log:path = 
[01/01/09 01:33:07.272] 	log:size = 
[01/01/09 01:33:07.272] 	log:type = 
[01/01/09 01:33:07.272] 	name = Analog SCT Codec
[01/01/09 01:33:07.272] 	sym = cin_pci_2_skt
[01/01/09 01:33:07.272] 	type = sct-pci
[01/01/09 01:33:07.272] 	vendor = Spetstechnika
[01/01/09 01:33:07.272] link with bus bus_daq_1, codectype=in
[01/01/09 01:33:07.496] read(): n=0, m=0, label=0, msgSize=800
[01/01/09 01:33:07.496] read(): n=1, m=1, label=1, msgSize=800
[01/01/09 01:33:07.497] 	count=29, n_max=7, w_max = 71, val=117.561, val0=117.863
[01/01/09 01:33:07.617] read(): n=0, m=0, label=0, msgSize=800
[01/01/09 01:33:07.617] read(): n=1, m=1, label=1, msgSize=800
[01/01/09 01:33:07.617] 	count=31, n_max=9, w_max = 73, val=117.504, val0=117.707
[01/01/09 01:33:07.737] read(): n=0, m=0, label=0, msgSize=800
[01/01/09 01:33:07.737] read(): n=1, m=1, label=1, msgSize=800
[01/01/09 01:33:07.737] 	count=30, n_max=7, w_max = 75, val=117.497, val0=117.701
[01/01/09 01:33:07.857] read(): n=0, m=0, label=0, msgSize=800
[01/01/09 01:33:07.857] read(): n=1, m=1, label=1, msgSize=800
[01/01/09 01:33:07.857] 	count=26, n_max=4, w_max = 74, val=117.605, val0=117.856
[01/01/09 01:33:07.978] read(): n=0, m=0, label=0, msgSize=800
[01/01/09 01:33:07.978] read(): n=1, m=1, label=1, msgSize=800
[01/01/09 01:33:07.978] 	count=35, n_max=0, w_max = 84, val=117.737, val0=118.032
[01/01/09 01:33:08.098] read(): n=0, m=0, label=0, msgSize=800
[01/01/09 01:33:08.098] read(): n=1, m=1, label=1, msgSize=800
[01/01/09 01:33:08.098] 	count=31, n_max=13, w_max = 62, val=117.374, val0=117.252
[01/01/09 01:33:08.218] read(): n=0, m=0, label=0, msgSize=800
[01/01/09 01:33:08.218] read(): n=1, m=1, label=1, msgSize=800
[01/01/09 01:33:08.219] 	count=31, n_max=7, w_max = 74, val=117.632, val0=117.887
[01/01/09 01:33:08.340] read(): n=0, m=0, label=0, msgSize=800
[01/01/09 01:33:08.340] read(): n=1, m=1, label=1, msgSize=800
[01/01/09 01:33:08.340] 	count=31, n_max=7, w_max = 64, val=118.002, val0=118.301
[01/01/09 01:33:08.460] read(): n=0, m=0, label=0, msgSize=800
[01/01/09 01:33:08.460] read(): n=1, m=1, label=1, msgSize=800
[01/01/09 01:33:08.461] 	count=34, n_max=0, w_max = 73, val=118.025, val0=118.365
[01/01/09 01:33:08.582] read(): n=0, m=0, label=0, msgSize=800
[01/01/09 01:33:08.582] read(): n=1, m=1, label=1, msgSize=800
[01/01/09 01:33:08.583] 	count=33, n_max=14, w_max = 63, val=117.527, val0=117.362
[01/01/09 01:33:08.703] read(): n=0, m=0, label=0, msgSize=800
[01/01/09 01:33:08.703] read(): n=1, m=1, label=1, msgSize=800
[01/01/09 01:33:08.704] 	count=31, n_max=0, w_max = 86, val=117.77, val0=118.01
[01/01/09 01:33:08.823] read(): n=0, m=0, label=0, msgSize=800
[01/01/09 01:33:08.823] read(): n=1, m=1, label=1, msgSize=800
[01/01/09 01:33:08.823] 	count=31, n_max=8, w_max = 67, val=117.553, val0=117.505
[01/01/09 01:33:08.943] read(): n=0, m=0, label=0, msgSize=800
[01/01/09 01:33:08.943] read(): n=1, m=1, label=1, msgSize=800
[01/01/09 01:33:08.943] 	count=28, n_max=13, w_max = 62, val=118.016, val0=118.255
[01/01/09 01:33:09.064] read(): n=0, m=0, label=0, msgSize=800
[01/01/09 01:33:09.064] read(): n=1, m=1, label=1, msgSize=800
[01/01/09 01:33:09.064] 	count=30, n_max=7, w_max = 72, val=117.754, val0=117.945
[01/01/09 01:33:09.185] read(): n=0, m=0, label=0, msgSize=800
[01/01/09 01:33:09.185] read(): n=1, m=1, label=1, msgSize=800
[01/01/09 01:33:09.185] 	count=32, n_max=7, w_max = 76, val=117.818, val0=118.159
[01/01/09 01:33:09.305] read(): n=0, m=0, label=0, msgSize=800
[01/01/09 01:33:09.306] read(): n=1, m=1, label=1, msgSize=800
[01/01/09 01:33:09.306] 	count=32, n_max=1, w_max = 85, val=117.631, val0=117.638
[01/01/09 01:33:09.426] read(): n=0, m=0, label=0, msgSize=800
[01/01/09 01:33:09.427] read(): n=1, m=1, label=1, msgSize=800
[01/01/09 01:33:09.427] 	count=32, n_max=13, w_max = 69, val=117.781, val0=117.945
[01/01/09 01:33:09.548] read(): n=0, m=0, label=0, msgSize=800
[01/01/09 01:33:09.548] read(): n=1, m=1, label=1, msgSize=800
[01/01/09 01:33:09.548] 	count=30, n_max=7, w_max = 77, val=117.966, val0=118.105
[01/01/09 01:33:09.668] read(): n=0, m=0, label=0, msgSize=800
[01/01/09 01:33:09.669] read(): n=1, m=1, label=1, msgSize=800
[01/01/09 01:33:09.669] 	count=29, n_max=0, w_max = 71, val=117.506, val0=117.268
[01/01/09 01:33:09.788] read(): n=0, m=0, label=0, msgSize=800
[01/01/09 01:33:09.788] read(): n=1, m=1, label=1, msgSize=800
[01/01/09 01:33:09.788] 	count=26, n_max=7, w_max = 70, val=117.912, val0=118.178
[01/01/09 01:33:09.909] read(): n=0, m=0, label=0, msgSize=800
[01/01/09 01:33:09.909] read(): n=1, m=1, label=1, msgSize=800
[01/01/09 01:33:09.909] 	count=31, n_max=7, w_max = 69, val=117.746, val0=117.865
[01/01/09 01:33:10.030] read(): n=0, m=0, label=0, msgSize=800
[01/01/09 01:33:10.030] read(): n=1, m=1, label=1, msgSize=800
[01/01/09 01:33:10.030] 	count=29, n_max=8, w_max = 61, val=117.56, val0=117.438
[01/01/09 01:33:10.152] read(): n=0, m=0, label=0, msgSize=800
[01/01/09 01:33:10.152] read(): n=1, m=1, label=1, msgSize=800
[01/01/09 01:33:10.152] 	count=28, n_max=0, w_max = 83, val=117.645, val0=117.672
[01/01/09 01:33:10.272] read(): n=0, m=0, label=0, msgSize=800
[01/01/09 01:33:10.272] read(): n=1, m=1, label=1, msgSize=800
[01/01/09 01:33:10.272] 	count=31, n_max=8, w_max = 70, val=117.699, val0=117.776
[01/01/09 01:33:10.392] read(): n=0, m=0, label=0, msgSize=800
[01/01/09 01:33:10.392] read(): n=1, m=1, label=1, msgSize=800
[01/01/09 01:33:10.392] 	count=32, n_max=3, w_max = 73, val=117.535, val0=117.436
[01/01/09 01:33:10.513] read(): n=0, m=0, label=0, msgSize=800
[01/01/09 01:33:10.513] read(): n=1, m=1, label=1, msgSize=800
[01/01/09 01:33:10.513] 	count=30, n_max=7, w_max = 73, val=117.689, val0=117.722
[01/01/09 01:33:10.635] read(): n=0, m=0, label=0, msgSize=800
[01/01/09 01:33:10.635] read(): n=1, m=1, label=1, msgSize=800
[01/01/09 01:33:10.635] 	count=32, n_max=15, w_max = 65, val=117.491, val0=117.414
[01/01/09 01:33:10.754] read(): n=0, m=0, label=0, msgSize=800
[01/01/09 01:33:10.754] read(): n=1, m=1, label=1, msgSize=800
[01/01/09 01:33:10.754] 	count=34, n_max=1, w_max = 79, val=117.61, val0=117.588
[01/01/09 01:33:10.875] read(): n=0, m=0, label=0, msgSize=800
[01/01/09 01:33:10.875] read(): n=1, m=1, label=1, msgSize=800
[01/01/09 01:33:10.876] 	count=31, n_max=8, w_max = 69, val=117.631, val0=117.571
[01/01/09 01:33:10.997] read(): n=0, m=0, label=0, msgSize=800
[01/01/09 01:33:10.997] read(): n=1, m=1, label=1, msgSize=800
[01/01/09 01:33:10.997] 	count=30, n_max=12, w_max = 72, val=117.844, val0=118.112
[01/01/09 01:33:11.118] read(): n=0, m=0, label=0, msgSize=800
[01/01/09 01:33:11.118] read(): n=1, m=1, label=1, msgSize=800
[01/01/09 01:33:11.118] 	count=31, n_max=2, w_max = 85, val=117.906, val0=118.162
[01/01/09 01:33:11.238] read(): n=0, m=0, label=0, msgSize=800
[01/01/09 01:33:11.238] read(): n=1, m=1, label=1, msgSize=800
[01/01/09 01:33:11.239] 	count=30, n_max=0, w_max = 70, val=117.409, val0=117.338
[01/01/09 01:33:11.358] read(): n=0, m=0, label=0, msgSize=800
[01/01/09 01:33:11.359] read(): n=1, m=1, label=1, msgSize=800
[01/01/09 01:33:11.359] 	count=28, n_max=8, w_max = 71, val=117.636, val0=117.836
[01/01/09 01:33:11.479] read(): n=0, m=0, label=0, msgSize=800
[01/01/09 01:33:11.479] read(): n=1, m=1, label=1, msgSize=800
[01/01/09 01:33:11.479] 	count=32, n_max=8, w_max = 66, val=117.507, val0=117.49
[01/01/09 01:33:11.599] read(): n=0, m=0, label=0, msgSize=800
[01/01/09 01:33:11.599] read(): n=1, m=1, label=1, msgSize=800
[01/01/09 01:33:11.599] 	count=28, n_max=8, w_max = 72, val=117.848, val0=118.135
[01/01/09 01:33:11.720] read(): n=0, m=0, label=0, msgSize=800
[01/01/09 01:33:11.720] read(): n=1, m=1, label=1, msgSize=800
[01/01/09 01:33:11.720] 	count=35, n_max=7, w_max = 79, val=117.942, val0=118.213
[01/01/09 01:33:11.841] read(): n=0, m=0, label=0, msgSize=800
[01/01/09 01:33:11.841] read(): n=1, m=1, label=1, msgSize=800
[01/01/09 01:33:11.842] 	count=29, n_max=4, w_max = 87, val=117.861, val0=118.134
[01/01/09 01:33:11.963] read(): n=0, m=0, label=0, msgSize=800
[01/01/09 01:33:11.963] read(): n=1, m=1, label=1, msgSize=800
[01/01/09 01:33:11.963] 	count=30, n_max=9, w_max = 66, val=117.579, val0=117.563
[01/01/09 01:33:12.083] read(): n=0, m=0, label=0, msgSize=800
[01/01/09 01:33:12.083] read(): n=1, m=1, label=1, msgSize=800
[01/01/09 01:33:12.083] 	count=36, n_max=1, w_max = 87, val=117.682, val0=117.795
[01/01/09 01:33:12.202] read(): n=0, m=0, label=0, msgSize=800
[01/01/09 01:33:12.202] read(): n=1, m=1, label=1, msgSize=800
[01/01/09 01:33:12.203] 	count=33, n_max=2, w_max = 85, val=117.662, val0=117.843
[01/01/09 01:33:12.323] read(): n=0, m=0, label=0, msgSize=800
[01/01/09 01:33:12.323] read(): n=1, m=1, label=1, msgSize=800
[01/01/09 01:33:12.323] 	count=30, n_max=4, w_max = 78, val=117.981, val0=118.262
[01/01/09 01:33:12.444] read(): n=0, m=0, label=0, msgSize=800
[01/01/09 01:33:12.444] read(): n=1, m=1, label=1, msgSize=800
[01/01/09 01:33:12.444] 	count=31, n_max=0, w_max = 89, val=117.822, val0=118.035
[01/01/09 01:33:12.564] read(): n=0, m=0, label=0, msgSize=800
[01/01/09 01:33:12.564] read(): n=1, m=1, label=1, msgSize=800
[01/01/09 01:33:12.564] 	count=31, n_max=7, w_max = 69, val=118.023, val0=118.327
[01/01/09 01:33:12.685] read(): n=0, m=0, label=0, msgSize=800
[01/01/09 01:33:12.685] read(): n=1, m=1, label=1, msgSize=800
[01/01/09 01:33:12.685] 	count=32, n_max=7, w_max = 73, val=117.845, val0=118.068
[01/01/09 01:33:12.805] read(): n=0, m=0, label=0, msgSize=800
[01/01/09 01:33:12.805] read(): n=1, m=1, label=1, msgSize=800
[01/01/09 01:33:12.806] 	count=28, n_max=8, w_max = 87, val=117.712, val0=117.678
[01/01/09 01:33:12.926] read(): n=0, m=0, label=0, msgSize=800
[01/01/09 01:33:12.926] read(): n=1, m=1, label=1, msgSize=800
[01/01/09 01:33:12.926] 	count=29, n_max=0, w_max = 86, val=117.733, val0=117.98
[01/01/09 01:33:13.046] read(): n=0, m=0, label=0, msgSize=800
[01/01/09 01:33:13.046] read(): n=1, m=1, label=1, msgSize=800
[01/01/09 01:33:13.046] 	count=33, n_max=0, w_max = 73, val=117.318, val0=117.129
[01/01/09 01:33:13.167] read(): n=0, m=0, label=0, msgSize=800
[01/01/09 01:33:13.167] read(): n=1, m=1, label=1, msgSize=800
[01/01/09 01:33:13.167] 	count=32, n_max=7, w_max = 72, val=117.791, val0=118.06
[01/01/09 01:33:13.288] read(): n=0, m=0, label=0, msgSize=800
[01/01/09 01:33:13.288] read(): n=1, m=1, label=1, msgSize=800
[01/01/09 01:33:13.288] 	count=35, n_max=7, w_max = 82, val=117.765, val0=117.733
[01/01/09 01:33:13.408] read(): n=0, m=0, label=0, msgSize=800
[01/01/09 01:33:13.408] read(): n=1, m=1, label=1, msgSize=800
[01/01/09 01:33:13.408] 	count=33, n_max=0, w_max = 87, val=117.76, val0=117.868
[01/01/09 01:33:13.528] read(): n=0, m=0, label=0, msgSize=800
[01/01/09 01:33:13.528] read(): n=1, m=1, label=1, msgSize=800
[01/01/09 01:33:13.529] 	count=30, n_max=0, w_max = 89, val=117.973, val0=118.255
[01/01/09 01:33:13.649] read(): n=0, m=0, label=0, msgSize=800
[01/01/09 01:33:13.649] read(): n=1, m=1, label=1, msgSize=800
[01/01/09 01:33:13.649] 	count=34, n_max=11, w_max = 63, val=117.609, val0=117.483
[01/01/09 01:33:13.769] read(): n=0, m=0, label=0, msgSize=800
[01/01/09 01:33:13.769] read(): n=1, m=1, label=1, msgSize=800
[01/01/09 01:33:13.769] 	count=28, n_max=7, w_max = 67, val=117.728, val0=117.699
[01/01/09 01:33:13.889] read(): n=0, m=0, label=0, msgSize=800
[01/01/09 01:33:13.889] read(): n=1, m=1, label=1, msgSize=800
[01/01/09 01:33:13.889] 	count=33, n_max=7, w_max = 70, val=117.807, val0=117.88
[01/01/09 01:33:14.010] read(): n=0, m=0, label=0, msgSize=800
[01/01/09 01:33:14.010] read(): n=1, m=1, label=1, msgSize=800
[01/01/09 01:33:14.010] 	count=31, n_max=7, w_max = 70, val=117.816, val0=117.899
[01/01/09 01:33:14.131] read(): n=0, m=0, label=0, msgSize=800
[01/01/09 01:33:14.131] read(): n=1, m=1, label=1, msgSize=800
[01/01/09 01:33:14.131] 	count=31, n_max=2, w_max = 82, val=117.721, val0=117.813
[01/01/09 01:33:14.251] read(): n=0, m=0, label=0, msgSize=800
[01/01/09 01:33:14.251] read(): n=1, m=1, label=1, msgSize=800
[01/01/09 01:33:14.251] 	count=30, n_max=9, w_max = 67, val=117.619, val0=117.627
[01/01/09 01:33:14.373] read(): n=0, m=0, label=0, msgSize=800
[01/01/09 01:33:14.373] read(): n=1, m=1, label=1, msgSize=800
[01/01/09 01:33:14.373] 	count=24, n_max=8, w_max = 68, val=117.68, val0=117.748
[01/01/09 01:33:14.495] read(): n=0, m=0, label=0, msgSize=800
[01/01/09 01:33:14.495] read(): n=1, m=1, label=1, msgSize=800
[01/01/09 01:33:14.495] 	count=31, n_max=2, w_max = 79, val=117.552, val0=117.403
[01/01/09 01:33:14.615] read(): n=0, m=0, label=0, msgSize=800
[01/01/09 01:33:14.615] read(): n=1, m=1, label=1, msgSize=800
[01/01/09 01:33:14.615] 	count=32, n_max=6, w_max = 77, val=117.365, val0=117.126
[01/01/09 01:33:14.735] read(): n=0, m=0, label=0, msgSize=800
[01/01/09 01:33:14.735] read(): n=1, m=1, label=1, msgSize=800
[01/01/09 01:33:14.735] 	count=31, n_max=7, w_max = 79, val=117.774, val0=117.978
[01/01/09 01:33:14.856] read(): n=0, m=0, label=0, msgSize=800
[01/01/09 01:33:14.857] read(): n=1, m=1, label=1, msgSize=800
[01/01/09 01:33:14.857] 	count=29, n_max=6, w_max = 85, val=117.696, val0=117.81
[01/01/09 01:33:14.977] read(): n=0, m=0, label=0, msgSize=800
[01/01/09 01:33:14.977] read(): n=1, m=1, label=1, msgSize=800
[01/01/09 01:33:14.977] 	count=30, n_max=8, w_max = 62, val=117.445, val0=117.274
[01/01/09 01:33:15.098] read(): n=0, m=0, label=0, msgSize=800
[01/01/09 01:33:15.098] read(): n=1, m=1, label=1, msgSize=800
[01/01/09 01:33:15.098] 	count=30, n_max=8, w_max = 83, val=117.613, val0=117.809
[01/01/09 01:33:15.218] read(): n=0, m=0, label=0, msgSize=800
[01/01/09 01:33:15.218] read(): n=1, m=1, label=1, msgSize=800
[01/01/09 01:33:15.218] 	count=32, n_max=4, w_max = 88, val=117.753, val0=117.978
[01/01/09 01:33:15.339] read(): n=0, m=0, label=0, msgSize=800
[01/01/09 01:33:15.339] read(): n=1, m=1, label=1, msgSize=800
[01/01/09 01:33:15.339] 	count=33, n_max=0, w_max = 79, val=117.496, val0=117.421
[01/01/09 01:33:15.459] read(): n=0, m=0, label=0, msgSize=800
[01/01/09 01:33:15.459] read(): n=1, m=1, label=1, msgSize=800
[01/01/09 01:33:15.459] 	count=31, n_max=8, w_max = 71, val=117.826, val0=118.159
[01/01/09 01:33:15.579] read(): n=0, m=0, label=0, msgSize=800
[01/01/09 01:33:15.579] read(): n=1, m=1, label=1, msgSize=800
[01/01/09 01:33:15.579] 	count=31, n_max=8, w_max = 71, val=117.673, val0=117.739
[01/01/09 01:33:15.700] read(): n=0, m=0, label=0, msgSize=800
[01/01/09 01:33:15.700] read(): n=1, m=1, label=1, msgSize=800
[01/01/09 01:33:15.700] 	count=31, n_max=7, w_max = 64, val=118.056, val0=118.359
[01/01/09 01:33:15.820] read(): n=0, m=0, label=0, msgSize=800
[01/01/09 01:33:15.820] read(): n=1, m=1, label=1, msgSize=800
[01/01/09 01:33:15.820] 	count=31, n_max=8, w_max = 76, val=117.712, val0=117.799
[01/01/09 01:33:15.941] read(): n=0, m=0, label=0, msgSize=800
[01/01/09 01:33:15.941] read(): n=1, m=1, label=1, msgSize=800
[01/01/09 01:33:15.941] 	count=32, n_max=8, w_max = 74, val=117.935, val0=118.237
[01/01/09 01:33:16.062] read(): n=0, m=0, label=0, msgSize=800
[01/01/09 01:33:16.062] read(): n=1, m=1, label=1, msgSize=800
[01/01/09 01:33:16.062] 	count=30, n_max=13, w_max = 69, val=117.866, val0=118.133
[01/01/09 01:33:16.182] read(): n=0, m=0, label=0, msgSize=800
[01/01/09 01:33:16.182] read(): n=1, m=1, label=1, msgSize=800
[01/01/09 01:33:16.183] 	count=30, n_max=8, w_max = 75, val=117.668, val0=117.751
[01/01/09 01:33:16.304] read(): n=0, m=0, label=0, msgSize=800
[01/01/09 01:33:16.304] read(): n=1, m=1, label=1, msgSize=800
[01/01/09 01:33:16.304] 	count=30, n_max=7, w_max = 84, val=117.827, val0=118.14
[01/01/09 01:33:16.425] read(): n=0, m=0, label=0, msgSize=800
[01/01/09 01:33:16.425] read(): n=1, m=1, label=1, msgSize=800
[01/01/09 01:33:16.425] 	count=28, n_max=7, w_max = 71, val=117.839, val0=118.093
[01/01/09 01:33:16.545] read(): n=0, m=0, label=0, msgSize=800
[01/01/09 01:33:16.545] read(): n=1, m=1, label=1, msgSize=800
[01/01/09 01:33:16.546] 	count=28, n_max=7, w_max = 66, val=118.204, val0=118.463
[01/01/09 01:33:16.666] read(): n=0, m=0, label=0, msgSize=800
[01/01/09 01:33:16.666] read(): n=1, m=1, label=1, msgSize=800
[01/01/09 01:33:16.666] 	count=32, n_max=4, w_max = 87, val=117.82, val0=118.181
[01/01/09 01:33:16.787] read(): n=0, m=0, label=0, msgSize=800
[01/01/09 01:33:16.787] read(): n=1, m=1, label=1, msgSize=800
[01/01/09 01:33:16.787] 	count=35, n_max=0, w_max = 68, val=117.408, val0=117.19
[01/01/09 01:33:16.908] read(): n=0, m=0, label=0, msgSize=800
[01/01/09 01:33:16.908] read(): n=1, m=1, label=1, msgSize=800
[01/01/09 01:33:16.908] 	count=33, n_max=6, w_max = 61, val=118.08, val0=118.409
[01/01/09 01:33:17.028] read(): n=0, m=0, label=0, msgSize=800
[01/01/09 01:33:17.028] read(): n=1, m=1, label=1, msgSize=800
[01/01/09 01:33:17.028] 	count=34, n_max=1, w_max = 76, val=118.077, val0=118.404
[01/01/09 01:33:17.148] read(): n=0, m=0, label=0, msgSize=800
[01/01/09 01:33:17.148] read(): n=1, m=1, label=1, msgSize=800
[01/01/09 01:33:17.148] 	count=34, n_max=1, w_max = 86, val=117.852, val0=118.124
[01/01/09 01:33:17.269] read(): n=0, m=0, label=0, msgSize=800
[01/01/09 01:33:17.269] read(): n=1, m=1, label=1, msgSize=800
[01/01/09 01:33:17.269] 	count=34, n_max=0, w_max = 70, val=117.478, val0=117.27
[01/01/09 01:33:17.390] read(): n=0, m=0, label=0, msgSize=800
[01/01/09 01:33:17.390] read(): n=1, m=1, label=1, msgSize=800
[01/01/09 01:33:17.390] 	count=31, n_max=7, w_max = 76, val=117.821, val0=118.093
[01/01/09 01:33:17.510] read(): n=0, m=0, label=0, msgSize=800
[01/01/09 01:33:17.511] read(): n=1, m=1, label=1, msgSize=800
[01/01/09 01:33:17.511] 	count=32, n_max=8, w_max = 80, val=117.805, val0=117.83
[01/01/09 01:33:17.631] read(): n=0, m=0, label=0, msgSize=800
[01/01/09 01:33:17.631] read(): n=1, m=1, label=1, msgSize=800
[01/01/09 01:33:17.631] 	count=30, n_max=1, w_max = 89, val=117.835, val0=117.976
[01/01/09 01:33:17.751] read(): n=0, m=0, label=0, msgSize=800
[01/01/09 01:33:17.751] read(): n=1, m=1, label=1, msgSize=800
[01/01/09 01:33:17.751] 	count=34, n_max=0, w_max = 63, val=117.195, val0=116.952
[01/01/09 01:33:17.873] read(): n=0, m=0, label=0, msgSize=800
[01/01/09 01:33:17.873] read(): n=1, m=1, label=1, msgSize=800
[01/01/09 01:33:17.873] 	count=26, n_max=7, w_max = 64, val=117.535, val0=117.412
[01/01/09 01:33:17.995] read(): n=0, m=0, label=0, msgSize=800
[01/01/09 01:33:17.995] read(): n=1, m=1, label=1, msgSize=800
[01/01/09 01:33:17.996] 	count=33, n_max=3, w_max = 73, val=117.485, val0=117.395
[01/01/09 01:33:18.116] read(): n=0, m=0, label=0, msgSize=800
[01/01/09 01:33:18.116] read(): n=1, m=1, label=1, msgSize=800
[01/01/09 01:33:18.116] 	count=33, n_max=1, w_max = 90, val=117.825, val0=118.079
[01/01/09 01:33:18.236] read(): n=0, m=0, label=0, msgSize=800
[01/01/09 01:33:18.236] read(): n=1, m=1, label=1, msgSize=800
[01/01/09 01:33:18.236] 	count=29, n_max=0, w_max = 86, val=117.734, val0=117.833
[01/01/09 01:33:18.357] read(): n=0, m=0, label=0, msgSize=800
[01/01/09 01:33:18.357] read(): n=1, m=1, label=1, msgSize=800
[01/01/09 01:33:18.357] 	count=30, n_max=14, w_max = 72, val=117.892, val0=118.273
[01/01/09 01:33:18.477] read(): n=0, m=0, label=0, msgSize=800
[01/01/09 01:33:18.477] read(): n=1, m=1, label=1, msgSize=800
[01/01/09 01:33:18.477] 	count=27, n_max=8, w_max = 60, val=117.501, val0=117.43
[01/01/09 01:33:18.598] read(): n=0, m=0, label=0, msgSize=800
[01/01/09 01:33:18.598] read(): n=1, m=1, label=1, msgSize=800
[01/01/09 01:33:18.598] 	count=28, n_max=8, w_max = 74, val=117.75, val0=117.856
[01/01/09 01:33:18.718] read(): n=0, m=0, label=0, msgSize=800
[01/01/09 01:33:18.718] read(): n=1, m=1, label=1, msgSize=800
[01/01/09 01:33:18.719] 	count=29, n_max=1, w_max = 84, val=117.894, val0=118.178
[01/01/09 01:33:18.839] read(): n=0, m=0, label=0, msgSize=800
[01/01/09 01:33:18.839] read(): n=1, m=1, label=1, msgSize=800
[01/01/09 01:33:18.839] 	count=31, n_max=0, w_max = 72, val=117.488, val0=117.358
[01/01/09 01:33:18.960] read(): n=0, m=0, label=0, msgSize=800
[01/01/09 01:33:18.960] read(): n=1, m=1, label=1, msgSize=800
[01/01/09 01:33:18.960] 	count=29, n_max=9, w_max = 74, val=117.804, val0=118.023
[01/01/09 01:33:19.079] read(): n=0, m=0, label=0, msgSize=800
[01/01/09 01:33:19.079] read(): n=1, m=1, label=1, msgSize=800
[01/01/09 01:33:19.080] 	count=31, n_max=8, w_max = 67, val=117.62, val0=117.613
[01/01/09 01:33:19.201] read(): n=0, m=0, label=0, msgSize=800
[01/01/09 01:33:19.201] read(): n=1, m=1, label=1, msgSize=800
[01/01/09 01:33:19.201] 	count=31, n_max=7, w_max = 83, val=117.958, val0=118.271
[01/01/09 01:33:19.322] read(): n=0, m=0, label=0, msgSize=800
[01/01/09 01:33:19.323] read(): n=1, m=1, label=1, msgSize=800
[01/01/09 01:33:19.323] 	count=31, n_max=12, w_max = 75, val=117.758, val0=118.012
[01/01/09 01:33:19.444] read(): n=0, m=0, label=0, msgSize=800
[01/01/09 01:33:19.444] read(): n=1, m=1, label=1, msgSize=800
[01/01/09 01:33:19.444] 	count=31, n_max=5, w_max = 83, val=117.692, val0=117.953
[01/01/09 01:33:19.565] read(): n=0, m=0, label=0, msgSize=800
[01/01/09 01:33:19.565] read(): n=1, m=1, label=1, msgSize=800
[01/01/09 01:33:19.565] 	count=31, n_max=7, w_max = 69, val=117.715, val0=118.013
[01/01/09 01:33:19.686] read(): n=0, m=0, label=0, msgSize=800
[01/01/09 01:33:19.686] read(): n=1, m=1, label=1, msgSize=800
[01/01/09 01:33:19.686] 	count=28, n_max=7, w_max = 66, val=117.775, val0=118.142
[01/01/09 01:33:19.807] read(): n=0, m=0, label=0, msgSize=800
[01/01/09 01:33:19.807] read(): n=1, m=1, label=1, msgSize=800
[01/01/09 01:33:19.807] 	count=34, n_max=0, w_max = 80, val=117.916, val0=118.248
[01/01/09 01:33:19.927] read(): n=0, m=0, label=0, msgSize=800
[01/01/09 01:33:19.927] read(): n=1, m=1, label=1, msgSize=800
[01/01/09 01:33:19.927] 	count=29, n_max=8, w_max = 66, val=117.651, val0=117.727
[01/01/09 01:33:20.048] read(): n=0, m=0, label=0, msgSize=800
[01/01/09 01:33:20.048] read(): n=1, m=1, label=1, msgSize=800
[01/01/09 01:33:20.048] 	count=30, n_max=8, w_max = 70, val=117.61, val0=117.664
[01/01/09 01:33:20.168] read(): n=0, m=0, label=0, msgSize=800
[01/01/09 01:33:20.168] read(): n=1, m=1, label=1, msgSize=800
[01/01/09 01:33:20.168] 	count=32, n_max=7, w_max = 83, val=117.721, val0=117.924
[01/01/09 01:33:20.288] read(): n=0, m=0, label=0, msgSize=800
[01/01/09 01:33:20.288] read(): n=1, m=1, label=1, msgSize=800
[01/01/09 01:33:20.288] 	count=31, n_max=1, w_max = 79, val=117.397, val0=117.453
[01/01/09 01:33:20.408] read(): n=0, m=0, label=0, msgSize=800
[01/01/09 01:33:20.408] read(): n=1, m=1, label=1, msgSize=800
[01/01/09 01:33:20.408] 	count=33, n_max=8, w_max = 67, val=117.403, val0=117.355
[01/01/09 01:33:20.528] read(): n=0, m=0, label=0, msgSize=800
[01/01/09 01:33:20.528] read(): n=1, m=1, label=1, msgSize=800
[01/01/09 01:33:20.528] 	count=22, n_max=7, w_max = 79, val=117.392, val0=117.275
[01/01/09 01:33:20.648] read(): n=0, m=0, label=0, msgSize=800
[01/01/09 01:33:20.648] read(): n=1, m=1, label=1, msgSize=800
[01/01/09 01:33:20.649] 	count=28, n_max=1, w_max = 82, val=117.716, val0=117.941
[01/01/09 01:33:20.745] resources: ut=0.15 st=0.06
[01/01/09 01:33:20.745] log finished
