[01/01/09 01:33:06.914] log started
[01/01/09 01:33:06.914] 	[  ]
[01/01/09 01:33:06.914] 	interface = plugins_threads
[01/01/09 01:33:06.914] 	log:path = 
[01/01/09 01:33:06.914] 	log:size = 
[01/01/09 01:33:06.914] 	log:type = 
[01/01/09 01:33:06.915] 	name = PluginsThreads
[01/01/09 01:33:06.915] 	sym = plugins_threads
[01/01/09 01:33:06.915] 	vendor = Spectechnika
[01/01/09 01:33:07.276] start in thread sym = bus_5556
[01/01/09 01:33:07.276] start in thread sym = bus_5515
[01/01/09 01:33:07.276] start in thread sym = bus_4001
[01/01/09 01:33:07.276] start in thread sym = bus_4002
[01/01/09 01:33:07.276] start in thread sym = bus_4003
[01/01/09 01:33:07.277] start in thread sym = bus_4004
[01/01/09 01:33:07.277] start in thread sym = bus_4005
[01/01/09 01:33:07.277] start in thread sym = bus_4006
[01/01/09 01:33:07.277] start in thread sym = bus_4013
[01/01/09 01:33:07.277] start in thread sym = bus_4007
[01/01/09 01:33:07.277] start in thread sym = bus_4008
[01/01/09 01:33:07.277] start in thread sym = bus_4009
[01/01/09 01:33:07.278] start in thread sym = bus_4011
[01/01/09 01:33:07.278] start in thread sym = bus_4012
[01/01/09 01:33:07.278] start in thread sym = bus_4014
[01/01/09 01:33:07.278] start in thread sym = bus_4015
[01/01/09 01:33:07.278] start in thread sym = bus_4010
[01/01/09 01:33:07.278] start in thread sym = bus_4016
[01/01/09 01:33:07.278] start in thread sym = bus_daq_1
[01/01/09 01:33:07.278] start in thread sym = bus_8888
[01/01/09 01:33:07.278] start in thread sym = bus_8887
[01/01/09 01:33:12.279] init(): query thread id's
[01/01/09 01:33:12.279] 	6405 => bus_5556
[01/01/09 01:33:12.279] 	6406 => bus_5515
[01/01/09 01:33:12.279] 	6407 => bus_4001
[01/01/09 01:33:12.279] 	6408 => bus_4002
[01/01/09 01:33:12.279] 	6409 => bus_4003
[01/01/09 01:33:12.279] 	6410 => bus_4004
[01/01/09 01:33:12.279] 	6411 => bus_4005
[01/01/09 01:33:12.279] 	6412 => bus_4006
[01/01/09 01:33:12.279] 	6413 => bus_4013
[01/01/09 01:33:12.279] 	6414 => bus_4007
[01/01/09 01:33:12.280] 	6415 => bus_4008
[01/01/09 01:33:12.280] 	6416 => bus_4009
[01/01/09 01:33:12.280] 	6417 => bus_4011
[01/01/09 01:33:12.280] 	6418 => bus_4012
[01/01/09 01:33:12.280] 	6419 => bus_4014
[01/01/09 01:33:12.280] 	6420 => bus_4015
[01/01/09 01:33:12.280] 	6421 => bus_4010
[01/01/09 01:33:12.280] 	6422 => bus_4016
[01/01/09 01:33:12.280] 	6423 => bus_daq_1
[01/01/09 01:33:12.280] 	6424 => bus_8888
[01/01/09 01:33:12.280] 	6425 => bus_8887
[01/01/09 01:33:12.280] init(): created threads 21 normal, 0 protected
[01/01/09 01:33:20.714] resources: ut=0.15 st=0.06
[01/01/09 01:33:20.714] log finished
